----------------------------------------------- 
  Element       SASA      Sigma Z        Total  
     Z         Ang**2 cal/Ang**2/mol   kcal/mol 
----------------------------------------------- 
      H        161.480      48.690       7.862
      C         30.730     129.740       3.987
      N          6.291       0.000       0.000

 Subtotal:     198.500                  11.849
 -----------------------------------------------

  Elements    COT*SASA   Sigma Z,Z'     Total   
    Z,Z'       Ang**2  cal/Ang**2/mol kcal/mol  
 ---------------------------------------------- 
  H   C        101.823     -60.770      -6.188
  C   C         19.836     -72.950      -1.447
  C   N          0.660       0.000       0.000
  N   C         45.042     -48.220      -2.172
  N  C(3)        0.000      84.100       0.000

 Subtotal:                              -9.807
 ---------------------------------------------- 

 NONAQUEOUS SOLVENT CONTRIBUTION (kcal/mol):
 (proportional to SASA, atomic number independent)
 ---------------------------------------------- 
 Subtotal:                               0.000
 ---------------------------------------------- 

 CDS TOTAL (kcal/mol):                   2.043
...............................................................................
