----------------------------------------------- 
  Element       SASA      Sigma Z        Total  
     Z         Ang**2 cal/Ang**2/mol   kcal/mol 
----------------------------------------------- 
      H        125.917      48.690       6.131
      C         19.139     129.740       2.483
      N         12.578       0.000       0.000

 Subtotal:     157.634                   8.614
 -----------------------------------------------

  Elements    COT*SASA   Sigma Z,Z'     Total   
    Z,Z'       Ang**2  cal/Ang**2/mol kcal/mol  
 ---------------------------------------------- 
  H   C         70.636     -60.770      -4.293
  C   C         16.111     -72.950      -1.175
  C   N          1.690       0.000       0.000
  N   C         39.739     -48.220      -1.916
  N  C(3)        0.000      84.100       0.000

 Subtotal:                              -7.384
 ---------------------------------------------- 

 NONAQUEOUS SOLVENT CONTRIBUTION (kcal/mol):
 (proportional to SASA, atomic number independent)
 ---------------------------------------------- 
 Subtotal:                               0.000
 ---------------------------------------------- 

 CDS TOTAL (kcal/mol):                   1.230
...............................................................................
