----------------------------------------------- 
  Element       SASA      Sigma Z        Total  
     Z         Ang**2 cal/Ang**2/mol   kcal/mol 
----------------------------------------------- 
      H         82.534      48.690       4.019
      C         16.995     129.740       2.205
      N          3.323       0.000       0.000
      O         50.104       0.000       0.000

 Subtotal:     152.955                   6.223
 -----------------------------------------------

  Elements    COT*SASA   Sigma Z,Z'     Total   
    Z,Z'       Ang**2  cal/Ang**2/mol kcal/mol  
 ---------------------------------------------- 
  H   C         55.486     -60.770      -3.372
  H   O          0.000       0.000       0.000
  C   C         12.807     -72.950      -0.934
  O   C          0.000      68.690       0.000
  O   O          0.000       0.000       0.000
  C   N          1.607       0.000       0.000
  N   C         10.309     -48.220      -0.497
  N  C(3)        0.000      84.100       0.000
  O   N         29.718     121.980       3.625

 Subtotal:                              -1.178
 ---------------------------------------------- 

 NONAQUEOUS SOLVENT CONTRIBUTION (kcal/mol):
 (proportional to SASA, atomic number independent)
 ---------------------------------------------- 
 Subtotal:                               0.000
 ---------------------------------------------- 

 CDS TOTAL (kcal/mol):                   5.045
...............................................................................
