----------------------------------------------- 
  Element       SASA      Sigma Z        Total  
     Z         Ang**2 cal/Ang**2/mol   kcal/mol 
----------------------------------------------- 
      H        129.374      48.690       6.299
      C         21.025     129.740       2.728
      N          9.225       0.000       0.000

 Subtotal:     159.624                   9.027
 -----------------------------------------------

  Elements    COT*SASA   Sigma Z,Z'     Total   
    Z,Z'       Ang**2  cal/Ang**2/mol kcal/mol  
 ---------------------------------------------- 
  H   C         69.000     -60.770      -4.193
  C   C         17.629     -72.950      -1.286
  C   N          1.776       0.000       0.000
  N   C         29.716     -48.220      -1.433
  N  C(3)        0.000      84.100       0.000

 Subtotal:                              -6.912
 ---------------------------------------------- 

 NONAQUEOUS SOLVENT CONTRIBUTION (kcal/mol):
 (proportional to SASA, atomic number independent)
 ---------------------------------------------- 
 Subtotal:                               0.000
 ---------------------------------------------- 

 CDS TOTAL (kcal/mol):                   2.115
...............................................................................
