16
 energy: -213.729518662965 gnorm: 0.024280289664 xtb: 6.7.1 (edcfbbe)
C            2.55179553673077       -0.32304472564315       -0.00017457070008
C            1.28280614226845        0.52167825513117        0.00010255840005
C            0.02472033341095       -0.34246886295176        0.00028175180012
C           -1.25561104755639        0.50375452292323       -0.00009211900004
N           -2.49446482310536       -0.26007649501525       -0.00009905440004
H            2.58617549964600       -0.95887402502490       -0.88207977639087
H            3.43329915732139        0.31306249423873       -0.00044534060020
H            2.58664344874621       -0.95878203062486        0.88177756289074
H            1.27465754846483        1.16656265801693        0.88154434969064
H            1.27433846096469        1.16663648441697       -0.88128326739052
H            0.02839929371258       -0.98790615453777       -0.88287352989122
H            0.02826182681252       -0.98737456593753        0.88382480589165
H           -1.26616759886107        1.14770220690858       -0.88409030989176
H           -1.26642690856119        1.14812690170877        0.88359371589154
H           -2.52083653871705       -0.86214297058204       -0.81667672606189
H           -2.52103092481714       -0.86185566658191        0.81668340086189
16
 energy: -213.730277032205 gnorm: 0.008649934448 xtb: 6.7.1 (edcfbbe)
C            2.56044269856287       -0.32019498005014       -0.00016143329690
C            1.28545884236663        0.51971272782332        0.00008845905373
C            0.01823428381899       -0.33345916069368        0.00026004024417
C           -1.26528597881917        0.49955661830075       -0.00008480194605
N           -2.51748524066053       -0.26248206494275       -0.00008577451510
H            2.59849292942732       -0.96308465250566       -0.88428910463469
H            3.45441880268421        0.30896590871899       -0.00041242571823
H            2.59892681605419       -0.96300353360497        0.88400580022398
H            1.27728748844673        1.17356075578298        0.88005943882967
H            1.27699134618096        1.17361141707024       -0.87984275111955
H            0.01793125385859       -0.98622107676150       -0.88234097210683
H            0.01780931047200       -0.98571966924255        0.88323116913910
H           -1.26068322277536        1.15453445893187       -0.87914609352444
H           -1.26092022154202        1.15495004461183        0.87866867742345
H           -2.52743545158971       -0.87300908480218       -0.81101084284488
H           -2.52762446752930       -0.87271963450581        0.81105423930190
16
 energy: -213.730412739395 gnorm: 0.003363557834 xtb: 6.7.1 (edcfbbe)
C            2.55699048949696       -0.32034677181602       -0.00014445630944
C            1.28124916067225        0.51944143430145        0.00006937312664
C            0.01395487010226       -0.33532766992469        0.00023342874202
C           -1.26317219211513        0.50381667938023       -0.00008076026270
N           -2.52118372454990       -0.26046617140329       -0.00006544268400
H            2.60107455795248       -0.96639735801693       -0.88506639802396
H            3.45443596696360        0.30824598157090       -0.00036572387309
H            2.60145398801022       -0.96632132575310        0.88481288779165
H            1.27404153611139        1.17800369634967        0.87925582667761
H            1.27377850051075        1.17802475336041       -0.87909957617150
H            0.01288078090111       -0.99200959719574       -0.88206593005294
H            0.01277670279903       -0.99154773071315        0.88287630394239
H           -1.25874731035422        1.16313370016673       -0.87758764982509
H           -1.25895216502681        1.16353078039130        0.87712924702612
H           -2.51692565766984       -0.87853624253245       -0.80691786803963
H           -2.51709630095141       -0.87824602447607        0.80701017860732
16
 energy: -213.730435548952 gnorm: 0.001561765648 xtb: 6.7.1 (edcfbbe)
C            2.55606352166378       -0.32117566553756       -0.00012957173911
C            1.28096005243623        0.51811871633216        0.00005217560626
C            0.01221824308129       -0.33410530857369        0.00020851841202
C           -1.26246863093514        0.50620027163155       -0.00007766474187
N           -2.52236097711727       -0.25913802163453       -0.00004669683364
H            2.60077251813223       -0.96708718139002       -0.88498404702332
H            3.45293696905458        0.30800846494057       -0.00032526708771
H            2.60110315568292       -0.96701264326959        0.88476152889232
H            1.27348444310511        1.17687429226495        0.87909222577853
H            1.27325014730991        1.17687214589199       -0.87898795850452
H            0.01065385338198       -0.99111483816564       -0.88185139523781
H            0.01056468402224       -0.99068547644790        0.88258792784423
H           -1.26032144375698        1.16496214051766       -0.87791428301076
H           -1.26049563224991        1.16534109404256        0.87747515174848
H           -2.50982649372208       -0.88067440699429       -0.80498800322058
H           -2.50997520857195       -0.88038539889574        0.80512068651299
16
 energy: -213.730440741003 gnorm: 0.000695054473 xtb: 6.7.1 (edcfbbe)
C            2.55421057232641       -0.32260552295661       -0.00010552061913
C            1.28105632962319        0.51811617804756        0.00002380328100
C            0.01135276972578       -0.33228057604537        0.00016811721866
C           -1.26145320842662        0.50874165934215       -0.00007219047529
N           -2.52138717521871       -0.25957961741846       -0.00001568649469
H            2.59800067950350       -0.96766000372357       -0.88467436778676
H            3.45006307465339        0.30675155151338       -0.00026243241116
H            2.59825435810263       -0.96758392187038        0.88450588669158
H            1.27393636546679        1.17580506986881        0.87918054019028
H            1.27374718393639        1.17576799150690       -0.87915991046508
H            0.00873808996224       -0.98850964241508       -0.88187757264504
H            0.00867203561292       -0.98813141999322        0.88249442270433
H           -1.26182611816295        1.16582070995762       -0.87860585794425
H           -1.26195098549429        1.16616962885672        0.87820042129474
H           -2.50237191569096       -0.88305457863279       -0.80364841811423
H           -2.50248284155237       -0.88276928461475        0.80384194554042
16
 energy: -213.730441907049 gnorm: 0.000140120284 xtb: 6.7.1 (edcfbbe)
C            2.55442648152493       -0.32262842994234       -0.00009979195460
C            1.28132058643993        0.51876589812503        0.00001666082822
C            0.01169317621800       -0.33185881939201        0.00015837666275
C           -1.26209455336704        0.50834639850852       -0.00007050126884
N           -2.52120648395277       -0.26058521828894       -0.00000770398048
H            2.59756515749522       -0.96786965838967       -0.88470326386023
H            3.45110353881323        0.30576663878767       -0.00024812184650
H            2.59779989860998       -0.96779051018481        0.88454958067461
H            1.27449043758779        1.17649213967388        0.87919988429112
H            1.27431219317552        1.17644650615903       -0.87919989480627
H            0.00929777291981       -0.98807778675304       -0.88194533548749
H            0.00923794309164       -0.98771279354503        0.88253311804100
H           -1.26217031165462        1.16570846665070       -0.87843935646893
H           -1.26228239491147        1.16604946133443        0.87804321993088
H           -2.50341671751547       -0.88316857575843       -0.80410618879997
H           -2.50351751780464       -0.88288550621501        0.80431250831698
16
 energy: -213.730441907049 gnorm: 0.000140120284 xtb: 6.7.1 (edcfbbe)
C            2.55442648152493       -0.32262842994234       -0.00009979195460
C            1.28132058643993        0.51876589812503        0.00001666082822
C            0.01169317621800       -0.33185881939201        0.00015837666275
C           -1.26209455336704        0.50834639850852       -0.00007050126884
N           -2.52120648395277       -0.26058521828894       -0.00000770398048
H            2.59756515749522       -0.96786965838967       -0.88470326386023
H            3.45110353881323        0.30576663878767       -0.00024812184650
H            2.59779989860998       -0.96779051018481        0.88454958067461
H            1.27449043758779        1.17649213967388        0.87919988429112
H            1.27431219317552        1.17644650615903       -0.87919989480627
H            0.00929777291981       -0.98807778675304       -0.88194533548749
H            0.00923794309164       -0.98771279354503        0.88253311804100
H           -1.26217031165462        1.16570846665070       -0.87843935646893
H           -1.26228239491147        1.16604946133443        0.87804321993088
H           -2.50341671751547       -0.88316857575843       -0.80410618879997
H           -2.50351751780464       -0.88288550621501        0.80431250831698
