
         ______________________________________________________________
        |                                                              |
        |                                                              |
        |                   CENSO - Commandline ENSO                   |
        |                           v 2.1.2                            |
        |    energetic sorting of CREST Conformer Rotamer Ensembles    |
        |                    University of Bonn, MCTC                  |
        |                           Oct 2024                           |
        |                 based on ENSO version 2.0.1                  |
        |             L. M. Seidler, F. Bohle and S. Grimme            |
        |                                                              |
        |______________________________________________________________|

        Please cite:
        (TBA)
        S. Grimme, F. Bohle, A. Hansen, P. Pracht, S. Spicher, and M. Stahn
        J. Phys. Chem. A 2021, 125, 19, 4039-4054.
        DOI: https://doi.org/10.1021/acs.jpca.1c00971

        This program is distributed in the hope that it will be useful,
        but WITHOUT ANY WARRANTY; without even the implied warranty of
        MERCHANTABILITY or FITNESS FOR A PARTICULAR PURPOSE.

Reading configuration file from /home/z5358697/.censo2rc.
CALL: /srv/scratch/z5358697/.censo/bin/censo -i crest_conformers.xyz --maxcores 7 -O 1
Read 7 conformers.
Number of atoms:              14
Charge:                       0
Unpaired electrons:           0


----------------------------------------------------------------------------------------------------
                                          GENERAL SETTINGS                                          
----------------------------------------------------------------------------------------------------
    
imagthr:                      -100.0
sthr:                         0.0
scale:                        1.0
temperature:                  298.15
solvent:                      h2o
sm_rrho:                      alpb
multitemp:                    False
evaluate_rrho:                False
consider_sym:                 False
bhess:                        False
rmsdbias:                     False
balance:                      False
gas-phase:                    False
copy_mo:                      True
retry_failed:                 True
trange:                       [273.15, 373.15, 5]



----------------------------------------------------------------------------------------------------
                                            PRESCREENING                                            
----------------------------------------------------------------------------------------------------
    
threshold:                    4.0
func:                         pbe-d4
basis:                        def2-sv(p)
prog:                         orca
gfnv:                         gfn2
run:                          True
template:                     False


Running xtb_gsolv calculation for CONF5.
Running xtb_gsolv calculation for CONF1.
Running xtb_gsolv calculation for CONF7.
Running xtb_gsolv calculation for CONF6.
Running xtb_gsolv calculation for CONF2.
Running xtb_gsolv calculation for CONF4.
Running xtb_gsolv calculation for CONF3.
Running sp calculation for CONF1.
Running sp calculation for CONF2.
Running sp calculation for CONF3.
Running sp calculation for CONF4.
Running sp calculation for CONF5.
Running sp calculation for CONF6.
Running sp calculation for CONF7.



-------------------------------- PRESCREENING SINGLE-POINT RESULTS ---------------------------------

CONF#        E (xTB)          ΔE (xTB)          E (DFT)          ΔE (DFT)        ΔGsolv (xTB)          Gtot             ΔGtot          Boltzmann weight   
               [Eh]          [kcal/mol]          [Eh]           [kcal/mol]        [kcal/mol]           [Eh]           [kcal/mol]        % at 298.15 K     
CONF1       -16.968526          0.00          -455.119141          0.12           -1.066546         -455.120840          0.18               24.08         
CONF2       -16.968318          0.13          -455.119325          0.00           -1.126264         -455.121120          0.00               32.38         
CONF3       -16.967778          0.47          -455.118797          0.33           -1.039871         -455.120454          0.42               16.00         
CONF4       -16.967759          0.48          -455.118832          0.31           -1.048537         -455.120503          0.39               16.85         
CONF5       -16.967571          0.60          -455.118229          0.69           -1.140952         -455.120047          0.67               10.40         
CONF6       -16.965284          2.03          -455.114660          2.93           -0.934768         -455.116149          3.12                0.17         
CONF7       -16.964913          2.27          -455.114353          3.12           -0.930458         -455.115836          3.32                0.12         

Boltzmann averaged free energy/enthalpy of ensemble on input geometries (not DFT optimized):
temperature /K:   avE(T) /a.u.   avG(T) /a.u.
    298.15        -455.1189852    -455.1207157     <<==part0==
----------------------------------------------------------------------------------------------------

Number of conformers:         7
Highest ranked conformer:     CONF2


Ran prescreening in 14.88 seconds!

----------------------------------------------------------------------------------------------------
                                             SCREENING                                              
----------------------------------------------------------------------------------------------------
    
threshold:                    3.5
func:                         r2scan-3c
basis:                        def2-tzvp
prog:                         orca
sm:                           smd
gfnv:                         gfn2
run:                          True
implicit:                     False
template:                     False


Running gsolv calculation for CONF7.
Running gsolv calculation for CONF1.
Running gsolv calculation for CONF4.
Running gsolv calculation for CONF3.
Running gsolv calculation for CONF5.
Running gsolv calculation for CONF6.
Running gsolv calculation for CONF2.

----------------------------- SCREENING SINGLE-POINT (+ mRRHO) RESULTS -----------------------------

CONF#        G (xTB)          ΔG (xTB)          E (DFT)          ΔGsolv         GmRRHO          Gtot             ΔGtot          Boltzmann weight   
               [Eh]          [kcal/mol]          [Eh]             [Eh]           [Eh]           [Eh]           [kcal/mol]        % at 298.15 K     
CONF1       -16.970226          ---           -455.529538       -0.001979        ---         -455.531517          0.15               23.29         
CONF2       -16.970113          ---           -455.529557       -0.002198        ---         -455.531755          0.00               29.97         
CONF3       -16.969435          ---           -455.529357       -0.001947        ---         -455.531304          0.28               18.59         
CONF4       -16.969430          ---           -455.529299       -0.001957        ---         -455.531256          0.31               17.66         
CONF5       -16.969389          ---           -455.528441       -0.002282        ---         -455.530724          0.65               10.05         
CONF6       -16.966774          ---           -455.525040       -0.002158        ---         -455.527198          2.86                0.24         
CONF7       -16.966396          ---           -455.525150       -0.001856        ---         -455.527006          2.98                0.20         

Boltzmann averaged free energy/enthalpy of ensemble on input geometries (not DFT optimized):
temperature /K:   avE(T) /a.u.   avG(T) /a.u.
    298.15        -455.5293383    -455.5314038     <<==part1==
----------------------------------------------------------------------------------------------------


----------------------------------- SCREENING RANKING COMPARISON -----------------------------------

CONF#       ΔGtot prescreening       ΔGtot screening   
                [kcal/mol]             [kcal/mol]      
CONF1              0.18                   0.15         
CONF2              0.00                   0.00         
CONF3              0.42                   0.28         
CONF4              0.39                   0.31         
CONF5              0.67                   0.65         
CONF6              3.12                   2.86         
CONF7              3.32                   2.98         
----------------------------------------------------------------------------------------------------



Number of conformers:         7
Highest ranked conformer:     CONF2


Ran screening in 33.87 seconds!

----------------------------------------------------------------------------------------------------
                                            OPTIMIZATION                                            
----------------------------------------------------------------------------------------------------
    
optcycles:                    8
maxcyc:                       200
threshold:                    1.5
hlow:                         0.01
gradthr:                      0.01
func:                         r2scan-3c
basis:                        def2-tzvp
prog:                         orca
sm:                           smd
gfnv:                         gfn2
optlevel:                     normal
run:                          True
macrocycles:                  True
crestcheck:                   True
template:                     False
constrain:                    False
xtb_opt:                      True


Optimization using macrocycles, 8 microcycles per step.
Running xtb_opt calculation for CONF2.
Running xtb_opt calculation for CONF4.
Running xtb_opt calculation for CONF3.
Running xtb_opt calculation for CONF1.
Running xtb_opt calculation for CONF6.
Running xtb_opt calculation for CONF5.
Running xtb_opt calculation for CONF7.
Running xtb_rrho calculation for CONF2.
Running xtb_rrho calculation for CONF1.
Running xtb_rrho calculation for CONF4.
Running xtb_rrho calculation for CONF3.
Running xtb_rrho calculation for CONF6.
Running xtb_rrho calculation for CONF7.
Running xtb_rrho calculation for CONF5.
CONF2 converged after 4 steps.
CONF1 converged after 4 steps.
CONF5 converged after 7 steps.
CONF6 converged after 6 steps.
CONF7 converged after 4 steps.

----------------------------------- OPTIMIZATION CYCLE 8 UPDATE ------------------------------------

CONF#          Gtot             ΔGtot          grad_norm       converged   
               [Eh]           [kcal/mol]        [Eh/a0]                    
CONF1       -455.444128          0.09          0.001007          True      
CONF2       -455.444276          0.00          0.000186          True      
CONF3       -455.444063          0.13          0.001118          False     
CONF4       -455.444145          0.08          0.002114          False     
CONF5       -455.443242          0.65          0.000759          True      
CONF6       -455.439533          2.98          0.000818          True      
CONF7       -455.440634          2.29          0.000914          True      
----------------------------------------------------------------------------------------------------
Running xtb_opt calculation for CONF3.
Running xtb_opt calculation for CONF4.
CONF3 converged after 17 steps.
CONF4 converged after 19 steps.
No longer considering CONF6 (gradient too small and ΔG = 2.98).
No longer considering CONF7 (gradient too small and ΔG = 2.29).

----------------------------------- OPTIMIZATION CYCLE 16 UPDATE -----------------------------------

CONF#          Gtot             ΔGtot          grad_norm       converged   
               [Eh]           [kcal/mol]        [Eh/a0]                    
CONF1       -455.444128          0.09          0.001007          True      
CONF2       -455.444276          0.00          0.000186          True      
CONF3       -455.444063          0.13          0.000640          True      
CONF4       -455.444158          0.07          0.000366          True      
CONF5       -455.443242          0.65          0.000759          True      
----------------------------------------------------------------------------------------------------
Running xtb_rrho calculation for CONF2.
Running xtb_rrho calculation for CONF1.
Running xtb_rrho calculation for CONF4.
Running xtb_rrho calculation for CONF3.
Running xtb_rrho calculation for CONF5.

--------------------------------------- OPTIMIZATION RESULTS ---------------------------------------

CONF#       E (DFT) (+ ΔGsolv)       ΔE (DFT) (+ δΔGsolv)       GmRRHO          Gtot             ΔGtot          Boltzmann weight   
                   [Eh]                   [kcal/mol]             [Eh]           [Eh]           [kcal/mol]        % at 298.15 K     
CONF1          -455.532281                   0.01                ---         -455.444128          0.09               21.66         
CONF2          -455.532265                   0.02                ---         -455.444276          0.00               25.34         
CONF3          -455.532261                   0.02                ---         -455.444145          0.08               22.07         
CONF4          -455.532292                   0.00                ---         -455.444161          0.07               22.45         
CONF5          -455.531322                   0.61                ---         -455.443242          0.65                8.48         

Boltzmann averaged free energy/enthalpy of ensemble on optimized geometries:
temperature /K:   avE(T) /a.u.   avG(T) /a.u.
    298.15        -455.5321935    -455.4441016     <<==part2==
----------------------------------------------------------------------------------------------------


--------------------------------------- OPTIMIZATION RESULTS ---------------------------------------

CONF#       E (DFT) (+ ΔGsolv)       ΔE (DFT) (+ δΔGsolv)       GmRRHO          Gtot             ΔGtot          Boltzmann weight   
                   [Eh]                   [kcal/mol]             [Eh]           [Eh]           [kcal/mol]        % at 298.15 K     
CONF1          -455.532281                   0.01                ---         -455.444128          0.09               21.66         
CONF2          -455.532265                   0.02                ---         -455.444276          0.00               25.34         
CONF3          -455.532261                   0.02                ---         -455.444145          0.08               22.07         
CONF4          -455.532292                   0.00                ---         -455.444161          0.07               22.45         
CONF5          -455.531322                   0.61                ---         -455.443242          0.65                8.48         

Boltzmann averaged free energy/enthalpy of ensemble on optimized geometries:
temperature /K:   avE(T) /a.u.   avG(T) /a.u.
    298.15        -455.5321935    -455.4441016     <<==part2==
----------------------------------------------------------------------------------------------------


--------------------------------- OPTIMIZATION RANKING COMPARISON ----------------------------------

CONF#       ΔGtot prescreening       ΔGtot screening       ΔGtot optimization   
                [kcal/mol]             [kcal/mol]              [kcal/mol]       
CONF1              0.18                   0.15                    0.09          
CONF2              0.00                   0.00                    0.00          
CONF3              0.42                   0.28                    0.08          
CONF4              0.39                   0.31                    0.07          
CONF5              0.67                   0.65                    0.65          
----------------------------------------------------------------------------------------------------



Number of conformers:         5
Highest ranked conformer:     CONF2


Ran optimization in 277.99 seconds!

Ran CENSO in 00:05:26

CENSO all done!
