----------------------------------------------- 
  Element       SASA      Sigma Z        Total  
     Z         Ang**2 cal/Ang**2/mol   kcal/mol 
----------------------------------------------- 
      H        144.318      48.690       7.027
      C         34.309     129.740       4.451
      O         31.410       0.000       0.000

 Subtotal:     210.037                  11.478
 -----------------------------------------------

  Elements    COT*SASA   Sigma Z,Z'     Total   
    Z,Z'       Ang**2  cal/Ang**2/mol kcal/mol  
 ---------------------------------------------- 
  H   C         97.022     -60.770      -5.896
  H   O          0.000       0.000       0.000
  C   C         26.046     -72.950      -1.900
  O   C         16.585      68.690       1.139
  O   O          0.000       0.000       0.000

 Subtotal:                              -6.657
 ---------------------------------------------- 

 NONAQUEOUS SOLVENT CONTRIBUTION (kcal/mol):
 (proportional to SASA, atomic number independent)
 ---------------------------------------------- 
 Subtotal:                               0.000
 ---------------------------------------------- 

 CDS TOTAL (kcal/mol):                   4.821
...............................................................................
