22
 energy: -23.417836157098 gnorm: 0.028672679209 xtb: 6.7.1 (edcfbbe)
C            2.41474428257861        0.67442258693919        0.56760913307567
C            1.14050405599823       -0.10467828374826        0.24319756399200
C            1.25943481377329       -0.73222767578960       -1.15156409402847
N           -0.00090052825232        0.81009700238929        0.44032661666135
C           -1.37924544587481        0.28665004280368        0.28413167888359
C           -1.56762515911855       -1.04304394218001        1.00398977907810
C           -1.89086320048766        0.20936605892535       -1.16136774560557
H            2.40843610570174        1.03727988155937        1.59904505081515
H            3.29874424322725        0.04574554138234        0.42945552348082
H            2.51222861370047        1.54024801899190       -0.09873630208053
H            1.04393327750299       -0.91425447474808        0.97711793153749
H            1.24918520119318        0.04719774879650       -1.92399168694118
H            0.44607492983314       -1.43138560637680       -1.35854579927904
H            2.20128410964700       -1.28563364675096       -1.24162208222839
H            0.11231652728401        1.56799933849495       -0.22861814609762
H           -2.02295672757586        1.01872890366423        0.79391559849914
H           -1.01237449737155       -1.85061040259459        0.51651959709536
H           -1.24741265769256       -0.98407123819756        2.04935572395573
H           -2.62684238939905       -1.31634250156545        0.99084717846992
H           -1.66393814654098        1.13524128721372       -1.70229058553920
H           -2.97948540613181        0.08109360772515       -1.16407590436196
H           -1.45555539709177       -0.62713589863085       -1.71501754487537
22
 energy: -23.419200208136 gnorm: 0.012530329030 xtb: 6.7.1 (edcfbbe)
C            2.40636462533285        0.67768784406272        0.56528289232923
C            1.14068634504437       -0.11386149010730        0.23852452986111
C            1.26951905095104       -0.73077109265390       -1.15862215462601
N            0.00012586314876        0.78838654337985        0.41921902496938
C           -1.37477507953052        0.28217279921255        0.28528994816414
C           -1.57247694337783       -1.04821388481101        1.00129442424533
C           -1.89301049283512        0.20903943928141       -1.15753629056915
H            2.37610336257594        1.04396161259131        1.58900893499176
H            3.28624294360426        0.04748242721986        0.44635371123008
H            2.50578705354337        1.53433789622760       -0.10236581221129
H            1.03794932795626       -0.91741461842998        0.97600343930317
H            1.25626105371834        0.04542914201559       -1.92545882036678
H            0.46389942191821       -1.43282495044352       -1.36067225614434
H            2.21031058295786       -1.27446491579714       -1.23720918353942
H            0.11179079472627        1.56737369886772       -0.22554756319399
H           -1.98875046700929        1.03355824803565        0.80533549431582
H           -1.02764178710851       -1.85290663612475        0.50963231535442
H           -1.23569354120427       -0.97757587228255        2.03418047571864
H           -2.63064355899482       -1.30683842722782        1.00025250692024
H           -1.66220364098828        1.12993488135449       -1.69406211974849
H           -2.97570466099425        0.08581308014718       -1.15140599122907
H           -1.46445364853164       -0.62561937621445       -1.70781602126779
22
 energy: -23.419587738945 gnorm: 0.004466558073 xtb: 6.7.1 (edcfbbe)
C            2.39958501310712        0.67908413337732        0.56866826407802
C            1.14044685546559       -0.11951551590920        0.22851364565320
C            1.28477161759157       -0.73680962242530       -1.16872576025069
N            0.00232179130150        0.77208613889940        0.40439030778544
C           -1.37020235675083        0.28252103231337        0.28475125204423
C           -1.57467029406816       -1.04705264573021        1.00285303445218
C           -1.90240955822226        0.21008157126123       -1.15452851310763
H            2.34289880072574        1.05582749737128        1.58537746895626
H            3.27977197834028        0.04900922663330        0.47372555992635
H            2.50242317888850        1.52429878750782       -0.10713274634431
H            1.03505973416529       -0.92262126267903        0.96443434185014
H            1.26738946603356        0.04178203230786       -1.92764067004527
H            0.48507946721341       -1.44212393199648       -1.37274887827797
H            2.22841055658059       -1.27034254948933       -1.24132529145599
H            0.11245293825740        1.57170129397026       -0.21441651546965
H           -1.96810173095973        1.04320841813749        0.81114623277017
H           -1.04318773948452       -1.85102558923248        0.50170737824769
H           -1.22278335222730       -0.97485078515510        2.02759948001901
H           -2.63326731765040       -1.29173620378151        1.01283216625454
H           -1.67011111028859        1.12817907224066       -1.68955293156654
H           -2.98197991425845        0.08766059702916       -1.14056403804840
H           -1.47421141885732       -0.62467534634697       -1.69968230296378
22
 energy: -23.419705555164 gnorm: 0.003022999202 xtb: 6.7.1 (edcfbbe)
C            2.39587142244913        0.67778842896440        0.57210503807245
C            1.13995134819452       -0.12405397205249        0.22269552182688
C            1.29551325063674       -0.73831138906768       -1.17705512102382
N            0.00397909469046        0.76469563954693        0.39644185318181
C           -1.36906545225174        0.28530071926065        0.28507608300840
C           -1.57647691000349       -1.04362738530229        1.00593240985929
C           -1.90892873528309        0.20987320161733       -1.15273295444283
H            2.31975201309342        1.06627126182346        1.58344161390987
H            3.27796616044561        0.04727932884220        0.49981925852893
H            2.50772664332514        1.51470843076749       -0.11267184217694
H            1.03357949606670       -0.93069119181750        0.95504737874519
H            1.27719159054132        0.04189365832692       -1.93423227789158
H            0.50051230879029       -1.44792327806998       -1.38600607920104
H            2.24283829591689       -1.26571532571167       -1.24498155506392
H            0.11504843617745        1.57510268652514       -0.20652790697180
H           -1.96279806223071        1.04864760694063        0.81204223240057
H           -1.05638656340739       -1.85029807761179        0.49688028088037
H           -1.21234690787550       -0.97476160068420        2.02656455842600
H           -2.63670675953390       -1.27944012208347        1.02677092188154
H           -1.67957597459180        1.12764887466068       -1.68945589189791
H           -2.98799863536293        0.08599529311453       -1.13287639048621
H           -1.47995945488414       -0.62569643968575       -1.69659564705824
22
 energy: -23.419784028969 gnorm: 0.002974821467 xtb: 6.7.1 (edcfbbe)
C            2.39298878347440        0.67407732907781        0.57762846419708
C            1.13948155287974       -0.12744160075914        0.21616206043773
C            1.30601929016789       -0.73662516194361       -1.18657236438621
N            0.00507717149067        0.76019669054273        0.38985012293448
C           -1.36886190600486        0.28811026672584        0.28505748564904
C           -1.57886658243783       -1.03864344926317        1.01069451033917
C           -1.91536643694879        0.20787074752928       -1.15122104029544
H            2.29606867871175        1.07964161862901        1.58124184709014
H            3.27568895341415        0.04064314164824        0.53475014137790
H            2.52179512930829        1.49983326586404       -0.11940033200928
H            1.03132656760452       -0.94041328168977        0.94191617773226
H            1.28787103618877        0.04589337351427       -1.94243379159963
H            0.51628935936261       -1.45093180438676       -1.40352284629614
H            2.25773848654106       -1.25793015338930       -1.25022765767216
H            0.11842880244941        1.57851580808753       -0.19920385666142
H           -1.96082968616431        1.05364944453016        0.81004404104542
H           -1.07372584306200       -1.85065226794640        0.49329021490073
H           -1.19925897996555       -0.97453481365578        2.02670825475249
H           -2.64135663366699       -1.26470355235166        1.04721172490438
H           -1.69239962166057        1.12609250239565       -1.69113767562032
H           -2.99433178792328        0.07951887015488       -1.12603148065932
H           -1.48408972885612       -0.62748062501028       -1.69512251565387
22
 energy: -23.419822582615 gnorm: 0.002879001115 xtb: 6.7.1 (edcfbbe)
C            2.39196357156364        0.66966262620694        0.58200169417827
C            1.13902878167220       -0.12870590773485        0.21253889215322
C            1.31083948628117       -0.73186442501227       -1.19246811330588
N            0.00501102415570        0.75957128654177        0.38754613623510
C           -1.36953003253068        0.28926807295144        0.28432947902165
C           -1.58020279799401       -1.03477062679914        1.01444526117406
C           -1.91793348325480        0.20446739608818       -1.15106649577693
H            2.28349900533440        1.08778667076518        1.57922731307508
H            3.27228333223033        0.03176734020814        0.55936458160250
H            2.53626507512287        1.48694552982314       -0.12301814340210
H            1.02837042485152       -0.94647034364348        0.93284020759158
H            1.29339758192410        0.05289376677449       -1.94682719222458
H            0.52393931570752       -1.44799343093002       -1.41522611669419
H            2.26463358500566       -1.25037008529512       -1.25488868942003
H            0.12038501472313        1.58005633337101       -0.19642542524248
H           -1.96137655607314        1.05657065673567        0.80658997868798
H           -1.08570480177977       -1.85139504747307        0.49319857924679
H           -1.19008085546629       -0.97267181613246        2.02698481398873
H           -2.64383867832311       -1.25468056715226        1.06284951208217
H           -1.70107675975696        1.12344441189904       -1.69309761427854
H           -2.99665962275781        0.07070045345676       -1.12381966036926
H           -1.48352600573267       -0.62952594634553       -1.69539751381607
22
 energy: -23.419861548347 gnorm: 0.002501356171 xtb: 6.7.1 (edcfbbe)
C            2.39175981970708        0.66316494758908        0.58739145173192
C            1.13840399546805       -0.12927592049555        0.20912989672747
C            1.31338775524999       -0.72356357080953       -1.19854158082739
N            0.00442497657635        0.76067069843830        0.38675080171278
C           -1.37062708725286        0.28965660576819        0.28289735494122
C           -1.58129977968096       -1.03043361011258        1.01905829554797
C           -1.91845378373180        0.19888139183934       -1.15177852204223
H            2.27232716609131        1.09560151317300        1.57682970487471
H            3.26660943714828        0.01779490307225        0.58680238533746
H            2.55536489233781        1.47011008400733       -0.12580061326434
H            1.02356285113888       -0.95184549509861        0.92326196418981
H            1.29661289271973        0.06497849177071       -1.94949232301322
H            0.52861561199597       -1.44009991241354       -1.42752992787022
H            2.26849110642589       -1.24001666800439       -1.26181432030993
H            0.12167037358604        1.58094253797123       -0.19632476749752
H           -1.96278213576890        1.05948680357966        0.80112489006187
H           -1.09823796005077       -1.85234797553658        0.49528322901866
H           -1.17972901100810       -0.96836038513474        2.02723077699776
H           -2.64563339567255       -1.24400268583217        1.08089267507562
H           -1.70956667590390        1.11897039366603       -1.69560174607965
H           -2.99647096084364        0.05680337011564       -1.12378571805910
H           -1.47874348362893       -0.63242916924952       -1.69630242274659
22
 energy: -23.419886491778 gnorm: 0.001810431751 xtb: 6.7.1 (edcfbbe)
C            2.39205460947359        0.65697158269034        0.59210009683136
C            1.13753641122338       -0.12957486571334        0.20677288270204
C            1.31351511309806       -0.71522903758552       -1.20336022959712
N            0.00391389616059        0.76231841007399        0.38671091505759
C           -1.37138966505573        0.28963604979358        0.28147866627304
C           -1.58175148337387       -1.02698017349573        1.02321964995489
C           -1.91711080163387        0.19330534023913       -1.15292206728459
H            2.26477046284136        1.09957715854909        1.57559779410296
H            3.26086646279358        0.00434726131313        0.60776697061143
H            2.57091251886344        1.45561469183421       -0.12610975175623
H            1.01828717574930       -0.95505419788367        0.91644746773485
H            1.29652568074970        0.07773684009809       -1.94954988377031
H            0.52971456974818       -1.43098422439368       -1.43698685601957
H            2.26904916106363       -1.23038870458217       -1.26930960835852
H            0.12154939789816        1.58060803877398       -0.19971290411689
H           -1.96364160997416        1.06198366481549        0.79610435051448
H           -1.10658543769126       -1.85266600573094        0.49872337774489
H           -1.17182543373597       -0.96270360349684        2.02764015776244
H           -2.64614712029947       -1.23592533583994        1.09473318304464
H           -1.71450871180731        1.11401771014816       -1.69779422744734
H           -2.99408786543519        0.04354952395709       -1.12533599206585
H           -1.47196072575317       -0.63547377526091       -1.69653250741110
22
 energy: -23.419898448568 gnorm: 0.000842890244 xtb: 6.7.1 (edcfbbe)
C            2.39236400512682        0.65071203792443        0.59719713691845
C            1.13622054633295       -0.13007682523095        0.20448757953824
C            1.31322444966798       -0.70711003816628       -1.20832372107815
N            0.00380760062406        0.76392989191560        0.38547507500953
C           -1.37164827221292        0.28997340248421        0.28025447945229
C           -1.58181166380788       -1.02362247913743        1.02767933575270
C           -1.91537386426711        0.18785844494563       -1.15404927187653
H            2.25783704558209        1.09989569726740        1.57643297835275
H            3.25508088739695       -0.00878291899295        0.62591341456299
H            2.58385317833729        1.44264871335776       -0.12363838231579
H            1.01207426843497       -0.95744111158020        0.91054862939941
H            1.29460194744926        0.09111253717223       -1.94830280615496
H            0.53043924638050       -1.42219061911800       -1.44615742926118
H            2.26930363867863       -1.22022720173057       -1.27805539829192
H            0.12016448455287        1.57888357117010       -0.20746646692450
H           -1.96344157634891        1.06487524776028        0.79171422442314
H           -1.11211100726241       -1.85204331220971        0.50333088036122
H           -1.16540317995502       -0.95559011046202        2.02873792401567
H           -2.64598747794610       -1.22877724532974        1.10621050590516
H           -1.71749184629798        1.10837927790898       -1.70012054422104
H           -2.99103535405473        0.03141540238833       -1.12694245795576
H           -1.46498045150835       -0.63913601403357       -1.69524420110463
22
 energy: -23.419901891420 gnorm: 0.000385273600 xtb: 6.7.1 (edcfbbe)
C            2.39213277366811        0.64948018225757        0.59880140620213
C            1.13576219323419       -0.13039249647049        0.20364463783952
C            1.31446118145494       -0.70620168098980       -1.20978314106074
N            0.00413553082188        0.76404289817775        0.38337936632956
C           -1.37144957090960        0.29070674120370        0.28021540298897
C           -1.58174563985606       -1.02255775110981        1.02878623722590
C           -1.91618023693245        0.18719533926257       -1.15385278046567
H            2.25616939201820        1.09731270751678        1.57852842431375
H            3.25438074751866       -0.01053203116862        0.62811494029042
H            2.58478309432576        1.44193794921438       -0.12096043667437
H            1.01044332269329       -0.95821919625548        0.90891864321918
H            1.29467964213364        0.09289156113163       -1.94864974544682
H            0.53271960428895       -1.42219705443550       -1.44860058382229
H            2.27132599605319       -1.21772746308345       -1.27983552524515
H            0.11968772196000        1.57791385794576       -0.21139355225754
H           -1.96278015376289        1.06594814525305        0.79149746933266
H           -1.11184588837434       -1.85122218360091        0.50484804860446
H           -1.16536010662489       -0.95366912312520        2.02976101285849
H           -2.64595946088316       -1.22749389112559        1.10717375101495
H           -1.71812545377566        1.10703712364381       -1.70095293440843
H           -2.99173211690879        0.03096492237469       -1.12606557155188
H           -1.46581596724000       -0.64053220831330       -1.69389358478003
22
 energy: -23.419905756339 gnorm: 0.000651730832 xtb: 6.7.1 (edcfbbe)
C            2.39190383728331        0.64763248957389        0.60134740551219
C            1.13531266540569       -0.13051970591684        0.20250504235042
C            1.31641653333803       -0.70522136253520       -1.21142564765640
N            0.00461437476915        0.76484115673551        0.37982320338932
C           -1.37125050381318        0.29184165228329        0.28008212523948
C           -1.58140313827681       -1.02080472029453        1.03016310092280
C           -1.91783876790490        0.18639956500070       -1.15336773554981
H            2.25616175544481        1.09029015098515        1.58333774304005
H            3.25409289442671       -0.01225813479747        0.62709394733586
H            2.58407036090650        1.44384772144019       -0.11417543278950
H            1.00798769678444       -0.95892964219749        0.90663229958022
H            1.29486395196488        0.09442625448288       -1.94965834887090
H            0.53642251393070       -1.42290441655995       -1.45124722559506
H            2.27455568104505       -1.21432008407528       -1.28150097631081
H            0.11928552091167        1.57605364836984       -0.21888290903229
H           -1.96195200488472        1.06750767311694        0.79124788400194
H           -1.10924081442207       -1.84954537300086        0.50828793756617
H           -1.16756573039997       -0.95038407339227        2.03207971777051
H           -2.64553359916722       -1.22693506940473        1.10604864564484
H           -1.71866092202866        1.10484772619674       -1.70254112025267
H           -2.99361697969591        0.03207693994526       -1.12432139529182
H           -1.46893872071452       -0.64325604765227       -1.69184677649745
22
 energy: -23.419907506713 gnorm: 0.000530223611 xtb: 6.7.1 (edcfbbe)
C            2.39154742697299        0.64587085087853        0.60352190017748
C            1.13519157938159       -0.13079685536428        0.20115464955593
C            1.31830072839890       -0.70396114421647       -1.21323970019317
N            0.00488496282441        0.76514159492408        0.37728587452257
C           -1.37116600441373        0.29248156348084        0.27971383650889
C           -1.58127326791442       -1.01918243919757        1.03137495898826
C           -1.91923212832782        0.18529579338923       -1.15302522414148
H            2.25412182428761        1.08628359729481        1.58675715272272
H            3.25380118234068       -0.01476205227654        0.62899515526975
H            2.58485207871348        1.44407056231986       -0.11011118589287
H            1.00596181017823       -0.95997290130751        0.90397747834133
H            1.29596303465380        0.09621842582199       -1.95092472690356
H            0.53955214256002       -1.42262820174100       -1.45422872606672
H            2.27730591613525       -1.21137207839962       -1.28316694779900
H            0.11954384914654        1.57529345862710       -0.22291296974888
H           -1.96102362502839        1.06903756798412        0.79056332857089
H           -1.10871476574075       -1.84855873013474        0.51057606953546
H           -1.16788597498770       -0.94739461379582        2.03358148135675
H           -2.64562196650057       -1.22540008931300        1.10700628274189
H           -1.71989516701802        1.10273829363630       -1.70386204155727
H           -2.99514242678839        0.03187665723406       -1.12279914521720
H           -1.47138460397074       -0.64559291154083       -1.69055601626469
22
 energy: -23.419908865646 gnorm: 0.000258937085 xtb: 6.7.1 (edcfbbe)
C            2.39129677394634        0.64469851570635        0.60479346496178
C            1.13518241492009       -0.13104347090952        0.20050752709006
C            1.31908453720577       -0.70297150762577       -1.21416867518971
N            0.00494093045194        0.76539356406517        0.37638825013790
C           -1.37126323375936        0.29281101414379        0.27926957639626
C           -1.58133018142328       -1.01795818241557        1.03222492607625
C           -1.91966186282250        0.18429933832679       -1.15311720942916
H            2.25449129972743        1.08243319272391        1.58903600688427
H            3.25360129377839       -0.01555821223863        0.62803637599650
H            2.58452729053404        1.44494472806036       -0.10641123097795
H            1.00488530689807       -0.96079559111890        0.90240167458956
H            1.29691149748308        0.09766257677328       -1.95142002825984
H            0.54066312948074       -1.42167051416171       -1.45607032617135
H            2.27828354519325       -1.21001964539137       -1.28405254143854
H            0.11990014229738        1.57494310771794       -0.22455267126980
H           -1.96085093568083        1.07002202184893        0.78948251929371
H           -1.10836233765380       -1.84784988861011        0.51265771784655
H           -1.16861949656915       -0.94509298379834        2.03463751805667
H           -2.64564810555723       -1.22450102020350        1.10750318839602
H           -1.72020232081926        1.10099621730513       -1.70514726589483
H           -2.99567027131752        0.03139602905484       -1.12240030729586
H           -1.47247281141061       -0.64745294094954       -1.68991700529139
22
 energy: -23.419910138063 gnorm: 0.000203585775 xtb: 6.7.1 (edcfbbe)
C            2.39115884305089        0.64384970775839        0.60547708950758
C            1.13529780228063       -0.13129318952159        0.19993667205543
C            1.31949638280185       -0.70195206577362       -1.21503860717658
N            0.00491152678098        0.76525009981357        0.37632473892248
C           -1.37138890244851        0.29288685161471        0.27886733539528
C           -1.58177122635646       -1.01699198884377        1.03308103237047
C           -1.91951424810001        0.18317318246055       -1.15341762987456
H            2.25439238575652        1.07995637378776        1.59039144062911
H            3.25366577966222       -0.01619391163112        0.62751042650114
H            2.58421282724453        1.44538543555526       -0.10426882909489
H            1.00449164459604       -0.96161856841515        0.90102220779505
H            1.29833702918936        0.09930750613335       -1.95167794433829
H            0.54076686631310       -1.41990368300766       -1.45805438785031
H            2.27839543177643       -1.20961195666342       -1.28480459230968
H            0.12037559837005        1.57521170506803       -0.22381901279213
H           -1.96088210221113        1.07081435316848        0.78813604657043
H           -1.10918140277486       -1.84754148051557        0.51433841925281
H           -1.16887833555585       -0.94333030758116        2.03531022133235
H           -2.64605137633881       -1.22331853508451        1.10880116908179
H           -1.72001797651507        1.09931985649190       -1.70631800106311
H           -2.99557164208880        0.03043293832758       -1.12255564166806
H           -1.47255830053011       -0.64914597483848       -1.68956066873922
22
 energy: -23.419911534528 gnorm: 0.000325741169 xtb: 6.7.1 (edcfbbe)
C            2.39095396010857        0.64312667827499        0.60603452490807
C            1.13530605650174       -0.13165127325180        0.19941821168437
C            1.31980608422173       -0.70069185208728       -1.21604687539848
N            0.00485722193842        0.76484384412502        0.37671320820382
C           -1.37146555342171        0.29283160907482        0.27845099708797
C           -1.58249473655889       -1.01603748606781        1.03415800153271
C           -1.91898854130851        0.18168039575533       -1.15392666169727
H            2.25450184940693        1.07728425439123        1.59182495996587
H            3.25366197675255       -0.01669441244324        0.62638805491470
H            2.58358038190091        1.44613562260544       -0.10221390755152
H            1.00422988431351       -0.96273343778672        0.89955409311522
H            1.30040338360171        0.10145254941225       -1.95176549743871
H            0.54032477020097       -1.41726985235043       -1.46056777740814
H            2.27803845310244       -1.20966870394803       -1.28562761043424
H            0.12079026636416        1.57581070321905       -0.22191001077413
H           -1.96090130966538        1.07161678704221        0.78647529554118
H           -1.11081478806962       -1.84752238584536        0.51604936355895
H           -1.16884793201781       -0.94142666538951        2.03601948691255
H           -2.64691018117901       -1.22142584209205        1.11078812137403
H           -1.71904912572381        1.09712788445966       -1.70778841452962
H           -2.99509870330612        0.02924326626730       -1.12327575903746
H           -1.47219681225980       -0.65134533506154       -1.68907032002276
22
 energy: -23.419912790633 gnorm: 0.000281141227 xtb: 6.7.1 (edcfbbe)
C            2.39091983275800        0.64231294529195        0.60660885339462
C            1.13523492208007       -0.13184812006962        0.19882359165982
C            1.32014039531416       -0.69931298285135       -1.21718786385573
N            0.00476177144131        0.76441838313563        0.37697192105284
C           -1.37160259468308        0.29283576341980        0.27815395349590
C           -1.58338350367687       -1.01506523103259        1.03542163896886
C           -1.91831570250628        0.18012881741456       -1.15444683859712
H            2.25468013940313        1.07439677105983        1.59341670398471
H            3.25393436479648       -0.01728040665304        0.62518545269194
H            2.58280310852756        1.44687699947807       -0.10006497594171
H            1.00400178590309       -0.96373480783808        0.89796958016610
H            1.30264612314153        0.10387230105411       -1.95179224627367
H            0.53982826170471       -1.41439768410250       -1.46339215535936
H            2.27766566950211       -1.20969184796989       -1.28653022300507
H            0.12089808086743        1.57629459389735       -0.22029451542032
H           -1.96112897147566        1.07241773874657        0.78479656031782
H           -1.11267311657428       -1.84746758394322        0.51801979976600
H           -1.16907549262234       -0.93969999581870        2.03687859958100
H           -2.64781398307805       -1.21954804573455        1.11289671307810
H           -1.71746314707225        1.09469948259307       -1.70941755466996
H           -2.99451914004439        0.02839962067951       -1.12409863755278
H           -1.47185219880338       -0.65392036245336       -1.68823687297489
22
 energy: -23.419913759719 gnorm: 0.000166891266 xtb: 6.7.1 (edcfbbe)
C            2.39073193609642        0.64167046087254        0.60724124123400
C            1.13507049047300       -0.13210775817287        0.19839158859111
C            1.32058056770440       -0.69807111115511       -1.21820811734132
N            0.00480224264790        0.76413935479498        0.37699374251922
C           -1.37158081570370        0.29285594732637        0.27791653444948
C           -1.58407124408633       -1.01424496339804        1.03647668676470
C           -1.91791609286098        0.17876058047988       -1.15479715215938
H            2.25478849524875        1.07181219540802        1.59495697787858
H            3.25384036967372       -0.01787506335874        0.62426632426894
H            2.58223965101506        1.44758694413644       -0.09804558126662
H            1.00356846046377       -0.96473366351556        0.89664456673598
H            1.30453069026457        0.10603750074145       -1.95182070180301
H            0.53973319247598       -1.41203464831085       -1.46592003295518
H            2.27760999999336       -1.20941269759575       -1.28736527987750
H            0.12095805716245        1.57650684988540       -0.21957494475758
H           -1.96109101399863        1.07309657137856        0.78351471231649
H           -1.11429529790221       -1.84747322876837        0.51948422778057
H           -1.16900973979386       -0.93818730871754        2.03759870148748
H           -2.64867015624828       -1.21770287871251        1.11480194353100
H           -1.71585997501818        1.09239089106420       -1.71086760735723
H           -2.99426834089209        0.02808782213329       -1.12474769674039
H           -1.47200487181215       -0.65641544821221       -1.68725864879222
22
 energy: -23.419914529519 gnorm: 0.000089451628 xtb: 6.7.1 (edcfbbe)
C            2.39065244916319        0.64100543931352        0.60795608821157
C            1.13491215446846       -0.13220252091964        0.19792736371004
C            1.32105514955335       -0.69707889324596       -1.21908742877111
N            0.00477057537320        0.76400051769952        0.37666404089808
C           -1.37165906719276        0.29295097277522        0.27778153017734
C           -1.58445975498470       -1.01357129844204        1.03734725983735
C           -1.91775533331279        0.17777308295003       -1.15499578227153
H            2.25467540806614        1.06971843844356        1.59633971782641
H            3.25381055629011       -0.01852861773333        0.62400724054570
H            2.58205836795021        1.44791462416102       -0.09622371162410
H            1.00303095725051       -0.96539645730575        0.89542724775663
H            1.30582188163969        0.10774677669810       -1.95190122849520
H            0.54000110501579       -1.41041325322491       -1.46793704635173
H            2.27787684016308       -1.20881352304625       -1.28814508030208
H            0.12079979981080        1.57645067255534       -0.21986240021851
H           -1.96109235114403        1.07367212147273        0.78269340546960
H           -1.11531866836850       -1.84737861872882        0.52068439017526
H           -1.16895720265382       -0.93704242798957        2.03825252918539
H           -2.64913633770832       -1.21635191080928        1.11619539329404
H           -1.71448208249784        1.09048550087301       -1.71214468623113
H           -2.99426317472674        0.02833328700551       -1.12503222477812
H           -1.47265466725205       -0.65858756419847       -1.68626513353678
22
 energy: -23.419915242389 gnorm: 0.000140106367 xtb: 6.7.1 (edcfbbe)
C            2.39054507552726        0.64032170140169        0.60873593760897
C            1.13477959432229       -0.13229741556515        0.19749125632744
C            1.32156496534062       -0.69611760727016       -1.21991672673853
N            0.00484702082503        0.76405366480878        0.37613857146836
C           -1.37162871855275        0.29308337175003        0.27763375317477
C           -1.58470727494793       -1.01293707175050        1.03805936423977
C           -1.91783360924468        0.17690760655745       -1.15505494165367
H            2.25431160057985        1.06792030368703        1.59758839343915
H            3.25361251256371       -0.01938480698899        0.62432144211337
H            2.58220609243371        1.44799744160356       -0.09449377391045
H            1.00237787870442       -0.96597168707004        0.89431226112570
H            1.30675920735978        0.10931081767675       -1.95207302217109
H            0.54052200945853       -1.40913604374111       -1.46970748456190
H            2.27835470178699       -1.20790069532433       -1.28893801252999
H            0.12074727868406        1.57626298268813       -0.22077615687054
H           -1.96097680456967        1.07417721340409        0.78202051161496
H           -1.11595979703047       -1.84717647363574        0.52177546895973
H           -1.16891863445354       -0.93595993506672        2.03879352351598
H           -2.64940138929244       -1.21536148745959        1.11730842923461
H           -1.71326480779479        1.08868142330959       -1.71326368889773
H           -2.99453994292682        0.02890244447641       -1.12506519856591
H           -1.47371035387018       -0.66068939918763       -1.68520842241590
22
 energy: -23.419915948445 gnorm: 0.000148995390 xtb: 6.7.1 (edcfbbe)
C            2.39039818132443        0.63955066443327        0.60966092172780
C            1.13465315220668       -0.13239932187349        0.19698358947148
C            1.32210928143155       -0.69513836524595       -1.22078267190108
N            0.00485657185578        0.76411189819893        0.37550435765035
C           -1.37168124634933        0.29323815876187        0.27748370739290
C           -1.58476141286545       -1.01228656830772        1.03877340541359
C           -1.91798644986837        0.17607932916362       -1.15510154095947
H            2.25367211832236        1.06634084424639        1.59878518832887
H            3.25326139274546       -0.02039243763657        0.62522445029656
H            2.58273575761044        1.44776123328445       -0.09276200491195
H            1.00159202306991       -0.96657297390758        0.89306059591733
H            1.30750100712140        0.11088765869564       -1.95229014492780
H            0.54120921175567       -1.40799666521027       -1.47148158809476
H            2.27898022888774       -1.20674973090535       -1.28985337742598
H            0.12065858573675        1.57598864243958       -0.22193029731418
H           -1.96085840959964        1.07473329913346        0.78145332117551
H           -1.11639708063517       -1.84696568102508        0.52276751691593
H           -1.16864563372338       -0.93480463014696        2.03936587764449
H           -2.64953101371931       -1.21432247457075        1.11842947718181
H           -1.71213351467725        1.08684263892670       -1.71449805987410
H           -2.99489793309237        0.02963035180713       -1.12494580955000
H           -1.47504821263492       -0.66284952195777       -1.68416542965015
22
 energy: -23.419916606293 gnorm: 0.000143331168 xtb: 6.7.1 (edcfbbe)
C            2.39028322021095        0.63871950042285        0.61056188330807
C            1.13457260200644       -0.13249698242985        0.19644881336900
C            1.32263133141552       -0.69409422811964       -1.22167953554685
N            0.00491251940079        0.76422433903096        0.37492271547577
C           -1.37166706919265        0.29336928616394        0.27728177011305
C           -1.58485783953594       -1.01160981697933        1.03947008878309
C           -1.91819534027103        0.17522537281990       -1.15512638784172
H            2.25287196190318        1.06494046546643        1.59984925695104
H            3.25290034079132       -0.02156022034628        0.62641982246237
H            2.58346129370455        1.44731968520221       -0.09118503796921
H            1.00084328181410       -0.96716451628146        0.89177706998302
H            1.30819633414465        0.11249958218340       -1.95257204104190
H            0.54186940654960       -1.40679539175357       -1.47323609956957
H            2.27957437093816       -1.20554124891236       -1.29083919354087
H            0.12070957903354        1.57584827189471       -0.22289791115590
H           -1.96071473015137        1.07525528353815        0.78077780660547
H           -1.11666935120538       -1.84666506550088        0.52397016384505
H           -1.16861449635423       -0.93355410852428        2.03994180982169
H           -2.64960628990201       -1.21353051907179        1.11939938649397
H           -1.71110148424023        1.08500344781074       -1.71566350831805
H           -2.99531470904009        0.03027661520563       -1.12480857062342
H           -1.47639832711689       -0.66498340351594       -1.68313081709698
22
 energy: -23.419917030648 gnorm: 0.000061458075 xtb: 6.7.1 (edcfbbe)
C            2.39021536553663        0.63815266497553        0.61101411704605
C            1.13456168726008       -0.13261094308041        0.19609368675221
C            1.32279293574372       -0.69342426672390       -1.22227248202059
N            0.00491372727906        0.76420114088188        0.37476952864387
C           -1.37171782835715        0.29344838567527        0.27713738191484
C           -1.58499069473774       -1.01109345956388        1.03997019666029
C           -1.91811869171349        0.17460802777814       -1.15522859917586
H            2.25250707710314        1.06408185456494        1.60030771387182
H            3.25263064880638       -0.02228218458830        0.62706222715610
H            2.58396507654374        1.44694573401546       -0.09028120494294
H            1.00049468863988       -0.96760367944818        0.89094908192813
H            1.30864217152410        0.11355504493953       -1.95276365698463
H            0.54198985581046       -1.40587146422796       -1.47439757677528
H            2.27968492627366       -1.20495917768583       -1.29151244834761
H            0.12088353889050        1.57591295049876       -0.22283091612122
H           -1.96070902254619        1.07564747568046        0.78023959618895
H           -1.11669058222864       -1.84644892492411        0.52503536550360
H           -1.16894430759087       -0.93245890527689        2.04049538061100
H           -2.64976617405694       -1.21301415437337        1.11982364544992
H           -1.71103598318020        1.08409031702136       -1.71622875460339
H           -2.99524099131201        0.02969020575046       -1.12485498292260
H           -1.47638081878513       -0.66588029358541       -1.68284581532556
22
 energy: -23.419917431738 gnorm: 0.000074441427 xtb: 6.7.1 (edcfbbe)
C            2.39016690004536        0.63756725853024        0.61146178822262
C            1.13453174794533       -0.13274241722627        0.19572778905582
C            1.32304143399133       -0.69271211900526       -1.22289122168479
N            0.00492335580144        0.76417114853093        0.37465542755189
C           -1.37173386300175        0.29351827369222        0.27698049443378
C           -1.58516701177432       -1.01057072438872        1.04051813975798
C           -1.91809858038587        0.17398500315467       -1.15531678636984
H            2.25201180013137        1.06329933593564        1.60077530846108
H            3.25237478839996       -0.02312800716509        0.62782489710669
H            2.58454352411393        1.44647612787828       -0.08953459305649
H            1.00011076647591       -0.96812533785756        0.89003282802765
H            1.30911637333113        0.11469800057784       -1.95291836326261
H            0.54222439701707       -1.40492368487326       -1.47561690874512
H            2.27989577734169       -1.20431323228660       -1.29225388591881
H            0.12103843062283        1.57603721924656       -0.22268603822886
H           -1.96066446719778        1.07608391914400        0.77957529002551
H           -1.11671092832150       -1.84621827770233        0.52619403682351
H           -1.16934798439533       -0.93132624302629        2.04109388895942
H           -2.64994996557480       -1.21254406582445        1.12023431982951
H           -1.71094747998695        1.08314165593883       -1.71681632924370
H           -2.99523760246880        0.02913962811887       -1.12488522551264
H           -1.47643480720726       -0.66682711308871       -1.68247337172549
22
 energy: -23.419917788617 gnorm: 0.000071657550 xtb: 6.7.1 (edcfbbe)
C            2.39012335896575        0.63702526081778        0.61190369267054
C            1.13448269977841       -0.13287954201684        0.19538194476092
C            1.32326628280235       -0.69202731384968       -1.22351862475627
N            0.00493711922239        0.76408971469832        0.37452547679556
C           -1.37175965720248        0.29360628241323        0.27688433442131
C           -1.58537402636338       -1.01008923978602        1.04105201934009
C           -1.91804087193582        0.17337113846836       -1.15539876882657
H            2.25156359296995        1.06264990779594        1.60122016704723
H            3.25215142708534       -0.02391440510472        0.62862028302153
H            2.58509578626857        1.44597912272313       -0.08888351196745
H            0.99976850266889       -0.96862365163819        0.88918679646376
H            1.30953317171421        0.11580524945354       -1.95308035567816
H            0.54250505089970       -1.40408415146134       -1.47685804483177
H            2.28012961801668       -1.20359866125023       -1.29295718296190
H            0.12111690263570        1.57610817616130       -0.22260582550987
H           -1.96062444281043        1.07649396199024        0.77904869652787
H           -1.11683057218012       -1.84600337968445        0.52723588869420
H           -1.16972398975869       -0.93031893826646        2.04165218307175
H           -2.65016927265475       -1.21201052310841        1.12065650784188
H           -1.71073162206406        1.08219176217439       -1.71738352404614
H           -2.99520380236731        0.02872482195531       -1.12490024151283
H           -1.47652865078792       -0.66780924418164       -1.68210042605857
22
 energy: -23.419918112863 gnorm: 0.000053152655 xtb: 6.7.1 (edcfbbe)
C            2.39007438053949        0.63652311844292        0.61229381318961
C            1.13441773705882       -0.13299690964833        0.19506001263542
C            1.32355652023051       -0.69137370888822       -1.22410245625342
N            0.00496108838766        0.76401280184143        0.37438425623574
C           -1.37176101721587        0.29365934222994        0.27679377843990
C           -1.58560376028421       -1.00965939840490        1.04156902592127
C           -1.91802349320799        0.17281932338724       -1.15545675343457
H            2.25113197808456        1.06202127669248        1.60160915098046
H            3.25191715032578       -0.02465223879787        0.62934711070186
H            2.58560868571247        1.44553180117360       -0.08826964146249
H            0.99944096970462       -0.96910065435449        0.88837462156451
H            1.30992995162967        0.11687203311180       -1.95320558692042
H            0.54287982390174       -1.40331463969868       -1.47800960473663
H            2.28046164435374       -1.20285733151936       -1.29362343754962
H            0.12115516770935        1.57614124045198       -0.22259792469389
H           -1.96057003085691        1.07684659472924        0.77853436934346
H           -1.11709009649627       -1.84584832444872        0.52817778302698
H           -1.17003101575894       -0.92945464094033        2.04216439044868
H           -2.65042422875003       -1.21143270905933        1.12115354862105
H           -1.71041376018584        1.08126006732683       -1.71794447515660
H           -2.99522638528477        0.02847607629862       -1.12494098588466
H           -1.47670470469457       -0.66878677162230       -1.68162951050952
22
 energy: -23.419918402312 gnorm: 0.000044138081 xtb: 6.7.1 (edcfbbe)
C            2.39002500182554        0.63607298016098        0.61269586233920
C            1.13436271642147       -0.13309148509846        0.19476218584704
C            1.32380277410276       -0.69077216116487       -1.22464897886013
N            0.00498051534911        0.76394689450511        0.37422065162476
C           -1.37177971038580        0.29373086208799        0.27672878044790
C           -1.58580672505731       -1.00926252893919        1.04202754816217
C           -1.91797748765044        0.17228247440162       -1.15550812460497
H            2.25074731134053        1.06141951133624        1.60203714545010
H            3.25171069560995       -0.02530853124788        0.62999122959356
H            2.58603059952000        1.44515851891412       -0.08764799109735
H            0.99912745170104       -0.96952538801180        0.88762303783701
H            1.31026763371063        0.11784380860916       -1.95334186940047
H            0.54323788694083       -1.40264361695807       -1.47909054791014
H            2.28076456525201       -1.20213357490412       -1.29423037851580
H            0.12117089686022        1.57615077026363       -0.22266401849093
H           -1.96051772316063        1.07719173398318        0.77811818870782
H           -1.11743202746904       -1.84573147525472        0.52896644950004
H           -1.17020562970016       -0.92871172051985        2.04258085598055
H           -2.65065568188117       -1.21083137719944        1.12169873840351
H           -1.70999786849600        1.08033515879302       -1.71848263361521
H           -2.99523164302619        0.02835223106347       -1.12497462898171
H           -1.47693694690435       -0.66978673651656       -1.68118001790984
22
 energy: -23.419918682198 gnorm: 0.000043405359 xtb: 6.7.1 (edcfbbe)
C            2.38996420436877        0.63562693924284        0.61309417369866
C            1.13430339128798       -0.13318644922595        0.19447773761885
C            1.32407698314039       -0.69017293587801       -1.22517019704566
N            0.00499714621129        0.76389848574386        0.37404702544648
C           -1.37179074361135        0.29377504161949        0.27663562648736
C           -1.58599306816918       -1.00887031152267        1.04248803748230
C           -1.91796007527015        0.17177071548984       -1.15556730264779
H            2.25037930273015        1.06072156015520        1.60250039788964
H            3.25151379520568       -0.02592814019247        0.63054245533073
H            2.58639099789677        1.44487210008312       -0.08694689343253
H            0.99879263281104       -0.96994255878752        0.88689077972093
H            1.31060714971242        0.11880033515982       -1.95346978161774
H            0.54361331693674       -1.40197239922228       -1.48010913860786
H            2.28109617026590       -1.20141728480006       -1.29482118820765
H            0.12119224787338        1.57614269303257       -0.22278299919368
H           -1.96046659097131        1.07750402747021        0.77766439953228
H           -1.11784360145263       -1.84562571721710        0.52968956729607
H           -1.17025933090570       -0.92801320573420        2.04296252753408
H           -2.65087368936960       -1.21019652216020        1.12235086445764
H           -1.70952188316812        1.07938822798820       -1.71907432747942
H           -2.99527928033223        0.02832937650934       -1.12503593863674
H           -1.47725247028727       -0.67081762945047       -1.68068434111884
22
 energy: -23.419918949274 gnorm: 0.000042729890 xtb: 6.7.1 (edcfbbe)
C            2.38989905514248        0.63519930236074        0.61351738543644
C            1.13425268468342       -0.13326522969173        0.19419827337834
C            1.32430983830779       -0.68960285096824       -1.22566878908492
N            0.00500933980852        0.76387537304017        0.37386464639052
C           -1.37181315827524        0.29384463521710        0.27654522196971
C           -1.58615020625368       -1.00848057902959        1.04290661401261
C           -1.91792302634321        0.17124100990926       -1.15563051335478
H            2.25005584143032        1.05995215503528        1.60303460852470
H            3.25134229549523       -0.02649219664032        0.63099935377657
H            2.58666982282224        1.44467149632845       -0.08616166598233
H            0.99845942248484       -0.97032452115431        0.88618064539169
H            1.31092679115623        0.11971048467567       -1.95359165686152
H            0.54393758382337       -1.40132533902686       -1.48109823450820
H            2.28137651860383       -1.20074519481634       -1.29538624797164
H            0.12121955048125        1.57613633110459       -0.22293870761314
H           -1.96042875998208        1.07783279829493        0.77723477733229
H           -1.11828303061615       -1.84553192916617        0.53032738517046
H           -1.17020473656972       -0.92733685008774        2.04326886644825
H           -2.65105861101130       -1.20954850884620        1.12305008884907
H           -1.70898938034904        1.07841184253183       -1.71966923215222
H           -2.99531574415795        0.02835842382646       -1.12509415749074
H           -1.47760548577814       -0.67189430459345       -1.68020717715406
22
 energy: -23.419919207321 gnorm: 0.000039779219 xtb: 6.7.1 (edcfbbe)
C            2.38982743912897        0.63477592330708        0.61393001679002
C            1.13419778464211       -0.13335062281188        0.19393711807107
C            1.32454965042719       -0.68903397828705       -1.22614255324353
N            0.00501572739242        0.76385784915994        0.37368435709957
C           -1.37182893414285        0.29389151176205        0.27642686041406
C           -1.58628989255659       -1.00809174910911        1.04333668883563
C           -1.91789942746615        0.17073430092425       -1.15571550916535
H            2.24976520785304        1.05907699366215        1.60360908174469
H            3.25119129994103       -0.02702115994652        0.63133295380861
H            2.58687312387802        1.44456027535033       -0.08530965023308
H            0.99811839193587       -0.97070107231391        0.88550343957845
H            1.31127383619612        0.12060887343025       -1.95370391099953
H            0.54423788050194       -1.40065023676160       -1.48204120550057
H            2.28164262803292       -1.20011964787501       -1.29592348990805
H            0.12125439981994        1.57612188679683       -0.22310892918035
H           -1.96039678164501        1.07813502738933        0.77676172449522
H           -1.11873166875180       -1.84543372952318        0.53094736907131
H           -1.17008736481730       -0.92667322679485        2.04357106411016
H           -2.65122380063994       -1.20889626367087        1.12380030343961
H           -1.70844515441740        1.07743793792845       -1.72031249210023
H           -2.99536863718947        0.02842479591643       -1.12517753972895
H           -1.47798910322005       -0.67296734022954       -1.67972421289165
22
 energy: -23.419919455418 gnorm: 0.000037422902 xtb: 6.7.1 (edcfbbe)
C            2.38975744664656        0.63436517003602        0.61435507193137
C            1.13414893827947       -0.13342214363711        0.19367305971246
C            1.32476585295233       -0.68848738188666       -1.22660666168819
N            0.00502307676600        0.76385368328105        0.37350328231150
C           -1.37184811620168        0.29396183905922        0.27631478314088
C           -1.58642677862721       -1.00769879663208        1.04374102422318
C           -1.91786179181274        0.17020144683939       -1.15579908988661
H            2.24952890745829        1.05812910998190        1.60424157240541
H            3.25106466878723       -0.02751134912284        0.63156298068070
H            2.58700541009628        1.44452277854607       -0.08439248236843
H            0.99778733321470       -0.97105655480636        0.88482994481854
H            1.31165270298391        0.12148485027947       -1.95380366088514
H            0.54448594733711       -1.39996183431257       -1.48299244961506
H            2.28186150584141       -1.19955947967667       -1.29643858339363
H            0.12129417004131        1.57611971515748       -0.22328007777524
H           -1.96037354312198        1.07845759490340        0.77629874493603
H           -1.11917634824045       -1.84533593537510        0.53154657679575
H           -1.16995797171692       -0.92599166930877        2.04384017568800
H           -2.65138369912323       -1.20824338478749        1.12454051659042
H           -1.70788774103811        1.07644443091439       -1.72093809888812
H           -2.99540835567603        0.02847665536986       -1.12525753128952
H           -1.47836500994327       -0.67406239651905       -1.67925761293718
22
 energy: -23.419919687491 gnorm: 0.000036294228 xtb: 6.7.1 (edcfbbe)
C            2.38968719214559        0.63396882309335        0.61474794347539
C            1.13409666375958       -0.13350166498271        0.19342890738797
C            1.32499058389488       -0.68795419842201       -1.22704719465150
N            0.00502511092212        0.76383697454189        0.37332959686741
C           -1.37186443058211        0.29401112260769        0.27619210146855
C           -1.58656084189606       -1.00731660566687        1.04415549470487
C           -1.91783121472779        0.16970344564758       -1.15589493240441
H            2.24933367756365        1.05713533817454        1.60487143405554
H            3.25096104984400       -0.02795931597508        0.63168005511153
H            2.58707434139842        1.44454837915526       -0.08346981273851
H            0.99746723130965       -0.97140826071050        0.88419643840596
H            1.31208683325532        0.12233402592411       -1.95389806342618
H            0.54470804849947       -1.39924932657484       -1.48390921686796
H            2.28206107857422       -1.19906981861783       -1.29690653002523
H            0.12133031897340        1.57611164662744       -0.22343590027739
H           -1.96035038775189        1.07875576605779        0.77582219482163
H           -1.11959215925441       -1.84523471840647        0.53216139843288
H           -1.16985768658586       -0.92532693618215        2.04413469937139
H           -2.65154023333434       -1.20761475873158        1.12525044343732
H           -1.70736696789192        1.07549706925122       -1.72157159238533
H           -2.99544857881029        0.02852050992663       -1.12534827991194
H           -1.47872302440266       -0.67510114843390       -1.67880770034489
22
 energy: -23.419919905130 gnorm: 0.000035147403 xtb: 6.7.1 (edcfbbe)
C            2.38962258383672        0.63359375889838        0.61513273198099
C            1.13405440915107       -0.13356951701222        0.19318095481722
C            1.32520570688978       -0.68745477657610       -1.22747795255632
N            0.00503432286492        0.76382241690039        0.37315972513597
C           -1.37187968881165        0.29407583152487        0.27608342775757
C           -1.58670651810929       -1.00693934276132        1.04454434869393
C           -1.91779831545453        0.16919808393142       -1.15597640899333
H            2.24918225924896        1.05613209982291        1.60551286712904
H            3.25087665708396       -0.02836929771056        0.63172454329650
H            2.58709675368117        1.44461579420372       -0.08254415428405
H            0.99717237969569       -0.97174100552178        0.88356916713999
H            1.31257292805084        0.12314815509051       -1.95398157795288
H            0.54489080958053       -1.39853299964001       -1.48483499069163
H            2.28222741811671       -1.19865954142940       -1.29734091995112
H            0.12137002301170        1.57611635376459       -0.22357260655308
H           -1.96032543880459        1.07906395238926        0.77537228144912
H           -1.11997427091353       -1.84513118271592        0.53277840743757
H           -1.16981742286043       -0.92465032450147        2.04442062857441
H           -2.65170789156596       -1.20701557252488        1.12588942926322
H           -1.70688201732024        1.07457260046157       -1.72215107313057
H           -2.99548163608608        0.02851958990976       -1.12542560643141
H           -1.47904644638277       -0.67610872820015       -1.67838173762404
22
 energy: -23.419920103963 gnorm: 0.000033999509 xtb: 6.7.1 (edcfbbe)
C            2.38955995457335        0.63323748038598        0.61547659415275
C            1.13401077147362       -0.13364629040062        0.19295230035436
C            1.32542909113458       -0.68697796072437       -1.22788424666953
N            0.00503819697795        0.76379117999093        0.37299788328089
C           -1.37189670588748        0.29412249114479        0.27597518241035
C           -1.58684900828615       -1.00658137234106        1.04493380883683
C           -1.91777407679140        0.16873878588404       -1.15605976410137
H            2.24905027005732        1.05515171117278        1.60611181374522
H            3.25080845246843       -0.02874226022392        0.63171429258174
H            2.58709068725507        1.44470373397720       -0.08166674922496
H            0.99689511632002       -0.97206855374624        0.88298527671463
H            1.31310486265674        0.12392125614332       -1.95406400250185
H            0.54505721776325       -1.39781419889590       -1.48572196626417
H            2.28238110197053       -1.19831571274523       -1.29772537260427
H            0.12140206726782        1.57611247182812       -0.22369145931035
H           -1.96029684694693        1.07934831369627        0.77493558406995
H           -1.12030353309241       -1.84502592874895        0.53341042539306
H           -1.16983556409673       -0.92399994256075        2.04473461455081
H           -2.65187190342447       -1.20646293265004        1.12645888452557
H           -1.70646380369258        1.07372488800669       -1.72270779468574
H           -2.99551321637765        0.02849631050382       -1.12549765687095
H           -1.47933652641988       -0.67702712139328       -1.67798616387586
22
 energy: -23.419920287628 gnorm: 0.000032601972 xtb: 6.7.1 (edcfbbe)
C            2.38950322679089        0.63290189812665        0.61580977851810
C            1.13397814613138       -0.13371398687684        0.19272033835552
C            1.32564513250753       -0.68653546499147       -1.22827987963358
N            0.00505067843171        0.76376271434126        0.37283848340586
C           -1.37191062058747        0.29417866038013        0.27588046620749
C           -1.58699763414235       -1.00623431559829        1.04529710072277
C           -1.91775711301954        0.16828670036317       -1.15612506294320
H            2.24893368065191        1.05421579126682        1.60669224145434
H            3.25074706741343       -0.02909251343370        0.63169604279208
H            2.58707833533979        1.44479231571344       -0.08082519446872
H            0.99664226719018       -0.97237727056345        0.88241071747907
H            1.31366714335147        0.12465576231433       -1.95413839010247
H            0.54519810307698       -1.39710868128552       -1.48660633044645
H            2.28251390516640       -1.19803315227993       -1.29808219139109
H            0.12143885462751        1.57611567232503       -0.22380109964474
H           -1.96026297849420        1.07963282623423        0.77453200050095
H           -1.12058699913193       -1.84491731287064        0.53403931802417
H           -1.16991189369101       -0.92334891154635        2.04504204094495
H           -2.65204073562690       -1.20595441526558        1.12695167759122
H           -1.70610335875657        1.07292163745513       -1.72320166300535
H           -2.99554588984669        0.02842811635904       -1.12555034267500
H           -1.47959271247955       -0.67788972186389       -1.67761856717883
22
 energy: -23.419920453722 gnorm: 0.000031264997 xtb: 6.7.1 (edcfbbe)
C            2.38944899553485        0.63258117183350        0.61611062268923
C            1.13394369855538       -0.13378705540222        0.19250526612414
C            1.32586295537660       -0.68611415190352       -1.22865197636541
N            0.00505761867292        0.76372625600781        0.37268373545576
C           -1.37192765440256        0.29422348797520        0.27578944230547
C           -1.58713453538282       -1.00590824492561        1.04565178664265
C           -1.91774974814263        0.16787751465853       -1.15618806649594
H            2.24881356570937        1.05334070624888        1.60721812480891
H            3.25068946630585       -0.02942545081548        0.63168440456809
H            2.58707442365893        1.44486525642949       -0.08005020033780
H            0.99640072956031       -0.97267647927579        0.88187569438548
H            1.31424212595466        0.12535022658673       -1.95421200447661
H            0.54533044276694       -1.39641826336716       -1.48744634003060
H            2.28263950846224       -1.19779131391964       -1.29840209832100
H            0.12146825905248        1.57610915765758       -0.22390947859021
H           -1.96022793649282        1.07989602076625        0.77415178198860
H           -1.12081899200660       -1.84480852121233        0.53466310870168
H           -1.17002020397551       -0.92272870629552        2.04536072624034
H           -2.65219623196215       -1.20549315004500        1.12738530015615
H           -1.70581056411609        1.07219445631321       -1.72366417758766
H           -2.99557888180996        0.02833956619672       -1.12559040332518
H           -1.47982043641643       -0.67866613520805       -1.67728376402899
22
 energy: -23.419920605316 gnorm: 0.000030117689 xtb: 6.7.1 (edcfbbe)
C            2.38939966311363        0.63227719575824        0.61640383226408
C            1.13391674025101       -0.13385163516234        0.19229118583230
C            1.32607061526127       -0.68572147318601       -1.22901039615821
N            0.00507065682484        0.76369735326627        0.37252855516083
C           -1.37194077863734        0.29427345596143        0.27570795757142
C           -1.58726568590314       -1.00559719723090        1.04598076551668
C           -1.91775319347921        0.16748462478152       -1.15623635939949
H            2.24868830146030        1.05253902154233        1.60771159658769
H            3.25062697856630       -0.02975268800520        0.63171278951125
H            2.58709516120326        1.44491062759655       -0.07932764871556
H            0.99617445988697       -0.97295519696835        0.88135606643551
H            1.31481276358990        0.12600782612582       -1.95427941963503
H            0.54544824264776       -1.39575581624249       -1.48826534487651
H            2.28275294381647       -1.19758215091168       -1.29870305627054
H            0.12150057597510        1.57610434091219       -0.22402606095609
H           -1.96018977933744        1.08015065895654        0.77380318580573
H           -1.12101358665388       -1.84469879435224        0.53526358662053
H           -1.17014815923938       -0.92212493112768        2.04566371098374
H           -2.65234376495068       -1.20507275512325        1.12776790463108
H           -1.70557478467811        1.07151688771132       -1.72407360563225
H           -2.99561705417054        0.02821979189714       -1.12561173891989
H           -1.48002371064410       -0.67938279789563       -1.67697602185020
22
 energy: -23.419920742173 gnorm: 0.000029024079 xtb: 6.7.1 (edcfbbe)
C            2.38935256253204        0.63198416521523        0.61667550694755
C            1.13388670380666       -0.13391679009860        0.19209203555434
C            1.32627478815354       -0.68534619154046       -1.22934693188130
N            0.00507851798714        0.76366921464430        0.37237467832280
C           -1.37195639816121        0.29431733517303        0.27563038283219
C           -1.58737945413223       -1.00530637604426        1.04629531036676
C           -1.91776554185816        0.16712732961818       -1.15628139585802
H            2.24854722386828        1.05181264167105        1.60815252785421
H            3.25055865066757       -0.03007834447318        0.63178403199742
H            2.58714596471278        1.44492158577727       -0.07867189076438
H            0.99595194773474       -0.97322038286995        0.88087081215342
H            1.31536544076668        0.12663020536084       -1.95434562992390
H            0.54556506279658       -1.39512174244617       -1.48903591679968
H            2.28286500301664       -1.19738721625469       -1.29898005182587
H            0.12152570892128        1.57609122888903       -0.22415481464555
H           -1.96015333458303        1.08038617551724        0.77347962623655
H           -1.12117646815720       -1.84459203931968        0.53583532413693
H           -1.17026968744988       -0.92155883687361        2.04595877048912
H           -2.65247197780945       -1.20468708324722        1.12811997006661
H           -1.70539286760959        1.07090234384273       -1.72445443646198
H           -2.99565721843178        0.02808857166502       -1.12562036930535
H           -1.48020802186843       -0.68002944590252       -1.67669605498478
22
 energy: -23.419920867255 gnorm: 0.000028109494 xtb: 6.7.1 (edcfbbe)
C            2.38930876860361        0.63170423447532        0.61694450996702
C            1.13386088777460       -0.13397300638281        0.19189589885384
C            1.32646734031897       -0.68499333368679       -1.22966991860134
N            0.00509046022364        0.76365156405170        0.37221858700885
C           -1.37196815745978        0.29436470360266        0.27555931040048
C           -1.58748219437013       -1.00503090131826        1.04658570424009
C           -1.91778732198860        0.16678649805147       -1.15631556068097
H            2.24839169058061        1.05116572959723        1.60856091211518
H            3.25047882597888       -0.03040828654813        0.63191625546789
H            2.58723394717216        1.44489439039741       -0.07806810199210
H            0.99573671929526       -0.97346541187227        0.88040121550330
H            1.31588685696583        0.12722043955447       -1.95440753223452
H            0.54567863885145       -1.39452671648017       -1.48977637431805
H            2.28297379483527       -1.19719804674944       -1.29924687699829
H            0.12155151286749        1.57607854316925       -0.22429981937647
H           -1.96011623916753        1.08061040511251        0.77318306960114
H           -1.12132638237523       -1.84448885909773        0.53636505507293
H           -1.17037243550630       -0.92102193234504        2.04622706596528
H           -2.65258723497502       -1.20432624707401        1.12845549079646
H           -1.70525225968323        1.07032902460888       -1.72479516403893
H           -2.99570307470222        0.02794141803544       -1.12561511011152
H           -1.48037753833674       -0.68062786079813       -1.67643713213315
22
 energy: -23.419920982078 gnorm: 0.000027161679 xtb: 6.7.1 (edcfbbe)
C            2.38926567483498        0.63143012155965        0.61719947432159
C            1.13383020660739       -0.13402918492441        0.19171249306091
C            1.32665703983169       -0.68465008700543       -1.22997606362582
N            0.00509685990408        0.76363641976611        0.37206290165170
C           -1.37198269629867        0.29440763356329        0.27549036857133
C           -1.58756892859687       -1.00477121126093        1.04686468488696
C           -1.91781431054307        0.16647229743525       -1.15634900267050
H            2.24821598980028        1.05058384978600        1.60892636501735
H            3.25038982404972       -0.03074430135301        0.63209850260273
H            2.58735481438040        1.44483117694271       -0.07751848708457
H            0.99551905726223       -0.97370029140056        0.87995788622284
H            1.31637374907688        0.12778584633487       -1.95447010562188
H            0.54580209451436       -1.39396416118528       -1.49047238882892
H            2.28309006608550       -1.19699891459071       -1.29950165475882
H            0.12156993356377        1.57605935197605       -0.22445780950004
H           -1.96008241875259        1.08081952680911        0.77290457129671
H           -1.12147298380635       -1.84439214809189        0.53685689541922
H           -1.17044187078157       -0.92052418387645        2.04647908263167
H           -2.65268547681487       -1.20397856489152        1.12879306890375
H           -1.70514390858658        1.06979938040031       -1.72511960336915
H           -2.99574979936156        0.02779281429775       -1.12560295949028
H           -1.48053631146617       -0.68117902198735       -1.67619673512968
22
 energy: -23.419921089496 gnorm: 0.000026327694 xtb: 6.7.1 (edcfbbe)
C            2.38922416411813        0.63116469792408        0.61745793975537
C            1.13380305177772       -0.13407773716676        0.19152928345344
C            1.32683635974096       -0.68432142619876       -1.23027516609845
N            0.00510748342920        0.76362995372851        0.37190612508314
C           -1.37199332630174        0.29445392455849        0.27542539123750
C           -1.58764973806980       -1.00452099035946        1.04712599189389
C           -1.91784546276776        0.16616520260454       -1.15637533419911
H            2.24802685480725        1.05006105106769        1.60927279307902
H            3.25028966127299       -0.03108658299000        0.63233383635701
H            2.58750592138486        1.44473708989976       -0.07700262534491
H            0.99530548755495       -0.97392147536820        0.87952068531411
H            1.31681904701459        0.12833067646386       -1.95453057461417
H            0.54593143881014       -1.39344105406858       -1.49114654622235
H            2.28321045072908       -1.19678547061666       -1.29975782235581
H            0.12158991895748        1.57604276461999       -0.22462531461035
H           -1.96004832627896        1.08102194017621        0.77264230248633
H           -1.12163329882666       -1.84430148940868        0.53730705082435
H           -1.17047735997597       -0.92005222190727        2.04670259082423
H           -2.65277710026483       -1.20363434138276        1.12914184247022
H           -1.70505306276935        1.06929030583082       -1.72541883455229
H           -2.99579946463596        0.02763726673343       -1.12558508863703
H           -1.48068609480333       -0.68170573583669       -1.67596704163703
22
 energy: -23.419921190601 gnorm: 0.000025429733 xtb: 6.7.1 (edcfbbe)
C            2.38918199816734        0.63090010771180        0.61770586336515
C            1.13377030210467       -0.13412888590123        0.19135628090950
C            1.32701504363976       -0.68399396481337       -1.23056410142853
N            0.00511229792493        0.76362239677482        0.37175282272941
C           -1.37200747442229        0.29449600359691        0.27536049541499
C           -1.58772152802084       -1.00427958977748        1.04738357842954
C           -1.91787541083900        0.16587443930989       -1.15640490513667
H            2.24782210841423        1.04957532181898        1.60959034648638
H            3.25018372587688       -0.03143430318803        0.63260026845230
H            2.58767663240586        1.44461932731288       -0.07652075656900
H            0.99508793783919       -0.97414063413904        0.87910058201753
H            1.31722687798072        0.12886347215113       -1.95459352365654
H            0.54607672085561       -1.39294476551500       -1.49178669551816
H            2.28334327451572       -1.19654816753317       -1.30001246608855
H            0.12160417116559        1.57602211086175       -0.22479406038898
H           -1.96001795125136        1.08121545869510        0.77238669701796
H           -1.12180891611040       -1.84421803137201        0.53772881243864
H           -1.17047777370553       -0.91960955351510        2.04691366294060
H           -2.65285991232021       -1.20328574557435        1.12950991528812
H           -1.70497207756584        1.06880441571960       -1.72571600524172
H           -2.99584565115334        0.02748535492217       -1.12556885453404
H           -1.48082779059868       -0.68220841924266       -1.67574647242084
22
 energy: -23.419921286806 gnorm: 0.000024597638 xtb: 6.7.1 (edcfbbe)
C            2.38914068792535        0.63064177649788        0.61795817381764
C            1.13374126888043       -0.13417500170101        0.19118195457406
C            1.32718352744989       -0.68367575975955       -1.23085071267583
N            0.00512138600866        0.76361923626952        0.37160312161933
C           -1.37201787178600        0.29454066401912        0.27529785510732
C           -1.58779448513929       -1.00404228259590        1.04763039467819
C           -1.91790289541789        0.16558321873657       -1.15643118753919
H            2.24761320659105        1.04912131607365        1.60990168437872
H            3.25007210428719       -0.03178315481547        0.63289288126992
H            2.58786038998613        1.44448699718176       -0.07605461701985
H            0.99487603002945       -0.97435284203420        0.87868062755962
H            1.31759276259874        0.12938446755334       -1.95465531457272
H            0.54622879430868       -1.39248213841283       -1.49241296158325
H            2.28348074357322       -1.19629029426063       -1.30027566298786
H            0.12162208805638        1.57600662546685       -0.22495782399723
H           -1.95998738296187        1.08140680480373        0.77213699211849
H           -1.12200712978166       -1.84414014851713        0.53812230708625
H           -1.17045317659933       -0.91918247660847        2.04710350977767
H           -2.65294407279475       -1.20293071361863        1.12989462666161
H           -1.70488934837672        1.06832370847609       -1.72599963165379
H           -2.99588971147216        0.02733036697385       -1.12555505390819
H           -1.48096031046247       -0.68270402142496       -1.67552967820379
