----------------------------------------------- 
  Element       SASA      Sigma Z        Total  
     Z         Ang**2 cal/Ang**2/mol   kcal/mol 
----------------------------------------------- 
      H        142.950      48.690       6.960
      C         36.796     129.740       4.774
      O         31.712       0.000       0.000

 Subtotal:     211.458                  11.734
 -----------------------------------------------

  Elements    COT*SASA   Sigma Z,Z'     Total   
    Z,Z'       Ang**2  cal/Ang**2/mol kcal/mol  
 ---------------------------------------------- 
  H   C         96.380     -60.770      -5.857
  H   O          0.000       0.000       0.000
  C   C         27.165     -72.950      -1.982
  O   C         17.709      68.690       1.216
  O   O          0.000       0.000       0.000

 Subtotal:                              -6.622
 ---------------------------------------------- 

 NONAQUEOUS SOLVENT CONTRIBUTION (kcal/mol):
 (proportional to SASA, atomic number independent)
 ---------------------------------------------- 
 Subtotal:                               0.000
 ---------------------------------------------- 

 CDS TOTAL (kcal/mol):                   5.112
...............................................................................
