20
 energy: -27.124174523071 gnorm: 0.034325886175 xtb: 6.7.1 (edcfbbe)
C           -3.05154785592012       -0.68670989967312       -0.75635369869155
C           -2.49838332626499        0.36980156926820        0.19806414577519
C           -1.18919024322094       -0.02917500756853        0.89318507206953
C            0.03765708863961        0.17124260014269        0.04732943974535
O            0.09146868887735        0.03633474484257       -1.16557356391050
O            1.09979175711036        0.51922093469680        0.80430939321559
C            2.38904251132374        0.65764644121351        0.12965317029965
C            3.06671794886944       -0.68921504608021       -0.00617084801922
H           -4.03249276952171       -0.38491590615274       -1.13806230416070
H           -2.39374607363854       -0.84618566817475       -1.61377605858142
H           -3.17280505895966       -1.64688304658741       -0.24048666163947
H           -3.23730857475638        0.56509838246954        0.98215246534114
H           -2.34946006740740        1.31795372728829       -0.33344299740008
H           -1.21446583013358       -1.09759861499387        1.15232705879208
H           -1.05398280642026        0.51712780421267        1.82956901703520
H            2.23397725158608        1.14131419519220       -0.83930668991156
H            2.95534320448400        1.32882836672916        0.77978532045942
H            3.24076495039428       -1.13725933997865        0.97733050134293
H            2.46342221608162       -1.37576070020064       -0.60859370492489
H            4.03341305185076       -0.55687502836185       -0.50150291087424
20
 energy: -27.125547241267 gnorm: 0.012949389085 xtb: 6.7.1 (edcfbbe)
C           -3.03486021342126       -0.68499319794655       -0.74851594114183
C           -2.49999732376316        0.37352468192142        0.20627355081974
C           -1.18977357612016       -0.03162279635148        0.89141855826125
C            0.03358441374473        0.16599585537833        0.03908530274417
O            0.08608405167469        0.04070368517577       -1.16591883625842
O            1.08956596267217        0.50848353332817        0.78848814766842
C            2.37505825605785        0.65134102553327        0.13272654223305
C            3.06816390032555       -0.68909928440705       -0.00822871712658
H           -4.00382987915036       -0.37823220814465       -1.14074019787721
H           -2.35637229329620       -0.83279194418861       -1.58703906152911
H           -3.16182052049160       -1.63775398072866       -0.23416923068004
H           -3.24564474349301        0.56001836180577        0.98285687822292
H           -2.34586439806008        1.30955942781565       -0.33775058750218
H           -1.22300905470178       -1.09620140685992        1.14840916057183
H           -1.04471984291344        0.52425212344824        1.81872922380202
H            2.21278342807482        1.12003717974885       -0.84167721108331
H            2.93447300704250        1.32464793274148        0.78466762421399
H            3.22857849022534       -1.13695428522909        0.97094813924704
H            2.46510976830578       -1.36559532121328       -0.61231533961516
H            4.03070663026128       -0.55132887354378       -0.49681185900814
20
 energy: -27.125895261221 gnorm: 0.004590719508 xtb: 6.7.1 (edcfbbe)
C           -3.01829723496713       -0.68373736033406       -0.74739363273091
C           -2.49912605250146        0.37732469634945        0.21422002790398
C           -1.19060961482333       -0.03049999364192        0.89893375903316
C            0.02702046442679        0.16293536061944        0.03408428944591
O            0.07389554261112        0.04287461972651       -1.16947505210706
O            1.08141002947227        0.49418459834795        0.77770282091955
C            2.35935188996979        0.64694048750829        0.13130460368966
C            3.06536448430850       -0.69088031441235       -0.01009480876801
H           -3.97590646742539       -0.37675260703578       -1.16012652983748
H           -2.31740080608215       -0.82810679258874       -1.56619737911232
H           -3.15397632829898       -1.63181337304258       -0.23375076560876
H           -3.24752412408223        0.55757373909664        0.98684737106950
H           -2.34290115707297        1.30941124579073       -0.33141544066311
H           -1.23018056154641       -1.09184531955364        1.15647051424348
H           -1.03386294633866        0.53329046304990        1.81868234140806
H            2.19650816417879        1.10623481387777       -0.84799456817844
H            2.91359068925235        1.32292577290485        0.78295217641641
H            3.21611628607715       -1.14088216525938        0.96672695023518
H            2.46781104812591       -1.36240881819997       -0.62145061021032
H            4.02693275768973       -0.54277854491928       -0.48958992118607
20
 energy: -27.125990602629 gnorm: 0.002897999953 xtb: 6.7.1 (edcfbbe)
C           -3.00699969998070       -0.68290810186792       -0.74878988692463
C           -2.50104559424507        0.37977994385375        0.22002793957832
C           -1.19332722288158       -0.02808757062257        0.90584783870228
C            0.02214005811925        0.15948075418994        0.03435870264382
O            0.06235920908932        0.04482371329202       -1.17094012910276
O            1.07840858132892        0.48399594028057        0.77458871682936
C            2.35111077366470        0.64390697086839        0.12827068136575
C            3.06494079680133       -0.69224714088164       -0.01268829475818
H           -3.95602602648371       -0.37530148133216       -1.18061216699315
H           -2.28995226692492       -0.82880229360600       -1.55341066224003
H           -3.15254520807539       -1.62944325966366       -0.23503311168434
H           -3.25345508380930        0.55450709544674        0.98958148678033
H           -2.34543954370141        1.31355807233046       -0.32215561541464
H           -1.23580642940831       -1.08743518078336        1.16828324524393
H           -1.03021395173202        0.54088941951776        1.82089546636427
H            2.18867481627147        1.09903266168395       -0.85350084629180
H            2.90424876381960        1.32326057428839        0.77685996142893
H            3.20901212521330       -1.14441733098522        0.96407777654228
H            2.47318101564946       -1.36307905554221       -0.63079446578084
H            4.02895095025874       -0.53752322218342       -0.48443049032650
20
 energy: -27.126054500834 gnorm: 0.003254379456 xtb: 6.7.1 (edcfbbe)
C           -2.99597855355308       -0.68216908460911       -0.75223196071057
C           -2.50462950643999        0.38005354199062        0.22575765518083
C           -1.19718362084566       -0.02317337888520        0.91414425835125
C            0.01624542966542        0.16038132822441        0.03729815254057
O            0.04955313675765        0.04850220916772       -1.16959566505101
O            1.07743721408027        0.47461313875205        0.77416836961042
C            2.34518235162965        0.63949631084535        0.12370412616336
C            3.06614225931986       -0.69438134085810       -0.01651778040004
H           -3.93465569591100       -0.37276027776037       -1.20608249335809
H           -2.26200385683715       -0.83170002988618       -1.54093434733318
H           -3.15520224728466       -1.62769939441716       -0.23912448614666
H           -3.26232623105121        0.54531514995567        0.99251299520381
H           -2.35312859805579        1.31900682831216       -0.30919882105296
H           -1.23986503495494       -1.08033379106853        1.18565250307695
H           -1.03072992152414        0.55259066785787        1.82412850494498
H            2.18081245443414        1.09159618532818       -0.85949210606395
H            2.89888249138016        1.32328671258003        0.76734705746164
H            3.20265725330608       -1.14982550007902        0.96037028665206
H            2.48254849509721       -1.36544745023523       -0.64316689401534
H            4.03445824376089       -0.53336131693137       -0.47830320909173
20
 energy: -27.126089076392 gnorm: 0.002914489896 xtb: 6.7.1 (edcfbbe)
C           -2.98901208783596       -0.68175101618970       -0.75563534427580
C           -2.50835119524790        0.37879030029930        0.22922439233264
C           -1.20021191202614       -0.01785141294012        0.91959575222934
C            0.01311573967676        0.16074188660536        0.04134701913630
O            0.04214927779521        0.05350273946232       -1.16646934942593
O            1.07847164088312        0.46846594851290        0.77603366513130
C            2.34337866155773        0.63567504983869        0.11977227334910
C            3.06807742329457       -0.69608674869620       -0.01959674564206
H           -3.91984744248900       -0.36987963510226       -1.22349645569007
H           -2.24498303741048       -0.83438151628386       -1.53367076604911
H           -3.15907274842229       -1.62706261040354       -0.24457988416848
H           -3.26993553178111        0.53429891187119        0.99472870707649
H           -2.36270289849677        1.32311145685162       -0.29888006394651
H           -1.24133799481814       -1.07318425062363        1.19994700695022
H           -1.03455599215633        0.56399502656718        1.82598474824824
H            2.17427136269487        1.08557048336328       -0.86374437319348
H            2.89819654666464        1.32335510046601        0.75886362194233
H            3.19944998148126       -1.15415713934234        0.95715437188496
H            2.49132042143799       -1.36780084080771       -0.65233737314518
H            4.03979584817170       -0.53136122516468       -0.47380505678195
20
 energy: -27.126108709789 gnorm: 0.001560923949 xtb: 6.7.1 (edcfbbe)
C           -2.98497630617468       -0.68206654199436       -0.75866783181604
C           -2.51175032763850        0.37607451144533        0.23133937602771
C           -1.20201526501907       -0.01261597705960        0.92283524843900
C            0.01100475533202        0.16492946271868        0.04469660321400
O            0.03899678770936        0.06023351850898       -1.16302376273708
O            1.07994715302236        0.46566191236853        0.77866144106471
C            2.34388500113767        0.63196653506979        0.11707641906719
C            3.06981101297883       -0.69801363680239       -0.02197860748593
H           -3.91057665007861       -0.36762830500052       -1.23388212629313
H           -2.23534340679045       -0.83570782006541       -1.53027476532621
H           -3.16188876173239       -1.62773102697583       -0.25068153565226
H           -3.27545513126012        0.52218693648253        0.99689075298551
H           -2.37274409241726        1.32478451806101       -0.29127781102766
H           -1.23926393011401       -1.06641007761941        1.21078777342296
H           -1.03968967461761        0.57502498872369        1.82635093752564
H            2.16914941831807        1.08044409079270       -0.86598491933186
H            2.89983554437283        1.32207478088386        0.75288166172823
H            3.19782503462118       -1.15800579062950        0.95436577947650
H            2.49775214953580       -1.36979730212473       -0.65864210969360
H            4.04371275178830       -0.53141426849954       -0.47103637762534
20
 energy: -27.126104273718 gnorm: 0.002064163700 xtb: 6.7.1 (edcfbbe)
C           -2.98184904979003       -0.68206481009739       -0.76127316013905
C           -2.51431408816049        0.37393269126351        0.23292597993820
C           -1.20363027108270       -0.00869816438313        0.92572314539331
C            0.00914791350719        0.16834807679278        0.04765714892757
O            0.03630381968516        0.06386938052865       -1.15986482858410
O            1.08117503838795        0.46366854271637        0.78084977847970
C            2.34417770649814        0.62906472293789        0.11470942544908
C            3.07142288499898       -0.69934762367591       -0.02396386434395
H           -3.90292373582900       -0.36532582310789       -1.24285211549476
H           -2.22770981756164       -0.83724442205017       -1.52745222036200
H           -3.16505516935300       -1.62790190072601       -0.25552685727685
H           -3.27994435372307        0.51284041252386        0.99838495685343
H           -2.38030662122024        1.32644701771560       -0.28497753680787
H           -1.23804347594384       -1.06134921983628        1.21988510904961
H           -1.04395578313408        0.58338089524116        1.82707852148128
H            2.16508495133602        1.07649388751170       -0.86802111120119
H            2.90120971381838        1.32135533425225        0.74759308128984
H            3.19671075250677       -1.16085337957870        0.95215585548692
H            2.50344668040312       -1.37145700563130       -0.66390992394320
H            4.04726896763013       -0.53116810411321       -0.46868523823364
20
 energy: -27.126113517907 gnorm: 0.000835663442 xtb: 6.7.1 (edcfbbe)
C           -2.98354343677281       -0.68271057462477       -0.76000393691498
C           -2.51377715253589        0.37418585894804        0.23230928088463
C           -1.20248908461749       -0.00942306907580        0.92368281587757
C            0.01049658990296        0.16739679554702        0.04611652975398
O            0.03848494330912        0.06660926453539       -1.16158211997523
O            1.08092685675257        0.46468640992146        0.78017848224949
C            2.34508033318376        0.63003848235491        0.11606979312052
C            3.07047312172327       -0.69930812836333       -0.02295169187070
H           -3.90736349378262       -0.36704622688136       -1.23704766574194
H           -2.23203481247869       -0.83565174697225       -1.52958306313000
H           -3.16236570089226       -1.62888322991853       -0.25424623535677
H           -3.27793653411657        0.51494725040818        0.99833663057719
H           -2.37897508731595        1.32468341639093       -0.28804742296474
H           -1.23679728818551       -1.06234551343690        1.21526700065172
H           -1.04268517949155        0.58143385036633        1.82573570661483
H            2.16690946541524        1.07784601640202       -0.86650368729619
H            2.90144123536132        1.32081851640206        0.75076904732879
H            3.19718875039172       -1.16017902595499        0.95301450163435
H            2.50010948405600       -1.37076533664390       -0.66101496771357
H            4.04507305306709       -0.53234250112071       -0.47006285176662
20
 energy: -27.126117607942 gnorm: 0.000747197136 xtb: 6.7.1 (edcfbbe)
C           -2.98468275899830       -0.68446630529331       -0.75840272266366
C           -2.51350181683771        0.37420080833934        0.23199976765169
C           -1.20098225919075       -0.00948768528767        0.92127121703775
C            0.01096947044200        0.17066481266638        0.04317577648916
O            0.03986194465768        0.07441159060105       -1.16473826995408
O            1.08026912626592        0.46586358510683        0.77887463365634
C            2.34607469992190        0.63062387765886        0.11814834252007
C            3.06875848260687       -0.70033223254647       -0.02189296413598
H           -3.91264137336298       -0.37139893471437       -1.22987139323980
H           -2.23609952933800       -0.83281826273651       -1.53252856896327
H           -3.15654230411964       -1.63153272779589       -0.25275889857679
H           -3.27584906273025        0.51609823804831        0.99895301483328
H           -2.37868906351550        1.32242258795327       -0.29128047375272
H           -1.23355207474448       -1.06277437888081        1.20983784246425
H           -1.04072997689986        0.58029772750691        1.82373958304026
H            2.17034365825011        1.07971944284193       -0.86404933816459
H            2.90169119333809        1.31854785754902        0.75593918546312
H            3.19665888530294       -1.16073293853287        0.95387605554642
H            2.49480779225116       -1.37024905409573       -0.65806298792497
H            4.04205102967452       -0.53506750010447       -0.47179365536412
20
 energy: -27.126120875246 gnorm: 0.000662504370 xtb: 6.7.1 (edcfbbe)
C           -2.98361960838824       -0.68543071645151       -0.75874800913756
C           -2.51464821929339        0.37351989658838        0.23242598212280
C           -1.20118363973666       -0.00742968088151        0.92134981513868
C            0.01046800170988        0.17336721776013        0.04300222305371
O            0.03829955796931        0.08191020117788       -1.16540132397208
O            1.08074697490292        0.46456093693748        0.77913598275915
C            2.34661292666366        0.62964214538098        0.11822004908023
C            3.06871136421968       -0.70159881263592       -0.02224744590207
H           -3.91206710136359       -0.37395449068356       -1.23016072685152
H           -2.23497084289248       -0.83198297527157       -1.53292301213811
H           -3.15383743998126       -1.63318913699951       -0.25376141924882
H           -3.27733053824291        0.51283056359634        0.99960910907933
H           -2.38229995029497        1.32270049431747       -0.28991777394024
H           -1.23191720501572       -1.06048905767958        1.21124354060323
H           -1.04145110872642        0.58333646237515        1.82328016974742
H            2.17097897058335        1.07937826872076       -0.86370347602959
H            2.90252061363499        1.31712062361597        0.75630274341883
H            3.19592417467074       -1.16266260073130        0.95334832162749
H            2.49485616585823       -1.37102161478340       -0.65911689396343
H            4.04242296669660       -0.53661721606889       -0.47150170948511
20
 energy: -27.126129488443 gnorm: 0.000681421735 xtb: 6.7.1 (edcfbbe)
C           -2.98042794789109       -0.68907105063693       -0.75976754877829
C           -2.51872002613825        0.37094006966605        0.23349339760248
C           -1.20216303291748       -0.00029883536219        0.92113685746765
C            0.00811773835700        0.18568656205344        0.04182735562591
O            0.03231352615332        0.11006636058949       -1.16785250023922
O            1.08231556893569        0.45961400772089        0.77977612747502
C            2.34833645723001        0.62545015450715        0.11908658453990
C            3.06920751170334       -0.70635869039228       -0.02343407773999
H           -3.91185003189254       -0.38405968964599       -1.22946356309570
H           -2.23198560962144       -0.82831736182923       -1.53513728523347
H           -3.14291216886196       -1.63946001275542       -0.25645126911060
H           -3.28227315001737        0.50228295191375        1.00152179831915
H           -2.39457074063437        1.32311945607909       -0.28605695960121
H           -1.22566358396128       -1.05271362479876        1.21540594425659
H           -1.04474126348098        0.59358568560937        1.82149265044402
H            2.17370194951869        1.07807642889707       -0.86178322078065
H            2.90529639662227        1.31121626148398        0.75845813191285
H            3.19481641790977       -1.16939694462096        0.95155275771845
H            2.49542506957757       -1.37426617633591       -0.66221438776092
H            4.04399298238282       -0.54210504385884       -0.47115464705963
20
 energy: -27.126133955671 gnorm: 0.000809327667 xtb: 6.7.1 (edcfbbe)
C           -2.97732149836989       -0.69279236474528       -0.76002285235189
C           -2.52199973136195        0.36922430578108        0.23403448223137
C           -1.20292680774227        0.00611784347660        0.92061218021035
C            0.00644886757487        0.19638887340593        0.04087355571763
O            0.02738872400605        0.13731125767835       -1.16982841057757
O            1.08355283652742        0.45472032549937        0.78040987221180
C            2.34969047686440        0.62158464474681        0.12057454625493
C            3.06903080757120       -0.71073980072376       -0.02452159145001
H           -3.91255461781072       -0.39451786284022       -1.22674314460550
H           -2.22974803686539       -0.82451015366424       -1.53769225459522
H           -3.13084533825646       -1.64554356674653       -0.25812659716622
H           -3.28602491164267        0.49476213046209        1.00263809698289
H           -2.40432669257051        1.32272362368044       -0.28465236119359
H           -1.22002471853560       -1.04575796925524        1.21732582086405
H           -1.04803567360194        0.60219223817151        1.82006015229083
H            2.17579777974380        1.07682002253742       -0.85927146840181
H            2.90749087176526        1.30529217523126        0.76158071545700
H            3.19416912222862       -1.17565913265282        0.94962366377116
H            2.49451700338133       -1.37692470869861       -0.66443389583843
H            4.04393760006816       -0.54670137306042       -0.47200436384942
20
 energy: -27.126136166523 gnorm: 0.000325028773 xtb: 6.7.1 (edcfbbe)
C           -2.97522358166967       -0.69512162691153       -0.76000310919931
C           -2.52333676659283        0.36854070341577        0.23378788677101
C           -1.20352472983334        0.00971159306484        0.92081826456045
C            0.00542853886889        0.20304143735216        0.04116090616809
O            0.02476230105832        0.15298221857168       -1.16971854283132
O            1.08406414531769        0.45174378397695        0.78131426509788
C            2.35005311714642        0.61924201159337        0.12180778198500
C            3.06862036915163       -0.71324130385448       -0.02569025691206
H           -3.91267733605261       -0.40123049772978       -1.22499534095946
H           -2.22847361853770       -0.82272181651973       -1.53909904953600
H           -3.12313791844872       -1.64881859100706       -0.25845397282789
H           -3.28788290195884        0.49218117131833        1.00205719262137
H           -2.40832533602625        1.32192786258299       -0.28545156571024
H           -1.21726219976552       -1.04189156429251        1.21835120126919
H           -1.05049223181074        0.60672208114403        1.81998922942978
H            2.17639179371677        1.07630328388423       -0.85722999306858
H            2.90852242594736        1.30149049986750        0.76378084686882
H            3.19398187657628       -1.17971213733674        0.94768112769215
H            2.49339959141946       -1.37816936314557       -0.66623924558773
H            4.04332852446711       -0.54898923769072       -0.47343147986879
20
 energy: -27.126137392813 gnorm: 0.000169879690 xtb: 6.7.1 (edcfbbe)
C           -2.97342245240209       -0.69699269498419       -0.75972946079849
C           -2.52400327058565        0.36851991903697        0.23319293316965
C           -1.20424010860402        0.01194853499762        0.92131678338121
C            0.00474311859924        0.20719119775736        0.04209196378520
O            0.02289476189276        0.16389817635763       -1.16906218290252
O            1.08440983286783        0.44923570327232        0.78259644442171
C            2.35017505197075        0.61756621769029        0.12295881793740
C            3.06822481345754       -0.71483363006648       -0.02709592070273
H           -3.91193403552970       -0.40573167191442       -1.22436519443345
H           -2.22639206269446       -0.82267399113129       -1.53914724886266
H           -3.11835702228821       -1.65078627923219       -0.25761561891211
H           -3.28935753397536        0.49221527212678        1.00056808032864
H           -2.40945224107867        1.32113731179668       -0.28740053271626
H           -1.21630433556874       -1.03950304419830        1.21920394619521
H           -1.05288982193554        0.60947421683775        1.82044985645079
H            2.17591397588809        1.07613819504978       -0.85524894686284
H            2.90919866820155        1.29862084731493        0.76567809426895
H            3.19407410376017       -1.18274580109525        0.94547790132077
H            2.49232872656305       -1.37855967138730       -0.66818825575105
H            4.04260589443517       -0.55012829994493       -0.47524531335508
20
 energy: -27.126138101009 gnorm: 0.000110602385 xtb: 6.7.1 (edcfbbe)
C           -2.97207123171962       -0.69876167278301       -0.75944085254607
C           -2.52428557187828        0.36860472690478        0.23224590687486
C           -1.20486137942212        0.01388970257756        0.92196540398376
C            0.00427467011276        0.21074807996899        0.04335998576528
O            0.02150963203149        0.17322063831562       -1.16795725933296
O            1.08485538608210        0.44686246012313        0.78422209728923
C            2.35038029560885        0.61624746820517        0.12423000195985
C            3.06777733208096       -0.71612296188598       -0.02864965269961
H           -3.91105686973744       -0.40969476171406       -1.22438592163667
H           -2.22501981021437       -0.82397785097148       -1.53879503984535
H           -3.11525354558011       -1.65225292054783       -0.25637453121246
H           -3.29044248070631        0.49328901616464        0.99860966975636
H           -2.40960531025378        1.32028917036365       -0.29000803747349
H           -1.21564525676598       -1.03746574439106        1.22009523609624
H           -1.05500274353208        0.61171775851308        1.82116391166428
H            2.17547794580298        1.07665056356854       -0.85298850531910
H            2.90995102197081        1.29594789215273        0.76786735196995
H            3.19424859997047       -1.18576643759529        0.94300578404861
H            2.49116483675148       -1.37852570656674       -0.67043690780181
H            4.04182054237188       -0.55090891211872       -0.47729249557857
20
 energy: -27.126138426084 gnorm: 0.000093309360 xtb: 6.7.1 (edcfbbe)
C           -2.97152699419624       -0.69972672142681       -0.75916382332306
C           -2.52442085531530        0.36872487799184        0.23166601725675
C           -1.20522616914344        0.01474005972675        0.92218439897365
C            0.00408648859363        0.21221555163120        0.04397203694686
O            0.02101256212190        0.17739840083113       -1.16743915042146
O            1.08502726376253        0.44571663744729        0.78510622661617
C            2.35052481274749        0.61568471974427        0.12504479078508
C            3.06762368082064       -0.71663342446104       -0.02963757425198
H           -3.91019332108039       -0.41115379804192       -1.22503457564771
H           -2.22384694673510       -0.82563642153433       -1.53787082331175
H           -3.11504844848364       -1.65269243111493       -0.25514863523859
H           -3.29103828033611        0.49420053728527        0.99748242390997
H           -2.40942917849659        1.31988367371862       -0.29154959119548
H           -1.21554988591745       -1.03655640571524        1.22060506042346
H           -1.05610565840593        0.61276397409396        1.82137178899488
H            2.17544687591911        1.07729619958567       -0.85155631427014
H            2.91037935508218        1.29452958082270        0.76933553738356
H            3.19425048278761       -1.18741585825620        0.94145157716048
H            2.49063943254292       -1.37817091760547       -0.67200405095251
H            4.04161084670588       -0.55117772643903       -0.47837917387584
20
 energy: -27.126138712529 gnorm: 0.000065623406 xtb: 6.7.1 (edcfbbe)
C           -2.97136617591734       -0.70061114141590       -0.75882548258132
C           -2.52446500700857        0.36874992348203        0.23111276445648
C           -1.20538372463150        0.01542479572024        0.92216371614123
C            0.00404834300286        0.21346223761133        0.04423855419857
O            0.02084086168207        0.18076545163517       -1.16724637465344
O            1.08522411278326        0.44491562727621        0.78573803946372
C            2.35081321606587        0.61537378494940        0.12590935658056
C            3.06738770155810       -0.71702170356572       -0.03044880270700
H           -3.90946924431701       -0.41210008769428       -1.22583342527714
H           -2.22314395734357       -0.82783329753891       -1.53676443526095
H           -3.11584611944061       -1.65291075492666       -0.25378946660275
H           -3.29127624678533        0.49502504943946        0.99662342724167
H           -2.40929809880006        1.31941783675944       -0.29299840210204
H           -1.21528153985618       -1.03582467894626        1.22081092612027
H           -1.05677787358343        0.61361726185957        1.82132655516257
H            2.17586536815186        1.07835506152261       -0.85007342674285
H            2.91088035926627        1.29317691655103        0.77113089704836
H            3.19412010901455       -1.18896765360591        0.94005334488699
H            2.49002471715447       -1.37761981468647       -0.67344295258440
H            4.04131926197799       -0.55140430614265       -0.47924866682618
20
 energy: -27.126138950435 gnorm: 0.000109510095 xtb: 6.7.1 (edcfbbe)
C           -2.97153865269364       -0.70108997972873       -0.75847617758742
C           -2.52433059915890        0.36889936763886        0.23066624905681
C           -1.20541514828968        0.01558909979165        0.92203572518208
C            0.00421227546241        0.21350926688240        0.04436603438305
O            0.02124924180061        0.18106332059172       -1.16706881128707
O            1.08523929673351        0.44480253922337        0.78609962348357
C            2.35096881664357        0.61545716180611        0.12661367402321
C            3.06718640703400       -0.71698037028579       -0.03109315150232
H           -3.90863374191678       -0.41185764648029       -1.22698638175929
H           -2.22258053122202       -0.83032405121241       -1.53535075257287
H           -3.11802180642811       -1.65256010614522       -0.25246077156017
H           -3.29116190757738        0.49602669060975        0.99604070585783
H           -2.40879538781508        1.31915927278599       -0.29413181469391
H           -1.21536759219011       -1.03561682445293        1.22082945154416
H           -1.05693012951847        0.61387538962321        1.82115448402902
H            2.17641971860851        1.07956186445631       -0.84890773963172
H            2.91116736151441        1.29238649039834        0.77263982479838
H            3.19376246814560       -1.18992449510731        0.93895089579891
H            2.48960223417299       -1.37676200532399       -0.67473880346470
H            4.04118373966826       -0.55122447678733       -0.47974611813520
20
 energy: -27.126139058655 gnorm: 0.000033556617 xtb: 6.7.1 (edcfbbe)
C           -2.97172647753194       -0.70145862649950       -0.75819454269029
C           -2.52421842730561        0.36897023191345        0.23031712520668
C           -1.20538857030977        0.01575710059972        0.92189202895931
C            0.00436856250189        0.21361437995963        0.04435731270895
O            0.02157538861816        0.18126991693837       -1.16712885983761
O            1.08530004476688        0.44474685996631        0.78637079613675
C            2.35114075717042        0.61554591012453        0.12721428298564
C            3.06697437656870       -0.71698071771122       -0.03153782487035
H           -3.90827674244553       -0.41182017047278       -1.22756052909537
H           -2.22237446134312       -0.83197481781398       -1.53447819816451
H           -3.11932447031783       -1.65235895887690       -0.25143944446673
H           -3.29101222234542        0.49673073312259        0.99559405207633
H           -2.40847616745093        1.31885461512220       -0.29506794214887
H           -1.21538405685178       -1.03541270251590        1.22079364307969
H           -1.05699568420026        0.61415300665213        1.82095682267933
H            2.17690767277762        1.08057715492080       -0.84793806300188
H            2.91144175679038        1.29172382173074        0.77394971075887
H            3.19346863210770       -1.19073692507078        0.93811618721261
H            2.48922675637018       -1.37610386793803       -0.67570592105017
H            4.04098939540397       -0.55110643586764       -0.48007449051602
20
 energy: -27.126139113748 gnorm: 0.000037082785 xtb: 6.7.1 (edcfbbe)
C           -2.97177640115959       -0.70167413961283       -0.75805465087865
C           -2.52415287936377        0.36908909450846        0.23007487360114
C           -1.20541411175630        0.01588896314295        0.92183435547274
C            0.00448723480069        0.21353635409606        0.04445385321912
O            0.02187525862864        0.18097261281696       -1.16700674755809
O            1.08530780549323        0.44478831716156        0.78658318987496
C            2.35122474920234        0.61560931370073        0.12759714576115
C            3.06682532981913       -0.71696157528973       -0.03185318326941
H           -3.90816677837851       -0.41197045356590       -1.22768057448053
H           -2.22237909615913       -0.83273917674712       -1.53418578676999
H           -3.11975056074450       -1.65233038687587       -0.25094995793906
H           -3.29094746668264        0.49725292050228        0.99528627005706
H           -2.40822320243006        1.31876702924774       -0.29564616968943
H           -1.21548248930144       -1.03524314527584        1.22087757000964
H           -1.05710140095853        0.61439307751029        1.82083886056466
H            2.17717392360841        1.08120004626851       -0.84732503362179
H            2.91163332327738        1.29131734376644        0.77473470947318
H            3.19323398594117       -1.19127325662850        0.93754323553111
H            2.48897388544072       -1.37562790492085       -0.67639687794883
H            4.04087495369648       -0.55100452552163       -0.48028893544662
