----------------------------------------------- 
  Element       SASA      Sigma Z        Total  
     Z         Ang**2 cal/Ang**2/mol   kcal/mol 
----------------------------------------------- 
      H        139.194      48.690       6.777
      C         37.537     129.740       4.870
      O         32.267       0.000       0.000

 Subtotal:     208.999                  11.647
 -----------------------------------------------

  Elements    COT*SASA   Sigma Z,Z'     Total   
    Z,Z'       Ang**2  cal/Ang**2/mol kcal/mol  
 ---------------------------------------------- 
  H   C         93.810     -60.770      -5.701
  H   O          0.000       0.000       0.000
  C   C         22.043     -72.950      -1.608
  O   C         17.384      68.690       1.194
  O   O          0.000       0.000       0.000

 Subtotal:                              -6.115
 ---------------------------------------------- 

 NONAQUEOUS SOLVENT CONTRIBUTION (kcal/mol):
 (proportional to SASA, atomic number independent)
 ---------------------------------------------- 
 Subtotal:                               0.000
 ---------------------------------------------- 

 CDS TOTAL (kcal/mol):                   5.533
...............................................................................
