14
 energy: -16.971292147433 gnorm: 0.020372458962 xtb: 6.7.1 (edcfbbe)
C           -3.87864234041889       -0.70051931015919       -0.15041398672627
C           -2.51500278227266       -0.31280349336499        0.41309706129317
C           -1.89246920511772        0.85915998059521       -0.33882490292163
C           -0.58216545654116        1.35457939934018        0.22137250543149
I            1.04873796238891       -0.11787348786838       -0.00652841231023
H           -4.58381865798532        0.13534070861243       -0.08566524188197
H           -3.79833431567300       -0.98905214111468       -1.20421292939380
H           -4.30844618457474       -1.54532842176337        0.39650272240131
H           -1.83770588933908       -1.17395203009381        0.36441072651122
H           -2.61060320048623       -0.04624581140835        1.47341505238987
H           -1.78402477539211        0.61599578906173       -1.40226066503398
H           -2.57646124782962        1.72076427701939       -0.28462093442187
H           -0.61848674681390        1.53452729358932        1.29559264517837
H           -0.19955813384389        2.23004673764544       -0.30005338930450
14
 energy: -16.971994806776 gnorm: 0.005987777657 xtb: 6.7.1 (edcfbbe)
C           -3.86679773997434       -0.69350945208190       -0.15072532090060
C           -2.50715248094350       -0.30850832566777        0.41469623556327
C           -1.89893302875263        0.86754951083401       -0.34250205320746
C           -0.57879484162460        1.33489895901332        0.22005603017329
I            1.02392993598039       -0.12853015395568       -0.00523211010732
H           -4.56547024953085        0.13993969807746       -0.08068474671333
H           -3.78178622986870       -0.98046795820241       -1.19855763006008
H           -4.28443960735554       -1.53518227119424        0.39903725040414
H           -1.83525073604207       -1.17026417464592        0.35648703663823
H           -2.61197178301122       -0.04414006163384        1.47153046293375
H           -1.78557508783016        0.60914536274760       -1.39910071184822
H           -2.58465692149458        1.72291170444161       -0.28763888677608
H           -0.63945601645558        1.52821423357216        1.28812402015421
H           -0.22062618699603        2.22258241878656       -0.29367932504263
14
 energy: -16.972030554955 gnorm: 0.002132885316 xtb: 6.7.1 (edcfbbe)
C           -3.86634409797864       -0.69476742355202       -0.15059104155500
C           -2.50688632246646       -0.30671675411210        0.41445641293197
C           -1.89901755214356        0.86921535029394       -0.34406246453177
C           -0.57779371067455        1.33715331675453        0.22265887995313
I            1.01019916699678       -0.13345285008518       -0.00957548070149
H           -4.56215228936472        0.13839884137593       -0.08015886626056
H           -3.77778808833071       -0.98029970579870       -1.19639229444102
H           -4.28052868898326       -1.53547989039918        0.39980861865846
H           -1.83420135243816       -1.16591795020516        0.35416599290244
H           -2.61276207027458       -0.04143384838585        1.46952405268538
H           -1.78419480147380        0.60470320635636       -1.39802022666895
H           -2.58601449757368        1.72013582586532       -0.29085821521077
H           -0.64333189572303        1.52881224064333        1.29041931922972
H           -0.21616477347103        2.22428913133972       -0.28956443578036
14
 energy: -16.972034483680 gnorm: 0.001196906447 xtb: 6.7.1 (edcfbbe)
C           -3.86765287272670       -0.69539334438883       -0.15014046528966
C           -2.50770877753050       -0.30530023853394        0.41429339215985
C           -1.90221321524773        0.87165787914530       -0.34562665014642
C           -0.57714756804821        1.33535442622552        0.22040807497622
I            1.01757212612551       -0.13351255652273       -0.00529608465045
H           -4.56319255740226        0.13707284770383       -0.07881539200520
H           -3.77786311640405       -0.98007110717841       -1.19540117432693
H           -4.27903260049742       -1.53645047632014        0.40066464399728
H           -1.83403775664782       -1.16290273188676        0.35198172340695
H           -2.61255319474187       -0.04012086198059        1.46891220517184
H           -1.78770090880611        0.60546240640834       -1.39867822007409
H           -2.58827654901177        1.72159120672168       -0.29112857929163
H           -0.64201904506275        1.52252437888804        1.28884394512080
H           -0.21515493789772        2.22472766180962       -0.28820716783737
14
 energy: -16.972036672069 gnorm: 0.000690284739 xtb: 6.7.1 (edcfbbe)
C           -3.86751329499709       -0.69531534929171       -0.15051969806923
C           -2.50745079065295       -0.30569440107133        0.41493739819584
C           -1.90027411124472        0.87030090822618       -0.34543498764334
C           -0.57787546208661        1.33642824413338        0.22302104395310
I            1.01489713959155       -0.13386392167795       -0.01126321163828
H           -4.56433628538470        0.13701679726885       -0.08004794801068
H           -3.77813456283926       -0.98113898460897       -1.19618932610604
H           -4.27974878986323       -1.53644057178593        0.40055949237025
H           -1.83408243683012       -1.16410967523664        0.35485076368627
H           -2.61319261848885       -0.03943898055601        1.46957878104166
H           -1.78373772310432        0.60478165588567       -1.39868767847815
H           -2.58552763102410        1.72178710498311       -0.29298130007411
H           -0.64547497754537        1.52615905098024        1.29110631233064
H           -0.21452942942963        2.22416761284206       -0.28711939034677
14
 energy: -16.972036121183 gnorm: 0.001004292948 xtb: 6.7.1 (edcfbbe)
C           -3.86758393975017       -0.69554029496699       -0.15027332678775
C           -2.50734170550996       -0.30550585893203        0.41457472947017
C           -1.90015747451077        0.87036475161614       -0.34599629616346
C           -0.57768797223500        1.33703083306128        0.22139973363626
I            1.01251487035975       -0.13277336161525       -0.00826485888282
H           -4.56475998286283        0.13659066505151       -0.07957036157491
H           -3.77860095854520       -0.98139082413955       -1.19605418667214
H           -4.27950369572492       -1.53684134106828        0.40097652367033
H           -1.83401578463725       -1.16401410513914        0.35469062273197
H           -2.61301926018456       -0.03892766036132        1.46918082871330
H           -1.78428179628714        0.60533572548100       -1.39940899485821
H           -2.58529681308841        1.72202561322679       -0.29284519582080
H           -0.64178317068492        1.52199251750329        1.29028305710163
H           -0.21546329023806        2.22629283037351       -0.28688202335239
14
 energy: -16.972039042275 gnorm: 0.000409019475 xtb: 6.7.1 (edcfbbe)
C           -3.86793351157916       -0.69573947870925       -0.15021209461367
C           -2.50800205890194       -0.30466600330928        0.41450877401250
C           -1.90094752693341        0.87110485307753       -0.34621290486744
C           -0.57725105789766        1.33560632051901        0.22177399406320
I            1.01665671001446       -0.13271915314664       -0.00938827552452
H           -4.56474543555742        0.13618605063926       -0.07946076416439
H           -3.77819691883896       -0.98128721110824       -1.19562350729722
H           -4.27899740604377       -1.53700842627070        0.40114712555044
H           -1.83447446862705       -1.16271211093108        0.35438418734622
H           -2.61382989569356       -0.03778229776159        1.46876661024335
H           -1.78484166037298        0.60464817803187       -1.39907609634129
H           -2.58611601663860        1.72223453070012       -0.29350259474517
H           -0.64343124371867        1.52147934935518        1.29042917161499
H           -0.21487048311068        2.22529488900475       -0.28572337406586
14
 energy: -16.972039417200 gnorm: 0.000164380896 xtb: 6.7.1 (edcfbbe)
C           -3.86760384945965       -0.69558060990379       -0.15038019890321
C           -2.50779742461808       -0.30476866568503        0.41480645184312
C           -1.90047410856368        0.87070089292254       -0.34618481500031
C           -0.57749918032351        1.33608100181770        0.22216482528811
I            1.01531752202176       -0.13352976927953       -0.01073573234693
H           -4.56477959985572        0.13625778129207       -0.07993913454123
H           -3.77795724041138       -0.98145515907469       -1.19585281738458
H           -4.27893496992102       -1.53682368525799        0.40099719708942
H           -1.83427123783565       -1.16300801155802        0.35549526244581
H           -2.61402201721824       -0.03749559654382        1.46903923371827
H           -1.78401423881901        0.60436699911816       -1.39912893979089
H           -2.58563111429437        1.72210655335855       -0.29404352262690
H           -0.64384972614710        1.52186574510817        1.29088060277776
H           -0.21546378845376        2.22592201377661       -0.28530816135726
14
 energy: -16.972039157844 gnorm: 0.000329936591 xtb: 6.7.1 (edcfbbe)
C           -3.86771539057666       -0.69559027422254       -0.15048127484646
C           -2.50811136084167       -0.30462617409530        0.41502149664137
C           -1.90048895762756        0.87052280422344       -0.34619003025567
C           -0.57771273333135        1.33570547460666        0.22248284382322
I            1.01585771174340       -0.13159207005998       -0.01179353005646
H           -4.56509122118087        0.13618608752001       -0.08033434966321
H           -3.77786180175523       -0.98163622806726       -1.19595556391878
H           -4.27916529668179       -1.53683979386407        0.40089465671094
H           -1.83454732795542       -1.16293949080915        0.35636870361446
H           -2.61465303971019       -0.03694911514856        1.46916332817733
H           -1.78373034567745        0.60400152428818       -1.39908676997062
H           -2.58542298341523        1.72223342384082       -0.29453903187530
H           -0.64373939437929        1.52117084288922        1.29127223122811
H           -0.21459883251008        2.22499247898948       -0.28501245839776
14
 energy: -16.972039604934 gnorm: 0.000034738983 xtb: 6.7.1 (edcfbbe)
C           -3.86770590735153       -0.69572037942797       -0.15042343785681
C           -2.50811585693285       -0.30445119820903        0.41494262731542
C           -1.90048536176193        0.87071590300967       -0.34625016044292
C           -0.57743424926501        1.33579995142208        0.22216532460137
I            1.01584654793305       -0.13257593872849       -0.01142869496780
H           -4.56499245990206        0.13603920044604       -0.08026537444108
H           -3.77769487188776       -0.98167601744985       -1.19583872187211
H           -4.27903605801375       -1.53697355480310        0.40095663949511
H           -1.83451654471019       -1.16266542175461        0.35621811774477
H           -2.61467918604963       -0.03672966845213        1.46901732167501
H           -1.78390530925965        0.60403973354288       -1.39907890977780
H           -2.58550576504548        1.72223419790233       -0.29446018539266
H           -0.64352750072507        1.52075624284770        1.29102109464524
H           -0.21522845092756        2.22584643974543       -0.28476538951458
14
 energy: -16.972039638606 gnorm: 0.000027034386 xtb: 6.7.1 (edcfbbe)
C           -3.86762003755659       -0.69572089400816       -0.15051746557975
C           -2.50817992939135       -0.30431202431644        0.41511061649333
C           -1.90049787773004        0.87070891747513       -0.34627571539671
C           -0.57745473551161        1.33573460937017        0.22223093058600
I            1.01584858345379       -0.13261684311732       -0.01198384687011
H           -4.56502793749428        0.13595564770888       -0.08059188994582
H           -3.77740266134756       -0.98181974455268       -1.19587274185465
H           -4.27894397745831       -1.53694013435910        0.40090085989413
H           -1.83451008557159       -1.16250537804404        0.35675700714379
H           -2.61501368429142       -0.03631663118631        1.46909253601525
H           -1.78386286607918        0.60385025845661       -1.39905768664364
H           -2.58546819050968        1.72227879593534       -0.29467761166568
H           -0.64350644613663        1.52038421898649        1.29115133463319
H           -0.21534112827493        2.22595869174238       -0.28445607559816
