----------------------------------------------- 
  Element       SASA      Sigma Z        Total  
     Z         Ang**2 cal/Ang**2/mol   kcal/mol 
----------------------------------------------- 
      H        111.525      48.690       5.430
      C         30.998     129.740       4.022
      O         35.380       0.000       0.000

 Subtotal:     177.903                   9.452
 -----------------------------------------------

  Elements    COT*SASA   Sigma Z,Z'     Total   
    Z,Z'       Ang**2  cal/Ang**2/mol kcal/mol  
 ---------------------------------------------- 
  H   C         75.053     -60.770      -4.561
  H   O          0.000       0.000       0.000
  C   C          0.000     -72.950      -0.000
  O   C          3.755      68.690       0.258
  O   O          0.000       0.000       0.000

 Subtotal:                              -4.303
 ---------------------------------------------- 

 NONAQUEOUS SOLVENT CONTRIBUTION (kcal/mol):
 (proportional to SASA, atomic number independent)
 ---------------------------------------------- 
 Subtotal:                               0.000
 ---------------------------------------------- 

 CDS TOTAL (kcal/mol):                   5.149
...............................................................................
