20
 energy: -386.241664246685 gnorm: 0.035268320075 xtb: 6.7.1 (edcfbbe)
C           -2.22245660728483       -1.50013931046475       -0.00350030120155
C           -2.46396610059185        0.00315935640140        0.06008480702663
C           -1.35219832919920        0.78254383434677       -0.64714453828677
C           -0.04001227831773        0.64668502428656        0.08264709733662
O            0.10529628444666        0.77033017144135        1.28081173086756
O            0.95698610142407        0.39313314327421       -0.75706459123548
C            2.28319533301174        0.23627614410470       -0.22527113649982
C            2.55155846043066       -1.21358071603777        0.14836617676574
H           -1.29134807317223       -1.75505527597771        0.49911184532117
H           -3.03181273124348       -2.03521317950186        0.48594231341533
H           -2.15966091025700       -1.83466354361299       -1.03626926355920
H           -2.50480680790995        0.32327461944325        1.10282254348869
H           -3.41735585311432        0.24216761710731       -0.41156002338237
H           -1.60342594951052        1.84497710431756       -0.65977867079237
H           -1.21667985753914        0.43819442339418       -1.67177072854081
H            2.94411990740462        0.56812527305175       -1.02660926345492
H            2.38801248475819        0.88633466299276        0.64874093798747
H            3.57982553808632       -1.31582201868308        0.47946569131246
H            1.88939417493724       -1.51937862217328        0.95556712192344
H            2.38420651195651       -1.85797364072332       -0.71043108391481
20
 energy: -386.242903079596 gnorm: 0.013603743945 xtb: 6.7.1 (edcfbbe)
C           -2.22493111609019       -1.50489420807944        0.00042652845374
C           -2.46609653103256        0.00138572200581        0.06062510854322
C           -1.35742986581580        0.78724121228057       -0.64526845913878
C           -0.04160432123091        0.65000489096346        0.07574719817179
O            0.10083242086127        0.76272736617464        1.28267526448219
O            0.96467759938140        0.39509660230310       -0.76937526133544
C            2.29692892341603        0.23941444169693       -0.22172555110894
C            2.54605713174034       -1.21045156448867        0.15019585263853
H           -1.28882915506479       -1.77137278256211        0.50142209068036
H           -3.03440146124204       -2.05117868845327        0.49004556002720
H           -2.16148383550578       -1.84481997394696       -1.03691833033569
H           -2.52328691618276        0.32927355122677        1.10321469782446
H           -3.42023104282257        0.24875898732096       -0.41262010273407
H           -1.59931119445165        1.85587694890596       -0.65637434415054
H           -1.23715041429157        0.45363469770993       -1.67826005243845
H            2.96174893751250        0.56536376720679       -1.02302840387512
H            2.41403515757372        0.90118551022242        0.64041114056039
H            3.58003213019267       -1.31841974907342        0.48407748852392
H            1.88320969951147       -1.52323343563439        0.96065341326289
H            2.38610564554005       -1.86221850115808       -0.71176143511340
20
 energy: -386.243187059386 gnorm: 0.005258864883 xtb: 6.7.1 (edcfbbe)
C           -2.22717284333705       -1.50547615763796        0.00224023176325
C           -2.46980559375299        0.00063252528740        0.06247405773258
C           -1.36086358238933        0.78861750758867       -0.64103834226500
C           -0.04122427338998        0.64455088883005        0.06849130547839
O            0.10475045458059        0.75062878552554        1.27756491608728
O            0.97043512013102        0.40150138796723       -0.78470968047713
C            2.30709719388920        0.23908453055608       -0.22263921380172
C            2.54623011107265       -1.20647565298129        0.15450991848180
H           -1.28902709931751       -1.77766207961030        0.50237634746362
H           -3.03602446146209       -2.05732494027622        0.49225360661923
H           -2.16357689621443       -1.84984239149969       -1.03656208837847
H           -2.54179979535746        0.33188987452827        1.10476169395100
H           -3.42314175755376        0.24871804770611       -0.41612869321914
H           -1.59708914909339        1.86081419479716       -0.64469918647565
H           -1.25355600271476        0.46911224277871       -1.68176398573427
H            2.97624677857529        0.56004022566663       -1.02342373781765
H            2.42449010975124        0.91022542356181        0.63157891887797
H            3.58081912318248       -1.32255870577248        0.49481821417787
H            1.87914284099762       -1.52150298173827        0.96302648072793
H            2.39294288417667       -1.86159882564002       -0.70896541308469
20
 energy: -386.243250546525 gnorm: 0.003194538610 xtb: 6.7.1 (edcfbbe)
C           -2.22808827616937       -1.50611467130812        0.00318388869130
C           -2.47047112680945       -0.00073699466668        0.06214126438074
C           -1.36080371043218        0.78912327602641       -0.63806276290700
C           -0.03918156103408        0.64110271145648        0.06541256604548
O            0.10949506452217        0.73577399928208        1.27454777638810
O            0.97325341976185        0.40700822468582       -0.79292255877267
C            2.31201976258260        0.23944644918377       -0.22536731878113
C            2.54430283655286       -1.20381905159066        0.15743365076341
H           -1.28989620325413       -1.77828722878183        0.50307000340757
H           -3.03667148305666       -2.05796663136390        0.49363381461085
H           -2.16493891569859       -1.85115992947378       -1.03539595869544
H           -2.54892536198013        0.33074162579824        1.10385776645184
H           -3.42218690691941        0.24589705750559       -0.42098290468043
H           -1.59502510484606        1.86205776437478       -0.63281841254747
H           -1.25946902770945        0.47908850258441       -1.68232361882163
H            2.98213730813176        0.55483008972508       -1.02776245271745
H            2.42727698871938        0.91647108003176        0.62439114725848
H            3.57721407225000       -1.32210483069243        0.50265734862085
H            1.87397388718492       -1.51622164951983        0.96398567612412
H            2.39485845540336       -1.86175643375736       -0.70451069041036
20
 energy: -386.243296784345 gnorm: 0.002601074953 xtb: 6.7.1 (edcfbbe)
C           -2.22806604992978       -1.50678025553755        0.00355154970784
C           -2.47067354607243       -0.00207131190496        0.06126897186617
C           -1.35975859473307        0.78988653893747       -0.63449548422879
C           -0.03693080414937        0.63156213175121        0.06338549296552
O            0.11551336122511        0.71058178672330        1.27228437837852
O            0.97518141349867        0.41355454575247       -0.80159022899460
C            2.31630747940144        0.24097152641965       -0.23110879536023
C            2.54072346025168       -1.19966136644641        0.16163686433207
H           -1.29057388032359       -1.77812150412196        0.50366880641412
H           -3.03675710190576       -2.05676997390681        0.49465850570670
H           -2.16563731414843       -1.85251703368340       -1.03418200070769
H           -2.55513354532850        0.32906987980672        1.10216896973545
H           -3.41956135357436        0.24300619585086       -0.42787532811094
H           -1.59107993038592        1.86328724595245       -0.61594222976727
H           -1.26349870064507        0.49172643507429       -1.68223341827741
H            2.98639395052281        0.54736542174827       -1.03686741804274
H            2.43101837176819        0.92478274967604        0.61318847347516
H            3.57072799520019       -1.31895013738857        0.51367466903868
H            1.86549754443754       -1.50544491756661        0.96580168258321
H            2.39518295210962       -1.86210551533881       -0.69682031386381
20
 energy: -386.243319462075 gnorm: 0.002608856744 xtb: 6.7.1 (edcfbbe)
C           -2.22733712825365       -1.50754534495879        0.00291403282942
C           -2.47065725487591       -0.00291631010352        0.06024846779724
C           -1.35857046630337        0.79079164852157       -0.63172213481060
C           -0.03489466037633        0.62680698601059        0.06324546204268
O            0.11923381646796        0.69000357584567        1.27248521893021
O            0.97574177523564        0.41894585275579       -0.80559904131875
C            2.31768190211987        0.24228475177921       -0.23658387252518
C            2.53735114815443       -1.19678973173647        0.16505208151583
H           -1.29043596801383       -1.77797141473374        0.50365346424437
H           -3.03624103259431       -2.05640384000343        0.49418480624697
H           -2.16485343140112       -1.85350829435004       -1.03430507893680
H           -2.55777988451977        0.32758827666951        1.10076904910334
H           -3.41783883016584        0.24118715939097       -0.43212091224692
H           -1.58812901300525        1.86407765738477       -0.60417490512019
H           -1.26368789627599        0.50009930184869       -1.68123034345279
H            2.98669688439190        0.54064873622357       -1.04600639891235
H            2.43572424578188        0.93087010511315        0.60336577012798
H            3.56529427710140       -1.31588223537834        0.52185342692843
H            1.85832090764088       -1.49556744301401        0.96815725821614
H            2.39325743051374       -1.86334755189819       -0.69000875701923
20
 energy: -386.243334839429 gnorm: 0.001775468082 xtb: 6.7.1 (edcfbbe)
C           -2.22558909850133       -1.50816767247301        0.00169362524368
C           -2.47022207598736       -0.00335163850136        0.05964249503249
C           -1.35736630547935        0.79202700340708       -0.62918945682738
C           -0.03356118086229        0.62026215770148        0.06404459509662
O            0.12177041364413        0.67138302617919        1.27350886858208
O            0.97571979431543        0.42353134208594       -0.80738718694696
C            2.31765827664653        0.24405642196339       -0.24230174175253
C            2.53295813713264       -1.19397418807716        0.16838861155545
H           -1.28881417866924       -1.77778279278003        0.50299566021718
H           -3.03458696295008       -2.05716714229473        0.49255302214497
H           -2.16257906990232       -1.85380635042071       -1.03546592750193
H           -2.55896996179003        0.32593600452937        1.10026342433311
H           -3.41633801158007        0.24042112178931       -0.43448631342838
H           -1.58465621043298        1.86534039021788       -0.59495285584823
H           -1.26273845362085        0.50696715193773       -1.67992483830582
H            2.98527972299676        0.53392007408224       -1.05576279723436
H            2.44215420950484        0.93696981511008        0.59324040369714
H            3.55914149117012       -1.31254689701940        0.52977428386884
H            1.84987363640759       -1.48550006514858        0.97060462157296
H            2.38974351175500       -1.86514614040182       -0.68305619586281
20
 energy: -386.243340178113 gnorm: 0.000832525454 xtb: 6.7.1 (edcfbbe)
C           -2.22395047304663       -1.50857018046488       -0.00003573052409
C           -2.46980501533848       -0.00362572114871        0.06008693321835
C           -1.35702346834269        0.79272424800085       -0.62745848442888
C           -0.03273612032018        0.61955999112431        0.06481116760542
O            0.12224325019952        0.66357162504016        1.27483469974765
O            0.97585969344463        0.42755113366007       -0.80682671776984
C            2.31659521898408        0.24479995357406       -0.24579445208005
C            2.52955778763305       -1.19263347390799        0.17071488864041
H           -1.28707335549299       -1.77829608861054        0.50166348346800
H           -3.03277222196076       -2.05953696325694        0.48948273532612
H           -2.15956619813472       -1.85295098404483       -1.03784542289292
H           -2.55861819483140        0.32417963816097        1.10137015610386
H           -3.41634306862431        0.24053846329213       -0.43317842782578
H           -1.58334025572398        1.86611556903247       -0.59226790870804
H           -1.26208096069232        0.50912863867694       -1.67873965030529
H            2.98345493576005        0.52844855492277       -1.06205544519628
H            2.44865489868254        0.94041403569687        0.58651136484807
H            3.55515973836755       -1.31122762562542        0.53415913940551
H            1.84478716673831       -1.47980850076639        0.97311156516276
H            2.38587447135611       -1.86701042139712       -0.67835824692141
20
 energy: -386.243342190904 gnorm: 0.000583887225 xtb: 6.7.1 (edcfbbe)
C           -2.22393493971531       -1.50845232542005       -0.00067481212048
C           -2.46942990118830       -0.00361494649123        0.06114506244602
C           -1.35747577438123        0.79225550228944       -0.62794819463808
C           -0.03326284956613        0.62135733407306        0.06505084148185
O            0.12145782824246        0.67215013746658        1.27478068108234
O            0.97590232634135        0.42648262578698       -0.80538452701339
C            2.31604696002059        0.24440624116729       -0.24434476326870
C            2.52965261515101       -1.19334303423494        0.17022878548855
H           -1.28698591097438       -1.77904708702404        0.50071700324171
H           -3.03268803736627       -2.06061205303872        0.48782169036536
H           -2.15909245999467       -1.85144051620081       -1.03908805903715
H           -2.55677423883309        0.32350863143193        1.10289485163639
H           -3.41690066079458        0.24137479945317       -0.43022637257792
H           -1.58439578165014        1.86582716883855       -0.59659863989054
H           -1.26250792816174        0.50560188383394       -1.67860657592002
H            2.98323508473902        0.52915180900428       -1.05996716956906
H            2.44846980506546        0.93913779003418        0.58855958133399
H            3.55600633643236       -1.31221003038986        0.53180458682120
H            1.84652781893674       -1.48223634841507        0.97347242783818
H            2.38502709839690       -1.86692529980209       -0.67945122410725
20
 energy: -386.243342190904 gnorm: 0.000583887225 xtb: 6.7.1 (edcfbbe)
C           -2.22393493971531       -1.50845232542005       -0.00067481212048
C           -2.46942990118830       -0.00361494649123        0.06114506244602
C           -1.35747577438123        0.79225550228944       -0.62794819463808
C           -0.03326284956613        0.62135733407306        0.06505084148185
O            0.12145782824246        0.67215013746658        1.27478068108234
O            0.97590232634135        0.42648262578698       -0.80538452701339
C            2.31604696002059        0.24440624116729       -0.24434476326870
C            2.52965261515101       -1.19334303423494        0.17022878548855
H           -1.28698591097438       -1.77904708702404        0.50071700324171
H           -3.03268803736627       -2.06061205303872        0.48782169036536
H           -2.15909245999467       -1.85144051620081       -1.03908805903715
H           -2.55677423883309        0.32350863143193        1.10289485163639
H           -3.41690066079458        0.24137479945317       -0.43022637257792
H           -1.58439578165014        1.86582716883855       -0.59659863989054
H           -1.26250792816174        0.50560188383394       -1.67860657592002
H            2.98323508473902        0.52915180900428       -1.05996716956906
H            2.44846980506546        0.93913779003418        0.58855958133399
H            3.55600633643236       -1.31221003038986        0.53180458682120
H            1.84652781893674       -1.48223634841507        0.97347242783818
H            2.38502709839690       -1.86692529980209       -0.67945122410725
