20
 energy: -27.120913322095 gnorm: 0.035385277682 xtb: 6.7.1 (edcfbbe)
C           -3.44765445616278       -0.98784028951325        0.31429112067053
C           -2.10174940843627       -0.34087001123069        0.62257433113460
C           -1.30714705677876       -0.05988631469704       -0.66644710122739
C            0.00212140785534        0.58799516230198       -0.32845052822449
O            0.15108987368867        1.78381662829610       -0.12446497780896
O            1.00282164541979       -0.30513297980463       -0.21895105580424
C            2.30187647627560        0.22899757858282        0.18895550891285
C            3.26686438555583       -0.92799827917114        0.25326626022714
H           -4.00958631412173       -1.17437302509501        1.23457763645663
H           -4.05450491937745       -0.34078400846164       -0.32788819839236
H           -3.31347240505653       -1.94502884449653       -0.20038170458942
H           -1.51090553656443       -0.99544197096153        1.27354697656443
H           -2.25208898471353        0.60173819080080        1.16086250351318
H           -1.87017036180454        0.62939101253008       -1.30196966690562
H           -1.13731757093387       -0.99276271994163       -1.21018357584153
H            2.61158478134730        0.97841754465895       -0.54571338433760
H            2.18181778779956        0.71484187638040        1.16164564116852
H            3.38247935376138       -1.40247077214172       -0.72508068592091
H            4.24382095282415       -0.55238852217764        0.57042461077539
H            2.93547390564772       -1.67798682598138        0.97739664483296
20
 energy: -27.122009060077 gnorm: 0.013168703713 xtb: 6.7.1 (edcfbbe)
C           -3.44206128577621       -0.98647257894775        0.31098406449540
C           -2.09925441948144       -0.34072882435530        0.62025105484597
C           -1.30630897932785       -0.06143103050786       -0.66666250643006
C            0.00026762271886        0.58875271766872       -0.31591652923193
O            0.15057129066948        1.77844959763982       -0.12177958713137
O            0.99607899196158       -0.29255097044434       -0.20945778693354
C            2.29331844343521        0.22321028039203        0.18676841356703
C            3.26959044263313       -0.92934714251512        0.25404741099206
H           -3.99381204323217       -1.16867381591096        1.23138739919654
H           -4.04279889926426       -0.33872528878663       -0.32578112776556
H           -3.30322650117443       -1.93798884303720       -0.19999455746973
H           -1.51149154211070       -0.99842891754553        1.26574470673215
H           -2.25253289836195        0.60154477990263        1.15287695776268
H           -1.87262733847149        0.62339814085677       -1.30068173927150
H           -1.12189799180335       -0.99523241083152       -1.19863540119092
H            2.59580909108248        0.97420686183548       -0.54830174915294
H            2.17390922434790        0.71504442454783        1.15600400525422
H            3.36866133292730       -1.40185880598802       -0.72045457075477
H            4.24361526981504       -0.55765644062447        0.56668928316647
H            2.92954374563831       -1.67327830347128        0.97092261452352
20
 energy: -27.122208286976 gnorm: 0.004593857748 xtb: 6.7.1 (edcfbbe)
C           -3.43769541396473       -0.98641122675684        0.31028095993546
C           -2.09348630641353       -0.34235925180131        0.61952745296926
C           -1.30178284588204       -0.06423202794389       -0.66742178791211
C            0.00406736380140        0.59261212883490       -0.31789923376438
O            0.15073719608850        1.78029749435357       -0.11721555083020
O            0.99302344358202       -0.28352778134939       -0.20370071407655
C            2.28490971352866        0.22374896686474        0.18805905778764
C            3.26146270488360       -0.93254297388362        0.25307644697111
H           -3.98515091873692       -1.16745975312116        1.23053356573734
H           -4.03463144091505       -0.33700001319274       -0.32372554474342
H           -3.29691474018072       -1.93441391413509       -0.20075683517897
H           -1.50769641179470       -1.00159825688274        1.26255770869178
H           -2.24653101954916        0.59988590136582        1.14950916707805
H           -1.87132996228060        0.61563462928974       -1.30118019569523
H           -1.10709159338284       -0.99821946503112       -1.19232245324866
H            2.58968109810586        0.97464438481866       -0.54709635488269
H            2.17276226961035        0.71978749542229        1.15698558350441
H            3.35089402772995       -1.40255210160138       -0.72118448310576
H            4.23311004884637       -0.56146175845811        0.56177709888374
H            2.91701634314900       -1.67259904691504        0.96820646708290
20
 energy: -27.122244846004 gnorm: 0.001856993465 xtb: 6.7.1 (edcfbbe)
C           -3.43568513399336       -0.98680439459368        0.30984607093222
C           -2.09050773872002       -0.34291279651881        0.61935238519120
C           -1.29945654887457       -0.06611076090085       -0.66820075592458
C            0.00376333765129        0.59536119069497       -0.31325322190117
O            0.14794132661492        1.78544339263947       -0.11818125444177
O            0.99210264820716       -0.27851536429047       -0.19915021855138
C            2.28241180924459        0.22632973301466        0.18875960943089
C            3.25540489902435       -0.93447384895068        0.25173762461564
H           -3.98220520546101       -1.16847797127517        1.23054570632168
H           -4.03218470488367       -0.33604910463872       -0.32325701506494
H           -3.29461384772977       -1.93418071652133       -0.20238005575376
H           -1.50517404913997       -1.00242088553514        1.26235691236184
H           -2.24256187835708        0.59959907354988        1.14894529871285
H           -1.86969562769577        0.60916591254546       -1.30574965246725
H           -1.09793087801127       -1.00098742165142       -1.18871678427570
H            2.59054629619649        0.97724067309651       -0.54586096686598
H            2.17695322700722        0.72321269752020        1.15868121077277
H            3.33920586858749       -1.40426116768320       -0.72324878376542
H            4.22850012670289       -0.56633809405097        0.55787928509660
H            2.90853962985552       -1.67258671657344        0.96790496077999
20
 energy: -27.122260613225 gnorm: 0.002281049228 xtb: 6.7.1 (edcfbbe)
C           -3.43326229822941       -0.98789802148533        0.31049421646928
C           -2.08690734536506       -0.34415643655717        0.61902206206626
C           -1.29671351062173       -0.06725827435458       -0.66910804125542
C            0.00370574393878        0.60202375903279       -0.31584978721152
O            0.14153403894982        1.79416242540919       -0.12120577962803
O            0.99211003519985       -0.27019499608338       -0.19545849893048
C            2.28162797406345        0.23075982838350        0.19163169559223
C            3.24773374912115       -0.93703645506059        0.25072380579223
H           -3.97937934498970       -1.17229767127819        1.23161187030206
H           -4.03083646781249       -0.33537892144587       -0.32095417907765
H           -3.29252718612533       -1.93449173163271       -0.20478416182011
H           -1.50110523822953       -1.00398936051609        1.26178892017299
H           -2.23780568966029        0.59835058745979        1.14945852840579
H           -1.87015074492675        0.60085768848953       -1.31119771082943
H           -1.08779720301063       -1.00294573989382       -1.18538323118532
H            2.59517631377973        0.98141085848922       -0.54179072997894
H            2.18346745722338        0.72743139281010        1.16296601496479
H            3.32367877992864       -1.40709043889081       -0.72544590384703
H            4.22542793449620       -0.57685855078961        0.55326517882149
H            2.89737655849534       -1.67316651220869        0.96822608638052
20
 energy: -27.122264780832 gnorm: 0.001242363705 xtb: 6.7.1 (edcfbbe)
C           -3.43278377959196       -0.98807078137218        0.31054113792890
C           -2.08685595098021       -0.34414982828219        0.61887431798653
C           -1.29664138309745       -0.06711452393291       -0.66913705174805
C            0.00301936571144        0.60317315322868       -0.31583339567370
O            0.14052370884511        1.79529075152120       -0.12323514786808
O            0.99225701237022       -0.26884488249094       -0.19520412837211
C            2.28261499534816        0.23153914453246        0.19225537337349
C            3.24713922744674       -0.93725800164745        0.25068108048046
H           -3.97846966807528       -1.17338380838352        1.23173613885532
H           -4.03130335087748       -0.33563980832964       -0.32011896958916
H           -3.29227762294875       -1.93439807905490       -0.20533436449825
H           -1.50072906858676       -1.00393370534929        1.26150765264113
H           -2.23791525921205        0.59821939479138        1.14964614834510
H           -1.87061971545373        0.60009171016162       -1.31179004303215
H           -1.08732176678747       -1.00295227481665       -1.18511451901670
H            2.59625206897994        0.98226658571986       -0.54085797078598
H            2.18404482999610        0.72723159218818        1.16383213103611
H            3.32189763633731       -1.40764867542102       -0.72536988449257
H            4.22591232333548       -0.57915129220644        0.55247457731150
H            2.89660995346608       -1.67303324097896        0.96845727232191
20
 energy: -27.122267268174 gnorm: 0.000811497819 xtb: 6.7.1 (edcfbbe)
C           -3.43114951565297       -0.98877755957006        0.31078343065375
C           -2.08607834331578       -0.34428204132198        0.61850275667909
C           -1.29627386628258       -0.06653897447777       -0.66949505961545
C            0.00203652536478        0.60620507783096       -0.31726744754558
O            0.13938949429314        1.79806947652155       -0.12816990528528
O            0.99192392858637       -0.26575467989999       -0.19444408454334
C            2.28388923243743        0.23294112991196        0.19414586327762
C            3.24512978940960       -0.93803606193359        0.25075770408575
H           -3.97512106738086       -1.17667772714738        1.23232401567164
H           -4.03178016654263       -0.33611531683979       -0.31737089711157
H           -3.29072690827473       -1.93387233322880       -0.20708481281301
H           -1.49917723291263       -1.00390280964366        1.26060020920898
H           -2.23759797700350        0.59776883598971        1.14975706513995
H           -1.87177294048365        0.59884337968430       -1.31272846849793
H           -1.08580216422774       -1.00255334429463       -1.18471944253137
H            2.59781352224696        0.98390423164084       -0.53815897151222
H            2.18450285481839        0.72658481827458        1.16630985751106
H            3.31588838030744       -1.40903660387055       -0.72509903991942
H            4.22611450271178       -0.58400903314766        0.54997423197521
H            2.89414550812660       -1.67252703460076        0.96939335037582
20
 energy: -27.122268200614 gnorm: 0.000293895985 xtb: 6.7.1 (edcfbbe)
C           -3.43069459655457       -0.98905444425302        0.31088741257528
C           -2.08552492901468       -0.34424384936004        0.61847359807680
C           -1.29621485191855       -0.06626332172441       -0.66984031146960
C            0.00223074778144        0.60643689752073       -0.31763430173360
O            0.14005544607791        1.79854804203747       -0.12912388488503
O            0.99142566248188       -0.26579948326142       -0.19381848853137
C            2.28320566125082        0.23285230655262        0.19458717641442
C            3.24446022223680       -0.93830689927611        0.25083571554270
H           -3.97418466073163       -1.17767844755507        1.23257094667076
H           -4.03157112398967       -0.33601719129801       -0.31664510351641
H           -3.28999208991076       -1.93370755710545       -0.20770905907640
H           -1.49835736092967       -1.00379943313668        1.26034263386288
H           -2.23707663083696        0.59775842162946        1.14973877088521
H           -1.87190626674189        0.59912091343098       -1.31285599771299
H           -1.08540395551105       -1.00218638698751       -1.18500800163312
H            2.59719721582302        0.98394017505754       -0.53762712409008
H            2.18422739999009        0.72656943441497        1.16685222775851
H            3.31415549872678       -1.40943357531509       -0.72505814700032
H            4.22555044009524       -0.58399678061670        0.54912656298216
H            2.89377172790086       -1.67250539087698        0.96991573008392
20
 energy: -27.122269487544 gnorm: 0.000321672399 xtb: 6.7.1 (edcfbbe)
C           -3.42943579048820       -0.98986420412831        0.31129696881144
C           -2.08430905298004       -0.34407677942133        0.61821743540315
C           -1.29641148598726       -0.06501470277001       -0.67082744546712
C            0.00247222863988        0.60729136604305       -0.31923655520161
O            0.14173111106431        1.79985359388830       -0.13313875282138
O            0.99013739079472       -0.26589457670402       -0.19209394811454
C            2.28193883254115        0.23251423451382        0.19612873815367
C            3.24310975449313       -0.93892042690618        0.25122454767209
H           -3.97140037855646       -1.18098920296262        1.23338659261785
H           -4.03172447782920       -0.33606547721441       -0.31411973360132
H           -3.28816818202174       -1.93323024822624       -0.20951306019344
H           -1.49611406075951       -1.00343952508040        1.25929763786841
H           -2.23617002026830        0.59760303314364        1.14989830101171
H           -1.87277574517846        0.60060588406616       -1.31290475748151
H           -1.08555364675992       -1.00058993648186       -1.18647136350409
H            2.59579364684732        0.98402046368955       -0.53575810765085
H            2.18350452526629        0.72586327164781        1.16871750334300
H            3.30998489413116       -1.41074975605901       -0.72455927655073
H            4.22490334863414       -0.58433346280071        0.54666629625883
H            2.89384066464240       -1.67235011835995        0.97179933465017
20
 energy: -27.122271076078 gnorm: 0.000680645443 xtb: 6.7.1 (edcfbbe)
C           -3.42728978481199       -0.99122099939646        0.31198683768230
C           -2.08247504314012       -0.34383469855853        0.61762285436177
C           -1.29697926503895       -0.06267552476080       -0.67249769559435
C            0.00260865424199        0.60879137149817       -0.32179836686528
O            0.14423282956679        1.80203747180729       -0.14091505137356
O            0.98801678942695       -0.26590323871448       -0.18887934199722
C            2.28010256094848        0.23186491786188        0.19882780598945
C            3.24112254882467       -0.93988599279888        0.25193544643934
H           -3.96650315205450       -1.18645187516944        1.23484079069699
H           -4.03229057649443       -0.33640362959769       -0.30975492890161
H           -3.28537456369039       -1.93253958714587       -0.21235793236051
H           -1.49240907981592       -1.00301371218293        1.25713438217276
H           -2.23484663524858        0.59714108758667        1.15036019174199
H           -1.87439512208024        0.60370644678602       -1.31274778295828
H           -1.08668636831831       -0.99762312686324       -1.18946872766855
H            2.59355312693730        0.98410902006995       -0.53251321228865
H            2.18260127463216        0.72432988953368        1.17200907936544
H            3.30360387189253       -1.41310107215127       -0.72349350218393
H            4.22418648431936       -0.58498982360034        0.54264900192572
H            2.89457500612860       -1.67210349432645        0.97507050701988
20
 energy: -27.122273238239 gnorm: 0.000795428931 xtb: 6.7.1 (edcfbbe)
C           -3.42392178660906       -0.99339389289628        0.31323892301358
C           -2.07963751762420       -0.34373162441224        0.61653999402482
C           -1.29818526139844       -0.05855711577980       -0.67520912194281
C            0.00273672749601        0.61120380011433       -0.32634562882875
O            0.14812949106980        1.80538976517195       -0.15443883465820
O            0.98463377222640       -0.26596600548194       -0.18350984689259
C            2.27738676339427        0.23066893221375        0.20322748253950
C            3.23830158611148       -0.94131331328041        0.25324561732293
H           -3.95881463366100       -1.19472096388399        1.23731843396310
H           -4.03332191442288       -0.33729666137189       -0.30286136925931
H           -3.28138562778477       -1.93171870414023       -0.21629183086901
H           -1.48638685913397       -1.00287989572712        1.25313354405898
H           -2.23270232078948        0.59586095646499        1.15151229665670
H           -1.87721194677882        0.60977533616221       -1.31190189315619
H           -1.08978945192169       -0.99224124355057       -1.19525710501633
H            2.59005546322404        0.98404070256788       -0.52732278057014
H            2.18141957711918        0.72159733429671        1.17734602934348
H            3.29459241710504       -1.41665649896623       -0.72153837994783
H            4.22325349492917       -0.58592617224124        0.53696227260155
H            2.89620158367432       -1.67190130538258        0.98016255282020
20
 energy: -27.122275325645 gnorm: 0.000601150840 xtb: 6.7.1 (edcfbbe)
C           -3.42037303094308       -0.99566118201293        0.31461741471927
C           -2.07658661510915       -0.34404691054074        0.61536123421345
C           -1.29960446165471       -0.05407271842947       -0.67800182146170
C            0.00270323146006        0.61384786085514       -0.33100882879428
O            0.15196687361820        1.80895219979865       -0.16965069560916
O            0.98108907648619       -0.26568431017206       -0.17755432513151
C            2.27474556688704        0.22956334338131        0.20778095413794
C            3.23535926047725       -0.94275941080137        0.25467977084576
H           -3.95102332591253       -1.20228846041451        1.23994911534983
H           -4.03401010919537       -0.33856023468420       -0.29616175288797
H           -3.27779185845239       -1.93138645148348       -0.21946058401933
H           -1.47991408704770       -1.00366479379490        1.24828066273291
H           -2.23000549764121        0.59377933032655        1.15338310914457
H           -1.88035096144104        0.61676566602249       -1.31049517933555
H           -1.09365833693665       -0.98617588911689       -1.20200461709844
H            2.58658623156574        0.98394810777836       -0.52209824373095
H            2.18062889191036        0.71891424510371        1.18284234670053
H            3.28627920566131       -1.41987961007666       -0.71950579846539
H            4.22204339320615       -0.58730539901189        0.53231025770135
H            2.89727010928691       -1.67205195284983        0.98474733619236
20
 energy: -27.122277536042 gnorm: 0.000256922109 xtb: 6.7.1 (edcfbbe)
C           -3.41674798215130       -0.99793428742163        0.31620816649489
C           -2.07314539619038       -0.34514479630999        0.61422368251052
C           -1.30122465599573       -0.04919611822947       -0.68076853088899
C            0.00268186236779        0.61673693808562       -0.33623993467913
O            0.15601416352328        1.81262884565214       -0.18642104256281
O            0.97736440904782       -0.26510672230099       -0.17126062362692
C            2.27216177632657        0.22860210443851        0.21231965865912
C            3.23224756671620       -0.94416934761880        0.25631490538650
H           -3.94363288817061       -1.20854811892322        1.24273802573561
H           -4.03393724209994       -0.34009489680198       -0.29011036792122
H           -3.27468995462660       -1.93167745821846       -0.22139744798416
H           -1.47290723820391       -1.00594900619079        1.24255416212126
H           -2.22644160123653        0.59042198230412        1.15627144309779
H           -1.88392381059445        0.62475620174482       -1.30819174296689
H           -1.09829585291498       -0.97925452676347       -1.20973193341149
H            2.58316811523680        0.98374210343270       -0.51712877388061
H            2.18011211246819        0.71652909485232        1.18821939714471
H            3.27929382302768       -1.42214541086596       -0.71757987801412
H            4.22026180347705       -0.58913409719890        0.52973461044046
H            2.89699454621842       -1.67282905378931        0.98825657954915
20
 energy: -27.122280061790 gnorm: 0.000389477851 xtb: 6.7.1 (edcfbbe)
C           -3.41280613919685       -1.00030796547625        0.31798592989813
C           -2.06900367180344       -0.34706264859963        0.61324607787474
C           -1.30296423022904       -0.04396762914923       -0.68351264407260
C            0.00262002833406        0.62007869726295       -0.34181497106805
O            0.16047153963211        1.81688140825885       -0.20554675005902
O            0.97325419648151       -0.26401723843564       -0.16424922976941
C            2.26945981986047        0.22799442710238        0.21695847203697
C            3.22850733308481       -0.94566245747202        0.25809435709581
H           -3.93647059134915       -1.21358065870831        1.24569608135361
H           -4.03270412210455       -0.34167697401321       -0.28465821480858
H           -3.27195672951586       -1.93269532507913       -0.22228670335564
H           -1.46501945251409       -1.01005434399177        1.23567533101538
H           -2.22143019754512        0.58560509452843        1.16062738749812
H           -1.88809388576040        0.63342032578248       -1.30500721900731
H           -1.10311394268339       -0.97147466596439       -1.21829307881149
H            2.57963272405291        0.98355688842244       -0.51238650418302
H            2.17990432805685        0.71479021732960        1.19358912922739
H            3.27325185164663       -1.42325078564130       -0.71606920550854
H            4.21750199051737       -0.59187664073109        0.52964026199718
H            2.89431270726055       -1.67446629554790        0.99032184785002
20
 energy: -27.122283253465 gnorm: 0.000588983668 xtb: 6.7.1 (edcfbbe)
C           -3.40725555363247       -1.00340270192654        0.32067451179574
C           -2.06246504465492       -0.35073675283637        0.61220862591669
C           -1.30538615244765       -0.03658934654307       -0.68717629707731
C            0.00272975553654        0.62494469132916       -0.35025553646177
O            0.16720757914680        1.82280028308427       -0.23296174100640
O            0.96728215488485       -0.26217128644410       -0.15453824263661
C            2.26549515855864        0.22748027604819        0.22307197775050
C            3.22276462758350       -0.94770970722379        0.26070940854033
H           -3.92724422866361       -1.21909790958439        1.24989101102016
H           -4.02976339550673       -0.34348344173165       -0.27787015026685
H           -3.26847742983831       -1.93442625300474       -0.22246541702537
H           -1.45340647318731       -1.01760789339043        1.22552548497683
H           -2.21299095805451        0.57742568987446        1.16781248771564
H           -1.89446413817323        0.64557370854635       -1.29974934193752
H           -1.10959383099757       -0.96014748699902       -1.23041108845872
H            2.57462197284199        0.98330341387222       -0.50643333494477
H            2.17954079393009        0.71316394085409        1.20051755160394
H            3.26667183083672       -1.42295615896449       -0.71460325376827
H            4.21240834874683       -0.59627379459945        0.53291266346870
H            2.88767853931571       -1.67785584048344        0.99115103599873
20
 energy: -27.122285169160 gnorm: 0.000523157762 xtb: 6.7.1 (edcfbbe)
C           -3.40413390141579       -1.00493700642907        0.32229385232470
C           -2.05830578839247       -0.35329237560186        0.61184965838233
C           -1.30651096919879       -0.03290244022412       -0.68897620012640
C            0.00284049815415        0.62769298526214       -0.35486024803893
O            0.17106352093773        1.82588802204414       -0.24798366818015
O            0.96394529561850       -0.26057000929127       -0.14965301552847
C            2.26317332434530        0.22770974995333        0.22601829382368
C            3.21898897464058       -0.94878149945031        0.26208269106041
H           -3.92264758303828       -1.22095415281292        1.25228114126724
H           -4.02708937385840       -0.34385488557484       -0.27452488481083
H           -3.26712532481883       -1.93559042115601       -0.22197875609904
H           -1.44670800252697       -1.02300685440341        1.21931632417646
H           -2.20680076822209        0.57206253763243        1.17259846402917
H           -1.89815054983434        0.65142667684672       -1.29644106818193
H           -1.11235949582986       -0.95404142273023       -1.23676006611084
H            2.57206062486860        0.98338875402997       -0.50373512222425
H            2.17924767539329        0.71316668397160        1.20377542945475
H            3.26477396031138       -1.42096539574204       -0.71469206937867
H            4.20834392447438       -0.59947976845761        0.53809127629866
H            2.88074751461725       -1.68072574798940        0.98930832306577
20
 energy: -27.122286083865 gnorm: 0.000172874404 xtb: 6.7.1 (edcfbbe)
C           -3.40230041512491       -1.00561019389399        0.32338179368763
C           -2.05566398326018       -0.35476619152281        0.61170201037508
C           -1.30716777911747       -0.03088683381472       -0.69023606667740
C            0.00293300862082        0.62923081624365       -0.35786434512066
O            0.17345439442309        1.82782024520067       -0.25657636998559
O            0.96193539804867       -0.25996915621530       -0.14709812098747
C            2.26163706581436        0.22772315213392        0.22777448999061
C            3.21677115987039       -0.94939146406097        0.26290602755501
H           -3.91944813365012       -1.22296536636100        1.25392382149258
H           -4.02599750757206       -0.34338308715241       -0.27157468873309
H           -3.26610047574197       -1.93544489624040       -0.22255909032312
H           -1.44264052516191       -1.02597185068063        1.21603257202521
H           -2.20315332137450        0.56908263332919        1.17509472824074
H           -1.90040783959826        0.65443353815224       -1.29498154263395
H           -1.11369741717029       -0.95083199571834       -1.24022985030366
H            2.57039713872272        0.98353105269712       -0.50191422759673
H            2.17846620254341        0.71292481284747        1.20574596941369
H            3.26416137856438       -1.41923645909622       -0.71497568850011
H            4.20577148284159       -0.60126221882448        0.54174041812148
H            2.87640372454755       -1.68279310714575        0.98771851516340
20
 energy: -27.122286597406 gnorm: 0.000268674790 xtb: 6.7.1 (edcfbbe)
C           -3.40161196641779       -1.00559331081787        0.32407087621587
C           -2.05436232740163       -0.35534905979706        0.61158140107463
C           -1.30726633213344       -0.03058539850289       -0.69093212652304
C            0.00297961596413        0.62960031714793       -0.35921962502996
O            0.17401936259225        1.82806127820361       -0.25850670610000
O            0.96132099745394       -0.25963157410002       -0.14718059128823
C            2.26090166506640        0.22788170542564        0.22809511403056
C            3.21574120944228       -0.94952443590583        0.26319941116774
H           -3.91782094242953       -1.22382060515319        1.25491550658690
H           -4.02562648616172       -0.34238442205083       -0.26942466817327
H           -3.26625586040411       -1.93477798520150       -0.22314606691147
H           -1.44092639162237       -1.02729359211962        1.21454076147340
H           -2.20088185780575        0.56801980047356        1.17592588881407
H           -1.90132350984273        0.65470783399702       -1.29477580169352
H           -1.11366365972023       -0.95015419480012       -1.24139706614222
H            2.56994247249064        0.98385716643529       -0.50131514961187
H            2.17755906876327        0.71291682439818        1.20617470324661
H            3.26577418944698       -1.41711172297341       -0.71565005620548
H            4.20393292639599       -0.60216673886950        0.54570275890746
H            2.87292138254877       -1.68441845591213        0.98535179136545
20
 energy: -27.122286982602 gnorm: 0.000226750531 xtb: 6.7.1 (edcfbbe)
C           -3.40109352713541       -1.00560636597635        0.32464832041664
C           -2.05355733322389       -0.35552484647238        0.61134566736692
C           -1.30738165041685       -0.03036096185599       -0.69162405995474
C            0.00290079934299        0.62985032107128       -0.36014396456065
O            0.17428925544272        1.82849503306614       -0.26029908968349
O            0.96088606428616       -0.25957833188307       -0.14725522078245
C            2.26034775501120        0.22782796391419        0.22850651994830
C            3.21514662739459       -0.94963095264260        0.26342050800071
H           -3.91591855072741       -1.22548786649710        1.25586238788578
H           -4.02599595590963       -0.34144127056112       -0.26681930983232
H           -3.26632880946785       -1.93381825943974       -0.22437118996045
H           -1.43966240226938       -1.02781996482037        1.21345611019736
H           -2.19946790492970        0.56762873227009        1.17624367935697
H           -1.90190678526238        0.65493392065162       -1.29496993789097
H           -1.11388002074482       -0.94979484892840       -1.24235448674289
H            2.56961274599223        0.98411960349059       -0.50047947612636
H            2.17673736028311        0.71246851719062        1.20678952171466
H            3.26693724695746       -1.41573486992569       -0.71606463601547
H            4.20280679060112       -0.60271860889080        0.54830511967031
H            2.87088185100109       -1.68557351388368        0.98381389219578
20
 energy: -27.122287379068 gnorm: 0.000218887147 xtb: 6.7.1 (edcfbbe)
C           -3.40060111630633       -1.00541248350299        0.32546465686744
C           -2.05262504224775       -0.35577952452081        0.61092260503109
C           -1.30760699178890       -0.03015004390709       -0.69268208652134
C            0.00275440354530        0.62996538181685       -0.36142843162923
O            0.17418670254660        1.82862757459504       -0.26162455734869
O            0.96060214504767       -0.25959382423831       -0.14811552990277
C            2.25977540497327        0.22766893181160        0.22881024570128
C            3.21468382083103       -0.94970025197954        0.26378960739394
H           -3.91321740325300       -1.22781048062528        1.25729244194073
H           -4.02708296014750       -0.34005243498341       -0.26297976753438
H           -3.26664631398973       -1.93221740069025       -0.22609299654675
H           -1.43817916928695       -1.02829817673191        1.21228042009428
H           -2.19790720607749        0.56723337744587        1.17623778207532
H           -1.90257259988966        0.65530046753140       -1.29547236398125
H           -1.11443236144894       -0.94946262388698       -1.24377157410792
H            2.56949639378255        0.98452576190229       -0.49939145202602
H            2.17538421566176        0.71158285214147        1.20738722680988
H            3.26915395487559       -1.41393233672360       -0.71643924965601
H            4.20153752462247       -0.60317604605343        0.55195382298984
H            2.86865015477535       -1.68708528952367        0.98186955555420
20
 energy: -27.122287531423 gnorm: 0.000131766660 xtb: 6.7.1 (edcfbbe)
C           -3.40030772463440       -1.00537847116910        0.32604838174573
C           -2.05215394174624       -0.35584685203214        0.61055693833555
C           -1.30779193533601       -0.02996391803676       -0.69333532637726
C            0.00265093888676        0.63005901583500       -0.36229393714275
O            0.17402610740902        1.82870929563665       -0.26255253512845
O            0.96054737152580       -0.25953684271121       -0.14895376995069
C            2.25949835949253        0.22755000225962        0.22899235179335
C            3.21448243650440       -0.94973334187961        0.26407681767301
H           -3.91148496584325       -1.22937252646497        1.25826519149851
H           -4.02784139369544       -0.33925845989546       -0.26035402583001
H           -3.26707410235624       -1.93128903386021       -0.22718400857509
H           -1.43731119340175       -1.02861205158064        1.21125441140041
H           -2.19691329683395        0.56702344114042        1.17628222254316
H           -1.90298743321964        0.65569742126462       -1.29566316728795
H           -1.11504355114090       -0.94914445613416       -1.24480887413965
H            2.56968168460475        0.98480671825485       -0.49858167342308
H            2.17440719174792        0.71088028100256        1.20778110088983
H            3.27064511347672       -1.41292396432115       -0.71653810195004
H            4.20086612071699       -0.60347068674936        0.55422266951605
H            2.86745777006825       -1.68796214068168        0.98079568961302
20
 energy: -27.122287532699 gnorm: 0.000144742977 xtb: 6.7.1 (edcfbbe)
C           -3.40029926305792       -1.00536634955379        0.32604576309814
C           -2.05215237179492       -0.35585848144742        0.61055404377374
C           -1.30780170167339       -0.02995527731498       -0.69332502083875
C            0.00265184467781        0.63012074404458       -0.36228246261475
O            0.17401122969312        1.82863688469671       -0.26256394488638
O            0.96055594606745       -0.25952922829586       -0.14896172368948
C            2.25950676058118        0.22754833019543        0.22899252782271
C            3.21447585314005       -0.94972909807781        0.26407735019340
H           -3.91147840778637       -1.22937233212317        1.25825929585255
H           -4.02784289279732       -0.33926539245513       -0.26034961359117
H           -3.26707581136031       -1.93128378237720       -0.22717877198054
H           -1.43731151920598       -1.02860878772335        1.21125232031201
H           -2.19691399535458        0.56701749559476        1.17628036368051
H           -1.90298496248847        0.65569967699684       -1.29566462822758
H           -1.11504695858655       -0.94914268577737       -1.24481204659168
H            2.56968482443965        0.98480482242591       -0.49857973512116
H            2.17440247028679        0.71087661307446        1.20778036016739
H            3.27064471172368       -1.41292477717911       -0.71653242360775
H            4.20086549488486       -0.60347387945235        0.55422107972484
H            2.86746230483656       -1.68796106537391        0.98079762172758
