20
 energy: -27.121809491782 gnorm: 0.033441160355 xtb: 6.7.1 (edcfbbe)
C           -3.38990908463284       -1.00616006904341        0.33448942812964
C           -1.87456391886982       -0.95549546887577        0.16292506917898
C           -1.39397756106793        0.48061849718466       -0.02909582610043
C            0.08926409611501        0.69711175556491       -0.14914510294748
O            0.62171905253948        1.79030913020159       -0.02257490970633
O            0.76450398787023       -0.42543115070499       -0.44303506519408
C            2.21721177929418       -0.31667623425249       -0.58178553866067
C            2.88972633827569       -0.37816260883203        0.77027607022135
H           -3.70708888949014       -0.41939633513547        1.20358752478210
H           -3.89822002156919       -0.60009100329345       -0.54718889027845
H           -3.73608148997013       -2.03412641065671        0.47858805561268
H           -1.57885495400248       -1.56455619231380       -0.69731178465900
H           -1.38551429192763       -1.38828533903016        1.04318378904843
H           -1.73356035330003        1.11846018744801        0.79472496057136
H           -1.83312506828168        0.90899391564146       -0.94139935580262
H            2.48600555139254       -1.17386362150823       -1.20189486685279
H            2.45275923511646        0.60492480500598       -1.11954773941767
H            3.97505789609109       -0.35757327922527        0.63005663614235
H            2.60814855598993        0.47385948550090        1.39474988443681
H            2.62852077199751       -1.30380716974128        1.29150726289330
20
 energy: -27.122905104832 gnorm: 0.013671774803 xtb: 6.7.1 (edcfbbe)
C           -3.37740031634263       -1.00493145933753        0.33166556662220
C           -1.86413679231541       -0.95109732450726        0.16188162181628
C           -1.39829188586204        0.48879418670996       -0.02858937509633
C            0.08730026049264        0.69225492076501       -0.14956474335855
O            0.62169082646739        1.77695358793591       -0.02568539148126
O            0.75784118801821       -0.42276125805133       -0.43738892677385
C            2.19965434051445       -0.32521605852028       -0.57678830564796
C            2.89012945049551       -0.38218647996203        0.77018761181434
H           -3.69029061691833       -0.42292969061655        1.19801578848730
H           -3.87976000744971       -0.60205208993719       -0.54717227284775
H           -3.71056325823622       -2.03133499451721        0.47350351699500
H           -1.56641192697862       -1.55222593442292       -0.69959883500315
H           -1.37962616786411       -1.37804318400026        1.04321939673311
H           -1.73960269172401        1.12035653529311        0.79668045294461
H           -1.83809295287182        0.90753096304707       -0.94096213038403
H            2.46401438004670       -1.18166500092637       -1.19877972407377
H            2.43027167433672        0.60621191240860       -1.10069954774989
H            3.96880139651810       -0.35857535633639        0.62603220792081
H            2.60278307363514        0.47084848325003        1.38288082805377
H            2.62371165760828       -1.29927886433994        1.29227186242661
20
 energy: -27.123153977817 gnorm: 0.004194960155 xtb: 6.7.1 (edcfbbe)
C           -3.36860018616188       -1.01031503660822        0.32904053575072
C           -1.85504683490650       -0.94515756422691        0.16200835648100
C           -1.39919210738316        0.49836267050355       -0.02855658405777
C            0.08865317020717        0.69504517626722       -0.14817006561032
O            0.62721664873036        1.77714199608460       -0.02838778120110
O            0.75160091267133       -0.41856883066070       -0.42658472267511
C            2.18281070611242       -0.33158533014053       -0.57512788784515
C            2.88462481137097       -0.38734412086459        0.77101599860625
H           -3.68056599066919       -0.43108943904816        1.19393563600947
H           -3.86706000547681       -0.60928001524972       -0.54912813505464
H           -3.69161164445875       -2.03755021429597        0.46904656251602
H           -1.55107756011092       -1.54007173542995       -0.69950186555654
H           -1.37051265586020       -1.36621934984390        1.04373516137552
H           -1.74077550765693        1.12589414361193        0.79741628741359
H           -1.83976645205012        0.90991408730591       -0.94107089591197
H            2.44181961186771       -1.18878501593094       -1.19686716925684
H            2.41667881193737        0.60361042085381       -1.09258773682598
H            3.95829505537915       -0.36475690722384        0.61791947362197
H            2.59850540806011        0.46994176313775        1.37554231534965
H            2.61602543996813       -1.29853380430695        1.29743211826870
20
 energy: -27.123202109160 gnorm: 0.001826629466 xtb: 6.7.1 (edcfbbe)
C           -3.36354740207685       -1.01507169923613        0.32737067908841
C           -1.84949480542388       -0.94095365287212        0.16274540392516
C           -1.40061212736583        0.50551893152987       -0.02768970122775
C            0.08775550972480        0.70127552906994       -0.14846183991812
O            0.62839303109108        1.78395910927003       -0.03227712298526
O            0.74657142271504       -0.41460522794848       -0.42057129324350
C            2.17427655487990       -0.33490414224797       -0.57417306459919
C            2.88129832340686       -0.39125552365842        0.77132146214952
H           -3.67974778084686       -0.43836178825680        1.19253161825423
H           -3.86242402706946       -0.61627643992997       -0.55167358683549
H           -3.67969053832955       -2.04470773495379        0.46582493082666
H           -1.54049004050214       -1.53369783354136       -0.69843351346055
H           -1.36348781695483       -1.35881458883375        1.04510045180056
H           -1.74227535236504        1.13182732828394        0.79875679754628
H           -1.84225279717667        0.91509044981750       -0.94007775268399
H            2.43004659118959       -1.19342814744926       -1.19505713837468
H            2.41451143506776        0.59873261960618       -1.09200190410011
H            3.95417162318990       -0.37272168634081        0.61381797007284
H            2.59890730955002        0.46911146319409        1.37350673681099
H            2.61011251886642       -1.30006407156829        1.30055046835149
20
 energy: -27.123235969385 gnorm: 0.002693340316 xtb: 6.7.1 (edcfbbe)
C           -3.35708128336592       -1.02314460449493        0.32516578803759
C           -1.84303295736557       -0.93395846649015        0.16468392763444
C           -1.40286384953913        0.51575656428608       -0.02623410386281
C            0.08553453375782        0.71330140458599       -0.14972870503392
O            0.62701051412291        1.79802070249572       -0.04347489944969
O            0.74052879676781       -0.40680658731712       -0.41295136235433
C            2.16569277823262       -0.33757822135776       -0.57256010054827
C            2.87744062144194       -0.39815805860502        0.77179883540202
H           -3.68247666217334       -0.45033946389337        1.19051549231227
H           -3.85804064518183       -0.62867167801193       -0.55562693021937
H           -3.66320447938407       -2.05681018234516        0.46167234907642
H           -1.52620367120256       -1.52512471698191       -0.69514697439971
H           -1.35476529932051       -1.34699298827190        1.04856073067954
H           -1.74529799453878        1.14085982411395        0.80076399715306
H           -1.84748174027005        0.92392293567011       -0.93791155675160
H            2.41553042553763       -1.19839586841106       -1.19298190809429
H            2.41558296186289        0.59245211302432       -1.09283434557017
H            3.95033468323465       -0.38803111970399        0.60983037992170
H            2.60318696933708        0.46524908431813        1.37427787133443
H            2.60162792961665       -1.30489777867562        1.30329111613019
20
 energy: -27.123247236645 gnorm: 0.001894317167 xtb: 6.7.1 (edcfbbe)
C           -3.35479094420056       -1.02570780816097        0.32438213932534
C           -1.84125594114999       -0.93156106530051        0.16568531961767
C           -1.40389454623283        0.51881478861005       -0.02538077435833
C            0.08410442336692        0.71770857562971       -0.15212776047428
O            0.62526465693422        1.80257775534536       -0.04990254817803
O            0.73908936514163       -0.40369293121634       -0.41163418219905
C            2.16453285636182       -0.33754511663688       -0.57163380968653
C            2.87651887368420       -0.40081554751325        0.77204312145487
H           -3.68381465179805       -0.45448639978772        1.18939816625660
H           -3.85645219452030       -0.63320018501754       -0.55692831041563
H           -3.65725280158111       -2.06052736674620        0.46032526563952
H           -1.52192891319292       -1.52234554605112       -0.69351252989694
H           -1.35268729091590       -1.34297353488233        1.05022734239365
H           -1.74585413913722        1.14322211864831        0.80249319545935
H           -1.85069375623188        0.92738830148620       -0.93595512128826
H            2.41149051053488       -1.19923025787000       -1.19230001694377
H            2.41624605586892        0.59154125142023       -1.09262649861120
H            3.94948405354711       -0.39460084801518        0.60984857592282
H            2.60590991355050        0.46303806709768        1.37547347303420
H            2.59800610154079       -1.30695135710511        1.30323455434549
20
 energy: -27.123262320260 gnorm: 0.001311295175 xtb: 6.7.1 (edcfbbe)
C           -3.34753147027698       -1.03394383008688        0.32136142827236
C           -1.83547888033167       -0.92401898077332        0.16937116354624
C           -1.40724574983242        0.52833698671164       -0.02211661559016
C            0.07964035333911        0.73091233756114       -0.15807858713998
O            0.61953766089612        1.81712635922427       -0.07662649873999
O            0.73460311788215       -0.39434372406495       -0.40603503328602
C            2.16138228826202       -0.33653241449044       -0.56866611660627
C            2.87344808863758       -0.40988667793450        0.77276155073520
H           -3.68808944980490       -0.46725798749883        1.18465851721190
H           -3.85032385626027       -0.64807113451611       -0.56209005735324
H           -3.63807002721474       -2.07224612595413        0.45589721610813
H           -1.50706915683517       -1.51354082439547       -0.68731044032311
H           -1.34685330772536       -1.32965608519523        1.05661714085879
H           -1.74622452490284        1.15024045783186        0.80922581861568
H           -1.86209993874146        0.93829636032332       -0.92850819616046
H            2.39896521309496       -1.19993315344099       -1.19137709619891
H            2.41711588890317        0.59105554347971       -1.08999820745229
H            3.94650274399843       -0.41766819293734        0.61022362741508
H            2.61545284471955        0.45545466220616        1.37939508071661
H            2.58435979376294       -1.31367068211555        1.30240490676792
20
 energy: -27.123266451989 gnorm: 0.000821623235 xtb: 6.7.1 (edcfbbe)
C           -3.34775564730047       -1.03378743091725        0.32117764439210
C           -1.83530300757036       -0.92459677506967        0.16965696032810
C           -1.40696771741975        0.52792289997568       -0.02140761807354
C            0.07954246646277        0.73031161990532       -0.16144242709109
O            0.61988595222806        1.81631120179939       -0.07998175398691
O            0.73473539768139       -0.39513497788379       -0.40602972421137
C            2.16141235829028       -0.33598027083413       -0.56857259002114
C            2.87319421814306       -0.41008841308319        0.77320226358035
H           -3.68765372635697       -0.46642688685098        1.18411036195662
H           -3.84943133402098       -0.64767980311668       -0.56268364825468
H           -3.63892179562467       -2.07174405934771        0.45594088083045
H           -1.50688898572222       -1.51365358422898       -0.68720740465016
H           -1.34710215414908       -1.33062857859859        1.05681228952703
H           -1.74365981494517        1.14891105100212        0.81145550165662
H           -1.86354269147742        0.93858997645668       -0.92630651764303
H            2.40010104407405       -1.19800069625139       -1.19227703382570
H            2.41605720040306        0.59287653071335       -1.08811142091700
H            3.94604902889704       -0.41873888274708        0.61072716664675
H            2.61546668405661        0.45559924086695        1.37932564064465
H            2.58280415592100       -1.31340926785571        1.30272103050943
20
 energy: -27.123270917660 gnorm: 0.000533507961 xtb: 6.7.1 (edcfbbe)
C           -3.34836152083971       -1.03315005667219        0.32060254160561
C           -1.83525391329308       -0.92587763450948        0.17015268976278
C           -1.40648824677724        0.52678511475026       -0.02015993218377
C            0.07965031067397        0.72853883690090       -0.16362863240588
O            0.61940580508459        1.81569715931849       -0.08865280781536
O            0.73545587953250       -0.39670136121675       -0.40454933873995
C            2.16188929286465       -0.33470533212414       -0.56859926984952
C            2.87324216327564       -0.41043879425561        0.77374138998570
H           -3.68755609299780       -0.46432390996484        1.18272478449899
H           -3.84829861503958       -0.64700695780851       -0.56412808338591
H           -3.64088881663520       -2.07049413682548        0.45613143478394
H           -1.50672499966363       -1.51462382509492       -0.68675544997037
H           -1.34820547627296       -1.33254183545343        1.05751828228818
H           -1.73956246941743        1.14652380051120        0.81492670523388
H           -1.86582044461048        0.93875897553046       -0.92276559640508
H            2.40265339676887       -1.19409655224337       -1.19463591907670
H            2.41423418196729        0.59661915523927       -1.08473308598854
H            3.94591408759192       -0.42117028388955        0.61159929666622
H            2.61644270146043        0.45583893129766        1.37934185976088
H            2.58029440789746       -1.31297839955564        1.30297873263239
20
 energy: -27.123273717465 gnorm: 0.000604219633 xtb: 6.7.1 (edcfbbe)
C           -3.34837912780376       -1.03368579444242        0.31978305587283
C           -1.83508742456960       -0.92616835826520        0.17075241394994
C           -1.40654190115738        0.52664756077367       -0.01853332687436
C            0.07885277317226        0.72944208376629       -0.16778548734552
O            0.61684196007864        1.81825679153390       -0.10160172578747
O            0.73610349669485       -0.39632344163321       -0.40239871225978
C            2.16257167409732       -0.33310468774937       -0.56769204610057
C            2.87383257084448       -0.41200403727306        0.77453191349962
H           -3.68876816124684       -0.46393735563234        1.18094610466062
H           -3.84752099976066       -0.64851739985746       -0.56588344734014
H           -3.64101725893834       -2.07099968534241        0.45602809179383
H           -1.50569005175586       -1.51464048784976       -0.68605496836939
H           -1.34876357151094       -1.33307450871340        1.05843453145720
H           -1.73579580068805        1.14444697380429        0.81960581329827
H           -1.87028044098216        0.94108671046406       -0.91782462504170
H            2.40381528648626       -1.19069364365644       -1.19613153916562
H            2.41387126237243        0.59974119605410       -1.08150681182384
H            3.94661731305054       -0.42698667515244        0.61270077896260
H            2.62019510638657        0.45496171743618        1.38062682609779
H            2.57716492680046       -1.31379406433064        1.30311276191316
20
 energy: -27.123275392081 gnorm: 0.000290727795 xtb: 6.7.1 (edcfbbe)
C           -3.34840679093077       -1.03392355446664        0.31923071696735
C           -1.83521896235130       -0.92648670726919        0.17050025255770
C           -1.40686655231646        0.52644495067219       -0.01754600412045
C            0.07796302758477        0.73033320786144       -0.17056275378531
O            0.61372292985734        1.82059434986758       -0.11222866276536
O            0.73677770636782       -0.39568290228944       -0.39964241480373
C            2.16294359817906       -0.33199147530994       -0.56641188063205
C            2.87495949741133       -0.41314326423575        0.77524002748381
H           -3.68921294393247       -0.46352892466041        1.17985248477666
H           -3.84758733730465       -0.64951808593321       -0.56679767158185
H           -3.64127952821637       -2.07112359650360        0.45632641477804
H           -1.50577358405072       -1.51460209331386       -0.68659125832650
H           -1.34905758407574       -1.33406234722760        1.05801272295679
H           -1.73347032358795        1.14250902290043        0.82298450234913
H           -1.87366549988915        0.94336554147137       -0.91417349217881
H            2.40410446754045       -1.18867267196912       -1.19635787746568
H            2.41386957654816        0.60148910440459       -1.07927518464275
H            3.94762792871737       -0.43078037307532        0.61284231900360
H            2.62403412307414        0.45396154730329        1.38221609352662
H            2.57655788294536       -1.31452883429248        1.30349126730029
20
 energy: -27.123276554884 gnorm: 0.000232368577 xtb: 6.7.1 (edcfbbe)
C           -3.34866228713173       -1.03411885202925        0.31905946483719
C           -1.83565258990994       -0.92658435696934        0.16951799384297
C           -1.40731517173738        0.52642217250208       -0.01695399494868
C            0.07717311297997        0.73125692598061       -0.17253726432607
O            0.61134472091824        1.82258686342912       -0.12072732274267
O            0.73710329503633       -0.39523465789332       -0.39632687878593
C            2.16292936742200       -0.33164222586685       -0.56469741686826
C            2.87664878392280       -0.41378938306523        0.77591646431410
H           -3.68920474322828       -0.46351747468904        1.17968664348272
H           -3.84840393229211       -0.64997003388865       -0.56677199536443
H           -3.64159541095286       -2.07129987825938        0.45653773022001
H           -1.50675835241260       -1.51380604062069       -0.68845130655303
H           -1.34890144761735       -1.33526407460177        1.05621158068838
H           -1.73234212457127        1.14095185724302        0.82537434331903
H           -1.87599920346358        0.94530501402159       -0.91171649143629
H            2.40343906639793       -1.18812306809066       -1.19535915588836
H            2.41358535007707        0.60191860642403       -1.07761308640700
H            3.94912895486965       -0.43228895010604        0.61213034287121
H            2.62728707583999        0.45310537620237        1.38381666481557
H            2.57821716742335       -1.31525492578823        1.30401328632704
20
 energy: -27.123278108842 gnorm: 0.000376236234 xtb: 6.7.1 (edcfbbe)
C           -3.34915885338744       -1.03402573068709        0.31908778576693
C           -1.83642992892291       -0.92680768566221        0.16710032056338
C           -1.40815790066651        0.52649528145434       -0.01645690584056
C            0.07597942117213        0.73213077970619       -0.17489447001778
O            0.60832356923402        1.82465508842285       -0.13228222093497
O            0.73733414010698       -0.39525271486091       -0.39017084119730
C            2.16262028150159       -0.33187810053702       -0.56181788319667
C            2.87955998821931       -0.41418375671355        0.77702419550789
H           -3.68825727329322       -0.46372580202711        1.18051818877402
H           -3.85045702612849       -0.64946656044028       -0.56571909105646
H           -3.64218475075155       -2.07119370434495        0.45668417140744
H           -1.50946283725793       -1.51209486286618       -0.69298288447673
H           -1.34814338641948       -1.33805865959932        1.05178780311088
H           -1.73123171630754        1.13859706730090        0.82846485903889
H           -1.87885801718053        0.94855084456448       -0.90871223859930
H            2.40184071792574       -1.18856698575479       -1.19286700256784
H            2.41237734160624        0.60143806382143       -1.07572205027510
H            3.95161511424974       -0.43189430940375        0.61037369312506
H            2.63141523469351        0.45211538581182        1.38624664583304
H            2.58329751317656       -1.31618074425050        1.30544752643267
20
 energy: -27.123279390148 gnorm: 0.000360232620 xtb: 6.7.1 (edcfbbe)
C           -3.34990188722373       -1.03385152300036        0.31948226897795
C           -1.83743320117159       -0.92685155469932        0.16428834305202
C           -1.40871847198186        0.52662054269038       -0.01629410198250
C            0.07524683904066        0.73228179544758       -0.17639785406571
O            0.60691708542835        1.82536905539224       -0.14071950450968
O            0.73724011457112       -0.39595747283498       -0.38468598435193
C            2.16216758007639       -0.33283507455955       -0.55920701489235
C            2.88229926567507       -0.41387425965222        0.77797687741183
H           -3.68682784915267       -0.46450020112563        1.18237597188955
H           -3.85287396251087       -0.64790194021164       -0.56374821326790
H           -3.64303203213758       -2.07107458138847        0.45634241994378
H           -1.51272156645501       -1.50996430320272       -0.69813780400582
H           -1.34723388373561       -1.34073914826035        1.04664995959890
H           -1.73041163898334        1.13658565665530        0.83070047956736
H           -1.88054059891714        0.95133808804365       -0.90664954595243
H            2.40017136620056       -1.19002874180727       -1.19001157680461
H            2.41074361027385        0.60007423330418       -1.07443167409166
H            3.95400658701149       -0.42909532775164        0.60873930731601
H            2.63361581324795        0.45171588109727        1.38795144218921
H            2.58930846231418       -1.31665823020209        1.30688580537545
20
 energy: -27.123280278671 gnorm: 0.000142764349 xtb: 6.7.1 (edcfbbe)
C           -3.35024342495967       -1.03355135413917        0.31981657443992
C           -1.83794476788035       -0.92687782080830        0.16200930693673
C           -1.40910701063731        0.52690875222995       -0.01609068419810
C            0.07476429884535        0.73203856078017       -0.17767365750506
O            0.60646288120935        1.82533380381314       -0.14707139959975
O            0.73697997273623       -0.39697950159615       -0.38052484062435
C            2.16177665302138       -0.33396180380376       -0.55744084504425
C            2.88388178718667       -0.41339438575506        0.77876557815847
H           -3.68529299220139       -0.46587778694602        1.18452063509962
H           -3.85478242664662       -0.64574185150240       -0.56169633527722
H           -3.64320853264343       -2.07096405656425        0.45514615837909
H           -1.51522467866260       -1.50802022592927       -0.70246996804068
H           -1.34617918884959       -1.34306411190339        1.04238485386346
H           -1.72934884660205        1.13506952578228        0.83277584694779
H           -1.88189159086085        0.95395764867608       -0.90479049682788
H            2.39887359203279       -1.19171607567042       -1.18770630404016
H            2.40913988089453        0.59859422989763       -1.07386711644079
H            3.95533117810609       -0.42594611647852        0.60778292804165
H            2.63406166576612        0.45169627440499        1.38901364868903
H            2.59397318171555       -1.31685081055317        1.30822571843998
20
 energy: -27.123280492168 gnorm: 0.000243990542 xtb: 6.7.1 (edcfbbe)
C           -3.35058496269561       -1.03325118527798        0.32015087990188
C           -1.83845633458911       -0.92690408691727        0.15973027082145
C           -1.40949554929276        0.52719696176952       -0.01588726641370
C            0.07428175865005        0.73179532611276       -0.17894946094442
O            0.60600867699035        1.82529855223403       -0.15342329468983
O            0.73671983090134       -0.39800153035733       -0.37636369689678
C            2.16138572596638       -0.33508853304798       -0.55567467519615
C            2.88546430869827       -0.41291451185790        0.77955427890512
H           -3.68375813525011       -0.46725537276640        1.18666529830968
H           -3.85669089078237       -0.64358176279316       -0.55964445728654
H           -3.64338503314928       -2.07085353174004        0.45394989681439
H           -1.51772779087019       -1.50607614865581       -0.70680213207553
H           -1.34512449396357       -1.34538907554643        1.03811974812801
H           -1.72828605422076        1.13355339490926        0.83485121432822
H           -1.88324258280455        0.95657720930851       -0.90293144770333
H            2.39757581786503       -1.19340340953358       -1.18540103127572
H            2.40753615151520        0.59711422649109       -1.07330255878992
H            3.95665576920070       -0.42279690520541        0.60682654876729
H            2.63450751828428        0.45167666771272        1.39007585518884
H            2.59863790111692       -1.31704339090425        1.30956563150451
20
 energy: -27.123280941518 gnorm: 0.000216570610 xtb: 6.7.1 (edcfbbe)
C           -3.35064032153457       -1.03325250695857        0.32038763710507
C           -1.83854166135581       -0.92684696263941        0.15979218125921
C           -1.40906653291710        0.52706522669531       -0.01595785889228
C            0.07476901908955        0.73132080247727       -0.17840952233812
O            0.60698166066072        1.82441899251522       -0.15054304754576
O            0.73673811458204       -0.39819801768384       -0.37814054020485
C            2.16155431648169       -0.33540054383270       -0.55638178766404
C            2.88476766734828       -0.41234160700347        0.77935969057914
H           -3.68350099057564       -0.46793035537086        1.18743691558559
H           -3.85662012082573       -0.64250484586206       -0.55897396402164
H           -3.64380508502412       -2.07089912897829        0.45322099183205
H           -1.51783844414687       -1.50615091076519       -0.70662778534174
H           -1.34526753101903       -1.34524840881085        1.03820815276849
H           -1.72804694014568        1.13367896966480        0.83445629394238
H           -1.88242695836673        0.95616809162977       -0.90327994143457
H            2.39814285463587       -1.19404660829567       -1.18547320176689
H            2.40805242244713        0.59650179302516       -1.07431994624987
H            3.95611610326029       -0.42171431423517        0.60759629119037
H            2.63276702647801        0.45238430823883        1.38925185502725
H            2.59788703249793       -1.31635107987594        1.30950718756769
20
 energy: -27.123281534230 gnorm: 0.000175323598 xtb: 6.7.1 (edcfbbe)
C           -3.35040575615536       -1.03322772884878        0.32049054093494
C           -1.83833052650020       -0.92691970154269        0.16006334799813
C           -1.40847159007904        0.52688645180998       -0.01544604443634
C            0.07531269537587        0.73095874407859       -0.17851328796872
O            0.60782446370224        1.82397177014824       -0.14901239457907
O            0.73679653584086       -0.39843512955669       -0.38067801436720
C            2.16180325311205       -0.33575165397892       -0.55738574949579
C            2.88344677252179       -0.41167349400399        0.77925523441727
H           -3.68307944785577       -0.46950116990386        1.18862727713558
H           -3.85621694066181       -0.64052853128256       -0.55808772738722
H           -3.64403654697626       -2.07102659999671        0.45125172963681
H           -1.51751003963050       -1.50617462501827       -0.70634399296878
H           -1.34523490208753       -1.34542363936128        1.03851707860304
H           -1.72685986430270        1.13339796716986        0.83525426776474
H           -1.88223309802692        0.95625699775408       -0.90241067533351
H            2.39903362503153       -1.19489072900933       -1.18556985851929
H            2.40896453164194        0.59569557311965       -1.07578154330499
H            3.95505932523432       -0.42123889885433        0.60913922523517
H            2.63052253368547        0.45349847407814        1.38812330461344
H            2.59563660770024       -1.31522118286679        1.30961688341929
20
 energy: -27.123281947305 gnorm: 0.000092709048 xtb: 6.7.1 (edcfbbe)
C           -3.35004237053664       -1.03306448172443        0.32060021665102
C           -1.83797682426327       -0.92704926243699        0.16004011829622
C           -1.40801613493235        0.52679333457369       -0.01498101335467
C            0.07574169508028        0.73062093675538       -0.17857090336322
O            0.60843385171717        1.82343370628839       -0.14765803195146
O            0.73684642585554       -0.39867147569655       -0.38279672479582
C            2.16196125978996       -0.33629324927224       -0.55832948052922
C            2.88206115952026       -0.41089992402425        0.77925680859030
H           -3.68240140239234       -0.47118488605997        1.19009512614384
H           -3.85602656667324       -0.63827222870293       -0.55698372626031
H           -3.64399469182759       -2.07108223033021        0.44909835314068
H           -1.51731238895825       -1.50606091249516       -0.70661019272185
H           -1.34486902613672       -1.34598737341722        1.03833044457495
H           -1.72572085447217        1.13288204442575        0.83628709990805
H           -1.88226009378005        0.95684102471672       -0.90138399903646
H            2.39971948930664       -1.19620215816330       -1.18532300781227
H            2.40985935518080        0.59452290697885       -1.07755481598922
H            3.95389281702460       -0.42067685238143        0.61039584381777
H            2.62850318116493        0.45494381838948        1.38697417115257
H            2.59362275090266       -1.31393984348920        1.31022331493658
20
 energy: -27.123282273917 gnorm: 0.000077586735 xtb: 6.7.1 (edcfbbe)
C           -3.34984665861030       -1.03313176148369        0.32058239134298
C           -1.83785905415037       -0.92705674644334        0.15940417182150
C           -1.40789851995997        0.52693136844278       -0.01433389327731
C            0.07572579155885        0.73072391388166       -0.17939415266393
O            0.60834192208627        1.82368241870615       -0.15043745482634
O            0.73675646018321       -0.39887718801635       -0.38240661643324
C            2.16181825131224       -0.33681475897212       -0.55814791278356
C            2.88183360432916       -0.41052404521850        0.77955537752237
H           -3.68164341124885       -0.47262400999468        1.19116550838403
H           -3.85622395146109       -0.63681346320348       -0.55609569691254
H           -3.64388079838648       -2.07130489325289        0.44753236483823
H           -1.51769456434676       -1.50524221739977       -0.70798869173146
H           -1.34434479709630       -1.34694785326701        1.03701816094645
H           -1.72441901747234        1.13195511413421        0.83816660537649
H           -1.88319824494986        0.95831966751049       -0.89952909068787
H            2.39947059283219       -1.19725377655002       -1.18446156993715
H            2.40986991122031        0.59355081920508       -1.07812276629073
H            3.95367560125778       -0.42052011160981        0.61082937735562
H            2.62828065760942        0.45575671596493        1.38663742794185
H            2.59325785686312       -1.31315629849929        1.31113606141208
20
 energy: -27.123282620389 gnorm: 0.000082169242 xtb: 6.7.1 (edcfbbe)
C           -3.34973782725879       -1.03310781192087        0.32054591410707
C           -1.83782464720126       -0.92709520790419        0.15858872650716
C           -1.40786851343452        0.52704798012714       -0.01374616877765
C            0.07564735783970        0.73075123033590       -0.17993669319754
O            0.60823119556566        1.82377363353988       -0.15287351392194
O            0.73662385914826       -0.39915178365112       -0.38162018754529
C            2.16161579034904       -0.33742054075906       -0.55781489191644
C            2.88188096391433       -0.41002770229904        0.77982332368100
H           -3.68096493236798       -0.47371636459085        1.19206030448213
H           -3.85664428672486       -0.63564991505134       -0.55530888689549
H           -3.64375291313187       -2.07140952393935        0.44633420386141
H           -1.51826316585657       -1.50431000924460       -0.70968239023725
H           -1.34379864342423       -1.34806562820337        1.03540261117151
H           -1.72339673912590        1.13098300511240        0.83990183279334
H           -1.88399248034707        0.95976962098205       -0.89782991210863
H            2.39903911821600       -1.19846248077862       -1.18338326744309
H            2.40970946971056        0.59242762859153       -1.07870078831521
H            3.95368726499062       -0.42047002675648        0.61090682687982
H            2.62865910321644        0.45687984565298        1.38614436255809
H            2.59317165749267       -1.31209305530863        1.31229819571449
20
 energy: -27.123282626073 gnorm: 0.000068607952 xtb: 6.7.1 (edcfbbe)
C           -3.34974203406997       -1.03311451762110        0.32054645690562
C           -1.83783015524285       -0.92708833052976        0.15858282897579
C           -1.40785672424962        0.52704949764977       -0.01374046609563
C            0.07565220214092        0.73076589405168       -0.17994761627134
O            0.60822820796184        1.82373580305727       -0.15287008101240
O            0.73661966763738       -0.39913126427733       -0.38161036256931
C            2.16162339492080       -0.33742655110616       -0.55780796708251
C            2.88188660456817       -0.41002239336040        0.77982163949234
H           -3.68095856640592       -0.47371468877141        1.19206206644398
H           -3.85664241760662       -0.63564875990953       -0.55530159469292
H           -3.64375951305880       -2.07141246547626        0.44633798219435
H           -1.51827391737081       -1.50430070382000       -0.70969112756512
H           -1.34380026328552       -1.34807298841288        1.03538625142939
H           -1.72339747530350        1.13097470287202        0.83990176458090
H           -1.88398794222411        0.95976941071607       -0.89782581927632
H            2.39903796700120       -1.19846486247681       -1.18337763005595
H            2.40970419002290        0.59242408913017       -1.07870174652470
H            3.95368090371254       -0.42047171776127        0.61090710126775
H            2.62866585639267        0.45688251464633        1.38613470307361
H            2.59317164602952       -1.31207977466604        1.31230321817997
