----------------------------------------------- 
  Element       SASA      Sigma Z        Total  
     Z         Ang**2 cal/Ang**2/mol   kcal/mol 
----------------------------------------------- 
      H        141.656      48.690       6.897
      C         35.612     129.740       4.620
      O         29.919       0.000       0.000

 Subtotal:     207.187                  11.518
 -----------------------------------------------

  Elements    COT*SASA   Sigma Z,Z'     Total   
    Z,Z'       Ang**2  cal/Ang**2/mol kcal/mol  
 ---------------------------------------------- 
  H   C         95.231     -60.770      -5.787
  H   O          0.000       0.000       0.000
  C   C         26.739     -72.950      -1.951
  O   C         14.893      68.690       1.023
  O   O          0.000       0.000       0.000

 Subtotal:                              -6.715
 ---------------------------------------------- 

 NONAQUEOUS SOLVENT CONTRIBUTION (kcal/mol):
 (proportional to SASA, atomic number independent)
 ---------------------------------------------- 
 Subtotal:                               0.000
 ---------------------------------------------- 

 CDS TOTAL (kcal/mol):                   4.803
...............................................................................
