----------------------------------------------- 
  Element       SASA      Sigma Z        Total  
     Z         Ang**2 cal/Ang**2/mol   kcal/mol 
----------------------------------------------- 
      H        142.223      48.690       6.925
      C         34.670     129.740       4.498
      O         30.590       0.000       0.000

 Subtotal:     207.482                  11.423
 -----------------------------------------------

  Elements    COT*SASA   Sigma Z,Z'     Total   
    Z,Z'       Ang**2  cal/Ang**2/mol kcal/mol  
 ---------------------------------------------- 
  H   C         95.622     -60.770      -5.811
  H   O          0.000       0.000       0.000
  C   C         26.202     -72.950      -1.911
  O   C         15.924      68.690       1.094
  O   O          0.000       0.000       0.000

 Subtotal:                              -6.629
 ---------------------------------------------- 

 NONAQUEOUS SOLVENT CONTRIBUTION (kcal/mol):
 (proportional to SASA, atomic number independent)
 ---------------------------------------------- 
 Subtotal:                               0.000
 ---------------------------------------------- 

 CDS TOTAL (kcal/mol):                   4.794
...............................................................................
