20
 energy: -386.242696570792 gnorm: 0.002836823268 xtb: 6.7.1 (edcfbbe)
C           -2.59922657651993       -1.04967392471043       -0.44589204870375
C           -2.23193205773838       -0.25259817956303        0.80310353317905
C           -1.30609391768970        0.93257330442314        0.48953729184008
C           -0.03673463851332        0.50936852592631       -0.19670403156772
O            0.31004296869430        0.87382502541547       -1.30982826911732
O            0.67975910140598       -0.34145480552606        0.56144210945501
C            1.95687853135678       -0.80449232609551        0.02181409266417
C            3.04186036418972        0.22340925301830        0.25083722572114
H           -1.71238790675949       -1.50974358110479       -0.90223971949629
H           -3.30198876954667       -1.85401550812370       -0.20393857115253
H           -3.06904539821463       -0.40595420700338       -1.20059293569494
H           -1.75489418094956       -0.90560788490535        1.54219783988945
H           -3.13781151845637        0.14846750808366        1.27090845044877
H           -1.03378545803032        1.45037731198807        1.41703420496970
H           -1.80777055955200        1.64584628406646       -0.16902513010876
H            2.15699840997129       -1.72535488222612        0.57294734975216
H            1.82831139741531       -1.04181212600256       -1.03744346400115
H            3.14791787580574        0.44375321667162        1.31753442323634
H            3.99416357961412       -0.17505037829732       -0.11422202860192
H            2.83103316299088        1.15283951400661       -0.28531207079214
20
 energy: -386.242713411081 gnorm: 0.001156555301 xtb: 6.7.1 (edcfbbe)
C           -2.59949635138853       -1.04999912701515       -0.44537049615157
C           -2.23170484083594       -0.25306039195330        0.80236846174910
C           -1.30726720718639        0.93332071008576        0.48857833692332
C           -0.03792412599529        0.51017690017318       -0.19717071497726
O            0.30886988069013        0.87224738538472       -1.31074432841310
O            0.67993636133215       -0.33779679527625        0.56332130054012
C            1.95667468849903       -0.80297107504490        0.02213642138046
C            3.04361974436450        0.22228715913786        0.25119591802522
H           -1.71351968909645       -1.50762690413912       -0.90232577875783
H           -3.30014258114936       -1.85523600245547       -0.20385945801995
H           -3.06974933860763       -0.40689494524217       -1.19803006186744
H           -1.75275629577453       -0.90588839539061        1.53966499418087
H           -3.13735135784544        0.14656696444636        1.27112505359014
H           -1.03505840478730        1.45077459509136        1.41592741564487
H           -1.81031455765329        1.64587659653450       -0.16968397915903
H            2.15525290434114       -1.72454223585831        0.57259439766859
H            1.82627673742557       -1.03833650662609       -1.03727697173261
H            3.14966545940603        0.44207711504429        1.31756079210992
H            3.99500157687898       -0.17825080011739       -0.11305094626479
H            2.83528155788462        1.15197819272254       -0.28480231183570
20
 energy: -386.242725979152 gnorm: 0.001620644712 xtb: 6.7.1 (edcfbbe)
C           -2.59932708525051       -1.05044652982855       -0.44522936849562
C           -2.23095103555862       -0.25494674690667        0.80173411707812
C           -1.31080173500749        0.93492952834879        0.48626742978506
C           -0.04034595095728        0.51425817817107       -0.19788574305249
O            0.30421668809566        0.86828929159970       -1.31449367367275
O            0.68139711033250       -0.32626436478682        0.56832816127372
C            1.95573208666549       -0.79898827458406        0.02285869668652
C            3.04853498880232        0.21896670861427        0.25258070513972
H           -1.71405267705775       -1.50275678645546       -0.90512446713336
H           -3.29475803573891       -1.85880040523921       -0.20287767466439
H           -3.07386718280747       -0.40877806709997       -1.19394460542282
H           -1.74643576092819       -0.90646168448108        1.53568676404892
H           -3.13595900492699        0.14118525615106        1.27382718280065
H           -1.04019258570861        1.45280872935420        1.41327539576188
H           -1.81722289553928        1.64498076571449       -0.17212570175081
H            2.14902619541372       -1.72284763326625        0.57119837904033
H            1.82034833468873       -1.02967193882800       -1.03675328394467
H            3.15508994896753        0.43802410790161        1.31857783122421
H            3.99737552600742       -0.18844150335592       -0.10987221522891
H            2.84748641887756        1.14966478290147       -0.28387060685417
20
 energy: -386.242732377839 gnorm: 0.001089948086 xtb: 6.7.1 (edcfbbe)
C           -2.59937541252649       -1.05121729507257       -0.44564350739445
C           -2.23030206827358       -0.25552865456621        0.80143574561462
C           -1.31225958202593        0.93624287852905        0.48607216704789
C           -0.04228893524728        0.51520023213546       -0.19874187461520
O            0.30116261586777        0.86762262478376       -1.31623024214980
O            0.68229730982658       -0.32078588323981        0.57006209222487
C            1.95510814969129       -0.79698293987807        0.02363282452520
C            3.05123421198688        0.21734606156877        0.25323841132668
H           -1.71332975421940       -1.50113699231947       -0.90812031494409
H           -3.29256167104048       -1.86183027154310       -0.20250172230824
H           -3.07764719364336       -0.40965837782668       -1.19318177304922
H           -1.74362670400735       -0.90679087977744        1.53451365683398
H           -3.13514095982389        0.13895314398042        1.27551736990883
H           -1.04252893751382        1.45484664266606        1.41308687921184
H           -1.81959137679604        1.64527650152742       -0.17271356103643
H            2.14549662404878       -1.72197548518340        0.57108131702498
H            1.81815848025354       -1.02643486183079       -1.03594935648205
H            3.15812477244975        0.43677791675145        1.31934204781569
H            3.99899684872537       -0.19362666881864       -0.10861218616316
H            2.85336659754318        1.14840618553727       -0.28413104422265
20
 energy: -386.242735050386 gnorm: 0.001043072165 xtb: 6.7.1 (edcfbbe)
C           -2.59901283423908       -1.05217653968479       -0.44623411162703
C           -2.22959872327430       -0.25631255245262        0.80146677153851
C           -1.31437101908372        0.93771620186344        0.48575657004971
C           -0.04249472889422        0.52010615519278       -0.19794053972998
O            0.29684432906294        0.86722496626305       -1.31853033805791
O            0.68419786111406       -0.31253222617095        0.57228296895415
C            1.95375542813695       -0.79471623882122        0.02463308426632
C            3.05474156369357        0.21463638635055        0.25389818606589
H           -1.71187403382342       -1.49838264683315       -0.91260941592807
H           -3.28858620118907       -1.86622416425086       -0.20184628837216
H           -3.08294277266813       -0.41134916097120       -1.19236207238085
H           -1.74030833135950       -0.90724607017611        1.53361537814999
H           -3.13488456971863        0.13521436324768        1.27765007951343
H           -1.04712200946979        1.45800867641322        1.41273875662653
H           -1.82312818247765        1.64476300253557       -0.17408793284302
H            2.14011116307846       -1.72125567830504        0.57092532637955
H            1.81531568064756       -1.02268937854141       -1.03503149909956
H            3.16249070327189        0.43507821107134        1.32001467748757
H            4.00084265673574       -0.20129993061291       -0.10732738577512
H            2.86131648882964        1.14614132784106       -0.28485605174405
20
 energy: -386.242736697282 gnorm: 0.000297833420 xtb: 6.7.1 (edcfbbe)
C           -2.59876877838234       -1.05196646391795       -0.44640398315063
C           -2.22961310369954       -0.25641114565070        0.80138495428742
C           -1.31468005092710        0.93771988029744        0.48579345629456
C           -0.04323038239179        0.51923530262552       -0.19822307169546
O            0.29678911100899        0.86759235405416       -1.31819065567969
O            0.68422323810101       -0.31198398186755        0.57245539060830
C            1.95341646547576       -0.79433245347666        0.02501691551544
C            3.05503303249315        0.21446482030195        0.25371452674784
H           -1.71183931297790       -1.49735655503483       -0.91304613784342
H           -3.28741480736819       -1.86642761865290       -0.20178567435448
H           -3.08322256092611       -0.41168315261098       -1.19206452315394
H           -1.74028369296343       -0.90736062350371        1.53334132958527
H           -3.13492798347537        0.13497471640180        1.27744923679930
H           -1.04752070227377        1.45770762506093        1.41288645930884
H           -1.82325303458356        1.64502514973279       -0.17391644951950
H            2.13969681232897       -1.72073130369968        0.57155039614013
H            1.81503161941996       -1.02267274215405       -1.03464164206707
H            3.16310013610547        0.43520527866184        1.31962368459459
H            4.00073783290038       -0.20210979791597       -0.10750022258942
H            2.86201863312055        1.14581547971943       -0.28528796615351
20
 energy: -386.242736697282 gnorm: 0.000297833420 xtb: 6.7.1 (edcfbbe)
C           -2.59876877838234       -1.05196646391795       -0.44640398315063
C           -2.22961310369954       -0.25641114565070        0.80138495428742
C           -1.31468005092710        0.93771988029744        0.48579345629456
C           -0.04323038239179        0.51923530262552       -0.19822307169546
O            0.29678911100899        0.86759235405416       -1.31819065567969
O            0.68422323810101       -0.31198398186755        0.57245539060830
C            1.95341646547576       -0.79433245347666        0.02501691551544
C            3.05503303249315        0.21446482030195        0.25371452674784
H           -1.71183931297790       -1.49735655503483       -0.91304613784342
H           -3.28741480736819       -1.86642761865290       -0.20178567435448
H           -3.08322256092611       -0.41168315261098       -1.19206452315394
H           -1.74028369296343       -0.90736062350371        1.53334132958527
H           -3.13492798347537        0.13497471640180        1.27744923679930
H           -1.04752070227377        1.45770762506093        1.41288645930884
H           -1.82325303458356        1.64502514973279       -0.17391644951950
H            2.13969681232897       -1.72073130369968        0.57155039614013
H            1.81503161941996       -1.02267274215405       -1.03464164206707
H            3.16310013610547        0.43520527866184        1.31962368459459
H            4.00073783290038       -0.20210979791597       -0.10750022258942
H            2.86201863312055        1.14581547971943       -0.28528796615351
