----------------------------------------------- 
  Element       SASA      Sigma Z        Total  
     Z         Ang**2 cal/Ang**2/mol   kcal/mol 
----------------------------------------------- 
      H        141.809      48.690       6.905
      C         36.113     129.740       4.685
      O         30.933       0.000       0.000

 Subtotal:     208.855                  11.590
 -----------------------------------------------

  Elements    COT*SASA   Sigma Z,Z'     Total   
    Z,Z'       Ang**2  cal/Ang**2/mol kcal/mol  
 ---------------------------------------------- 
  H   C         95.602     -60.770      -5.810
  H   O          0.000       0.000       0.000
  C   C         27.414     -72.950      -2.000
  O   C         17.101      68.690       1.175
  O   O          0.000       0.000       0.000

 Subtotal:                              -6.635
 ---------------------------------------------- 

 NONAQUEOUS SOLVENT CONTRIBUTION (kcal/mol):
 (proportional to SASA, atomic number independent)
 ---------------------------------------------- 
 Subtotal:                               0.000
 ---------------------------------------------- 

 CDS TOTAL (kcal/mol):                   4.955
...............................................................................
