----------------------------------------------- 
  Element       SASA      Sigma Z        Total  
     Z         Ang**2 cal/Ang**2/mol   kcal/mol 
----------------------------------------------- 
      H        140.583      48.690       6.845
      C        123.955     129.740      16.082
      N          4.760       0.000       0.000
      O         56.128       0.000       0.000

 Subtotal:     325.425                  22.927
 -----------------------------------------------

  Elements    COT*SASA   Sigma Z,Z'     Total   
    Z,Z'       Ang**2  cal/Ang**2/mol kcal/mol  
 ---------------------------------------------- 
  H   C         84.927     -60.770      -5.161
  H   O          8.202       0.000       0.000
  C   C        173.507     -72.950     -12.657
  O   C         21.803      68.690       1.498
  O   O          0.000       0.000       0.000
  C   N          4.368       0.000       0.000
  N   C         25.668     -48.220      -1.238
  N  C(3)        0.000      84.100       0.000
  O   N          0.000     121.980       0.000

 Subtotal:                             -17.558
 ---------------------------------------------- 

 NONAQUEOUS SOLVENT CONTRIBUTION (kcal/mol):
 (proportional to SASA, atomic number independent)
 ---------------------------------------------- 
 Subtotal:                               0.000
 ---------------------------------------------- 

 CDS TOTAL (kcal/mol):                   5.368
...............................................................................
