20
 energy: -386.243127837021 gnorm: 0.005129736931 xtb: 6.7.1 (edcfbbe)
C           -3.66465134578022       -0.38858771531054        0.40555081936338
C           -2.38423741722866        0.14979650380364       -0.22625367993689
C           -1.14879707856125       -0.50326928833180        0.38286737347710
C            0.14377662918605       -0.01541481862559       -0.20906292051048
O            0.25389652531642        0.92434739696136       -0.98044956266022
O            1.18742668539485       -0.75012871577636        0.22155502360699
C            2.51650755036902       -0.33349615895985       -0.21152144064560
C            3.01659849278389        0.82787732377817        0.62191046413449
H           -3.74843764578103       -1.47261583426865        0.26205843932983
H           -3.68288159600498       -0.19238648867279        1.48456517501831
H           -4.55103255623807        0.07836394514568       -0.03662303190381
H           -2.32539289405250        1.23540355808061       -0.08832481687209
H           -2.39300526635338       -0.03225805050698       -1.30757268751314
H           -1.18198847842320       -1.59448734730861        0.27818915399982
H           -1.09740886285626       -0.30522056692387        1.46271218644053
H            3.13310854062926       -1.22275402038378       -0.06806117997326
H            2.48443430448049       -0.09096404809629       -1.27742611196452
H            3.05300302179254        0.55780206753576        1.68222695503075
H            4.02828271176904        1.09343001710406        0.29734410187776
H            2.37554997156771        1.70648879851510        0.50055420559770
20
 energy: -386.243165614510 gnorm: 0.002703931915 xtb: 6.7.1 (edcfbbe)
C           -3.66554145009981       -0.38865800147569        0.40608245913109
C           -2.38542756974020        0.14872631336931       -0.22569056620032
C           -1.14962648930692       -0.50376288159644        0.38214886861377
C            0.14182096434311       -0.01873576138701       -0.21289163579407
O            0.25245262209347        0.91906927710446       -0.98548557481967
O            1.18737754437536       -0.74908255873615        0.22344542823328
C            2.51756226834009       -0.32988896147989       -0.21064203596364
C            3.01961572414488        0.82859508924050        0.62261146854550
H           -3.75056109041079       -1.47158739457964        0.26209508029625
H           -3.68393181268899       -0.19225487773934        1.48399498305408
H           -4.55019693063406        0.07959323224642       -0.03634489905928
H           -2.32739411884388        1.23412281784079       -0.08877331826351
H           -2.39566613362269       -0.03373725863437       -1.30647147779249
H           -1.18436559328994       -1.59474388494674        0.27872232653712
H           -1.09771325791316       -0.30629742282655        1.46175059978172
H            3.13350251675551       -1.21985306427753       -0.06832191663636
H            2.48191912039750       -0.08630328222348       -1.27585102768234
H            3.05581617189975        0.55690987659253        1.68167551810225
H            4.03198566181928        1.09030370888638        0.29908054670050
H            2.38312299058939        1.70951129973907        0.50310289593144
20
 energy: -386.243190584110 gnorm: 0.001750218515 xtb: 6.7.1 (edcfbbe)
C           -3.66745033931124       -0.38919429192469        0.40666547256986
C           -2.38763855442244        0.14641706567037       -0.22595685145661
C           -1.15132119185883       -0.50468668971584        0.38111310372343
C            0.13910604614565       -0.01945168098322       -0.21370148495296
O            0.24895871401684        0.90902049421732       -0.99660748599927
O            1.18752063208143       -0.74445404230276        0.22987363974806
C            2.51919461592311       -0.32403094723443       -0.21010779516852
C            3.02546396865661        0.82902748365540        0.62425316386257
H           -3.75488982989811       -1.47090390985517        0.26200005423879
H           -3.68568309467463       -0.19262542804865        1.48353635410648
H           -4.54999449042968        0.08144866067401       -0.03575658922266
H           -2.33060275393166        1.23171150713285       -0.09042567739045
H           -2.39959184925050       -0.03680628843343       -1.30614303080432
H           -1.18694702449137       -1.59567978668990        0.27948238738082
H           -1.09927716449528       -0.30758860313232        1.46038444719879
H            3.13342772068386       -1.21579790947680       -0.07172701840147
H            2.47636257496416       -0.07789137389312       -1.27400091528733
H            3.06114830095045        0.55515127166754        1.68204349475728
H            4.03972566088654        1.08308958592469        0.30199264944870
H            2.39723862481181        1.71517062064861        0.50731866686025
20
 energy: -386.243200477216 gnorm: 0.001492824949 xtb: 6.7.1 (edcfbbe)
C           -3.66909123127628       -0.38929855731771        0.40723361093813
C           -2.38906452773294        0.14569285455649       -0.22636127814619
C           -1.15250922109632       -0.50557696037144        0.38045628679941
C            0.13728361062004       -0.02180878326251       -0.21695117609672
O            0.24613209906722        0.90354173516138       -1.00408947294572
O            1.18741843290342       -0.74015398187714        0.23499884306282
C            2.51935392885806       -0.32090165986889       -0.20908595698689
C            3.03002667300881        0.82953153262498        0.62600036431426
H           -3.75792308555766       -1.47130944223452        0.26234989420124
H           -3.68634247468668       -0.19303492596506        1.48465562827860
H           -4.55191383379822        0.08236287685123       -0.03451940090466
H           -2.33121224636121        1.23126599686363       -0.09182308778629
H           -2.40149033295555       -0.03859927902772       -1.30658428067486
H           -1.18799936971737       -1.59669784428498        0.27797212303051
H           -1.09940445419610       -0.30914102124555        1.45995867235959
H            3.13229336906802       -1.21406550230319       -0.07473812924188
H            2.47312389926452       -0.07307983017069       -1.27235146495427
H            3.06391553392851        0.55527673127123        1.68420495136528
H            4.04627536984573        1.07877674089637        0.30448977772191
H            2.40587809100155        1.71914479160502        0.50841988144534
20
 energy: -386.243207000782 gnorm: 0.001035781165 xtb: 6.7.1 (edcfbbe)
C           -3.67052913026277       -0.38941895263152        0.40762866504775
C           -2.39039939969683        0.14487909365805       -0.22712305233679
C           -1.15340743889055       -0.50632270891231        0.37950727071845
C            0.13672176971967       -0.02070314607032       -0.21690768982679
O            0.24379473944167        0.89963774161626       -1.01031350959965
O            1.18739995285878       -0.73455091414408        0.24020104818505
C            2.51895002686758       -0.31938448176690       -0.20788986336057
C            3.03446275567610        0.82970374706480        0.62716819047743
H           -3.75995120952699       -1.47181732411178        0.26271807284517
H           -3.68633527810356       -0.19364418895030        1.48565961306455
H           -4.55430517113895        0.08254239232133       -0.03275977568915
H           -2.33185448513414        1.23063468257008       -0.09309420765582
H           -2.40301821330579       -0.04013515516948       -1.30739629207588
H           -1.18780907732383       -1.59750867650890        0.27498143299718
H           -1.10036583521549       -0.31119838538521        1.45933640149134
H            3.13008517589625       -1.21436391495290       -0.07736438917783
H            2.47019981220222       -0.06943923465081       -1.27055040810847
H            3.06575890338255        0.55618697505401        1.68601777631985
H            4.05219991629404        1.07516535739544        0.30648356544849
H            2.41315195874217        1.72166250921496        0.50793251303863
20
 energy: -386.243209652367 gnorm: 0.000448907545 xtb: 6.7.1 (edcfbbe)
C           -3.67060397317908       -0.38960358084471        0.40824493565244
C           -2.39107634508878        0.14479056067330       -0.22749208539030
C           -1.15395438857810       -0.50689828515069        0.37844341747654
C            0.13644202539577       -0.02029646715096       -0.21765755070757
O            0.24267689221356        0.89817429799556       -1.01322453727741
O            1.18719825713749       -0.73068189575964        0.24303739363805
C            2.51815880631955       -0.31879810049341       -0.20664849549966
C            3.03665392957127        0.82994312851552        0.62762090928192
H           -3.76029288113648       -1.47189812873697        0.26324496043551
H           -3.68551690576984       -0.19409168280361        1.48624404400334
H           -4.55465588875481        0.08247770151823       -0.03122369524828
H           -2.33227674315356        1.23050272075119       -0.09350265769607
H           -2.40448166385994       -0.04028281811692       -1.30770642515721
H           -1.18792126351636       -1.59787042007446        0.27156450601664
H           -1.10119284604214       -0.31391999192886        1.45859253541070
H            3.12811737193699       -1.21469449498066       -0.07692905699315
H            2.46910929801391       -0.06831700465627       -1.26920174626992
H            3.06637540945796        0.55775571672401        1.68674867842643
H            4.05492797700600        1.07282341277430        0.30727214995332
H            2.41706244790809        1.72281089441036        0.50680796097702
20
 energy: -386.243209652367 gnorm: 0.000448907545 xtb: 6.7.1 (edcfbbe)
C           -3.67060397317908       -0.38960358084471        0.40824493565244
C           -2.39107634508878        0.14479056067330       -0.22749208539030
C           -1.15395438857810       -0.50689828515069        0.37844341747654
C            0.13644202539577       -0.02029646715096       -0.21765755070757
O            0.24267689221356        0.89817429799556       -1.01322453727741
O            1.18719825713749       -0.73068189575964        0.24303739363805
C            2.51815880631955       -0.31879810049341       -0.20664849549966
C            3.03665392957127        0.82994312851552        0.62762090928192
H           -3.76029288113648       -1.47189812873697        0.26324496043551
H           -3.68551690576984       -0.19409168280361        1.48624404400334
H           -4.55465588875481        0.08247770151823       -0.03122369524828
H           -2.33227674315356        1.23050272075119       -0.09350265769607
H           -2.40448166385994       -0.04028281811692       -1.30770642515721
H           -1.18792126351636       -1.59787042007446        0.27156450601664
H           -1.10119284604214       -0.31391999192886        1.45859253541070
H            3.12811737193699       -1.21469449498066       -0.07692905699315
H            2.46910929801391       -0.06831700465627       -1.26920174626992
H            3.06637540945796        0.55775571672401        1.68674867842643
H            4.05492797700600        1.07282341277430        0.30727214995332
H            2.41706244790809        1.72281089441036        0.50680796097702
