----------------------------------------------- 
  Element       SASA      Sigma Z        Total  
     Z         Ang**2 cal/Ang**2/mol   kcal/mol 
----------------------------------------------- 
      H        164.276      48.690       7.999
      C         33.703     129.740       4.373
      N          6.050       0.000       0.000

 Subtotal:     204.028                  12.371
 -----------------------------------------------

  Elements    COT*SASA   Sigma Z,Z'     Total   
    Z,Z'       Ang**2  cal/Ang**2/mol kcal/mol  
 ---------------------------------------------- 
  H   C        104.630     -60.770      -6.358
  C   C         21.784     -72.950      -1.589
  C   N          0.732       0.000       0.000
  N   C         43.570     -48.220      -2.101
  N  C(3)        0.000      84.100       0.000

 Subtotal:                             -10.048
 ---------------------------------------------- 

 NONAQUEOUS SOLVENT CONTRIBUTION (kcal/mol):
 (proportional to SASA, atomic number independent)
 ---------------------------------------------- 
 Subtotal:                               0.000
 ---------------------------------------------- 

 CDS TOTAL (kcal/mol):                   2.323
...............................................................................
