----------------------------------------------- 
  Element       SASA      Sigma Z        Total  
     Z         Ang**2 cal/Ang**2/mol   kcal/mol 
----------------------------------------------- 
      H        127.524      48.690       6.209
      C         19.064     129.740       2.473
      N         11.569       0.000       0.000

 Subtotal:     158.158                   8.683
 -----------------------------------------------

  Elements    COT*SASA   Sigma Z,Z'     Total   
    Z,Z'       Ang**2  cal/Ang**2/mol kcal/mol  
 ---------------------------------------------- 
  H   C         70.875     -60.770      -4.307
  C   C         16.077     -72.950      -1.173
  C   N          1.655       0.000       0.000
  N   C         36.456     -48.220      -1.758
  N  C(3)        0.000      84.100       0.000

 Subtotal:                              -7.238
 ---------------------------------------------- 

 NONAQUEOUS SOLVENT CONTRIBUTION (kcal/mol):
 (proportional to SASA, atomic number independent)
 ---------------------------------------------- 
 Subtotal:                               0.000
 ---------------------------------------------- 

 CDS TOTAL (kcal/mol):                   1.445
...............................................................................
