----------------------------------------------- 
  Element       SASA      Sigma Z        Total  
     Z         Ang**2 cal/Ang**2/mol   kcal/mol 
----------------------------------------------- 
      H        144.340      48.690       7.028
      C        110.283     129.740      14.308
      O         41.705       0.000       0.000
      F         20.123      38.180       0.768

 Subtotal:     316.451                  22.104
 -----------------------------------------------

  Elements    COT*SASA   Sigma Z,Z'     Total   
    Z,Z'       Ang**2  cal/Ang**2/mol kcal/mol  
 ---------------------------------------------- 
  H   C         90.580     -60.770      -5.505
  H   O          7.146       0.000       0.000
  C   C        146.315     -72.950     -10.674
  O   C         19.414      68.690       1.334
  O   O          0.000       0.000       0.000

 Subtotal:                             -14.845
 ---------------------------------------------- 

 NONAQUEOUS SOLVENT CONTRIBUTION (kcal/mol):
 (proportional to SASA, atomic number independent)
 ---------------------------------------------- 
 Subtotal:                               0.000
 ---------------------------------------------- 

 CDS TOTAL (kcal/mol):                   7.260
...............................................................................
