22
 energy: -23.415177191176 gnorm: 0.029295813462 xtb: 6.7.1 (edcfbbe)
C            1.67968801647752        1.15050175554130        0.61772118929974
C            1.40036177170597       -0.25633092894340        0.08140163609995
C            1.72299460406328       -0.34409026343780       -1.41119737129025
N            0.05542819904887       -0.79660888455020        0.41342454458187
C           -1.09721297238631        0.12876259875516        0.35045867817131
C           -2.28308213679750       -0.56043455459918        1.02011846975748
C           -1.46060245345192        0.52019248909733       -1.07865797179804
H            1.46760795499574        1.21611956241960        1.69100114716041
H            2.73449904075411        1.40413835180971        0.46635945557335
H            1.08096098025807        1.90868952949722        0.10100465618482
H            2.09663790834196       -0.93812884072994        0.58755540735900
H            1.15622488780349        0.38054402851808       -2.00237968452681
H            1.51213295244099       -1.34536415936256       -1.80161703530378
H            2.78694553292960       -0.13534847043149       -1.56965172488620
H            0.10968375369638       -1.08550354920630        1.38679747561538
H           -0.89597368479229        1.05763272572887        0.91152867437622
H           -2.03067591735763       -0.88511734406583        2.03624191744827
H           -3.13356051416049        0.12490061882101        1.08776040386401
H           -2.59689541329111       -1.44042761814493        0.44666789565141
H           -1.59891951538879       -0.37118748930553       -1.70196363003276
H           -0.70148657960613        1.15220078770607       -1.54387158192348
H           -2.39920195200887        1.08439707530894       -1.07678184567292
22
 energy: -23.416484607867 gnorm: 0.012588127724 xtb: 6.7.1 (edcfbbe)
C            1.68955046551054        1.15682061794781        0.61680921756043
C            1.40354602497469       -0.25019542020416        0.08513439046265
C            1.71429955169356       -0.34068838103731       -1.40798197554265
N            0.05950458305631       -0.76971760958105        0.40733665347598
C           -1.09649751150420        0.13936514777504        0.35128633891035
C           -2.28059262608105       -0.56254231570576        1.01365788227171
C           -1.46569923482476        0.51770849267952       -1.07873754994629
H            1.47304334449491        1.21939512001999        1.68393371763388
H            2.74115512153368        1.39700719474022        0.46762715201570
H            1.09512578921178        1.90721266103231        0.09626342822004
H            2.09021237530562       -0.94443705947376        0.58775748359736
H            1.15282049466195        0.38400678196910       -1.99175639252225
H            1.48415556603918       -1.33685398874951       -1.78084336063789
H            2.77604701758619       -0.14910256890179       -1.56386542335936
H            0.10305766569241       -1.10114183362981        1.36800049800556
H           -0.89938323135606        1.06685768147980        0.91696906028496
H           -2.02914677489576       -0.88041746413839        2.02557071645019
H           -3.13248113832597        0.11348325152823        1.07256933636172
H           -2.57206276708088       -1.44196738528726        0.44126252742372
H           -1.58250211816028       -0.37614490256618       -1.69015918497568
H           -0.71115154010649        1.15463491070101       -1.53257163262083
H           -2.40744659415043        1.06625448982811       -1.07634217736034
22
 energy: -23.416943093109 gnorm: 0.005528637813 xtb: 6.7.1 (edcfbbe)
C            1.70221151419425        1.16370532535335        0.61809092397525
C            1.39905763503348       -0.24356254635462        0.09017609409967
C            1.70492394907146       -0.33973870091063       -1.40510040902539
N            0.05888636128193       -0.75036090832862        0.40507121793660
C           -1.09500820437715        0.14916844368321        0.35279861972716
C           -2.27536105406647       -0.56674438051026        1.01124810100240
C           -1.46756034837816        0.51934202163644       -1.08005770539927
H            1.48215609726996        1.22870743747937        1.68136770949259
H            2.75331441101116        1.39041452563795        0.46955532673351
H            1.11339731763907        1.90913620214109        0.09153291679224
H            2.08020972265831       -0.94416975216581        0.59069021532208
H            1.15019087749044        0.39118254495528       -1.98026808219487
H            1.45156687367743       -1.33110720570411       -1.76599411094274
H            2.76621559502860       -0.16725304461500       -1.56428504008102
H            0.08953907460762       -1.12757212361683        1.35006373220107
H           -0.90770624685875        1.07977366802881        0.91934058146720
H           -2.02740699784149       -0.87338976944392        2.02423868254910
H           -3.13329711765730        0.09805415989791        1.05447393699889
H           -2.54034697958972       -1.44959342612775        0.43798269989466
H           -1.55878762494940       -0.38043321585687       -1.67997681141842
H           -0.72240206134416        1.16780851806102       -1.52744559870131
H           -2.41823833062618        1.04616964718616       -1.08158229472046
22
 energy: -23.417082754372 gnorm: 0.004381634317 xtb: 6.7.1 (edcfbbe)
C            1.70881404909495        1.16645710466650        0.61886182280226
C            1.39801505359184       -0.24231933211332        0.09431754342511
C            1.69902755852365       -0.34003466279086       -1.40385182746116
N            0.05843767417209       -0.74145136305075        0.40631380014940
C           -1.09437315231586        0.15424668613908        0.35533859777911
C           -2.27358427790834       -0.56857347350682        1.01055381394937
C           -1.46731713006462        0.52071255674087       -1.08013038145794
H            1.48794134862355        1.23611570730910        1.68167722603802
H            2.76178836725992        1.38398488144744        0.47045482879958
H            1.12550096934039        1.91379549198467        0.08865134872185
H            2.07890828984267       -0.94336194073608        0.59437705847485
H            1.15147835832839        0.40051631664246       -1.97417492597835
H            1.42786130632519       -1.32740931944139       -1.76331451805361
H            2.76188077266825       -0.18320538082827       -1.56761683662379
H            0.08166661359241       -1.14198773338442        1.34024061730434
H           -0.91356809839088        1.08805298108756        0.92054204953537
H           -2.02932857126083       -0.86350154193799        2.02803168050504
H           -3.14069959750511        0.08524704730894        1.04032615061863
H           -2.51956989632144       -1.45933933214114        0.44034714026943
H           -1.53835263701425       -0.38164815562774       -1.67918632347600
H           -0.73143425975635        1.18313218259408       -1.52337734821252
H           -2.42753827755073        1.03010870006424       -1.08646081140005
22
 energy: -23.417168055728 gnorm: 0.002847685384 xtb: 6.7.1 (edcfbbe)
C            1.71471323769985        1.16787779715665        0.61915821944991
C            1.39632073731916       -0.24153222390628        0.09764062503936
C            1.69345322295937       -0.34051054034447       -1.40267615928124
N            0.05698352277158       -0.73636281546196        0.40882982967920
C           -1.09472928183608        0.15754924587645        0.35763553762537
C           -2.27190575701495       -0.57018831948074        1.01121039894712
C           -1.46600329929712        0.52225134559940       -1.08016489263930
H            1.49319330792768        1.24336059368576        1.68215580457135
H            2.77021257360879        1.37762369780997        0.47132552665677
H            1.13752073609097        1.91901916013498        0.08592446022534
H            2.07817946341875       -0.94132526117083        0.59765968051165
H            1.15745552003516        0.41400446393427       -1.96812740483808
H            1.40121175079666       -1.32161152388988       -1.76556253052432
H            2.75898794615432       -0.20377965848166       -1.57136212372163
H            0.07440604942712       -1.15473969432290        1.33180080356225
H           -0.91835263514000        1.09396871661880        0.92100731743414
H           -2.03426282945814       -0.84781251561884        2.03626477073257
H           -3.14998837363264        0.07067344531950        1.02304491477829
H           -2.49891399479849       -1.47283848647719        0.44988083048134
H           -1.51278775728983       -0.37991074160872       -1.68367614849479
H           -0.74203670052109        1.20350149710601       -1.51725802358576
H           -2.43810297594617        1.01031923794787       -1.09279073090061
22
 energy: -23.417195114919 gnorm: 0.002302512249 xtb: 6.7.1 (edcfbbe)
C            1.71540489533658        1.16739571844361        0.61885208650646
C            1.39608132187683       -0.24171684659040        0.09800750087640
C            1.69148430253220       -0.34008368306933       -1.40255826471883
N            0.05649571061573       -0.73668948251420        0.40960479409128
C           -1.09528238371865        0.15754075506389        0.35821917186173
C           -2.27153671226621       -0.56992182015422        1.01236786628661
C           -1.46464787623163        0.52245615563394       -1.08007347535331
H            1.49379074652195        1.24489666561767        1.68204872802852
H            2.77166313438547        1.37582109162247        0.47153663540382
H            1.14025272105619        1.92029070733394        0.08502032508900
H            2.07842142378508       -0.94096935964275        0.59809650045302
H            1.16340531146257        0.42221316372039       -1.96604690450976
H            1.38904717319384       -1.31684971506726       -1.76935165470751
H            2.75836727098842       -0.21427567423988       -1.57238100407416
H            0.07284578869441       -1.15952498269607        1.32923056206357
H           -0.91856337752310        1.09416000666426        0.92091169489212
H           -2.03811184667823       -0.83649424241307        2.04182054775889
H           -3.15388257982647        0.06522775892367        1.01422575259710
H           -2.49148581390140       -1.47954100882300        0.45918702499245
H           -1.49974698883496       -0.37752659897076       -1.68789995724973
H           -0.74658178825923        1.21300837316233       -1.51280396790591
H           -2.44186596993451        1.00012043842094       -1.09609325667281
22
 energy: -23.417217748304 gnorm: 0.002108097783 xtb: 6.7.1 (edcfbbe)
C            1.71431882557267        1.16595537412441        0.61856049879301
C            1.39601028594522       -0.24217809373095        0.09702071189603
C            1.69003060926409       -0.33873666485446       -1.40320386412165
N            0.05611292341151       -0.73897530476798        0.40936728891619
C           -1.09578186285103        0.15670970159327        0.35831956528265
C           -2.27137875476376       -0.56855361476103        1.01423282292634
C           -1.46274725663924        0.52195322980274       -1.08008554145541
H            1.49267784940532        1.24365640005868        1.68188396092414
H            2.77067465648926        1.37538665967520        0.47168369641093
H            1.13952599339949        1.91963636032536        0.08510816039700
H            2.07853396260474       -0.94166133216902        0.59663024005515
H            1.17165381249434        0.43221319902607       -1.96429361161813
H            1.37648071178250       -1.31010681783701       -1.77485345068606
H            2.75831761169351       -0.22518937144362       -1.57287726524790
H            0.07296913994381       -1.16262059975115        1.32812867112626
H           -0.91669729858513        1.09265385441992        0.92070159406443
H           -2.04255263327616       -0.82170695670974        2.04829282762631
H           -3.15678135672703        0.06186933472381        1.00459868258575
H           -2.48521815060810       -1.48597107113674        0.47178529800636
H           -1.48581181682076       -0.37533737423300       -1.69223785249382
H           -0.75016356750878        1.22136994004907       -1.50716781145516
H           -2.44461922095156        0.98917056802233       -1.09967391622351
22
 energy: -23.417229944445 gnorm: 0.001763012653 xtb: 6.7.1 (edcfbbe)
C            1.71289187176541        1.16436238565864        0.61897412317634
C            1.39602057520097       -0.24281310340596        0.09567014590908
C            1.68894081279097       -0.33706851247787       -1.40444808355085
N            0.05600788386084       -0.74109405410544        0.40875058273986
C           -1.09570317245509        0.15605553727847        0.35805329548803
C           -2.27131192831781       -0.56700882211742        1.01577321169954
C           -1.46123368910155        0.52088481246980       -1.08049189559616
H            1.49161723875978        1.24032090487150        1.68238789502898
H            2.76877784430859        1.37568089841054        0.47184407065521
H            1.13682779586663        1.91781659517464        0.08679379734111
H            2.07848288235140       -0.94330785988881        0.59404689449182
H            1.17749682141885        0.43995613165484       -1.96317447876961
H            1.36744403969118       -1.30438376902496       -1.77930844589175
H            2.75806391885298       -0.23210628063930       -1.57347909373232
H            0.07429870144729       -1.16168475290739        1.32931148862910
H           -0.91443928954888        1.09136295825293        0.92032313359268
H           -2.04532114951880       -0.81067056549089        2.05249092125618
H           -3.15795384736178        0.06113468043795        0.99798425657205
H           -2.48126977541484       -1.48941346200159        0.48074917589074
H           -1.47667550299758       -0.37534892414210       -1.69393250548624
H           -0.75165628800161        1.22511801007718       -1.50390078499044
H           -2.44575128032207        0.98174461234139       -1.10249699874440
22
 energy: -23.417239686026 gnorm: 0.000949553695 xtb: 6.7.1 (edcfbbe)
C            1.71215846548897        1.16183776991183        0.62086725849395
C            1.39584179344759       -0.24386787693782        0.09389738801409
C            1.68636541129019       -0.33405860257625       -1.40686865346696
N            0.05602725206559       -0.74297884465312        0.40889547685748
C           -1.09508214860305        0.15573534941643        0.35742683909045
C           -2.27119622039257       -0.56498978984498        1.01743092258160
C           -1.45935405247312        0.51824283077606       -1.08191174029333
H            1.49255275873041        1.23359240806963        1.68466393654762
H            2.76707976122397        1.37554575191585        0.47208435810062
H            1.13323734905572        1.91502779574007        0.09194028858049
H            2.07830558757511       -0.94665145416828        0.58907452873934
H            1.18346485613093        0.45114210843356       -1.96122232205144
H            1.35389166784814       -1.29594668577785       -1.78538790411929
H            2.75636657669927       -0.24025903759240       -1.57560348022601
H            0.07690268613328       -1.15527374371077        1.33426952060581
H           -0.91210218176103        1.09094469699719        0.91901427590245
H           -2.04824190603028       -0.79732375417652        2.05684124821280
H           -3.15909616658397        0.06071657450044        0.98963391989306
H           -2.47572275944961       -1.49285386105170        0.49045354857562
H           -1.46614108737297       -0.37828830685101       -1.69435527555321
H           -0.75296441200220        1.22707801892770       -1.50219559940538
H           -2.44673876774548        0.97216607307811       -1.10702782937081
22
 energy: -23.417245773697 gnorm: 0.000514705222 xtb: 6.7.1 (edcfbbe)
C            1.71439364680554        1.16082031612011        0.62274914006845
C            1.39562193661783       -0.24409403628526        0.09391128200634
C            1.68381968205011       -0.33234999206836       -1.40782287547119
N            0.05623087806413       -0.74188721115266        0.41100432616740
C           -1.09485708772877        0.15620603837365        0.35697246997902
C           -2.27120729470101       -0.56475932448072        1.01722613299975
C           -1.45906380148856        0.51601145042399       -1.08331334847883
H            1.49696819422793        1.23040712219557        1.68712367670387
H            2.76905061213757        1.37402471971633        0.47198316049352
H            1.13449309430495        1.91507605989026        0.09644725263596
H            2.07829141845856       -0.94829204937688        0.58667904226334
H            1.18314981891044        0.45586206485098       -1.95974834532392
H            1.34719377444853       -1.29230707853679       -1.78736996342546
H            2.75386492617883       -0.24219994253132       -1.57778041482534
H            0.07793896711171       -1.14902067421999        1.33896083072821
H           -0.91332269066668        1.09262589388517        0.91721917473330
H           -2.04881189433504       -0.79506777163988        2.05703231817338
H           -3.15972806031441        0.05991933878527        0.98740845485189
H           -2.47362219379293       -1.49346462988541        0.49113126334990
H           -1.46447032461722       -0.38183737958157       -1.69372192346816
H           -0.75342525784905        1.22505190185796       -1.50470154358595
H           -2.44695388054755        0.96881260408571       -1.10946940486657
22
 energy: -23.417253249985 gnorm: 0.000645655285 xtb: 6.7.1 (edcfbbe)
C            1.71940523512571        1.15904843932000        0.62597652592080
C            1.39542722394398       -0.24402756640181        0.09409537134479
C            1.67953886490853       -0.32921783770830       -1.40882535419388
N            0.05671425024276       -0.73930892293682        0.41546237807093
C           -1.09513384740991        0.15702130190757        0.35577194969238
C           -2.27126124056251       -0.56453905062700        1.01645753810320
C           -1.45943477005548        0.51164384641934       -1.08591724317382
H            1.50627420971589        1.22547261432107        1.69154659211861
H            2.77387921024051        1.37062868910257        0.47160136508342
H            1.13865306835615        1.91623007800250        0.10458772747947
H            2.07805230218125       -0.95096355651251        0.58293901642148
H            1.18283982043777        0.46408448359725       -1.95722542139953
H            1.33613901501168       -1.28599826757439       -1.79044828668607
H            2.74980000401983       -0.24514897063020       -1.58087674116745
H            0.07961158947510       -1.13797456247091        1.34735169035119
H           -0.91659068819428        1.09601249072191        0.91300714250603
H           -2.04918892821872       -0.79333035025105        2.05674116383206
H           -3.16075497879359        0.05858966241674        0.98519280783378
H           -2.47148265558107       -1.49420922296544        0.49123087011606
H           -1.46450066346164       -0.38824462945976       -1.69336810558829
H           -0.75474709297772        1.22006695413040       -1.51026271970016
H           -2.44768546512933        0.96370179802500       -1.11311756125608
22
 energy: -23.417256757875 gnorm: 0.000539073579 xtb: 6.7.1 (edcfbbe)
C            1.72369563341674        1.15762182453494        0.62851716527215
C            1.39544171555854       -0.24363258081024        0.09433987158632
C            1.67588406002869       -0.32626594096505       -1.40928947570235
N            0.05702944211874       -0.73725722530039        0.41848086223888
C           -1.09567810614104        0.15765369457888        0.35479691213160
C           -2.27131057914547       -0.56395188495408        1.01621255839832
C           -1.45966654030995        0.50773660445034       -1.08801717514891
H            1.51396160112875        1.22193694883411        1.69492502073356
H            2.77808410786336        1.36773302451119        0.47137862926345
H            1.14268360780581        1.91719626761395        0.11083332676502
H            2.07769232471791       -0.95302052517829        0.58023715643752
H            1.18375980161340        0.47218055887776       -1.95452761946744
H            1.32538138966434       -1.27957665803523       -1.79336381942783
H            2.74640911196854       -0.24889856737994       -1.58318599817827
H            0.08049142951727       -1.13111407460530        1.35238910764452
H           -0.91886021926603        1.09862973388061        0.90940420363349
H           -2.04975114306200       -0.79050768045335        2.05724365384454
H           -3.16192592135853        0.05758966039121        0.98295040023763
H           -2.46959663387352       -1.49511491295821        0.49272423911055
H           -1.46302944605020       -0.39374380371699       -1.69343018636419
H           -0.75622448020673        1.21647166751134       -1.51402839074294
H           -2.44891669271371        0.95787128959892       -1.11666973655672
22
 energy: -23.417258530173 gnorm: 0.000256753659 xtb: 6.7.1 (edcfbbe)
C            1.72660274608666        1.15641494647502        0.63047032009345
C            1.39556439032070       -0.24332156520880        0.09442556554582
C            1.67340503711059       -0.32356371492811       -1.40958893937315
N            0.05727441354088       -0.73616336256686        0.42055463681404
C           -1.09609993323809        0.15793478855466        0.35397374603230
C           -2.27138029892784       -0.56310720120478        1.01631720424743
C           -1.45983133566707        0.50428857056010       -1.08967907784003
H            1.51976978200971        1.21907650561929        1.69755634703597
H            2.78086413215290        1.36561543318238        0.47103470321306
H            1.14529804202203        1.91783057023750        0.11577316096737
H            2.07742463326062       -0.95460181527912        0.57814556180336
H            1.18513719216717        0.47893163692886       -1.95217431039721
H            1.31718877201291       -1.27378288052723       -1.79566225946289
H            2.74392588348855       -0.25161662475065       -1.58512678277280
H            0.08115968962674       -1.12686180982043        1.35568958049362
H           -0.92002006425413        1.10034216844220        0.90638316669939
H           -2.05015245758314       -0.78831230322188        2.05766124252673
H           -3.16222980293592        0.05784012535147        0.98216497648280
H           -2.46940490961107       -1.49500831199649        0.49423282077469
H           -1.46240569607037       -0.39837501564271       -1.69314904209005
H           -0.75716145652550        1.21260172503138       -1.51726239688426
H           -2.44937429571143        0.95337555519039       -1.11981951820072
22
 energy: -23.417259458479 gnorm: 0.000291343152 xtb: 6.7.1 (edcfbbe)
C            1.72810309431524        1.15570262484271        0.63168355341775
C            1.39571347368270       -0.24310164889020        0.09440765893720
C            1.67212173813462       -0.32184915166216       -1.40982726028817
N            0.05736555372668       -0.73556803499772        0.42098998067880
C           -1.09630412654307        0.15817370634280        0.35345757062900
C           -2.27131177410905       -0.56214476733038        1.01684403083401
C           -1.46006077760594        0.50208041855267       -1.09070372460380
H            1.52267151407968        1.21742686235052        1.69906935330345
H            2.78226613642580        1.36453622396448        0.47107961221254
H            1.14661357153908        1.91800420754281        0.11854956886477
H            2.07718618697616       -0.95556364863333        0.57694490040344
H            1.18767033009839        0.48455262772026       -1.95035029653436
H            1.31057220531926       -1.26950299319381       -1.79761131325335
H            2.74299687703721       -0.25509277696090       -1.58592546479254
H            0.08118489165868       -1.12620970091663        1.35604353051702
H           -0.92027434095805        1.10136271295424        0.90448522556174
H           -2.05019231287835       -0.78525778848901        2.05878403924552
H           -3.16255888093486        0.05838585438981        0.98119245400551
H           -2.46872188965773       -1.49529316145260        0.49640430821301
H           -1.46041793529937       -0.40151915477909       -1.69305163468435
H           -0.75842553552096        1.21130516943985       -1.51866509069505
H           -2.45064353621123        0.94910983963186       -1.12188029626322
22
 energy: -23.417260360097 gnorm: 0.000230304984 xtb: 6.7.1 (edcfbbe)
C            1.72834113862655        1.15521733538038        0.63249593462104
C            1.39582974372876       -0.24310377127248        0.09430652469807
C            1.67202597981490       -0.32071696026116       -1.40998353904736
N            0.05736076996500       -0.73582031310229        0.42055265476936
C           -1.09626677377093        0.15808506801693        0.35293014312789
C           -2.27119903742783       -0.56108733774847        1.01759809885941
C           -1.46039697891319        0.50050604511001       -1.09145648915346
H            1.52358276494110        1.21611483650526        1.70004159843182
H            2.78236243136347        1.36439269142630        0.47135569145020
H            1.14642734895563        1.91781417678314        0.12029979001755
H            2.07713549912418       -0.95603220217987        0.57637009107083
H            1.18959950443795        0.48734425905890       -1.94957055916685
H            1.30844041349522       -1.26686115678234       -1.79893280539290
H            2.74288054328893       -0.25617660724458       -1.58608249950815
H            0.08111983113164       -1.12666922513373        1.35546921158691
H           -0.91960889594739        1.10164826819744        0.90301635069238
H           -2.04941905645730       -0.78418839182591        2.05932496851713
H           -3.16185632352831        0.06025740542469        0.98262896456786
H           -2.47010857841563       -1.49410443361631        0.49763100229160
H           -1.46094379582058       -0.40368188915822       -1.69276897390981
H           -0.75884164936695        1.20911045356442       -1.52041461185553
H           -2.45091041595032        0.94748916928409       -1.12289084095907
22
 energy: -23.417261482584 gnorm: 0.000262392435 xtb: 6.7.1 (edcfbbe)
C            1.72800028868440        1.15458286939555        0.63357498520867
C            1.39592130158567       -0.24330329653336        0.09404663843085
C            1.67269565962353       -0.31928000312541       -1.41027172482514
N            0.05730966010885       -0.73643138786542        0.41946342292936
C           -1.09599445628546        0.15793880821971        0.35207788128225
C           -2.27080468917072       -0.55945932405776        1.01890111318339
C           -1.46124026909547        0.49849885334433       -1.09250571390654
H            1.52369300380424        1.21426781151855        1.70127360526583
H            2.78185258351687        1.36438878465879        0.47216487545321
H            1.14554629241751        1.91746727204676        0.12238097631929
H            2.07706979673954       -0.95664539203140        0.57567691823337
H            1.19305002468745        0.49124985404599       -1.94858354387752
H            1.30608541380051       -1.26355881371222       -1.80084558108383
H            2.74380405690305       -0.25791070581496       -1.58593737867749
H            0.08080973341276       -1.12812159986460        1.35403304612992
H           -0.91820555193389        1.10205652557437        0.90076880401089
H           -2.04752765547375       -0.78272626033336        2.06021942608049
H           -3.16044551721116        0.06338749529882        0.98553293375866
H           -2.47235020001901       -1.49217778958021        0.49946124828358
H           -1.46258293514149       -0.40650288487799       -1.69238376285295
H           -0.75967181726397        1.20595681831165       -1.52312913243504
H           -2.45146026041457        0.94585978580838       -1.12399833120232
22
 energy: -23.417262307472 gnorm: 0.000186545104 xtb: 6.7.1 (edcfbbe)
C            1.72785053182432        1.15398714107460        0.63477638360021
C            1.39599482750910       -0.24350648181670        0.09386351562523
C            1.67331676704957       -0.31804964544719       -1.41053281951443
N            0.05727544291231       -0.73683773695839        0.41819415713281
C           -1.09575417261117        0.15779327709258        0.35109689546839
C           -2.27037780706002       -0.55785946422227        1.02018354027956
C           -1.46229557224396        0.49658686972133       -1.09363200110637
H            1.52354335470214        1.21259032087828        1.70253810286367
H            2.78162397219534        1.36419734555659        0.47342961756290
H            1.14514209051567        1.91714097542970        0.12428166557235
H            2.07702381500155       -0.95719283194344        0.57512454944121
H            1.19581779375588        0.49433145355078       -1.94790860046910
H            1.30500933310346       -1.26088877908209       -1.80267387712876
H            2.74454649429626       -0.25873464017467       -1.58549441974805
H            0.08038862595480       -1.12941368138780        1.35241777749166
H           -0.91703863905570        1.10256176425452        0.89833554405958
H           -2.04518607890671       -0.78174531967841        2.06099655258941
H           -3.15904364747441        0.06661536371529        0.98887353934317
H           -2.47461773061759       -1.49011281730564        0.50085003103796
H           -1.46509156893914       -0.40943557382282       -1.69207578012334
H           -0.76039846610244        1.20266793023279       -1.52612266219251
H           -2.45217490253435        0.94484195075917       -1.12460100607661
22
 energy: -23.417262754794 gnorm: 0.000098685133 xtb: 6.7.1 (edcfbbe)
C            1.72782495775501        1.15350732521170        0.63557754532224
C            1.39597661753397       -0.24368191140360        0.09368098089157
C            1.67386682135350       -0.31710609739293       -1.41071193889530
N            0.05719601914946       -0.73707934235309        0.41738929660609
C           -1.09560540760508        0.15776683898725        0.35038499040604
C           -2.26997657246448       -0.55684411289704        1.02106550950354
C           -1.46318347892897        0.49529674621157       -1.09442843769486
H            1.52311514524194        1.21138975395470        1.70330207069436
H            2.78166445082337        1.36373614642687        0.47473864858675
H            1.14532850643914        1.91702600951860        0.12536181650451
H            2.07686883647026       -0.95769792039705        0.57463940157004
H            1.19764187716182        0.49655069049507       -1.94741896297725
H            1.30425450669529       -1.25912059494455       -1.80390349766149
H            2.74533884088975       -0.25917003375509       -1.58519422460632
H            0.08004885680088       -1.13003169920403        1.35147053245058
H           -0.91622263284602        1.10301194775034        0.89657515516566
H           -2.04355141229326       -0.78084222858924        2.06161591032722
H           -3.15810781705449        0.06847887128643        0.99095127481003
H           -2.47584159363534       -1.48896846180515        0.50211453121635
H           -1.46728368642094       -0.41131516054300       -1.69195109282618
H           -0.76108374845945        1.20027645399187       -1.52834300159158
H           -2.45271462333145        0.94435419987658       -1.12499580209306
22
 energy: -23.417262986262 gnorm: 0.000185991962 xtb: 6.7.1 (edcfbbe)
C            1.72779938368570        1.15302750934880        0.63637870704428
C            1.39595840755885       -0.24385734099050        0.09349844615791
C            1.67441687565743       -0.31616254933866       -1.41089105827617
N            0.05711659538661       -0.73732094774778        0.41658443607936
C           -1.09545664259898        0.15774040088192        0.34967308534369
C           -2.26957533786894       -0.55582876157182        1.02194747872752
C           -1.46407138561397        0.49400662270181       -1.09522487428335
H            1.52268693578173        1.21018918703112        1.70406603852505
H            2.78170492945140        1.36327494729716        0.47604767961060
H            1.14551492236262        1.91691104360750        0.12644196743667
H            2.07671385793896       -0.95820300885065        0.57415425369887
H            1.19946596056775        0.49876992743935       -1.94692932548539
H            1.30349968028712       -1.25735241080701       -1.80513311819422
H            2.74613118748324       -0.25960542733552       -1.58489402946459
H            0.07970908764696       -1.13064971702025        1.35052328740950
H           -0.91540662663635        1.10346213124615        0.89481476627174
H           -2.04191674567981       -0.77993913750008        2.06223526806503
H           -3.15717198663457        0.07034237885756        0.99302901027690
H           -2.47706545665308       -1.48782410630466        0.50337903139473
H           -1.46947580390274       -0.41319474726317       -1.69182640552902
H           -0.76176903081646        1.19788497775095       -1.53056334099065
H           -2.45325434412855        0.94386644899399       -1.12539059810951
22
 energy: -23.417263238966 gnorm: 0.000144333861 xtb: 6.7.1 (edcfbbe)
C            1.72791941295894        1.15272275130259        0.63678655330278
C            1.39602552515182       -0.24394596401508        0.09337585600898
C            1.67452634940772       -0.31582682739459       -1.41101566911747
N            0.05713823248468       -0.73733758394206        0.41631716126238
C           -1.09545476135077        0.15774884383912        0.34937281396278
C           -2.26944707259874       -0.55542850374620        1.02224469832906
C           -1.46453469331406        0.49359267692529       -1.09548247631520
H            1.52230172289437        1.20976665926876        1.70439512543211
H            2.78197356726643        1.36264526722163        0.47702088547329
H            1.14616671034442        1.91690420534614        0.12667491277610
H            2.07668155806660       -0.95851311140753        0.57384520895485
H            1.19965315559746        0.49923875237297       -1.94685080548091
H            1.30380058965430       -1.25684852435191       -1.80564459637949
H            2.74617393341321       -0.25911872214744       -1.58492969626811
H            0.07966677264344       -1.13068087100883        1.35026964584358
H           -0.91523476835764        1.10369284056453        0.89405323780982
H           -2.04149491970855       -0.77906905956182        2.06259876673030
H           -3.15707742287573        0.07073183501676        0.99328396998421
H           -2.47702568883541       -1.48768985464976        0.50411867413248
H           -1.47047407559025       -0.41390711581137       -1.69170736117962
H           -0.76213069785304        1.19704839148245       -1.53137518827975
H           -2.45359896612429        0.94381133512253       -1.12543101127323
22
 energy: -23.417263736591 gnorm: 0.000158133882 xtb: 6.7.1 (edcfbbe)
C            1.72849242061905        1.15215880426612        0.63741233713984
C            1.39608667563008       -0.24404729984061        0.09318333259713
C            1.67440598922212       -0.31518978416464       -1.41121493083478
N            0.05706064125830       -0.73726197719241        0.41587695730495
C           -1.09555779183812        0.15788014977448        0.34894222465045
C           -2.26921804784712       -0.55492207075465        1.02271436172849
C           -1.46521062962481        0.49298915663167       -1.09589126699290
H            1.52137125609035        1.20919063897802        1.70473286359966
H            2.78297526114352        1.36117515585059        0.47923411846085
H            1.14818336978388        1.91697161038553        0.12661972115746
H            2.07648537593885       -0.95914986951960        0.57323735552023
H            1.19892761826344        0.49964323739195       -1.94676829708072
H            1.30467198873649       -1.25629314406866       -1.80626081359519
H            2.74590660233299       -0.25744090332808       -1.58511626160892
H            0.07949541058789       -1.13055384261698        1.34986154814926
H           -0.91503984773676        1.10410478504203        0.89299814589286
H           -2.04129625969921       -0.77703123416374        2.06340328765279
H           -3.15722925516842        0.07063353159547        0.99276381853340
H           -2.47613970764493       -1.48799636243651        0.50580841740256
H           -1.47218177725570       -0.41493385864942       -1.69155518111604
H           -0.76261172108400        1.19574516924512       -1.53266897244990
H           -2.45402310843297        0.94386552800053       -1.12539206040253
22
 energy: -23.417263954858 gnorm: 0.000071102254 xtb: 6.7.1 (edcfbbe)
C            1.72870775731619        1.15186474223336        0.63768534861490
C            1.39607524270149       -0.24411077120535        0.09309224929201
C            1.67431144997089       -0.31475739430099       -1.41131766115199
N            0.05700585025090       -0.73728995405459        0.41584563932080
C           -1.09552840083805        0.15796955820312        0.34882685535520
C           -2.26916938238588       -0.55461249357907        1.02289311468491
C           -1.46535267543581        0.49257976169745       -1.09608851363131
H            1.52156963939539        1.20859213523204        1.70501053533811
H            2.78323465768560        1.36073382665438        0.47965845902293
H            1.14856485192431        1.91694979142222        0.12712462859047
H            2.07641036750098       -0.95945552981102        0.57286405796324
H            1.19835958026429        0.50007989315831       -1.94659309752244
H            1.30465354672464       -1.25600249212296       -1.80648131563131
H            2.74590545752573       -0.25659015727773       -1.58538736628712
H            0.07943490833950       -1.13060282784539        1.34978920457786
H           -0.91481986002199        1.10430480439133        0.89262337925941
H           -2.04137561236057       -0.77599856954002        2.06369203731857
H           -3.15719409646438        0.07078780128062        0.99244206435826
H           -2.47596105664599       -1.48799204132337        0.50663055898707
H           -1.47242990084185       -0.41550449804116       -1.69142770151282
H           -0.76274380802355        1.19506914093113       -1.53319198973889
H           -2.45410405330693        0.94352269432391       -1.12576978149892
22
 energy: -23.417264199205 gnorm: 0.000121932944 xtb: 6.7.1 (edcfbbe)
C            1.72904826190229        1.15144535915966        0.63818804113683
C            1.39610963655673       -0.24419828442557        0.09297256577946
C            1.67410378619799       -0.31424577487279       -1.41148477662925
N            0.05697457197992       -0.73728945201015        0.41569455933458
C           -1.09552218697206        0.15803622448543        0.34859253562241
C           -2.26910532797960       -0.55415719199232        1.02319206401024
C           -1.46558986407182        0.49207602049850       -1.09638765403446
H            1.52179431363651        1.20781749528895        1.70551141851452
H            2.78365547180364        1.36007323067090        0.48039537705234
H            1.14921341179447        1.91690899427003        0.12785030779771
H            2.07632777386372       -0.95993100971969        0.57233152091030
H            1.19755053230274        0.50045305204287       -1.94646816348534
H            1.30492896680090       -1.25562763157226       -1.80691298263632
H            2.74566300826570       -0.25533464561743       -1.58575045344681
H            0.07938956728158       -1.13062196769637        1.34961870760760
H           -0.91460290347762        1.10455272555603        0.89197588501644
H           -2.04150678078431       -0.77432576794673        2.06426985153611
H           -3.15729241719355        0.07093334983443        0.99180647004840
H           -2.47546342708717       -1.48812681077446        0.50787366720881
H           -1.47279572193812       -0.41628473756988       -1.69127953667181
H           -0.76301962918207        1.19431583289250       -1.53392240788245
H           -2.45430658042495        0.94306840992457       -1.12614629108036
22
 energy: -23.417264471470 gnorm: 0.000084607439 xtb: 6.7.1 (edcfbbe)
C            1.72948088847831        1.15086810786540        0.63876018933243
C            1.39608947692269       -0.24438504243132        0.09280115863886
C            1.67399914992859       -0.31363126339166       -1.41168280773792
N            0.05686454406889       -0.73728983330468        0.41542699515100
C           -1.09551780531088        0.15819122948771        0.34826026973734
C           -2.26893641030079       -0.55360090012360        1.02357552902571
C           -1.46604365229877        0.49151138172263       -1.09677478852381
H            1.52193767387540        1.20677505844902        1.70605191250143
H            2.78422377820104        1.35916597804758        0.48138367163980
H            1.15009294544040        1.91682471740844        0.12864116702856
H            2.07614594146050       -0.96059271650056        0.57168768283818
H            1.19674389749660        0.50084384191381       -1.94632860095869
H            1.30559820546385       -1.25514098238966       -1.80741074402461
H            2.74545452703723       -0.25376487291215       -1.58604352564637
H            0.07919960285183       -1.13058161962262        1.34938493263554
H           -0.91431696693170        1.10495891343219        0.89110696175497
H           -2.04153417965880       -0.77210246587687        2.06506530446866
H           -3.15743947979197        0.07100620512851        0.99099256247442
H           -2.47467934291571       -1.48844859128918        0.50954528219023
H           -1.47340312834661       -0.41714600976384       -1.69123924003345
H           -0.76363248333804        1.19358536014942       -1.53483487424056
H           -2.45477271905713        0.94249092442765       -1.12644833254277
22
 energy: -23.417264695586 gnorm: 0.000043789547 xtb: 6.7.1 (edcfbbe)
C            1.72987774532521        1.15025040234164        0.63944021250522
C            1.39611129869827       -0.24459250527169        0.09259800267323
C            1.67398020760816       -0.31307143677408       -1.41192199005775
N            0.05678285990185       -0.73726800581993        0.41499806749475
C           -1.09553946528605        0.15830735086336        0.34780143354336
C           -2.26871640688914       -0.55296595054965        1.02407585143443
C           -1.46662471396517        0.49097772340879       -1.09725012273999
H            1.52196474295093        1.20572870384324        1.70668764059054
H            2.78476187447286        1.35817357766907        0.48254279465631
H            1.15100938131404        1.91669636575545        0.12946183964905
H            2.07596492548833       -0.96128275527043        0.57106618862306
H            1.19613653594181        0.50128403264244       -1.94618745407578
H            1.30634397334632       -1.25467133745205       -1.80807817867245
H            2.74537378612980       -0.25228254257722       -1.58616593882650
H            0.07899797975498       -1.13052380674590        1.34898713367452
H           -0.91402855159925        1.10535319776134        0.89003387976950
H           -2.04136296039894       -0.76978246307102        2.06594673471224
H           -3.15758741604842        0.07108283154058        0.99042480988587
H           -2.47386551286194       -1.48870558054757        0.51140856801560
H           -1.47412106490368       -0.41795127039208       -1.69130004825896
H           -0.76447938840456        1.19295423864916       -1.53591487436289
H           -2.45542536730047        0.94182665042278       -1.12673384452444
22
 energy: -23.417264834948 gnorm: 0.000029991054 xtb: 6.7.1 (edcfbbe)
C            1.73015407335206        1.14980056586559        0.63989543246269
C            1.39608817960452       -0.24476124314550        0.09247821480268
C            1.67404442709035       -0.31258672137221       -1.41205304539642
N            0.05667219556060       -0.73729504452855        0.41465876886186
C           -1.09554533594023        0.15842798395373        0.34746087075681
C           -2.26852419823098       -0.55247862568481        1.02445228994734
C           -1.46710593988087        0.49050042087098       -1.09761681495402
H            1.52193744334470        1.20491690221859        1.70710069185824
H            2.78514603999536        1.35748202649135        0.48338744734185
H            1.15164294929026        1.91660071990048        0.13003774966494
H            2.07578173691868       -0.96179950288269        0.57065928326975
H            1.19593075471107        0.50177323862208       -1.94604550865689
H            1.30679942686013       -1.25416203167578       -1.80856369234407
H            2.74540519061402       -0.25134452535687       -1.58622601026605
H            0.07875765858437       -1.13058124101301        1.34864445027742
H           -0.91374291043614        1.10569326696146        0.88921045962643
H           -2.04104409801068       -0.76819395644741        2.06653661232684
H           -3.15756298331808        0.07131025770064        0.99024440383076
H           -2.47345597971468       -1.48878717165541        0.51270605234379
H           -1.47469975103557       -0.41863708933039       -1.69136289221301
H           -0.76516506335371        1.19240499563001       -1.53673393419202
H           -2.45595935273028        0.94125419530397       -1.12695012363995
22
 energy: -23.417264927537 gnorm: 0.000032870590 xtb: 6.7.1 (edcfbbe)
C            1.73025905805016        1.14955821112677        0.64018751629464
C            1.39609193330537       -0.24484053695013        0.09240232524694
C            1.67412759713450       -0.31229663263521       -1.41212601578116
N            0.05662583071413       -0.73732808932102        0.41440411617833
C           -1.09554239490688        0.15847182500485        0.34723453873406
C           -2.26840685033649       -0.55214706941124        1.02472497518622
C           -1.46740104538707        0.49017066553890       -1.09785932001997
H            1.52185452290784        1.20448539107696        1.70736600814486
H            2.78530757832915        1.35711636579271        0.48391190890010
H            1.15195513959016        1.91654395155463        0.13037394437610
H            2.07569468878732       -0.96206291777939        0.57043416659076
H            1.19602526924085        0.50219772049615       -1.94591974719456
H            1.30692589830106       -1.25376979530680       -1.80890272389965
H            2.74549150579180       -0.25099106357990       -1.58622358328469
H            0.07862143428197       -1.13072258902482        1.34834838521519
H           -0.91353224632652        1.10587504631596        0.88865986802867
H           -2.04072945504617       -0.76743995512474        2.06685624303093
H           -3.15745578118322        0.07162280262981        0.99043877478775
H           -2.47343354670500       -1.48866223208918        0.51339398324142
H           -1.47504633482461       -0.41910853716376       -1.69138961891919
H           -0.76558658462944        1.19201348780750       -1.53728218660836
H           -2.45629175381401        0.94085137146819       -1.12711285253945
