----------------------------------------------- 
  Element       SASA      Sigma Z        Total  
     Z         Ang**2 cal/Ang**2/mol   kcal/mol 
----------------------------------------------- 
      H        141.466      48.690       6.888
      C         36.523     129.740       4.738
      O         31.342       0.000       0.000

 Subtotal:     209.330                  11.626
 -----------------------------------------------

  Elements    COT*SASA   Sigma Z,Z'     Total   
    Z,Z'       Ang**2  cal/Ang**2/mol kcal/mol  
 ---------------------------------------------- 
  H   C         95.389     -60.770      -5.797
  H   O          0.000       0.000       0.000
  C   C         26.969     -72.950      -1.967
  O   C         17.229      68.690       1.183
  O   O          0.000       0.000       0.000

 Subtotal:                              -6.581
 ---------------------------------------------- 

 NONAQUEOUS SOLVENT CONTRIBUTION (kcal/mol):
 (proportional to SASA, atomic number independent)
 ---------------------------------------------- 
 Subtotal:                               0.000
 ---------------------------------------------- 

 CDS TOTAL (kcal/mol):                   5.046
...............................................................................
