----------------------------------------------- 
  Element       SASA      Sigma Z        Total  
     Z         Ang**2 cal/Ang**2/mol   kcal/mol 
----------------------------------------------- 
      H        142.428      48.690       6.935
      C         35.509     129.740       4.607
      O         31.085       0.000       0.000

 Subtotal:     209.022                  11.542
 -----------------------------------------------

  Elements    COT*SASA   Sigma Z,Z'     Total   
    Z,Z'       Ang**2  cal/Ang**2/mol kcal/mol  
 ---------------------------------------------- 
  H   C         96.013     -60.770      -5.835
  H   O          0.000       0.000       0.000
  C   C         27.032     -72.950      -1.972
  O   C         17.061      68.690       1.172
  O   O          0.000       0.000       0.000

 Subtotal:                              -6.635
 ---------------------------------------------- 

 NONAQUEOUS SOLVENT CONTRIBUTION (kcal/mol):
 (proportional to SASA, atomic number independent)
 ---------------------------------------------- 
 Subtotal:                               0.000
 ---------------------------------------------- 

 CDS TOTAL (kcal/mol):                   4.907
...............................................................................
