----------------------------------------------- 
  Element       SASA      Sigma Z        Total  
     Z         Ang**2 cal/Ang**2/mol   kcal/mol 
----------------------------------------------- 
      H        140.109      48.690       6.822
      C         34.621     129.740       4.492
      O         30.872       0.000       0.000

 Subtotal:     205.602                  11.314
 -----------------------------------------------

  Elements    COT*SASA   Sigma Z,Z'     Total   
    Z,Z'       Ang**2  cal/Ang**2/mol kcal/mol  
 ---------------------------------------------- 
  H   C         94.202     -60.770      -5.725
  H   O          0.000       0.000       0.000
  C   C         26.287     -72.950      -1.918
  O   C         15.559      68.690       1.069
  O   O          0.000       0.000       0.000

 Subtotal:                              -6.573
 ---------------------------------------------- 

 NONAQUEOUS SOLVENT CONTRIBUTION (kcal/mol):
 (proportional to SASA, atomic number independent)
 ---------------------------------------------- 
 Subtotal:                               0.000
 ---------------------------------------------- 

 CDS TOTAL (kcal/mol):                   4.740
...............................................................................
