20
 energy: -386.241773652960 gnorm: 0.035508159945 xtb: 6.7.1 (edcfbbe)
C           -2.08051129182193       -1.54434372788434       -0.05803651352572
C           -2.41574787517048       -0.05948839532636       -0.12830266935685
C           -1.39359309951754        0.78784103654911        0.63797178418270
C           -0.04264308301890        0.71696997341771       -0.02646368111173
O            0.17822208847897        1.02434579835391       -1.17950275392267
O            0.89079657389474        0.28077521432442        0.81023800325904
C            2.23621810059093        0.13715526706078        0.32546460264422
C            2.44361344818283       -1.22623995394338       -0.31648800884024
H           -2.03839773080327       -1.87804528923221        0.97594833953247
H           -2.83385824145576       -2.12772230154285       -0.58059249245728
H           -1.11529168339422       -1.73887208687054       -0.52162353593115
H           -3.40440596960858        0.11398806795051        0.29729836193174
H           -2.42761530287574        0.26642987881806       -1.17018398271854
H           -1.29509777407389        0.44478892109710        1.66701915113870
H           -1.71041841375793        1.83183247691173        0.62931478547887
H            2.43470810747888        0.93645499581497       -0.39509059667508
H            2.86223294006833        0.25886845401471        1.20983348853611
H            1.82045578620669       -1.31907697548452       -1.20348627603330
H            3.48386087194379       -1.33387668959108       -0.60559162516835
H            2.18204521476692       -2.01376773119235        0.38521141547070
20
 energy: -386.243020648484 gnorm: 0.013776488044 xtb: 6.7.1 (edcfbbe)
C           -2.08103795710382       -1.54882078397544       -0.06263698266734
C           -2.41703227114964       -0.06123653454110       -0.12819550995339
C           -1.39891826738992        0.79372811300852        0.63745494393744
C           -0.04478977279661        0.72327837062287       -0.01779865961246
O            0.17230346205205        1.01675191664694       -1.18290500475364
O            0.89754636053011        0.28254089064598        0.82386170349102
C            2.24900517219278        0.13971311842407        0.32192163128477
C            2.43740048038378       -1.22351285128809       -0.31785623204891
H           -2.03855132476287       -1.88914469360672        0.97567027473071
H           -2.83338736501560       -2.14288259513200       -0.58655225393200
H           -1.10984210376558       -1.75334674815957       -0.52479032174478
H           -3.40752635830464        0.12009796090417        0.29809061951072
H           -2.44371952252225        0.27117363538691       -1.17081749251096
H           -1.31792537006496        0.46159512043418        1.67447920058910
H           -1.70768013142834        1.84378023982444        0.62592976102095
H            2.45869533346945        0.94735443715460       -0.38457965706396
H            2.87968312096059        0.25591417694011        1.20446707633970
H            1.81427830757489       -1.32409410910764       -1.20958353149367
H            3.48349236664578       -1.33627387946586       -0.60986556017688
H            2.18257836680196       -2.01859947212243        0.38664280550810
20
 energy: -386.243302688188 gnorm: 0.005352655164 xtb: 6.7.1 (edcfbbe)
C           -2.08122334890026       -1.54849484670832       -0.06518696746456
C           -2.42010499050953       -0.06145312700791       -0.12951182791633
C           -1.40241362647455        0.79624689566764        0.63526931686017
C           -0.04638592844538        0.71565160656113       -0.01068350736695
O            0.17333827411010        1.00468868625438       -1.17839046849095
O            0.90276626303034        0.28665279235152        0.84067526389576
C            2.25839683466713        0.13912628873732        0.32139340509885
C            2.43652499611166       -1.21965394913217       -0.32054805131744
H           -2.03861614766711       -1.89524425352351        0.97399496038939
H           -2.83179713757395       -2.14776754003795       -0.59103556048026
H           -1.10728128027398       -1.75701153160229       -0.52660219908255
H           -3.41054265923118        0.12004471865537        0.30124853317854
H           -2.45974641606811        0.27410835721394       -1.17236445303989
H           -1.33604306913809        0.47767938262569        1.67935938802406
H           -1.70541200861797        1.84997544470116        0.61550503711716
H            2.46704251221644        0.95308752072817       -0.37738790386106
H            2.89470092616145        0.25186048101719        1.20135426173268
H            1.80973286804511       -1.32484653914672       -1.21124098424381
H            3.48350941536779       -1.33911464027611       -0.61951400684618
H            2.18812682359738       -2.01751946699722        0.38660181171456
20
 energy: -386.243359582595 gnorm: 0.003277071903 xtb: 6.7.1 (edcfbbe)
C           -2.08068138738520       -1.54859877697148       -0.06681530225428
C           -2.42111863225466       -0.06272272367850       -0.12864456794719
C           -1.40254099281734        0.79697798361356        0.63303062889123
C           -0.04447485678516        0.71488726972687       -0.00663439304538
O            0.17660706629342        0.99135852689071       -1.17652631301609
O            0.90572954698050        0.29190794234921        0.85009957742000
C            2.26267110596326        0.13850816921052        0.32296159077312
C            2.43407599109864       -1.21750389868686       -0.32221762334029
H           -2.03816837011315       -1.89716019696008        0.97168946583724
H           -2.83002550160049       -2.14816687780599       -0.59402149835780
H           -1.10633178119066       -1.75524136792534       -0.52805805164113
H           -3.41046165260419        0.11606643223076        0.30622652547688
H           -2.46634934183493        0.27352337810220       -1.17097936236218
H           -1.34236644116967        0.48706090313032        1.68010702035045
H           -1.70388494861248        1.85118691886714        0.60463246839713
H            2.46840765840442        0.95616229190341       -0.37219813978114
H            2.90074913328133        0.24687166968190        1.20235923548365
H            1.80417280214009       -1.32148566228209       -1.21051920571005
H            3.47960632246102       -1.33901857300460       -0.62608106664404
H            2.18895644980727       -2.01659768458290        0.38452387768104
20
 energy: -386.243391086989 gnorm: 0.002242315065 xtb: 6.7.1 (edcfbbe)
C           -2.07910598120421       -1.54852825055278       -0.06837031264731
C           -2.42137689820307       -0.06360265014783       -0.12717330582445
C           -1.40180894979637        0.79788527785097        0.63112128214793
C           -0.04354001219601        0.70702284763652       -0.00603109325520
O            0.17988636618937        0.97366995931484       -1.17672979651706
O            0.90722191693571        0.29598996359571        0.85743515394808
C            2.26562784803888        0.13894520032715        0.32634779701682
C            2.43047922235291       -1.21454682668384       -0.32356444928515
H           -2.03651106775622       -1.89880149288522        0.96887526427067
H           -2.82758651315854       -2.14695031568869       -0.59694410884865
H           -1.10507049948496       -1.75216692996749       -0.53005384944323
H           -3.40846473006453        0.11260899924944        0.31334703099431
H           -2.47176532597582        0.27311241903397       -1.16870082379398
H           -1.34531813447409        0.49637665781465        1.68032002727441
H           -1.70037630991082        1.85248498518922        0.59288918354005
H            2.46941438063021        0.95957082087999       -0.36568683320346
H            2.90399993088285        0.24184765913705        1.20599443772899
H            1.79694606088796       -1.31504208523612       -1.20897690111117
H            3.47387202375529       -1.33664577613899       -0.63264051567395
H            2.18804875358529       -2.01521535584952        0.38147518049960
20
 energy: -386.243404851246 gnorm: 0.001786050656 xtb: 6.7.1 (edcfbbe)
C           -2.07701936647274       -1.54857258231319       -0.06899251674123
C           -2.42164436950640       -0.06404946087851       -0.12572958902024
C           -1.40101599090500        0.79867677420715        0.62967131598067
C           -0.04248665501199        0.70422551150817       -0.00656515507000
O            0.18141853816125        0.96030721676545       -1.17926915913262
O            0.90730408530414        0.29981447594755        0.86017774677368
C            2.26578917287289        0.13913728077153        0.32966180536089
C            2.42769209141728       -1.21288801377168       -0.32445268072056
H           -2.03360002231811       -1.90022582522938        0.96730738804879
H           -2.82513004211341       -2.14617439916999       -0.59825316972194
H           -1.10344935467489       -1.74968115517230       -0.53175487125859
H           -3.40717903455333        0.11008609557153        0.31846754097627
H           -2.47510550802856        0.27309901424755       -1.16666482897800
H           -1.34450743455410        0.50182427672889        1.67972476067440
H           -1.69842150224596        1.85304801071780        0.58562469704986
H            2.47169014340472        0.96095989818172       -0.36024980607781
H            2.90331869312215        0.23741217386208        1.21018628597134
H            1.79152198184056       -1.30931183501566       -1.20805422688128
H            3.46965279339871       -1.33499748128624       -0.63680642344780
H            2.18574396962349       -2.01467562236624        0.37890290679822
20
 energy: -386.243412133859 gnorm: 0.001315758250 xtb: 6.7.1 (edcfbbe)
C           -2.07327484485739       -1.54862877394987       -0.07014750476079
C           -2.42211248044153       -0.06435384098388       -0.12304198901187
C           -1.39972967028068        0.80076381444933        0.62719273885586
C           -0.04147244893275        0.69853366464998       -0.00920873955285
O            0.18237012906125        0.93923426523061       -1.18526609063837
O            0.90728751196618        0.30622243697022        0.86206332622378
C            2.26524156588365        0.14000235326686        0.33531209699387
C            2.42266746393772       -1.21033710141368       -0.32547392584707
H           -2.02672468643230       -1.90278717171730        0.96504746550399
H           -2.82098721303445       -2.14649675829826       -0.59957211901656
H           -1.10039497137289       -1.74577838675443       -0.53582836408501
H           -3.40540372024503        0.10653991445835        0.32692152539378
H           -2.48168985036057        0.27350328345738       -1.16329101780769
H           -1.34210406982765        0.51013923837979        1.67864791824007
H           -1.69484079788975        1.85520481647452        0.57636429818290
H            2.47851434569487        0.96358582525415       -0.35037247453883
H            2.90038825388781        0.23020570739870        1.21822059752264
H            1.78309448368184       -1.30054318170318       -1.20719471159840
H            3.46303760504644       -1.33230370646475       -0.64225681654411
H            2.18070600489233       -2.01469336311164        0.37481361796079
20
 energy: -386.243415315934 gnorm: 0.000473544964 xtb: 6.7.1 (edcfbbe)
C           -2.07356879984595       -1.54840227288125       -0.06985519545582
C           -2.42236361325857       -0.06412261103146       -0.12373595790210
C           -1.40019375975183        0.80035084103500        0.62732268609969
C           -0.04193707751645        0.70066499274875       -0.00942817813151
O            0.18133127544035        0.94609279568186       -1.18467564549082
O            0.90725036293945        0.30555271821718        0.85986813306068
C            2.26455553419016        0.13980753587332        0.33403553647839
C            2.42351509535604       -1.21124680979825       -0.32494973443252
H           -2.02583798246985       -1.90184540808163        0.96586564815666
H           -2.82170342708052       -2.14738811535332       -0.59795224800514
H           -1.10080585539908       -1.74642228432254       -0.53616643019221
H           -3.40622705804615        0.10727954640296        0.32513284458728
H           -2.48157744148917        0.27347308836569       -1.16426900032695
H           -1.34198550466677        0.50725420554411        1.67836305694308
H           -1.69584379866841        1.85496179927346        0.58014615199922
H            2.47921390779222        0.96267030558853       -0.35215694314310
H            2.89971722924489        0.23117256836878        1.21695075442907
H            1.78553408004975       -1.30333536007559       -1.20781515209449
H            3.46474239805945       -1.33341522709749       -0.63978768515794
H            2.18075721136550       -2.01508914405100        0.37603769597206
20
 energy: -386.243415315934 gnorm: 0.000473544964 xtb: 6.7.1 (edcfbbe)
C           -2.07356879984595       -1.54840227288125       -0.06985519545582
C           -2.42236361325857       -0.06412261103146       -0.12373595790210
C           -1.40019375975183        0.80035084103500        0.62732268609969
C           -0.04193707751645        0.70066499274875       -0.00942817813151
O            0.18133127544035        0.94609279568186       -1.18467564549082
O            0.90725036293945        0.30555271821718        0.85986813306068
C            2.26455553419016        0.13980753587332        0.33403553647839
C            2.42351509535604       -1.21124680979825       -0.32494973443252
H           -2.02583798246985       -1.90184540808163        0.96586564815666
H           -2.82170342708052       -2.14738811535332       -0.59795224800514
H           -1.10080585539908       -1.74642228432254       -0.53616643019221
H           -3.40622705804615        0.10727954640296        0.32513284458728
H           -2.48157744148917        0.27347308836569       -1.16426900032695
H           -1.34198550466677        0.50725420554411        1.67836305694308
H           -1.69584379866841        1.85496179927346        0.58014615199922
H            2.47921390779222        0.96267030558853       -0.35215694314310
H            2.89971722924489        0.23117256836878        1.21695075442907
H            1.78553408004975       -1.30333536007559       -1.20781515209449
H            3.46474239805945       -1.33341522709749       -0.63978768515794
H            2.18075721136550       -2.01508914405100        0.37603769597206
