----------------------------------------------- 
  Element       SASA      Sigma Z        Total  
     Z         Ang**2 cal/Ang**2/mol   kcal/mol 
----------------------------------------------- 
      H        138.994      48.690       6.768
      C         38.178     129.740       4.953
      O         27.673       0.000       0.000

 Subtotal:     204.845                  11.721
 -----------------------------------------------

  Elements    COT*SASA   Sigma Z,Z'     Total   
    Z,Z'       Ang**2  cal/Ang**2/mol kcal/mol  
 ---------------------------------------------- 
  H   C         93.705     -60.770      -5.694
  H   O          0.000       0.000       0.000
  C   C         28.502     -72.950      -2.079
  O   C         14.636      68.690       1.005
  O   O          0.000       0.000       0.000

 Subtotal:                              -6.768
 ---------------------------------------------- 

 NONAQUEOUS SOLVENT CONTRIBUTION (kcal/mol):
 (proportional to SASA, atomic number independent)
 ---------------------------------------------- 
 Subtotal:                               0.000
 ---------------------------------------------- 

 CDS TOTAL (kcal/mol):                   4.953
...............................................................................
