----------------------------------------------- 
  Element       SASA      Sigma Z        Total  
     Z         Ang**2 cal/Ang**2/mol   kcal/mol 
----------------------------------------------- 
      H        142.017      48.690       6.915
      C         35.912     129.740       4.659
      O         30.953       0.000       0.000

 Subtotal:     208.882                  11.574
 -----------------------------------------------

  Elements    COT*SASA   Sigma Z,Z'     Total   
    Z,Z'       Ang**2  cal/Ang**2/mol kcal/mol  
 ---------------------------------------------- 
  H   C         95.742     -60.770      -5.818
  H   O          0.000       0.000       0.000
  C   C         27.297     -72.950      -1.991
  O   C         17.127      68.690       1.176
  O   O          0.000       0.000       0.000

 Subtotal:                              -6.633
 ---------------------------------------------- 

 NONAQUEOUS SOLVENT CONTRIBUTION (kcal/mol):
 (proportional to SASA, atomic number independent)
 ---------------------------------------------- 
 Subtotal:                               0.000
 ---------------------------------------------- 

 CDS TOTAL (kcal/mol):                   4.941
...............................................................................
