----------------------------------------------- 
  Element       SASA      Sigma Z        Total  
     Z         Ang**2 cal/Ang**2/mol   kcal/mol 
----------------------------------------------- 
      H        136.496      48.690       6.646
      C         33.730     129.740       4.376
      O         29.612       0.000       0.000

 Subtotal:     199.839                  11.022
 -----------------------------------------------

  Elements    COT*SASA   Sigma Z,Z'     Total   
    Z,Z'       Ang**2  cal/Ang**2/mol kcal/mol  
 ---------------------------------------------- 
  H   C         91.982     -60.770      -5.590
  H   O          0.000       0.000       0.000
  C   C         21.472     -72.950      -1.566
  O   C         16.513      68.690       1.134
  O   O          0.000       0.000       0.000

 Subtotal:                              -6.022
 ---------------------------------------------- 

 NONAQUEOUS SOLVENT CONTRIBUTION (kcal/mol):
 (proportional to SASA, atomic number independent)
 ---------------------------------------------- 
 Subtotal:                               0.000
 ---------------------------------------------- 

 CDS TOTAL (kcal/mol):                   5.000
...............................................................................
