----------------------------------------------- 
  Element       SASA      Sigma Z        Total  
     Z         Ang**2 cal/Ang**2/mol   kcal/mol 
----------------------------------------------- 
      H        142.360      48.690       6.932
      C         35.564     129.740       4.614
      O         30.781       0.000       0.000

 Subtotal:     208.705                  11.546
 -----------------------------------------------

  Elements    COT*SASA   Sigma Z,Z'     Total   
    Z,Z'       Ang**2  cal/Ang**2/mol kcal/mol  
 ---------------------------------------------- 
  H   C         95.972     -60.770      -5.832
  H   O          0.000       0.000       0.000
  C   C         26.994     -72.950      -1.969
  O   C         17.279      68.690       1.187
  O   O          0.000       0.000       0.000

 Subtotal:                              -6.615
 ---------------------------------------------- 

 NONAQUEOUS SOLVENT CONTRIBUTION (kcal/mol):
 (proportional to SASA, atomic number independent)
 ---------------------------------------------- 
 Subtotal:                               0.000
 ---------------------------------------------- 

 CDS TOTAL (kcal/mol):                   4.931
...............................................................................
