21
 energy: -23.234024656305 gnorm: 0.020853113372 xtb: 6.7.1 (edcfbbe)
C            2.41979591789410        1.08178355719474        0.74375935612891
C            1.36822766050096        0.48272082465822       -0.18415214514605
C            1.98578603495204       -0.53523343168608       -1.13660474126039
S            0.00907764891522       -0.27366798207637        0.83904165137588
C           -1.51409368778297        0.34686631906062       -0.02379263107800
C           -1.62488399294889       -0.15651585789988       -1.45543408674535
C           -2.71141542682521       -0.08157411865005        0.81621796518796
H            1.99670799482058        1.86622167527206        1.37663394201676
H            2.85566167529727        0.31269712316464        1.39136608263491
H            3.23196882455282        1.51543008689065        0.14884850586967
H            0.88952196342888        1.28617270473650       -0.75595111256892
H            1.23882082168630       -0.97545264302034       -1.80205592130365
H            2.46475255097177       -1.34538728102304       -0.57629244092874
H            2.75301136707231       -0.05006698246906       -1.75262736139181
H           -1.44427400696911        1.44120804123730       -0.02380127075951
H           -2.54170993858077        0.23851074522862       -1.91045155564585
H           -0.78266334025230        0.17075674256375       -2.07060341772125
H           -1.67121127464893       -1.25048171956362       -1.48173303565656
H           -3.63004599884347        0.30738116897794        0.36424806650134
H           -2.64712838890035        0.29938185468745        1.83967618544968
H           -2.79268538234230       -1.17331916994801        0.85599974438258
21
 energy: -23.234995707169 gnorm: 0.006287110017 xtb: 6.7.1 (edcfbbe)
C            2.41381806153242        1.08034141386141        0.74377379403633
C            1.37251523519565        0.49179908096747       -0.19561692442617
C            1.98587294496830       -0.53533434942672       -1.13353730460324
S            0.01472129557816       -0.28525402254428        0.80076821171798
C           -1.51437119117547        0.35159998198371       -0.02838449101514
C           -1.62760340482765       -0.15761254077914       -1.45407933941546
C           -2.70717795989082       -0.07829418361577        0.81154973160107
H            1.97667817502663        1.84937470738600        1.37772517997112
H            2.83372451419107        0.30465015597686        1.38400152266457
H            3.22264350827592        1.52289659942812        0.16134667212792
H            0.88804352671037        1.29176864392921       -0.76172303556979
H            1.23589930812404       -0.97428661844952       -1.78820856682160
H            2.45348319863951       -1.33783994145349       -0.56386108360077
H            2.74810703389302       -0.05652517781203       -1.74919255463340
H           -1.42607572476839        1.44287982393485       -0.01896176228853
H           -2.54201228918646        0.23126741707928       -1.90348266340829
H           -0.78711602064189        0.17011965861802       -2.06304546424660
H           -1.66825193743703       -1.24635651395267       -1.46959130508623
H           -3.62607357709763        0.31127547406053        0.37261975023678
H           -2.61972161380505        0.29612802798858        1.83004631877179
H           -2.77388206130674       -1.16516597984437        0.85014509332925
21
 energy: -23.235181026793 gnorm: 0.002206089630 xtb: 6.7.1 (edcfbbe)
C            2.39885423981528        1.07812915639308        0.74653877564389
C            1.36684595927453        0.49056485776063       -0.20204584697122
C            1.98803865193877       -0.53452850881866       -1.13572158942293
S            0.01590483970712       -0.29747401876316        0.78994116971437
C           -1.50672210005495        0.35471595808198       -0.03414929277918
C           -1.63031727661450       -0.15535991556105       -1.45861851383413
C           -2.69396263112769       -0.07267943165445        0.81350806079058
H            1.95092428977646        1.83582491427757        1.38404666922812
H            2.81328535525113        0.29756968811595        1.37966661351717
H            3.20598573495859        1.53068229835058        0.17447187536620
H            0.88298732049318        1.28949563607102       -0.76791329860532
H            1.23840148478405       -0.97709964443593       -1.78523246963151
H            2.44888386381394       -1.33040231779318       -0.55622101283593
H            2.74985709660368       -0.06112008860853       -1.75119592662590
H           -1.40797742785646        1.44426554766534       -0.02050732845430
H           -2.54672969545585        0.22625029164350       -1.90329619730773
H           -0.79346880411494        0.17144640290045       -2.06981011942560
H           -1.66561060930915       -1.24200821872654       -1.46325973676621
H           -3.61273505340834        0.31871369332842        0.38323991290322
H           -2.59325275433415        0.29781120430738        1.83023644060654
H           -2.75597146214276       -1.15736584719835        0.84861359423148
21
 energy: -23.235240171416 gnorm: 0.001908766910 xtb: 6.7.1 (edcfbbe)
C            2.38984220222761        1.07758518505391        0.75069090440972
C            1.36616600564619        0.48749953958570       -0.20614138291217
C            1.99311293188939       -0.53595822191501       -1.13869488193619
S            0.01633667957099       -0.30718875451359        0.77865219141439
C           -1.50380995468201        0.35571763996031       -0.03767687950153
C           -1.63370283542323       -0.15471268735812       -1.46214500495173
C           -2.68809772682897       -0.06699033346564        0.81720736867999
H            1.93095509619738        1.82630526526183        1.39163885705219
H            2.80498432215564        0.29444450768034        1.37978001243922
H            3.19649091390673        1.54115767426616        0.18730792999315
H            0.88128782240069        1.28511567136790       -0.77283122072917
H            1.24485968342977       -0.98128839532363       -1.78831012889435
H            2.45332764192704       -1.32916293425644       -0.55528863841312
H            2.75493079192612       -0.06267041645842       -1.75338114503057
H           -1.39726868701589        1.44434603693449       -0.02361053394624
H           -2.55354114964653        0.22324447878049       -1.90196696240647
H           -0.80081723526495        0.17367413917871       -2.07811704423709
H           -1.66526048671853       -1.24146579902090       -1.46363317115875
H           -3.60842177696333        0.32759573956647        0.39457635960716
H           -2.57701519576505        0.30176380468998        1.83357053498070
H           -2.75113802097115       -1.15158048267846        0.85066461488250
21
 energy: -23.235307688674 gnorm: 0.001660599077 xtb: 6.7.1 (edcfbbe)
C            2.37733289537668        1.07522332318650        0.75819062597937
C            1.36626219791894        0.48057884892485       -0.21063600231618
C            2.00442779778607       -0.53779292918417       -1.14298996714597
S            0.01665268967760       -0.32484203097326        0.76203979438078
C           -1.49943890908240        0.35540455254887       -0.04273455360628
C           -1.64222148648961       -0.15555155277999       -1.46697470280215
C           -2.68078559607636       -0.05591430666016        0.82316687644891
H            1.90018080369476        1.80794747875171        1.40585973608648
H            2.80045431256843        0.28998372850212        1.38052682226580
H            3.18108562921058        1.56038252660824        0.20793327699121
H            0.88108157839449        1.27663885210042       -0.78005495053735
H            1.25931935785424       -0.98603346767920       -1.79578898245049
H            2.46684084726660       -1.32997334930902       -0.55880346874447
H            2.76599589728473       -0.06051036852495       -1.75550741791727
H           -1.38220462001513        1.44293166307737       -0.03125644140186
H           -2.56962213382229        0.21585856496347       -1.89805317414025
H           -0.81736181850159        0.17851559259421       -2.09224664447415
H           -1.66539121126834       -1.24328665092353       -1.46820053506599
H           -3.60318693209851        0.34698884553474        0.41250737268665
H           -2.55363944388723        0.31164204900977        1.83867594832073
H           -2.75256083379380       -1.14075971243188        0.85663816678411
21
 energy: -23.235351688936 gnorm: 0.001352476746 xtb: 6.7.1 (edcfbbe)
C            2.37137611892513        1.07266740697045        0.76286531212190
C            1.36834276866526        0.47429882939062       -0.21157411363990
C            2.01482271851723       -0.53750401317506       -1.14523083423719
S            0.01655521788967       -0.33846496145871        0.75192222427632
C           -1.49827082445514        0.35202170166653       -0.04531924921493
C           -1.65041873292270       -0.15796495532529       -1.46893533670500
C           -2.67899247252185       -0.04760019981246        0.82670095925742
H            1.88538653494933        1.79495325205326        1.41524971544339
H            2.80403652179798        0.28829841227888        1.38017980077069
H            3.16986158816713        1.57143599866701        0.21742575108025
H            0.88300514295540        1.26944868829141       -0.78232226843726
H            1.27397901988432       -0.98644791528358       -1.80270375259280
H            2.48036920659170       -1.33043219074348       -0.56421178749379
H            2.77590768627254       -0.05323913313269       -1.75350773631616
H           -1.37350188308083        1.43886355038873       -0.03599160570123
H           -2.58212044629683        0.21128136230080       -1.89297923249015
H           -0.83096864817055        0.17952270301675       -2.09988253359779
H           -1.67040757662304       -1.24580208607022       -1.47310252070964
H           -3.59963665739546        0.36461305358243        0.42086356385840
H           -2.54344393149123        0.31928767708110        1.84137310034617
H           -2.76266032966022       -1.13180552335032        0.86147232332298
21
 energy: -23.235393032191 gnorm: 0.000901828830 xtb: 6.7.1 (edcfbbe)
C            2.36591906728550        1.06884335322234        0.76686385280454
C            1.36981785704679        0.46807458167738       -0.21239287169936
C            2.02674829388885       -0.53512049073669       -1.14733306789442
S            0.01723029435546       -0.35707061292744        0.74170383233386
C           -1.49630655823996        0.34743348136534       -0.04756556307356
C           -1.66034648987296       -0.16205562814800       -1.46976559264602
C           -2.67791072993604       -0.03778014113890        0.82910603218379
H            1.87212078324238        1.77910400360762        1.42605609608394
H            2.80979625875619        0.28508793099803        1.37719558337158
H            3.15720410827081        1.58223357225736        0.22442345546812
H            0.88229000786754        1.26234483151169       -0.78255002554803
H            1.29220818671532       -0.98440231506750       -1.81139430210533
H            2.49532042915097       -1.32893855306182       -0.56985034608640
H            2.78771139524404       -0.04162607345934       -1.74870559838136
H           -1.36143416988281        1.43329235913630       -0.03992707454535
H           -2.59489042217745        0.20816709437777       -1.88640447409970
H           -0.84519211906033        0.17525025738557       -2.10602933432465
H           -1.68129192875839       -1.24976526094599       -1.47557494929984
H           -3.59429171532954        0.38763392478638        0.42649896377699
H           -2.53391470117108        0.32736791624100        1.84310156968341
H           -2.77756682539751       -1.12064257374490        0.86483559333951
21
 energy: -23.235422833358 gnorm: 0.000777230999 xtb: 6.7.1 (edcfbbe)
C            2.36031351295971        1.06525388171315        0.77133834625393
C            1.37188136314164        0.46159995435123       -0.21353049748236
C            2.03864711375454       -0.53185129104114       -1.15120385765794
S            0.01782815796060       -0.37419468432144        0.73095884092878
C           -1.49517378965028        0.34231318072862       -0.04983672799720
C           -1.66962117261258       -0.16676561531665       -1.47069011541451
C           -2.67744002979047       -0.02736800551950        0.83223495458942
H            1.85951889103740        1.76364562857522        1.43765944954030
H            2.81427759101699        0.28131614443746        1.37367921064518
H            3.14485291060040        1.59259847663887        0.23255522391774
H            0.88078643560046        1.25478460304578       -0.78166482328062
H            1.31078027431506       -0.98097935628841       -1.82248625693166
H            2.50843508984553       -1.32644297593702       -0.57604732745658
H            2.80050807623716       -0.02995317573139       -1.74450118469627
H           -1.34802475531967        1.42652097037874       -0.04332966875126
H           -2.60462942658296        0.20801086956499       -1.88163613423017
H           -0.85631585220236        0.16523041616289       -2.11184462532542
H           -1.69672048144177       -1.25417069144762       -1.47559886872827
H           -3.58900241889401        0.41173705749897        0.43307702009861
H           -2.52478319505357        0.33465934608449        1.84605117126119
H           -2.79289727292405       -1.10851307624101        0.86710765005887
21
 energy: -23.235444849563 gnorm: 0.000746851800 xtb: 6.7.1 (edcfbbe)
C            2.35447621838103        1.06158363751651        0.77513453043733
C            1.37178605894921        0.45760796076692       -0.21520896483815
C            2.04752713467813       -0.52845368959493       -1.15405954131390
S            0.01898852367117       -0.39045812200079        0.72136471662598
C           -1.49239257832362        0.33915175109460       -0.05214722189468
C           -1.67758649038191       -0.17118650912045       -1.47122657189594
C           -2.67466630406278       -0.01867614381951        0.83447907227491
H            1.84725328534456        1.75006536678308        1.44662842054300
H            2.81530413697126        0.27721620097116        1.37133177933282
H            3.13425835890172        1.60039953125027        0.24096511167957
H            0.87827212591089        1.25044459349751       -0.78170361273481
H            1.32538066330102       -0.97636784756100       -1.83218106924431
H            2.51750221106654       -1.32446651289441       -0.58106416749802
H            2.81056536129655       -0.02000686314795       -1.74002458323260
H           -1.33556672081348        1.42183186146930       -0.04729863751073
H           -2.61057330219604        0.21125488764169       -1.87953900683755
H           -0.86334501995050        0.15173347645880       -2.11571035234660
H           -1.71457578147821       -1.25838426335024       -1.47363410029852
H           -3.58240635506368        0.43226687559200        0.43981102584387
H           -2.51353868855510        0.34010920503066        1.84809084588916
H           -2.80344181564901       -1.09823373924697        0.86828410636095
21
 energy: -23.235466259720 gnorm: 0.000577114528 xtb: 6.7.1 (edcfbbe)
C            2.34882947539066        1.05832726558387        0.77945900537865
C            1.37267015724132        0.45373766070822       -0.21699439537192
C            2.05626394780876       -0.52479256614104       -1.15784966851924
S            0.01993381071872       -0.40361453275180        0.71101581838652
C           -1.49055320708559        0.33568357811931       -0.05490202198056
C           -1.68561222453062       -0.17567769975285       -1.47218535836572
C           -2.67174233630311       -0.01054559904109        0.83747915520753
H            1.83445577851370        1.73768036830206        1.45486099858140
H            2.81404357368362        0.27313299638889        1.37080301994693
H            3.12538645209320        1.60718102551825        0.25101202387739
H            0.87739579826764        1.24640403428422       -0.78204638565577
H            1.33905497841713       -0.97039352487322       -1.84268469948564
H            2.52471249525831       -1.32298533266090       -0.58669526219623
H            2.82132201196066       -0.01087569268375       -1.73626544714447
H           -1.32459129348262        1.41678363030035       -0.05247157499784
H           -2.61373543393309        0.21881306435829       -1.88029078342196
H           -0.86742848162344        0.13345825205629       -2.11858740203133
H           -1.73773687140511       -1.26239311792091       -1.47086822606218
H           -3.57637270621135        0.45127929797103        0.44850760155221
H           -2.50090295119255        0.34471712715699        1.85080729152955
H           -2.81217195158853       -1.08848857758592        0.87018809011453
21
 energy: -23.235488267109 gnorm: 0.000645638618 xtb: 6.7.1 (edcfbbe)
C            2.34145376375754        1.05462710849991        0.78539111916234
C            1.37357614306520        0.45007281281840       -0.21951382594019
C            2.06609965916691       -0.52033997225978       -1.16244912940113
S            0.02109379835087       -0.41889266125037        0.69756915423274
C           -1.48831669836571        0.33189110532078       -0.05883848958361
C           -1.69543473050363       -0.18099701435352       -1.47390042956501
C           -2.66685217889742       -0.00163184814823        0.84192864315063
H            1.81956328940900        1.72517722723437        1.46352431561416
H            2.81003286004530        0.26849660326381        1.37279436815171
H            3.11599548939221        1.61299815933939        0.26450638910623
H            0.87718671456457        1.24305638705609       -0.78326514010743
H            1.35478821584738       -0.96261644998738       -1.85576715532522
H            2.53225571868174       -1.32165942004500       -0.59377331271696
H            2.83418417581845       -0.00067125946793       -1.73157356175718
H           -1.31276727153132        1.41146298988028       -0.05983371075007
H           -2.61483658407017        0.23236409602221       -1.88371572300180
H           -0.87029736859962        0.10694405202261       -2.12185760352927
H           -1.77147091265776       -1.26653935513466       -1.46793186557740
H           -3.56862244550686        0.47148934447988        0.46043243914376
H           -2.48440065936526        0.35004992205642        1.85444372020578
H           -2.82000995660374       -1.07785017001093        0.87412157782981
21
 energy: -23.235501022168 gnorm: 0.000579514893 xtb: 6.7.1 (edcfbbe)
C            2.33547890656905        1.05151704845459        0.78997377718478
C            1.37481182448804        0.44683850247357       -0.22165801173877
C            2.07546897547152       -0.51654677459584       -1.16592502029958
S            0.02201531796102       -0.43112990164598        0.68567332655494
C           -1.48675022700719        0.32847408090351       -0.06229979121965
C           -1.70507816369610       -0.18466719263220       -1.47554221214942
C           -2.66252718876102        0.00502392855904        0.84556370017118
H            1.80574271484764        1.71551591963972        1.46900468926682
H            2.80478287846711        0.26465500658877        1.37583786859110
H            3.10978001894299        1.61704891286951        0.27604917278335
H            0.87784747379323        1.23996928706150       -0.78475218701574
H            1.36859571696477       -0.95585837505395       -1.86563324756057
H            2.53931930567374       -1.32046898744477       -0.59902681987602
H            2.84589482279612        0.00751938915742       -1.72777194495586
H           -1.30387027179275        1.40679775449240       -0.06623359697307
H           -2.61530927263510        0.24646493633479       -1.88792636895457
H           -0.87331621046293        0.08356697864912       -2.12357165420764
H           -1.80315016517553       -1.26840435492828       -1.46565806724555
H           -3.56282429357403        0.48595672577912        0.47057290359897
H           -2.46943565944472        0.35499039065195        1.85674234247262
H           -2.82425548142824       -1.06983161797762        0.87887292091462
21
 energy: -23.235506633488 gnorm: 0.000540100069 xtb: 6.7.1 (edcfbbe)
C            2.33129493757375        1.05001367963119        0.79287979655644
C            1.37548582328083        0.44534393589013       -0.22350394014926
C            2.08073559226414       -0.51489884960589       -1.16758962250016
S            0.02248966991942       -0.43809009397725        0.67797731139520
C           -1.48611050179789        0.32700250110116       -0.06443769850102
C           -1.71049738455124       -0.18575635249413       -1.47682001789273
C           -2.65940481902830        0.00783830041785        0.84814188070555
H            1.79893837986331        1.71286646029955        1.47035117895350
H            2.79957950411980        0.26329446304784        1.37972827866777
H            3.10669051471939        1.61656262843733        0.28255731566276
H            0.87844430515755        1.23829296414078       -0.78685660241035
H            1.37708875377161       -0.95358712560268       -1.87105424212371
H            2.54403327956903       -1.31946458139593       -0.60116626326150
H            2.85233312340063        0.01183890574607       -1.72525072460073
H           -1.29951029608322        1.40469126540766       -0.06942908440883
H           -2.61521465015655        0.25577181190038       -1.88992088132779
H           -0.87566810257136        0.07113024412494       -2.12527865925852
H           -1.82186689755477       -1.26793075884863       -1.46521719905328
H           -3.55940451982842        0.49088961467811        0.47582609348317
H           -2.46191744369532        0.35806814788938        1.85815977130075
H           -2.82429824637478       -1.06644550345150        0.88319508810469
21
 energy: -23.235510411585 gnorm: 0.000308212081 xtb: 6.7.1 (edcfbbe)
C            2.32881080944974        1.04946799707327        0.79399544769655
C            1.37611300340532        0.44392121771493       -0.22459549286593
C            2.08484050933594       -0.51428029540759       -1.16811255711339
S            0.02274481081981       -0.44282100003151        0.67321065998825
C           -1.48578814411043        0.32602268196500       -0.06549163984910
C           -1.71436193448183       -0.18543314834881       -1.47768598097480
C           -2.65770690643425        0.00889809052312        0.84950788408658
H            1.79393331532909        1.71244776633372        1.46971582406175
H            2.79536321231526        0.26289229560316        1.38262272256216
H            3.10580229790057        1.61617561521127        0.28578972344756
H            0.87896802013021        1.23650145172446       -0.78837786332337
H            1.38319263817701       -0.95349887223487       -1.87314960299114
H            2.54836239967296       -1.31859142310285       -0.60156234075269
H            2.85658197992836        0.01412331639719       -1.72392461411961
H           -1.29695938063118        1.40336983019772       -0.07027099343676
H           -2.61596406494873        0.26227147592195       -1.89047760723903
H           -0.87817676122261        0.06538056729469       -2.12638188359000
H           -1.83326064274385       -1.26649396714129       -1.46578643355222
H           -3.55823532410949        0.49181090771867        0.47809628002438
H           -2.45803146974602        0.36059979170000        1.85857753172158
H           -2.82300734603828       -1.06533264177583        0.88659271556120
21
 energy: -23.235513977218 gnorm: 0.000295236288 xtb: 6.7.1 (edcfbbe)
C            2.32668144562480        1.04943702179831        0.79435002682306
C            1.37659893453255        0.44264910302666       -0.22583557119451
C            2.08848792752089       -0.51446042417372       -1.16800823264360
S            0.02304223647027       -0.44602145490370        0.66985144240897
C           -1.48567907308758        0.32541864188772       -0.06577621052383
C           -1.71734589345487       -0.18374700805097       -1.47829010393955
C           -2.65666025272786        0.00850009061291        0.85040221803449
H            1.79062690035106        1.71479038319177        1.46677903838843
H            2.79059412346808        0.26386251495216        1.38641447024445
H            3.10595756607538        1.61392418599471        0.28713211794319
H            0.87914973565952        1.23430873063985       -0.79063059318860
H            1.38846832108757       -0.95539622467107       -1.87354866409551
H            2.55308428637420       -1.31754001162543       -0.60054764822043
H            2.85970379863370        0.01536302837359       -1.72323305925607
H           -1.29548291188410        1.40250272095960       -0.06944863336679
H           -2.61723973888218        0.26837194894982       -1.88998117543681
H           -0.88047988626818        0.06394771474291       -2.12715750419503
H           -1.84094922583493       -1.26422377100035       -1.46707192970014
H           -3.55830937605528        0.48899743684612        0.47834207896762
H           -2.45696719637445        0.36270953742769        1.85860074621379
H           -2.82006069923099       -1.06596250764220        0.88994896607882
21
 energy: -23.235517785121 gnorm: 0.000295267341 xtb: 6.7.1 (edcfbbe)
C            2.32367373208307        1.05013692737497        0.79428658689605
C            1.37707096202282        0.44062786854301       -0.22746079004913
C            2.09291465254802       -0.51552453771122       -1.16755094240494
S            0.02318222509937       -0.45088328151294        0.66538012235684
C           -1.48559308427314        0.32514440962182       -0.06571075438495
C           -1.72031780459214       -0.18057689522595       -1.47894681032598
C           -2.65536823135876        0.00740022555542        0.85178899663320
H            1.78580002176051        1.71908437643092        1.46205467284718
H            2.78363709370450        0.26589499074687        1.39130276603871
H            3.10624724887957        1.61138440960241        0.28808868595004
H            0.87926698164183        1.23078922170074       -0.79396416142971
H            1.39510965866983       -0.95986009920676       -1.87319900724365
H            2.55979504469867       -1.31615044204788       -0.59854369272750
H            2.86285463776646        0.01618726992589       -1.72275825722469
H           -1.29376048433116        1.40195779127359       -0.06720834253073
H           -2.61899334254892        0.27560353769091       -1.88867169730982
H           -0.88328626189557        0.06527369285692       -2.12835737545927
H           -1.84792440773657       -1.26061972447742       -1.46981766189598
H           -3.55868798966685        0.48360297468214        0.47800329147157
H           -2.45709057926891        0.36550263765638        1.85891385199103
H           -2.81530905120503       -1.06754369614345        0.89466229814367
21
 energy: -23.235520004809 gnorm: 0.000267456492 xtb: 6.7.1 (edcfbbe)
C            2.32056454413692        1.05084582123883        0.79403801080461
C            1.37717673189349        0.43883920008984       -0.22922748051176
C            2.09676109649460       -0.51683380214572       -1.16702218933294
S            0.02349196263749       -0.45426175691747        0.66211533597476
C           -1.48536270610084        0.32469790068657       -0.06533503405281
C           -1.72245004856903       -0.17741788357440       -1.47948019538696
C           -2.65437270256198        0.00617841380439        0.85287461284331
H            1.78109039995152        1.72282395830222        1.45739453328996
H            2.77762924097367        0.26828627321927        1.39549434484123
H            3.10553853597185        1.60950852756887        0.28872858144726
H            0.87887674494539        1.22738092369466       -0.79753600444285
H            1.40063906872364       -0.96440099337456       -1.87226944459151
H            2.56568968236073       -1.31509913711706       -0.59637599069613
H            2.86539647041718        0.01619525253910       -1.72274490818511
H           -1.29226321996759        1.40122787604351       -0.06460388176715
H           -2.62059948045571        0.28125686401157       -1.88766354902156
H           -0.88538670006707        0.06826903204841       -2.12896429930663
H           -1.85185352953011       -1.25727107856298       -1.47262565889337
H           -3.55912393365099        0.47930102462173        0.47818973949835
H           -2.45676809870521        0.36704113799549        1.85928378806889
H           -2.81145303690036       -1.06913589683587        0.89802146876237
21
 energy: -23.235521334548 gnorm: 0.000173476705 xtb: 6.7.1 (edcfbbe)
C            2.31847306755950        1.05165854671075        0.79359465075941
C            1.37717511966711        0.43739101647397       -0.23020146101398
C            2.09899914895558       -0.51797055048303       -1.16656908111991
S            0.02351683486098       -0.45695454238279        0.65994046194692
C           -1.48516456421002        0.32460272304072       -0.06500915103577
C           -1.72329445177310       -0.17531857498253       -1.47974897475737
C           -2.65370330671191        0.00542974392931        0.85355767894718
H            1.77739225683587        1.72463220300712        1.45464664994384
H            2.77447903434468        0.27035592018637        1.39739903772210
H            3.10432259637598        1.60963372237546        0.28892407089275
H            0.87858410494747        1.22472673256008       -0.79990150235618
H            1.40394912546048       -0.96772628807021       -1.87154166174478
H            2.56924167189015       -1.31460081891489       -0.59469690421770
H            2.86683186414159        0.01593954888302       -1.72264570871699
H           -1.29130926822207        1.40098405945014       -0.06284936791556
H           -2.62153510825457        0.28448205304424       -1.88669479631612
H           -0.88634291819076        0.07098769405287       -2.12933940460031
H           -1.85323104680790       -1.25525602690911       -1.47442753572842
H           -3.55893540610925        0.47746657417542        0.47879337725167
H           -2.45639053499730        0.36694230777536        1.85974153748594
H           -2.80983719776495       -1.06997438658586        0.89931986391520
21
 energy: -23.235522866976 gnorm: 0.000162986614 xtb: 6.7.1 (edcfbbe)
C            2.31635717081606        1.05268229140674        0.79309228165870
C            1.37707280305279        0.43611399857187       -0.23118716110620
C            2.10081394862909       -0.51935935600694       -1.16596179905348
S            0.02366622600973       -0.45916020523711        0.65828055442626
C           -1.48485402218233        0.32443247217845       -0.06458917248039
C           -1.72365235107602       -0.17345225974434       -1.47996716029252
C           -2.65317032781073        0.00485010647736        0.85414532943422
H            1.77347798619628        1.72543343787969        1.45289869396020
H            2.77273118135856        0.27254606516402        1.39812532903620
H            3.10194271918096        1.61136922492493        0.28884472020743
H            0.87806912847596        1.22221960137809       -0.80222544369937
H            1.40670965242621       -0.97112489977921       -1.87062001053969
H            2.57218488929803       -1.31450376631124       -0.59296101550090
H            2.86795199955239        0.01507670930347       -1.72247930764468
H           -1.29029055208790        1.40068913338172       -0.06105159817673
H           -2.62240704253301        0.28632641940815       -1.88578779605261
H           -0.88716347786460        0.07433091899571       -2.12971817077897
H           -1.85284692797108       -1.25352679340813       -1.47629857889331
H           -3.55836120497963        0.47759180682991        0.48017158154056
H           -2.45530115437769        0.36543187384460        1.86058535221158
H           -2.80970962211551       -1.07053512192136        0.89899515108563
21
 energy: -23.235525346716 gnorm: 0.000205678205 xtb: 6.7.1 (edcfbbe)
C            2.31331103852187        1.05445380604683        0.79206070117964
C            1.37682247477415        0.43412202291410       -0.23248446753051
C            2.10353560022730       -0.52152195423948       -1.16480183565433
S            0.02373653656256       -0.46233226200236        0.65621357949820
C           -1.48442287125521        0.32415560018705       -0.06395994641514
C           -1.72403313317809       -0.17085558276988       -1.48023268479439
C           -2.65253251242395        0.00399384980572        0.85480676548466
H            1.76761062443493        1.72581100183849        1.45080197241514
H            2.77176110923245        0.27632194752246        1.39809225574159
H            3.09739676125470        1.61544256354375        0.28821301563603
H            0.87721461710369        1.21825599072325       -0.80569106453866
H            1.41082282387022       -0.97606385068632       -1.86908762998618
H            2.57609334235238       -1.31460221050732       -0.58990634995569
H            2.87000376002795        0.01341161041976       -1.72179635247048
H           -1.28887570503253        1.40022062665729       -0.05839940167424
H           -2.62367012553166        0.28885566301313       -1.88432628715061
H           -0.88824406669622        0.07925326607856       -2.13015121696230
H           -1.85199283680414       -1.25118250709303       -1.47890098160295
H           -3.55707474798516        0.47970039338754        0.48309051811819
H           -2.45307322567176        0.36118521780434        1.86213895567945
H           -2.81116844178591       -1.07119353530749        0.89661223432447
21
 energy: -23.235528615243 gnorm: 0.000266796031 xtb: 6.7.1 (edcfbbe)
C            2.30889959445586        1.05751877553903        0.79037058093605
C            1.37675755856364        0.43129295711426       -0.23457372184140
C            2.10781238096954       -0.52503823988941       -1.16272639187057
S            0.02417784012319       -0.46694459156303        0.65305801031510
C           -1.48377994594787        0.32362264170373       -0.06299972060898
C           -1.72497977178049       -0.16683310355574       -1.48063402251188
C           -2.65165643796411        0.00247229567571        0.85568591762643
H            1.75874929778010        1.72639743486305        1.44799658260659
H            2.77092970742372        0.28242359716602        1.39759028525069
H            3.09037796467078        1.62235186282861        0.28683220232873
H            0.87609403771032        1.21230089229106       -0.81112091088951
H            1.41747900692162       -0.98362399330884       -1.86680365662930
H            2.58185170973179       -1.31505076683454       -0.58478856320791
H            2.87357815637806        0.01057158259890       -1.72002229377661
H           -1.28688319542072        1.39941073685076       -0.05437051339037
H           -2.62549256943222        0.29341506617846       -1.88221417857173
H           -0.89009467891362        0.08591118922551       -2.13081374720025
H           -1.85205984533501       -1.24731875236745       -1.48269781923788
H           -3.55500033637925        0.48351388373158        0.48802306826685
H           -2.44938757334346        0.35337358145236        1.86468638081697
H           -2.81415187821429       -1.07233539236362        0.89181429093089
21
 energy: -23.235529385060 gnorm: 0.000125499298 xtb: 6.7.1 (edcfbbe)
C            2.30863315319981        1.05790939574436        0.78999483775799
C            1.37679611837598        0.43103775600292       -0.23475225255213
C            2.10876752618298       -0.52526555151575       -1.16220035386567
S            0.02409383500295       -0.46719616952495        0.65296520607825
C           -1.48394454738214        0.32351878932321       -0.06308382973039
C           -1.72560662723992       -0.16636187873056       -1.48078682619422
C           -2.65167897841992        0.00194612207505        0.85565344666717
H            1.75833480513981        1.72689799581308        1.44737012773952
H            2.77098184788320        0.28327369975859        1.39751901161573
H            3.08992447124876        1.62289421768075        0.28619586824252
H            0.87615544021228        1.21168414396079       -0.81172201999824
H            1.41896762325376       -0.98407119206280       -1.86650197703529
H            2.58237133696174       -1.31510859953616       -0.58376634357175
H            2.87488537847068        0.01018530269661       -1.71911639513855
H           -1.28687612302506        1.39930525438610       -0.05390080734986
H           -2.62556223490483        0.29497348259653       -1.88197968449281
H           -0.89076241881303        0.08558751495724       -2.13094729477115
H           -1.85393437272482       -1.24644809348855       -1.48302763956792
H           -3.55484603604809        0.48377505610863        0.48877188394777
H           -2.44887494754491        0.35168692862553        1.86487146652992
H           -2.81460422783167       -1.07279251753423        0.89073535503097
21
 energy: -23.235530626424 gnorm: 0.000285539845 xtb: 6.7.1 (edcfbbe)
C            2.30791942492685        1.05917343181325        0.78933581675647
C            1.37717601553571        0.43063472185702       -0.23533530335205
C            2.11067767672277       -0.52611256546218       -1.16109105355399
S            0.02427660253003       -0.46819986797205        0.65177650480730
C           -1.48420139674712        0.32324660993386       -0.06311065520750
C           -1.72694551189496       -0.16522404388661       -1.48105108597136
C           -2.65165174731249        0.00078581950972        0.85573192159693
H            1.75705375440380        1.72827256283007        1.44612027377419
H            2.77100629515274        0.28550815291721        1.39750303055957
H            3.08877319787793        1.62450149079170        0.28513290897006
H            0.87630271280130        1.21026719636253       -0.81339134048264
H            1.42220497403515       -0.98540859038006       -1.86629191735815
H            2.58341132478640       -1.31550628308113       -0.58136315736218
H            2.87769476852301        0.00917653668332       -1.71686505781907
H           -1.28688159272643        1.39899592940278       -0.05283047691780
H           -2.62562334250486        0.29898186930343       -1.88162990406755
H           -0.89162800137194        0.08470984750669       -2.13114349610696
H           -1.85846324456889       -1.24477704076772       -1.48374623688397
H           -3.55446767766555        0.48466690059424        0.49079514447197
H           -2.44759358490356        0.34757358935216        1.86567105371185
H           -2.81581962560237       -1.07383460997187        0.88807480977677
21
 energy: -23.235531978707 gnorm: 0.000253238940 xtb: 6.7.1 (edcfbbe)
C            2.30627059356954        1.06093174475627        0.78834997395681
C            1.37730836128673        0.42979319790541       -0.23634346545075
C            2.11330773565622       -0.52731077216054       -1.15975677958889
S            0.02450630880040       -0.47008050302373        0.65013938807778
C           -1.48423305635548        0.32292398330291       -0.06286455668298
C           -1.72837454223591       -0.16342998220432       -1.48130044547469
C           -2.65122298299357       -0.00067516213733        0.85616809820344
H            1.75397599474967        1.72988673447374        1.44406389413871
H            2.77031873374067        0.28869544621423        1.39761638544555
H            3.08653070525468        1.62699258139189        0.28401494942072
H            0.87613324882271        1.20796791409427       -0.81611070554213
H            1.42656528158012       -0.98726794694914       -1.86622226934137
H            2.58482038498994       -1.31618507161185       -0.57828303978142
H            2.88158747414866        0.00771147608606       -1.71409085378726
H           -1.28658375400422        1.39857374590344       -0.05116282175239
H           -2.62520794250030        0.30463420983868       -1.88173070159081
H           -0.89189931156772        0.08370057999008       -2.13106382475295
H           -1.86413461828665       -1.24252663206480       -1.48493049553148
H           -3.55354435171814        0.48614903259082        0.49386567175623
H           -2.44555592899953        0.34207554951188        1.86718369156270
H           -2.81734731194026       -1.07512846857161        0.88474968605708
21
 energy: -23.235533291254 gnorm: 0.000156916315 xtb: 6.7.1 (edcfbbe)
C            2.30380114913100        1.06296633793862        0.78738962173209
C            1.37748388471800        0.42858264255547       -0.23772703167193
C            2.11608910289153       -0.52888969486694       -1.15866749031911
S            0.02491003302922       -0.47256282455605        0.64773931141738
C           -1.48410896037584        0.32244133037906       -0.06232578526002
C           -1.72938930329028       -0.16131691744827       -1.48143656885690
C           -2.65067897219769       -0.00206026290871        0.85687579104106
H            1.74928329190358        1.73148593779568        1.44168559794849
H            2.76878577932359        0.29239895085441        1.39806494807489
H            3.08342249133755        1.63010248579189        0.28331905511316
H            0.87574727913761        1.20497062461185       -0.81940709843428
H            1.43125745730884       -0.98968303362378       -1.86650349037963
H            2.58655571420854       -1.31712167969315       -0.57545211719891
H            2.88548616645667        0.00607531115101       -1.71149204955829
H           -1.28582238273884        1.39792219059760       -0.04896047559483
H           -2.62417638801031        0.31066928736819       -1.88193145407770
H           -0.89153739401061        0.08320416681742       -2.13053901098806
H           -1.86929137731023       -1.23995502544017       -1.48646210759330
H           -3.55250938888545        0.48782514560437        0.49738970477189
H           -2.44319586541599        0.33666481120355        1.86889829091296
H           -2.81889129521338       -1.07628812679569        0.88183413826294
21
 energy: -23.235534557911 gnorm: 0.000118705399 xtb: 6.7.1 (edcfbbe)
C            2.30062112067660        1.06483522269370        0.78636737839816
C            1.37716418618163        0.42694985658019       -0.23920147564224
C            2.11883106602404       -0.53052921395530       -1.15767650521483
S            0.02526324578698       -0.47593965933807        0.64540943120200
C           -1.48351683569119        0.32190243887237       -0.06169947627858
C           -1.73005464961681       -0.15896047025785       -1.48159824524199
C           -2.64970511114251       -0.00325376943132        0.85770653046412
H            1.74338494272962        1.73275526872971        1.43897921668914
H            2.76655776714885        0.29616399723081        1.39871976748993
H            3.07956463722739        1.63331297879923        0.28282450301668
H            0.87484761167484        1.20145464205492       -0.82294190210815
H            1.43591469942080       -0.99243115590415       -1.86671840004527
H            2.58872291508574       -1.31794700513419       -0.57286448624593
H            2.88896314227032        0.00472389665798       -1.70921104510031
H           -1.28442306971148        1.39721158369848       -0.04648439241365
H           -2.62311247719087        0.31647398240649       -1.88199027699550
H           -0.89094445641526        0.08370685426599       -2.12994394445845
H           -1.87330179305603       -1.23724348960810       -1.48824524194576
H           -3.55102904459390        0.48933428014108        0.50060443365856
H           -2.44061887797154        0.33214942402230        1.87053563608561
H           -2.81990799683973       -1.07723800518795        0.87972027402836
21
 energy: -23.235535811699 gnorm: 0.000135302277 xtb: 6.7.1 (edcfbbe)
C            2.29721731479996        1.06655923969880        0.78546396081182
C            1.37699748801019        0.42494408012788       -0.24068337182468
C            2.12180402169726       -0.53224032735896       -1.15691519547211
S            0.02554965537057       -0.47950935749544        0.64280030116257
C           -1.48301031318899        0.32128535813106       -0.06096814342148
C           -1.73059013989022       -0.15647146967295       -1.48176894716250
C           -2.64891210573791       -0.00422101561838        0.85863662782663
H            1.73704099925942        1.73382418409377        1.43626350306460
H            2.76407116124244        0.29987235955648        1.39959278763301
H            3.07546713123811        1.63647261632455        0.28252660447878
H            0.87393624588005        1.19747847435424       -0.82637749965881
H            1.44070231401925       -0.99564677246329       -1.86677270062670
H            2.59167186569098       -1.31855355320245       -0.57060308598316
H            2.89217472919921        0.00360031703174       -1.70754830371727
H           -1.28267439012884        1.39632910638240       -0.04373245860449
H           -2.62246642021715        0.32163289379530       -1.88158673897243
H           -0.89073700355061        0.08537914802320       -2.12955749412947
H           -1.87611517868958       -1.23446716385331       -1.49036205311434
H           -3.54984529306753        0.49036384299864        0.50331430509572
H           -2.43850239751087        0.32880484524512        1.87198900436329
H           -2.82055866242825       -1.07800514876206        0.87858067759292
21
 energy: -23.235537185574 gnorm: 0.000149660727 xtb: 6.7.1 (edcfbbe)
C            2.29344549343685        1.06821951539440        0.78453726062390
C            1.37670884487010        0.42273983434893       -0.24228569534836
C            2.12509768496180       -0.53414668219253       -1.15591120441435
S            0.02590544785362       -0.48383987859629        0.63988759062315
C           -1.48224390090978        0.32067276068175       -0.06028967511313
C           -1.73143255908561       -0.15358485827061       -1.48200344475455
C           -2.64787307948344       -0.00522572064703        0.85949849478138
H            1.73018605141562        1.73484221644587        1.43334995837787
H            2.76128351400507        0.30372804113475        1.40064009806485
H            3.07098344686975        1.63962954236539        0.28222394225254
H            0.87289530022116        1.19314296096788       -0.83014601091681
H            1.44605923850106       -0.99972916400902       -1.86635134721042
H            2.59563364285341       -1.31883793768558       -0.56796664544203
H            2.89523624782188        0.00263329710613       -1.70591323224955
H           -1.28050819435684        1.39543087637837       -0.04077587998210
H           -2.62269411274270        0.32670598113586       -1.88049106623176
H           -0.89141325231214        0.08835697466478       -2.12955040678098
H           -1.87845502134845       -1.23134294219967       -1.49288441394872
H           -3.54853881183527        0.49080220394239        0.50554796621166
H           -2.43646020150953        0.32608596397733        1.87319445837349
H           -2.82059475722908       -1.07885132760679        0.87798103242581
21
 energy: -23.235538762908 gnorm: 0.000155232169 xtb: 6.7.1 (edcfbbe)
C            2.28930319052301        1.07004153203592        0.78349299276158
C            1.37664921773087        0.42003442687676       -0.24406831359087
C            2.12940157133728       -0.53633846838617       -1.15462576421768
S            0.02607380735128       -0.48866100649650        0.63628437251837
C           -1.48173630313019        0.32002909737174       -0.05967601278405
C           -1.73285943279414       -0.15004550181887       -1.48246364064251
C           -2.64684103030825       -0.00642544318762        0.86054779140519
H            1.72259132512359        1.73604097908960        1.42996060741458
H            2.75815274810855        0.30804762274165        1.40189861908738
H            3.06612931271650        1.64304181385460        0.28187751939268
H            0.87213672644929        1.18796418641476       -0.83451464989474
H            1.45272193465774       -1.00498408849470       -1.86532369156001
H            2.60104166484376       -1.31870761459680       -0.56447407699132
H            2.89900197198469        0.00157569745759       -1.70429185667350
H           -1.27823272651135        1.39439761128261       -0.03740558063932
H           -2.62399761406545        0.33228582378991       -1.87873719447296
H           -0.89317371056799        0.09268465353017       -2.13019215295872
H           -1.88100237832873       -1.22761461005433       -1.49606255734538
H           -3.54742447550098        0.49061618925463        0.50782997785503
H           -2.43453340562020        0.32341926217950        1.87454629805778
H           -2.82018137200179       -1.07997050550814        0.87768909262036
21
 energy: -23.235540439758 gnorm: 0.000120087942 xtb: 6.7.1 (edcfbbe)
C            2.28464382215874        1.07213411539748        0.78234508898082
C            1.37681755357378        0.41721172396010       -0.24632616574338
C            2.13469662626209       -0.53900360535100       -1.15280184650525
S            0.02643286830117       -0.49395342636885        0.63182930060584
C           -1.48120325219147        0.31949676328724       -0.05913181815135
C           -1.73514290188036       -0.14574560447421       -1.48302302392843
C           -2.64560314057238       -0.00806199124934        0.86158547590089
H            1.71415851690247        1.73759947999215        1.42605626011384
H            2.75447133886656        0.31294605405531        1.40345191338638
H            3.06082372583993        1.64670877051797        0.28151545463509
H            0.87162807800799        1.18228116114219       -0.83986860903251
H            1.46093489491241       -1.01167118114148       -1.86360369473097
H            2.60785658961791       -1.31829815180869       -0.55979573915925
H            2.90352785395265        0.00014489560363       -1.70230053313116
H           -1.27586102486293        1.39344364326364       -0.03369393075897
H           -2.62639938928655        0.33876375802782       -1.87633142768727
H           -0.89626212779969        0.09813750694255       -2.13131324566268
H           -1.88439756597423       -1.22308451031394       -1.49990688017462
H           -3.54637125163983        0.48978511391907        0.51045330093992
H           -2.43226500163595        0.32018100177748        1.87586922182467
H           -2.81926519055486       -1.08158385984280        0.87728267762028
21
 energy: -23.235541953374 gnorm: 0.000086250401 xtb: 6.7.1 (edcfbbe)
C            2.27980469828565        1.07453026133538        0.78099446868952
C            1.37712808367699        0.41422525058758       -0.24874391164923
C            2.14067623088832       -0.54188200461307       -1.15054167445783
S            0.02655698214260       -0.49948906729980        0.62668588624411
C           -1.48097004940693        0.31899438177954       -0.05882284034739
C           -1.73799773154814       -0.14093375220863       -1.48387303837858
C           -2.64419385338102       -0.01006156807808        0.86283654351254
H            1.70531815451873        1.73957852110486        1.42157869872366
H            2.75033203020433        0.31830018668784        1.40516253345226
H            3.05556410184153        1.65057071788025        0.28113508256343
H            0.87158628181602        1.17619120493635       -0.84591377246973
H            1.47021505445193       -1.01911500823355       -1.86141541322297
H            2.61529207971097       -1.31762039291305       -0.55404064370194
H            2.90883887977842       -0.00160197255810       -1.69986015282237
H           -1.27382295417412        1.39249233414677       -0.02993240080349
H           -2.62933644920177        0.34620416283168       -1.87375213177184
H           -0.89998948009615        0.10390779190147       -2.13293043789435
H           -1.88886555986699       -1.21796645792374       -1.50410302323470
H           -3.54527683390867        0.48868407239326        0.51379983614570
H           -2.42956028031874        0.31600782965438        1.87755789065035
H           -2.81807836341553       -1.08358483407506        0.87647028011473
21
 energy: -23.235543079606 gnorm: 0.000073857415 xtb: 6.7.1 (edcfbbe)
C            2.27528538273698        1.07679329000660        0.77975317275623
C            1.37758054351828        0.41169349675469       -0.25121157873039
C            2.14639645866261       -0.54454919482432       -1.14837779021613
S            0.02687267265224       -0.50406158042888        0.62195337824153
C           -1.48075442947046        0.31862347451441       -0.05852461037180
C           -1.74089663420511       -0.13649055373802       -1.48455885031067
C           -2.64290313034329       -0.01212811950815        0.86389245536451
H            1.69719321943094        1.74169655387539        1.41725249138109
H            2.74624256601138        0.32328154832334        1.40689511813119
H            3.05080958101368        1.65391395855344        0.28077430315000
H            0.87172905850951        1.17077001657526       -0.85174779937569
H            1.47902913305181       -1.02588892193919       -1.85937088817727
H            2.62198248301516       -1.31706804962674       -0.54847073489026
H            2.91418673335412       -0.00346830031383       -1.69743213939474
H           -1.27211409177733        1.39172669149778       -0.02651763129373
H           -2.63194997650543        0.35352170188701       -1.87153708440483
H           -0.90346989168564        0.10870636942450       -2.13422104261033
H           -1.89383685369416       -1.21317284254470       -1.50788688422969
H           -3.54432134129446        0.48778968831746        0.51735368907222
H           -2.42667412119113        0.31138093688718        1.87908730924344
H           -2.81716633979228       -1.08563850635699        0.87518689600721
21
 energy: -23.235543883861 gnorm: 0.000070611400 xtb: 6.7.1 (edcfbbe)
C            2.27165998000920        1.07877959325265        0.77862952815399
C            1.37786476268408        0.40973564868841       -0.25315810442145
C            2.15088998670727       -0.54666217559379       -1.14650901819252
S            0.02702697237501       -0.50792436143105        0.61791147117010
C           -1.48062902157485        0.31827586682616       -0.05836052394399
C           -1.74316024884682       -0.13293918281736       -1.48517371873790
C           -2.64174880220476       -0.01387719221756        0.86486054377001
H            1.69066383170009        1.74369179404517        1.41346070812796
H            2.74262150374291        0.32744449430791        1.40836168486048
H            3.04723350452153        1.65657343194027        0.28046243979475
H            0.87190110956930        1.16648052461533       -0.85649961652462
H            1.48618454251759       -1.03111496177899       -1.85786003390136
H            2.62698844009524       -1.31671436137009       -0.54386780791968
H            2.91861370959470       -0.00501915780807       -1.69507305762457
H           -1.27087438207294        1.39107268968333       -0.02386470091838
H           -2.63361399464144        0.35983547225267       -1.86997205642324
H           -0.90598329798110        0.11192088680081       -2.13526729553981
H           -1.89843279237693       -1.20920503970430       -1.51082547026778
H           -3.54330900990824        0.48743848843566        0.52074591008992
H           -2.42399311558744        0.30694453429779        1.88058081533267
H           -2.81668265632499       -1.08730533508870        0.87371008245731
21
 energy: -23.235544569230 gnorm: 0.000061815934 xtb: 6.7.1 (edcfbbe)
C            2.26834473312165        1.08052593988408        0.77766068200750
C            1.37810990135588        0.40799347586912       -0.25492704607153
C            2.15484433659363       -0.54840756928119       -1.14502266189137
S            0.02727839224251       -0.51121122593067        0.61455102048415
C           -1.48041691973352        0.31785427673462       -0.05813402770347
C           -1.74510640179872       -0.12996137777441       -1.48561050544713
C           -2.64073880204325       -0.01540352049415        0.86568475691361
H            1.68481727333600        1.74563232502188        1.40996864799411
H            2.73923152808749        0.33117805111185        1.40981968978308
H            3.04402044752966        1.65875876523834        0.28016258443824
H            0.87196062194628        1.16265148253784       -0.86069363581930
H            1.49246315674492       -1.03528596437181       -1.85687682102615
H            2.63104135134425       -1.31652754184639       -0.54000510790861
H            2.92274613925653       -0.00631038464226       -1.69289948895860
H           -1.26965921640912        1.39037221769405       -0.02149436184823
H           -2.63466812042168        0.36569404843993       -1.86880366860240
H           -0.90779991680280        0.11410606800086       -2.13585002708214
H           -1.90294266798574       -1.20580760076816       -1.51319843327097
H           -3.54225600743590        0.48763461813993        0.52397887447565
H           -2.42136662649473        0.30263517926455        1.88193015851408
H           -2.81668218043594       -1.08868960549179        0.87205115036137
21
 energy: -23.235545099852 gnorm: 0.000054167216 xtb: 6.7.1 (edcfbbe)
C            2.26576960746775        1.08184327176557        0.77689374892663
C            1.37819722910355        0.40669330559512       -0.25625099616084
C            2.15773295577400       -0.54963105332437       -1.14397116241540
S            0.02748936977194       -0.51388187706972        0.61196467012069
C           -1.48018355461415        0.31747004789955       -0.05789023991018
C           -1.74637686149210       -0.12787781629913       -1.48585889076622
C           -2.63996786652725       -0.01646427107984        0.86636344511467
H            1.68029186200513        1.74714751710816        1.40718518358267
H            2.73644941009057        0.33400420577241        1.41098232014856
H            3.04160844167757        1.66032828928851        0.27993357819759
H            0.87182229610239        1.15980610241882       -0.86373251908752
H            1.49714416363066       -1.03802325065635       -1.85644340100805
H            2.63385001598521       -1.31656236003446       -0.53739272980557
H            2.92588053461143       -0.00713086641725       -1.69109119006740
H           -1.26855803773268        1.38976052583288       -0.01968331181734
H           -2.63500233044892        0.37018813749607       -1.86805285774716
H           -0.90880701090101        0.11521062245113       -2.13613694417711
H           -1.90651492246349       -1.20334111838037       -1.51484893968157
H           -3.54126924675419        0.48826242763268        0.52660597455532
H           -2.41925260498381        0.29919560962811        1.88305138419620
H           -2.81708242830523       -1.08956579229126        0.87066465714393
21
 energy: -23.235545555674 gnorm: 0.000042081343 xtb: 6.7.1 (edcfbbe)
C            2.26346503378659        1.08293648787064        0.77630598368463
C            1.37823571522585        0.40548415594999       -0.25734020242351
C            2.16012241796174       -0.55057819919343       -1.14324725898810
S            0.02772772201230       -0.51636433493362        0.60982689326534
C           -1.47986639809038        0.31699399669930       -0.05765104078122
C           -1.74740039095343       -0.12621284121608       -1.48603666752214
C           -2.63926464717147       -0.01722239146844        0.86696578664900
H            1.67630069094648        1.74842512561345        1.40483508800153
H            2.73395610681944        0.33641764327412        1.41207891028360
H            3.03945218117019        1.66163271884026        0.27982488265780
H            0.87161586588244        1.15725911786737       -0.86626514012304
H            1.50110007657477       -1.04010228939649       -1.85640965025877
H            2.63607710550171       -1.31662371277552       -0.53542934759124
H            2.92855902482640       -0.00764266554153       -1.68952531047212
H           -1.26742552397545        1.38906982324698       -0.01815527852854
H           -2.63513332974663        0.37400088244938       -1.86748602968334
H           -0.90948994096102        0.11588361893487       -2.13626021213172
H           -1.90959154955298       -1.20132689342298       -1.51612198544488
H           -3.54025177434629        0.48916875549946        0.52887018275886
H           -2.41733515681288        0.29634548179461        1.88403220487114
H           -2.81763220710001       -1.09011282275614        0.86947997111863
21
 energy: -23.235545901104 gnorm: 0.000034888786 xtb: 6.7.1 (edcfbbe)
C            2.26169668126207        1.08362606915087        0.77591801349694
C            1.37823036887272        0.40457401603521       -0.25817079238901
C            2.16195076652842       -0.55119358928113       -1.14277873091892
S            0.02789089615274       -0.51832809254426        0.60811072562409
C           -1.47961161888274        0.31664116935543       -0.05748742021511
C           -1.74814272127033       -0.12512504753536       -1.48613448899737
C           -2.63872781933692       -0.01763232204584        0.86745506455090
H            1.67320062097731        1.74914809235286        1.40317122879290
H            2.73207420273596        0.33805888572008        1.41288799861566
H            3.03776077672031        1.66258401469038        0.27986502116631
H            0.87137368537419        1.15540361163429       -0.86805953721748
H            1.50408787151366       -1.04140164297400       -1.85654488050993
H            2.63777528657171       -1.31671190732399       -0.53418813206262
H            2.93059439965182       -0.00784011007237       -1.68834593728395
H           -1.26640194361560        1.38853136243597       -0.01710913124745
H           -2.63520477476024        0.37668899759505       -1.86702945022438
H           -0.90999592478540        0.11619710781407       -2.13636361272422
H           -1.91189926855533       -1.19998901909757       -1.51699898544619
H           -3.53942017667220        0.49008740280219        0.53057227651513
H           -2.41583416217021        0.29445342639188        1.88476405751689
H           -2.81817612431458       -1.09034076776754        0.86875849229970
21
 energy: -23.235546115946 gnorm: 0.000033248761 xtb: 6.7.1 (edcfbbe)
C            2.26068409822615        1.08391459343573        0.77580442949758
C            1.37823571685475        0.40403894152006       -0.25859934998725
C            2.16295752384855       -0.55143686786295       -1.14262451559496
S            0.02800328028046       -0.51955059404685        0.60710084233709
C           -1.47941600933121        0.31637929216989       -0.05744591053329
C           -1.74861881264064       -0.12464772557706       -1.48619862954168
C           -2.63837879107766       -0.01768154852299        0.86775605655578
H            1.67143108008087        1.74933377792671        1.40244962500437
H            2.73102552308237        0.33880981657151        1.41332701137214
H            3.03676196744390        1.66311617056732        0.28005962673347
H            0.87124928104978        1.15439648059711       -0.86895457171700
H            1.50577264075446       -1.04194088231604       -1.85681725786197
H            2.63870273563241       -1.31673721873347       -0.53370323933226
H            2.93172855537622       -0.00776734780876       -1.68769185584404
H           -1.26569458136678        1.38814837695979       -0.01668567625692
H           -2.63533762818918        0.37798897960199       -1.86678470914595
H           -0.91038021075121        0.11619372072198       -2.13649619059381
H           -1.91321139284883       -1.19936832731102       -1.51739371371980
H           -3.53886619414211        0.49081974126768        0.53151480172684
H           -2.41489052439234        0.29368671077792        1.88515072619603
H           -2.81853723589258       -1.09026443260234        0.86852428004753
21
 energy: -23.235546278060 gnorm: 0.000032469368 xtb: 6.7.1 (edcfbbe)
C            2.26005577128842        1.08398170204988        0.77582127675318
C            1.37824895827119        0.40369978528416       -0.25885954402139
C            2.16363481058426       -0.55150071885533       -1.14258897742242
S            0.02805567832238       -0.52038658004865        0.60637280628313
C           -1.47929300025913        0.31620514917722       -0.05749040868415
C           -1.74901121668837       -0.12447341955396       -1.48625305829387
C           -2.63813089028335       -0.01757077154575        0.86796324767116
H            1.67030374213920        1.74921822600790        1.40219294146470
H            2.73045503101844        0.33911249386542        1.41357749477416
H            3.03608750431088        1.66346151760654        0.28032991926972
H            0.87118800948219        1.15381080719500       -0.86945551139124
H            1.50688273068019       -1.04212741669125       -1.85709756314372
H            2.63932802236973       -1.31671431396087       -0.53351600651964
H            2.93248783899283       -0.00757697261186       -1.68728625102013
H           -1.26516117151568        1.38788535549405       -0.01657768399151
H           -2.63555336257629        0.37865917383421       -1.86659603772175
H           -0.91076631597419        0.11604422496790       -2.13666375970124
H           -1.91412371763635       -1.19911113116053       -1.51757562352088
H           -3.53847892744740        0.49142795064849        0.53209953858892
H           -2.41420838950887        0.29345585582648        1.88536734339490
H           -2.81878008357270       -1.09006926019283        0.86852763657398
21
 energy: -23.235546419740 gnorm: 0.000032047004 xtb: 6.7.1 (edcfbbe)
C            2.25962443055453        1.08393784245859        0.77592041915277
C            1.37828525689206        0.40346815217541       -0.25903006952120
C            2.16414539514673       -0.55147349014042       -1.14261592901437
S            0.02809446558160       -0.52102709640158        0.60577280672378
C           -1.47920024985732        0.31606268808924       -0.05759057184463
C           -1.74939047839345       -0.12445419893291       -1.48631557686304
C           -2.63792284876537       -0.01736048158814        0.86813200793844
H            1.66950620009560        1.74890002534358        1.40223851204397
H            2.73012947819399        0.33915396019460        1.41369502538089
H            3.03556934974524        1.66374057111828        0.28067006702039
H            0.87118759163855        1.15346780078064       -0.86973131240971
H            1.50771558586325       -1.04213816717614       -1.85739409233789
H            2.63980776703403       -1.31666965700981       -0.53349660675364
H            2.93305282791740       -0.00731748428462       -1.68700153093870
H           -1.26470783967331        1.38766855371144       -0.01667508979502
H           -2.63584806906408        0.37897580473402       -1.86645496320277
H           -0.91119734057984        0.11580361679833       -2.13689022315271
H           -1.91485579041140       -1.19903589124713       -1.51763823322793
H           -3.53816855945077        0.49197565502945        0.53250938845668
H           -2.41364579715240        0.29354629731448        1.88549405749053
H           -2.81896035331766       -1.08979284363110        0.86869369419608
21
 energy: -23.235546567180 gnorm: 0.000030377538 xtb: 6.7.1 (edcfbbe)
C            2.25926174992650        1.08380159274566        0.77608744821504
C            1.37833511295486        0.40326766323400       -0.25917119424348
C            2.16463392367188       -0.55137386031161       -1.14268462073527
S            0.02810946681572       -0.52163935600587        0.60514877228327
C           -1.47912495358581        0.31593877288734       -0.05774979430188
C           -1.74982634253984       -0.12454110615057       -1.48638863957597
C           -2.63770845450244       -0.01705487835927        0.86829543358599
H            1.66879801000140        1.74839192351140        1.40247603935665
H            2.72994400336724        0.33903474832063        1.41375531581347
H            3.03506880344123        1.66402075723462        0.28110924203795
H            0.87123074040622        1.15321492329000       -0.86993171289532
H            1.50849975399683       -1.04203729472696       -1.85773428522861
H            2.64026564005350       -1.31658126319472       -0.53355554239223
H            2.93359591503913       -0.00697625771704       -1.68675142537581
H           -1.26426002606255        1.38747168535394       -0.01691184981112
H           -2.63623429028342        0.37914202503279       -1.86631028964209
H           -0.91172257456209        0.11544989176494       -2.13717529218920
H           -1.91561327162217       -1.19907593634605       -1.51764201578220
H           -3.53787404736243        0.49255488896391        0.53286975280870
H           -2.41306249722815        0.29385013244125        1.88557694974956
H           -2.81909563992827       -1.08942739463221        0.86897948766447
21
 energy: -23.235546734806 gnorm: 0.000028420949 xtb: 6.7.1 (edcfbbe)
C            2.25887794909152        1.08359575537824        0.77633420823990
C            1.37841444915057        0.40306943206189       -0.25932531039276
C            2.16518635793470       -0.55122717100507       -1.14279445270579
S            0.02813365975968       -0.52229185306513        0.60442972555511
C           -1.47904552901995        0.31579322073472       -0.05797564470780
C           -1.75037720637612       -0.12469346616839       -1.48649637127692
C           -2.63744677292318       -0.01664645415682        0.86849540246107
H            1.66803377711629        1.74769094050806        1.40289341070982
H            2.72977345256091        0.33878150574256        1.41378872106828
H            3.03451798622360        1.66433518978426        0.28170415712396
H            0.87131771096043        1.15301324713512       -0.87009787333310
H            1.50938071477645       -1.04186311581566       -1.85816459996275
H            2.64079485129982       -1.31647344661152       -0.53369489947677
H            2.93420253993188       -0.00654120418533       -1.68649521416433
H           -1.26375096570886        1.38724343295835       -0.01730560149316
H           -2.63675171084760        0.37923374969123       -1.86617528259687
H           -0.91239641334948        0.11496280870533       -2.13756785993028
H           -1.91651797813076       -1.19917749638940       -1.51759996412727
H           -3.53754059840090        0.49322336724259        0.53326943330459
H           -2.41237119011570        0.29435867940403        1.88565252697676
H           -2.81921406193594       -1.08895546461285        0.86941726807021
21
 energy: -23.235546901314 gnorm: 0.000026725158 xtb: 6.7.1 (edcfbbe)
C            2.25850865561230        1.08332731244361        0.77662710295190
C            1.37850264753952        0.40287185002956       -0.25947010819472
C            2.16575433173182       -0.55102242378566       -1.14293706130270
S            0.02813516318811       -0.52298662490255        0.60362738173667
C           -1.47897264315165        0.31566261605329       -0.05824469990953
C           -1.75098354708448       -0.12492070040096       -1.48660594559562
C           -2.63716296664260       -0.01616895762755        0.86870350066568
H            1.66726203514116        1.74687721526583        1.40338807324531
H            2.72962279577910        0.33842988229749        1.41382860540180
H            3.03397257306990        1.66463842925864        0.28239467795183
H            0.87144365518083        1.15284019979041       -0.87024530315360
H            1.51027701322224       -1.04159589190306       -1.85865083158647
H            2.64132284580300       -1.31633116995422       -0.53388492657151
H            2.93483670354103       -0.00602643613396       -1.68623560016588
H           -1.26321711003432        1.38702810427182       -0.01778929620106
H           -2.63731157279025        0.37927755445718       -1.86603675983036
H           -0.91313488824824        0.11435668848409       -2.13798716760199
H           -1.91751818707739       -1.19935259578559       -1.51752344329497
H           -3.53719774150561        0.49393880350547        0.53367623001818
H           -2.41161214028159        0.29500133628390        1.88570532238551
H           -2.81930660099550       -1.08841353431154        0.86995202839343
21
 energy: -23.235546902349 gnorm: 0.000026020030 xtb: 6.7.1 (edcfbbe)
C            2.25850531066594        1.08332740481747        0.77662920673528
C            1.37850246288297        0.40287043981761       -0.25947226661893
C            2.16575919984029       -0.55102299560423       -1.14293767138226
S            0.02813652503846       -0.52298901822950        0.60362351901010
C           -1.47897188943524        0.31565919259001       -0.05824526874722
C           -1.75098798813011       -0.12491904339839       -1.48660847234292
C           -2.63716083305704       -0.01616587234323        0.86870497677503
H            1.66725685600232        1.74687537042551        1.40338905347849
H            2.72961997941775        0.33842905611791        1.41383068578569
H            3.03396944927401        1.66463882893518        0.28239841306114
H            0.87144354745852        1.15283964292580       -0.87024747123723
H            1.51028363343706       -1.04159656551809       -1.85865332380219
H            2.64132777132009       -1.31633145228658       -0.53388479788603
H            2.93484072121764       -0.00602496950212       -1.68623378926561
H           -1.26321486939641        1.38702658807986       -0.01779138685542
H           -2.63731533714954        0.37927930170828       -1.86603659653791
H           -0.91313922426001        0.11435469453512       -2.13799002451953
H           -1.91752399271345       -1.19935136343603       -1.51752334219071
H           -3.53719636496272        0.49394180443419        0.53367920786199
H           -2.41160761275048        0.29500354314304        1.88570723800003
H           -2.81930632270269       -1.08841292987561        0.86995389002014
