20
 energy: -27.121326717535 gnorm: 0.035329504879 xtb: 6.7.1 (edcfbbe)
C           -3.32496724824061       -1.08685671541244        0.10960348552285
C           -1.87519909716869       -0.73449110486062        0.42138415497826
C           -1.34926210927471        0.36287568716621       -0.52302276351266
C            0.06971912013504        0.69821825051371       -0.17483340236310
O            0.40293506608307        1.54393715470289        0.64103223765346
O            0.94573652626858       -0.08478375107342       -0.83540226256351
C            2.36013757277185        0.05042926375484       -0.48310434990535
C            2.68074511141057       -0.74238596054090        0.76291228629959
H           -3.69073382269114       -1.86557527565216        0.78606127816748
H           -3.97382962180974       -0.21134369894646        0.21966589940620
H           -3.42661943072445       -1.45550937766975       -0.91675409104534
H           -1.24294387172313       -1.62460687291570        0.32407660803717
H           -1.78664081843516       -0.38662957608071        1.45709043175608
H           -1.95118998666407        1.26876057925330       -0.40941926001271
H           -1.41035648349477        0.01848562770362       -1.55933731632537
H            2.88607227070927       -0.34384715129835       -1.35453137081456
H            2.59599149923955        1.11160581530126       -0.37108959003670
H            3.75409390850682       -0.67070620901067        0.96546429934029
H            2.14156352601422       -0.35628179448077        1.63219271803545
H            2.42729270606827       -1.79776058087186        0.62655928654853
20
 energy: -27.122482237607 gnorm: 0.014537172051 xtb: 6.7.1 (edcfbbe)
C           -3.32057986672939       -1.08305221735695        0.10679209768183
C           -1.87361205224230       -0.73216052313126        0.41964735287687
C           -1.34921407286904        0.36199169512806       -0.52440728667785
C            0.07089518963402        0.68721033463956       -0.16339577091844
O            0.40314736425618        1.53618362415001        0.63786328719895
O            0.94206378515905       -0.08472586946021       -0.81983861586042
C            2.34826490201680        0.04565568912655       -0.48491047222910
C            2.68623350954010       -0.74378928530316        0.76274554746992
H           -3.67607603172305       -1.85741504522095        0.78425049735019
H           -3.96169153542343       -0.20981404949661        0.21879440794486
H           -3.41579494023705       -1.45029549896656       -0.91403626964926
H           -1.24583605708517       -1.62101780571467        0.31716086574016
H           -1.79072105011489       -0.38058303841009        1.45162305569373
H           -1.95231496203367        1.26462950359173       -0.41108466073746
H           -1.39518696349265        0.01038224308059       -1.55588585696568
H            2.86762266550505       -0.34597571840150       -1.36083502492059
H            2.57243322693423        1.10798391570572       -0.35753814763963
H            3.75365385584562       -0.66811020693452        0.96147384869336
H            2.14373808762446       -0.35146512299981        1.62157683429022
H            2.42551976241588       -1.79209831444390        0.62855258982443
20
 energy: -27.122710923405 gnorm: 0.004922557968 xtb: 6.7.1 (edcfbbe)
C           -3.31815056179865       -1.08234949932030        0.10581083057080
C           -1.87026600152311       -0.73134048849595        0.41781285047797
C           -1.34805763357470        0.36205916480017       -0.52674907005072
C            0.07297804510628        0.69100752285143       -0.16369697418702
O            0.40354362817088        1.53420655489740        0.64191207993155
O            0.93739749952344       -0.08588637377987       -0.80636270469391
C            2.33629036520307        0.04261834394289       -0.48571638176763
C            2.68814415652580       -0.74656831066311        0.76357883567370
H           -3.66913925698148       -1.85471541736881        0.78359727774166
H           -3.95451626373494       -0.20936909671944        0.21852656841764
H           -3.40984757431499       -1.44781727179877       -0.91276383372295
H           -1.24449426060827       -1.61919967062744        0.31301523703656
H           -1.78896877050327       -0.37763051119630        1.44755763682239
H           -1.95312473810239        1.26133666083630       -0.41426465227684
H           -1.38393094810503        0.00661522687266       -1.55538102975711
H            2.85098763597736       -0.34722167746798       -1.36407595335428
H            2.55960944466832        1.10477731585428       -0.34940295617808
H            3.75301970954392       -0.66697771313446        0.95371295659661
H            2.14736497848623       -0.34808896566297        1.61855213946080
H            2.42370536302231       -1.79192148423769        0.63288542242493
20
 energy: -27.122740835719 gnorm: 0.001690999689 xtb: 6.7.1 (edcfbbe)
C           -3.31844374673103       -1.08216512766948        0.10522841423535
C           -1.86992908206477       -0.73042525780631        0.41765254042245
C           -1.34868221578093        0.36232070430400       -0.52818861676911
C            0.07211027341280        0.68925989442636       -0.15869780887146
O            0.40118606849297        1.53903807015177        0.64262574596065
O            0.93508357289796       -0.08861620203538       -0.79934958433177
C            2.33266567316570        0.04230531768049       -0.48592833347790
C            2.69007005634369       -0.74781668042898        0.76332495029148
H           -3.66891822721507       -1.85474580116456        0.78334840722613
H           -3.95474652579325       -0.20882696335408        0.21787306415623
H           -3.40941448986385       -1.44771221027874       -0.91366979791613
H           -1.24389016445131       -1.61817673472499        0.31340848402173
H           -1.78826071764411       -0.37610747573671        1.44715028464359
H           -1.95441321691464        1.26145285247476       -0.41994111126145
H           -1.37950272681316        0.00444195713573       -1.55615254107711
H            2.84658485624698       -0.34586979446542       -1.36525152424866
H            2.55838801127875        1.10392656186290       -0.34735091974245
H            3.75567599543421       -0.66734597964657        0.94828200716353
H            2.15218551979220       -0.34808754344423        1.61988813900004
H            2.42479590318764       -1.79331527769854        0.63429647974090
20
 energy: -27.122752062931 gnorm: 0.001729519558 xtb: 6.7.1 (edcfbbe)
C           -3.31939024693432       -1.08283595589501        0.10522072439469
C           -1.87049076709437       -0.72938455061641        0.41713812395587
C           -1.34970237475660        0.36310191764272       -0.52943761773847
C            0.07049814756250        0.69368039426014       -0.15900285589797
O            0.39680677091363        1.54731898392336        0.64101062263074
O            0.93288550910562       -0.09017509220526       -0.79273636656353
C            2.32980146142287        0.04155055103594       -0.48408514350212
C            2.69402573018220       -0.75002166253829        0.76365909767860
H           -3.67008837780483       -1.85622278180334        0.78324457578423
H           -3.95683087731686       -0.20948290858131        0.21771553236976
H           -3.41016951980091       -1.44840682156298       -0.91442130373049
H           -1.24351547818817       -1.61693855962159        0.31363133420399
H           -1.78841995840747       -0.37473913660370        1.44677360502824
H           -1.95794333475838        1.26104341000965       -0.42556392182784
H           -1.37687174338863        0.00326361691685       -1.55692778747182
H            2.84313626263609       -0.34457465203380       -1.36473962114441
H            2.55863353083409        1.10252670892769       -0.34461395105993
H            3.76137912806983       -0.67021808576684        0.94198554730120
H            2.16126923890292       -0.35014900367957        1.62391475001284
H            2.42753171580155       -1.79580206222621        0.63578293474246
20
 energy: -27.122757838569 gnorm: 0.000928621096 xtb: 6.7.1 (edcfbbe)
C           -3.31993669833279       -1.08279921138787        0.10504694091823
C           -1.87153988056763       -0.72882789536084        0.41706306243463
C           -1.35043504187035        0.36297685527573       -0.52998428471711
C            0.06930994342581        0.69507969849816       -0.15924700878683
O            0.39464846416629        1.55213618153709        0.63692092073845
O            0.93253039512641       -0.09108650802789       -0.78961762878581
C            2.32982701641008        0.04168474357638       -0.48197797242440
C            2.69671640155829       -0.75124574057714        0.76369052478196
H           -3.67038069347727       -1.85632091593680        0.78302488420540
H           -3.95827980725197       -0.21008922399514        0.21742315960620
H           -3.41087605171165       -1.44867444833606       -0.91447788252989
H           -1.24426488315658       -1.61633281334286        0.31430019374536
H           -1.78987964188115       -0.37362822512747        1.44661912619336
H           -1.95958658820115        1.26059269053574       -0.42782913608348
H           -1.37701264258712        0.00209262511945       -1.55723416329368
H            2.84247667034865       -0.34298446285532       -1.36393910335818
H            2.55753196007020        1.10288042253863       -0.34210009530599
H            3.76472241005628       -0.67240996917049        0.93888518646631
H            2.16717919657519       -0.35263072816147        1.62643700893365
H            2.42979428828124       -1.79687876521980        0.63554454642785
20
 energy: -27.122766758830 gnorm: 0.000639567429 xtb: 6.7.1 (edcfbbe)
C           -3.32155944851801       -1.08286490217758        0.10439821534590
C           -1.87414337932089       -0.72746423398808        0.41699662938255
C           -1.35243238781379        0.36227133649281       -0.53182221592873
C            0.06630683524178        0.69883119419267       -0.16076898193902
O            0.39024098458065        1.56632362275810        0.62383001274763
O            0.93072765016473       -0.09566788892351       -0.77945322822689
C            2.32868378015986        0.04197231526144       -0.47571815780122
C            2.70476413139100       -0.75507320086310        0.76383892249338
H           -3.67123211833470       -1.85646202194506        0.78245208861754
H           -3.96108968572195       -0.21118066533239        0.21624630319387
H           -3.41184570062378       -1.44918705303557       -0.91482528298834
H           -1.24632512727723       -1.61477619098605        0.31681630983782
H           -1.79402059916621       -0.36987407194220        1.44580938125836
H           -1.96317795647262        1.25929723663821       -0.43373637869496
H           -1.37701493655153       -0.00186087277885       -1.55802453722379
H            2.83943828208872       -0.33676809966253       -1.36164581040335
H            2.55135654008986        1.10387461769888       -0.33249013060690
H            3.77439983182237       -0.67829659163355        0.92964922492544
H            2.18360377117973       -0.35970960697066        1.63299464375671
H            2.43586435006279       -1.79985061322096        0.63400127142005
20
 energy: -27.122769375877 gnorm: 0.000460494149 xtb: 6.7.1 (edcfbbe)
C           -3.32237211930227       -1.08298626280919        0.10405621740299
C           -1.87509752092356       -0.72684119644877        0.41750630848211
C           -1.35341022532933        0.36189607818314       -0.53251629352632
C            0.06511054455855        0.70010098733239       -0.16233128847984
O            0.38905472118830        1.57360786070427        0.61562467538890
O            0.92988279375562       -0.09920407885735       -0.77437908600871
C            2.32825407488273        0.04241560940100       -0.47280994002936
C            2.70835711310036       -0.75725910693225        0.76374830555009
H           -3.67223227336301       -1.85653265726234        0.78209146960707
H           -3.96230161482088       -0.21146518720082        0.21523490693593
H           -3.41186217697791       -1.44964035745506       -0.91515036016395
H           -1.24683210073692       -1.61398704242018        0.31887490184216
H           -1.79597926404405       -0.36791584516427        1.44592171608761
H           -1.96451450501064        1.25885058267581       -0.43584616135252
H           -1.37750871812765       -0.00364986077559       -1.55818437078791
H            2.83891796752619       -0.33193358478519       -1.36056952515959
H            2.54711930888679        1.10467284060294       -0.32689124197790
H            3.77852197533622       -0.68087936805753        0.92585307257651
H            2.19040306863773       -0.36391987155749        1.63569595328249
H            2.43903376774449       -1.80179522959148        0.63261901949629
20
 energy: -27.122770546280 gnorm: 0.000204999199 xtb: 6.7.1 (edcfbbe)
C           -3.32246941721407       -1.08327598411745        0.10399543964811
C           -1.87532387944884       -0.72643719889998        0.41792470324095
C           -1.35392171189430        0.36178471958980       -0.53284790926685
C            0.06469221682949        0.70097450149963       -0.16412111520442
O            0.38892573781827        1.57819014732904        0.60965010946276
O            0.92938826340100       -0.10133309008525       -0.77186066154401
C            2.32772106139900        0.04270041927804       -0.47105429913278
C            2.71010614574164       -0.75889192137609        0.76365000274838
H           -3.67256912575094       -1.85647089168075        0.78229443903973
H           -3.96240410615190       -0.21166553589469        0.21427734249427
H           -3.41107991799686       -1.45043591208769       -0.91508471832272
H           -1.24678034331284       -1.61344084908069        0.32037367186419
H           -1.79701703063752       -0.36657858988762        1.44602453209928
H           -1.96495669071219        1.25874678199031       -0.43629654824496
H           -1.37861212827591       -0.00448978421260       -1.55821486636044
H            2.83893563828955       -0.32816912915126       -1.35982865673797
H            2.54390987015926        1.10505128204776       -0.32241380380925
H            3.78035717123206       -0.68211929712236        0.92477815590733
H            2.19256105071296       -0.36735272238567        1.63660473504925
H            2.44108201279291       -1.80325263617045        0.63069772623524
20
 energy: -27.122771057726 gnorm: 0.000133566977 xtb: 6.7.1 (edcfbbe)
C           -3.32206013765948       -1.08360729539727        0.10406375304829
C           -1.87504472199141       -0.72610065143564        0.41827064495650
C           -1.35418655202590        0.36196203862224       -0.53299495461647
C            0.06457164946813        0.70160036941310       -0.16527200712905
O            0.38883147815035        1.58089085313927        0.60630977712985
O            0.92924625149011       -0.10223417418871       -0.77080085484141
C            2.32747616237138        0.04300988021795       -0.47026980327783
C            2.71017592560945       -0.76008944437404        0.76345831159405
H           -3.67220544119674       -1.85637825009981        0.78282147864359
H           -3.96223132450298       -0.21204514566428        0.21346686274528
H           -3.41020729097931       -1.45154497612802       -0.91478405559533
H           -1.24606735006311       -1.61284188642429        0.32123060979240
H           -1.79711932179555       -0.36574333514655        1.44621840037487
H           -1.96514103015955        1.25896540927055       -0.43621162783221
H           -1.37954867209572       -0.00453472504226       -1.55829053534373
H            2.83922100251109       -0.32594721047772       -1.35948091342029
H            2.54246538069940        1.10534194835448       -0.31994543541149
H            3.78025616160885       -0.68233598759345        0.92513198328070
H            2.19179171766143       -0.37027653253420        1.63672616118628
H            2.44232092988033       -1.80455657492931        0.62890048388204
20
 energy: -27.122771533366 gnorm: 0.000211739281 xtb: 6.7.1 (edcfbbe)
C           -3.32135691355299       -1.08419467471124        0.10433794056679
C           -1.87456162844222       -0.72561229898693        0.41844036609143
C           -1.35449097049190        0.36250440120904       -0.53320227319833
C            0.06439919122418        0.70264722243311       -0.16646554258747
O            0.38861223902067        1.58360457503192        0.60331830171859
O            0.92900512410966       -0.10243696293407       -0.77024593427593
C            2.32711710821264        0.04318950118712       -0.46952454886855
C            2.70992479689257       -0.76143235027879        0.76324987203304
H           -3.67141209498608       -1.85635940706204        0.78386372349035
H           -3.96189054951458       -0.21272824598067        0.21256135822850
H           -3.40902548285856       -1.45328056183153       -0.91414981634940
H           -1.24497577408155       -1.61196630286699        0.32179206441919
H           -1.79694414584025       -0.36482758187971        1.44625987921106
H           -1.96548007583253        1.25945155462868       -0.43604978189549
H           -1.38058665841763       -0.00406746653002       -1.55846774457045
H            2.83940794593249       -0.32414441637350       -1.35907269409139
H            2.54151652987973        1.10538651190821       -0.31758333250556
H            3.77968872804881       -0.68218011040081        0.92645259630569
H            2.18973613849630       -0.37394117750663        1.63650932779242
H            2.44386130918201       -1.80607789947312        0.62652451765155
20
 energy: -27.122772026968 gnorm: 0.000209264481 xtb: 6.7.1 (edcfbbe)
C           -3.32032795492998       -1.08491413969411        0.10466584755740
C           -1.87387266038132       -0.72489395917569        0.41854929147375
C           -1.35482792580742        0.36333036733943       -0.53350917262625
C            0.06413095842214        0.70407114731846       -0.16744286894043
O            0.38820275219699        1.58646193967648        0.60075685410749
O            0.92867860590282       -0.10215279117514       -0.76971763448499
C            2.32669262682661        0.04334997334386       -0.46878144537858
C            2.70920045475153       -0.76301633673805        0.76296711296027
H           -3.66995584614625       -1.85627080728876        0.78531720539402
H           -3.96151127855079       -0.21375026011860        0.21146444471068
H           -3.40760604561172       -1.45563788968866       -0.91326102086893
H           -1.24347049815913       -1.61070081928236        0.32217027526049
H           -1.79650022783867       -0.36365571810356        1.44624091836595
H           -1.96609811081803        1.26006612320644       -0.43612584436186
H           -1.38139537090262       -0.00335639909195       -1.55874193898046
H            2.83930618744166       -0.32268959458742       -1.35870937075544
H            2.54093242736398        1.10537840058636       -0.31532954364894
H            3.77850774697017       -0.68161006696934        0.92817310065745
H            2.18666922101947       -0.37847902212061        1.63617197678114
H            2.44578975523135       -1.80799583785477        0.62369009194331
20
 energy: -27.122772344565 gnorm: 0.000112163417 xtb: 6.7.1 (edcfbbe)
C           -3.31937805004973       -1.08564007344543        0.10505037486284
C           -1.87324143071676       -0.72416772504699        0.41852947455082
C           -1.35512374438712        0.36422063888063       -0.53385509343293
C            0.06377890070004        0.70553622795512       -0.16807555542549
O            0.38782186461823        1.58867719793501        0.59921347304622
O            0.92827267913719       -0.10146574310805       -0.76950714426710
C            2.32628810054412        0.04342552924548       -0.46815488762319
C            2.70847225307735       -0.76434685320202        0.76271274944179
H           -3.66849317980087       -1.85639184649916        0.78666839232882
H           -3.96126182273003       -0.21483958712692        0.21064593662836
H           -3.40630865484485       -1.45775603261890       -0.91239765946932
H           -1.24205907966445       -1.60945683144606        0.32237584191629
H           -1.79605014422785       -0.36254859044186        1.44610842501347
H           -1.96683396229236        1.26066903296160       -0.43656126825517
H           -1.38171287575533       -0.00265774677434       -1.55901395336515
H            2.83899895148585       -0.32184118877919       -1.35837247674185
H            2.54077584732333        1.10526125044391       -0.31364561052433
H            3.77738347505292       -0.68121967278837        0.92970197975387
H            2.18396075945159       -0.38234048554188        1.63583205806751
H            2.44725493005950       -1.80958319102057        0.62129322266061
20
 energy: -27.122772404554 gnorm: 0.000103066279 xtb: 6.7.1 (edcfbbe)
C           -3.31842814516947       -1.08636600719675        0.10543490216829
C           -1.87261020105221       -0.72344149091830        0.41850965762790
C           -1.35541956296682        0.36511091042183       -0.53420101423962
C            0.06342684297794        0.70700130859177       -0.16870824191055
O            0.38744097703947        1.59089245619354        0.59767009198496
O            0.92786675237155       -0.10077869504096       -0.76929665404921
C            2.32588357426164        0.04350108514710       -0.46752832986780
C            2.70774405140318       -0.76567736966599        0.76245838592330
H           -3.66703051345549       -1.85651288570956        0.78801957926361
H           -3.96101236690926       -0.21592891413525        0.20982742854605
H           -3.40501126407798       -1.45987417554915       -0.91153429806971
H           -1.24064766116977       -1.60821284360977        0.32258140857209
H           -1.79560006061702       -0.36144146278015        1.44597593166100
H           -1.96756981376669        1.26127194271676       -0.43699669214848
H           -1.38203038060803       -0.00195909445674       -1.55928596774984
H            2.83869171553004       -0.32099278297095       -1.35803558272826
H            2.54061926728269        1.10514410030147       -0.31196167739972
H            3.77625920313567       -0.68082927860739        0.93123085885029
H            2.18125229788371       -0.38620194896314        1.63549213935388
H            2.44872010488765       -1.81117054418637        0.61889635337792
