31
 energy: -49.344150156974 gnorm: 0.038764845709 xtb: 6.7.1 (edcfbbe)
C           -3.66453054085044        0.17820300880184        1.88896296641388
C           -3.06677935505616        0.59129923514115        0.54572227957725
H           -3.10118279055006        1.68119523993063        0.44194329512132
C           -1.61838620625762        0.15802202649431        0.39533237947423
C           -1.29257514429635       -1.22322723453794        0.40217431800665
C            0.00782519741961       -1.64435885447128        0.28145196068924
C            1.06612525394730       -0.70765462366409        0.14913308208257
C            2.41196264275398       -1.10703687539693        0.02692008354985
C            3.41333773513274       -0.16369194747185       -0.10135939565230
C            3.10315054055829        1.21673544654088       -0.11267010471895
C            1.79317710557521        1.62094542432656        0.00618362148295
C            0.74142213131298        0.68669142821972        0.13934625009200
C           -0.61154143243147        1.08587388625955        0.26073295735274
O            4.69122780309705       -0.64833698816180       -0.21553443379214
C            5.75998532501216        0.30385990037253       -0.33789344183008
C           -3.86558231299056        0.02270757855799       -0.60833115555591
O           -4.67775915242404       -0.88041167021167       -0.53162249955129
O           -3.55840523697771        0.62794152738566       -1.77848460918357
H           -3.08566092101003        0.62970986066203        2.69882139520930
H           -4.70139768463074        0.51667521103727        1.97114157756344
H           -3.64595940835953       -0.90756370092289        2.01412543380054
H           -2.08780239814875       -1.95722546866377        0.50184681809644
H            0.24370620928041       -2.70470307020154        0.28519378516014
H            2.66673022759852       -2.16271204904901        0.03328977557431
H            3.88428940263275        1.95975458783219       -0.21471358309545
H            1.55542856574010        2.68084982654870       -0.00254139821402
H           -0.84574513795251        2.14743036258308        0.24874027276710
H            5.81395409934581        0.95189756347582        0.54392413513115
H            5.64698514611883        0.91015971313277       -1.24338406892372
H            6.67250432197157       -0.28910449320504       -0.40918179645979
H           -4.07751509797728        0.20772645221978       -2.48618127985730
31
 energy: -49.346053408431 gnorm: 0.017213552578 xtb: 6.7.1 (edcfbbe)
C           -3.65350159803654        0.17977732592003        1.89123201282123
C           -3.05979326093422        0.59323771944801        0.54688105566392
H           -3.09883573062487        1.68198736510786        0.44064976664170
C           -1.61480604839816        0.15678558837603        0.39753295289290
C           -1.28923676944532       -1.21709058598792        0.40082913142892
C            0.00676429893837       -1.63372530156681        0.28055078344131
C            1.06175268904816       -0.70083924737952        0.14897803372665
C            2.40603657834926       -1.09395117267685        0.02660248898558
C            3.40811928225537       -0.15522441872904       -0.10139485142517
C            3.08855473226484        1.21749818450815       -0.11115544857521
C            1.78453718459553        1.61700325126958        0.00697977035748
C            0.73753597478912        0.68442896455695        0.13960966216337
C           -0.61119560313876        1.08007462676073        0.26201082028249
O            4.68470527173002       -0.63707710817733       -0.21457890221715
C            5.75497937171778        0.29621655534740       -0.33721851959978
C           -3.84783787752334        0.01377941995287       -0.60649420111216
O           -4.65396045849035       -0.88528273913648       -0.53146900180123
O           -3.55867941330835        0.61734040578579       -1.76618298361296
H           -3.07945192240909        0.62526701550906        2.70122325147870
H           -4.68726734694916        0.51326738253411        1.96369417581144
H           -3.63974535147085       -0.90198104555938        2.00454082576132
H           -2.08364974072453       -1.94604110286099        0.49245201372079
H            0.24313709961973       -2.68897118437443        0.28328389349832
H            2.66375077227102       -2.14331052834786        0.03259218039607
H            3.86421875404007        1.95961726209875       -0.21155285032244
H            1.54626189406264        2.67170591486157       -0.00122140532283
H           -0.84217245241705        2.13693306809185        0.24910283185763
H            5.81171951515927        0.94136166219934        0.54293540272933
H            5.64528396524891        0.89851654718022       -1.24233497925836
H            6.65644932707308       -0.30900065130900       -0.40689154350387
H           -4.07268424970851        0.20934813016193       -2.48809774659743
31
 energy: -49.346454869820 gnorm: 0.006802548589 xtb: 6.7.1 (edcfbbe)
C           -3.64651334955740        0.17912454950765        1.89337535569869
C           -3.05675836351905        0.59724509409107        0.54833537219671
H           -3.09923633636435        1.68516175263188        0.44175094213190
C           -1.61441433518521        0.15975174134285        0.39733352903667
C           -1.29031622208334       -1.21185877190970        0.39636419162226
C            0.00420386242399       -1.62685361381756        0.27718051708725
C            1.05721719911133       -0.69465447835877        0.14854298276760
C            2.40040863045603       -1.08552707578250        0.02642970103299
C            3.40397303591976       -0.14994747841885       -0.10097519746515
C            3.08054886344284        1.22055326231129       -0.10985554444510
C            1.77919119567998        1.61962304772948        0.00770520622895
C            0.73425822819434        0.68687756151332        0.13972285012259
C           -0.61228764890972        1.08196641724341        0.26300677131230
O            4.67738444359729       -0.63309105920805       -0.21330537770185
C            5.74842748596298        0.28704971272179       -0.33653583308810
C           -3.84363641546505        0.01195404542096       -0.60243808262975
O           -4.63057083017934       -0.90356404266288       -0.52827369607835
O           -3.55737506737466        0.60678576398180       -1.75509959969597
H           -3.07038188797109        0.61925227501885        2.70117417080477
H           -4.67833292108348        0.51197990986513        1.96540165354230
H           -3.63380510299394       -0.90173688331164        1.99646637485167
H           -2.08520128896303       -1.93779334887977        0.48479753397036
H            0.24155389475154       -2.67983120969789        0.27839000537358
H            2.66007932239270       -2.13215334960663        0.03163556764765
H            3.85503046870099        1.96212570703006       -0.20924850318138
H            1.53988330155844        2.67189477062614       -0.00002276057043
H           -0.84052985029545        2.13711177034556        0.25171315492407
H            5.81296015081009        0.93358410200435        0.54117828554904
H            5.64655433410950        0.88949396092006       -1.24166649572401
H            6.64265194953290       -0.32732317921173       -0.40502440181315
H           -4.05397785911546        0.20445035012494       -2.49497005319758
31
 energy: -49.346569226153 gnorm: 0.003164806629 xtb: 6.7.1 (edcfbbe)
C           -3.64414254871570        0.17946328447203        1.89536400343262
C           -3.05721141371992        0.59947174026776        0.54897437553468
H           -3.10316491289570        1.68681687896479        0.44002464449295
C           -1.61546245105718        0.16377494038168        0.39812871907756
C           -1.29266194289286       -1.20826845747635        0.39432422880798
C            0.00172260405557       -1.62344466907488        0.27467267690837
C            1.05405821936234       -0.69045611323182        0.14802344790116
C            2.39671288310313       -1.08170977215247        0.02607973495479
C            3.40150509656353       -0.14735357309189       -0.10049472582963
C            3.07853203942961        1.22382660839339       -0.10900556753492
C            1.77750924365907        1.62421491303452        0.00862875310307
C            0.73229310118093        0.69115961315129        0.14045139008388
C           -0.61394718361908        1.08692417398456        0.26458264728565
O            4.67246219715038       -0.63332209278901       -0.21225791923026
C            5.74577799816068        0.27969658287515       -0.33626299342599
C           -3.83437449791976        0.00125976232214       -0.60293135690354
O           -4.61130383988858       -0.92445859365327       -0.52532113656124
O           -3.56093951441194        0.60330092203556       -1.75049026842209
H           -3.06490800745748        0.61649877921580        2.70225504364093
H           -4.67554501497053        0.51246060574194        1.97081818879667
H           -3.63087271387600       -0.90183373774866        1.99371966039630
H           -2.08880853993477       -1.93321652828304        0.47919256535668
H            0.23964608410938       -2.67626203403683        0.27328334540607
H            2.65697091287618       -2.12827151464703        0.03075012369192
H            3.85405700847939        1.96492322148894       -0.20815479037976
H            1.53764173641098        2.67626046920451        0.00116006048609
H           -0.84144067199475        2.14218906784946        0.25476071231645
H            5.81617103206262        0.92863054868117        0.53988146155011
H            5.64947112106324        0.88339090215236       -1.24180432614103
H            6.63714178622047       -0.33925113686543       -0.40412542489907
H           -4.04590092294910        0.20523651239825       -2.50113865358586
31
 energy: -49.346642357166 gnorm: 0.004985316365 xtb: 6.7.1 (edcfbbe)
C           -3.64282673897002        0.17965201865529        1.89757835886595
C           -3.06004461590468        0.60159868399613        0.54961274702410
H           -3.11164072112542        1.68812514470124        0.43821743149902
C           -1.61734924732322        0.16995616952092        0.39850173238256
C           -1.29602204190353       -1.20317817128360        0.39081632331185
C           -0.00170201877273       -1.61927448776255        0.27042978657329
C            1.05061344975485       -0.68534590812953        0.14685441614937
C            2.39267835931694       -1.07819086347619        0.02521406369945
C            3.39902656473996       -0.14493769127339       -0.09992736070821
C            3.07845607177659        1.22761290665954       -0.10777103095846
C            1.77733292550949        1.63006418617145        0.01032888709179
C            0.73055029468279        0.69742366288784        0.14152192917268
C           -0.61591386044811        1.09430296102548        0.26687052318278
O            4.66757569495624       -0.63506823259408       -0.21106437222297
C            5.74483660369180        0.27125159158520       -0.33615192893867
C           -3.83043281557354       -0.00724319197066       -0.60269983663205
O           -4.58389491830028       -0.95472688445568       -0.52231257678340
O           -3.56840361256447        0.60164910206165       -1.74694131381705
H           -3.05790348360566        0.61286315175031        2.70307524085154
H           -4.67333082384993        0.51493707249473        1.98007345729869
H           -3.63052658887111       -0.90244537455095        1.99223293253772
H           -2.09373971343709       -1.92736703364519        0.47293059442390
H            0.23650057280623       -2.67246862609443        0.26576350830979
H            2.65263198747540       -2.12546320996965        0.02888304994676
H            3.85596784775407        1.96772037911874       -0.20668655559037
H            1.53752754919819        2.68257265224401        0.00366171380993
H           -0.84335429284697        2.15009955112519        0.25972882056009
H            5.82074809119917        0.92266680076013        0.53869043448866
H            5.65348943305056        0.87605354278255       -1.24242500607088
H            6.63394581893552       -0.35184116859790       -0.40343581615528
H           -4.03380688376686        0.20065256982803       -2.50848153299205
31
 energy: -49.346675874994 gnorm: 0.004421559363 xtb: 6.7.1 (edcfbbe)
C           -3.64321114540475        0.18062535663466        1.89823063290118
C           -3.06237025979705        0.60206244081801        0.54945121171685
H           -3.11793269780547        1.68800723564484        0.43501222104728
C           -1.61821600403281        0.17370421759355        0.39900508354797
C           -1.29757184521705       -1.19995338874486        0.38906908916160
C           -0.00348434494946       -1.61666209326832        0.26777073760275
C            1.04914549130481       -0.68239986231883        0.14605230148599
C            2.39079771655758       -1.07666847749082        0.02417445077900
C            3.39804076989575       -0.14400306013596       -0.09974094623493
C            3.07959063782705        1.22923597863983       -0.10660819262508
C            1.77835287831747        1.63287747021909        0.01227331366666
C            0.73009382544857        0.70123370627361        0.14282871183900
C           -0.61672659126044        1.09860680267668        0.26883014350689
O            4.66579143022895       -0.63675205664100       -0.21063570717618
C            5.74558436199022        0.26736681321936       -0.33628817859426
C           -3.82652676059296       -0.01523623097484       -0.60326525139117
O           -4.56471701732919       -0.97448359630327       -0.52161565613169
O           -3.57678428224948        0.60295334456600       -1.74586685554389
H           -3.05416687951567        0.61149934513047        2.70263498934991
H           -4.67259654570274        0.51908672027970        1.98560557575091
H           -3.63345162280695       -0.90182943373216        1.99262487245159
H           -2.09610470420739       -1.92381311848414        0.46978720742121
H            0.23452952828527       -2.67015625699762        0.26064671277921
H            2.64973026642051       -2.12453771046434        0.02678879694951
H            3.85836783517956        1.96844935969028       -0.20531942199081
H            1.53935962808569        2.68595371655400        0.00658026523070
H           -0.84479255333743        2.15465945044286        0.26350971885145
H            5.82314907611608        0.91922337362605        0.53835489456288
H            5.65546256103630        0.87203718945151       -1.24304385354974
H            6.63373679175770       -0.35743611264693       -0.40336329177029
H           -4.03209065665847        0.19800018030720       -2.51039495528396
31
 energy: -49.346713846261 gnorm: 0.003305117918 xtb: 6.7.1 (edcfbbe)
C           -3.64379310939820        0.18332475455438        1.89852620161723
C           -3.06527880518615        0.60271273606282        0.54865556044481
H           -3.12593213840137        1.68775125547373        0.42928915453244
C           -1.61901097385873        0.17823209558621        0.39956596728688
C           -1.29905036315358       -1.19574552656231        0.38685086609979
C           -0.00550157576817       -1.61304503665949        0.26414613967983
C            1.04761510300763       -0.67875898424615        0.14479348999683
C            2.38861899099712       -1.07488298148758        0.02207265389403
C            3.39702283243565       -0.14315803805257       -0.09970554159636
C            3.08111235205680        1.23049671902811       -0.10419668125778
C            1.78000322752473        1.63543905649023        0.01613589225580
C            0.72981063047232        0.70560254681666        0.14517055777901
C           -0.61733135170487        1.10338340457843        0.27192293934393
O            4.66421380637678       -0.63897490436099       -0.21071856891347
C            5.74684238106500        0.26348924057868       -0.33675985876717
C           -3.82223296081515       -0.02535132148810       -0.60346596540352
O           -4.53485830189482       -1.00321083224913       -0.52266482850669
O           -3.59139778091978        0.60635779924138       -1.74413309490065
H           -3.04862199591016        0.60979826715500        2.70137882769643
H           -4.67068275312125        0.52841910548778        1.99185676223397
H           -3.64042831082527       -0.89944198489882        1.99259647077029
H           -2.09833812477454       -1.91910134910986        0.46596427929936
H            0.23205313458436       -2.66670122875738        0.25367300655256
H            2.64562827016760       -2.12332429793099        0.02256771501828
H            3.86117924685367        1.96847113557611       -0.20221504478963
H            1.54283505654951        2.68922205817894        0.01255994466884
H           -0.84622036316750        2.15951116566276        0.26923834760727
H            5.82531329215898        0.91470965577003        0.53811709303877
H            5.65701537405699        0.86747271979056       -1.24386627494375
H            6.63356223932469       -0.36337961700323       -0.40381765845143
H           -4.03315814114807        0.19233369033943       -2.51044973197533
31
 energy: -49.346746401302 gnorm: 0.002731772702 xtb: 6.7.1 (edcfbbe)
C           -3.64430775239053        0.18760672650549        1.89822507425872
C           -3.06688686113920        0.60355084217061        0.54722563748379
H           -3.13055288530887        1.68769230009399        0.42251750821006
C           -1.61929647092616        0.18083110826823        0.39988295432985
C           -1.29973314129663       -1.19315478850294        0.38529507184975
C           -0.00665874129946       -1.61063950521565        0.26140210437794
C            1.04678582461776       -0.67655637646624        0.14383772360510
C            2.38722218227769       -1.07389684331386        0.01969390651544
C            3.39646183956578       -0.14294878580170       -0.09988095075716
C            3.08202679321389        1.23070075177422       -0.10103111870977
C            1.78124796112111        1.63642343795054        0.02087357457472
C            0.72982056706133        0.70799692101465        0.14785663175189
C           -0.61739810557501        1.10590485422970        0.27486559879120
O            4.66347319859197       -0.64049829924289       -0.21177588991396
C            5.74758199411469        0.26168743830298       -0.33755641626258
C           -3.81795197941088       -0.03371146271354       -0.60344384568615
O           -4.50589291930783       -1.02836270282714       -0.52551293372311
O           -3.60694082388129        0.61035193803221       -1.74239329437975
H           -3.04331926776226        0.60862090422693        2.69975138976518
H           -4.66805419005032        0.54086654002649        1.99570868457289
H           -3.64929751089139       -0.89529561554054        1.99143786565325
H           -2.09931933525752       -1.91610890814423        0.46326062956466
H            0.23046867727703       -2.66422908574881        0.24834380267085
H            2.64243149741463       -2.12260452951992        0.01751145933752
H            3.86268739848178        1.96793192100875       -0.19779122638867
H            1.54599957054511        2.69067120187179        0.01994644496023
H           -0.84664117665332        2.16193336473677        0.27434947726322
H            5.82608089312649        0.91140928393139        0.53798400687429
H            5.65716874232460        0.86533701926894       -1.24440316200651
H            6.63312057807039       -0.36653210632693       -0.40510541301695
H           -4.03933766906939        0.18667375951534       -2.50798667525538
31
 energy: -49.346781954335 gnorm: 0.002971200783 xtb: 6.7.1 (edcfbbe)
C           -3.64478052424621        0.19449581149440        1.89718667791526
C           -3.06729858683846        0.60501286751848        0.54464085018634
H           -3.13206075294277        1.68812218182644        0.41336542665687
C           -1.61919312111041        0.18183115298972        0.39995069646803
C           -1.29993372413360       -1.19200517641889        0.38418763756846
C           -0.00720676928423       -1.60940610675832        0.25926164373027
C            1.04642168374741       -0.67563831498797        0.14318853872754
C            2.38634293573942       -1.07361981260326        0.01680498531749
C            3.39622358303750       -0.14328398367532       -0.10015892888419
C            3.08242097338334        1.23017184688140       -0.09624726984223
C            1.78214467558733        1.63636164705373        0.02750567963627
C            0.73009029929249        0.70873775601650        0.15138550704404
C           -0.61698811786377        1.10666888057042        0.27809845135086
O            4.66308578836717       -0.64140019666425       -0.21419907778232
C            5.74759915544028        0.26118105267651       -0.33891201952577
C           -3.81274463996130       -0.04170141599208       -0.60341996226154
O           -4.47107315816243       -1.05600899463139       -0.53025823693156
O           -3.62730291691799        0.61558966157825       -1.74022732177260
H           -3.03674400786970        0.60763245531359        2.69723328458774
H           -4.66401842003721        0.55932728122938        1.99817580094225
H           -3.66168024406185       -0.88841244020772        1.98851172786689
H           -2.09955281028919       -1.91463531290395        0.46105733685418
H            0.22952582762397       -2.66280612705073        0.24404730478062
H            2.63996140656569       -2.12240373510455        0.01085465238603
H            3.86319708452905        1.96719746874513       -0.19075858933173
H            1.54876124291951        2.69085552650454        0.03028873473510
H           -0.84596042516891        2.16254207189223        0.27959442444120
H            5.82604706362948        0.90859050242587        0.53785061475296
H            5.65617927539153        0.86563582252929       -1.24463984082972
H            6.63219420138771       -0.36782796552240       -0.40787497661677
H           -4.05266809016965        0.18084689883962       -2.50340513185940
31
 energy: -49.346812807169 gnorm: 0.002977617936 xtb: 6.7.1 (edcfbbe)
C           -3.64536278736882        0.20233670184107        1.89514756112600
C           -3.06611456860952        0.60618318293609        0.54099803846593
H           -3.12899489603512        1.68848249247911        0.40371810214871
C           -1.61849040565632        0.18014062866686        0.39963656240672
C           -1.29926381966460       -1.19348228450113        0.38429509317445
C           -0.00649301648105       -1.61055290489229        0.25902922571828
C            1.04710831382669       -0.67697934810634        0.14347390282530
C            2.38685504747389       -1.07460898226283        0.01463313054188
C            3.39678118493914       -0.14421878892258       -0.10029740973441
C            3.08253732899788        1.22905641675345       -0.09096346424505
C            1.78262879995137        1.63510025110835        0.03429587205459
C            0.73087657453123        0.70703879522937        0.15486582332437
C           -0.61600437031140        1.10485143724190        0.28045450331885
O            4.66355315571461       -0.64118690422596       -0.21757360573659
C            5.74703502070783        0.26254677281760       -0.34054908348864
C           -3.80825791629824       -0.04703493597483       -0.60402611847993
O           -4.44169861979780       -1.07663119874135       -0.53519179053710
O           -3.64850653472443        0.62085923106389       -1.73868432938205
H           -3.03074490759630        0.60738096548967        2.69385056192154
H           -4.65972709999282        0.57960728308419        1.99807787068673
H           -3.67489319096946       -0.88035046258319        1.98466833870508
H           -2.09863980228652       -1.91611268068729        0.46066885226812
H            0.23004862590590       -2.66381684916145        0.24312426215458
H            2.63994282792629       -2.12331219150248        0.00493077169207
H            3.86294010928720        1.96664847613456       -0.18272316053112
H            1.54995587061379        2.68950747475177        0.04079687055371
H           -0.84424992444781        2.16066095960609        0.28288326538500
H            5.82559891148592        0.90737249884752        0.53792400376171
H            5.65429412874840        0.86944445978698       -1.24432741031217
H            6.63168164829225       -0.36587366948901       -0.41201715973636
H           -4.07340680057798        0.17859447677689       -2.49803045973964
31
 energy: -49.346830277339 gnorm: 0.004346745521 xtb: 6.7.1 (edcfbbe)
C           -3.64576089326974        0.21183337410545        1.89194486757538
C           -3.06463532693945        0.60766249327018        0.53562981000803
H           -3.12575518692142        1.68904480105270        0.39137072669510
C           -1.61754694626450        0.17838257459251        0.39877990632588
C           -1.29848787525221       -1.19515784622924        0.38452745272757
C           -0.00551592852062       -1.61210700064775        0.25951298040829
C            1.04806598753836       -0.67863240703633        0.14452921133029
C            2.38770519891874       -1.07570111193686        0.01301575321051
C            3.39766126439033       -0.14510114394073       -0.09988636607135
C            3.08307990878020        1.22825302295711       -0.08422626785495
C            1.78347397904989        1.63417566801991        0.04252363770185
C            0.73206605301823        0.70518845851358        0.15911065828574
C           -0.61468718825944        1.10313409673004        0.28277950660274
O            4.66387554031064       -0.64082421828924       -0.22152861260683
C            5.74637811908998        0.26306545695435       -0.34249067835023
C           -3.80298002996048       -0.05485253764934       -0.60554268225873
O           -4.40169890636678       -1.10787931493070       -0.54021947575592
O           -3.68021185132606        0.62934285286483       -1.73591123567440
H           -3.02234350332865        0.60676856193906        2.68870044199472
H           -4.65384442290426        0.60483812555561        1.99813893328495
H           -3.69092260552769       -0.87048891592925        1.97935088640956
H           -2.09784608294630       -1.91775002643038        0.46024792583988
H            0.23086094697642       -2.66538512502510        0.24328282022432
H            2.64084481427401       -2.12435024529155       -0.00090679714329
H            3.86334691873475        1.96649756293887       -0.17257846885383
H            1.55070178193046        2.68836263002911        0.05331231582585
H           -0.84203189299981        2.15901537511954        0.28594986224767
H            5.82665083255937        0.90495497719697        0.53819252312382
H            5.65264765684824        0.87417984913351       -1.24354381078491
H            6.63122425408933       -0.36468973471160       -0.41787925805827
H           -4.10332572813736        0.17987105063944       -2.49309794609886
31
 energy: -49.346849733839 gnorm: 0.003640186326 xtb: 6.7.1 (edcfbbe)
C           -3.64646930580095        0.21868745739780        1.88715039184007
C           -3.06084339388800        0.60661192618693        0.52964201139371
H           -3.11517133519745        1.68794196396087        0.38230915906453
C           -1.61541462724281        0.17153179885752        0.39706752554402
C           -1.29546261622935       -1.20165516191450        0.38740096437230
C           -0.00160805726395       -1.61791129898152        0.26433689357023
C            1.05160673020550       -0.68427358354456        0.14750018497814
C            2.39194506869579       -1.07904525863326        0.01430987049428
C            3.40049449892216       -0.14682061149726       -0.09896236591858
C            3.08382117557214        1.22641990117667       -0.07948651653355
C            1.78398267526795        1.63070883681809        0.04734577561608
C            0.73439626804941        0.69911068570753        0.16146398218957
C           -0.61242776789598        1.09650735370589        0.28190165811524
O            4.66698942029813       -0.63850700512831       -0.22528309493234
C            5.74611885584782        0.26794547407226       -0.34409210425543
C           -3.80380171797435       -0.05389615577284       -0.60808108607753
O           -4.39407308518185       -1.10838538008825       -0.54337079847949
O           -3.70260203832982        0.63465188954746       -1.73561667278914
H           -3.01894095806738        0.60772441529482        2.68301470853654
H           -4.64987771199759        0.62301644119255        1.99221898363717
H           -3.70287808214518       -0.86277690142602        1.97498485280592
H           -2.09410442053846       -1.92497384584833        0.46439505185084
H            0.23508335934168       -2.67128851048800        0.25128314472408
H            2.64716058602788       -2.12730147672689       -0.00149962628609
H            3.86303469690999        1.96630944788217       -0.16523816076303
H            1.54880992993897        2.68417700598533        0.06031998131676
H           -0.83907876423334        2.15249827991680        0.28294813342241
H            5.82722479284212        0.90683953662427        0.53920826631185
H            5.64988737282909        0.88436354249618       -1.24182199206272
H            6.63323864326565       -0.35625765636224       -0.42448599250493
H           -4.14005130444369        0.18969819315356       -2.48777450887028
31
 energy: -49.346864603181 gnorm: 0.002001683464 xtb: 6.7.1 (edcfbbe)
C           -3.64615907159989        0.21889634001055        1.88608835764312
C           -3.06121033490738        0.60607947986590        0.52826936896276
H           -3.11670880537265        1.68728028415300        0.38021388080571
C           -1.61524636172353        0.17200789103725        0.39619538601191
C           -1.29516755126060       -1.20123470085201        0.38725983494190
C           -0.00126597380423       -1.61763700788181        0.26500757284977
C            1.05205550232702       -0.68394643737219        0.14829705467069
C            2.39243905024768       -1.07887605602448        0.01555112964182
C            3.40096956389879       -0.14659958835460       -0.09809706162187
C            3.08479198349156        1.22673795436777       -0.07898496670601
C            1.78480418091991        1.63100132861428        0.04762015162647
C            0.73486262425260        0.69965300475648        0.16170605311981
C           -0.61220881662345        1.09707137384187        0.28133034214062
O            4.66743369248272       -0.63882895311797       -0.22467692695072
C            5.74704005413261        0.26727251063112       -0.34399434245776
C           -3.80470025446820       -0.05621361795379       -0.60893380317359
O           -4.38823369959729       -1.11580748969592       -0.54349488059006
O           -3.71189973512304        0.63798092165415       -1.73414013262332
H           -3.01717062354563        0.60703356802454        2.68155534437115
H           -4.64873992881598        0.62497569855119        1.99255842485836
H           -3.70428342958022       -0.86247357094183        1.97433788774647
H           -2.09397086679532       -1.92450169574662        0.46422548631696
H            0.23547144420542       -2.67108821560398        0.25242990332182
H            2.64781849459819       -2.12717577568348        0.00016478820709
H            3.86432488487289        1.96629893824599       -0.16485887520250
H            1.54930431791397        2.68452320639124        0.06038970455381
H           -0.83933026082489        2.15308216143010        0.28202580044775
H            5.82918036155372        0.90565065490426        0.53962630697409
H            5.65027351166677        0.88410348848416       -1.24140380682788
H            6.63399258827203       -0.35709365015331       -0.42549907272065
H           -4.14747765320947        0.19347925798287       -2.48768029002712
31
 energy: -49.346878316483 gnorm: 0.001575957704 xtb: 6.7.1 (edcfbbe)
C           -3.64504397549710        0.21790171577613        1.88375790211721
C           -3.06122632773117        0.60447659670033        0.52558754146440
H           -3.11780418890391        1.68571147090408        0.37753637289331
C           -1.61468260988797        0.17163566012932        0.39371956888111
C           -1.29395173721916       -1.20159443693963        0.38738388685329
C            0.00023138334877       -1.61800691392147        0.26762392862750
C            1.05361235989479       -0.68416750491755        0.15048463298637
C            2.39431085139554       -1.07894670596702        0.01943559105411
C            3.40240808294004       -0.14628665556079       -0.09591418554717
C            3.08657013402785        1.22708501611944       -0.07892457696483
C            1.78615782670839        1.63085515121741        0.04649664858533
C            0.73595666493741        0.69966588164762        0.16113017457894
C           -0.61163871811534        1.09682796919949        0.27863607727677
O            4.66916960141868       -0.63896463881606       -0.22251475168865
C            5.74910174562236        0.26712651649859       -0.34342187032116
C           -3.80903608299878       -0.05747615198512       -0.61066144515016
O           -4.38700793149951       -1.12092401156525       -0.54351473764744
O           -3.72741196119659        0.64379159981583       -1.73146914046400
H           -3.01477974797757        0.60564627490793        2.67881974434464
H           -4.64684460129943        0.62535632747505        1.99171936140044
H           -3.70454632612884       -0.86329818181759        1.97306847297628
H           -2.09280784989532       -1.92494588810928        0.46473339538997
H            0.23731112310263       -2.67152747422552        0.25732600869936
H            2.65051165272856       -2.12717382842947        0.00615946485448
H            3.86639589483374        1.96625485672725       -0.16545816356020
H            1.54962237076056        2.68436158094888        0.05775864123103
H           -0.83976104488042        2.15281238511411        0.27763567901590
H            5.83319083794122        0.90455626912900        0.54073350228570
H            5.65055857498748        0.88460518976671       -1.24019254584158
H            6.63597684349223       -0.35714191648567       -0.42742395743570
H           -4.16355395732510        0.20343515022800       -2.48716260058466
31
 energy: -49.346886139834 gnorm: 0.001221626673 xtb: 6.7.1 (edcfbbe)
C           -3.64309890366262        0.21700701657972        1.88123591594479
C           -3.06027146259779        0.60274885963554        0.52243840141594
H           -3.11685882554566        1.68406107799547        0.37427789368669
C           -1.61381752708611        0.16998138652760        0.39033073565751
C           -1.29217773814313       -1.20310664296611        0.38760226029717
C            0.00244059398868       -1.61914713023076        0.27105529257921
C            1.05567512549315       -0.68512083892503        0.15300892209858
C            2.39680820218583       -1.07943063354144        0.02431094057157
C            3.40424251743690       -0.14627944930323       -0.09313210466434
C            3.08803716375189        1.22695733923746       -0.07905922811689
C            1.78716872857982        1.63001265303412        0.04442943359625
C            0.73717079818650        0.69867719094053        0.15970438950583
C           -0.61089047799685        1.09527768432541        0.27454468892544
O            4.67159990250882       -0.63881104626143       -0.21902859080969
C            5.75118337103130        0.26807307996504       -0.34224415691780
C           -3.81364425328770       -0.05747488118993       -0.61239380037501
O           -4.38707440419999       -1.12310371032981       -0.54459294961040
O           -3.74563554035835        0.65126137955786       -1.72877504842810
H           -3.01158839943659        0.60410604831823        2.67581936596371
H           -4.64428378685961        0.62595744815032        1.99023985320284
H           -3.70409744376656       -0.86418092077652        1.97101769917260
H           -2.09080424448799       -1.92668901880576        0.46549027657459
H            0.24010830661141       -2.67259869869620        0.26414902506728
H            2.65390298396224       -2.12748285584320        0.01399856316551
H            3.86775157524913        1.96612504530599       -0.16612903285286
H            1.54982864743181        2.68345651440224        0.05356219742849
H           -0.83986629631385        2.15115256768747        0.27106094609833
H            5.83712871222759        0.90452843762688        0.54233958285379
H            5.64992895462927        0.88597525432118       -1.23832705428170
H            6.63799652343210       -0.35591124902916       -0.42912296147387
H           -4.18587391537962        0.21562939585227       -2.48472283596484
31
 energy: -49.346885259322 gnorm: 0.001753127092 xtb: 6.7.1 (edcfbbe)
C           -3.64107009905523        0.21607398715636        1.87865439505420
C           -3.05928235127824        0.60098418873683        0.51920533080255
H           -3.11586949325927        1.68237616920337        0.37094647943922
C           -1.61293193628404        0.16827712027822        0.38682957271189
C           -1.29035897966069       -1.20466355552208        0.38781049142361
C            0.00470796559838       -1.62031633648184        0.27457463109290
C            1.05778870518652       -0.68609714168108        0.15559791913388
C            2.39936951299153       -1.07992331491030        0.02934225908390
C            3.40612473546605       -0.14627151596716       -0.09025157953420
C            3.08953052597972        1.22682411260533       -0.07920825086183
C            1.78819351466301        1.62914766609182        0.04226942375559
C            0.73840983392512        0.69765961479361        0.15821007591697
C           -0.61012811789588        1.09368033520185        0.27030730071026
O            4.67409436896420       -0.63865004324207       -0.21538982754016
C            5.75331442027543        0.26904330543368       -0.34101191229535
C           -3.81838591636608       -0.05743745178832       -0.61415905303197
O           -4.38711514860816       -1.12532580263086       -0.54573409638430
O           -3.76437763962280        0.65895401900471       -1.72598477071569
H           -3.00827524629972        0.60250419325186        2.67273930913167
H           -4.64162869613024        0.62653830960805        1.98874201246580
H           -3.70358190520779       -0.86510276278173        1.96889568084798
H           -2.08874758884946       -1.92848329805240        0.46624582021854
H            0.24298480093970       -2.67369388805739        0.27116406552963
H            2.65738040475502       -2.12779504451895        0.02209949594022
H            3.86912496119079        1.96599496180004       -0.16683194480196
H            1.55003525019588        2.68252666655834        0.04918882154172
H           -0.83997483824614        2.14944155487758        0.26426211145804
H            5.84117547819042        0.90452286062654        0.54399145232357
H            5.64926691188869        0.88735566954781       -1.23640272125369
H            6.64005737772196       -0.35465683174737       -0.43083687333470
H           -4.20884192358476        0.22816355617032       -2.48217699851772
31
 energy: -49.346892875766 gnorm: 0.000958727740 xtb: 6.7.1 (edcfbbe)
C           -3.64047860255446        0.21660532764165        1.87945730197454
C           -3.05900996915930        0.60208236173712        0.51976121892366
H           -3.11476492363374        1.68342241011140        0.37156687751469
C           -1.61321532387400        0.16819370169363        0.38691067049324
C           -1.29090036445493       -1.20471779754872        0.38724367438320
C            0.00413889871644       -1.62020769400065        0.27352653128358
C            1.05712008684838       -0.68603136534687        0.15478374844468
C            2.39863785587310       -1.07986334378372        0.02872711028424
C            3.40563647201945       -0.14646754361061       -0.09010244549242
C            3.08855742002586        1.22654825648157       -0.07905871028033
C            1.78737278558173        1.62915674516847        0.04198472854854
C            0.73784730604074        0.69748751185459        0.15768977002414
C           -0.61045540933540        1.09354418009968        0.27018904183376
O            4.67346264591251       -0.63851384147587       -0.21434393812871
C            5.75234479760241        0.26902904212065       -0.34060201061149
C           -3.81675865500881       -0.05639460583459       -0.61321383432261
O           -4.38301190762796       -1.12586946352340       -0.54745548108999
O           -3.76236308318626        0.65852897854320       -1.72577640237016
H           -3.00728625697140        0.60222501531499        2.67328115497514
H           -4.64102645962423        0.62693541478241        1.98990141798035
H           -3.70285182080327       -0.86461690655985        1.96838151253117
H           -2.08920967579571       -1.92850767511326        0.46532218477028
H            0.24243181037730       -2.67348224673652        0.26970413872100
H            2.65625493255324       -2.12774842658853        0.02131861875551
H            3.86788003692296        1.96606307846524       -0.16634621167135
H            1.54988289981437        2.68252562277297        0.04879324225464
H           -0.83969260249380        2.14928785742042        0.26436711389518
H            5.83999119948198        0.90559043351746        0.54360494966589
H            5.64848976235454        0.88649207889500       -1.23655408420127
H            6.63896108910704       -0.35483809062691       -0.42953041054084
H           -4.20699605712485        0.22519228769385       -2.48044285823767
31
 energy: -49.346899467298 gnorm: 0.001046490147 xtb: 6.7.1 (edcfbbe)
C           -3.63789885887417        0.21644872073343        1.87965392130178
C           -3.05854704600580        0.60261717321266        0.51894294336264
H           -3.11422245510537        1.68384044954753        0.37064884430466
C           -1.61318862416989        0.16803375259436        0.38499354819401
C           -1.29102320742473       -1.20481163137670        0.38594438477872
C            0.00411163205675       -1.62002272709229        0.27308963505766
C            1.05692887429395       -0.68576523809031        0.15461712370007
C            2.39853837168420       -1.07975393264416        0.03091111223748
C            3.40580522834956       -0.14668583638240       -0.08761896965149
C            3.08812088929248        1.22623460160825       -0.07933905570700
C            1.78685419212044        1.62924358947369        0.03924490165971
C            0.73753670888996        0.69754287952491        0.15538431000756
C           -0.61072879485760        1.09349823656891        0.26709808893072
O            4.67365494467311       -0.63863067652419       -0.20850062923943
C            5.75214736130336        0.26868371679871       -0.33838798460413
C           -3.81523168841955       -0.05686660146040       -0.61284636613244
O           -4.37175315724635       -1.13172357741237       -0.55159996168705
O           -3.77305797321264        0.66426460630387       -1.72314047611499
H           -3.00273149752054        0.60053509150510        2.67235553461149
H           -4.63799443415032        0.62722327430198        1.99246349648523
H           -3.70053021592077       -0.86484473141893        1.96683625604699
H           -2.08929015623030       -1.92855226064072        0.46353600305067
H            0.24265239829250       -2.67316745735215        0.26999241373228
H            2.65571033363925       -2.12771267900285        0.02549589484052
H            3.86717952060215        1.96606335831026       -0.16662979115188
H            1.55014791046429        2.68268693279121        0.04388771517418
H           -0.83971278929157        2.14918584348183        0.26011975869121
H            5.84068009676945        0.90775141548203        0.54386342520739
H            5.64713985603521        0.88364969369316       -1.23583479679230
H            6.63846573817745       -0.35552897660692       -0.42653402558505
H           -4.21877427063065        0.22821429363727       -2.47555863439865
31
 energy: -49.346903824852 gnorm: 0.001261737106 xtb: 6.7.1 (edcfbbe)
C           -3.63303461051627        0.21104440863113        1.88118218704092
C           -3.05906574798397        0.60275494832159        0.51973365172649
H           -3.11659893633378        1.68428949708880        0.37517616321062
C           -1.61370601069280        0.16954947915316        0.38132173127607
C           -1.29164560702530       -1.20330623753683        0.38308486912775
C            0.00352698151778       -1.61843487319168        0.27205197608133
C            1.05622778308815       -0.68403543508216        0.15404139987143
C            2.39809774219330       -1.07862027417188        0.03606069598684
C            3.40585534832934       -0.14618964350188       -0.08310960003635
C            3.08779437565007        1.22664912654486       -0.08282909002865
C            1.78615412425863        1.63029658450407        0.03070137782060
C            0.73663596602048        0.69920850811167        0.14937736438868
C           -0.61180182897428        1.09512857682256        0.26016642799126
O            4.67391468422144       -0.63912000585980       -0.19627111201225
C            5.75273748345306        0.26679930470214       -0.33360442908165
C           -3.81772362855827       -0.05401484494215       -0.61176284416335
O           -4.37076764261731       -1.13046086848594       -0.55502773021061
O           -3.77931941675882        0.66953004407719       -1.71877148807841
H           -2.99821882977325        0.59762139963851        2.67275606658463
H           -4.63522591009961        0.61519645627296        1.99718931881390
H           -3.68860934395331       -0.87057460371388        1.96693620187844
H           -2.09007363098721       -1.92686859806686        0.46003263979384
H            0.24249496132486       -2.67144886891963        0.27036482116477
H            2.65494544256964       -2.12668308983572        0.03634122503375
H            3.86688320882850        1.96626566671739       -0.17182462657968
H            1.55004584609116        2.68390384669591        0.02951624185499
H           -0.84110538568864        2.15071747750103        0.25091633676922
H            5.84287079534546        0.91161042104293        0.54426647662182
H            5.64659265842906        0.87571586870018       -1.23494187332640
H            6.63835929537560       -0.35865166183337       -0.41882442550099
H           -4.22525127914990        0.23377869418049       -2.47116133370849
31
 energy: -49.346908796485 gnorm: 0.001782632430 xtb: 6.7.1 (edcfbbe)
C           -3.62989442529800        0.21042397345266        1.87973616853774
C           -3.05836994470541        0.60210517811433        0.51704027950598
H           -3.11632786589288        1.68362675615899        0.37256829802962
C           -1.61304626881524        0.16878910297241        0.37736827555320
C           -1.29058389430576       -1.20396886424994        0.38214106138816
C            0.00485768404857       -1.61897068358037        0.27347577024199
C            1.05740716897624       -0.68446287400531        0.15502261650511
C            2.39965020451773       -1.07879735600698        0.04053490786912
C            3.40728207636861       -0.14629538813861       -0.07930906813159
C            3.08873373721298        1.22645368629740       -0.08326870550728
C            1.78672781901430        1.62988540713468        0.02686168611439
C            0.73731769475966        0.69869316118915        0.14627938996983
C           -0.61141453901444        1.09449458838696        0.25471743808342
O            4.67568495731256       -0.63901728434206       -0.18867865605552
C            5.75400008699187        0.26656397875198       -0.33043531640614
C           -3.81956984792753       -0.05458854826260       -0.61271441592642
O           -4.35615300320029       -1.14053918497886       -0.55885632453580
O           -3.80359096842304        0.67983479809470       -1.71438138968370
H           -2.99174127560004        0.59481491907592        2.66993611490858
H           -4.63075216323164        0.61738607741174        1.99892362367337
H           -3.68787523819712       -0.87132696661614        1.96459230339557
H           -2.08892939237426       -1.92755369333297        0.45948765338012
H            0.24415194815119       -2.67194918675117        0.27430562662003
H            2.65704267197780       -2.12674299890351        0.04421654834743
H            3.86778849174535        1.96608999411671       -0.17259475776271
H            1.54990988645259        2.68334337930232        0.02252309686889
H           -0.84110882309004        2.15001652786495        0.24301022616265
H            5.84561269671435        0.91407906507318        0.54540296581437
H            5.64630272359599        0.87302674302443       -1.23337337652165
H            6.63980976496863       -0.35880468995222       -0.41534752973134
H           -4.25193307514903        0.24504168626304       -2.46609589039693
31
 energy: -49.346911226039 gnorm: 0.000762717844 xtb: 6.7.1 (edcfbbe)
C           -3.62945887499821        0.20903797480970        1.87966514896828
C           -3.05827318858594        0.60157449261941        0.51720547918984
H           -3.11674036668670        1.68332802932973        0.37379410351549
C           -1.61274217415007        0.16880132890417        0.37680657567034
C           -1.29018716841250       -1.20396247093066        0.38226252227869
C            0.00520966108689       -1.61913742743373        0.27364024030171
C            1.05779154167909       -0.68467263886692        0.15463836017361
C            2.40016721352118       -1.07889192705121        0.04126809895808
C            3.40768595249324       -0.14628203326853       -0.07886667238467
C            3.08916337736103        1.22643970852958       -0.08491573102733
C            1.78701668698946        1.62963864437288        0.02413916409054
C            0.73757113336668        0.69851727926793        0.14445787708892
C           -0.61119919591362        1.09443643031230        0.25285634296716
O            4.67641372607449       -0.63892901853734       -0.18623195667970
C            5.75462417220029        0.26661386763508       -0.32869726930581
C           -3.81997978319984       -0.05485422428133       -0.61293076747958
O           -4.35733623609834       -1.13931701754305       -0.55837921405701
O           -3.80721316390722        0.68226786201820       -1.71337773462801
H           -2.99191704721169        0.59451808333979        2.66997432148522
H           -4.63084656300893        0.61479084024890        1.99885122711989
H           -3.68613578607410       -0.87281530162527        1.96504924248289
H           -2.08851715026574       -1.92754585537604        0.46037915293814
H            0.24439416722706       -2.67216686594054        0.27527717578084
H            2.65792325149433       -2.12674357411131        0.04629076371283
H            3.86832055807030        1.96588022870544       -0.17489198752565
H            1.54951610072395        2.68297202686659        0.01850738519762
H           -0.84115171159542        2.14994039144477        0.24022286468825
H            5.84508386787441        0.91610152033744        0.54580680782492
H            5.64782235942116        0.87107613258194       -1.23312522902231
H            6.64092314926041       -0.35850196667116       -0.41118635482201
H           -4.25693962115198        0.24953678387810       -2.46540131719069
31
 energy: -49.346912177018 gnorm: 0.000446523210 xtb: 6.7.1 (edcfbbe)
C           -3.62974167693263        0.20873180380420        1.87984639759572
C           -3.05838413431760        0.60172208754952        0.51763685473671
H           -3.11676804652576        1.68351624582643        0.37471307438914
C           -1.61284777361206        0.16886292821255        0.37698919156716
C           -1.29021967383222       -1.20390504200614        0.38270293878744
C            0.00514100225027       -1.61916332560295        0.27373401449538
C            1.05776761968951       -0.68479423600821        0.15420963143033
C            2.40016194549471       -1.07900908853252        0.04065813467914
C            3.40763502828946       -0.14635817577957       -0.07956443906616
C            3.08910572535819        1.22636610013234       -0.08590077863649
C            1.78695221507679        1.62950811682718        0.02324979745544
C            0.73752709930143        0.69839345640471        0.14394468384698
C           -0.61121481799594        1.09437282478244        0.25262337238981
O            4.67648085976270       -0.63895769336628       -0.18658894356142
C            5.75475083991770        0.26672618320064       -0.32809881503627
C           -3.82100717270272       -0.05389864427693       -0.61243193098295
O           -4.35614691446933       -1.13959812199934       -0.55911555431740
O           -3.80721298495342        0.68295250985565       -1.71243919128878
H           -2.99253344438733        0.59404043198768        2.67051792098946
H           -4.63119315193854        0.61431178795473        1.99885367490517
H           -3.68639613799494       -0.87308084340617        1.96496435641053
H           -2.08850041814709       -1.92750931422776        0.46123643912274
H            0.24422768765398       -2.67221590092101        0.27541819717887
H            2.65800781075685       -2.12684584948014        0.04578194421865
H            3.86826096158287        1.96575522842579       -0.17621132369812
H            1.54931977895880        2.68282014516645        0.01741059416991
H           -0.84110048780495        2.14988736026017        0.23998765373029
H            5.84387072639328        0.91682566896333        0.54613647431838
H            5.64912789615511        0.87049728472511       -1.23310673125996
H            6.64131703150874       -0.35827263758951       -0.40889205745978
H           -4.25539850495214        0.24997001268248       -2.46517696079945
31
 energy: -49.346913442209 gnorm: 0.000325328344 xtb: 6.7.1 (edcfbbe)
C           -3.63028020430903        0.20833775778060        1.88013492856682
C           -3.05833066764422        0.60179518252524        0.51830944057116
H           -3.11657955740891        1.68363971005024        0.37573562073042
C           -1.61284561678518        0.16884395495362        0.37766288596968
C           -1.29016980906792       -1.20391414964513        0.38358255109305
C            0.00511739544554       -1.61925080597675        0.27397580641849
C            1.05774875944272       -0.68497114040518        0.15367396091931
C            2.40014925569720       -1.07915964759210        0.03981685964927
C            3.40754096587228       -0.14645193272646       -0.08060751706058
C            3.08897062938182        1.22626605303129       -0.08749739014928
C            1.78681843757747        1.62933530677690        0.02181590726908
C            0.73747108846253        0.69821188343597        0.14326053563408
C           -0.61120997065932        1.09425236285506        0.25247422966143
O            4.67652722375005       -0.63898298994516       -0.18717270316439
C            5.75489837043556        0.26687669352271       -0.32714362327721
C           -3.81992646961385       -0.05375605242018       -0.61263131125389
O           -4.35454002788063       -1.13984496157438       -0.56002780421385
O           -3.80735975987019        0.68419115452254       -1.71133386389240
H           -2.99374653670527        0.59354310465534        2.67141881645209
H           -4.63191950960703        0.61357453552238        1.99865669096094
H           -3.68671276994877       -0.87347711742584        1.96492102002522
H           -2.08839755517675       -1.92753098769710        0.46259861603351
H            0.24409317936993       -2.67232833090656        0.27576951449349
H            2.65810978701126       -2.12697190334182        0.04509015633591
H            3.86809644518511        1.96559906794658       -0.17840815388445
H            1.54901547097950        2.68261591746279        0.01560697668561
H           -0.84106561961411        2.14977366621684        0.23955296608613
H            5.84189037673553        0.91787696881359        0.54666510901387
H            5.65115138213865        0.86965767524499       -1.23301692591930
H            6.64184289419968       -0.35796415441528       -0.40527030343335
H           -4.25536869980992        0.25186448232008       -2.46452437601038
31
 energy: -49.346914913036 gnorm: 0.000554018052 xtb: 6.7.1 (edcfbbe)
C           -3.63128186997013        0.20739407935105        1.88072412854284
C           -3.05810556787800        0.60175368688181        0.51971283753187
H           -3.11626208795520        1.68368433747685        0.37778129493620
C           -1.61268516132282        0.16873857402657        0.37899424158410
C           -1.28997383616846       -1.20399571627851        0.38518876426406
C            0.00517604266070       -1.61940575298400        0.27434808960502
C            1.05772492851026       -0.68521250483462        0.15271904707547
C            2.40009171385770       -1.07935779924907        0.03834171048395
C            3.40735367667482       -0.14659487332897       -0.08257202290746
C            3.08868259826149        1.22609705033798       -0.09059050733123
C            1.78655999580738        1.62910132730053        0.01900904330064
C            0.73739653415870        0.69795486223123        0.14190278655519
C           -0.61115924625959        1.09405294799813        0.25215449245429
O            4.67647536497960       -0.63903788467040       -0.18850909478290
C            5.75508175432744        0.26705430701468       -0.32524491176418
C           -3.81842248490991       -0.05316838356253       -0.61264082887705
O           -4.35131470742444       -1.14025456944243       -0.56131761131294
O           -3.80784157881531        0.68683835200092       -1.70971376309086
H           -2.99574152578484        0.59262598449840        2.67279478538686
H           -4.63323722208710        0.61221272229650        1.99834867179660
H           -3.68730870528162       -0.87451999011164        1.96498096861926
H           -2.08809103010939       -1.92760716134828        0.46530300975422
H            0.24403796685633       -2.67250929805011        0.27640558328152
H            2.65817285750259       -2.12713323807107        0.04389997645644
H            3.86770548561192        1.96537166227036       -0.18276018712690
H            1.54855345307946        2.68233186008783        0.01204240315390
H           -0.84100098607177        2.14958199814945        0.23876152721027
H            5.83791018701391        0.91956193104803        0.54781351703856
H            5.65507365746455        0.86824479994433       -1.23261682166135
H            6.64263984178706       -0.35754406771572       -0.39830566743014
H           -4.25522116093162        0.25539206029755       -2.46386684243578
31
 energy: -49.346916034479 gnorm: 0.000453530049 xtb: 6.7.1 (edcfbbe)
C           -3.63210187511192        0.20622676259067        1.88126735506801
C           -3.05788616070239        0.60166992443603        0.52102769710615
H           -3.11588697132469        1.68374793650470        0.38003417056904
C           -1.61251185651087        0.16858830143319        0.38018296227937
C           -1.28972537605762       -1.20412411298136        0.38697481103581
C            0.00533507029874       -1.61953748024212        0.27503098359763
C            1.05771247247503       -0.68536767787023        0.15186588511863
C            2.40003874129543       -1.07948944498355        0.03698753806937
C            3.40719598581473       -0.14672148498989       -0.08473105283308
C            3.08837169312464        1.22592927809667       -0.09403978483614
C            1.78627562558654        1.62892192212110        0.01590960201569
C            0.73730409990755        0.69777657152734        0.14046842958750
C           -0.61116456914275        1.09387905303484        0.25169066178693
O            4.67636738295539       -0.63910799255221       -0.19014959478904
C            5.75529086860016        0.26715276279748       -0.32309631522911
C           -3.81737426260443       -0.05241194221255       -0.61243879738959
O           -4.34807998386251       -1.14061147933132       -0.56284233322717
O           -3.80867089204335        0.68990244744419       -1.70811028183618
H           -2.99751456771271        0.59132106122623        2.67415956877418
H           -4.63433372689179        0.61057806269405        1.99813395600220
H           -3.68783014747909       -0.87574173415363        1.96494831406934
H           -2.08773558228131       -1.92771966464337        0.46810999597634
H            0.24420557208101       -2.67264056989697        0.27727694594800
H            2.65819532490392       -2.12724192305049        0.04312183576463
H            3.86723690726629        1.96519078576362       -0.18765425759777
H            1.54814396680796        2.68211223573887        0.00792627103462
H           -0.84106079022478        2.14939081942824        0.23776674723876
H            5.83373054721196        0.92100764777506        0.54933467765227
H            5.65937005224637        0.86695413728009       -1.23186220916107
H            6.64339726043189       -0.35723436517913       -0.39101380294895
H           -4.25530592147369        0.25925146575929       -2.46319135853591
31
 energy: -49.346916742091 gnorm: 0.000195852781 xtb: 6.7.1 (edcfbbe)
C           -3.63250463263470        0.20510655193339        1.88163492969882
C           -3.05775616064594        0.60152772002351        0.52190261783425
H           -3.11567516138176        1.68371089085893        0.38174026500366
C           -1.61238327518045        0.16844192391163        0.38082463054631
C           -1.28951773531986       -1.20424678780815        0.38813728618506
C            0.00551266796207       -1.61959652558658        0.27567907071338
C            1.05772741412686       -0.68539373119611        0.15143500853985
C            2.40002926959675       -1.07950870444795        0.03636035341314
C            3.40712057275315       -0.14678053568089       -0.08627250510510
C            3.08812450534040        1.22581834711214       -0.09684726702203
C            1.78604321049958        1.62882795511694        0.01331898050483
C            0.73721850918540        0.69771730327230        0.13928684735510
C           -0.61122128227901        1.09376388065056        0.25110831514229
O            4.67627193909408       -0.63915631732732       -0.19145590309249
C            5.75549419505824        0.26715922242480       -0.32134985066988
C           -3.81698067780695       -0.05166653960307       -0.61217069777963
O           -4.34601431201088       -1.14068352517590       -0.56429612413382
O           -3.80958345021399        0.69253735369220       -1.70685908122232
H           -2.99836747148581        0.58993586193832        2.67500870369659
H           -4.63488671331275        0.60919163888277        1.99823705191754
H           -3.68802032328456       -0.87692932574621        1.96470045070605
H           -2.08742159627287       -1.92783324955849        0.47023527089946
H            0.24453616099895       -2.67266372624720        0.27853019725394
H            2.65820758491064       -2.12725216809362        0.04313243371020
H            3.86682560755682        1.96509805755907       -0.19172846058454
H            1.54788373499395        2.68200028008184        0.00445308662401
H           -0.84123673204134        2.14923902917339        0.23662250408763
H            5.83082287270285        0.92163500541998        0.55085094308245
H            5.66261927557485        0.86633877362158       -1.23085271913477
H            6.64390191415436       -0.35712599749616       -0.38578638440697
H           -4.25578102305434        0.26243864185912       -2.46249133345252
31
 energy: -49.346917145931 gnorm: 0.000069329091 xtb: 6.7.1 (edcfbbe)
C           -3.63242224397590        0.20427165622677        1.88179843307307
C           -3.05772178157152        0.60139589024786        0.52222838277280
H           -3.11562435484925        1.68364690206981        0.38263373062603
C           -1.61233910182468        0.16834368661285        0.38088628682292
C           -1.28937592438562       -1.20432210552057        0.38886215611107
C            0.00567497948280       -1.61959892951000        0.27642451072080
C            1.05776412748841       -0.68535453406441        0.15139999295732
C            2.40006291176100       -1.07946692101055        0.03637298554669
C            3.40710740624964       -0.14678092200470       -0.08702769710310
C            3.08798639834046        1.22577813006348       -0.09849763525744
C            1.78589851366756        1.62880002111727        0.01169595710354
C            0.73715140826024        0.69772586816813        0.13850877245359
C           -0.61130807120315        1.09370443378003        0.25045785475789
O            4.67622952045369       -0.63917124413662       -0.19211382271481
C            5.75565165856457        0.26713292937409       -0.32026718786002
C           -3.81703803341156       -0.05110313503245       -0.61207035773972
O           -4.34531701553462       -1.14049357829743       -0.56537152114592
O           -3.81042769078279        0.69426249627050       -1.70617013676422
H           -2.99828732398391        0.58870713393340        2.67536075423384
H           -4.63479830255623        0.60828329223826        1.99861121452100
H           -3.68795358767444       -0.87779463183726        1.96434814549728
H           -2.08723114751439       -1.92792409201794        0.47116576382174
H            0.24484630922510       -2.67263056600758        0.27962975331804
H            2.65827054557874       -2.12719969524407        0.04386250618132
H            3.86657715622632        1.96507423208754       -0.19420513494912
H            1.54772717212622        2.68196256910499        0.00204806514662
H           -0.84143426712346        2.14914841722568        0.23559664944153
H            5.82957408671765        0.92157336443162        0.55206610439518
H            5.66426977859998        0.86636092323006       -1.22988241853641
H            6.64413090582111       -0.35716236586611       -0.38332722829180
H           -4.25665514458823        0.26448207793217       -2.46193625882926
31
 energy: -49.346917429605 gnorm: 0.000125747222 xtb: 6.7.1 (edcfbbe)
C           -3.63211006855260        0.20359344075818        1.88183455945654
C           -3.05771243262937        0.60129295342998        0.52229646158392
H           -3.11563874207952        1.68360000955754        0.38316537886305
C           -1.61232547583142        0.16829384185533        0.38066199339526
C           -1.28931046503450       -1.20435886861479        0.38898281026241
C            0.00577924902940       -1.61957952654250        0.27684433330992
C            1.05781025332893       -0.68530020278313        0.15154245070733
C            2.40013022677794       -1.07940601409505        0.03679980300718
C            3.40713336867195       -0.14675159033268       -0.08723038093615
C            3.08791289311417        1.22577331191960       -0.09952616265777
C            1.78580091664726        1.62879500146076        0.01048165762886
C            0.73710599107547        0.69775218322297        0.13790238218581
C           -0.61138164006880        1.09367867826789        0.24978775363142
O            4.67623522612423       -0.63916255910949       -0.19225847856565
C            5.75578392505745        0.26710541642286       -0.31952488085454
C           -3.81732620213464       -0.05064301422982       -0.61203881673005
O           -4.34528245351971       -1.14020884358167       -0.56608763604170
O           -3.81129716905804        0.69545359607083       -1.70574257636103
H           -2.99763663166322        0.58752652230406        2.67536781194509
H           -4.63437435653289        0.60772799472942        1.99917012669523
H           -3.68779142545284       -0.87850064648559        1.96387514411929
H           -2.08711177131538       -1.92797053163484        0.47171413447429
H            0.24510204440840       -2.67257393182817        0.28077454600641
H            2.65836967553742       -2.12712635158599        0.04487377878787
H            3.86644700119881        1.96507485346615       -0.19566770796800
H            1.54762156475031        2.68195095543460        0.00031843647595
H           -0.84161257956583        2.14909215664479        0.23441421783109
H            5.82929110210300        0.92116593573084        0.55312804007614
H            5.66494779446095        0.86673566797205       -1.22892368417706
H            6.64423286883844       -0.35724687554087       -0.38240708450707
H           -4.25780380010162        0.26586774068158       -2.46143979133359
31
 energy: -49.346917681052 gnorm: 0.000143666374 xtb: 6.7.1 (edcfbbe)
C           -3.63167337362286        0.20289926585120        1.88184378029217
C           -3.05769190359109        0.60119966848503        0.52229106758289
H           -3.11565280639835        1.68356331382874        0.38363478763767
C           -1.61232358012392        0.16824887160919        0.38025797705015
C           -1.28922916258346       -1.20438114541688        0.38925660472278
C            0.00589631469876       -1.61956361776419        0.27745378934619
C            1.05786636858676       -0.68527107549148        0.15168077836323
C            2.40022203363833       -1.07935899278157        0.03733075342337
C            3.40717477631856       -0.14672006377847       -0.08724043385355
C            3.08786656200794        1.22577422709605       -0.10035403526197
C            1.78571610724028        1.62877781061118        0.00931033550156
C            0.73706447731353        0.69775033460133        0.13717295199203
C           -0.61145642641517        1.09363829219611        0.24884715802815
O            4.67628844998252       -0.63913930968718       -0.19205764350679
C            5.75591777613774        0.26710804689999       -0.31878822669190
C           -3.81768301936313       -0.05016519082575       -0.61207447428764
O           -4.34540841235289       -1.13987032172433       -0.56667463108251
O           -3.81234809293141        0.69661929321641       -1.70533041938112
H           -2.99670334280295        0.58611894106507        2.67533046479716
H           -4.63374465639527        0.60730322685161        1.99988160975055
H           -3.68768938519570       -0.87922566467109        1.96325067712245
H           -2.08700969101698       -1.92800568978870        0.47200796177319
H            0.24530604678212       -2.67253449413257        0.28183196733276
H            2.65853351386707       -2.12705532476464        0.04616809744361
H            3.86635814536744        1.96506722140323       -0.19692103920571
H            1.54747525529586        2.68191522207788       -0.00158534797144
H           -0.84176032402789        2.14903000664009        0.23306364549522
H            5.82934751192924        0.92073306302526        0.55420856272345
H            5.66526849943768        0.86719306439117       -1.22790389507149
H            6.64432902178765       -0.35729189473453       -0.38187366321604
H           -4.25926779598667        0.26729421927667       -2.46093054053796
31
 energy: -49.346917875937 gnorm: 0.000113751995 xtb: 6.7.1 (edcfbbe)
C           -3.63130856085818        0.20231915576827        1.88185516350259
C           -3.05765143926697        0.60115131329249        0.52231451177249
H           -3.11561846802504        1.68357087947816        0.38408261977190
C           -1.61231888860425        0.16821184498725        0.37994307650685
C           -1.28917475827915       -1.20440382908119        0.38935029719875
C            0.00597491627168       -1.61957454954310        0.27777625575339
C            1.05791574585653       -0.68528576703064        0.15172185712206
C            2.40031524094468       -1.07934628086445        0.03778590620167
C            3.40722243202425       -0.14670461456566       -0.08712624112520
C            3.08783526038368        1.22576393974807       -0.10101495946641
C            1.78563886998882        1.62873661770909        0.00821925090277
C            0.73703310343794        0.69770919834884        0.13648070878066
C           -0.61150448371864        1.09358575857591        0.24802262220357
O            4.67638603011144       -0.63910549864022       -0.19152592972037
C            5.75602196442047        0.26715013534197       -0.31815238330502
C           -3.81795646607281       -0.04976577146274       -0.61211060781100
O           -4.34541741663912       -1.13962424701214       -0.56704041037051
O           -3.81330272535407        0.69759892983603       -1.70493861450029
H           -2.99587597996548        0.58478588895374        2.67533708075771
H           -4.63315323240091        0.60708708975745        2.00051002158134
H           -3.68778078910850       -0.87982511109694        1.96265423725498
H           -2.08692209420560       -1.92802951867970        0.47240601990003
H            0.24543454176662       -2.67253200301861        0.28268274500670
H            2.65870285020247       -2.12701810749152        0.04722863615385
H            3.86631093614809        1.96504734086121       -0.19776923234203
H            1.54732220741787        2.68185124822766       -0.00324115876948
H           -0.84185874229047        2.14896003268800        0.23173590896258
H            5.82948624138405        0.92060281864226        0.55498140634830
H            5.66535829357960        0.86740960190899       -1.22714910985172
H            6.64442488736104       -0.35725577979770       -0.38140572962497
H           -4.26055058892631        0.26858058772405       -2.46052532848471
31
 energy: -49.346918059522 gnorm: 0.000060775604 xtb: 6.7.1 (edcfbbe)
C           -3.63101621521898        0.20179828902747        1.88187681883183
C           -3.05758438129469        0.60110461279733        0.52237788727635
H           -3.11553818191495        1.68357454915145        0.38454109718989
C           -1.61230129500926        0.16815636326537        0.37963541810929
C           -1.28910310862093       -1.20444093463496        0.38949888803898
C            0.00605612707664       -1.61960998462524        0.27802919776392
C            1.05796905008034       -0.68533369191686        0.15166454914829
C            2.40042119341184       -1.07935771633341        0.03819355328465
C            3.40728899615133       -0.14670015637608       -0.08688427821192
C            3.08781802546216        1.22574107258381       -0.10156303282607
C            1.78556746185066        1.62867203245477        0.00713699217839
C            0.73700739141655        0.69763401200269        0.13570947413766
C           -0.61154112978690        1.09350554620778        0.24712202320724
O            4.67653159310725       -0.63905780761694       -0.19066034424787
C            5.75611602526410        0.26722547730728       -0.31753428552536
C           -3.81816639299233       -0.04942209427916       -0.61212475867696
O           -4.34527680077912       -1.13946886526864       -0.56731136143590
O           -3.81431035815072        0.69856285104290       -1.70447307710083
H           -2.99506111333208        0.58338272244999        2.67536497577782
H           -4.63257771153897        0.60709085112985        2.00115350204736
H           -3.68809995268841       -0.88036559803298        1.96201379642166
H           -2.08682401672139       -1.92806263488697        0.47279071835589
H            0.24553178778556       -2.67256148269885        0.28332380386772
H            2.65889260885652       -2.12700317087771        0.04819941241933
H            3.86627888776833        1.96501891817958       -0.19846999812115
H            1.54715572556498        2.68175855390967       -0.00492858139450
H           -0.84192894721237        2.14886644363186        0.23040320369292
H            5.82964176839595        0.92077595750315        0.55552580072527
H            5.66533980914181        0.86738197880792       -1.22658533192901
H            6.64454108704443       -0.35715101705105       -0.38081276028794
H           -4.26183904553359        0.26993622671082       -2.46012468240649
31
 energy: -49.346918239735 gnorm: 0.000030281852 xtb: 6.7.1 (edcfbbe)
C           -3.63071485405904        0.20123101588606        1.88193103257633
C           -3.05750349291281        0.60104896058778        0.52248094548537
H           -3.11541491627579        1.68357310863117        0.38506839310218
C           -1.61228173235497        0.16806388825214        0.37935323505795
C           -1.28902364355360       -1.20451467196317        0.38965005512551
C            0.00614550689034       -1.61967710700213        0.27824042893329
C            1.05802694121303       -0.68541106271849        0.15154213439359
C            2.40054260116392       -1.07938528288976        0.03860223945643
C            3.40737135919356       -0.14670134956004       -0.08657798238487
C            3.08779532094140        1.22570650149350       -0.10215874127924
C            1.78547688727580        1.62858108339512        0.00588932330485
C            0.73697289750303        0.69752544910453        0.13482365982008
C           -0.61158580804777        1.09338618110642        0.24613733853196
O            4.67672816134024       -0.63898790489134       -0.18942947036133
C            5.75621854237091        0.26733579344330       -0.31684337358873
C           -3.81834956973995       -0.04904616768915       -0.61214200220720
O           -4.34489471364334       -1.13939054294268       -0.56769084171055
O           -3.81550713101403        0.69972777843523       -1.70388441188621
H           -2.99414552419002        0.58167469838056        2.67547838025857
H           -4.63188032306326        0.60728903891405        2.00188957433806
H           -3.68870978726195       -0.88094350987143        1.96128033610005
H           -2.08670494516083       -1.92813438085311        0.47330334428263
H            0.24564142272278       -2.67262200139546        0.28394689752753
H            2.65911470029491       -2.12699939842037        0.04927460185574
H            3.86623433446395        1.96498842380755       -0.19919514191547
H            1.54695214673498        2.68163339481248       -0.00689408453182
H           -0.84201718942512        2.14873034711381        0.22887220840861
H            5.82976025996342        0.92132652904322        0.55589482879188
H            5.66530347812929        0.86703283199850       -1.22618192235018
H            6.64470551596948       -0.35698164276912       -0.37988828884765
H           -4.26326755788479        0.27159130212565       -2.45968407597694
31
 energy: -49.346918375026 gnorm: 0.000054063575 xtb: 6.7.1 (edcfbbe)
C           -3.63052595724977        0.20070135357090        1.88196413574387
C           -3.05741939400617        0.60097388408117        0.52259885697832
H           -3.11527757389117        1.68354859156764        0.38558156720611
C           -1.61225077547002        0.16794817652813        0.37911166065268
C           -1.28893181676097       -1.20461019438409        0.38984084626202
C            0.00624639501863       -1.61975464272194        0.27846348465583
C            1.05809080684724       -0.68548758610051        0.15146324992328
C            2.40066665389497       -1.07941013034278        0.03904042586092
C            3.40746054781111       -0.14670003933712       -0.08621893602672
C            3.08776834301848        1.22567125275668       -0.10273361805317
C            1.78538678643134        1.62849103140089        0.00472177580879
C            0.73694385970597        0.69741798572577        0.13402452906104
C           -0.61162593142945        1.09325474905911        0.24524712712260
O            4.67692235468781       -0.63891356445767       -0.18817497182424
C            5.75630677332401        0.26744332915165       -0.31626292634588
C           -3.81845838324949       -0.04870247533028       -0.61215913488954
O           -4.34434948043254       -1.13938604868897       -0.56819473434643
O           -3.81665390488671        0.70093285334871       -1.70327486309028
H           -2.99331478455679        0.57998214847425        2.67555091378254
H           -4.63127811344358        0.60758999125639        2.00259919067403
H           -3.68946359641990       -0.88148180695986        1.96053543502810
H           -2.08657563842051       -1.92823041610960        0.47379117329049
H            0.24577624385403       -2.67269038932246        0.28453204646107
H            2.65932440921772       -2.12699672003198        0.05029360086383
H            3.86617211237037        1.96496583944202       -0.19995533256370
H            1.54676485800930        2.68151283670388       -0.00870765104236
H           -0.84210609986288        2.14858126170111        0.22754168305096
H            5.82976870300624        0.92210123955916        0.55598402247610
H            5.66532354324115        0.86644481147514       -1.22605095457102
H            6.64487274767631       -0.35681027146168       -0.37881610542931
H           -4.26457480045097        0.27326425301118       -2.45924787640952
31
 energy: -49.346918462782 gnorm: 0.000056860428 xtb: 6.7.1 (edcfbbe)
C           -3.63042564998623        0.20029822392725        1.88197545257700
C           -3.05737013980056        0.60091089579954        0.52268089827405
H           -3.11517304707689        1.68352288683771        0.38594789905042
C           -1.61222949322799        0.16784883109436        0.37902751400141
C           -1.28886541634242       -1.20469627904245        0.39002037385926
C            0.00632688521630       -1.61981578129215        0.27869597017037
C            1.05813957839339       -0.68554033114071        0.15148293100570
C            2.40075496828240       -1.07942416715618        0.03938650533771
C            3.40751881715062       -0.14669760820846       -0.08600135016480
C            3.08773972733557        1.22564445209726       -0.10315373812948
C            1.78531838212528        1.62842629084957        0.00395476096899
C            0.73692301936531        0.69734249461225        0.13356097473298
C           -0.61165708769848        1.09315376571803        0.24474494980276
O            4.67705155237750       -0.63885699643770       -0.18732763166871
C            5.75636175559686        0.26751726695778       -0.31593631596958
C           -3.81847626689731       -0.04843503421450       -0.61222305016941
O           -4.34378099668550       -1.13941986938008       -0.56874966103228
O           -3.81747234033487        0.70191030093970       -1.70284794278236
H           -2.99278054104246        0.57868906116376        2.67564201383501
H           -4.63085351479176        0.60784181898861        2.00304861356474
H           -3.69013235835415       -0.88188572553440        1.95996592471027
H           -2.08647934655677       -1.92832174830615        0.47417066377336
H            0.24589834937128       -2.67274064198619        0.28501756900795
H            2.65947661793151       -2.12699040892670        0.05110454215275
H            3.86610576687727        1.96495030678961       -0.20059048891625
H            1.54662774440604        2.68142607678257       -0.00999266165000
H           -0.84218440223234        2.14846512713327        0.22670580618871
H            5.82964723479925        0.92284257469959        0.55582600130738
H            5.66542522769502        0.86582233257093       -1.22618672239627
H            6.64500317255448       -0.35668737367522       -0.37789923904405
H           -4.26544931086658        0.27455056190393       -2.45896194208719
