----------------------------------------------- 
  Element       SASA      Sigma Z        Total  
     Z         Ang**2 cal/Ang**2/mol   kcal/mol 
----------------------------------------------- 
      H        140.880      48.690       6.859
      C        122.217     129.740      15.856
      N          4.288       0.000       0.000
      O         54.264       0.000       0.000

 Subtotal:     321.649                  22.716
 -----------------------------------------------

  Elements    COT*SASA   Sigma Z,Z'     Total   
    Z,Z'       Ang**2  cal/Ang**2/mol kcal/mol  
 ---------------------------------------------- 
  H   C         84.226     -60.770      -5.118
  H   O          7.228       0.000       0.000
  C   C        170.126     -72.950     -12.411
  O   C         21.744      68.690       1.494
  O   O          0.000       0.000       0.000
  C   N          4.167       0.000       0.000
  N   C         23.084     -48.220      -1.113
  N  C(3)        0.000      84.100       0.000
  O   N          0.000     121.980       0.000

 Subtotal:                             -17.149
 ---------------------------------------------- 

 NONAQUEOUS SOLVENT CONTRIBUTION (kcal/mol):
 (proportional to SASA, atomic number independent)
 ---------------------------------------------- 
 Subtotal:                               0.000
 ---------------------------------------------- 

 CDS TOTAL (kcal/mol):                   5.567
...............................................................................
