----------------------------------------------- 
  Element       SASA      Sigma Z        Total  
     Z         Ang**2 cal/Ang**2/mol   kcal/mol 
----------------------------------------------- 
      H        140.196      48.690       6.826
      C         36.409     129.740       4.724
      O         33.113       0.000       0.000

 Subtotal:     209.717                  11.550
 -----------------------------------------------

  Elements    COT*SASA   Sigma Z,Z'     Total   
    Z,Z'       Ang**2  cal/Ang**2/mol kcal/mol  
 ---------------------------------------------- 
  H   C         94.491     -60.770      -5.742
  H   O          0.000       0.000       0.000
  C   C         21.924     -72.950      -1.599
  O   C         17.904      68.690       1.230
  O   O          0.000       0.000       0.000

 Subtotal:                              -6.112
 ---------------------------------------------- 

 NONAQUEOUS SOLVENT CONTRIBUTION (kcal/mol):
 (proportional to SASA, atomic number independent)
 ---------------------------------------------- 
 Subtotal:                               0.000
 ---------------------------------------------- 

 CDS TOTAL (kcal/mol):                   5.438
...............................................................................
