----------------------------------------------- 
  Element       SASA      Sigma Z        Total  
     Z         Ang**2 cal/Ang**2/mol   kcal/mol 
----------------------------------------------- 
      H        138.854      48.690       6.761
      C        124.123     129.740      16.104
      N          4.428       0.000       0.000
      O         52.064       0.000       0.000

 Subtotal:     319.470                  22.865
 -----------------------------------------------

  Elements    COT*SASA   Sigma Z,Z'     Total   
    Z,Z'       Ang**2  cal/Ang**2/mol kcal/mol  
 ---------------------------------------------- 
  H   C         80.855     -60.770      -4.914
  H   O          9.511       0.000       0.000
  C   C        172.498     -72.950     -12.584
  O   C         22.141      68.690       1.521
  O   O          0.000       0.000       0.000
  C   N          4.866       0.000       0.000
  N   C         23.916     -48.220      -1.153
  N  C(3)        0.000      84.100       0.000
  O   N          0.000     121.980       0.000

 Subtotal:                             -17.130
 ---------------------------------------------- 

 NONAQUEOUS SOLVENT CONTRIBUTION (kcal/mol):
 (proportional to SASA, atomic number independent)
 ---------------------------------------------- 
 Subtotal:                               0.000
 ---------------------------------------------- 

 CDS TOTAL (kcal/mol):                   5.735
...............................................................................
