17
 energy: -657.270633791228 gnorm: 0.000536453909 xtb: 6.7.1 (edcfbbe)
C            3.10745072514907       -0.88756456948461        0.32955493376667
C            2.68393497678949        0.42210475890014       -0.33290595451206
C            1.33171435472276        0.95204690215320        0.15315609372235
C            0.16576955304585        0.00502951076931       -0.15417332557873
C           -1.13910438902030        0.64293554279531        0.26336957388158
Cl          -2.56711224180172       -0.47882427622290       -0.07298931554482
H            2.43777741869114       -1.71225019102461        0.06535538099111
H            3.10567396596095       -0.79129291416721        1.42176119428983
H            4.11791711538871       -1.17371026173911        0.02014447215314
H            3.44500710470510        1.18678441645630       -0.13617499709482
H            2.64874125866426        0.28958996958994       -1.42194971329148
H            1.13688606397980        1.92298479831176       -0.31965847441715
H            1.37900990458236        1.13012906549105        1.23566548001896
H            0.29404313234271       -0.94165201603120        0.38029705349837
H            0.14415729064606       -0.21792310819650       -1.22764424382947
H           -1.17308538609102        0.84643546925488        1.33567924701173
H           -1.35042605420756        1.55871565196458       -0.29214571493816
17
 energy: -657.270636170872 gnorm: 0.000344685371 xtb: 6.7.1 (edcfbbe)
C            3.10798049303164       -0.88696190953822        0.32913798698735
C            2.68398653146979        0.42222528228224       -0.33323478813410
C            1.33174135369823        0.95048888714815        0.15432846085871
C            0.16548336043919        0.00440895578820       -0.15360187412467
C           -1.13911781211741        0.64340228886007        0.26234911861354
Cl          -2.56867835901833       -0.47706217327874       -0.07194514967993
H            2.43986810705578       -1.71257211202285        0.06441706940707
H            3.10558789141533       -0.79159321805734        1.42123933209757
H            4.11898211826390       -1.17188890458785        0.02050068193062
H            3.44474939186467        1.18758454811456       -0.13749086100085
H            2.64760777725654        0.28988706722673       -1.42239415699061
H            1.13654675359578        1.92227051712497       -0.31690850452801
H            1.37915794007205        1.12752345249305        1.23720600558554
H            0.29259282520818       -0.94227326152493        0.38126820450660
H            0.14461002714479       -0.21922442628657       -1.22696804342996
H           -1.17324991490164        0.84890214871822        1.33409526240225
H           -1.34949366355538        1.55842175824036       -0.29465654286545
17
 energy: -657.270636170872 gnorm: 0.000344685371 xtb: 6.7.1 (edcfbbe)
C            3.10798049303164       -0.88696190953822        0.32913798698735
C            2.68398653146979        0.42222528228224       -0.33323478813410
C            1.33174135369823        0.95048888714815        0.15432846085871
C            0.16548336043919        0.00440895578820       -0.15360187412467
C           -1.13911781211741        0.64340228886007        0.26234911861354
Cl          -2.56867835901833       -0.47706217327874       -0.07194514967993
H            2.43986810705578       -1.71257211202285        0.06441706940707
H            3.10558789141533       -0.79159321805734        1.42123933209757
H            4.11898211826390       -1.17188890458785        0.02050068193062
H            3.44474939186467        1.18758454811456       -0.13749086100085
H            2.64760777725654        0.28988706722673       -1.42239415699061
H            1.13654675359578        1.92227051712497       -0.31690850452801
H            1.37915794007205        1.12752345249305        1.23720600558554
H            0.29259282520818       -0.94227326152493        0.38126820450660
H            0.14461002714479       -0.21922442628657       -1.22696804342996
H           -1.17324991490164        0.84890214871822        1.33409526240225
H           -1.34949366355538        1.55842175824036       -0.29465654286545
