----------------------------------------------- 
  Element       SASA      Sigma Z        Total  
     Z         Ang**2 cal/Ang**2/mol   kcal/mol 
----------------------------------------------- 
      H        147.563      48.690       7.185
      C        111.493     129.740      14.465
      O         39.169       0.000       0.000
      F         20.136      38.180       0.769

 Subtotal:     318.360                  22.419
 -----------------------------------------------

  Elements    COT*SASA   Sigma Z,Z'     Total   
    Z,Z'       Ang**2  cal/Ang**2/mol kcal/mol  
 ---------------------------------------------- 
  H   C         90.692     -60.770      -5.511
  H   O          9.309       0.000       0.000
  C   C        148.031     -72.950     -10.799
  O   C         18.583      68.690       1.276
  O   O          0.000       0.000       0.000

 Subtotal:                             -15.034
 ---------------------------------------------- 

 NONAQUEOUS SOLVENT CONTRIBUTION (kcal/mol):
 (proportional to SASA, atomic number independent)
 ---------------------------------------------- 
 Subtotal:                               0.000
 ---------------------------------------------- 

 CDS TOTAL (kcal/mol):                   7.385
...............................................................................
