31
 energy: -829.594152456863 gnorm: 0.003708637857 xtb: 6.7.1 (edcfbbe)
C           -3.76380262004937        0.58488360277803       -1.80137474230055
C           -3.29778538029847       -0.40710969256004       -0.73580543786030
H           -3.55276044071253       -1.42787299332229       -1.03491263392081
C           -1.79546392579782       -0.35296324190175       -0.51874140171955
C           -0.99387615679545       -1.46562886820899       -0.77568766638061
C            0.38337380184883       -1.39623018322183       -0.61268603396064
C            1.01850620561239       -0.22279406407325       -0.18491882692258
C            0.17984366729817        0.86050529045824        0.08109250697677
C           -1.19226490660801        0.82436386262212       -0.07282347353061
F            0.72265118151448        2.01543968480618        0.55237180157427
C            2.48501719476864       -0.16297274185354       -0.02756684333378
C            3.16642246638693       -1.24102073049741        0.55263915354922
C            4.55134329943421       -1.22102567210092        0.67363388701673
C            5.27886296648393       -0.12492523751039        0.21601867252431
C            4.61057533043094        0.95054547779912       -0.36465463289020
C            3.22508971752068        0.93536244136196       -0.48491639845618
C           -3.97785516571503       -0.14444236587572        0.58981262880397
O           -4.43550027174068        0.92408557850712        0.94683266080993
O           -4.00286309152974       -1.24908624319542        1.37234802391775
H           -4.85161702560304        0.55064579801436       -1.90619313643923
H           -3.47340170419935        1.60590316600040       -1.54197551792545
H           -3.31175521088397        0.32706826476402       -2.76159644080054
H           -1.44921764616548       -2.38829848913977       -1.12062525675778
H            0.99407032099467       -2.26354270864729       -0.84151946549326
H           -1.77418653671640        1.70996582501806        0.16341972865838
H            2.60420209158603       -2.09261135472293        0.92287129113302
H            5.06240854808360       -2.06215606402102        1.13104691942292
H            6.35983430373512       -0.10914035856855        0.31019929933854
H            5.17069607161288        1.80434729785087       -0.73267975439959
H            2.71839149701318        1.76910760230850       -0.95848766636952
H           -4.41785155090379       -1.01911529606927        2.22186888137437
31
 energy: -829.594179177170 gnorm: 0.001971263288 xtb: 6.7.1 (edcfbbe)
C           -3.76616144685876        0.58532189682236       -1.80129318978148
C           -3.29943523143092       -0.40644127942300       -0.73623356407705
H           -3.55407499358128       -1.42722007458094       -1.03573501906312
C           -1.79623589422765       -0.35263785550463       -0.52018760421708
C           -0.99522737402722       -1.46574331533991       -0.77741708133704
C            0.38239772696751       -1.39710074377615       -0.61410784605542
C            1.01848361233362       -0.22424065015355       -0.18510082230132
C            0.17967311710030        0.85929034233171        0.08115662951045
C           -1.19229841965787        0.82439423773251       -0.07358435079290
F            0.72326705816492        2.01324470306980        0.55270379304606
C            2.48526869835004       -0.16413785780369       -0.02725226488451
C            3.16758004272298       -1.24161452086273        0.55372193961025
C            4.55273102858467       -1.22087904645821        0.67487984421182
C            5.27991840984517       -0.12459190875370        0.21682381705752
C            4.61103049779604        0.95065635274145       -0.36403329412142
C            3.22546711324003        0.93475958061812       -0.48452811984695
C           -3.98009004681157       -0.14458174942820        0.59006135455970
O           -4.44055402053136        0.92329535670487        0.94718363395037
O           -3.99632671264952       -1.24706197331807        1.37367520764713
H           -4.85368439809848        0.54727538642616       -1.91040803366348
H           -3.47968311323797        1.60723357254114       -1.54070596249507
H           -3.30932335734472        0.33020234765822       -2.76071657581114
H           -1.45142214906675       -2.38800225011343       -1.12277528547067
H            0.99300587226251       -2.26445543514743       -0.84377171890160
H           -1.77403642961731        1.71020167790678        0.16214703347904
H            2.60554799224418       -2.09319577216305        0.92457130231387
H            5.06428165731681       -2.06165313377483        1.13273172542970
H            6.36101002351298       -0.10847555001707        0.31085610825027
H            5.17085684884864        1.80490546369604       -0.73189503475022
H            2.71818498619977        1.76828476798402       -0.95805394013125
H           -4.40906654807424       -1.01574495703772        2.22426741909425
31
 energy: -829.594209599929 gnorm: 0.004253389474 xtb: 6.7.1 (edcfbbe)
C           -3.77431297259738        0.58683165615426       -1.80186778143248
C           -3.30393228070091       -0.40325865656545       -0.73822421988904
H           -3.55877767685784       -1.42441627191805       -1.03701627572594
C           -1.79826385968987       -0.35094752221695       -0.52613081008361
C           -0.99955959096136       -1.46549671092096       -0.78484911485694
C            0.37910402739473       -1.40008771749005       -0.62027468823889
C            1.01819245751995       -0.22953738479014       -0.18681207636494
C            0.17971746563388        0.85547775380210        0.07997346050390
C           -1.19183792313832        0.82486124697864       -0.07742327852087
F            0.72586693291902        2.00547233195783        0.55474642133469
C            2.48561970804853       -0.16892409390286       -0.02636518283384
C            3.17065535641531       -1.24412461324032        0.55750824670739
C            4.55635771603871       -1.22033047670927        0.67983661335150
C            5.28220573896923       -0.12334259529789        0.22070265969720
C            4.61134013035092        0.95053512630830       -0.36148761322282
C            3.22583547644128        0.93164220388801       -0.48352538325608
C           -3.97799760670424       -0.14331935401858        0.59450133071359
O           -4.46167671540328        0.91820723647446        0.94489155563906
O           -3.96819591485792       -1.23861748542372        1.38193569021811
H           -4.86027956604526        0.53202809510629       -1.92609551376578
H           -3.50610762128291        1.61239339775892       -1.53454531019630
H           -3.30061201306751        0.34459934447629       -2.75840614312429
H           -1.45868358560414       -2.38608346554807       -1.13187777761915
H            0.98873252454506       -2.26807491539609       -0.85208638600009
H           -1.77294267935875        1.71111764129657        0.15778419287987
H            2.60968347406829       -2.09602576184396        0.93000285172066
H            5.06960453879794       -2.05933387446986        1.13976679416396
H            6.36352085128872       -0.10551260022387        0.31496943698017
H            5.16996535466715        1.80618425645240       -0.72885880442112
H            2.71674535531568        1.76401544113099       -0.95750531549668
H           -4.37889339283138       -1.00464415896874        2.23367076848433
31
 energy: -829.594230282504 gnorm: 0.003169595425 xtb: 6.7.1 (edcfbbe)
C           -3.77477655006180        0.58752598284045       -1.80219562816616
C           -3.30376406787199       -0.40267571231069       -0.73916755931002
H           -3.55927166916028       -1.42375707493033       -1.03764186360880
C           -1.79827158937123       -0.35088656795227       -0.52725937604133
C           -0.99961556384350       -1.46521647730146       -0.78657664083523
C            0.37888118982702       -1.40041076287879       -0.62155689556187
C            1.01781617321733       -0.23029602014987       -0.18752763946386
C            0.17980465041788        0.85492946988032        0.07961157415089
C           -1.19177541971527        0.82455311631755       -0.07809266319768
F            0.72596894975118        2.00462277487309        0.55559367594553
C            2.48507773438476       -0.16990139883067       -0.02651587714571
C            3.16989066175820       -1.24471270076466        0.55780300567209
C            4.55541732819316       -1.22029798150878        0.68097134009579
C            5.28108791930429       -0.12321752000581        0.22213555035525
C            4.61024850705845        0.95006882281177       -0.36091050873738
C            3.22497742546617        0.93055166204210       -0.48375208642319
C           -3.97960192105033       -0.14426616595888        0.59277834728307
O           -4.46660599520321        0.91595016587718        0.94155869124093
O           -3.95818141566707       -1.23559412193620        1.38604545438648
H           -4.85998996482724        0.52836755680301       -1.92901168293346
H           -3.51223629269134        1.61373126644108       -1.53186450693479
H           -3.29840445114195        0.34918015260165       -2.75781997266216
H           -1.45870022129881       -2.38540405403447       -1.13436053267041
H            0.98805966877463       -2.26859670388877       -0.85339387640281
H           -1.77274007755922        1.71081239911312        0.15768588182807
H            2.60927011944807       -2.09689635336017        0.93000138986893
H            5.06872542889330       -2.05886585988761        1.14142818652325
H            6.36226272229983       -0.10479897989619        0.31722460498359
H            5.16870353736938        1.80571428602630       -0.72827848116641
H            2.71595548659569        1.76251078467411       -0.95838080845495
H           -4.36714240574160       -1.00143560060917        2.23839323077251
31
 energy: -829.594257281083 gnorm: 0.001678386011 xtb: 6.7.1 (edcfbbe)
C           -3.77546061485295        0.58862903898362       -1.80244816970780
C           -3.30255708428282       -0.40190153164877       -0.74077212155782
H           -3.55922147708297       -1.42299451806786       -1.03863608647229
C           -1.79789155690507       -0.35079106783551       -0.52990934955745
C           -0.99917906718507       -1.46461050041140       -0.79032604982869
C            0.37876051668134       -1.40056396014166       -0.62429970784113
C            1.01689915475652       -0.23115651690841       -0.18925366936525
C            0.17990230141508        0.85411456201232        0.07889945752421
C           -1.19174225764779        0.82386218147258       -0.07936642642429
F            0.72577499434477        2.00384291173078        0.55675109346432
C            2.48366655447045       -0.17139591936008       -0.02733170642025
C            3.16726415684042       -1.24573061454689        0.55791377839225
C            4.55231444183526       -1.22042153920154        0.68341259226559
C            5.27801419453736       -0.12322848496989        0.22546828548382
C            4.60782241901754        0.94890626840928       -0.35988913639398
C            3.22300777309998        0.92849734359590       -0.48471477874212
C           -3.97784960962748       -0.14433375619175        0.59076204632524
O           -4.47875879092941        0.91089867133746        0.93348360765518
O           -3.93599382718625       -1.22894479636258        1.39464768772390
H           -4.85922042923136        0.52175453191539       -1.93317583308991
H           -3.52318546849038        1.61560017718591       -1.52601276666895
H           -3.29461576384435        0.35779303155187       -2.75638099642652
H           -1.45782287130836       -2.38428613009682       -1.13929983290789
H            0.98719837279818       -2.26901431151181       -0.85595498711746
H           -1.77244163613256        1.70998939055648        0.15814957196378
H            2.60699162954374       -2.09838058396734        0.92915023148035
H            5.06528154655266       -2.05838096332278        1.14494385166264
H            6.35882022183059       -0.10375228833484        0.32288943485141
H            5.16625553960343        1.80426154446028       -0.72737480787816
H            2.71448603915672        1.75958687939898       -0.96112473224298
H           -4.34545779723383       -0.99655970024628        2.24669471231195
31
 energy: -829.594272130632 gnorm: 0.002216929624 xtb: 6.7.1 (edcfbbe)
C           -3.77730448822257        0.59010177758410       -1.80256129967780
C           -3.30198501441503       -0.40046905931285       -0.74216047394550
H           -3.56016557122004       -1.42157703189605       -1.03953362459902
C           -1.79799890973361       -0.35046514090118       -0.53380761526850
C           -0.99959950165485       -1.46395989837224       -0.79610916269224
C            0.37802545092377       -1.40067550298698       -0.62931733651893
C            1.01566724069986       -0.23209320207865       -0.19236717555994
C            0.17962723462974        0.85312444803743        0.07693756308356
C           -1.19201834096602        0.82316446711325       -0.08139220023173
F            0.72545887655931        2.00229604049312        0.55736191003690
C            2.48195955795901       -0.17319475641368       -0.02885861277427
C            3.16389322622924       -1.24694263828459        0.55855545509013
C            4.54849397114510       -1.22078570052283        0.68754091947083
C            5.27466220170762       -0.12355364535915        0.23063187461833
C            4.60573078659647        0.94729228162793       -0.35827987838454
C            3.22131660282968        0.92600793941638       -0.48641547410366
C           -3.97441639441688       -0.14339128304001        0.59020391833341
O           -4.50112189563253        0.90216326985206        0.92372455204644
O           -3.90185859549293       -1.21946627692079        1.40649491192909
H           -4.85946818450165        0.51268430566322       -1.93992355546020
H           -3.53807093549849        1.61798527346746       -1.51814698958006
H           -3.28825695365504        0.36945615993381       -2.75427125379992
H           -1.45809919592285       -2.38304421667059       -1.14666512820749
H            0.98605305606127       -2.26923741787871       -0.86132930928411
H           -1.77233409724941        1.70895583596162        0.15846419761144
H            2.60325652835099       -2.09975729503110        0.92877560138724
H            5.06062288015641       -2.05794818962986        1.15123305453512
H            6.35502488200305       -0.10296187517829        0.33159452683917
H            5.16454130225121        1.80220204477861       -0.72591313407424
H            2.71345565769146        1.75594922227873       -0.96547806192737
H           -4.31404246945539       -0.99056882678027        2.25786334077151
31
 energy: -829.594278668708 gnorm: 0.001368748366 xtb: 6.7.1 (edcfbbe)
C           -3.77781295231169        0.59053885902483       -1.80231595275179
C           -3.30244099670100       -0.40007484607343       -0.74186720089027
H           -3.56113370629660       -1.42111345101261       -1.03927509631936
C           -1.79833296798541       -0.35040821626620       -0.53451182508931
C           -1.00003337337395       -1.46384616440051       -0.79764175101811
C            0.37769862701987       -1.40041531576638       -0.63111223353935
C            1.01547892664457       -0.23187358779042       -0.19368492279213
C            0.17935583350343        0.85314950062872        0.07602879409991
C           -1.19229863367487        0.82315567176885       -0.08182878404567
F            0.72533908868956        2.00218778426215        0.55633184472248
C            2.48174981636365       -0.17315389720188       -0.02969022346418
C            3.16309174959758       -1.24684188432104        0.55880961595954
C            4.54763612061671       -1.22088304582043        0.68898447418355
C            5.27437666827773       -0.12392324014349        0.23211483252316
C            4.60616336552270        0.94680209894327       -0.35795012776826
C            3.22174974505643        0.92577785041619       -0.48719953695505
C           -3.97397500017438       -0.14338352390430        0.59107763664147
O           -4.50871952459540        0.89818752258071        0.92288673313339
O           -3.89334502090438       -1.21750473282700        1.40887590772354
H           -4.85970166858498        0.51215433812603       -1.94117490635674
H           -3.53964382251058        1.61830962585851       -1.51728317566589
H           -3.28710662626092        0.37100065216602       -2.75359441535487
H           -1.45868725019116       -2.38292112960527       -1.14824587102182
H            0.98602558728324       -2.26873788121355       -0.86351809990074
H           -1.77268654565581        1.70875251178226        0.15851173653050
H            2.60171735805030       -2.09921033084153        0.92906268448951
H            5.05918878399960       -2.05798233084124        1.15352235778180
H            6.35467409908652       -0.10350083895059        0.33403850974202
H            5.16547229443945        1.80147130041561       -0.72552184148553
H            2.71425716433687        1.75557810478833       -0.96698629452452
H           -4.30701158554478       -0.98999956099183        2.25999820098287
31
 energy: -829.594286888437 gnorm: 0.001083790850 xtb: 6.7.1 (edcfbbe)
C           -3.77831468534305        0.59138002865894       -1.80122131255193
C           -3.30364540046555       -0.39967681921385       -0.74058147714789
H           -3.56305339434647       -1.42043295786514       -1.03849906839182
C           -1.79912150896684       -0.35035672701892       -0.53483657346405
C           -1.00077285300009       -1.46342414653440       -0.79983775206989
C            0.37730561194236       -1.39911503392685       -0.63481368483108
C            1.01542136314471       -0.23035187689865       -0.19700085091058
C            0.17876128509920        0.85413976991564        0.07351239454710
C           -1.19302152315933        0.82348847777725       -0.08240417524719
F            0.72506302186028        2.00309433430125        0.55272893481871
C            2.48171815412699       -0.17199318565688       -0.03183569441650
C            3.16139737084246       -1.24572697620413        0.55935344577200
C            4.54583559839269       -1.22117608369914        0.69182382901717
C            5.27449483556152       -0.12538204638154        0.23472678317041
C            4.60833189717025        0.94558371020296       -0.35748312706976
C            3.22388590549544        0.92601576381226       -0.48910535789487
C           -3.97511375867504       -0.14498738249410        0.59316921280805
O           -4.52539655336450        0.88873167997229        0.92243308088696
O           -3.87947126735694       -1.21538098880782        1.41257983216459
H           -4.86023724024958        0.51494068131311       -1.94078437552465
H           -3.53748897259460        1.61869639340117       -1.51746096863346
H           -3.28718737222177        0.37045425864182       -2.75241343787549
H           -1.45970952014813       -2.38257652863148       -1.15029257956656
H            0.98659635057823       -2.26662133132674       -0.86835130435422
H           -1.77392648015687        1.70851177971747        0.15869711175695
H            2.59780295346584       -2.09660269986559        0.92990293757049
H            5.05565091262353       -2.05830179902602        1.15846632835726
H            6.35472860792632       -0.10612675281715        0.33843911409298
H            5.16931767846029        1.79940481229490       -0.72484796493238
H            2.71774971356828        1.75595798544243       -0.97027539779378
H           -4.29656114836825       -0.99087262824043        2.26303672268398
31
 energy: -829.594290893410 gnorm: 0.000974168950 xtb: 6.7.1 (edcfbbe)
C           -3.77916489548189        0.59221069074503       -1.80048546162093
C           -3.30409321792314       -0.39924361499256       -0.74058844111256
H           -3.56351976862901       -1.41993029444085       -1.03906576839892
C           -1.79946328803317       -0.34997467593051       -0.53574367550792
C           -1.00097657929031       -1.46256521871479       -0.80217569167969
C            0.37716302979876       -1.39808295884310       -0.63780298651150
C            1.01523649796092       -0.22948306576928       -0.19949601909836
C            0.17855145396024        0.85483501455282        0.07183165882965
C           -1.19336501264778        0.82384666099729       -0.08314993294976
F            0.72507237123498        2.00373390382168        0.55080095044234
C            2.48145393417670       -0.17159252557396       -0.03323101035379
C            3.15968884724682       -1.24522314881242        0.55985851616004
C            4.54391148683669       -1.22143310020426        0.69437397007469
C            5.27390860697364       -0.12656550857845        0.23724763645975
C            4.60924779556318        0.94425335633759       -0.35688428712447
C            3.22496114721027        0.92555780589707       -0.49038823219633
C           -3.97686098915681       -0.14721458808265        0.59324610375628
O           -4.54073133682906        0.88096604663728        0.91860900764307
O           -3.86414183912408       -1.21258157335311        1.41793186278564
H           -4.86111034360690        0.51576124670187       -1.94011542686298
H           -3.53828934717793        1.61964389350913       -1.51636729020118
H           -3.28800589266752        0.37160836706109       -2.75181011139364
H           -1.45997373648858       -2.38157099059083       -1.15289743970376
H            0.98662886647049       -2.26526140280652       -0.87209290184047
H           -1.77457292693644        1.70847826521560        0.15878186521080
H            2.59488097858929       -2.09522915959542        0.93053372499583
H            5.05250797714604       -2.05840914655499        1.16259034769196
H            6.35401972705447       -0.10797044139033        0.34241206041642
H            5.17137556797483        1.79737785872934       -0.72410519561802
H            2.72005157543880        1.75548921103618       -0.97288447345120
H           -4.28335743921918       -0.99013559754908        2.26787232324304
31
 energy: -829.594290893410 gnorm: 0.000974168950 xtb: 6.7.1 (edcfbbe)
C           -3.77916489548189        0.59221069074503       -1.80048546162093
C           -3.30409321792314       -0.39924361499256       -0.74058844111256
H           -3.56351976862901       -1.41993029444085       -1.03906576839892
C           -1.79946328803317       -0.34997467593051       -0.53574367550792
C           -1.00097657929031       -1.46256521871479       -0.80217569167969
C            0.37716302979876       -1.39808295884310       -0.63780298651150
C            1.01523649796092       -0.22948306576928       -0.19949601909836
C            0.17855145396024        0.85483501455282        0.07183165882965
C           -1.19336501264778        0.82384666099729       -0.08314993294976
F            0.72507237123498        2.00373390382168        0.55080095044234
C            2.48145393417670       -0.17159252557396       -0.03323101035379
C            3.15968884724682       -1.24522314881242        0.55985851616004
C            4.54391148683669       -1.22143310020426        0.69437397007469
C            5.27390860697364       -0.12656550857845        0.23724763645975
C            4.60924779556318        0.94425335633759       -0.35688428712447
C            3.22496114721027        0.92555780589707       -0.49038823219633
C           -3.97686098915681       -0.14721458808265        0.59324610375628
O           -4.54073133682906        0.88096604663728        0.91860900764307
O           -3.86414183912408       -1.21258157335311        1.41793186278564
H           -4.86111034360690        0.51576124670187       -1.94011542686298
H           -3.53828934717793        1.61964389350913       -1.51636729020118
H           -3.28800589266752        0.37160836706109       -2.75181011139364
H           -1.45997373648858       -2.38157099059083       -1.15289743970376
H            0.98662886647049       -2.26526140280652       -0.87209290184047
H           -1.77457292693644        1.70847826521560        0.15878186521080
H            2.59488097858929       -2.09522915959542        0.93053372499583
H            5.05250797714604       -2.05840914655499        1.16259034769196
H            6.35401972705447       -0.10797044139033        0.34241206041642
H            5.17137556797483        1.79737785872934       -0.72410519561802
H            2.72005157543880        1.75548921103618       -0.97288447345120
H           -4.28335743921918       -0.99013559754908        2.26787232324304
