----------------------------------------------- 
  Element       SASA      Sigma Z        Total  
     Z         Ang**2 cal/Ang**2/mol   kcal/mol 
----------------------------------------------- 
      H        153.066      48.690       7.453
      C        101.333     129.740      13.147
      O         52.472       0.000       0.000

 Subtotal:     306.870                  20.600
 -----------------------------------------------

  Elements    COT*SASA   Sigma Z,Z'     Total   
    Z,Z'       Ang**2  cal/Ang**2/mol kcal/mol  
 ---------------------------------------------- 
  H   C         95.802     -60.770      -5.822
  H   O          7.987       0.000       0.000
  C   C        122.545     -72.950      -8.940
  O   C         23.262      68.690       1.598
  O   O          0.000       0.000       0.000

 Subtotal:                             -13.164
 ---------------------------------------------- 

 NONAQUEOUS SOLVENT CONTRIBUTION (kcal/mol):
 (proportional to SASA, atomic number independent)
 ---------------------------------------------- 
 Subtotal:                               0.000
 ---------------------------------------------- 

 CDS TOTAL (kcal/mol):                   7.436
...............................................................................
