----------------------------------------------- 
  Element       SASA      Sigma Z        Total  
     Z         Ang**2 cal/Ang**2/mol   kcal/mol 
----------------------------------------------- 
      H        139.018      48.690       6.769
      C         38.192     129.740       4.955
      O         27.819       0.000       0.000

 Subtotal:     205.029                  11.724
 -----------------------------------------------

  Elements    COT*SASA   Sigma Z,Z'     Total   
    Z,Z'       Ang**2  cal/Ang**2/mol kcal/mol  
 ---------------------------------------------- 
  H   C         93.721     -60.770      -5.695
  H   O          0.000       0.000       0.000
  C   C         28.555     -72.950      -2.083
  O   C         14.756      68.690       1.014
  O   O          0.000       0.000       0.000

 Subtotal:                              -6.765
 ---------------------------------------------- 

 NONAQUEOUS SOLVENT CONTRIBUTION (kcal/mol):
 (proportional to SASA, atomic number independent)
 ---------------------------------------------- 
 Subtotal:                               0.000
 ---------------------------------------------- 

 CDS TOTAL (kcal/mol):                   4.959
...............................................................................
