----------------------------------------------- 
  Element       SASA      Sigma Z        Total  
     Z         Ang**2 cal/Ang**2/mol   kcal/mol 
----------------------------------------------- 
      H        146.479      48.690       7.132
      C        112.424     129.740      14.586
      O         38.548       0.000       0.000
      F         20.100      38.180       0.767

 Subtotal:     317.551                  22.485
 -----------------------------------------------

  Elements    COT*SASA   Sigma Z,Z'     Total   
    Z,Z'       Ang**2  cal/Ang**2/mol kcal/mol  
 ---------------------------------------------- 
  H   C         89.987     -60.770      -5.469
  H   O          9.292       0.000       0.000
  C   C        149.485     -72.950     -10.905
  O   C         19.670      68.690       1.351
  O   O          0.000       0.000       0.000

 Subtotal:                             -15.022
 ---------------------------------------------- 

 NONAQUEOUS SOLVENT CONTRIBUTION (kcal/mol):
 (proportional to SASA, atomic number independent)
 ---------------------------------------------- 
 Subtotal:                               0.000
 ---------------------------------------------- 

 CDS TOTAL (kcal/mol):                   7.463
...............................................................................
