----------------------------------------------- 
  Element       SASA      Sigma Z        Total  
     Z         Ang**2 cal/Ang**2/mol   kcal/mol 
----------------------------------------------- 
      H        142.629      48.690       6.945
      C         36.383     129.740       4.720
      O         30.014       0.000       0.000

 Subtotal:     209.026                  11.665
 -----------------------------------------------

  Elements    COT*SASA   Sigma Z,Z'     Total   
    Z,Z'       Ang**2  cal/Ang**2/mol kcal/mol  
 ---------------------------------------------- 
  H   C         95.872     -60.770      -5.826
  H   O          0.000       0.000       0.000
  C   C         26.382     -72.950      -1.925
  O   C         15.947      68.690       1.095
  O   O          0.000       0.000       0.000

 Subtotal:                              -6.655
 ---------------------------------------------- 

 NONAQUEOUS SOLVENT CONTRIBUTION (kcal/mol):
 (proportional to SASA, atomic number independent)
 ---------------------------------------------- 
 Subtotal:                               0.000
 ---------------------------------------------- 

 CDS TOTAL (kcal/mol):                   5.010
...............................................................................
