----------------------------------------------- 
  Element       SASA      Sigma Z        Total  
     Z         Ang**2 cal/Ang**2/mol   kcal/mol 
----------------------------------------------- 
      H        140.085      48.690       6.821
      C         36.132     129.740       4.688
      O         29.743       0.000       0.000

 Subtotal:     205.960                  11.508
 -----------------------------------------------

  Elements    COT*SASA   Sigma Z,Z'     Total   
    Z,Z'       Ang**2  cal/Ang**2/mol kcal/mol  
 ---------------------------------------------- 
  H   C         94.450     -60.770      -5.740
  H   O          0.000       0.000       0.000
  C   C         27.329     -72.950      -1.994
  O   C         16.386      68.690       1.126
  O   O          0.000       0.000       0.000

 Subtotal:                              -6.608
 ---------------------------------------------- 

 NONAQUEOUS SOLVENT CONTRIBUTION (kcal/mol):
 (proportional to SASA, atomic number independent)
 ---------------------------------------------- 
 Subtotal:                               0.000
 ---------------------------------------------- 

 CDS TOTAL (kcal/mol):                   4.901
...............................................................................
