20
 energy: -386.242542322343 gnorm: 0.023246702882 xtb: 6.7.1 (edcfbbe)
C           -3.63584098895616       -0.66708274429731        0.23681302704605
C           -2.38152176196739        0.20245597961225        0.24094453456441
C           -1.15558294273045       -0.59666712811812       -0.20844037129622
C            0.11833816771758        0.20103981602192       -0.18377649460093
O            0.19003009348202        1.40648843031323        0.03274650952110
O            1.18869587861623       -0.57852157694369       -0.45792250694641
C            2.49938956646123        0.05269843671375       -0.43105440365610
C            3.02592335358906        0.13562268783827        0.99328296347571
H           -4.50680044326050       -0.08877944195460        0.57351590842576
H           -3.85223124990917       -1.05071829648716       -0.77517548720996
H           -3.51679497681759       -1.53379314349903        0.90943261752010
H           -2.20215984939566        0.60245788985117        1.25618705388536
H           -2.52550894122209        1.07260438548623       -0.42338457843982
H           -1.28654186396963       -0.97787334338647       -1.24173431785195
H           -1.00613643884501       -1.49112892885378        0.42267697971461
H            3.12365272128903       -0.60182652883542       -1.05284640984184
H            2.43279970555634        1.04411021749717       -0.90344761527805
H            2.39749090229641        0.78717513346831        1.61600810059625
H            3.07049028176638       -0.86367965880265        1.45114755240469
H            4.03756251060880        0.55074068468880        0.97342895536749
20
 energy: -386.243122585727 gnorm: 0.007106784079 xtb: 6.7.1 (edcfbbe)
C           -3.63861532351654       -0.66618719233894        0.23788923470321
C           -2.38151232440418        0.19746629581411        0.24091649038226
C           -1.15640553736110       -0.59243836734418       -0.20812874878457
C            0.11799055566832        0.20239161042151       -0.19160434058820
O            0.19770012580646        1.39977535724034        0.03327815634558
O            1.18629192787671       -0.57831016237488       -0.45861327832443
C            2.50020808730069        0.05365332096709       -0.42706860299787
C            3.02770999142169        0.13648022902651        0.99058784544157
H           -4.51084039649068       -0.09468726223009        0.57155722837556
H           -3.85115320712953       -1.04887716938148       -0.76801166480666
H           -3.52408898296757       -1.52862493559620        0.90588617385449
H           -2.20310042462334        0.59607025333618        1.24833949171673
H           -2.51839481491481        1.06230835047038       -0.42032846862233
H           -1.29015534115833       -0.97157870797656       -1.23270476790573
H           -1.01005588728315       -1.48122507586555        0.42051265090180
H            3.12406715460421       -0.59677857513516       -1.04506830146563
H            2.43501809746036        1.03946012067013       -0.89824254391618
H            2.39967635934303        0.78333291311078        1.61074216535472
H            3.07106810261022       -0.85884455581001        1.44502004624396
H            4.03984580195919        0.55193644338979        0.97344297403739
20
 energy: -386.243161721824 gnorm: 0.002928764377 xtb: 6.7.1 (edcfbbe)
C           -3.63601844993544       -0.66579543276392        0.23503872495237
C           -2.37977019439456        0.19874899728043        0.24034127448721
C           -1.15758869666843       -0.59405539080624       -0.20623968249705
C            0.11699929735143        0.20005640691732       -0.18126046045467
O            0.19759640740238        1.39722012984616        0.03538629209216
O            1.18403846200555       -0.57904424124848       -0.45477231066155
C            2.49974147270045        0.05525975982128       -0.42739474292573
C            3.02637362662045        0.13634931849013        0.98804177845201
H           -4.50776729737895       -0.09451577124340        0.56722111523414
H           -3.84749542927641       -1.04840773689231       -0.76900061318413
H           -3.52413881776789       -1.52599126621644        0.90340693044505
H           -2.20397134872293        0.59551770092153        1.24624068756262
H           -2.51529209567753        1.06181723035366       -0.41995483143040
H           -1.28880058341417       -0.97253380191171       -1.22845123376409
H           -1.01189155959658       -1.47996576973706        0.42283493980244
H            3.12067458668859       -0.59479410431329       -1.04615657858199
H            2.43116882900680        1.03907216765502       -0.89785902989722
H            2.40057255926080        0.78150461181110        1.60993610279452
H            3.07243882155863       -0.85776154655159        1.44125041297811
H            4.03838486550133        0.55264205327920        0.96979179474483
20
 energy: -386.243173076004 gnorm: 0.001325240810 xtb: 6.7.1 (edcfbbe)
C           -3.63617673261684       -0.66552548407077        0.23423522086536
C           -2.37959134221509        0.19867218814086        0.24110334388162
C           -1.15772369515895       -0.59472705850498       -0.20506692285123
C            0.11649858196716        0.20040168232838       -0.18425066011557
O            0.19798958989049        1.39669988202417        0.03833246041675
O            1.18359620349921       -0.57959380834102       -0.45523108567241
C            2.49999229316377        0.05547174864943       -0.42710851587315
C            3.02655210910894        0.13656746086869        0.98777054825294
H           -4.50818426542246       -0.09351326694089        0.56506685175057
H           -3.84610611614896       -1.04832927779834       -0.77028458235023
H           -3.52470624508869       -1.52540216859594        0.90342065003937
H           -2.20446628459786        0.59536941171335        1.24727246220214
H           -2.51485443569986        1.06155402472358       -0.41974555173389
H           -1.28925342735029       -0.97311055557517       -1.22729108470398
H           -1.01128777224619       -1.48032840482729        0.42455984346613
H            3.11999820959956       -0.59509964327586       -1.04641421321411
H            2.42985257169001        1.03905371863511       -0.89801290177696
H            2.40081931948422        0.78139586310988        1.61028852791990
H            3.07393927891437       -0.85783227841158        1.44053451024527
H            4.03836683754496        0.55359941415808        0.96922125887038
20
 energy: -386.243178151818 gnorm: 0.000604013287 xtb: 6.7.1 (edcfbbe)
C           -3.63800310781032       -0.66488370679512        0.23247189151562
C           -2.38040376906943        0.19812908327131        0.24144221371564
C           -1.15771389810336       -0.59517765670286       -0.20253910329586
C            0.11698412484756        0.19953879926162       -0.18176514049085
O            0.19890165854961        1.39589525673486        0.04256888543864
O            1.18343744767817       -0.58063155734320       -0.45480511148680
C            2.50062202266209        0.05600616324540       -0.42755279777718
C            3.02839007313141        0.13685549229592        0.98641789392993
H           -4.51083261652154       -0.09199875426146        0.56042929900568
H           -3.84466632258667       -1.04833019505838       -0.77286980404681
H           -3.52789063721405       -1.52451755407621        0.90280344791494
H           -2.20674368232461        0.59479593365978        1.24832110875550
H           -2.51373587425700        1.06128412609412       -0.42007857604750
H           -1.28861402210767       -0.97486223366276       -1.22481122798815
H           -1.01176962852620       -1.48003615317715        0.42885281456399
H            3.11960413805031       -0.59446709264221       -1.04834740111246
H            2.42780645048797        1.03975699622691       -0.89827221788548
H            2.40228913312261        0.78052536641078        1.61022876833077
H            3.07797313291815       -0.85810591596408        1.43845115623893
H            4.03962072174758        0.55554749362143        0.96745275005080
20
 energy: -386.243183901448 gnorm: 0.001477554270 xtb: 6.7.1 (edcfbbe)
C           -3.64012852688108       -0.66361492125345        0.22761388512755
C           -2.38145313452691        0.19818445634124        0.24225882202758
C           -1.15814873736786       -0.59704163830040       -0.19640275053193
C            0.11701450549174        0.19736889275986       -0.17498846021542
O            0.19918631094110        1.39311553962612        0.05309435263091
O            1.18256405780090       -0.58191020993491       -0.45324632422421
C            2.50095782193215        0.05742679280026       -0.42890371965544
C            3.03214620822786        0.13723475077832        0.98308199588268
H           -4.51421446854444       -0.08882036149083        0.54899946922231
H           -3.84124728867390       -1.04898958626773       -0.77825845766397
H           -3.53529769728663       -1.52213800494717        0.90043170257230
H           -2.21178262620246        0.59503250924671        1.24990457471644
H           -2.51072375593768        1.06145368955374       -0.42017114774693
H           -1.28670160371044       -0.98015132079079       -1.21781037329402
H           -1.01337649105913       -1.47990408472958        0.43831293209879
H            3.11801188674368       -0.59209216423924       -1.05261622931534
H            2.42375656559416        1.04119096656890       -0.89876177608898
H            2.40595811014934        0.77779194648240        1.61008439411606
H            3.08675847013142       -0.85828399583807        1.43351107172055
H            4.04197724769115        0.55947170777339        0.96226182792609
20
 energy: -386.243189782194 gnorm: 0.001538184032 xtb: 6.7.1 (edcfbbe)
C           -3.64239425328852       -0.66239367441542        0.22304038269325
C           -2.38275905768654        0.19776800174552        0.24260182297629
C           -1.15806595642027       -0.59858805992585       -0.19038045633970
C            0.11714007477374        0.19585845231185       -0.16860082326755
O            0.19885152231742        1.39110805872762        0.06206148686161
O            1.18240760198674       -0.58186014707076       -0.45157593694334
C            2.50056053523924        0.05871890614653       -0.43027828442060
C            3.03609099805964        0.13724451850641        0.98030204517663
H           -4.51751825531496       -0.08605921103450        0.53859762720739
H           -3.83866838942537       -1.04932483922510       -0.78312907195377
H           -3.54236070838023       -1.51982969512119        0.89781107946658
H           -2.21709987661568        0.59506872750768        1.25070763438926
H           -2.50847154547992        1.06089223737472       -0.42064211702039
H           -1.28441547234902       -0.98590941616494       -1.21043928419735
H           -1.01497694053464       -1.47923062985223        0.44787890574730
H            3.11617266773073       -0.58939893465237       -1.05680564534642
H            2.42100663639511        1.04293735613567       -0.89862618963735
H            2.41023545183768        0.77493360019464        1.61049884386731
H            3.09487519234486       -0.85890810489438        1.42870921618622
H            4.04464797508721        0.56229885153384        0.95666169338339
20
 energy: -386.243203590120 gnorm: 0.001290978641 xtb: 6.7.1 (edcfbbe)
C           -3.64881158669054       -0.65884955623072        0.20668425749322
C           -2.38681745659208        0.19721173657249        0.24366685776315
C           -1.15814621703543       -0.60432394699811       -0.16890259935709
C            0.11608883129037        0.19192899496897       -0.14802701054570
O            0.19686831271702        1.38503650411753        0.09364366912120
O            1.18077589522831       -0.58078323550484       -0.44576588494105
C            2.49689056713358        0.06319100838550       -0.43446609881825
C            3.04959046741306        0.13639951978172        0.97043270809630
H           -4.52721347349037       -0.07670415806730        0.50227118052967
H           -3.82868567109425       -1.05108394785884       -0.80054881572921
H           -3.56547524909722       -1.51243967354523        0.88854511367186
H           -2.23538718279569        0.59699208194672        1.25296345801146
H           -2.49968098186030        1.05871823832522       -0.42394541587050
H           -1.27625627291500       -1.00712380354828       -1.18387918994653
H           -1.01924491189695       -1.47588417670919        0.48312637239348
H            3.10792273325248       -0.57943123735242       -1.07106379080779
H            2.40997902363236        1.04971055270149       -0.89653571112788
H            2.42612708494391        0.76437166855323        1.61256094306955
H            3.12271836462368       -0.86216253511923        1.41119772373464
H            4.05402034034898        0.57055556895147        0.93642537845139
20
 energy: -386.243207944349 gnorm: 0.000629807305 xtb: 6.7.1 (edcfbbe)
C           -3.65397108436892       -0.65624210513485        0.19323415312500
C           -2.39030015308372        0.19657822498851        0.24330967831605
C           -1.15773073165735       -0.60823489128229       -0.15031497009565
C            0.11522705757800        0.18987701099782       -0.13055753856439
O            0.19633105291796        1.38077843165739        0.12046839031312
O            1.17955833845078       -0.57889389528346       -0.44090824868335
C            2.49327645701235        0.06735944373681       -0.43803397716342
C            3.05971506219828        0.13442765070027        0.96188601561687
H           -4.53512011531606       -0.07036899298368        0.47278321039329
H           -3.82005598815845       -1.05352304038167       -0.81424670166173
H           -3.58265591641986       -1.50602146461167        0.88085935559847
H           -2.25128265320757        0.60041595947895        1.25254239672351
H           -2.49293010770744        1.05522722100900       -0.42940319902630
H           -1.26854312500044       -1.02489953534814       -1.16016842231755
H           -1.02125544433362       -1.47058577811229        0.51447443862916
H            3.09993491301680       -0.56998858524017       -1.08408779922044
H            2.39995810032174        1.05632174345388       -0.89356606724664
H            2.44019318499049        0.75470779322905        1.61519492279890
H            3.14377931840812       -0.86629630992811        1.39550437462854
H            4.06113770486564        0.57469365809575        0.91940543406332
20
 energy: -386.243207944349 gnorm: 0.000629807305 xtb: 6.7.1 (edcfbbe)
C           -3.65397108436892       -0.65624210513485        0.19323415312500
C           -2.39030015308372        0.19657822498851        0.24330967831605
C           -1.15773073165735       -0.60823489128229       -0.15031497009565
C            0.11522705757800        0.18987701099782       -0.13055753856439
O            0.19633105291796        1.38077843165739        0.12046839031312
O            1.17955833845078       -0.57889389528346       -0.44090824868335
C            2.49327645701235        0.06735944373681       -0.43803397716342
C            3.05971506219828        0.13442765070027        0.96188601561687
H           -4.53512011531606       -0.07036899298368        0.47278321039329
H           -3.82005598815845       -1.05352304038167       -0.81424670166173
H           -3.58265591641986       -1.50602146461167        0.88085935559847
H           -2.25128265320757        0.60041595947895        1.25254239672351
H           -2.49293010770744        1.05522722100900       -0.42940319902630
H           -1.26854312500044       -1.02489953534814       -1.16016842231755
H           -1.02125544433362       -1.47058577811229        0.51447443862916
H            3.09993491301680       -0.56998858524017       -1.08408779922044
H            2.39995810032174        1.05632174345388       -0.89356606724664
H            2.44019318499049        0.75470779322905        1.61519492279890
H            3.14377931840812       -0.86629630992811        1.39550437462854
H            4.06113770486564        0.57469365809575        0.91940543406332
