----------------------------------------------- 
  Element       SASA      Sigma Z        Total  
     Z         Ang**2 cal/Ang**2/mol   kcal/mol 
----------------------------------------------- 
      H        143.531      48.690       6.989
      C         36.153     129.740       4.690
      O         31.952       0.000       0.000

 Subtotal:     211.635                  11.679
 -----------------------------------------------

  Elements    COT*SASA   Sigma Z,Z'     Total   
    Z,Z'       Ang**2  cal/Ang**2/mol kcal/mol  
 ---------------------------------------------- 
  H   C         96.770     -60.770      -5.881
  H   O          0.000       0.000       0.000
  C   C         26.778     -72.950      -1.953
  O   C         17.820      68.690       1.224
  O   O          0.000       0.000       0.000

 Subtotal:                              -6.610
 ---------------------------------------------- 

 NONAQUEOUS SOLVENT CONTRIBUTION (kcal/mol):
 (proportional to SASA, atomic number independent)
 ---------------------------------------------- 
 Subtotal:                               0.000
 ---------------------------------------------- 

 CDS TOTAL (kcal/mol):                   5.069
...............................................................................
