----------------------------------------------- 
  Element       SASA      Sigma Z        Total  
     Z         Ang**2 cal/Ang**2/mol   kcal/mol 
----------------------------------------------- 
      H        143.630      48.690       6.993
      C        111.464     129.740      14.461
      O         39.376       0.000       0.000
      F         20.206      38.180       0.771

 Subtotal:     314.676                  22.226
 -----------------------------------------------

  Elements    COT*SASA   Sigma Z,Z'     Total   
    Z,Z'       Ang**2  cal/Ang**2/mol kcal/mol  
 ---------------------------------------------- 
  H   C         89.162     -60.770      -5.418
  H   O          8.413       0.000       0.000
  C   C        148.362     -72.950     -10.823
  O   C         20.166      68.690       1.385
  O   O          0.000       0.000       0.000

 Subtotal:                             -14.856
 ---------------------------------------------- 

 NONAQUEOUS SOLVENT CONTRIBUTION (kcal/mol):
 (proportional to SASA, atomic number independent)
 ---------------------------------------------- 
 Subtotal:                               0.000
 ---------------------------------------------- 

 CDS TOTAL (kcal/mol):                   7.370
...............................................................................
