16
 energy: -17.084695944202 gnorm: 0.021720402743 xtb: 6.7.1 (edcfbbe)
C            1.84428609156235       -0.76570900515181       -0.10488379723473
C            1.11911509039238        0.39423190773330        0.57435177803440
C            0.01168461433955        1.01207055108611       -0.28482465836070
C           -1.09922078853607        0.04141402597382       -0.69211340715643
N           -1.81677688205565       -0.60738344452955        0.42176311792516
H            2.68709886926817       -1.11181556747073        0.50218297644240
H            1.18064746050565       -1.62241923967153       -0.26285011433453
H            2.23697047771656       -0.46404189267704       -1.08291571559499
H            0.70054887851528        0.05478640833764        1.53079856443079
H            1.84359760872127        1.17881244808132        0.82388933465610
H           -0.43975148480850        1.85333732615027        0.25888307618125
H            0.45640842477805        1.43019623011960       -1.19911548875117
H           -0.69159294431050       -0.74548001003862       -1.33673342151754
H           -1.83146684180385        0.58465026936512       -1.30078051395980
H           -1.14639795287487       -1.15924419661196        0.95018612474715
H           -2.11174685171809        0.12163428794274        1.06734495848375
16
 energy: -17.085461952965 gnorm: 0.009555085915 xtb: 6.7.1 (edcfbbe)
C            1.84529508285641       -0.76212354225339       -0.10799093104653
C            1.12046693754216        0.39029210948502        0.57524199599181
C            0.01824510486752        1.01039587398857       -0.28613929671955
C           -1.09567381232857        0.03876150852308       -0.69238737542440
N           -1.80972679018745       -0.59583996122483        0.41633262561034
H            2.68166825169573       -1.09846511580229        0.50366031795363
H            1.18113358923035       -1.61128297734742       -0.26425156619983
H            2.23404667662082       -0.45023389816953       -1.07738132794145
H            0.69983357881073        0.04375736747147        1.52495065651067
H            1.84469618398732        1.17351934276650        0.81726392180206
H           -0.42670762927824        1.84671580745630        0.26436800802032
H            0.46184253932645        1.42035147869093       -1.19870967262525
H           -0.69298756428695       -0.75820383322119       -1.32361179201460
H           -1.83842994044877        0.58160748863592       -1.28612536421690
H           -1.15230864984832       -1.16371496627652        0.94479734092299
H           -2.12798978886747        0.12950341591607        1.05516527336780
16
 energy: -17.085617808183 gnorm: 0.003372677801 xtb: 6.7.1 (edcfbbe)
C            1.85164945736579       -0.76088665478846       -0.11126050008470
C            1.12265517459963        0.38814478921226        0.57452150480746
C            0.02241271750564        1.01072750134987       -0.28806342243451
C           -1.09649777152883        0.03753250452330       -0.68750389051161
N           -1.80989678411907       -0.58940365217892        0.41689105892531
H            2.68452223021022       -1.09443786692656        0.50230223390312
H            1.18899602385011       -1.60695688285884       -0.27087884689513
H            2.23953226001642       -0.44148394340691       -1.07513756939837
H            0.69798863344068        0.03743562538221        1.51874184856674
H            1.84395079528076        1.17146334239693        0.81812797250832
H           -0.42097556845022        1.84517890021459        0.26284469322867
H            0.46635861924216        1.41377641786756       -1.20020847767458
H           -0.69313832994369       -0.76185138859969       -1.31212509866957
H           -1.83804931281561        0.58136680573903       -1.28012562696206
H           -1.16554707844941       -1.16708581281567        0.94924240733547
H           -2.15055729651284        0.13152041352801        1.04781452734655
16
 energy: -17.085653692298 gnorm: 0.001735105734 xtb: 6.7.1 (edcfbbe)
C            1.85724962779787       -0.75894330331058       -0.11392704854295
C            1.12399023708472        0.38669090348603        0.57528139755741
C            0.02387429440918        1.00937043405396       -0.28819021489501
C           -1.09834595707968        0.03579485558583       -0.68449836098764
N           -1.81380641427506       -0.58575271455162        0.41889823074746
H            2.68912377674607       -1.09290168459478        0.50067826645386
H            1.19631274188705       -1.60539723333052       -0.27823017898457
H            2.24671485293583       -0.43445854910759       -1.07545850817540
H            0.69720066363715        0.03174703032408        1.51662705167169
H            1.84340425271403        1.17024026420149        0.82329039983552
H           -0.41756524009888        1.84559959825308        0.26104252013511
H            0.46738244703133        1.40834771939383       -1.20185173471757
H           -0.69442807703994       -0.76482382592642       -1.30695809600764
H           -1.83604982252738        0.58086724756068       -1.28067347543797
H           -1.17641992812447       -1.16530540837182        0.95562235707689
H           -2.16523368540608        0.13396476497305        1.04353020826191
16
 energy: -17.085680807845 gnorm: 0.001773352103 xtb: 6.7.1 (edcfbbe)
C            1.86609919321442       -0.75534683641876       -0.11758561610792
C            1.12509324652169        0.38366659595359        0.57622092807045
C            0.02525049099426        1.00646026188227       -0.28771841107441
C           -1.10111483622117        0.03331498832433       -0.68011881902522
N           -1.82197092078755       -0.58111637037408        0.42218422865728
H            2.69694618544952       -1.09172230338283        0.49829110396164
H            1.20838869700764       -1.60341469937513       -0.29124041056042
H            2.25935067530758       -0.42309193958569       -1.07581671156704
H            0.69595045670519        0.02083463200972        1.51370073776907
H            1.84087172528047        1.16826837881515        0.83296115138905
H           -0.41334483499882        1.84682198133435        0.25797686852500
H            0.46799648813475        1.40022480379101       -1.20450602740568
H           -0.69683523152962       -0.76993211320257       -1.29976488427725
H           -1.83271053128131        0.57963942380881       -1.28330374000404
H           -1.19152592311798       -1.15865178394804        0.96678726837091
H           -2.18504111098732        0.13908507900658        1.03711514726969
16
 energy: -17.085695973107 gnorm: 0.001349014097 xtb: 6.7.1 (edcfbbe)
C            1.87008996747617       -0.75303486126252       -0.11960348319648
C            1.12484203115133        0.38107829203580        0.57674889237361
C            0.02544213721139        1.00376879763790       -0.28708056594366
C           -1.10181981478430        0.03202419956357       -0.67917260034928
N           -1.82645759109601       -0.57845716965380        0.42326668938476
H            2.69995093099934       -1.09081712308958        0.49707645768783
H            1.21473721085722       -1.60192647203462       -0.29907401324649
H            2.26588594415119       -0.41643751638822       -1.07547483324281
H            0.69495303069083        0.01349285986101        1.51224911435982
H            1.83799313660057        1.16668594927984        0.83833084464009
H           -0.41220079683292        1.84558203910490        0.25743370701415
H            0.46828627101580        1.39646571378171       -1.20457907744535
H           -0.69790331725586       -0.77389058785661       -1.29602209635079
H           -1.83146173929128        0.57776204564536       -1.28545631223953
H           -1.19661303349550       -1.15174985393312        0.97323776092899
H           -2.19232059770622        0.14449378594708        1.03330232961626
16
 energy: -17.085712407167 gnorm: 0.000571743070 xtb: 6.7.1 (edcfbbe)
C            1.87385422004917       -0.75098914868816       -0.12177225611545
C            1.12371558375968        0.37763362437152        0.57696198070927
C            0.02506193639543        1.00111769859191       -0.28679852145306
C           -1.10189255016451        0.03046102973330       -0.67903821828986
N           -1.83050192023411       -0.57542480134935        0.42432970268134
H            2.70185253413478       -1.09047245578238        0.49635218249329
H            1.22088600734239       -1.60005244101673       -0.30829908683712
H            2.27271355179358       -0.40871126049211       -1.07419260525105
H            0.69297481655580        0.00479028800755        1.51003148431309
H            1.83368771521675        1.16433733788274        0.84372138095055
H           -0.41242197210591        1.84307716399045        0.25772075331569
H            0.46873556250906        1.39406474959575       -1.20385734468766
H           -0.69853126663200       -0.77891821158402       -1.29164611790043
H           -1.83002649604279        0.57471505010002       -1.28823334977892
H           -1.19956361854071       -1.14245409748325        0.98049223670913
H           -2.19714033434486        0.15186557276146        1.02941059313232
16
 energy: -17.085725381504 gnorm: 0.000635957027 xtb: 6.7.1 (edcfbbe)
C            1.87788261966113       -0.74869027261415       -0.12445368517051
C            1.12302734862434        0.37445345364912        0.57771159453588
C            0.02480655583186        0.99805995078322       -0.28652966171830
C           -1.10239440418768        0.02853835854161       -0.67899695581485
N           -1.83471223017131       -0.57151630320392        0.42570054568147
H            2.70329875740377       -1.09026751091988        0.49568293648418
H            1.22727068849825       -1.59763798050709       -0.31889722486899
H            2.28068988909447       -0.40026022510233       -1.07280318220331
H            0.69075360718511       -0.00376974155889        1.50787070983392
H            1.82998024612995        1.16201619325509        0.84976387132208
H           -0.41255899793067        1.83991953219288        0.25814249963066
H            0.46918247150865        1.39121749962291       -1.20304813442711
H           -0.69914913255667       -0.78451784188960       -1.28661832355482
H           -1.82872421166248        0.57103879374896       -1.29176689056082
H           -1.20378927353831       -1.13352073054626        0.98767027246402
H           -2.20216016419866        0.15997692318703        1.02575444235761
16
 energy: -17.085735388079 gnorm: 0.000696559531 xtb: 6.7.1 (edcfbbe)
C            1.88173729206430       -0.74696447191652       -0.12643556048265
C            1.12237789276079        0.37181907562786        0.57778527100487
C            0.02456258164591        0.99635202573350       -0.28643452550146
C           -1.10269746222335        0.02679394917490       -0.67820340376955
N           -1.83867065568041       -0.56804673454877        0.42704769492823
H            2.70495890582225       -1.09070106300856        0.49537762853604
H            1.23277747107423       -1.59543579142539       -0.32785520245585
H            2.28787663176766       -0.39303924447444       -1.07121833618602
H            0.68924672547806       -0.01079085428689        1.50565465712398
H            1.82689714881452        1.15998943436111        0.85392897281907
H           -0.41283144408836        1.83823189709014        0.25820998575760
H            0.46934753454213        1.38928796175617       -1.20279284243041
H           -0.69945820119112       -0.78922460973864       -1.28173641089553
H           -1.82688201278195        0.56805728003089       -1.29445596452340
H           -1.20926243049205       -1.12777645234546        0.99311049423592
H           -2.20657620782083        0.16648769660880        1.02320035583030
16
 energy: -17.085744525721 gnorm: 0.000481158257 xtb: 6.7.1 (edcfbbe)
C            1.88516299904303       -0.74518284971491       -0.12836692559445
C            1.12237376604727        0.36996346363211        0.57811858103217
C            0.02457088842442        0.99445646755223       -0.28627021081911
C           -1.10336344193435        0.02519663258068       -0.67734436774782
N           -1.84255342692979       -0.56458461221458        0.42830092454017
H            2.70625534165153       -1.09093440909257        0.49510112726488
H            1.23771076169992       -1.59323934084140       -0.33604054388678
H            2.29459259545831       -0.38656114659811       -1.06991017580928
H            0.68837554297499       -0.01638144912510        1.50395593128896
H            1.82487865319402        1.15866052297796        0.85777165536277
H           -0.41266010783945        1.83645581174402        0.25825161503565
H            0.46938567852977        1.38705473008257       -1.20269446282646
H           -0.69985092932274       -0.79343174353489       -1.27702173630425
H           -1.82521652119940        0.56540132307836       -1.29725688330470
H           -1.21584885314739       -1.12421125065933        0.99724859766886
H           -2.21040917695839        0.17237794877167        1.02133968809052
16
 energy: -17.085753062518 gnorm: 0.000273421977 xtb: 6.7.1 (edcfbbe)
C            1.88881137720212       -0.74331666144325       -0.13022988591476
C            1.12239862712864        0.36815037507423        0.57841865373908
C            0.02453103167976        0.99271113107646       -0.28587893191751
C           -1.10394724174965        0.02353019872569       -0.67630476521606
N           -1.84678251032534       -0.56095933160635        0.42945572726512
H            2.70807848535389       -1.09106483271929        0.49458735437974
H            1.24282288580928       -1.59104725639980       -0.34374834950592
H            2.30125405873988       -0.38040416347435       -1.06885799938318
H            0.68776640312303       -0.02166368604367        1.50251987229097
H            1.82299015996029        1.15744072952773        0.86126068563938
H           -0.41243738507041        1.83512807030816        0.25825855657783
H            0.46920153974880        1.38470842702648       -1.20263886897401
H           -0.70017782654802       -0.79765559075609       -1.27233865077741
H           -1.82327125029660        0.56286931211662       -1.29995383264822
H           -1.22362622643202       -1.12175003961811        1.00090795571355
H           -2.21420835863190        0.17836341684426        1.01972529272252
16
 energy: -17.085760418571 gnorm: 0.000221205154 xtb: 6.7.1 (edcfbbe)
C            1.89228671855397       -0.74152721642624       -0.13188881101261
C            1.12256806876767        0.36643664599556        0.57863228302846
C            0.02464715147082        0.99087640909779       -0.28566297707625
C           -1.10466048721229        0.02207718289874       -0.67519196821755
N           -1.85118055962278       -0.55751824983985        0.43046231728180
H            2.71015464268017       -1.09073213001679        0.49400752437657
H            1.24797154152616       -1.58921220254094       -0.35081367325634
H            2.30715002772090       -0.37427907653049       -1.06782628495507
H            0.68742374237919       -0.02701736962940        1.50096584201146
H            1.82119877252590        1.15633980639477        0.86478249104587
H           -0.41212249880880        1.83358169552520        0.25817520618665
H            0.46922941541177        1.38245120493036       -1.20268064907909
H           -0.70065137036426       -0.80161820469301       -1.26757600831255
H           -1.82143640421589        0.56053262811535       -1.30261499173564
H           -1.23149652164500       -1.11950948572195        1.00423436116420
H           -2.21767846947576        0.18415846107962        1.01817815254121
16
 energy: -17.085766413640 gnorm: 0.000260394903 xtb: 6.7.1 (edcfbbe)
C            1.89543151685053       -0.73984151672367       -0.13352434487496
C            1.12243344710609        0.36464175483715        0.57900519546095
C            0.02455243245726        0.98921962618649       -0.28519719985627
C           -1.10511374297750        0.02067309266934       -0.67450598885500
N           -1.85484517993422       -0.55428632468143        0.43129484290656
H            2.71231563383630       -1.09007865471439        0.49308706771374
H            1.25279820936194       -1.58765555789792       -0.35666398750359
H            2.31200872438588       -0.36915184552034       -1.06734315760700
H            0.68672273480858       -0.03190557297974        1.49974493721076
H            1.81924880458174        1.15508156343932        0.86808692121577
H           -0.41191079903447        1.83232159890244        0.25832582648385
H            0.46915452001654        1.38029587596800       -1.20241242203435
H           -0.70100422769154       -0.80531855018692       -1.26364273454326
H           -1.81968929513324        0.55839036084231       -1.30509193018363
H           -1.23806372957359       -1.11698010983451        1.00737918808673
H           -2.22063527936854        0.18963435833258        1.01664060037082
16
 energy: -17.085771397479 gnorm: 0.000252465241 xtb: 6.7.1 (edcfbbe)
C            1.89805549141145       -0.73845733947152       -0.13485858539161
C            1.12234247257043        0.36303010885801        0.57929676453949
C            0.02461803506990        0.98775943343410       -0.28499825306783
C           -1.10548747628072        0.01955000071120       -0.67386064515420
N           -1.85806825558652       -0.55161276788837        0.43195487377456
H            2.71441622832354       -1.08921268654819        0.49215609322241
H            1.25701679721319       -1.58658149492976       -0.36149976457329
H            2.31569286224252       -0.36447901210282       -1.06691570154432
H            0.68605547159896       -0.03657594263357        1.49845585268021
H            1.81752673796539        1.15387998688114        0.87123467257196
H           -0.41174852772263        1.83102557178071        0.25833641635731
H            0.46935016797443        1.37861464333252       -1.20225496911448
H           -0.70129231909596       -0.80843820175867       -1.26009559272973
H           -1.81828704948490        0.55646294688138       -1.30713380138052
H           -1.24335917431612       -1.11423079429770        1.01029368599683
H           -2.22342769219119        0.19430564639025        1.01507176780433
16
 energy: -17.085775828018 gnorm: 0.000216921754 xtb: 6.7.1 (edcfbbe)
C            1.90045251757698       -0.73719355460297       -0.13613419019512
C            1.12213145873172        0.36140106489271        0.57959177270743
C            0.02458393330108        0.98641195824012       -0.28469459452910
C           -1.10580067692606        0.01854290402251       -0.67340387777921
N           -1.86082998543819       -0.54924089223165        0.43252208779919
H            2.71653718819127       -1.08822498643839        0.49106649315160
H            1.26099553451866       -1.58570490054916       -0.36563727063768
H            2.31868907056936       -0.36034735517661       -1.06673951302575
H            0.68528764953767       -0.04099725116482        1.49723232005023
H            1.81575862904011        1.15258063148993        0.87425537645483
H           -0.41161604714441        1.82986144942501        0.25849806834130
H            0.46956217916941        1.37704056434573       -1.20191394752280
H           -0.70151547764478       -0.81130089809440       -1.25692060410150
H           -1.81699350431715        0.55470468521824       -1.30911390171197
H           -1.24761254918023       -1.11101901814418        1.01329662563316
H           -2.22622615029368        0.19852569740667        1.01327796935650
16
 energy: -17.085779866178 gnorm: 0.000173680124 xtb: 6.7.1 (edcfbbe)
C            1.90261025297674       -0.73601446653998       -0.13739638092846
C            1.12192154947771        0.35981239895715        0.57994582274918
C            0.02463565548195        0.98515128396317       -0.28442999090753
C           -1.10593883908976        0.01752757702097       -0.67296294417551
N           -1.86334107468334       -0.54709734130066        0.43303905610675
H            2.71855444447024       -1.08716794883160        0.48990356289929
H            1.26468725954113       -1.58498567216007       -0.36948154821807
H            2.32129009992084       -0.35643630685431       -1.06669840068818
H            0.68455020466257       -0.04533387057806        1.49613127105234
H            1.81408201783321        1.15129333272831        0.87720394952836
H           -0.41146394529672        1.82870194967457        0.25868092697423
H            0.46978849098377        1.37566989423754       -1.20161012486009
H           -0.70159495011629       -0.81398445025614       -1.25403329876726
H           -1.81572610859347        0.55294737267156       -1.31080910350045
H           -1.25125521549162       -1.10744518016266        1.01646600983558
H           -2.22939607238519        0.20240152606893        1.01123400689097
16
 energy: -17.085783588860 gnorm: 0.000156558907 xtb: 6.7.1 (edcfbbe)
C            1.90483989512903       -0.73491077549609       -0.13857630788076
C            1.12182271089923        0.35827265874599        0.58018144507971
C            0.02457971673569        0.98390113564923       -0.28401084696719
C           -1.10621641247226        0.01663075457557       -0.67255569885760
N           -1.86577897726833       -0.54512791637211        0.43347032251656
H            2.72073427600179       -1.08622754558434        0.48868850611839
H            1.26833847968898       -1.58426347131160       -0.37304436523171
H            2.32375823334452       -0.35275809543454       -1.06668559874341
H            0.68399236848212       -0.04946717785272        1.49496225298034
H            1.81260165216706        1.14999067167761        0.87995874271377
H           -0.41140591273924        1.82757081109759        0.25901911177230
H            0.46997680943679        1.37430486058526       -1.20110427956531
H           -0.70169260621322       -0.81652626260487       -1.25114442472127
H           -1.81461278204167        0.55128454920621       -1.31258823053906
H           -1.25463134099525       -1.10362611002980        1.01972208689453
H           -2.23290234046346        0.20599201178733        1.00889009842182
16
 energy: -17.085786935334 gnorm: 0.000153086583 xtb: 6.7.1 (edcfbbe)
C            1.90677742236688       -0.73382510015617       -0.13983128462857
C            1.12170044234269        0.35680748909753        0.58052880633756
C            0.02466573940100        0.98273775139845       -0.28368229533893
C           -1.10625850611400        0.01562571686388       -0.67207679754773
N           -1.86809881267108       -0.54330322954530        0.43390853958153
H            2.72256974822425       -1.08525324545829        0.48748628462642
H            1.27168884515327       -1.58360634505771       -0.37660160065041
H            2.32608066308199       -0.34922844771984       -1.06677560865795
H            0.68357868756481       -0.05337373828364        1.49408267412688
H            1.81114771986485        1.14882714813727        0.88252585567064
H           -0.41120977530146        1.82642218444691        0.25941393439053
H            0.47013180661145        1.37317017545676       -1.20074513975525
H           -0.70162719766696       -0.81902661040625       -1.24843161855424
H           -1.81326493425369        0.54962266848322       -1.31414945206152
H           -1.25790899511434       -1.09988378199435        1.02303729005077
H           -2.23656908379789        0.20932746337626        1.00649322640139
16
 energy: -17.085789922502 gnorm: 0.000152578982 xtb: 6.7.1 (edcfbbe)
C            1.90876385307905       -0.73285484040969       -0.14093346689541
C            1.12178287220173        0.35550759761496        0.58072850115348
C            0.02462117592030        0.98162460235704       -0.28318888630216
C           -1.10641388612730        0.01470921104668       -0.67164736263526
N           -1.87033891985093       -0.54155514717693        0.43425138702444
H            2.72445261914698       -1.08457370423766        0.48637107263262
H            1.27483302773145       -1.58288252709904       -0.37992211650892
H            2.32837473291621       -0.34593654247640       -1.06677438875597
H            0.68341028207989       -0.05696554399408        1.49313269598445
H            1.81007852875907        1.14775357686205        0.88478338018128
H           -0.41123543684747        1.82531941504578        0.25991916764197
H            0.47012021637831        1.37209571855418       -1.20020791694189
H           -0.70153029927584       -0.82135117483122       -1.24578692932051
H           -1.81212827841809        0.54795832099391       -1.31573617241365
H           -1.26111956052694       -1.09628848109696        1.02613502908575
H           -2.24026715747464        0.21247961748610        1.00405882006092
16
 energy: -17.085792591686 gnorm: 0.000140900385 xtb: 6.7.1 (edcfbbe)
C            1.91059962531146       -0.73188293908787       -0.14206523215055
C            1.12181230997033        0.35428038303336        0.58095578199394
C            0.02463212826567        0.98059109623142       -0.28277249145528
C           -1.10653769596260        0.01381163011471       -0.67115469477851
N           -1.87254174942571       -0.53991819226234        0.43458998204322
H            2.72607871625535       -1.08394727578798        0.48530911723479
H            1.27776482421714       -1.58210679473448       -0.38319671402683
H            2.33067859867944       -0.34285492611985       -1.06680845489767
H            0.68329638815046       -0.06019312710872        1.49237124142173
H            1.80901670349727        1.14677163554099        0.88679988202690
H           -0.41118188755735        1.82422453744106        0.26047137706316
H            0.47015772542430        1.37118886375855       -1.19973709761104
H           -0.70139076077331       -0.82364612602580       -1.24309224297090
H           -1.81088118143692        0.54637871781003       -1.31731865230627
H           -1.26441673308331       -1.09309432387872        1.02904851708045
H           -2.24368324184043        0.21543693971434        1.00178249532398
16
 energy: -17.085794984800 gnorm: 0.000130405137 xtb: 6.7.1 (edcfbbe)
C            1.91228942710762       -0.73100571117693       -0.14309385427497
C            1.12193701475308        0.35320294801930        0.58113373968579
C            0.02459640056449        0.97962390558061       -0.28232153671019
C           -1.10658436251328        0.01286539767302       -0.67072721813701
N           -1.87461257286694       -0.53825475298398        0.43491896858007
H            2.72750558111450       -1.08349681099269        0.48439329896993
H            1.28044750947469       -1.58136025397234       -0.38645170034747
H            2.33290041908318       -0.33982039790842       -1.06670882199237
H            0.68331566206437       -0.06327482134032        1.49159585500389
H            1.80812428331917        1.14594076109786        0.88868182271477
H           -0.41122738841455        1.82319274433321        0.26103303751598
H            0.47001979440868        1.37035302617898       -1.19927264746926
H           -0.70118273848246       -0.82586353883419       -1.24060722737175
H           -1.80964356823218        0.54473765028713       -1.31882884119610
H           -1.26768134240050       -1.09018576970470        1.03172991627373
H           -2.24680034928809        0.21838572238218        0.99970802274609
16
 energy: -17.085796666313 gnorm: 0.000112554978 xtb: 6.7.1 (edcfbbe)
C            1.91376753536248       -0.73029082682159       -0.14380230829553
C            1.12198919823758        0.35231324797805        0.58136228873648
C            0.02460894090216        0.97875694674329       -0.28205698101378
C           -1.10687136306640        0.01226638952511       -0.67037949215588
N           -1.87643840097633       -0.53695123555259        0.43511443429730
H            2.72892927965921       -1.08288202567059        0.48369899130431
H            1.28283772919550       -1.58085124705920       -0.38868179460907
H            2.33466215422713       -0.33756990216925       -1.06663683020755
H            0.68330889311280       -0.06534112617160        1.49126262522977
H            1.80747363756154        1.14526023873317        0.88990774527810
H           -0.41123652795669        1.82235345658130        0.26122095129350
H            0.47020025807721        1.36944383372836       -1.19894864525403
H           -0.70144936917687       -0.82736968036483       -1.23889045878771
H           -1.80893632031273        0.54385802706537       -1.31979513081004
H           -1.27067907099928       -1.08861870154648        1.03329215420437
H           -2.24876280415554        0.22066270364020        0.99851526478087
16
 energy: -17.085798258987 gnorm: 0.000106507783 xtb: 6.7.1 (edcfbbe)
C            1.91504160458136       -0.72961591557229       -0.14452441333077
C            1.12202213729065        0.35154173067535        0.58145756260824
C            0.02458930248146        0.97809860450938       -0.28181355394114
C           -1.10697132955672        0.01162370217770       -0.67002289943661
N           -1.87800979084072       -0.53563576532037        0.43537395204932
H            2.72992520076915       -1.08254674054399        0.48315237305131
H            1.28486262069042       -1.58023808439422       -0.39110352105192
H            2.33641304991137       -0.33528804680936       -1.06645063160722
H            0.68322007412913       -0.06763917474681        1.49057623137786
H            1.80669015231192        1.14468974203138        0.89133321107644
H           -0.41117579570054        1.82171442525407        0.26151219288406
H            0.47011062037884        1.36875687762947       -1.19874831868240
H           -0.70143034539762       -0.82904455974273       -1.23692145461478
H           -1.80801125756631        0.54275413078985       -1.32093333153306
H           -1.27340751470471       -1.08707097433983        1.03491022983965
H           -2.25046495908589        0.22294014704111        0.99738518530213
16
 energy: -17.085799819255 gnorm: 0.000100380673 xtb: 6.7.1 (edcfbbe)
C            1.91629643150601       -0.72883614822299       -0.14532376743007
C            1.12198601749305        0.35073036526627        0.58157837042222
C            0.02458832698187        0.97740929770191       -0.28162108796150
C           -1.10703649608027        0.01097048226421       -0.66967385236254
N           -1.87951193163480       -0.53425748944509        0.43570734113306
H            2.73068124680369       -1.08236519054829        0.48265424217270
H            1.28673234030279       -1.57936795165203       -0.39379046855042
H            2.33839777686960       -0.33294754557157       -1.06625172213326
H            0.68287731990729       -0.07006278307582        1.48980652131113
H            1.80583026417853        1.14398499422578        0.89299416209374
H           -0.41114018619623        1.82100813107498        0.26175666625706
H            0.47000777842923        1.36811199331643       -1.19858425229408
H           -0.70124044584322       -0.83075568983940       -1.23480708718889
H           -1.80712548608746        0.54140150762562       -1.32217483787952
H           -1.27587418985834       -1.08528506197188        1.03660341310492
H           -2.25206499707997        0.22530118749059        0.99630917329659
16
 energy: -17.085801299464 gnorm: 0.000095689943 xtb: 6.7.1 (edcfbbe)
C            1.91755423665362       -0.72812614808781       -0.14605785492754
C            1.12188732464631        0.34988980275907        0.58165154727669
C            0.02453053259052        0.97676189913289       -0.28144741295111
C           -1.10710922149139        0.01029789116526       -0.66933983082649
N           -1.88097696993202       -0.53291571808534        0.43608212648090
H            2.73142606355579       -1.08231716904314        0.48221215285288
H            1.28868460721732       -1.57855270503684       -0.39667657073498
H            2.34048041358496       -0.33049945992569       -1.06584911789673
H            0.68248201060139       -0.07247701721339        1.48900643269565
H            1.80487930152651        1.14325952031810        0.89461951722481
H           -0.41118322482221        1.82039920158151        0.26190601737451
H            0.46999053461970        1.36744520038714       -1.19839560320630
H           -0.70116409455610       -0.83246983476627       -1.23281418768382
H           -1.80629617126065        0.54007960722316       -1.32331589761607
H           -1.27818402090505       -1.08339486977623        1.03833602414594
H           -2.25359755233692        0.22765989800629        0.99526547178280
16
 energy: -17.085802661076 gnorm: 0.000092434434 xtb: 6.7.1 (edcfbbe)
C            1.91875945778846       -0.72737864333527       -0.14677401826484
C            1.12181172657293        0.34906655598148        0.58182567966260
C            0.02453147871253        0.97599229505840       -0.28133499991036
C           -1.10727417558742        0.00968640561014       -0.66906252563234
N           -1.88236724186705       -0.53165983863796        0.43644523373441
H            2.73204848350171       -1.08221379014062        0.48188030846410
H            1.29057843973653       -1.57768750187799       -0.39951181979791
H            2.34257748302636       -0.32803382697134       -1.06542254658519
H            0.68215666044411       -0.07482006759968        1.48835465500950
H            1.80400120179163        1.14256934937300        0.89621821561289
H           -0.41110534655273        1.81969406727780        0.26197492833630
H            0.47001192571424        1.36660654715924       -1.19830382314485
H           -0.70128664725485       -0.83407032992651       -1.23101077312438
H           -1.80562980514277        0.53894249687078       -1.32435300614509
H           -1.28033352250665       -1.08154854000787        1.04001145492489
H           -2.25507634868524        0.22989491980513        0.99424585085141
16
 energy: -17.085803903741 gnorm: 0.000087956927 xtb: 6.7.1 (edcfbbe)
C            1.92004235851821       -0.72670239206344       -0.14740643278714
C            1.12170912421550        0.34823840806483        0.58189631391918
C            0.02449505461803        0.97532559390941       -0.28122262738674
C           -1.10745216463473        0.00912039907366       -0.66873285610461
N           -1.88372239317384       -0.53051224310511        0.43680313424540
H            2.73275815970753       -1.08221127620420        0.48161494777799
H            1.29248799612597       -1.57684271973783       -0.40221444279337
H            2.34474433286356       -0.32574474916954       -1.06494225711535
H            0.68179841081998       -0.07702430990271        1.48764996938885
H            1.80309455310886        1.14188860363943        0.89763482493889
H           -0.41106186876482        1.81915820021027        0.26195910168420
H            0.47006109739980        1.36575535313168       -1.19822406105275
H           -0.70149481690480       -0.83551164059808       -1.22938544583805
H           -1.80504169969712        0.53797026221486       -1.32515004360203
H           -1.28239658962244       -1.07979502492251        1.04162870441204
H           -2.25661778488792        0.23192763409802        0.99327398430462
16
 energy: -17.085805034464 gnorm: 0.000082609946 xtb: 6.7.1 (edcfbbe)
C            1.92121129905097       -0.72605272710700       -0.14800485706774
C            1.12167397045609        0.34750245821234        0.58202708576662
C            0.02451103274817        0.97461026115318       -0.28114662746048
C           -1.10768452642646        0.00859490978689       -0.66844077874382
N           -1.88500281989087       -0.52943480862319        0.43714385250553
H            2.73338991070542       -1.08214296695718        0.48137356021538
H            1.29433261982725       -1.57608772806981       -0.40484980128839
H            2.34679622708677       -0.32350823636535       -1.06442952271931
H            0.68152962140477       -0.07910855747875        1.48703065052757
H            1.80229151208724        1.14130046744298        0.89906345817915
H           -0.41091121734528        1.81859827917712        0.26189664222674
H            0.47015028604636        1.36483783696310       -1.19819759525638
H           -0.70179476202981       -0.83685086413525       -1.22791676310744
H           -1.80457863415111        0.53709561792164       -1.32587639035239
H           -1.28435100394117       -1.07812374632457        1.04317084790246
H           -2.25815974593655        0.23380990304259        0.99233905266362
16
 energy: -17.085806065286 gnorm: 0.000077972740 xtb: 6.7.1 (edcfbbe)
C            1.92236972597571       -0.72540658790920       -0.14858248934634
C            1.12156982409152        0.34672532126291        0.58213670665446
C            0.02451650864772        0.97397026516268       -0.28107944143804
C           -1.10788292121094        0.00810029628236       -0.66814219949826
N           -1.88618835240975       -0.52841203942749        0.43747597202091
H            2.73401424030735       -1.08207899902655        0.48116305863738
H            1.29608931021583       -1.57529949200409       -0.40730291374610
H            2.34876287690847       -0.32135892858734       -1.06398261055422
H            0.68122337613823       -0.08116637794338        1.48644127330027
H            1.80147593691048        1.14064379676822        0.90037683613224
H           -0.41076365651779        1.81812238769004        0.26182605761925
H            0.47020358853565        1.36396012008408       -1.19820988798497
H           -0.70206573678310       -0.83813485848994       -1.22648028850135
H           -1.80408463207653        0.53629556420289       -1.32655561430366
H           -1.28618637453117       -1.07651140422868        1.04467729255166
H           -2.25964994450989        0.23559103480224        0.99142106244790
16
 energy: -17.085807001304 gnorm: 0.000073758407 xtb: 6.7.1 (edcfbbe)
C            1.92346087044569       -0.72481832936071       -0.14913167926116
C            1.12154443786471        0.34605240647448        0.58222303467417
C            0.02452261266150        0.97334131292491       -0.28098505300150
C           -1.10808375512449        0.00762606489456       -0.66785145824332
N           -1.88735705862026       -0.52743331139377        0.43777914755607
H            2.73463789550603       -1.08203141835106        0.48090562780540
H            1.29777480636263       -1.57459934097266       -0.40964757058959
H            2.35059611659818       -0.31936520024686       -1.06355530214057
H            0.68093254755842       -0.08306639110987        1.48580556380338
H            1.80073334247976        1.14009674373261        0.90169591639455
H           -0.41065038837615        1.81763552014692        0.26178050846674
H            0.47029092837275        1.36313433611617       -1.19815276480186
H           -0.70229443299982       -0.83934171442389       -1.22509644043996
H           -1.80364282192290        0.53547510548679       -1.32721482915270
H           -1.28795899817413       -1.07495443633800        1.04609126183137
H           -2.26110233294014        0.23728875105912        0.99053685109012
16
 energy: -17.085807849987 gnorm: 0.000070947035 xtb: 6.7.1 (edcfbbe)
C            1.92445187025616       -0.72424219605700       -0.14966659180770
C            1.12145661290618        0.34536648750001        0.58234058324802
C            0.02453376019638        0.97277953689215       -0.28091397956588
C           -1.10821357772418        0.00714976137152       -0.66758950321037
N           -1.88843734835241       -0.52648349648810        0.43806559704034
H            2.73522532962239       -1.08191634213382        0.48062571478920
H            1.29933462728966       -1.57394079503725       -0.41181899167697
H            2.35223856349693       -0.31745067055045       -1.06319319804364
H            0.68068071438376       -0.08493660195837        1.48528639014820
H            1.80000287769316        1.13950597032311        0.90292191408183
H           -0.41053650279854        1.81718118003292        0.26176988369588
H            0.47032609254802        1.36243318175533       -1.19813363516359
H           -0.70244996057881       -0.84054335551484       -1.22375810455453
H           -1.80313338786869        0.53466451682106       -1.32788792501745
H           -1.28964351764586       -1.07347054645045        1.04745281767095
H           -2.26243238373237        0.23894346813294        0.98968184235683
16
 energy: -17.085808620867 gnorm: 0.000068194757 xtb: 6.7.1 (edcfbbe)
C            1.92542008440605       -0.72370789690055       -0.15017607036582
C            1.12142953169555        0.34474191246363        0.58242008319170
C            0.02451376278775        0.97222607098783       -0.28078137095433
C           -1.10836445280231        0.00671842911089       -0.66735557402156
N           -1.88949213140578       -0.52557131415155        0.43830664694732
H            2.73584331594841       -1.08180954178755        0.48032895076903
H            1.30082366383946       -1.57332915204834       -0.41378996749352
H            2.35373701560063       -0.31568379623019       -1.06290849813545
H            0.68045118973414       -0.08666367744294        1.48473434128481
H            1.79936745696141        1.13897095707213        0.90406886207979
H           -0.41049227379289        1.81670942223369        0.26182979451509
H            0.47035681671531        1.36177055843136       -1.19801592033061
H           -0.70256631958626       -0.84167382724734       -1.22242571006360
H           -1.80266294213586        0.53386399291887       -1.32860459766434
H           -1.29127546754423       -1.07205847329978        1.04871108549087
H           -2.26368548072959        0.24053643452859        0.98884075874176
16
 energy: -17.085809322551 gnorm: 0.000065313516 xtb: 6.7.1 (edcfbbe)
C            1.92628516825605       -0.72320438170029       -0.15067879269236
C            1.12138613412333        0.34415152169774        0.58252022457290
C            0.02452783108137        0.97173027833815       -0.28068112326997
C           -1.10843469234090        0.00626698105499       -0.66710417027836
N           -1.89052368098614       -0.52469833713717        0.43852608194519
H            2.73643564126258       -1.08164014277984        0.47997863609500
H            1.30222613010159       -1.57280546804198       -0.41563581032484
H            2.35506416397090       -0.31404242317034       -1.06268029005243
H            0.68026013242190       -0.08830021121988        1.48426164523161
H            1.79873493683724        1.13848287582297        0.90515487392940
H           -0.41043609710644        1.81624329017361        0.26191587894348
H            0.47039041351596        1.36124523321202       -1.19792235874974
H           -0.70261000744083       -0.84278380920502       -1.22114678814609
H           -1.80211744873943        0.53306451791668       -1.32926217717841
H           -1.29289817222180       -1.07073839938252        1.04990695322439
H           -2.26488668304360        0.24206857305963        0.98803003074135
16
 energy: -17.085809961214 gnorm: 0.000062172948 xtb: 6.7.1 (edcfbbe)
C            1.92713800899520       -0.72272925970747       -0.15113852755318
C            1.12136961100195        0.34358322481865        0.58261104275162
C            0.02449436218974        0.97124280421482       -0.28052182031734
C           -1.10854070205221        0.00586034369097       -0.66692019843577
N           -1.89149120637514       -0.52384404849642        0.43870752747939
H            2.73708280686276       -1.08145292530486        0.47962289888101
H            1.30355924152964       -1.57231228084251       -0.41727684646322
H            2.35625981977454       -0.31249594181892       -1.06249944922382
H            0.68013447460616       -0.08985419743980        1.48382438922610
H            1.79821207665958        1.13797491506904        0.90614939585419
H           -0.41043362095774        1.81579240569509        0.26205488150748
H            0.47036172640254        1.36072660532312       -1.19776898145399
H           -0.70264959659973       -0.84383470048550       -1.21992597199415
H           -1.80163477233621        0.53229782435683       -1.32998531983658
H           -1.29443817675637       -1.06946564827399        1.05102504252320
H           -2.26602028325293        0.24355097783969        0.98722475104617
16
 energy: -17.085810543790 gnorm: 0.000059142884 xtb: 6.7.1 (edcfbbe)
C            1.92792461128177       -0.72228295825210       -0.15160497569355
C            1.12135904286948        0.34305236557774        0.58268985565309
C            0.02450461828760        0.97079370638420       -0.28039266299322
C           -1.10860270256285        0.00546240190649       -0.66668642557403
N           -1.89245334627171       -0.52306065961825        0.43887251569951
H            2.73769152207287       -1.08123646826694        0.47925365188641
H            1.30483756185168       -1.57188625878529       -0.41881929555154
H            2.35734186419501       -0.31105639933867       -1.06238344781388
H            0.67999214844844       -0.09130895844046        1.48339189945293
H            1.79767735789337        1.13754204708654        0.90708909889898
H           -0.41040685761919        1.81533966718274        0.26220174178540
H            0.47040280211725        1.36028645771106       -1.19762306543493
H           -0.70264858787875       -0.84483461250193       -1.21871156789595
H           -1.80110521133774        0.53156680717976       -1.33062777305003
H           -1.29596083766775       -1.06827070644598        1.05210015429480
H           -2.26715021598771        0.24493366725980        0.98643311032714
16
 energy: -17.085811074201 gnorm: 0.000056318995 xtb: 6.7.1 (edcfbbe)
C            1.92867868817293       -0.72185714817786       -0.15202961450857
C            1.12135230517364        0.34254257089336        0.58278795030071
C            0.02448488034304        0.97035801210555       -0.28023576832921
C           -1.10866630160510        0.00507443363751       -0.66651246730014
N           -1.89334491100333       -0.52228623227395        0.43901584547581
H            2.73832744994719       -1.08100552436981        0.47886570800336
H            1.30605718525245       -1.57148876567360       -0.42023608886998
H            2.35832868589717       -0.30970456536810       -1.06227482175854
H            0.67990733489522       -0.09270379129030        1.48302274180108
H            1.79721061889733        1.13709313647076        0.90799115191136
H           -0.41040126699800        1.81491745156698        0.26236164464781
H            0.47037092266317        1.35985388383104       -1.19746739816084
H           -0.70265212079613       -0.84579359469841       -1.21761609800953
H           -1.80062511322549        0.53086116543473       -1.33126601940386
H           -1.29738704119365       -1.06709391806323        1.05312017143173
H           -2.26823754672866        0.24627298461408        0.98565587675993
16
 energy: -17.085811558918 gnorm: 0.000053861327 xtb: 6.7.1 (edcfbbe)
C            1.92940136443835       -0.72145735362219       -0.15244343714337
C            1.12134949661658        0.34205027168249        0.58285946695809
C            0.02448845116816        0.96994892177414       -0.28010600054019
C           -1.10873563849739        0.00472645394243       -0.66631167298502
N           -1.89421031679391       -0.52158200904127        0.43915583083162
H            2.73893308253443       -1.08077656520270        0.47850894952481
H            1.30722063562919       -1.57112066759350       -0.42157485427592
H            2.35925950295571       -0.30840037518163       -1.06218684862935
H            0.67980603063826       -0.09404171086706        1.48263590840539
H            1.79675186640720        1.13667098746303        0.90883660406010
H           -0.41038487558936        1.81450610338450        0.26250640180672
H            0.47039882429083        1.35945493498186       -1.19732310519395
H           -0.70265178716862       -0.84668516358813       -1.21651739938803
H           -1.80015839796697        0.53020413553965       -1.33186903391344
H           -1.29874950161757       -1.06596846203731        1.05411589020980
H           -2.26931496735311        0.24751059700445        0.98489611426385
16
 energy: -17.085812001446 gnorm: 0.000051444119 xtb: 6.7.1 (edcfbbe)
C            1.93008356305940       -0.72106655891138       -0.15284436403097
C            1.12134225286086        0.34158402245922        0.58295052193107
C            0.02447894475307        0.96955029489038       -0.27995900598538
C           -1.10878557361935        0.00436905096686       -0.66614214603733
N           -1.89501637171921       -0.52089381612818        0.43928458751748
H            2.73950419885732       -1.08055754242040        0.47814797236587
H            1.30834128517820       -1.57076447385612       -0.42286458179915
H            2.36014882142891       -0.30717792867334       -1.06211048358105
H            0.67970398669165       -0.09530549254032        1.48229164085943
H            1.79630803388663        1.13627300700560        0.90966639214485
H           -0.41035856911578        1.81412570612748        0.26265690099260
H            0.47039571961375        1.35904749081745       -1.19717348644410
H           -0.70265913003024       -0.84755847425410       -1.21552089731422
H           -1.79971275702485        0.52957003214588       -1.33242391703997
H           -1.30002639211678       -1.06486368647857        1.05506690529680
H           -2.27034424301180        0.24870846748827        0.98415677511519
16
 energy: -17.085812407512 gnorm: 0.000049463028 xtb: 6.7.1 (edcfbbe)
C            1.93075107884964       -0.72070193449647       -0.15320608506065
C            1.12133826236750        0.34112987937086        0.58301689234397
C            0.02448123481782        0.96917334109812       -0.27985358763017
C           -1.10885874225168        0.00405611073417       -0.66596209114914
N           -1.89579677519813       -0.52025236726212        0.43941911259876
H            2.74006084181026       -1.08036662047861        0.47783280909445
H            1.30940551424598       -1.57041267904209       -0.42410778294524
H            2.36101936481037       -0.30597050241041       -1.06199269288771
H            0.67962625716753       -0.09655197722827        1.48193541067488
H            1.79589554650354        1.13586679802233        0.91045452369978
H           -0.41034917793247        1.81375177042417        0.26276154307374
H            0.47040421462805        1.35867328992678       -1.19706552505458
H           -0.70267203685941       -0.84835491179182       -1.21454003865386
H           -1.79931181391315        0.52897492458543       -1.33295694334714
H           -1.30123897873461       -1.06380269634003        1.05598940280989
H           -2.27135102061947        0.24982767352672        0.98345786642411
16
 energy: -17.085812780157 gnorm: 0.000047053388 xtb: 6.7.1 (edcfbbe)
C            1.93137861004498       -0.72033794923588       -0.15358173727527
C            1.12132193049527        0.34069695379088        0.58309483294590
C            0.02447548218613        0.96880586783342       -0.27972695287119
C           -1.10891385731370        0.00373015575962       -0.66580035096665
N           -1.89652429686181       -0.51963269699162        0.43955020139224
H            2.74054133027575       -1.08019335614511        0.47753418090158
H            1.31042870065288       -1.57005989032045       -0.42534737059819
H            2.36189622345705       -0.30482306190098       -1.06189681959163
H            0.67949814419382       -0.09771112647283        1.48160366743344
H            1.79546380488411        1.13550375669920        0.91121891917561
H           -0.41030174525862        1.81341855126458        0.26288329851174
H            0.47042811914941        1.35827328654321       -1.19693564668474
H           -0.70270525296479       -0.84915986172695       -1.21362245501882
H           -1.79891706756999        0.52839973174515       -1.33345318411391
H           -1.30238275811355       -1.06278369575041        1.05687340812612
H           -2.27228359756518        0.25091343354692        0.98278882262488
16
 energy: -17.085813124220 gnorm: 0.000044761492 xtb: 6.7.1 (edcfbbe)
C            1.93199887721581       -0.71999354375202       -0.15390954695693
C            1.12131163344701        0.34028038457068        0.58315783541416
C            0.02447446580861        0.96845179561668       -0.27964168457216
C           -1.10898613386211        0.00343660678877       -0.66563561066100
N           -1.89723274127407       -0.51903360498593        0.43968655744513
H            2.74100945075121       -1.08006732657674        0.47727751961920
H            1.31141288632171       -1.56969460287487       -0.42656359207182
H            2.36276787702580       -0.30368865753283       -1.06174032356525
H            0.67941297186416       -0.09886508361613        1.48126836886516
H            1.79507008924914        1.13513089807613        0.91196143486634
H           -0.41029054436000        1.81308108957487        0.26294947471205
H            0.47042433542431        1.35789914460431       -1.19686041524334
H           -0.70273926448075       -0.84989469551943       -1.21273724986604
H           -1.79856658456789        0.52785402813783       -1.33391772222272
H           -1.30348244691053       -1.06180803970531        1.05771609611525
H           -2.27318110196062        0.25195170583273        0.98217167211307
16
 energy: -17.085813442217 gnorm: 0.000042803946 xtb: 6.7.1 (edcfbbe)
C            1.93258988542989       -0.71965307415679       -0.15424557541898
C            1.12128974637946        0.33987710343792        0.58321880311464
C            0.02447155488114        0.96811031090968       -0.27955175713383
C           -1.10905642546163        0.00314356334136       -0.66547800046558
N           -1.89790492978204       -0.51845914130863        0.43982685334176
H            2.74141318071363       -1.07995688015020        0.47704990403886
H            1.31234984086226       -1.56932426157348       -0.42778700584613
H            2.36366419068644       -0.30258151281379       -1.06158365192777
H            0.67928619967961       -0.09995403844205        1.48094120883433
H            1.79466172298693        1.13478408366124        0.91267406695852
H           -0.41024273900526        1.81278076872786        0.26301966447666
H            0.47045133277564        1.35751285272990       -1.19677388444425
H           -0.70279675062632       -0.85063104988591       -1.21188050781312
H           -1.79822838251736        0.52732296796625       -1.33436815342617
H           -1.30453598175568       -1.06088748180767        1.05852748456729
H           -2.27400867555492        0.25295588800306        0.98159336513489
16
 energy: -17.085813737747 gnorm: 0.000040924457 xtb: 6.7.1 (edcfbbe)
C            1.93317068243390       -0.71932099527677       -0.15455637667119
C            1.12126939330655        0.33948989643415        0.58327712639773
C            0.02446800357608        0.96777544158077       -0.27948000058476
C           -1.10912951653815        0.00286357915812       -0.66532334935065
N           -1.89855686926187       -0.51789211879843        0.43996868329902
H            2.74178977796580       -1.07988688344632        0.47685028117892
H            1.31326692324936       -1.56894120992091       -0.42900165536255
H            2.36456039093213       -0.30149726981122       -1.06139688265077
H            0.67917314272674       -0.10102355835017        1.48061875217353
H            1.79426822154185        1.13444720016866        0.91337436621112
H           -0.41021691812390        1.81248175319958        0.26305872569035
H            0.47045497427064        1.35712941771242       -1.19671849370813
H           -0.70285533854748       -0.85133054807838       -1.21105777205488
H           -1.79791345324857        0.52681470416976       -1.33478701479069
H           -1.30555807611524       -1.06000628856372        1.05929815542940
H           -2.27478756847605        0.25393697846122        0.98105826878466
16
 energy: -17.085813977354 gnorm: 0.000040640016 xtb: 6.7.1 (edcfbbe)
C            1.93371177027001       -0.71904885334766       -0.15480619744025
C            1.12127999513299        0.33913091675237        0.58335613549423
C            0.02446630460109        0.96743157452497       -0.27937767114650
C           -1.10923614962387        0.00263200646364       -0.66520920954018
N           -1.89921038413599       -0.51739677576080        0.44003772234502
H            2.74232704154042       -1.07962831637440        0.47659858522563
H            1.31418054404428       -1.56874812777174       -0.42984048435737
H            2.36518108174177       -0.30060729313688       -1.06132756817773
H            0.67916925322050       -0.10187127352550        1.48045135598532
H            1.79398624364109        1.13416007574669        0.91387007619369
H           -0.41019697066315        1.81217040900861        0.26312595057330
H            0.47051898344816        1.35674864862799       -1.19659841976665
H           -0.70300730822962       -0.85189735454180       -1.21045367899182
H           -1.79767361113330        0.52648074806004       -1.33511018590396
H           -1.30658749826153       -1.05931241410799        1.05989680589359
H           -2.27550552590104        0.25479612802122        0.98056959760480
16
 energy: -17.085814205676 gnorm: 0.000038742296 xtb: 6.7.1 (edcfbbe)
C            1.93418947354023       -0.71878136508897       -0.15506952043077
C            1.12126464184235        0.33880516262059        0.58339491691484
C            0.02446666541424        0.96717328740506       -0.27930926669761
C           -1.10928322677974        0.00240551265774       -0.66507376649287
N           -1.89976280461479       -0.51692628847827        0.44014193120055
H            2.74270470617803       -1.07948789792801        0.47639211457055
H            1.31496631661356       -1.56849497491045       -0.43075261336589
H            2.36582394748602       -0.29973000817164       -1.06123146860619
H            0.67908878452431       -0.10280198247074        1.48015515798662
H            1.79363775437667        1.13388814296099        0.91446667864587
H           -0.41014924164166        1.81193888694937        0.26319409442197
H            0.47051232943610        1.35645784231323       -1.19654823707820
H           -0.70304693315066       -0.85249275749305       -1.20973292660778
H           -1.79736420816771        0.52607137588479       -1.33548602787624
H           -1.30748178852647       -1.05860046875320        1.06054153418676
H           -2.27616264683871        0.25561563114131        0.98010021321950
16
 energy: -17.085814431887 gnorm: 0.000036736135 xtb: 6.7.1 (edcfbbe)
C            1.93466547542605       -0.71847802918645       -0.15536385805944
C            1.12123847816462        0.33847975626903        0.58344562727601
C            0.02446664413014        0.96690715133232       -0.27924367466689
C           -1.10932214812812        0.00216482702276       -0.66494159274602
N           -1.90028759112168       -0.51642976775295        0.44027104132980
H            2.74299656071411       -1.07942542573428        0.47619286163277
H            1.31569062762345       -1.56813521035371       -0.43177600871327
H            2.36656583376562       -0.29883064293118       -1.06112266800779
H            0.67892097111778       -0.10374851973830        1.47983053382623
H            1.79329117443518        1.13357120843850        0.91514443259822
H           -0.41011468378500        1.81169846065097        0.26324646903737
H            0.47050119931132        1.35616775885090       -1.19649644029904
H           -0.70301717715737       -0.85310807031914       -1.20895939467188
H           -1.79707197128581        0.52556100062575       -1.33590070575234
H           -1.30830877509286       -1.05781472152306        1.06121216503171
H           -2.27681084842562        0.25646032298760        0.97964402617567
16
 energy: -17.085814649948 gnorm: 0.000036061323 xtb: 6.7.1 (edcfbbe)
C            1.93513326427282       -0.71819782845014       -0.15564170422277
C            1.12119374050487        0.33814711004318        0.58347626357459
C            0.02446198973748        0.96666408193318       -0.27919642191675
C           -1.10934876666200        0.00190886822588       -0.66479298615790
N           -1.90081234946538       -0.51593786713868        0.44041624887247
H            2.74325501191322       -1.07942486867323        0.47602323021359
H            1.31642398070577       -1.56777704043760       -0.43289960739221
H            2.36735169356193       -0.29786770940658       -1.06092824378405
H            0.67876417399959       -0.10469988624524        1.47950149417025
H            1.79291531555880        1.13325821878333        0.91578669458668
H           -0.41010170288773        1.81148190489669        0.26327141548311
H            0.47050916457315        1.35589318201577       -1.19645675111142
H           -0.70299806641846       -0.85373887224186       -1.20818985542718
H           -1.79676479521815        0.52504718998279       -1.33628567726265
H           -1.30913416870883       -1.05702810572731        1.06190109525866
H           -2.27744471577531        0.25731172107858        0.97919761910669
16
 energy: -17.085814854355 gnorm: 0.000035107680 xtb: 6.7.1 (edcfbbe)
C            1.93560176109953       -0.71790134358533       -0.15591593159926
C            1.12117266938770        0.33782975709420        0.58353515197071
C            0.02445840952294        0.96636911284162       -0.27914252909424
C           -1.10941908768664        0.00166910832219       -0.66467378914480
N           -1.90133180902351       -0.51545798480900        0.44055202150038
H            2.74347403500916       -1.07943172122972        0.47589127112265
H            1.31714773943531       -1.56738618712106       -0.43402452194219
H            2.36818355958939       -0.29690908123153       -1.06072515127676
H            0.67864734101886       -0.10559673303629        1.47922590142990
H            1.79258306631844        1.13297356942183        0.91640097735343
H           -0.41006684944463        1.81122374359338        0.26329695580333
H            0.47051125314010        1.35555308452026       -1.19641737525702
H           -0.70305187713968       -0.85434937576794       -1.20746980632367
H           -1.79651373792089        0.52458459036889       -1.33667166693095
H           -1.30994850887665       -1.05627867210934        1.06255597925040
H           -2.27804419473765        0.25814823136659        0.97876532712920
16
 energy: -17.085815042608 gnorm: 0.000033178005 xtb: 6.7.1 (edcfbbe)
C            1.93609100608673       -0.71762838275400       -0.15616299234664
C            1.12114238449199        0.33751105652357        0.58355986254121
C            0.02444693659535        0.96610730512608       -0.27909918013028
C           -1.10948400027380        0.00143429604102       -0.66453198953428
N           -1.90186026054199       -0.51500659053169        0.44068573518502
H            2.74371154077826       -1.07946814536651        0.47579100335672
H            1.31787121050050       -1.56700266550028       -0.43511811634254
H            2.36904842322792       -0.29600163886863       -1.06049659314557
H            0.67853742406067       -0.10644384469985        1.47894824483348
H            1.79224458900438        1.13269939541301        0.91693397192618
H           -0.41004906020630        1.81100459845686        0.26330020447490
H            0.47051893659285        1.35523128796612       -1.19638955481724
H           -0.70312803732324       -0.85491976858515       -1.20680870927897
H           -1.79627358751211        0.52417220184933       -1.33697330161379
H           -1.31077069374752       -1.05558539955539        1.06317651780685
H           -2.27864304204191        0.25893639312428        0.97836771107606
16
 energy: -17.085815215067 gnorm: 0.000031675729 xtb: 6.7.1 (edcfbbe)
C            1.93653989625039       -0.71736843624291       -0.15639557732700
C            1.12113577312824        0.33722318762095        0.58360279295111
C            0.02444823108715        0.96582536349968       -0.27906543403465
C           -1.10956968901898        0.00121769957296       -0.66441275474928
N           -1.90236338835835       -0.51457020441487        0.44081320171047
H            2.74391971677665       -1.07948254959928        0.47570727786485
H            1.31857361551937       -1.56665592236541       -0.43618970095270
H            2.36987002471624       -0.29510220059477       -1.06025060707159
H            0.67846550899157       -0.10725810630591        1.47869652089308
H            1.79193803011933        1.13246149491794        0.91746717235813
H           -0.41000383976876        1.81076903468090        0.26329500328360
H            0.47053130994387        1.35488835482559       -1.19637585434109
H           -0.70323727529190       -0.85546024938555       -1.20619512695843
H           -1.79607724044407        0.52379105243080       -1.33727023488276
H           -1.31155570733361       -1.05492904409028        1.06376273072622
H           -2.27921119662536        0.25969062408891        0.97799340452114
16
 energy: -17.085815372505 gnorm: 0.000030004959 xtb: 6.7.1 (edcfbbe)
C            1.93699267925922       -0.71710786336160       -0.15662174329011
C            1.12110012217423        0.33692182453920        0.58363733761502
C            0.02443801922273        0.96557247436303       -0.27902774697201
C           -1.10964808788391        0.00101376717624       -0.66429417861008
N           -1.90283395679396       -0.51415532896918        0.44093810151725
H            2.74413621652208       -1.07949959885793        0.47562532138721
H            1.31925464296946       -1.56630034410663       -0.43718660772239
H            2.37066866433560       -0.29425674340634       -1.06004207681208
H            0.67835649837096       -0.10804400956098        1.47845482378321
H            1.79162236338217        1.13219988838194        0.91796278247822
H           -0.40996421639620        1.81057354096429        0.26328557159583
H            0.47054024532882        1.35455565960035       -1.19636159783101
H           -0.70334193221011       -0.85597922700493       -1.20559811603475
H           -1.79587594217646        0.52343900958005       -1.33755253939259
H           -1.31229680904977       -1.05430247339344        1.06432829353796
H           -2.27974473736309        0.26040952269468        0.97763518874145
16
 energy: -17.085815516198 gnorm: 0.000028420875 xtb: 6.7.1 (edcfbbe)
C            1.93740865861452       -0.71686810030150       -0.15683546964592
C            1.12108617193690        0.33665489934365        0.58366952190123
C            0.02444210977020        0.96532656262604       -0.27900166571225
C           -1.10971769921878        0.00081594579780       -0.66417296387169
N           -1.90329419785881       -0.51375769879429        0.44105689079822
H            2.74434803611880       -1.07950160494701        0.47553295427707
H            1.31989944348653       -1.56598456179437       -0.43813818502897
H            2.37139654357210       -0.29345035294231       -1.05983799008561
H            0.67825547631437       -0.10880053582039        1.47819736171711
H            1.79132766835908        1.13196971483086        0.91847540151047
H           -0.40992540835808        1.81037224722652        0.26326758179956
H            0.47056414756676        1.35424788310135       -1.19635151687234
H           -0.70342512370154       -0.85646643904346       -1.20502859718284
H           -1.79568817981831        0.52308535950018       -1.33781031922679
H           -1.31300976590979       -1.05369849804131        1.06486225251272
H           -2.28026411118219        0.26109527789699        0.97729755710112
16
 energy: -17.085815647061 gnorm: 0.000027316984 xtb: 6.7.1 (edcfbbe)
C            1.93780016338919       -0.71663447281135       -0.15704248069395
C            1.12105287138227        0.33638273210098        0.58371045839554
C            0.02443779613206        0.96510137996136       -0.27896596296392
C           -1.10977658556359        0.00062858294874       -0.66407319821123
N           -1.90371114184980       -0.51337039723113        0.44116790043423
H            2.74456520077053       -1.07947847669194        0.47542707589150
H            1.32051211915160       -1.56569117491342       -0.43901043729770
H            2.37205451307974       -0.29268417615395       -1.05966820806675
H            0.67815239897782       -0.10953928608230        1.47797270610784
H            1.79103632963911        1.13172488586288        0.91896175423413
H           -0.40988616802397        1.81019649202069        0.26326358488283
H            0.47056967489320        1.35395810384588       -1.19633766890975
H           -0.70349539398141       -0.85694306151919       -1.20448078098750
H           -1.79549539570817        0.52274458745990       -1.33808569170807
H           -1.31367196200113       -1.05311561270284        1.06537682679335
H           -2.28074065059568        0.26175999254446        0.97696693609056
16
 energy: -17.085815766006 gnorm: 0.000026282297 xtb: 6.7.1 (edcfbbe)
C            1.93817411675768       -0.71641603913769       -0.15724255447112
C            1.12103492790300        0.33613476201985        0.58374080911787
C            0.02444045047036        0.96488688149819       -0.27893245713478
C           -1.10983233026556        0.00045441752696       -0.66396363740452
N           -1.90412844420758       -0.51301122659634        0.44126643189815
H            2.74479105773664       -1.07944388931276        0.47531042692322
H            1.32109944185267       -1.56542677869544       -0.43980803176886
H            2.37264958296236       -0.29197789307999       -1.05953318025803
H            0.67804961020754       -0.11022650883060        1.47773993662711
H            1.79076935744719        1.13150353675739        0.91942724104188
H           -0.40985659878852        1.81001425912207        0.26326674848185
H            0.47059759224353        1.35369936286420       -1.19631033306839
H           -0.70354708793710       -0.85738526098348       -1.20393963618022
H           -1.79530446620361        0.52241753834595       -1.33834349576656
H           -1.31432223765145       -1.05256561705755        1.06585924226862
H           -2.28121120283537        0.26238255419798        0.97664530368487
16
 energy: -17.085815874024 gnorm: 0.000025330843 xtb: 6.7.1 (edcfbbe)
C            1.93851718626061       -0.71621161719230       -0.15743074459591
C            1.12101480294437        0.33589430929227        0.58378165105587
C            0.02443559484360        0.96468658179547       -0.27888541644664
C           -1.10987062739272        0.00027879305629       -0.66387788390375
N           -1.90451217202549       -0.51265622357645        0.44135151809214
H            2.74502439482682       -1.07938235606712        0.47517925598342
H            1.32165036659055       -1.56519584914556       -0.44053376445083
H            2.37317074534571       -0.29131501007180       -1.05941905840818
H            0.67797518369269       -0.11088841870850        1.47754337366337
H            1.79052209235443        1.13128604400441        0.91986485847514
H           -0.40983185697246        1.80984483588999        0.26329158336416
H            0.47059300403105        1.35346271360774       -1.19627734946480
H           -0.70358486499216       -0.85781950547782       -1.20344592388747
H           -1.79511025438308        0.52209905399882       -1.33860180626191
H           -1.31493621808246       -1.05203314409760        1.06631562911656
H           -2.28165360734966        0.26298989133094        0.97632689165994
16
 energy: -17.085815972311 gnorm: 0.000024268035 xtb: 6.7.1 (edcfbbe)
C            1.93884849071739       -0.71602067075665       -0.15761313020143
C            1.12100359000940        0.33566803205956        0.58381287705573
C            0.02443858512345        0.96449715595638       -0.27884283416010
C           -1.10991455061868        0.00012504602204       -0.66378230913133
N           -1.90489456060270       -0.51233433143444        0.44142645813128
H            2.74526517910031       -1.07931304375964        0.47504249324024
H            1.32217977761707       -1.56498891837034       -0.44119132133824
H            2.37364465844909       -0.29070346301212       -1.05933582879367
H            0.67790587104199       -0.11149994053384        1.47735275873143
H            1.79029594066859        1.13108385886852        0.92026439837060
H           -0.40981446352100        1.80966890853104        0.26332354493261
H            0.47061414624611        1.35325657739938       -1.19623368004152
H           -0.70361198157504       -0.85821544605148       -1.20294809096117
H           -1.79492083366684        0.52180103822101       -1.33885529615533
H           -1.31553778853633       -1.05153370119786        1.06675084569902
H           -2.28209829076102        0.26354899669718        0.97601192861299
