2025-04-11 12:27:10,703 -   censo.qm_processor   -   INFO   - worker151550:Running xtb_gsolv calculation in /srv/scratch/z5358697/.automated/6004/0_PRESCREENING/CONF1/xtb_gsolv.
2025-04-11 12:27:10,719 -   censo.qm_processor   -   INFO   - worker151552:Running xtb_gsolv calculation in /srv/scratch/z5358697/.automated/6004/0_PRESCREENING/CONF2/xtb_gsolv.
2025-04-11 12:27:10,720 -   censo.qm_processor   -   INFO   - worker151558:Running xtb_gsolv calculation in /srv/scratch/z5358697/.automated/6004/0_PRESCREENING/CONF7/xtb_gsolv.
2025-04-11 12:27:10,735 -   censo.qm_processor   -   INFO   - worker151553:Running xtb_gsolv calculation in /srv/scratch/z5358697/.automated/6004/0_PRESCREENING/CONF3/xtb_gsolv.
2025-04-11 12:27:10,873 -   censo.qm_processor   -   INFO   - worker151547:Running xtb_gsolv calculation in /srv/scratch/z5358697/.automated/6004/0_PRESCREENING/CONF5/xtb_gsolv.
2025-04-11 12:27:10,932 -   censo.qm_processor   -   INFO   - worker151555:Running xtb_gsolv calculation in /srv/scratch/z5358697/.automated/6004/0_PRESCREENING/CONF6/xtb_gsolv.
2025-04-11 12:27:10,939 -   censo.qm_processor   -   INFO   - worker151548:Running xtb_gsolv calculation in /srv/scratch/z5358697/.automated/6004/0_PRESCREENING/CONF4/xtb_gsolv.
2025-04-11 12:27:10,950 -   censo.qm_processor   -   INFO   - worker151560:Running xtb_gsolv calculation in /srv/scratch/z5358697/.automated/6004/0_PRESCREENING/CONF8/xtb_gsolv.
2025-04-11 12:27:10,968 -   censo.qm_processor   -   INFO   - worker151551:Running xtb_gsolv calculation in /srv/scratch/z5358697/.automated/6004/0_PRESCREENING/CONF9/xtb_gsolv.
2025-04-11 12:27:11,905 -     censo.parallel     -   INFO   - All jobs executed successfully.
2025-04-11 12:27:11,930 -   censo.qm_processor   -   INFO   - worker151624:Running sp calculation in /srv/scratch/z5358697/.automated/6004/0_PRESCREENING/CONF1/sp.
2025-04-11 12:27:11,932 -   censo.qm_processor   -   INFO   - worker151627:Running sp calculation in /srv/scratch/z5358697/.automated/6004/0_PRESCREENING/CONF2/sp.
2025-04-11 12:27:11,939 -   censo.qm_processor   -   INFO   - worker151625:Running sp calculation in /srv/scratch/z5358697/.automated/6004/0_PRESCREENING/CONF3/sp.
2025-04-11 12:27:11,947 -   censo.qm_processor   -   INFO   - worker151628:Running sp calculation in /srv/scratch/z5358697/.automated/6004/0_PRESCREENING/CONF4/sp.
2025-04-11 12:27:11,955 -   censo.qm_processor   -   INFO   - worker151623:Running sp calculation in /srv/scratch/z5358697/.automated/6004/0_PRESCREENING/CONF5/sp.
2025-04-11 12:27:11,963 -   censo.qm_processor   -   INFO   - worker151637:Running sp calculation in /srv/scratch/z5358697/.automated/6004/0_PRESCREENING/CONF6/sp.
2025-04-11 12:27:11,971 -   censo.qm_processor   -   INFO   - worker151635:Running sp calculation in /srv/scratch/z5358697/.automated/6004/0_PRESCREENING/CONF8/sp.
2025-04-11 12:27:11,983 -   censo.qm_processor   -   INFO   - worker151632:Running sp calculation in /srv/scratch/z5358697/.automated/6004/0_PRESCREENING/CONF7/sp.
2025-04-11 12:27:11,995 -   censo.qm_processor   -   INFO   - worker151629:Running sp calculation in /srv/scratch/z5358697/.automated/6004/0_PRESCREENING/CONF9/sp.
2025-04-11 12:27:21,882 -     censo.parallel     -   INFO   - All jobs executed successfully.
2025-04-11 12:27:21,965 -   censo.qm_processor   -   INFO   - worker151785:Running gsolv calculation in /srv/scratch/z5358697/.automated/6004/1_SCREENING/CONF5/gsolv.
2025-04-11 12:27:21,970 -   censo.qm_processor   -   INFO   - worker151788:Running gsolv calculation in /srv/scratch/z5358697/.automated/6004/1_SCREENING/CONF6/gsolv.
2025-04-11 12:27:21,977 -   censo.qm_processor   -   INFO   - worker151799:Running gsolv calculation in /srv/scratch/z5358697/.automated/6004/1_SCREENING/CONF3/gsolv.
2025-04-11 12:27:21,983 -   censo.qm_processor   -   INFO   - worker151786:Running gsolv calculation in /srv/scratch/z5358697/.automated/6004/1_SCREENING/CONF4/gsolv.
2025-04-11 12:27:21,998 -   censo.qm_processor   -   INFO   - worker151794:Running gsolv calculation in /srv/scratch/z5358697/.automated/6004/1_SCREENING/CONF2/gsolv.
2025-04-11 12:27:22,002 -   censo.qm_processor   -   INFO   - worker151790:Running gsolv calculation in /srv/scratch/z5358697/.automated/6004/1_SCREENING/CONF7/gsolv.
2025-04-11 12:27:22,018 -   censo.qm_processor   -   INFO   - worker151795:Running gsolv calculation in /srv/scratch/z5358697/.automated/6004/1_SCREENING/CONF9/gsolv.
2025-04-11 12:27:22,085 -   censo.qm_processor   -   INFO   - worker151800:Running gsolv calculation in /srv/scratch/z5358697/.automated/6004/1_SCREENING/CONF8/gsolv.
2025-04-11 12:27:22,092 -   censo.qm_processor   -   INFO   - worker151793:Running gsolv calculation in /srv/scratch/z5358697/.automated/6004/1_SCREENING/CONF1/gsolv.
2025-04-11 12:28:16,170 -     censo.parallel     -   INFO   - All jobs executed successfully.
2025-04-11 12:28:16,269 -   censo.qm_processor   -   INFO   - worker152309:Running xtb_opt calculation in /srv/scratch/z5358697/.automated/6004/2_OPTIMIZATION/CONF6/xtb_opt.
2025-04-11 12:28:16,274 -   censo.qm_processor   -   INFO   - worker152308:Running xtb_opt calculation in /srv/scratch/z5358697/.automated/6004/2_OPTIMIZATION/CONF7/xtb_opt.
2025-04-11 12:28:16,358 -   censo.qm_processor   -   INFO   - worker152313:Running xtb_opt calculation in /srv/scratch/z5358697/.automated/6004/2_OPTIMIZATION/CONF4/xtb_opt.
2025-04-11 12:28:16,417 -   censo.qm_processor   -   INFO   - worker152312:Running xtb_opt calculation in /srv/scratch/z5358697/.automated/6004/2_OPTIMIZATION/CONF5/xtb_opt.
2025-04-11 12:28:16,422 -   censo.qm_processor   -   INFO   - worker152325:Running xtb_opt calculation in /srv/scratch/z5358697/.automated/6004/2_OPTIMIZATION/CONF9/xtb_opt.
2025-04-11 12:28:16,433 -   censo.qm_processor   -   INFO   - worker152317:Running xtb_opt calculation in /srv/scratch/z5358697/.automated/6004/2_OPTIMIZATION/CONF1/xtb_opt.
2025-04-11 12:28:16,444 -   censo.qm_processor   -   INFO   - worker152322:Running xtb_opt calculation in /srv/scratch/z5358697/.automated/6004/2_OPTIMIZATION/CONF3/xtb_opt.
2025-04-11 12:28:16,448 -   censo.qm_processor   -   INFO   - worker152319:Running xtb_opt calculation in /srv/scratch/z5358697/.automated/6004/2_OPTIMIZATION/CONF2/xtb_opt.
2025-04-11 12:28:16,492 -   censo.qm_processor   -   INFO   - worker152315:Running xtb_opt calculation in /srv/scratch/z5358697/.automated/6004/2_OPTIMIZATION/CONF8/xtb_opt.
2025-04-11 12:31:53,804 -     censo.parallel     -   INFO   - All jobs executed successfully.
2025-04-11 12:31:53,831 -   censo.qm_processor   -   INFO   - worker154314:Running xtb_rrho calculation in /srv/scratch/z5358697/.automated/6004/2_OPTIMIZATION/CONF7/xtb_rrho.
2025-04-11 12:31:53,839 -   censo.qm_processor   -   INFO   - worker154318:Running xtb_rrho calculation in /srv/scratch/z5358697/.automated/6004/2_OPTIMIZATION/CONF6/xtb_rrho.
2025-04-11 12:31:53,841 -   censo.qm_processor   -   INFO   - worker154315:Running xtb_rrho calculation in /srv/scratch/z5358697/.automated/6004/2_OPTIMIZATION/CONF5/xtb_rrho.
2025-04-11 12:31:53,848 -   censo.qm_processor   -   INFO   - worker154320:Running xtb_rrho calculation in /srv/scratch/z5358697/.automated/6004/2_OPTIMIZATION/CONF4/xtb_rrho.
2025-04-11 12:31:53,850 -   censo.qm_processor   -   INFO   - worker154323:Running xtb_rrho calculation in /srv/scratch/z5358697/.automated/6004/2_OPTIMIZATION/CONF1/xtb_rrho.
2025-04-11 12:31:53,860 -   censo.qm_processor   -   INFO   - worker154317:Running xtb_rrho calculation in /srv/scratch/z5358697/.automated/6004/2_OPTIMIZATION/CONF8/xtb_rrho.
2025-04-11 12:31:53,862 -   censo.qm_processor   -   INFO   - worker154331:Running xtb_rrho calculation in /srv/scratch/z5358697/.automated/6004/2_OPTIMIZATION/CONF2/xtb_rrho.
2025-04-11 12:31:53,864 -   censo.qm_processor   -   INFO   - worker154327:Running xtb_rrho calculation in /srv/scratch/z5358697/.automated/6004/2_OPTIMIZATION/CONF3/xtb_rrho.
2025-04-11 12:31:53,871 -   censo.qm_processor   -   INFO   - worker154324:Running xtb_rrho calculation in /srv/scratch/z5358697/.automated/6004/2_OPTIMIZATION/CONF9/xtb_rrho.
2025-04-11 12:31:55,908 -     censo.parallel     -   INFO   - All jobs executed successfully.
2025-04-11 12:31:55,909 -censo.ensembleopt.optimization-   INFO   - Threshold: 2.17 kcal/mol
2025-04-11 12:31:55,937 -   censo.qm_processor   -   INFO   - worker154389:Running xtb_opt calculation in /srv/scratch/z5358697/.automated/6004/2_OPTIMIZATION/CONF1/xtb_opt.
2025-04-11 12:31:55,940 -   censo.qm_processor   -   INFO   - worker154390:Running xtb_opt calculation in /srv/scratch/z5358697/.automated/6004/2_OPTIMIZATION/CONF2/xtb_opt.
2025-04-11 12:31:55,940 -   censo.qm_processor   -   INFO   - worker154392:Running xtb_opt calculation in /srv/scratch/z5358697/.automated/6004/2_OPTIMIZATION/CONF3/xtb_opt.
2025-04-11 12:31:55,941 -   censo.qm_processor   -   INFO   - worker154394:Running xtb_opt calculation in /srv/scratch/z5358697/.automated/6004/2_OPTIMIZATION/CONF9/xtb_opt.
2025-04-11 12:33:37,544 -     censo.parallel     -   INFO   - All jobs executed successfully.
2025-04-11 12:33:37,545 -censo.ensembleopt.optimization-   INFO   - Threshold: 1.50 kcal/mol
2025-04-11 12:33:37,569 -   censo.qm_processor   -   INFO   - worker154898:Running xtb_rrho calculation in /srv/scratch/z5358697/.automated/6004/2_OPTIMIZATION/CONF7/xtb_rrho.
2025-04-11 12:33:37,571 -   censo.qm_processor   -   INFO   - worker154899:Running xtb_rrho calculation in /srv/scratch/z5358697/.automated/6004/2_OPTIMIZATION/CONF6/xtb_rrho.
2025-04-11 12:33:37,575 -   censo.qm_processor   -   INFO   - worker154901:Running xtb_rrho calculation in /srv/scratch/z5358697/.automated/6004/2_OPTIMIZATION/CONF5/xtb_rrho.
2025-04-11 12:33:37,576 -   censo.qm_processor   -   INFO   - worker154904:Running xtb_rrho calculation in /srv/scratch/z5358697/.automated/6004/2_OPTIMIZATION/CONF4/xtb_rrho.
2025-04-11 12:33:37,577 -   censo.qm_processor   -   INFO   - worker154902:Running xtb_rrho calculation in /srv/scratch/z5358697/.automated/6004/2_OPTIMIZATION/CONF8/xtb_rrho.
2025-04-11 12:33:37,578 -   censo.qm_processor   -   INFO   - worker154909:Running xtb_rrho calculation in /srv/scratch/z5358697/.automated/6004/2_OPTIMIZATION/CONF1/xtb_rrho.
2025-04-11 12:33:37,578 -   censo.qm_processor   -   INFO   - worker154907:Running xtb_rrho calculation in /srv/scratch/z5358697/.automated/6004/2_OPTIMIZATION/CONF2/xtb_rrho.
2025-04-11 12:33:37,578 -   censo.qm_processor   -   INFO   - worker154913:Running xtb_rrho calculation in /srv/scratch/z5358697/.automated/6004/2_OPTIMIZATION/CONF3/xtb_rrho.
2025-04-11 12:33:37,580 -   censo.qm_processor   -   INFO   - worker154912:Running xtb_rrho calculation in /srv/scratch/z5358697/.automated/6004/2_OPTIMIZATION/CONF9/xtb_rrho.
2025-04-11 12:33:38,577 -     censo.parallel     -   INFO   - All jobs executed successfully.
