33
 energy: -56.023852114804 gnorm: 0.032596986316 xtb: 6.7.1 (edcfbbe)
C           -4.58065739762906       -1.05874030463336       -0.39676182336908
C           -3.86494322881863       -2.24319250724526       -0.22004952604372
C           -2.49333709886140       -2.20768795454967       -0.00625236996248
C           -1.81417873192174       -0.98750727254558        0.02892056292849
C           -2.53630685279343        0.20213668777865       -0.15916093296406
C           -3.91695196655542        0.15823937624392       -0.36757961673285
C           -1.84292014946287        1.49943164315434       -0.14979921260966
O           -2.46523721302506        2.55383249114167       -0.31300346445104
C           -0.37479330173944        1.49841575835954        0.05281382097584
C            0.26620073927850        2.72526757778303        0.01515771088701
C            1.65023126008171        2.78872894398887        0.19183601180478
C            2.38524263076518        1.64994351946086        0.41998539480210
C            1.76735321353870        0.37264031294343        0.49944819946392
C            0.34714601310609        0.29446698898878        0.28289881595848
C           -0.35079122748453       -0.97812967921655        0.28322513970878
O            0.22574970876277       -2.06959551517515        0.48526933383587
N            2.48257468560501       -0.73388462644738        0.80270115660406
C            3.92736446582578       -0.83561112011764        0.90339003906447
C            4.55000996200438       -1.44040441795186       -0.36226086125432
O            4.28460926999266       -0.65578856059375       -1.53619394612298
H           -5.65271165204057       -1.08686142922115       -0.55847121233537
H           -4.38044393466051       -3.19706824801235       -0.24755284788088
H           -1.93602144028032       -3.12621270558971        0.13473766793511
H           -4.45525312161258        1.08922634707641       -0.50599254842142
H           -0.31473972537381        3.62275049721864       -0.15638869863547
H            2.15591710737483        3.74783690060861        0.15062482283506
H            3.45435214831595        1.74426479999262        0.54977194014096
H            1.95364257381313       -1.60189040217047        0.77583362704684
H            4.17429048587420       -1.49248189174464        1.75278024917547
H            4.37218396120665        0.14182678967900        1.10889379186439
H            4.19940540466422       -2.47067490053997       -0.49933123675146
H            5.63578778459566       -1.45897529295743       -0.24241407571125
H            3.33730017383766       -0.70477270942280       -1.70669964231120
33
 energy: -56.025402223847 gnorm: 0.013802309744 xtb: 6.7.1 (edcfbbe)
C           -4.56511079601908       -1.05880051999963       -0.39563902109965
C           -3.85249425141264       -2.23764812163514       -0.21831495182031
C           -2.48525278764162       -2.19982799139543       -0.00419622874194
C           -1.80550784671956       -0.98347552744096        0.03245615720512
C           -2.52530335444552        0.20296926071315       -0.15736289708303
C           -3.90290865068922        0.15492764691789       -0.36654053016315
C           -1.83836306578775        1.50032748322236       -0.14762049018348
O           -2.45659825079637        2.55217861822544       -0.31050737208270
C           -0.37639483975781        1.49234311294569        0.05695002803748
C            0.26491226621129        2.71699379815311        0.01696992539713
C            1.64506559899764        2.78578097585744        0.19054639196579
C            2.37475319586337        1.65036685096099        0.42056402460134
C            1.76094091478256        0.37540418190052        0.49821973537713
C            0.34507540913996        0.29361633358372        0.28725213142952
C           -0.34722044444476       -0.97849639950363        0.28708987473391
O            0.22827592986439       -2.06618962680090        0.48042323679319
N            2.47389780656082       -0.72671308231083        0.79488409657455
C            3.91040130919823       -0.83914148790448        0.90523796375323
C            4.54112580182534       -1.44068807408161       -0.35929892370097
O            4.29574008269352       -0.65729055475248       -1.52077016154479
H           -5.63270661579295       -1.08795545828254       -0.55735673086914
H           -4.36603802690144       -3.18765181741411       -0.24499154035868
H           -1.92537133025944       -3.11272440326487        0.13941751259662
H           -4.43616350329762        1.08481260431072       -0.50537130909488
H           -0.31913151622077        3.60830537306405       -0.15629639037896
H            2.14588644253073        3.74200885755643        0.14414922565185
H            3.44177804449831        1.74032494669506        0.53785412141089
H            1.94405548767135       -1.59570840349697        0.77712175467622
H            4.14226671993127       -1.50025706451361        1.74731222024384
H            4.35600861790054        0.13370087572013        1.10787962591561
H            4.17836694856059       -2.46298697174175       -0.51425049725637
H            5.62634839813441       -1.46406647103559       -0.24511347515857
H            3.34974085220591       -0.69490984796851       -1.71032123735242
33
 energy: -56.025766232319 gnorm: 0.004607049034 xtb: 6.7.1 (edcfbbe)
C           -4.55478597919622       -1.06046676236202       -0.39546942773897
C           -3.84268388613991       -2.23693646845124       -0.21529067578973
C           -2.47760881797232       -2.19592834039484        0.00100648823635
C           -1.79847109635671       -0.98046351505470        0.03688070512027
C           -2.51776611685410        0.20426404260129       -0.15529260694657
C           -3.89382973253558        0.15255652897861       -0.36656957348732
C           -1.83689132478154        1.50354781745527       -0.14472669136547
O           -2.45435192685740        2.55383868946135       -0.30733084152234
C           -0.37832052421754        1.49030805431113        0.06075212938688
C            0.26399353696576        2.71433354885706        0.01870256463742
C            1.64339584069027        2.78734179556206        0.18687302742773
C            2.37048818667574        1.65199198520245        0.41602556622741
C            1.75728568407374        0.37825608487165        0.49669071787274
C            0.34351764285565        0.29427851858759        0.29022036148938
C           -0.34270232151856       -0.97994204558155        0.28753925337446
O            0.23258603764437       -2.06624187780078        0.47623829351668
N            2.46760717015608       -0.72266854073011        0.78545256890079
C            3.89756953702644       -0.84615152393815        0.90888027180562
C            4.52982214469213       -1.44238585220303       -0.36031062000303
O            4.30715929339752       -0.65064438848949       -1.50922247070567
H           -5.62006242543607       -1.09028768824245       -0.55868656000158
H           -4.35364025693061       -3.18604336341166       -0.24194399995006
H           -1.91227316442083       -3.10392555007284        0.14646772621670
H           -4.42256834892106        1.08320323093672       -0.50708308846679
H           -0.32499018727298        3.60073147108095       -0.15583994974696
H            2.13993279318511        3.74300343272245        0.13730546543983
H            3.43720548802346        1.73707249143681        0.52699068144185
H            1.93519998543787       -1.59154443174378        0.77746844454012
H            4.11525774697605       -1.51472953392914        1.74435780176989
H            4.34843549397591        0.12201654422286        1.11334283213951
H            4.15446257845247       -2.45923048472673       -0.52380729035052
H            5.61349824190314       -1.47812832599173       -0.23857988461967
H            3.36360325366338       -0.67149644688030       -1.72066494937459
33
 energy: -56.025860391174 gnorm: 0.003007761778 xtb: 6.7.1 (edcfbbe)
C           -4.55178635424879       -1.06276189108664       -0.39606440730362
C           -3.83889537420442       -2.23877572649986       -0.21304768439299
C           -2.47432469087560       -2.19540411726342        0.00467407441496
C           -1.79636869636508       -0.97902835552008        0.03979348200243
C           -2.51616490122295        0.20499432279865       -0.15401431103805
C           -3.89195996908175        0.15090669687596       -0.36725454524206
C           -1.83774186421001        1.50578588465629       -0.14259827092438
O           -2.45643883922200        2.55545246198070       -0.30432727572920
C           -0.37964718323321        1.49170801295882        0.06285454016022
C            0.26393493621684        2.71557125239224        0.01955977123771
C            1.64399995593685        2.78995447150971        0.18419609077182
C            2.37085735758602        1.65390380037221        0.41203779466903
C            1.75620254833066        0.38066713852579        0.49550097275579
C            0.34236210026996        0.29609620970761        0.29164828357991
C           -0.34152148203343       -0.97936717805755        0.29017331506449
O            0.23463343867620       -2.06621353797701        0.47427786282150
N            2.46441130547035       -0.72128532913802        0.77931474887339
C            3.89188215760026       -0.85185675755412        0.91069046786622
C            4.52496479181767       -1.44498999207758       -0.36191611447875
O            4.31927733121822       -0.64126497128968       -1.50218238133819
H           -5.61660743792540       -1.09334585893652       -0.56156466676577
H           -4.34825204758556       -3.18868658473874       -0.23893017442094
H           -1.90520016857791       -3.10080850444797        0.15286714434492
H           -4.41909838175637        1.08225872024721       -0.50963536721717
H           -0.32797611449197        3.60023694782220       -0.15478953738181
H            2.13905818650606        3.74596894359323        0.13107375933563
H            3.43851319656484        1.73546285352832        0.51910729788899
H            1.92917567835864       -1.58899982695305        0.77660180808449
H            4.10121986671489       -1.52750762167704        1.74191374164436
H            4.34821573766203        0.11271906023634        1.12142137484940
H            4.13760743525443       -2.45704930995053       -0.53187099090528
H            5.60748113783550       -1.49608310540404       -0.23171619515544
H            3.37826088939875       -0.64872901234968       -1.72741833859724
33
 energy: -56.025927189654 gnorm: 0.002665400494 xtb: 6.7.1 (edcfbbe)
C           -4.55088736389592       -1.06538601766414       -0.39712923065981
C           -3.83718973831647       -2.24120191815109       -0.21004784520046
C           -2.47312520177977       -2.19561033261071        0.01018129643826
C           -1.79639570304930       -0.97788405421251        0.04354390549170
C           -2.51667968148846        0.20560039476034       -0.15247697183047
C           -3.89242173144307        0.14921882547245       -0.36851465071835
C           -1.83935168497077        1.50758787799763       -0.13992118409422
O           -2.45980811437427        2.55691176595867       -0.29980631891305
C           -0.38082797143518        1.49402399030003        0.06454508591271
C            0.26464566536639        2.71738541619299        0.01975602812224
C            1.64582222766998        2.79162343866879        0.18023919841604
C            2.37288331721973        1.65488699626937        0.40701716323509
C            1.75557310312927        0.38251837204235        0.49444113546817
C            0.34104814192221        0.29802228364056        0.29235086356535
C           -0.34145513006477       -0.97812204721693        0.29096711990534
O            0.23509206152949       -2.06574471133613        0.47394920600045
N            2.46143484754737       -0.72121946161325        0.77381238341755
C            3.88721400863448       -0.85835331092610        0.91256046168437
C            4.52167573015771       -1.44683414057783       -0.36364187717019
O            4.33814382645419       -0.62622376875549       -1.49431669452419
H           -5.61564729619871       -1.09702154136742       -0.56535597234923
H           -4.34519980931718       -3.19229793746903       -0.23508221680250
H           -1.90054963739192       -3.09891699732593        0.16064628185523
H           -4.41907164586986        1.08095150036927       -0.51305966944337
H           -0.32905544928125        3.60153735815844       -0.15384637452415
H            2.14026857630159        3.74813920928798        0.12351223543159
H            3.44182043742130        1.73218778646338        0.51047146277223
H            1.92251818806469       -1.58703031564636        0.77567192145248
H            4.08885795714783       -1.54226002184322        1.73917955703576
H            4.34883813067719        0.10242172734157        1.13278139800906
H            4.11863746986831       -2.45166039373309       -0.54464346661740
H            5.60233204604504       -1.51928314408588       -0.22308773117853
H            3.40093497010380       -0.61843773210491       -1.73432023071336
33
 energy: -56.025967010456 gnorm: 0.002453048212 xtb: 6.7.1 (edcfbbe)
C           -4.55157795648857       -1.06671237921105       -0.39798252835190
C           -3.83772113379373       -2.24241538614505       -0.20772728756036
C           -2.47401134409334       -2.19588712590996        0.01407457758287
C           -1.79799170314791       -0.97734415187048        0.04626411508982
C           -2.51830467195395        0.20592725180758       -0.15139903740282
C           -3.89401531403923        0.14844228916122       -0.36953415939139
C           -1.84073915891972        1.50820718626130       -0.13757845947132
O           -2.46214153957726        2.55764784608730       -0.29506941955089
C           -0.38155020907651        1.49532398183372        0.06521215264479
C            0.26534551867808        2.71802087745280        0.01923539872207
C            1.64729236594064        2.79095104682543        0.17662961358704
C            2.37455922930496        1.65394490406202        0.40259389139039
C            1.75527756631451        0.38233478160284        0.49262163035187
C            0.33992994400738        0.29865464500047        0.29247292776145
C           -0.34308211205113       -0.97689777549732        0.29377463678035
O            0.23353227992355       -2.06527907567330        0.47594387445632
N            2.45951085785520       -0.72261502097646        0.77072741689713
C            3.88462150866210       -0.86316704663508        0.91341460636269
C            4.52111443933273       -1.44694399529444       -0.36445259392731
O            4.35778994290348       -0.61157784211835       -1.48772533087034
H           -5.61622021043555       -1.09923467232736       -0.56880245276363
H           -4.34533883124807       -3.19408522781474       -0.23183897237603
H           -1.90033429434054       -3.09827560610992        0.16709679591993
H           -4.42114828102930        1.07986622260437       -0.51605256949195
H           -0.32810995070771        3.60287716078443       -0.15326752584865
H            2.14208756565738        3.74753434164309        0.11735386452855
H            3.44422854901131        1.72836498236606        0.50370157182346
H            1.91776315776092       -1.58676445670416        0.77511122901414
H            4.08205820654413       -1.55260966880774        1.73674753871193
H            4.34857919577902        0.09513674779159        1.14131652756944
H            4.10498973343864       -2.44435083639034       -0.55793463953995
H            5.59950270395877       -1.53734089973550       -0.21577116415375
H            3.42417849221340       -0.59220400177913       -1.73877995901956
33
 energy: -56.026009129680 gnorm: 0.002303972805 xtb: 6.7.1 (edcfbbe)
C           -4.55317628130117       -1.06735809442043       -0.39953205302751
C           -3.83987654249823       -2.24285355684794       -0.20469298916186
C           -2.47678090135872       -2.19591774722528        0.01999704514656
C           -1.80114312631607       -0.97693341677049        0.05031985030696
C           -2.52092552935241        0.20624733184246       -0.14989314393039
C           -3.89632954984967        0.14815822527430       -0.37125138418486
C           -1.84247614877367        1.50831135374068       -0.13426934795186
O           -2.46430217815143        2.55828072657498       -0.28784512061351
C           -0.38247177305433        1.49578054681466        0.06571352554646
C            0.26589436543536        2.71748828493967        0.01797157047298
C            1.64861026640763        2.78812254794681        0.17155926010545
C            2.37589369426902        1.65097990080102        0.39661807374035
C            1.75455183767514        0.38041962071431        0.49025317862156
C            0.33837567272738        0.29823897773472        0.29243142264608
C           -0.34592934321819       -0.97601106085243        0.29662089524390
O            0.22965943736901       -2.06487731470841        0.48193739280727
N            2.45714553386769       -0.72567004874133        0.76827293180502
C            3.88185170832506       -0.86902340852466        0.91355745164864
C            4.52203111418151       -1.44599826718591       -0.36503222459702
O            4.38829270590841       -0.59078556623748       -1.47858882180771
H           -5.61748809032060       -1.10083621830912       -0.57342354592893
H           -4.34762887257835       -3.19467570338211       -0.22768171838200
H           -1.90316944154908       -3.09787331013947        0.17584885652445
H           -4.42447718631103        1.07870118612297       -0.52040630335254
H           -0.32589029847385        3.60392548842533       -0.15292320688204
H            2.14434734420169        3.74439550094766        0.10999651837504
H            3.44616073912664        1.72264137966650        0.49439058492292
H            1.91216269482112       -1.58779186310196        0.77489927085831
H            4.07541782127871       -1.56443478594069        1.73295990381730
H            4.34698025876232        0.08673042625826        1.15043774594647
H            4.08848558505027       -2.43197893821634       -0.57812156149860
H            5.59658391063761       -1.56024001003925       -0.20550754512778
H            3.45969511944590       -0.55563309087705       -1.74424024261475
33
 energy: -56.026036584729 gnorm: 0.001903343460 xtb: 6.7.1 (edcfbbe)
C           -4.55522683199330       -1.06638041814234       -0.40060211889524
C           -3.84313170319973       -2.24188276964993       -0.20279366622890
C           -2.48033368863402       -2.19568827648440        0.02361632422079
C           -1.80422057733869       -0.97713238060795        0.05307959884151
C           -2.52300537456020        0.20630799582217       -0.14898425059220
C           -3.89800161659543        0.14890669029036       -0.37250154305783
C           -1.84350536062337        1.50769809770773       -0.13190758315184
O           -2.46475018922122        2.55844168155452       -0.28210767785094
C           -0.38306559453362        1.49443671878607        0.06573391209211
C            0.26603384733609        2.71541510511933        0.01655831255510
C            1.64909298644404        2.78415098458022        0.16776553402192
C            2.37597140949812        1.64681542806412        0.39205097879994
C            1.75370122703533        0.37698302002251        0.48791692552119
C            0.33710345923512        0.29634253842688        0.29251607350846
C           -0.34910534819517       -0.97649830470744        0.30087940556794
O            0.22523425525763       -2.06557068051369        0.48903229387735
N            2.45569002863662       -0.72925440425869        0.76763592670518
C            3.88056035742724       -0.87245309184571        0.91292803111085
C            4.52445962913287       -1.44363505244406       -0.36515167804264
O            4.41323389633807       -0.57482217683296       -1.47141358386256
H           -5.61910900058659       -1.09994994060267       -0.57665760366034
H           -4.35173519969111       -3.19318518047141       -0.22495396714408
H           -1.90837435884672       -3.09810672484947        0.18192084334871
H           -4.42662736445000        1.07874679544533       -0.52356543940525
H           -0.32367599015581        3.60328935738386       -0.15336149686952
H            2.14599711001228        3.73975234709371        0.10505670662517
H            3.44636362894429        1.71763353022162        0.48742106745626
H            1.90935112169101       -1.59043174549461        0.77481632091446
H            4.07306217863995       -1.57081189406481        1.72999535373173
H            4.34434007702848        0.08252323702795        1.15481912395633
H            4.07986114576225       -2.42030316649420       -0.59449561846111
H            5.59543482553677       -1.57382098253288       -0.19793455572406
H            3.48845156105244       -0.52798724126513       -1.74693568043413
33
 energy: -56.026053148215 gnorm: 0.001349748894 xtb: 6.7.1 (edcfbbe)
C           -4.55826272731242       -1.06347165934679       -0.40131983772309
C           -3.84839750680097       -2.23937708567505       -0.20134589540985
C           -2.48571818798596       -2.19522576518485        0.02686732708485
C           -1.80773949602016       -0.97818422777977        0.05580958192601
C           -2.52470954485078        0.20600934070305       -0.14807028602150
C           -3.89910936451717        0.15080374017577       -0.37340534067465
C           -1.84393755856014        1.50628399636272       -0.12995934842026
O           -2.46355186809782        2.55811520337108       -0.27703992577130
C           -0.38342125680315        1.49071033415105        0.06535570893716
C            0.26613489895545        2.71107582389709        0.01418730400167
C            1.64922826149894        2.77835178954297        0.16371270701587
C            2.37490831992727        1.64049862514194        0.38772253812371
C            1.75224800585634        0.37138426950163        0.48615114102177
C            0.33575605165343        0.29234707721440        0.29281100296280
C           -0.35258000429695       -0.97935815171235        0.30440492110705
O            0.21950950421860       -2.06802511757462        0.49864035475985
N            2.45454015938563       -0.73426845740050        0.76828506274085
C            3.88001769346361       -0.87486651448641        0.91200999900616
C            4.52853543245900       -1.43906053439052       -0.36542015933928
O            4.43849399224906       -0.55790158181616       -1.46342427363714
H           -5.62170398408408       -1.09576056177789       -0.57833980137690
H           -4.35867591663742       -3.18946793472339       -0.22303957763138
H           -1.91676461414723       -3.09905086126017        0.18640629315213
H           -4.42693358036843        1.08057247102021       -0.52579316431350
H           -0.32154946201269        3.59994716236462       -0.15561524674699
H            2.14756336487506        3.73284932329063        0.10046900519395
H            3.44520365937007        1.71198632692639        0.48043974134559
H            1.90867947520066       -1.59559314202639        0.77477807889856
H            4.07325377534205       -1.57498765777411        1.72714176051573
H            4.34038377213377        0.08058385932723        1.15729189832853
H            4.07577147572654       -2.40657378066671       -0.61136861251838
H            5.59576804566315       -1.58222282142698       -0.19054120444930
H            3.51713373090040       -0.49859439168399       -1.74742548261434
33
 energy: -56.026040511449 gnorm: 0.002574024680 xtb: 6.7.1 (edcfbbe)
C           -4.56135107035451       -1.06052520216935       -0.40203201571876
C           -3.85374019236093       -2.23684771147984       -0.19988136808702
C           -2.49117539732784       -2.19476777608054        0.03014148090070
C           -1.81130249238519       -0.97925709543224        0.05857147631243
C           -2.52643599932645        0.20570311564667       -0.14713806515982
C           -3.90023727487814        0.15272426686420       -0.37430319435247
C           -1.84437486344984        1.50485283222842       -0.12798770920060
O           -2.46234572234744        2.55778376913064       -0.27192189001167
C           -0.38377846612257        1.48693737586896        0.06497338094149
C            0.26624997837801        2.70668299649958        0.01177426140858
C            1.64938253899886        2.77248487927742        0.15958626626769
C            2.37384778242873        1.63409874867043        0.38332137475629
C            1.75078077392061        0.36571274043611        0.48435677714099
C            0.33438938300644        0.28829911371535        0.29311691721683
C           -0.35610544522762       -0.98226244619325        0.30801785148296
O            0.21371785494450       -2.07052682526182        0.50835280101590
N            2.45337516228447       -0.73935412210404        0.76892447614167
C            3.87946545379617       -0.87733115660427        0.91110363344897
C            4.53265628046488       -1.43441687460440       -0.36570731527448
O            4.46407347385680       -0.54069085917041       -1.45530547935811
H           -5.62435068706223       -1.09150506879093       -0.58003337769517
H           -4.36571287396111       -3.18571792465762       -0.22110632480340
H           -1.92525681823483       -3.10001651669273        0.19093631230878
H           -4.42723023041491        1.08243746775110       -0.52802957012281
H           -0.31940700256248        3.59655201463687       -0.15792003170109
H            2.14916762229365        3.72586648099227        0.09577159847720
H            3.44405134801222        1.70625742970086        0.47335274502635
H            1.90800505479056       -1.60083192864650        0.77473546500970
H            4.07342900936716       -1.57927011884116        1.72425875554861
H            4.33639558035449        0.07858957141180        1.15985985380957
H            4.07160282646969       -2.39267155779158       -0.62847422950327
H            5.59611120728129       -1.59075578701246       -0.18303554586137
H            3.54617775175119       -0.46870473501329       -1.74790304089029
33
 energy: -56.026055093235 gnorm: 0.001219184653 xtb: 6.7.1 (edcfbbe)
C           -4.56007119446221       -1.06165695820406       -0.40115905337484
C           -3.85140124819473       -2.23799146799205       -0.20077055536360
C           -2.48862802780682       -2.19512929548716        0.02779014363155
C           -1.80935905531426       -0.97900600212411        0.05695137961740
C           -2.52531915541951        0.20571296821784       -0.14752550633747
C           -3.89950822843654        0.15190911372912       -0.37331948442508
C           -1.84394209467987        1.50548126459892       -0.12924179849239
O           -2.46269600833867        2.55782557476198       -0.27525119961301
C           -0.38347411826081        1.48840931623909        0.06509287620022
C            0.26644545694403        2.70852118636419        0.01264362967582
C            1.64954320601268        2.77537461003537        0.16132831694524
C            2.37441790940885        1.63703958957956        0.38541288870420
C            1.75149438785529        0.36828882931202        0.48523474913560
C            0.33505106833276        0.28997102453987        0.29315383893292
C           -0.35439170828795       -0.98140015854355        0.30698163891839
O            0.21674653903628       -2.06990468539063        0.50308775147579
N            2.45400189784378       -0.73702298149513        0.76835499077247
C            3.87972619258756       -0.87623737922058        0.91205765394746
C            4.53058928882074       -1.43619212674812       -0.36587024489764
O            4.45019383455979       -0.54826240936916       -1.45883577233769
H           -5.62337929525186       -1.09277390405433       -0.57845325697295
H           -4.36258449592753       -3.18747010838505       -0.22238605195511
H           -1.92115775722688       -3.09974907814530        0.18784386767047
H           -4.42617773143916        1.08216593149209       -0.52612707851942
H           -0.32089274434176        3.59741571932908       -0.15754113617475
H            2.14856805362219        3.72928755571356        0.09731327111790
H            3.44472776595083        1.70898844000326        0.47684364505999
H            1.90894601015917       -1.59878204340344        0.77464713691728
H            4.07320883458617       -1.57763087276011        1.72598911362919
H            4.33849312937193        0.07946027136092        1.15940373952488
H            4.07426047825594       -2.39980571823665       -0.61973469318175
H            5.59635971229784       -1.58534018587382       -0.18680732766364
H            3.53028364412637       -0.48196692355942       -1.74673120309305
33
 energy: -56.026059056073 gnorm: 0.000448420155 xtb: 6.7.1 (edcfbbe)
C           -4.55955102086712       -1.06210367320842       -0.39969494301580
C           -3.85004027275604       -2.23876263735289       -0.20174494280578
C           -2.48697314073325       -2.19563732353133        0.02524934338227
C           -1.80775037057589       -0.97915310019548        0.05519775533654
C           -2.52429405631719        0.20557479964712       -0.14773140643942
C           -3.89900103363834        0.15149678412307       -0.37171860742155
C           -1.84322465788324        1.50581699862728       -0.13094469819699
O           -2.46258127319402        2.55763655048080       -0.27968482096155
C           -0.38287633872146        1.48930423449566        0.06474791323499
C            0.26714906841509        2.70974179738363        0.01272260186255
C            1.65014188651861        2.77756169223027        0.16254176353483
C            2.37513231950020        1.63909779691701        0.38761322039176
C            1.75213466584467        0.37011273744318        0.48657718958707
C            0.33571385028792        0.29095855314184        0.29294857572403
C           -0.35271741114714       -0.98140783670479        0.30444695943431
O            0.21940851158860       -2.07004360912691        0.49767048647804
N            2.45469564076172       -0.73547285378187        0.76815558409285
C            3.88016620311580       -0.87527608697369        0.91346570420311
C            4.52939411650002       -1.43644683794177       -0.36616166294998
O            4.43508185267438       -0.55420053809970       -1.46169665806019
H           -5.62335910486897       -1.09272577305584       -0.57549488441278
H           -4.36066532904254       -3.18877867334753       -0.22402553929835
H           -1.91817415681874       -3.09998921055440        0.18355679554425
H           -4.42474560436802        1.08277561873471       -0.52309275856988
H           -0.32219055822910        3.59743746060780       -0.15835218524096
H            2.14859423392958        3.73191938880661        0.09824464740959
H            3.44557877141048        1.71089824474843        0.48068248467662
H            1.91070382357605       -1.59787934909485        0.77469538461802
H            4.07365852505335       -1.57654286388485        1.72767592937024
H            4.34020108313268        0.08029053592450        1.16019114237590
H            4.07979475995308       -2.40628340143183       -0.61105023389721
H            5.59766456811794       -1.57649765764349       -0.19134702128543
H            3.51300499516451       -0.49389267109808       -1.74326684922675
33
 energy: -56.026048181033 gnorm: 0.001977965828 xtb: 6.7.1 (edcfbbe)
C           -4.55903551923683       -1.06255831498087       -0.39825556216717
C           -3.84868567932461       -2.23954119299690       -0.20271226085354
C           -2.48532591257629       -2.19614726009590        0.02273897793215
C           -1.80615124770999       -0.97929952587547        0.05346907293192
C           -2.52327822623660        0.20543645419736       -0.14793243143170
C           -3.89849917618165        0.15108003085154       -0.37014067914246
C           -1.84252011905681        1.50615600419797       -0.13262321096318
O           -2.46248571703819        2.55745271506308       -0.28406823619208
C           -0.38228719076991        1.49020388650418        0.06441739607611
C            0.26784597911333        2.71096729389607        0.01280757812697
C            1.65073986459805        2.77975249579038        0.16374084554167
C            2.37584959431375        1.64115555172088        0.38978648682154
C            1.75277186709244        0.37193719072625        0.48791542802298
C            0.33636960971347        0.29194990002976        0.29275614243794
C           -0.35105278091168       -0.98141239018235        0.30194645290711
O            0.22205845016225       -2.07017967612310        0.49230717597206
N            2.45538441009059       -0.73392567332076        0.76794802892102
C            3.88060327720111       -0.87432933519792        0.91486408686154
C            4.52819234473465       -1.43672132599676       -0.36646592194404
O            4.42010443667232       -0.56008211615212       -1.46452401882291
H           -5.62334178043303       -1.09268771600997       -0.57258614322830
H           -4.35875149535635       -3.19009777355774       -0.22565221790098
H           -1.91519759151357       -3.10022914346456        0.17932177433401
H           -4.42331867356454        1.08337967717171       -0.52010319143239
H           -0.32349589409157        3.59746732925092       -0.15914955521742
H            2.14862034157959        3.73455604430776        0.09915143986229
H            3.44643724777452        1.71280634649450        0.48447495315257
H            1.91244533493539       -1.59697360223473        0.77474263436282
H            4.07409907620824       -1.57547462718909        1.72935454034554
H            4.34191993979578        0.08110328627022        1.16097437991945
H            4.08522650270322       -2.41271932969000       -0.60244443129432
H            5.59894137432140       -1.56780918155232       -0.19584680551192
H            3.49589189937514       -0.50568692556789       -1.73983645895294
33
 energy: -56.026061109768 gnorm: 0.000215748694 xtb: 6.7.1 (edcfbbe)
C           -4.56050498998648       -1.06124142455830       -0.39931814799600
C           -3.85150287537070       -2.23809896851359       -0.20137635349632
C           -2.48840764291594       -2.19560434397081        0.02556090345170
C           -1.80867309612868       -0.97948244814346        0.05556164891044
C           -2.52475075693605        0.20548833463689       -0.14746043266758
C           -3.89943591327956        0.15205406324689       -0.37140204634131
C           -1.84318341146176        1.50539874212748       -0.13076398518537
O           -2.46210713574406        2.55748112610799       -0.27910327587438
C           -0.38280750486669        1.48832826999492        0.06436652894928
C            0.26748823893203        2.70854925423153        0.01178097072562
C            1.65047119619018        2.77586409834376        0.16124400385974
C            2.37509505114190        1.63725612107628        0.38646923165400
C            1.75185826382733        0.36851121380377        0.48593799298237
C            0.33539957639749        0.28983199547346        0.29282522281039
C           -0.35371150976624       -0.98216776841006        0.30544433096022
O            0.21796913247368       -2.07083352385749        0.49925493621201
N            2.45436935780161       -0.73699282521707        0.76819558492344
C            3.87993220098019       -0.87614955428519        0.91364513172603
C            4.53059168988039       -1.43464318234530       -0.36615800189200
O            4.44055063008228       -0.54905637959609       -1.45945754505420
H           -5.62427033669431       -1.09145686262780       -0.57513124472717
H           -4.36256944023878       -3.18782506095536       -0.22362702017115
H           -1.92032483330389       -3.10033093111289        0.18402653458828
H           -4.42489742396846        1.08342995752351       -0.52280865180578
H           -0.32139908659008        3.59646001237759       -0.15939840292114
H            2.14937437210217        3.72991500366484        0.09657636352077
H            3.44552168379004        1.70899823602392        0.47910927414031
H            1.91057133317511       -1.59945161322118        0.77476273846083
H            4.07340135940278       -1.57850658864877        1.72687374247626
H            4.33906216535901        0.07933451110517        1.16217370891956
H            4.07973446995016       -2.40273949451911       -0.61520181495323
H            5.59816898166222       -1.57708584720266       -0.18960105671619
H            3.51906080048675       -0.48570502626868       -1.74262459999508
33
 energy: -56.026062379566 gnorm: 0.000205120923 xtb: 6.7.1 (edcfbbe)
C           -4.56113693482025       -1.06064393910431       -0.39881290847253
C           -3.85240564345475       -2.23768852027407       -0.20112591303754
C           -2.48927555089352       -2.19560507797703        0.02570749521338
C           -1.80919666669955       -0.97969072471277        0.05564707495070
C           -2.52499433848323        0.20546400053649       -0.14726897328075
C           -3.89973065240467        0.15245831735940       -0.37095086598616
C           -1.84305693936204        1.50516204061509       -0.13090545109037
O           -2.46168671417549        2.55739345761275       -0.27935347233087
C           -0.38266391663936        1.48773243775636        0.06393837365448
C            0.26787698592931        2.70780074815188        0.01100866055700
C            1.65085539507711        2.77477663233924        0.16036969610509
C            2.37519954365602        1.63605546254130        0.38587976880203
C            1.75169348312112        0.36749886652791        0.48575912453919
C            0.33525909712038        0.28910529791732        0.29255598698488
C           -0.35413209785547       -0.98274613453572        0.30506704837215
O            0.21720916924580       -2.07142605366294        0.49958314703108
N            2.45412159442165       -0.73803455891739        0.76826053117584
C            3.87972372384313       -0.87681432461477        0.91398711889635
C            4.53151666702945       -1.43305845631650       -0.36612863705378
O            4.44246096357439       -0.54576214974730       -1.45802017572184
H           -5.62495088092970       -1.09056352057067       -0.57428902764919
H           -4.36374098943100       -3.18725593709526       -0.22342929690380
H           -1.92150312301766       -3.10056328878021        0.18385939487564
H           -4.42498707276877        1.08396468337498       -0.52216458540977
H           -0.32077051880191        3.59581967544840       -0.16031956537400
H            2.15004700312127        3.72865225612112        0.09552566296146
H            3.44564018446492        1.70761983386925        0.47832627697445
H            1.91045800136924       -1.60052351271759        0.77482649785522
H            4.07308536974306       -1.58026991037422        1.72626841865335
H            4.33823437841643        0.07850420551521        1.16426894944061
H            4.08090947488522       -2.40063066400088       -0.61735817862265
H            5.59887744090782       -1.57580524046780       -0.18902754394799
H            3.52113811019467       -0.48139680553307       -1.74130836268729
33
 energy: -56.026064943864 gnorm: 0.000211699408 xtb: 6.7.1 (edcfbbe)
C           -4.56233816196227       -1.05942116592587       -0.39729742257378
C           -3.85403868468471       -2.23689327498650       -0.20072819966161
C           -2.49077173979897       -2.19564533823714        0.02535629851410
C           -1.81005341608454       -0.98010301472284        0.05546358788275
C           -2.52533200270608        0.20544040801057       -0.14686974237730
C           -3.90027841346444        0.15328885185059       -0.36951675046571
C           -1.84258361710428        1.50470703498600       -0.13156834169091
O           -2.46057539601761        2.55719512176535       -0.28081286128889
C           -0.38218728294136        1.48655025106514        0.06289304772058
C            0.26896372759107        2.70626609838922        0.00923705461522
C            1.65193994293963        2.77252257376725        0.15839643531169
C            2.37566946598176        1.63355330137661        0.38458075325073
C            1.75152926577058        0.36540274820928        0.48517242074257
C            0.33509162730681        0.28764177510931        0.29196602176262
C           -0.35495909392097       -0.98386987277967        0.30478970674971
O            0.21589549842856       -2.07273174868043        0.49936477311305
N            2.45358832908792       -0.74023930018864        0.76837742443327
C            3.87916300579703       -0.87849166035829        0.91518806720774
C            4.53319444403133       -1.42929118180357       -0.36605152576041
O            4.44405798117889       -0.53861449632848       -1.45509943269873
H           -5.62628838316780       -1.08873901396781       -0.57195038776465
H           -4.36586747009859       -3.18617076021092       -0.22329212181696
H           -1.92348466454392       -3.10101711768460        0.18280478440968
H           -4.42508306811348        1.08513222934775       -0.52008203466583
H           -0.31926770321428        3.59444400328253       -0.16255950883200
H            2.15174854478290        3.72601712759173        0.09287075287020
H            3.44614648770539        1.70459585568109        0.47672196125296
H            1.91012360549083       -1.60274774577600        0.77524634036297
H            4.07199694698975       -1.58489597974707        1.72495648326607
H            4.33646984363364        0.07621476349535        1.16994478638083
H            4.08447640427643       -2.39675986519600       -0.62109985160757
H            5.60056336392532       -1.57090828954130       -0.18836266850533
H            3.52256515928909       -0.47290322150841       -1.73766358066271
33
 energy: -56.026067712479 gnorm: 0.000242056808 xtb: 6.7.1 (edcfbbe)
C           -4.56406436130498       -1.05769948305146       -0.39475460081879
C           -3.85635338439859       -2.23584429066065       -0.19983648402170
C           -2.49284432850053       -2.19570391556353        0.02496146227630
C           -1.81123899492020       -0.98063755175461        0.05499469894813
C           -2.52576390736740        0.20550372487363       -0.14646831383926
C           -3.90106451992138        0.15450125957528       -0.36734083767633
C           -1.84178718679277        1.50416214852856       -0.13291462247553
O           -2.45885708982379        2.55705318286485       -0.28331697858749
C           -0.38133756150541        1.48488744932153        0.06105343516073
C            0.27092158261223        2.70400226499821        0.00648736691315
C            1.65399930888877        2.76910401977981        0.15530558592148
C            2.37674601597415        1.62965924651304        0.38244009485650
C            1.75133029129305        0.36221901566837        0.48428202973982
C            0.33492404574529        0.28548974932739        0.29072316810741
C           -0.35599276801833       -0.98555685484891        0.30344564121624
O            0.21405462508763       -2.07478146833354        0.49827941883888
N            2.45253475965394       -0.74372374797123        0.76849061519956
C            3.87797581412738       -0.88149504339159        0.91747696918743
C            4.53577289970064       -1.42296355927154       -0.36589775109264
O            4.44500312647185       -0.52669744392479       -1.45035618422176
H           -5.62829026208184       -1.08617652491135       -0.56792027622423
H           -4.36888714108376       -3.18475026143137       -0.22256812767940
H           -1.92599674755273       -3.10155364652348        0.18128150170883
H           -4.42532173699857        1.08683078364953       -0.51686058370568
H           -0.31658495978437        3.59256321946813       -0.16586608729850
H            2.15470541670974        3.72206763451646        0.08876794329404
H            3.44737898611888        1.69953091070975        0.47397171325383
H            1.90890350860554       -1.60602993473526        0.77552718654582
H            4.06951134214888       -1.59323247120074        1.72284389099916
H            4.33344739435619        0.07206052199431        1.18016941592683
H            4.09060901699338       -2.39070276251607       -0.62681285898360
H            5.60348208550661       -1.56197702950273       -0.18746043583796
H            3.52315927644411       -0.46058004591171       -1.73175172615690
33
 energy: -56.026068700777 gnorm: 0.000213586137 xtb: 6.7.1 (edcfbbe)
C           -4.56527350387119       -1.05648315709387       -0.39304438680971
C           -3.85805755890003       -2.23506646673398       -0.19894264572674
C           -2.49433229363064       -2.19568675082369        0.02470809361487
C           -1.81206794595818       -0.98098454418023        0.05447000821991
C           -2.52603489564935        0.20558876394325       -0.14652846085715
C           -3.90155320659146        0.15535214861782       -0.36619576360812
C           -1.84123367261246        1.50383841178116       -0.13384110025087
O           -2.45765013819343        2.55703686930601       -0.28475555901375
C           -0.38072626833276        1.48372795767424        0.05972413549672
C            0.27233532209905        2.70239040679956        0.00481979740658
C            1.65550689666076        2.76666760911150        0.15339210309448
C            2.37755074035447        1.62684288391575        0.38084704153843
C            1.75123626233694        0.35986540245016        0.48329440333304
C            0.33481762111053        0.28394721948067        0.28969446038927
C           -0.35683341303920       -0.98668938018573        0.30294454071155
O            0.21276760524825       -2.07625893024089        0.49722860058081
N            2.45175088850643       -0.74630802420471        0.76841413854848
C            3.87706152928772       -0.88364779074208        0.91913496336926
C            4.53779079261654       -1.41818340720858       -0.36565103948441
O            4.44516038219437       -0.51827134044415       -1.44683031229428
H           -5.62968023505775       -1.08435197069033       -0.56525634833340
H           -4.37113583036706       -3.18369016085979       -0.22140552373640
H           -1.92782109411176       -3.10182088783430        0.18065920925996
H           -4.42546518578702        1.08795994755645       -0.51526593698216
H           -0.31455270625270        3.59133939707276       -0.16769393108745
H            2.15681105125936        3.71927484352327        0.08621728013019
H            3.44828997812201        1.69587046504623        0.47185149805421
H            1.90775487796144       -1.60838953948471        0.77506850062809
H            4.06774358327601       -1.59915123963413        1.72126112593043
H            4.33099538413589        0.06905329976765        1.18759703922107
H            4.09602297288048       -2.38620199192301       -0.63062075618778
H            5.60568511860104       -1.55450441199099       -0.18690602896757
H            3.52321148808732       -0.45353653548694       -1.72801287671321
33
 energy: -56.026069047301 gnorm: 0.000128521519 xtb: 6.7.1 (edcfbbe)
C           -4.56564412066456       -1.05606718277736       -0.39245966187309
C           -3.85868637501326       -2.23476483222073       -0.19824586112267
C           -2.49491392562134       -2.19562210647630        0.02505538489278
C           -1.81237990673023       -0.98106904678051        0.05436784063426
C           -2.52609084855600        0.20564693762317       -0.14668855083719
C           -3.90165491062957        0.15562676693650       -0.36605621215346
C           -1.84097973369710        1.50374165846736       -0.13429786258236
O           -2.45718977185127        2.55707563574044       -0.28502005639087
C           -0.38047737849517        1.48332100019044        0.05924799043771
C            0.27293589300099        2.70177019447331        0.00434527116777
C            1.65616778161335        2.76567893512032        0.15270329928763
C            2.37792243147686        1.62571104595686        0.38018426584152
C            1.75119152147587        0.35894661608663        0.48290701547751
C            0.33478645816848        0.28336022839249        0.28919184748930
C           -0.35707109585427       -0.98710598991737        0.30222575749059
O            0.21231133691149       -2.07681126258004        0.49649237244093
N            2.45134128044697       -0.74738303998686        0.76826465396124
C            3.87650202782556       -0.88466620821153        0.91989569887402
C            4.53853163064967       -1.41612597834117       -0.36548634672336
O            4.44535519945669       -0.51423487678767       -1.44518362940230
H           -5.63010058507790       -1.08372552147241       -0.56435340847972
H           -4.37198658989112       -3.18326812210658       -0.22029224134980
H           -1.92847595606314       -3.10179709161675        0.18097283981955
H           -4.42546067764100        1.08827172012379       -0.51522957225016
H           -0.31363555788822        3.59093470934356       -0.16813707357354
H            2.15766035630960        3.71816733424512        0.08535729387735
H            3.44872128405135        1.69427068349475        0.47077626358135
H            1.90694284499082       -1.60925945104898        0.77454164910380
H            4.06660437703812       -1.60193403059910        1.72052135555278
H            4.32977788976431        0.06757085205858        1.19102259046956
H            4.09797830604942       -2.38425692830013       -0.63242540955573
H            5.60658255799117       -1.55140122376998       -0.18616898192912
H            3.52350880283705       -0.45107232897551       -1.72765225270192
33
 energy: -56.026069292332 gnorm: 0.000075770207 xtb: 6.7.1 (edcfbbe)
C           -4.56588096732354       -1.05580381863610       -0.39233171916946
C           -3.85915352337524       -2.23454793869928       -0.19756320017874
C           -2.49533804102763       -2.19554386376531        0.02553379862979
C           -1.81259969634953       -0.98109764494299        0.05431977744295
C           -2.52612281317780        0.20569584581891       -0.14701765151776
C           -3.90167023157431        0.15579837106244       -0.36645407026313
C           -1.84088871222608        1.50373169493718       -0.13440886014276
O           -2.45699509443492        2.55715494504440       -0.28492135063882
C           -0.38037084943859        1.48311509416688        0.05903769099792
C            0.27322042207252        2.70146661747593        0.00431176202929
C            1.65649803925370        2.76516640955501        0.15259356726988
C            2.37810970108099        1.62506769046132        0.37987943965953
C            1.75114369918934        0.35840455307120        0.48261855204048
C            0.33474022463481        0.28303270732663        0.28887218044018
C           -0.35726613580792       -0.98732361227787        0.30191587582674
O            0.21205660150272       -2.07715636176548        0.49580092989576
N            2.45107901574164       -0.74804048002961        0.76805168191589
C            3.87616089606563       -0.88520960373054        0.92029077266309
C            4.53927141218213       -1.41469009946061       -0.36536191868096
O            4.44522718996794       -0.51197466296641       -1.44425296325641
H           -5.63034462236949       -1.08331869643847       -0.56421900802106
H           -4.37262669364702       -3.18297221845529       -0.21906038807419
H           -1.92901116117229       -3.10173544514644        0.18179079982879
H           -4.42537203705124        1.08844839932766       -0.51597992741664
H           -0.31318219320141        3.59079098079837       -0.16795503189217
H            2.15808378598671        3.71760853130148        0.08526854378047
H            3.44895572004993        1.69336691924395        0.47014828783270
H            1.90640157971549       -1.60978186436355        0.77376403841300
H            4.06592183972492       -1.60354116536647        1.72003544333350
H            4.32891394067163        0.06679735772709        1.19307133744702
H            4.09995435110023       -2.38302581007447       -0.63330605007156
H            5.60742603680475       -1.54890390997309       -0.18583724021605
H            3.52373286281556       -0.45144982494209       -1.72825883043291
33
 energy: -56.026069418079 gnorm: 0.000091132056 xtb: 6.7.1 (edcfbbe)
C           -4.56590789821396       -1.05576221002602       -0.39262170333732
C           -3.85932067021378       -2.23446260499133       -0.19709982105708
C           -2.49552220357090       -2.19546189845909        0.02612825264104
C           -1.81268757499340       -0.98105978948043        0.05446835420923
C           -2.52613071709139        0.20571506566205       -0.14727845249933
C           -3.90162406290070        0.15581211937973       -0.36702919654267
C           -1.84090329764742        1.50375500844874       -0.13453318848075
O           -2.45707276351058        2.55720861692021       -0.28461240395964
C           -0.38042899417158        1.48314004117088        0.05919834844223
C            0.27314621862864        2.70151430800846        0.00475818988770
C            1.65643676954033        2.76519748873011        0.15297305990406
C            2.37807045364421        1.62504992870358        0.37994408551435
C            1.75111629389084        0.35836432060636        0.48249201594619
C            0.33469157804605        0.28302394556358        0.28884417135269
C           -0.35732708326623       -0.98732010513590        0.30186049622266
O            0.21205467572778       -2.07720981537081        0.49533932772732
N            2.45103784541433       -0.74812772418140        0.76776287524433
C            3.87608126752398       -0.88524726903010        0.92030099860259
C            4.53959076569837       -1.41437407193770       -0.36532688626024
O            4.44524389119514       -0.51165261509368       -1.44416926016263
H           -5.63032735067088       -1.08325761127517       -0.56478974854467
H           -4.37287307010575       -3.18285648928998       -0.21810201409852
H           -1.92928145925125       -3.10162956656495        0.18283949628723
H           -4.42521687189083        1.08843785390965       -0.51710288438276
H           -0.31326997971090        3.59085658893649       -0.16737408843373
H            2.15800554704923        3.71766008162810        0.08578123039617
H            3.44892338246987        1.69333014238811        0.47009377530482
H            1.90630028366575       -1.60985400828789        0.77314741889072
H            4.06573210000347       -1.60375852295635        1.71991005813879
H            4.32866700677698        0.06674209459923        1.19343968838517
H            4.10095353297649       -2.38294756906704       -0.63330042493220
H            5.60776158850988       -1.54798535811123       -0.18562843911788
H            3.52415534283186       -0.45331127911186       -1.72993706181350
33
 energy: -56.026069425416 gnorm: 0.000050507687 xtb: 6.7.1 (edcfbbe)
C           -4.56590859700348       -1.05575846989448       -0.39261953645170
C           -3.85931879753537       -2.23446216330359       -0.19709721511310
C           -2.49552271186015       -2.19546218324716        0.02613089935073
C           -1.81269009806989       -0.98105613952980        0.05446866947644
C           -2.52612813111099        0.20571138742028       -0.14728544486422
C           -3.90163114397155        0.15581055763399       -0.36703590610786
C           -1.84090344684013        1.50375505267664       -0.13450671883022
O           -2.45707352408239        2.55720969077105       -0.28462327580818
C           -0.38042955706125        1.48313443165341        0.05919061403522
C            0.27315575689487        2.70152230237179        0.00475544610268
C            1.65642714006494        2.76519866080562        0.15297407102091
C            2.37806955779671        1.62504471788086        0.37994636737241
C            1.75112152333949        0.35836841616933        0.48250118023806
C            0.33469143269288        0.28302777302172        0.28884171968189
C           -0.35732408776903       -0.98732869037662        0.30186198312738
O            0.21204880863244       -2.07720600505889        0.49533667148637
N            2.45101214726910       -0.74812617484329        0.76775007360361
C            3.87607709110211       -0.88524977734005        0.92030207124025
C            4.53960161782856       -1.41435818702532       -0.36533163964657
O            4.44521940426292       -0.51165518133076       -1.44417003350888
H           -5.63032798198297       -1.08325828298832       -0.56479174734205
H           -4.37287456493788       -3.18285630311092       -0.21810383936229
H           -1.92928438727255       -3.10163094467058        0.18284156734943
H           -4.42521451650772        1.08843883520479       -0.51710179762695
H           -0.31327422463002        3.59085446980366       -0.16737305338621
H            2.15800751217911        3.71766023528139        0.08578340062629
H            3.44892544361506        1.69333097175130        0.47009361714156
H            1.90632244487631       -1.60985381842603        0.77315416086475
H            4.06573333229008       -1.60376095873568        1.71991289019834
H            4.32867080455735        0.06674581430763        1.19343966682290
H            4.10094692613564       -2.38296617038059       -0.63330074109154
H            5.60777440150905       -1.54798657578943       -0.18562410399013
H            3.52417497197239       -0.45330819441758       -1.72994374713498
