CONF#         G (xTB)          ΔG (xTB)          E (DFT)          ΔGsolv         GmRRHO          Gtot             ΔGtot          Boltzmann weight   
                [Eh]          [kcal/mol]          [Eh]             [Eh]           [Eh]           [Eh]           [kcal/mol]        % at 298.15 K     
CONF1        -56.018663          ---           -897.784937       -0.020770        ---         -897.805707          1.08                4.21         
CONF2        -56.018657          ---           -897.784280       -0.022380        ---         -897.806660          0.48               11.57         
CONF3        -56.018361          ---           -897.785490       -0.021943        ---         -897.807433          0.00               26.21         
CONF4        -56.018349          ---           -897.786554       -0.019670        ---         -897.806224          0.76                7.28         
CONF5        -56.018171          ---           -897.786360       -0.020056        ---         -897.806416          0.64                8.92         
CONF6        -56.018162          ---           -897.784358       -0.021176        ---         -897.805534          1.19                3.51         
CONF7        -56.017885          ---           -897.784342       -0.019473        ---         -897.803815          2.27                0.57         
CONF8        -56.017590          ---           -897.786930       -0.019021        ---         -897.805951          0.93                5.46         
CONF9        -56.017575          ---           -897.784452       -0.021148        ---         -897.805600          1.15                3.76         
CONF10       -56.017497          ---           -897.782551       -0.023226        ---         -897.805777          1.04                4.54         
CONF11       -56.017296          ---           -897.781459       -0.019537        ---         -897.800996          4.04                0.03         
CONF12       -56.017273          ---           -897.785177       -0.019787        ---         -897.804965          1.55                1.92         
CONF13       -56.017152          ---           -897.784835       -0.021053        ---         -897.805888          0.97                5.11         
CONF14       -56.017107          ---           -897.782131       -0.022130        ---         -897.804261          1.99                0.91         
CONF15       -56.017095          ---           -897.785527       -0.021122        ---         -897.806649          0.49               11.42         
CONF16       -56.017021          ---           -897.781167       -0.020931        ---         -897.802098          3.35                0.09         
CONF17       -56.016899          ---           -897.781547       -0.022800        ---         -897.804346          1.94                1.00         
CONF18       -56.016837          ---           -897.784837       -0.019429        ---         -897.804266          1.99                0.92         
CONF19       -56.016678          ---           -897.784665       -0.020270        ---         -897.804936          1.57                1.86         
CONF20       -56.016412          ---           -897.781821       -0.021198        ---         -897.803019          2.77                0.24         
CONF21       -56.016056          ---           -897.782190       -0.021465        ---         -897.803654          2.37                0.48         

Boltzmann averaged free energy/enthalpy of ensemble on input geometries (not DFT optimized):
temperature /K:   avE(T) /a.u.   avG(T) /a.u.
    298.15        -897.7851855    -897.8063934     <<==part1==
----------------------------------------------------------------------------------------------------

