
         ______________________________________________________________
        |                                                              |
        |                                                              |
        |                   CENSO - Commandline ENSO                   |
        |                           v 2.1.2                            |
        |    energetic sorting of CREST Conformer Rotamer Ensembles    |
        |                    University of Bonn, MCTC                  |
        |                           Oct 2024                           |
        |                 based on ENSO version 2.0.1                  |
        |             L. M. Seidler, F. Bohle and S. Grimme            |
        |                                                              |
        |______________________________________________________________|

        Please cite:
        (TBA)
        S. Grimme, F. Bohle, A. Hansen, P. Pracht, S. Spicher, and M. Stahn
        J. Phys. Chem. A 2021, 125, 19, 4039-4054.
        DOI: https://doi.org/10.1021/acs.jpca.1c00971

        This program is distributed in the hope that it will be useful,
        but WITHOUT ANY WARRANTY; without even the implied warranty of
        MERCHANTABILITY or FITNESS FOR A PARTICULAR PURPOSE.

Reading configuration file from /home/z5358697/.censo2rc.
CALL: /srv/scratch/z5358697/.censo/bin/censo -i crest_conformers.xyz --maxcores 16 -O 1
Read 21 conformers.
Number of atoms:              33
Charge:                       0
Unpaired electrons:           0


----------------------------------------------------------------------------------------------------
                                          GENERAL SETTINGS                                          
----------------------------------------------------------------------------------------------------
    
imagthr:                      -100.0
sthr:                         0.0
scale:                        1.0
temperature:                  298.15
solvent:                      h2o
sm_rrho:                      alpb
multitemp:                    False
evaluate_rrho:                False
consider_sym:                 False
bhess:                        False
rmsdbias:                     False
balance:                      False
gas-phase:                    False
copy_mo:                      True
retry_failed:                 True
trange:                       [273.15, 373.15, 5]



----------------------------------------------------------------------------------------------------
                                            PRESCREENING                                            
----------------------------------------------------------------------------------------------------
    
threshold:                    4.0
func:                         pbe-d4
basis:                        def2-sv(p)
prog:                         orca
gfnv:                         gfn2
run:                          True
template:                     False


Running xtb_gsolv calculation for CONF2.
Running xtb_gsolv calculation for CONF3.
Running xtb_gsolv calculation for CONF1.
Running xtb_gsolv calculation for CONF6.
Running xtb_gsolv calculation for CONF5.
Running xtb_gsolv calculation for CONF9.
Running xtb_gsolv calculation for CONF4.
Running xtb_gsolv calculation for CONF10.
Running xtb_gsolv calculation for CONF8.
Running xtb_gsolv calculation for CONF7.
Running xtb_gsolv calculation for CONF11.
Running xtb_gsolv calculation for CONF12.
Running xtb_gsolv calculation for CONF13.
Running xtb_gsolv calculation for CONF14.
Running xtb_gsolv calculation for CONF15.
Running xtb_gsolv calculation for CONF16.
Running xtb_gsolv calculation for CONF19.
Running xtb_gsolv calculation for CONF17.
Running xtb_gsolv calculation for CONF20.
Running xtb_gsolv calculation for CONF21.
Running xtb_gsolv calculation for CONF18.
Running sp calculation for CONF1.
Running sp calculation for CONF2.
Running sp calculation for CONF3.
Running sp calculation for CONF4.
Running sp calculation for CONF7.
Running sp calculation for CONF5.
Running sp calculation for CONF6.
Running sp calculation for CONF8.
Running sp calculation for CONF9.
Running sp calculation for CONF11.
Running sp calculation for CONF10.
Running sp calculation for CONF12.
Running sp calculation for CONF13.
Running sp calculation for CONF14.
Running sp calculation for CONF15.
Running sp calculation for CONF16.
Running sp calculation for CONF17.
Running sp calculation for CONF18.
Running sp calculation for CONF19.
Running sp calculation for CONF20.
Running sp calculation for CONF21.



-------------------------------- PRESCREENING SINGLE-POINT RESULTS ---------------------------------

CONF#         E (xTB)          ΔE (xTB)          E (DFT)          ΔE (DFT)        ΔGsolv (xTB)          Gtot             ΔGtot          Boltzmann weight   
                [Eh]          [kcal/mol]          [Eh]           [kcal/mol]        [kcal/mol]           [Eh]           [kcal/mol]        % at 298.15 K     
CONF1        -56.001596          0.56          -896.122808          1.78           -10.710065        -896.139875          0.83                4.37         
CONF2        -56.000906          0.99          -896.121984          2.30           -11.139335        -896.139735          0.92                3.77         
CONF3        -56.000603          1.18          -896.123237          1.52           -11.143019        -896.140994          0.13               14.29         
CONF4        -56.002264          0.14          -896.123727          1.21           -10.093014        -896.139812          0.87                4.09         
CONF5        -56.002485          0.00          -896.123235          1.52           -9.842967         -896.138921          1.43                1.59         
CONF6        -56.000941          0.97          -896.122325          2.09           -10.806665        -896.139547          1.04                3.09         
CONF7        -55.999790          1.69          -896.122832          1.77           -11.354517        -896.140926          0.17               13.30         
CONF8        -56.002039          0.28          -896.125651          0.00           -9.758646         -896.141203          0.00               17.83         
CONF9        -56.000589          1.19          -896.121906          2.35           -10.659205        -896.138893          1.45                1.54         
CONF10       -56.000093          1.50          -896.121424          2.65           -10.920891        -896.138827          1.49                1.44         
CONF11       -55.999347          1.97          -896.118807          4.29           -11.263263        -896.136756          2.79                0.16         
CONF12       -55.999949          1.59          -896.122847          1.76           -10.871195        -896.140171          0.65                5.98         
CONF13       -55.999092          2.13          -896.122438          2.02           -11.332705        -896.140498          0.44                8.45         
CONF14       -55.999369          1.96          -896.120810          3.04           -11.130743        -896.138548          1.67                1.07         
CONF15       -55.999167          2.08          -896.123056          1.63           -11.250113        -896.140984          0.14               14.15         
CONF16       -55.999152          2.09          -896.120001          3.55           -11.212782        -896.137870          2.09                0.52         
CONF17       -55.999134          2.10          -896.119599          3.80           -11.147401        -896.137364          2.41                0.31         
CONF18       -56.001129          0.85          -896.122857          1.75           -9.856781         -896.138565          1.66                1.09         
CONF19       -55.999413          1.93          -896.121990          2.30           -10.833687        -896.139255          1.22                2.27         
CONF20       -55.999372          1.95          -896.120051          3.51           -10.693205        -896.137091          2.58                0.23         
CONF21       -55.998148          2.72          -896.119856          3.64           -11.237736        -896.137764          2.16                0.47         

Boltzmann averaged free energy/enthalpy of ensemble on input geometries (not DFT optimized):
temperature /K:   avE(T) /a.u.   avG(T) /a.u.
    298.15        -896.1232595    -896.1404934     <<==part0==
----------------------------------------------------------------------------------------------------

Number of conformers:         21
Highest ranked conformer:     CONF8


Ran prescreening in 67.67 seconds!

----------------------------------------------------------------------------------------------------
                                             SCREENING                                              
----------------------------------------------------------------------------------------------------
    
threshold:                    3.5
func:                         r2scan-3c
basis:                        def2-tzvp
prog:                         orca
sm:                           smd
gfnv:                         gfn2
run:                          True
implicit:                     False
template:                     False


Running gsolv calculation for CONF8.
Running gsolv calculation for CONF15.
Running gsolv calculation for CONF7.
Running gsolv calculation for CONF3.
Running gsolv calculation for CONF1.
Running gsolv calculation for CONF13.
Running gsolv calculation for CONF19.
Running gsolv calculation for CONF9.
Running gsolv calculation for CONF4.
Running gsolv calculation for CONF2.
Running gsolv calculation for CONF10.
Running gsolv calculation for CONF14.
Running gsolv calculation for CONF12.
Running gsolv calculation for CONF6.
Running gsolv calculation for CONF18.
Running gsolv calculation for CONF5.
Running gsolv calculation for CONF16.
Running gsolv calculation for CONF21.
Running gsolv calculation for CONF17.
Running gsolv calculation for CONF20.
Running gsolv calculation for CONF11.

----------------------------- SCREENING SINGLE-POINT (+ mRRHO) RESULTS -----------------------------

CONF#         G (xTB)          ΔG (xTB)          E (DFT)          ΔGsolv         GmRRHO          Gtot             ΔGtot          Boltzmann weight   
                [Eh]          [kcal/mol]          [Eh]             [Eh]           [Eh]           [Eh]           [kcal/mol]        % at 298.15 K     
CONF1        -56.018663          ---           -897.784937       -0.020770        ---         -897.805707          1.08                4.21         
CONF2        -56.018657          ---           -897.784280       -0.022380        ---         -897.806660          0.48               11.57         
CONF3        -56.018361          ---           -897.785490       -0.021943        ---         -897.807433          0.00               26.21         
CONF4        -56.018349          ---           -897.786554       -0.019670        ---         -897.806224          0.76                7.28         
CONF5        -56.018171          ---           -897.786360       -0.020056        ---         -897.806416          0.64                8.92         
CONF6        -56.018162          ---           -897.784358       -0.021176        ---         -897.805534          1.19                3.51         
CONF7        -56.017885          ---           -897.784342       -0.019473        ---         -897.803815          2.27                0.57         
CONF8        -56.017590          ---           -897.786930       -0.019021        ---         -897.805951          0.93                5.46         
CONF9        -56.017575          ---           -897.784452       -0.021148        ---         -897.805600          1.15                3.76         
CONF10       -56.017497          ---           -897.782551       -0.023226        ---         -897.805777          1.04                4.54         
CONF11       -56.017296          ---           -897.781459       -0.019537        ---         -897.800996          4.04                0.03         
CONF12       -56.017273          ---           -897.785177       -0.019787        ---         -897.804965          1.55                1.92         
CONF13       -56.017152          ---           -897.784835       -0.021053        ---         -897.805888          0.97                5.11         
CONF14       -56.017107          ---           -897.782131       -0.022130        ---         -897.804261          1.99                0.91         
CONF15       -56.017095          ---           -897.785527       -0.021122        ---         -897.806649          0.49               11.42         
CONF16       -56.017021          ---           -897.781167       -0.020931        ---         -897.802098          3.35                0.09         
CONF17       -56.016899          ---           -897.781547       -0.022800        ---         -897.804346          1.94                1.00         
CONF18       -56.016837          ---           -897.784837       -0.019429        ---         -897.804266          1.99                0.92         
CONF19       -56.016678          ---           -897.784665       -0.020270        ---         -897.804936          1.57                1.86         
CONF20       -56.016412          ---           -897.781821       -0.021198        ---         -897.803019          2.77                0.24         
CONF21       -56.016056          ---           -897.782190       -0.021465        ---         -897.803654          2.37                0.48         

Boltzmann averaged free energy/enthalpy of ensemble on input geometries (not DFT optimized):
temperature /K:   avE(T) /a.u.   avG(T) /a.u.
    298.15        -897.7851855    -897.8063934     <<==part1==
----------------------------------------------------------------------------------------------------


----------------------------------- SCREENING RANKING COMPARISON -----------------------------------

CONF#        ΔGtot prescreening       ΔGtot screening   
                 [kcal/mol]             [kcal/mol]      
CONF1               0.83                   1.08         
CONF2               0.92                   0.48         
CONF3               0.13                   0.00         
CONF4               0.87                   0.76         
CONF5               1.43                   0.64         
CONF6               1.04                   1.19         
CONF7               0.17                   2.27         
CONF8               0.00                   0.93         
CONF9               1.45                   1.15         
CONF10              1.49                   1.04         
CONF11              2.79                   4.04         
CONF12              0.65                   1.55         
CONF13              0.44                   0.97         
CONF14              1.67                   1.99         
CONF15              0.14                   0.49         
CONF16              2.09                   3.35         
CONF17              2.41                   1.94         
CONF18              1.66                   1.99         
CONF19              1.22                   1.57         
CONF20              2.58                   2.77         
CONF21              2.16                   2.37         
----------------------------------------------------------------------------------------------------



Number of conformers:         21
Highest ranked conformer:     CONF3


Ran screening in 561.29 seconds!

----------------------------------------------------------------------------------------------------
                                            OPTIMIZATION                                            
----------------------------------------------------------------------------------------------------
    
optcycles:                    8
maxcyc:                       200
threshold:                    1.5
hlow:                         0.01
gradthr:                      0.01
func:                         r2scan-3c
basis:                        def2-tzvp
prog:                         orca
sm:                           smd
gfnv:                         gfn2
optlevel:                     normal
run:                          True
macrocycles:                  True
crestcheck:                   True
template:                     False
constrain:                    False
xtb_opt:                      True


Optimization using macrocycles, 8 microcycles per step.
Running xtb_opt calculation for CONF4.
Running xtb_opt calculation for CONF2.
Running xtb_opt calculation for CONF3.
Running xtb_opt calculation for CONF15.
Running xtb_opt calculation for CONF5.
Running xtb_opt calculation for CONF8.
Running xtb_opt calculation for CONF10.
Running xtb_opt calculation for CONF13.
Running xtb_opt calculation for CONF1.
Running xtb_opt calculation for CONF6.
Running xtb_opt calculation for CONF9.
Running xtb_opt calculation for CONF17.
Running xtb_opt calculation for CONF19.
Running xtb_opt calculation for CONF18.
Running xtb_opt calculation for CONF12.
Running xtb_opt calculation for CONF14.
Running xtb_opt calculation for CONF7.
Running xtb_opt calculation for CONF21.
Running xtb_opt calculation for CONF20.
Running xtb_opt calculation for CONF16.
Running xtb_opt calculation for CONF11.
Running xtb_rrho calculation for CONF3.
Running xtb_rrho calculation for CONF2.
Running xtb_rrho calculation for CONF9.
Running xtb_rrho calculation for CONF15.
Running xtb_rrho calculation for CONF19.
Running xtb_rrho calculation for CONF5.
Running xtb_rrho calculation for CONF18.
Running xtb_rrho calculation for CONF4.
Running xtb_rrho calculation for CONF8.
Running xtb_rrho calculation for CONF6.
Running xtb_rrho calculation for CONF17.
Running xtb_rrho calculation for CONF13.
Running xtb_rrho calculation for CONF12.
Running xtb_rrho calculation for CONF10.
Running xtb_rrho calculation for CONF14.
Running xtb_rrho calculation for CONF1.
Running xtb_rrho calculation for CONF7.
Running xtb_rrho calculation for CONF21.
Running xtb_rrho calculation for CONF20.
Running xtb_rrho calculation for CONF16.
Running xtb_rrho calculation for CONF11.
CONF3 converged after 8 steps.
CONF2 converged after 6 steps.
CONF15 converged after 7 steps.
CONF13 converged after 8 steps.
CONF1 converged after 7 steps.
CONF9 converged after 7 steps.
CONF12 converged after 6 steps.
CONF19 converged after 7 steps.

----------------------------------- OPTIMIZATION CYCLE 8 UPDATE ------------------------------------

CONF#           Gtot             ΔGtot          grad_norm       converged   
                [Eh]           [kcal/mol]        [Eh/a0]                    
CONF1        -897.605339          1.49          0.000563          True      
CONF2        -897.606258          0.92          0.000794          True      
CONF3        -897.607718          0.00          0.000357          True      
CONF4        -897.606124          1.00          0.002549          False     
CONF5        -897.607230          0.31          0.001243          False     
CONF6        -897.605505          1.39          0.002053          False     
CONF7        -897.604623          1.94          0.001823          False     
CONF8        -897.605634          1.31          0.001586          False     
CONF9        -897.606169          0.97          0.000689          True      
CONF10       -897.606326          0.87          0.001588          False     
CONF11       -897.601070          4.17          0.002732          False     
CONF12       -897.604957          1.73          0.000885          True      
CONF13       -897.606123          1.00          0.000551          True      
CONF14       -897.605005          1.70          0.002092          False     
CONF15       -897.607594          0.08          0.000431          True      
CONF16       -897.604425          2.07          0.008675          False     
CONF17       -897.604626          1.94          0.009724          False     
CONF18       -897.604539          1.99          0.010023          False     
CONF19       -897.605646          1.30          0.000569          True      
CONF20       -897.603523          2.63          0.005785          False     
CONF21       -897.604548          1.99          0.007938          False     
----------------------------------------------------------------------------------------------------
Running xtb_opt calculation for CONF5.
Running xtb_opt calculation for CONF4.
Running xtb_opt calculation for CONF8.
Running xtb_opt calculation for CONF10.
Running xtb_opt calculation for CONF6.
Running xtb_opt calculation for CONF17.
Running xtb_opt calculation for CONF18.
Running xtb_opt calculation for CONF14.
Running xtb_opt calculation for CONF7.
Running xtb_opt calculation for CONF21.
Running xtb_opt calculation for CONF20.
Running xtb_opt calculation for CONF16.
Running xtb_opt calculation for CONF11.
CONF5 converged after 20 steps.
CONF6 converged after 19 steps.
CONF7 converged after 22 steps.

----------------------------------- OPTIMIZATION CYCLE 16 UPDATE -----------------------------------

CONF#           Gtot             ΔGtot          grad_norm       converged   
                [Eh]           [kcal/mol]        [Eh/a0]                    
CONF1        -897.605339          1.49          0.000563          True      
CONF2        -897.606258          0.92          0.000794          True      
CONF3        -897.607718          0.00          0.000357          True      
CONF4        -897.606288          0.90          0.000772          False     
CONF5        -897.607262          0.29          0.000472          True      
CONF6        -897.605525          1.38          0.000828          True      
CONF7        -897.604672          1.91          0.000900          True      
CONF8        -897.605726          1.25          0.000693          False     
CONF9        -897.606169          0.97          0.000689          True      
CONF10       -897.606394          0.83          0.000617          False     
CONF11       -897.601357          3.99          0.002418          False     
CONF12       -897.604957          1.73          0.000885          True      
CONF13       -897.606123          1.00          0.000551          True      
CONF14       -897.605355          1.48          0.005148          False     
CONF15       -897.607594          0.08          0.000431          True      
CONF16       -897.605525          1.38          0.003758          False     
CONF17       -897.605543          1.36          0.021355          False     
CONF18       -897.605449          1.42          0.002728          False     
CONF19       -897.605646          1.30          0.000569          True      
CONF20       -897.604430          2.06          0.002550          False     
CONF21       -897.605891          1.15          0.012237          False     
----------------------------------------------------------------------------------------------------
Running xtb_opt calculation for CONF4.
Running xtb_opt calculation for CONF8.
Running xtb_opt calculation for CONF10.
Running xtb_opt calculation for CONF17.
Running xtb_opt calculation for CONF18.
Running xtb_opt calculation for CONF20.
Running xtb_opt calculation for CONF14.
Running xtb_opt calculation for CONF21.
Running xtb_opt calculation for CONF16.
Running xtb_opt calculation for CONF11.
CONF4 converged after 33 steps.
CONF8 converged after 33 steps.
CONF10 converged after 33 steps.
CONF18 converged after 38 steps.

----------------------------------- OPTIMIZATION CYCLE 24 UPDATE -----------------------------------

CONF#           Gtot             ΔGtot          grad_norm       converged   
                [Eh]           [kcal/mol]        [Eh/a0]                    
CONF1        -897.605339          1.49          0.000563          True      
CONF2        -897.606258          0.92          0.000794          True      
CONF3        -897.607718          0.00          0.000357          True      
CONF4        -897.606290          0.90          0.000386          True      
CONF5        -897.607262          0.29          0.000472          True      
CONF6        -897.605525          1.38          0.000828          True      
CONF7        -897.604672          1.91          0.000900          True      
CONF8        -897.605728          1.25          0.000397          True      
CONF9        -897.606169          0.97          0.000689          True      
CONF10       -897.606396          0.83          0.000403          True      
CONF11       -897.602426          3.32          0.004609          False     
CONF12       -897.604957          1.73          0.000885          True      
CONF13       -897.606123          1.00          0.000551          True      
CONF14       -897.606704          0.64          0.014958          False     
CONF15       -897.607594          0.08          0.000431          True      
CONF16       -897.605627          1.31          0.000616          False     
CONF17       -897.607172          0.34          0.007865          False     
CONF18       -897.605505          1.39          0.000649          True      
CONF19       -897.605646          1.30          0.000569          True      
CONF20       -897.605467          1.41          0.006674          False     
CONF21       -897.606814          0.57          0.012253          False     
----------------------------------------------------------------------------------------------------
Running xtb_opt calculation for CONF17.
Running xtb_opt calculation for CONF14.
Running xtb_opt calculation for CONF20.
Running xtb_opt calculation for CONF21.
Running xtb_opt calculation for CONF11.
Running xtb_opt calculation for CONF16.
CONF16 converged after 49 steps.
No longer considering CONF7 (gradient too small and ΔG = 1.97).

----------------------------------- OPTIMIZATION CYCLE 32 UPDATE -----------------------------------

CONF#           Gtot             ΔGtot          grad_norm       converged   
                [Eh]           [kcal/mol]        [Eh/a0]                    
CONF1        -897.605339          1.55          0.000563          True      
CONF2        -897.606258          0.97          0.000794          True      
CONF3        -897.607718          0.06          0.000357          True      
CONF4        -897.606290          0.95          0.000386          True      
CONF5        -897.607262          0.34          0.000472          True      
CONF6        -897.605525          1.43          0.000828          True      
CONF8        -897.605728          1.30          0.000397          True      
CONF9        -897.606169          1.03          0.000689          True      
CONF10       -897.606396          0.88          0.000403          True      
CONF11       -897.604582          2.02          0.004975          False     
CONF12       -897.604957          1.79          0.000885          True      
CONF13       -897.606123          1.06          0.000551          True      
CONF14       -897.607806          0.00          0.004730          False     
CONF15       -897.607594          0.13          0.000431          True      
CONF16       -897.605630          1.36          0.000391          True      
CONF17       -897.607552          0.16          0.003322          False     
CONF18       -897.605505          1.44          0.000649          True      
CONF19       -897.605646          1.36          0.000569          True      
CONF20       -897.605702          1.32          0.001667          False     
CONF21       -897.607222          0.37          0.002103          False     
----------------------------------------------------------------------------------------------------
Running xtb_opt calculation for CONF17.
Running xtb_opt calculation for CONF14.
Running xtb_opt calculation for CONF11.
Running xtb_opt calculation for CONF20.
Running xtb_opt calculation for CONF21.
CONF17 converged after 69 steps.
CONF21 converged after 72 steps.
CONF20 converged after 67 steps.
No longer considering CONF12 (gradient too small and ΔG = 1.88).

----------------------------------- OPTIMIZATION CYCLE 40 UPDATE -----------------------------------

CONF#           Gtot             ΔGtot          grad_norm       converged   
                [Eh]           [kcal/mol]        [Eh/a0]                    
CONF1        -897.605339          1.64          0.000563          True      
CONF2        -897.606258          1.06          0.000794          True      
CONF3        -897.607718          0.14          0.000357          True      
CONF4        -897.606290          1.04          0.000386          True      
CONF5        -897.607262          0.43          0.000472          True      
CONF6        -897.605525          1.52          0.000828          True      
CONF8        -897.605728          1.39          0.000397          True      
CONF9        -897.606169          1.12          0.000689          True      
CONF10       -897.606396          0.97          0.000403          True      
CONF11       -897.605370          1.62          0.002049          False     
CONF13       -897.606123          1.15          0.000551          True      
CONF14       -897.607948          0.00          0.002629          False     
CONF15       -897.607594          0.22          0.000431          True      
CONF16       -897.605630          1.45          0.000391          True      
CONF17       -897.607597          0.22          0.000899          True      
CONF18       -897.605505          1.53          0.000649          True      
CONF19       -897.605646          1.44          0.000569          True      
CONF20       -897.605715          1.40          0.000886          True      
CONF21       -897.607278          0.42          0.000767          True      
----------------------------------------------------------------------------------------------------
Running xtb_opt calculation for CONF11.
Running xtb_opt calculation for CONF14.
CONF14 converged after 83 steps.
CONF11 converged after 86 steps.
No longer considering CONF1 (gradient too small and ΔG = 1.65).
No longer considering CONF6 (gradient too small and ΔG = 1.53).
No longer considering CONF18 (gradient too small and ΔG = 1.54).
No longer considering CONF11 (gradient too small and ΔG = 1.61).

----------------------------------- OPTIMIZATION CYCLE 48 UPDATE -----------------------------------

CONF#           Gtot             ΔGtot          grad_norm       converged   
                [Eh]           [kcal/mol]        [Eh/a0]                    
CONF2        -897.606258          1.07          0.000794          True      
CONF3        -897.607718          0.15          0.000357          True      
CONF4        -897.606290          1.05          0.000386          True      
CONF5        -897.607262          0.44          0.000472          True      
CONF8        -897.605728          1.40          0.000397          True      
CONF9        -897.606169          1.13          0.000689          True      
CONF10       -897.606396          0.98          0.000403          True      
CONF13       -897.606123          1.16          0.000551          True      
CONF14       -897.607965          0.00          0.000929          True      
CONF15       -897.607594          0.23          0.000431          True      
CONF16       -897.605630          1.46          0.000391          True      
CONF17       -897.607597          0.23          0.000899          True      
CONF19       -897.605646          1.46          0.000569          True      
CONF20       -897.605715          1.41          0.000886          True      
CONF21       -897.607278          0.43          0.000767          True      
----------------------------------------------------------------------------------------------------
Running xtb_rrho calculation for CONF2.
Running xtb_rrho calculation for CONF15.
Running xtb_rrho calculation for CONF8.
Running xtb_rrho calculation for CONF14.
Running xtb_rrho calculation for CONF17.
Running xtb_rrho calculation for CONF21.
Running xtb_rrho calculation for CONF20.
Running xtb_rrho calculation for CONF19.
Running xtb_rrho calculation for CONF5.
Running xtb_rrho calculation for CONF3.
Running xtb_rrho calculation for CONF16.
Running xtb_rrho calculation for CONF4.
Running xtb_rrho calculation for CONF9.
Running xtb_rrho calculation for CONF13.
Running xtb_rrho calculation for CONF10.

--------------------------------------- OPTIMIZATION RESULTS ---------------------------------------

CONF#        E (DFT) (+ ΔGsolv)       ΔE (DFT) (+ δΔGsolv)       GmRRHO          Gtot             ΔGtot          Boltzmann weight   
                    [Eh]                   [kcal/mol]             [Eh]           [Eh]           [kcal/mol]        % at 298.15 K     
CONF2           -897.808932                   0.48                ---         -897.606258          0.99                2.92         
CONF3           -897.809702                   0.00                ---         -897.607718          0.07               13.73         
CONF4           -897.809065                   0.40                ---         -897.606332          0.94                3.16         
CONF5           -897.809019                   0.43                ---         -897.607237          0.37                8.25         
CONF8           -897.808357                   0.84                ---         -897.605821          1.26                1.84         
CONF9           -897.807671                   1.27                ---         -897.606169          1.04                2.66         
CONF10          -897.808559                   0.72                ---         -897.606447          0.87                3.57         
CONF13          -897.808276                   0.90                ---         -897.606123          1.07                2.53         
CONF14          -897.809682                   0.01                ---         -897.607768          0.04               14.48         
CONF15          -897.809018                   0.43                ---         -897.607594          0.15               12.04         
CONF16          -897.808510                   0.75                ---         -897.606457          0.86                3.61         
CONF17          -897.809699                   0.00                ---         -897.607828          0.00               15.43         
CONF19          -897.806887                   1.77                ---         -897.605646          1.37                1.53         
CONF20          -897.807667                   1.28                ---         -897.605978          1.16                2.17         
CONF21          -897.808998                   0.44                ---         -897.607595          0.15               12.05         

Boltzmann averaged free energy/enthalpy of ensemble on optimized geometries:
temperature /K:   avE(T) /a.u.   avG(T) /a.u.
    298.15        -897.8091463    -897.6073092     <<==part2==
----------------------------------------------------------------------------------------------------


--------------------------------------- OPTIMIZATION RESULTS ---------------------------------------

CONF#        E (DFT) (+ ΔGsolv)       ΔE (DFT) (+ δΔGsolv)       GmRRHO          Gtot             ΔGtot          Boltzmann weight   
                    [Eh]                   [kcal/mol]             [Eh]           [Eh]           [kcal/mol]        % at 298.15 K     
CONF2           -897.808932                   0.48                ---         -897.606258          0.99                2.92         
CONF3           -897.809702                   0.00                ---         -897.607718          0.07               13.73         
CONF4           -897.809065                   0.40                ---         -897.606332          0.94                3.16         
CONF5           -897.809019                   0.43                ---         -897.607237          0.37                8.25         
CONF8           -897.808357                   0.84                ---         -897.605821          1.26                1.84         
CONF9           -897.807671                   1.27                ---         -897.606169          1.04                2.66         
CONF10          -897.808559                   0.72                ---         -897.606447          0.87                3.57         
CONF13          -897.808276                   0.90                ---         -897.606123          1.07                2.53         
CONF14          -897.809682                   0.01                ---         -897.607768          0.04               14.48         
CONF15          -897.809018                   0.43                ---         -897.607594          0.15               12.04         
CONF16          -897.808510                   0.75                ---         -897.606457          0.86                3.61         
CONF17          -897.809699                   0.00                ---         -897.607828          0.00               15.43         
CONF19          -897.806887                   1.77                ---         -897.605646          1.37                1.53         
CONF20          -897.807667                   1.28                ---         -897.605978          1.16                2.17         
CONF21          -897.808998                   0.44                ---         -897.607595          0.15               12.05         

Boltzmann averaged free energy/enthalpy of ensemble on optimized geometries:
temperature /K:   avE(T) /a.u.   avG(T) /a.u.
    298.15        -897.8091463    -897.6073092     <<==part2==
----------------------------------------------------------------------------------------------------


--------------------------------- OPTIMIZATION RANKING COMPARISON ----------------------------------

CONF#        ΔGtot prescreening       ΔGtot screening       ΔGtot optimization   
                 [kcal/mol]             [kcal/mol]              [kcal/mol]       
CONF2               0.92                   0.48                    0.99          
CONF3               0.13                   0.00                    0.07          
CONF4               0.87                   0.76                    0.94          
CONF5               1.43                   0.64                    0.37          
CONF8               0.00                   0.93                    1.26          
CONF9               1.45                   1.15                    1.04          
CONF10              1.49                   1.04                    0.87          
CONF13              0.44                   0.97                    1.07          
CONF14              1.67                   1.99                    0.04          
CONF15              0.14                   0.49                    0.15          
CONF16              2.09                   3.35                    0.86          
CONF17              2.41                   1.94                    0.00          
CONF19              1.22                   1.57                    1.37          
CONF20              2.58                   2.77                    1.16          
CONF21              2.16                   2.37                    0.15          
----------------------------------------------------------------------------------------------------



Number of conformers:         15
Highest ranked conformer:     CONF17


Ran optimization in 8087.36 seconds!

Ran CENSO in 02:25:16

CENSO all done!
