----------------------------------------------- 
  Element       SASA      Sigma Z        Total  
     Z         Ang**2 cal/Ang**2/mol   kcal/mol 
----------------------------------------------- 
      H        144.000      48.690       7.011
      C         36.315     129.740       4.712
      O         30.724       0.000       0.000

 Subtotal:     211.039                  11.723
 -----------------------------------------------

  Elements    COT*SASA   Sigma Z,Z'     Total   
    Z,Z'       Ang**2  cal/Ang**2/mol kcal/mol  
 ---------------------------------------------- 
  H   C         97.067     -60.770      -5.899
  H   O          0.000       0.000       0.000
  C   C         26.270     -72.950      -1.916
  O   C         16.686      68.690       1.146
  O   O          0.000       0.000       0.000

 Subtotal:                              -6.669
 ---------------------------------------------- 

 NONAQUEOUS SOLVENT CONTRIBUTION (kcal/mol):
 (proportional to SASA, atomic number independent)
 ---------------------------------------------- 
 Subtotal:                               0.000
 ---------------------------------------------- 

 CDS TOTAL (kcal/mol):                   5.054
...............................................................................
