----------------------------------------------- 
  Element       SASA      Sigma Z        Total  
     Z         Ang**2 cal/Ang**2/mol   kcal/mol 
----------------------------------------------- 
      H        137.404      48.690       6.690
      C         36.630     129.740       4.752
      O         32.703       0.000       0.000

 Subtotal:     206.738                  11.443
 -----------------------------------------------

  Elements    COT*SASA   Sigma Z,Z'     Total   
    Z,Z'       Ang**2  cal/Ang**2/mol kcal/mol  
 ---------------------------------------------- 
  H   C         92.609     -60.770      -5.628
  H   O          0.000       0.000       0.000
  C   C         22.388     -72.950      -1.633
  O   C         17.556      68.690       1.206
  O   O          0.000       0.000       0.000

 Subtotal:                              -6.055
 ---------------------------------------------- 

 NONAQUEOUS SOLVENT CONTRIBUTION (kcal/mol):
 (proportional to SASA, atomic number independent)
 ---------------------------------------------- 
 Subtotal:                               0.000
 ---------------------------------------------- 

 CDS TOTAL (kcal/mol):                   5.387
...............................................................................
