----------------------------------------------- 
  Element       SASA      Sigma Z        Total  
     Z         Ang**2 cal/Ang**2/mol   kcal/mol 
----------------------------------------------- 
      H        141.470      48.690       6.888
      C         36.594     129.740       4.748
      O         31.267       0.000       0.000

 Subtotal:     209.330                  11.636
 -----------------------------------------------

  Elements    COT*SASA   Sigma Z,Z'     Total   
    Z,Z'       Ang**2  cal/Ang**2/mol kcal/mol  
 ---------------------------------------------- 
  H   C         95.390     -60.770      -5.797
  H   O          0.000       0.000       0.000
  C   C         27.009     -72.950      -1.970
  O   C         17.196      68.690       1.181
  O   O          0.000       0.000       0.000

 Subtotal:                              -6.586
 ---------------------------------------------- 

 NONAQUEOUS SOLVENT CONTRIBUTION (kcal/mol):
 (proportional to SASA, atomic number independent)
 ---------------------------------------------- 
 Subtotal:                               0.000
 ---------------------------------------------- 

 CDS TOTAL (kcal/mol):                   5.050
...............................................................................
