----------------------------------------------- 
  Element       SASA      Sigma Z        Total  
     Z         Ang**2 cal/Ang**2/mol   kcal/mol 
----------------------------------------------- 
      H        147.473      48.690       7.180
      C        111.492     129.740      14.465
      O         39.171       0.000       0.000
      F         20.078      38.180       0.767

 Subtotal:     318.214                  22.412
 -----------------------------------------------

  Elements    COT*SASA   Sigma Z,Z'     Total   
    Z,Z'       Ang**2  cal/Ang**2/mol kcal/mol  
 ---------------------------------------------- 
  H   C         90.636     -60.770      -5.508
  H   O          9.306       0.000       0.000
  C   C        148.049     -72.950     -10.800
  O   C         18.688      68.690       1.284
  O   O          0.000       0.000       0.000

 Subtotal:                             -15.024
 ---------------------------------------------- 

 NONAQUEOUS SOLVENT CONTRIBUTION (kcal/mol):
 (proportional to SASA, atomic number independent)
 ---------------------------------------------- 
 Subtotal:                               0.000
 ---------------------------------------------- 

 CDS TOTAL (kcal/mol):                   7.388
...............................................................................
