----------------------------------------------- 
  Element       SASA      Sigma Z        Total  
     Z         Ang**2 cal/Ang**2/mol   kcal/mol 
----------------------------------------------- 
      H        124.683      48.690       6.071
      C         20.258     129.740       2.628
      N         12.546       0.000       0.000

 Subtotal:     157.487                   8.699
 -----------------------------------------------

  Elements    COT*SASA   Sigma Z,Z'     Total   
    Z,Z'       Ang**2  cal/Ang**2/mol kcal/mol  
 ---------------------------------------------- 
  H   C         69.840     -60.770      -4.244
  C   C         16.964     -72.950      -1.238
  C   N          1.661       0.000       0.000
  N   C         39.838     -48.220      -1.921
  N  C(3)        0.000      84.100       0.000

 Subtotal:                              -7.403
 ---------------------------------------------- 

 NONAQUEOUS SOLVENT CONTRIBUTION (kcal/mol):
 (proportional to SASA, atomic number independent)
 ---------------------------------------------- 
 Subtotal:                               0.000
 ---------------------------------------------- 

 CDS TOTAL (kcal/mol):                   1.296
...............................................................................
