----------------------------------------------- 
  Element       SASA      Sigma Z        Total  
     Z         Ang**2 cal/Ang**2/mol   kcal/mol 
----------------------------------------------- 
      H        143.539      48.690       6.989
      C         36.115     129.740       4.686
      O         31.889       0.000       0.000

 Subtotal:     211.543                  11.674
 -----------------------------------------------

  Elements    COT*SASA   Sigma Z,Z'     Total   
    Z,Z'       Ang**2  cal/Ang**2/mol kcal/mol  
 ---------------------------------------------- 
  H   C         96.775     -60.770      -5.881
  H   O          0.000       0.000       0.000
  C   C         26.761     -72.950      -1.952
  O   C         17.820      68.690       1.224
  O   O          0.000       0.000       0.000

 Subtotal:                              -6.609
 ---------------------------------------------- 

 NONAQUEOUS SOLVENT CONTRIBUTION (kcal/mol):
 (proportional to SASA, atomic number independent)
 ---------------------------------------------- 
 Subtotal:                               0.000
 ---------------------------------------------- 

 CDS TOTAL (kcal/mol):                   5.065
...............................................................................
