----------------------------------------------- 
  Element       SASA      Sigma Z        Total  
     Z         Ang**2 cal/Ang**2/mol   kcal/mol 
----------------------------------------------- 
      H        144.368      48.690       7.029
      C         34.240     129.740       4.442
      O         31.391       0.000       0.000

 Subtotal:     209.999                  11.472
 -----------------------------------------------

  Elements    COT*SASA   Sigma Z,Z'     Total   
    Z,Z'       Ang**2  cal/Ang**2/mol kcal/mol  
 ---------------------------------------------- 
  H   C         97.054     -60.770      -5.898
  H   O          0.000       0.000       0.000
  C   C         25.986     -72.950      -1.896
  O   C         16.642      68.690       1.143
  O   O          0.000       0.000       0.000

 Subtotal:                              -6.650
 ---------------------------------------------- 

 NONAQUEOUS SOLVENT CONTRIBUTION (kcal/mol):
 (proportional to SASA, atomic number independent)
 ---------------------------------------------- 
 Subtotal:                               0.000
 ---------------------------------------------- 

 CDS TOTAL (kcal/mol):                   4.821
...............................................................................
