----------------------------------------------- 
  Element       SASA      Sigma Z        Total  
     Z         Ang**2 cal/Ang**2/mol   kcal/mol 
----------------------------------------------- 
      H         82.521      48.690       4.018
      C         16.958     129.740       2.200
      N          3.438       0.000       0.000
      O         49.987       0.000       0.000

 Subtotal:     152.904                   6.218
 -----------------------------------------------

  Elements    COT*SASA   Sigma Z,Z'     Total   
    Z,Z'       Ang**2  cal/Ang**2/mol kcal/mol  
 ---------------------------------------------- 
  H   C         55.477     -60.770      -3.371
  H   O          0.000       0.000       0.000
  C   C         12.778     -72.950      -0.932
  O   C          0.000      68.690       0.000
  O   O          0.000       0.000       0.000
  C   N          1.592       0.000       0.000
  N   C         10.661     -48.220      -0.514
  N  C(3)        0.000      84.100       0.000
  O   N         29.653     121.980       3.617

 Subtotal:                              -1.201
 ---------------------------------------------- 

 NONAQUEOUS SOLVENT CONTRIBUTION (kcal/mol):
 (proportional to SASA, atomic number independent)
 ---------------------------------------------- 
 Subtotal:                               0.000
 ---------------------------------------------- 

 CDS TOTAL (kcal/mol):                   5.017
...............................................................................
