----------------------------------------------- 
  Element       SASA      Sigma Z        Total  
     Z         Ang**2 cal/Ang**2/mol   kcal/mol 
----------------------------------------------- 
      H        140.293      48.690       6.831
      C         36.097     129.740       4.683
      O         30.385       0.000       0.000

 Subtotal:     206.775                  11.514
 -----------------------------------------------

  Elements    COT*SASA   Sigma Z,Z'     Total   
    Z,Z'       Ang**2  cal/Ang**2/mol kcal/mol  
 ---------------------------------------------- 
  H   C         94.584     -60.770      -5.748
  H   O          0.000       0.000       0.000
  C   C         27.352     -72.950      -1.995
  O   C         16.439      68.690       1.129
  O   O          0.000       0.000       0.000

 Subtotal:                              -6.614
 ---------------------------------------------- 

 NONAQUEOUS SOLVENT CONTRIBUTION (kcal/mol):
 (proportional to SASA, atomic number independent)
 ---------------------------------------------- 
 Subtotal:                               0.000
 ---------------------------------------------- 

 CDS TOTAL (kcal/mol):                   4.900
...............................................................................
