----------------------------------------------- 
  Element       SASA      Sigma Z        Total  
     Z         Ang**2 cal/Ang**2/mol   kcal/mol 
----------------------------------------------- 
      H        143.869      48.690       7.005
      C         34.999     129.740       4.541
      O         31.075       0.000       0.000

 Subtotal:     209.943                  11.546
 -----------------------------------------------

  Elements    COT*SASA   Sigma Z,Z'     Total   
    Z,Z'       Ang**2  cal/Ang**2/mol kcal/mol  
 ---------------------------------------------- 
  H   C         96.707     -60.770      -5.877
  H   O          0.000       0.000       0.000
  C   C         26.482     -72.950      -1.932
  O   C         15.923      68.690       1.094
  O   O          0.000       0.000       0.000

 Subtotal:                              -6.715
 ---------------------------------------------- 

 NONAQUEOUS SOLVENT CONTRIBUTION (kcal/mol):
 (proportional to SASA, atomic number independent)
 ---------------------------------------------- 
 Subtotal:                               0.000
 ---------------------------------------------- 

 CDS TOTAL (kcal/mol):                   4.831
...............................................................................
