20
 energy: -386.243871958078 gnorm: 0.003093844375 xtb: 6.7.1 (edcfbbe)
C           -2.49787900900090       -0.99604101611923        0.94405616795968
C           -2.58178855220662        0.06684781091109       -0.14822843123151
C           -1.30767989344235        0.12896082436731       -0.99692779739994
C           -0.10746223946051        0.50385855730829       -0.17256404513943
O           -0.08338694114584        1.42133766845243        0.63242523852584
O            0.95670820264842       -0.27763730541105       -0.42447959834842
C            2.18001116509609        0.03629701130714        0.31177847200396
C            3.24678142593907       -0.92199168122760       -0.15649777785688
H           -1.67236635620149       -0.78901282934270        1.63474053170158
H           -3.42061157912723       -1.02979427023394        1.53110788423247
H           -2.33434608652123       -1.98923193294212        0.51242528194714
H           -2.76847055938397        1.05035932064325        0.29543445558390
H           -3.42216134024585       -0.14828342153750       -0.81582641388034
H           -1.40700814975850        0.90437888045739       -1.76630759791481
H           -1.12422031145245       -0.82131351723014       -1.50318218121574
H            2.44826944160104        1.07744576214142        0.10823101807032
H            1.97385896956444       -0.07393645592891        1.38058087233013
H            4.16954696459570       -0.71622142291832        0.39299125878226
H            2.95617910406139       -1.95918918577629        0.03530991777467
H            3.44756831423096       -0.79931621428582       -1.22431493124783
20
 energy: -386.243887800567 gnorm: 0.001382105746 xtb: 6.7.1 (edcfbbe)
C           -2.49908749108724       -0.99717149124398        0.94308822409788
C           -2.58149671825287        0.06736565836164       -0.14725891059467
C           -1.30750701500670        0.12823047849502       -0.99604112152524
C           -0.10714758407920        0.50565961354981       -0.17289825385450
O           -0.08370219574452        1.42435420773259        0.63174914288086
O            0.95802227676079       -0.27552265328661       -0.42478627856670
C            2.18212942776979        0.03805762675260        0.31243880070867
C            3.24617664356979       -0.92201011631579       -0.15598419153263
H           -1.67377397539618       -0.79229164856169        1.63485743932558
H           -3.42213888264616       -1.03210627355353        1.52968516782383
H           -2.33564438318642       -1.98984235993090        0.50981356222555
H           -2.76703767114689        1.05083876285421        0.29763433086725
H           -3.42275010132424       -0.14530947114508       -0.81500980132201
H           -1.40674472057434        0.90127400190151       -1.76880772253393
H           -1.12455488746756       -0.82400639726197       -1.50019249781914
H            2.45113155643219        1.07865631175457        0.10819558979041
H            1.97483873442014       -0.07128157025011        1.38123043997432
H            4.17129526570629       -0.71856582842906        0.39111765141532
H            2.95459202851710       -1.95855323578579        0.03641737533582
H            3.44494239167713       -0.80025916873003       -1.22449653957096
20
 energy: -386.243901996285 gnorm: 0.002390325244 xtb: 6.7.1 (edcfbbe)
C           -2.50375452324479       -1.00133707799735        0.93944673488203
C           -2.58077419050114        0.06966436049648       -0.14399678296593
C           -1.30673100201215        0.12556891500613       -0.99227070683567
C           -0.10618914586047        0.50977284310604       -0.17225896177359
O           -0.08354747363154        1.43164143336567        0.62966608696480
O            0.96175303759509       -0.26913493045868       -0.42565106995682
C            2.18852929012575        0.04431120535939        0.31326049537212
C            3.24480239034672       -0.92184764569075       -0.15490011030065
H           -1.67921590616482       -0.80408723396900        1.63480949346758
H           -3.42814171178414       -1.03921069606944        1.52395781699073
H           -2.34140995831159       -1.99179010451930        0.49985223091118
H           -2.76084130774014        1.05239074234157        0.30586601596211
H           -3.42423238456134       -0.13385900622606       -0.81262206477445
H           -1.40522727343419        0.89033719329926       -1.77491779698746
H           -1.12384190815789       -0.83223265814949       -1.48817141347985
H            2.45982629265038        1.08325753768229        0.10550718607740
H            1.97775977171930       -0.06122268567195        1.38189571832194
H            4.17599666527869       -0.72366392780753        0.38489832356770
H            2.94900626770809       -1.95611665623581        0.04179368548336
H            3.43777654957968       -0.80492588642541       -1.22541212863519
20
 energy: -386.243907121618 gnorm: 0.001506706077 xtb: 6.7.1 (edcfbbe)
C           -2.50482838168614       -1.00208675462793        0.93904428414865
C           -2.58060971103006        0.06993226080703       -0.14364590129071
C           -1.30648918183188        0.12520548578474       -0.99177769276586
C           -0.10573250460288        0.50986951448351       -0.17232275355332
O           -0.08330755434898        1.43069195613990        0.63044796116978
O            0.96183200120569       -0.26870951983352       -0.42599444639617
C            2.18857433793638        0.04506102782955        0.31228820042091
C            3.24509874431683       -0.92183307338380       -0.15482878054987
H           -1.68024479744759       -0.80593774057670        1.63454229769495
H           -3.42936408055566       -1.03950826563989        1.52327519772029
H           -2.34325807595633       -1.99211603229891        0.49846042143758
H           -2.75917675294607        1.05234999946073        0.30720367889613
H           -3.42420958401921       -0.13203749367737       -0.81229171105695
H           -1.40486251546282        0.88955065356314       -1.77425170344613
H           -1.12332746892754       -0.83257871516348       -1.48680316049086
H            2.46031454768693        1.08379936862271        0.10349149637664
H            1.97831194971027       -0.05933493782833        1.38105085159516
H            4.17593959480890       -0.72262729186421        0.38474708047066
H            2.94889209076408       -1.95577858273140        0.04351203588602
H            3.43799106618842       -0.80639635193658       -1.22539445329746
20
 energy: -386.243915189701 gnorm: 0.002218660776 xtb: 6.7.1 (edcfbbe)
C           -2.51175400994652       -1.00641090625989        0.93606761100390
C           -2.57990548481845        0.07220927023519       -0.14151688455221
C           -1.30507757329869        0.12266431413712       -0.98852947355812
C           -0.10457389219657        0.50699818732261       -0.16850147491265
O           -0.08234198563796        1.42604782834830        0.63533206839506
O            0.96307529536437       -0.26665259444410       -0.42686562420504
C            2.19019644804848        0.05028003571801        0.30635921196915
C            3.24708604728801       -0.92139409190533       -0.15461214998582
H           -1.68684291853682       -0.81803275005445        1.63297078585587
H           -3.43727803786060       -1.04101506591723        1.51866318279454
H           -2.35548753526909       -1.99440386814950        0.48982381186468
H           -2.74978135374219        1.05303185832244        0.31517670525182
H           -3.42448250371434       -0.11999971295314       -0.81084844260136
H           -1.40140848196194        0.88473929764463       -1.77144247797162
H           -1.12146101990375       -0.83591026875680       -1.47895955752036
H            2.46355125645946        1.08763087878163        0.09057975856887
H            1.98300276551041       -0.04702151050467        1.37612753020829
H            4.17682606232217       -0.71659809586114        0.38319161367438
H            2.94925914579420       -1.95334319542686        0.05364736275778
H            3.43894341631131       -0.81530561264114       -1.22590990365282
20
 energy: -386.243919670596 gnorm: 0.001442303146 xtb: 6.7.1 (edcfbbe)
C           -2.51411377315190       -1.00775879356454        0.93504209737547
C           -2.57996345786109        0.07279628483604       -0.14063362661298
C           -1.30485496237146        0.12190404518102       -0.98719073310495
C           -0.10380619260500        0.50764769374135       -0.16843336152095
O           -0.08239877104145        1.42549425087945        0.63703125611152
O            0.96441596343828       -0.26548922569443       -0.42731612169047
C            2.19187060488022        0.05196597688821        0.30534151888296
C            3.24761068123419       -0.92127351188418       -0.15423339534909
H           -1.68896871383838       -0.82240976333104        1.63259262062281
H           -3.43987131043986       -1.04180582511528        1.51733789000256
H           -2.35960604726114       -1.99532647635402        0.48705650512575
H           -2.74780595524532        1.05334001057616        0.31760288563331
H           -3.42514547468699       -0.11638057595134       -0.81027034225094
H           -1.40066330339423        0.88298574914941       -1.77161717035211
H           -1.12172085993771       -0.83761665545204       -1.47670723271044
H            2.46556105181473        1.08863146391953        0.08704018667573
H            1.98467734792775       -0.04282045649281        1.37537476604898
H            4.17823654761296       -0.71592480963657        0.38216611856956
H            2.94953825151884       -1.95253259610008        0.05664024266924
H            3.43855460212869       -0.81791324429810       -1.22607022270262
20
 energy: -386.243923747733 gnorm: 0.001730512762 xtb: 6.7.1 (edcfbbe)
C           -2.52824815880371       -1.01471718374030        0.92943379764687
C           -2.58003693867185        0.07631506062995       -0.13608161692045
C           -1.30335887419275        0.11750894686691       -0.98005603612622
C           -0.10133795493597        0.50599703203769       -0.16339142244828
O           -0.08286750583272        1.41923906137070        0.64823071250355
O            0.97104492090646       -0.26076818545201       -0.42965920179410
C            2.20064055531447        0.06174290841893        0.29771700481401
C            3.25138965932060       -0.92001537662972       -0.15245322375629
H           -1.70142073174115       -0.84671265644904        1.63002056306917
H           -3.45510775944156       -1.04416806393539        1.51047431154290
H           -2.38484810911990       -2.00011406193677        0.47207676766531
H           -2.73695959176547        1.05513040040623        0.33057935756919
H           -3.42772632938795       -0.09623892276063       -0.80798962821526
H           -1.39467575653680        0.87443747943685       -1.77106497604492
H           -1.12303896321811       -0.84601613975461       -1.46566048202734
H            2.47618845134935        1.09471540793983        0.06542411216716
H            1.99549091470527       -0.01865771978084        1.36956505075644
H            4.18617115201994       -0.70997443127282        0.37637225161621
H            2.95266214906869       -1.94748975072647        0.07428538251274
H            3.43758898804872       -0.83270314912805       -1.22706772556411
20
 energy: -386.243929003806 gnorm: 0.000644672856 xtb: 6.7.1 (edcfbbe)
C           -2.52610798659423       -1.01243366818494        0.93091940391209
C           -2.58067084891688        0.07526298139050       -0.13758005110426
C           -1.30377741024150        0.11865065809174       -0.98127293132623
C           -0.10242017363405        0.50386768118365       -0.16251609995249
O           -0.08240627836657        1.41837455377011        0.64731670442901
O            0.96967227944436       -0.26329616865018       -0.42898175664149
C            2.19900314919365        0.05909992906852        0.29860284058369
C            3.25172604090964       -0.91989344781627       -0.15316020950536
H           -1.69933905828545       -0.84078717492901        1.63018575274760
H           -3.45240089498552       -1.04137961962125        1.51279932752189
H           -2.38143238795024       -1.99880439150922        0.47668883782208
H           -2.74143648308689        1.05448300371072        0.32627531027308
H           -3.42679768357188       -0.10226174446537       -0.80956019264850
H           -1.39506314677388        0.87810024927175       -1.76927776447712
H           -1.12315007788755       -0.84290120857994       -1.46973841001995
H            2.47324081279557        1.09294886891270        0.06891628055517
H            1.99397410113905       -0.02418702731798        1.37008091403077
H            4.18508962651047       -0.70978736345616        0.37762111832036
H            2.95440995221948       -1.94836840281533        0.07032849188663
H            3.43943629147671       -0.82917668842226       -1.22689300195803
20
 energy: -386.243931349482 gnorm: 0.000228865943 xtb: 6.7.1 (edcfbbe)
C           -2.52950874890080       -1.01283722093347        0.93051380430426
C           -2.58118922755842        0.07549212742200       -0.13757238021897
C           -1.30333302491960        0.11795452320774       -0.97977689481318
C           -0.10214338834909        0.50136219624083       -0.16017188591990
O           -0.08206586259060        1.41379034904516        0.65166005534627
O            0.97048843807409       -0.26404785109082       -0.42945530703347
C            2.20022160115987        0.06018494191696        0.29639204614951
C            3.25362751403279       -0.91928669026699       -0.15351473631966
H           -1.70200783338872       -0.84389190272055        1.62952792907595
H           -3.45574062405538       -1.03887562613133        1.51265031361422
H           -2.38822956150760       -1.99948983011201        0.47592016046239
H           -2.74141765387291        1.05465155112448        0.32646807328043
H           -3.42639368954355       -0.10089122725934       -0.81086789094666
H           -1.39306518037504        0.87851621627795       -1.76642067208159
H           -1.12301673664612       -0.84277905686302       -1.46922607337122
H            2.47399387421259        1.09374443935768        0.06414670874427
H            1.99635178773420       -0.02072028136134        1.36821482691962
H            4.18663518994878       -0.70648961475314        0.37652364445616
H            2.95724998226432       -1.94749373761246        0.07320423909441
H            3.44109425840199       -0.83138307386299       -1.22746147627549
20
 energy: -386.243931349482 gnorm: 0.000228865943 xtb: 6.7.1 (edcfbbe)
C           -2.52950874890080       -1.01283722093347        0.93051380430426
C           -2.58118922755842        0.07549212742200       -0.13757238021897
C           -1.30333302491960        0.11795452320774       -0.97977689481318
C           -0.10214338834909        0.50136219624083       -0.16017188591990
O           -0.08206586259060        1.41379034904516        0.65166005534627
O            0.97048843807409       -0.26404785109082       -0.42945530703347
C            2.20022160115987        0.06018494191696        0.29639204614951
C            3.25362751403279       -0.91928669026699       -0.15351473631966
H           -1.70200783338872       -0.84389190272055        1.62952792907595
H           -3.45574062405538       -1.03887562613133        1.51265031361422
H           -2.38822956150760       -1.99948983011201        0.47592016046239
H           -2.74141765387291        1.05465155112448        0.32646807328043
H           -3.42639368954355       -0.10089122725934       -0.81086789094666
H           -1.39306518037504        0.87851621627795       -1.76642067208159
H           -1.12301673664612       -0.84277905686302       -1.46922607337122
H            2.47399387421259        1.09374443935768        0.06414670874427
H            1.99635178773420       -0.02072028136134        1.36821482691962
H            4.18663518994878       -0.70648961475314        0.37652364445616
H            2.95724998226432       -1.94749373761246        0.07320423909441
H            3.44109425840199       -0.83138307386299       -1.22746147627549
