----------------------------------------------- 
  Element       SASA      Sigma Z        Total  
     Z         Ang**2 cal/Ang**2/mol   kcal/mol 
----------------------------------------------- 
      H        114.074      48.690       5.554
      C         32.249     129.740       4.184
      O         32.936       0.000       0.000

 Subtotal:     179.259                   9.738
 -----------------------------------------------

  Elements    COT*SASA   Sigma Z,Z'     Total   
    Z,Z'       Ang**2  cal/Ang**2/mol kcal/mol  
 ---------------------------------------------- 
  H   C         76.678     -60.770      -4.660
  H   O          0.000       0.000       0.000
  C   C          0.000     -72.950      -0.000
  O   C          0.844      68.690       0.058
  O   O          0.000       0.000       0.000

 Subtotal:                              -4.602
 ---------------------------------------------- 

 NONAQUEOUS SOLVENT CONTRIBUTION (kcal/mol):
 (proportional to SASA, atomic number independent)
 ---------------------------------------------- 
 Subtotal:                               0.000
 ---------------------------------------------- 

 CDS TOTAL (kcal/mol):                   5.136
...............................................................................
