----------------------------------------------- 
  Element       SASA      Sigma Z        Total  
     Z         Ang**2 cal/Ang**2/mol   kcal/mol 
----------------------------------------------- 
      H        144.170      48.690       7.020
      C         34.369     129.740       4.459
      O         31.701       0.000       0.000

 Subtotal:     210.239                  11.479
 -----------------------------------------------

  Elements    COT*SASA   Sigma Z,Z'     Total   
    Z,Z'       Ang**2  cal/Ang**2/mol kcal/mol  
 ---------------------------------------------- 
  H   C         96.917     -60.770      -5.890
  H   O          0.000       0.000       0.000
  C   C         26.178     -72.950      -1.910
  O   C         16.404      68.690       1.127
  O   O          0.000       0.000       0.000

 Subtotal:                              -6.673
 ---------------------------------------------- 

 NONAQUEOUS SOLVENT CONTRIBUTION (kcal/mol):
 (proportional to SASA, atomic number independent)
 ---------------------------------------------- 
 Subtotal:                               0.000
 ---------------------------------------------- 

 CDS TOTAL (kcal/mol):                   4.806
...............................................................................
