33
 energy: -56.017764881549 gnorm: 0.034418844971 xtb: 6.7.1 (edcfbbe)
C           -4.71512873990231       -0.99618263796727       -0.29993754396095
C           -4.01751913906409       -2.19543035578987       -0.14900094492618
C           -2.63952156264229       -2.18728997707405        0.02195538517345
C           -1.93778704583605       -0.97928377835262        0.04238398391527
C           -2.64191650129945        0.22620953437273       -0.11209725151528
C           -4.02918525794398        0.20923204563036       -0.28125844166973
C           -1.92304173827686        1.51167368919717       -0.09876589143628
O           -2.53120557149141        2.57999582882858       -0.21823254178171
C           -0.44790762866443        1.48249935404759        0.05570537487219
C            0.21854588774292        2.69650053464202        0.02597546428067
C            1.60945431313183        2.72688990591541        0.16016677487758
C            2.32879448367129        1.56718819508053        0.32938419758796
C            1.68459726142506        0.30328056221075        0.38082129527911
C            0.25660360169913        0.25944352156429        0.22848213300605
C           -0.46519108420223       -0.99982879527273        0.23236279415891
O            0.10139753720856       -2.10380050281062        0.38657582823153
N            2.40289801799651       -0.82160459914742        0.59375015097651
C            3.85379461128867       -0.90003824357477        0.59981919008422
C            4.43675457318749       -0.87545912149586       -0.81504723335752
O            5.86781747092804       -0.96903186761136       -0.78296233598506
H           -5.79177536955851       -1.00525028664839       -0.43251668347804
H           -4.55237439701114       -3.13932702279606       -0.16490578169265
H           -2.09610362722655       -3.11754610732301        0.13981884218785
H           -4.55791180882689        1.14858912192289       -0.39804794739215
H           -0.34498222293399        3.61178273455271       -0.10606944857958
H            2.13289404047978        3.67687544704940        0.12879273354259
H            3.40581957152673        1.62273812300371        0.42527952643552
H            1.87340528625490       -1.68570930719145        0.54190493970354
H            4.13094046655472       -1.83924797473118        1.08627285219753
H            4.28378143305366       -0.08730232539097        1.19585707713309
H            4.11518998369902        0.03206876294970       -1.34533794749528
H            4.08210599710732       -1.74509950340673       -1.37622777479198
H            6.20533308614039       -0.15326388841261       -0.38888532692647
33
 energy: -56.019378250669 gnorm: 0.015367771470 xtb: 6.7.1 (edcfbbe)
C           -4.69885993514705       -0.99508153873220       -0.29828319252616
C           -4.00485508596887       -2.18881292378525       -0.14818963746710
C           -2.63096640750229       -2.17887543741584        0.02165614943016
C           -1.92739003433981       -0.97578089054323        0.04242092767857
C           -2.62938610805100        0.22668253833334       -0.11102696268644
C           -4.01352315380328        0.20622731459599       -0.27920797124292
C           -1.91800164729781        1.51197226684451       -0.09841228702743
O           -2.52200827395929        2.57761206333037       -0.21731633992627
C           -0.44960934985577        1.47484693960902        0.05740491775088
C            0.21518159404291        2.68770748434675        0.02617385014506
C            1.60117702652375        2.72596664122846        0.15896226188135
C            2.31577901615279        1.56972237683880        0.32606558437342
C            1.67866572831995        0.30565184675912        0.37554223231259
C            0.25555217943797        0.25736900473590        0.22906045181662
C           -0.45995142991377       -1.00217605820250        0.23447255978175
O            0.10394880441458       -2.10186172831537        0.38368914100585
N            2.39381140332059       -0.81395931924960        0.58888999887954
C            3.83690742141150       -0.90096582104835        0.60300981829663
C            4.43292795866195       -0.87562408271098       -0.81276057275258
O            5.84982978610037       -0.97488529219916       -0.79090062013606
H           -5.77102591312904       -1.00390978982383       -0.42999080500104
H           -4.53786977952793       -3.12843027462941       -0.16335027079022
H           -2.08450402600177       -3.10328858693442        0.14123073864682
H           -4.53562585635236        1.14550096765621       -0.39490481066013
H           -0.35385886591804        3.59573285261222       -0.10519372830629
H            2.11777387286271        3.67460463872032        0.12861182342537
H            3.38655291376202        1.62735811307584        0.42740892689449
H            1.86439494338709       -1.67971260196329        0.53986805682904
H            4.11027074417395       -1.84196461280178        1.08457216861211
H            4.25884230195972       -0.08822450571013        1.20114954024932
H            4.12239823489161        0.03220259586027       -1.34391748234830
H            4.08618288607197       -1.74170534301200       -1.38046869719025
H            6.20581497948846       -0.16962777149889       -0.39025032129367
33
 energy: -56.019734820394 gnorm: 0.004808738618 xtb: 6.7.1 (edcfbbe)
C           -4.68814412408563       -0.99592008455570       -0.29701575047235
C           -3.99460378012618       -2.18751270417735       -0.14680238429429
C           -2.62236805928414       -2.17485767288939        0.02296698023368
C           -1.91849492835068       -0.97335685401886        0.04268812158955
C           -2.62045073890295        0.22749750794999       -0.11035657452294
C           -4.00322069217778        0.20404335789126       -0.27803216395978
C           -1.91622422345178        1.51465468756234       -0.09749326247953
O           -2.51949832097033        2.57860731580723       -0.21690078394972
C           -0.45173002938749        1.47174113799329        0.05801566941328
C            0.21177859850892        2.68519075266830        0.02587707245337
C            1.59589007587163        2.73052187917948        0.15895650033622
C            2.30862229311407        1.57486259129716        0.32542220538249
C            1.67538516500031        0.30971402386094        0.37339123542774
C            0.25502961091424        0.25773020387860        0.22862724622781
C           -0.45371622207530       -1.00484958939151        0.23197533716332
O            0.10881520390920       -2.10253669436932        0.38091352562843
N            2.38755187092786       -0.80796823918262        0.58218382658496
C            3.82449709160614       -0.90286482125176        0.60375439322593
C            4.43042147689264       -0.87572709435918       -0.81315269729779
O            5.83600667304861       -0.98537429026586       -0.79425334477310
H           -5.75820822182127       -1.00411516021270       -0.42819293698921
H           -4.52511384282786       -3.12604789904926       -0.16167009226598
H           -2.06981082310868       -3.09433324457029        0.14278837365772
H           -4.51925000700802        1.14530440319781       -0.39256164104222
H           -0.36522095153984        3.58678292026014       -0.10563072433264
H            2.10646205640814        3.67976434629601        0.12916369313079
H            3.37721411651674        1.63262886996019        0.42759201818496
H            1.85656999193949       -1.67421354107360        0.53532596302019
H            4.09323022195826       -1.84672829378670        1.07997839739458
H            4.24507134525967       -0.09147824784777        1.20318145034085
H            4.12092375857485        0.03510902701016       -1.33917358314144
H            4.07857389723026       -1.73865154489707       -1.38171206480401
H            6.21258744565269       -0.19334598294305       -0.38383855641616
33
 energy: -56.019795862840 gnorm: 0.002489431391 xtb: 6.7.1 (edcfbbe)
C           -4.68559421194717       -0.99819528293976       -0.29634019265167
C           -3.99065319682115       -2.18953647211359       -0.14619063827647
C           -2.61836875177846       -2.17487598052354        0.02273988501463
C           -1.91550243474154       -0.97249026478068        0.04235341191155
C           -2.61863141152621        0.22769172288995       -0.11035070357820
C           -4.00158480276906        0.20234530191698       -0.27737855457951
C           -1.91686308483486        1.51621927056644       -0.09818227011500
O           -2.52170542156626        2.57948497032951       -0.21686075891261
C           -0.45286282135516        1.47325325248798        0.05803072708846
C            0.21027525113632        2.68742144246331        0.02640262909154
C            1.59451021676174        2.73536577159629        0.15957973392475
C            2.30791066154899        1.57955811059494        0.32560500105526
C            1.67531399577237        0.31365577116502        0.37211465447193
C            0.25495235463914        0.26008953438497        0.22800714155140
C           -0.45138316023417       -1.00412063368133        0.23237790138003
O            0.11200106752231       -2.10200115502085        0.37818013245005
N            2.38602586845630       -0.80470338430114        0.57798696326145
C            3.82120144025791       -0.90387289697235        0.60401458129246
C            4.42977153250471       -0.87660671849896       -0.81394302610802
O            5.83153394605425       -0.99577482877154       -0.79594692493523
H           -5.75566332858387       -1.00667026854921       -0.42764091639730
H           -4.51962999833940       -3.12899589246104       -0.16037231554762
H           -2.06205714461190       -3.09226405365664        0.14345223800145
H           -4.51585897491105        1.14476174740192       -0.39172910460685
H           -0.37082542406910        3.58656635926913       -0.10555983159570
H            2.10272967197044        3.68574712083184        0.12999700192408
H            3.37687290008429        1.63709478650333        0.42826701106332
H            1.85292535042824       -1.67021927912918        0.53227419126280
H            4.08631103878648       -1.84963471031812        1.07814445497873
H            4.24429226942957       -0.09432998468750        1.20435108445147
H            4.12091569782912        0.03769361027576       -1.33572062443857
H            4.06927605458209       -1.73578989063030       -1.38356818014538
H            6.21894077854092       -0.21259600967071       -0.37807925363254
33
 energy: -56.019837616514 gnorm: 0.002280862883 xtb: 6.7.1 (edcfbbe)
C           -4.68362238025087       -1.00232321068730       -0.29557702698372
C           -3.98627782469365       -2.19311534837721       -0.14508194253691
C           -2.61396541820567       -2.17560044989265        0.02344472647977
C           -1.91303879245513       -0.97142230917751        0.04208886351463
C           -2.61817298960222        0.22769812792497       -0.11054960548737
C           -4.00159248180894        0.19949544909294       -0.27723326236729
C           -1.91861825416267        1.51785718898927       -0.09824568567397
O           -2.52592717737306        2.58011742903834       -0.21717536704063
C           -0.45431842457742        1.47687377246351        0.05751944936406
C            0.20837079122662        2.69187988013661        0.02689991079759
C            1.59285431478078        2.74207529358677        0.16104653311833
C            2.30788833074495        1.58654125124912        0.32686264831294
C            1.67571314912106        0.31992437773487        0.37168452253646
C            0.25493527412838        0.26439643741291        0.22658208319039
C           -0.44880573453732       -1.00144820817540        0.22924804497603
O            0.11596510612393       -2.09947494358165        0.37407635353744
N            2.38505543751657       -0.79981685864641        0.57356107773319
C            3.81899651685890       -0.90430794301450        0.60402000844140
C            4.42923142399313       -0.87815529888174       -0.81499924511296
O            5.82751310773945       -1.01389526829579       -0.79915066561234
H           -5.75410926672860       -1.01209302837351       -0.42643462023536
H           -4.51318732538734       -3.13419601550482       -0.15873445187432
H           -2.05333076432706       -3.09087365496059        0.14388591802695
H           -4.51555670088853        1.14253913825361       -0.39114405858757
H           -0.37655064065695        3.58903428332100       -0.10510353078877
H            2.09879344603080        3.69401894067856        0.13236966174274
H            3.37759143896625        1.64384664966775        0.43006031719040
H            1.84860368792868       -1.66380547610026        0.52921589977399
H            4.07905149936599       -1.85230939671407        1.07653688194675
H            4.24638801488545       -0.09740830108345        1.20530755391468
H            4.12562406831185        0.04204654250677       -1.33147786069003
H            4.05491241328240       -1.73063564987428       -1.38707685780097
H            6.22816208286609       -0.24319233474492       -0.37041082515085
33
 energy: -56.019862304018 gnorm: 0.002423735992 xtb: 6.7.1 (edcfbbe)
C           -4.68246274112173       -1.00586147193503       -0.29470671049188
C           -3.98312315280012       -2.19590642820258       -0.14445131046441
C           -2.61080274060880       -2.17628728541093        0.02306683951547
C           -1.91183071944442       -0.97060257528337        0.04139476378719
C           -2.61868445890937        0.22758627460348       -0.11083302894099
C           -4.00248050489998        0.19712736495769       -0.27673828065221
C           -1.92021718057440        1.51866482264892       -0.09905691590320
O           -2.52931829184744        2.58019355049697       -0.21749266074725
C           -0.45556302708050        1.48010389688848        0.05718193152457
C            0.20649353287936        2.69566090113565        0.02780721576086
C            1.59106135852065        2.74679173508596        0.16265921245524
C            2.30764700794205        1.59190334472519        0.32806004267303
C            1.67604636850379        0.32485817447981        0.37113098773077
C            0.25486010898243        0.26804059186575        0.22558770402402
C           -0.44758217128862       -0.99830334943558        0.22819137275188
O            0.11872851364410       -2.09643488964125        0.37042418965309
N            2.38494502265122       -0.79556398113786        0.57106475927560
C            3.81851782944885       -0.90330794391816        0.60350118299975
C            4.42873026793717       -0.87947235857898       -0.81584005158296
O            5.82514705584239       -1.03136528497766       -0.80193285559672
H           -5.75319421313452       -1.01736705891370       -0.42540002927191
H           -4.50859037608429       -3.13807875031854       -0.15760896053017
H           -2.04796616013291       -3.09036020299542        0.14363575470712
H           -4.51770858698868        1.13966208827071       -0.39071106468895
H           -0.37966240544137        3.59224199061609       -0.10407110817558
H            2.09587111693429        3.69964299915208        0.13465725090968
H            3.37763799323956        1.64933373601570        0.43200078481866
H            1.84608801820089       -1.65834970215654        0.52781451085499
H            4.07517490688471       -1.85233560737559        1.07603093938247
H            4.24863375730352       -0.09774194885511        1.20482028310108
H            4.13403157316687        0.04600762909322       -1.32906718488945
H            4.04302606496280       -1.72569626936923       -1.39024025402457
H            6.23512216152830       -0.27051292555922       -0.36486386131053
33
 energy: -56.019896333577 gnorm: 0.002149519624 xtb: 6.7.1 (edcfbbe)
C           -4.68084056702607       -1.01049308713608       -0.29353220580411
C           -3.97900579365939       -2.19928633363426       -0.14390771329715
C           -2.60677145106803       -2.17705863988491        0.02254353450770
C           -1.91055288374362       -0.96957508069547        0.04035429403078
C           -2.61964075353446        0.22735097516336       -0.11115978579309
C           -4.00372892008448        0.19404988749487       -0.27610636344661
C           -1.92251683279523        1.51941212694026       -0.09935322481304
O           -2.53342097696772        2.57999904766215       -0.21804699840472
C           -0.45738060877965        1.48410205835565        0.05680651170548
C            0.20343808661464        2.70032109738048        0.02887597468655
C            1.58795991871347        2.75233472620858        0.16486571329581
C            2.30660027540594        1.59865736049040        0.32984398819182
C            1.67615144557798        0.33109761691049        0.37107099809556
C            0.25470560100309        0.27263904987585        0.22440054025034
C           -0.44605373530505       -0.99405074714813        0.22522123697053
O            0.12211681529860       -2.09195002524413        0.36568913740332
N            2.38520833949387       -0.78956301401340        0.56936876063523
C            3.81867705483921       -0.90020776182762        0.60236184557962
C            4.42761415022975       -0.88090439196175       -0.81700434377581
O            5.82187178822955       -1.05796330364085       -0.80579583225340
H           -5.75180053496394       -1.02470296623562       -0.42330258913928
H           -4.50274262670983       -3.14257537803957       -0.15686200267615
H           -2.04197738343446       -3.09001377033790        0.14219336732252
H           -4.52185001239963        1.13512309310630       -0.38955811654070
H           -0.38287159235920        3.59691626851163       -0.10254263324792
H            2.09168101555516        3.70605906516198        0.13816678858295
H            3.37660981579172        1.65665222451724        0.43470807688113
H            1.84389228472523       -1.65108673676130        0.52708573198228
H            4.07219227540955       -1.84965943798449        1.07601368906736
H            4.25115154660645       -0.09520367895737        1.20273396174214
H            4.14975186579947        0.05216097412853       -1.32658508338190
H            4.02603410077299       -1.71764642860311       -1.39472467333878
H            6.24407422097992       -0.31066372383087       -0.35780713636377
33
 energy: -56.019932549363 gnorm: 0.002420396049 xtb: 6.7.1 (edcfbbe)
C           -4.67819425117013       -1.01664011422503       -0.29154909950155
C           -3.97312781263068       -2.20354187343332       -0.14341351333706
C           -2.60089634308960       -2.17781161053153        0.02095253444333
C           -1.90846052553823       -0.96824832061153        0.03831489644230
C           -2.62057618260627        0.22695041597493       -0.11174810810870
C           -4.00481995435339        0.18992820401244       -0.27477990045557
C           -1.92572592562512        1.52031033113228       -0.10037611142381
O           -2.53867523867114        2.57963004907332       -0.21918037818141
C           -0.46034725388128        1.48887553548661        0.05668157757555
C            0.19813435097675        2.70615727009897        0.03100054307823
C            1.58251034252228        2.75988437192068        0.16834101124957
C            2.30386634052109        1.60795484727750        0.33205838277803
C            1.67572712767005        0.33936609996203        0.37069790511008
C            0.25431632635184        0.27857356591525        0.22312817792250
C           -0.44387446448055       -0.98873971517410        0.22180150576742
O            0.12679531684555       -2.08603099340282        0.35923205914068
N            2.38561314931992       -0.78079200759473        0.56800717150349
C            3.81901818046947       -0.89393005396018        0.60021819868872
C            4.42587907628252       -0.88240235812175       -0.81893182709339
O            5.81628784982079       -1.09932011978298       -0.81069566455462
H           -5.74923699586690       -1.03455886850676       -0.41978653791488
H           -4.49461122258101       -3.14800399148160       -0.15590323844638
H           -2.03399974735799       -3.08939989345535        0.13952815397284
H           -4.52721623210231        1.12861517796724       -0.38750137209217
H           -0.38792165773897        3.60291748952932       -0.09953023908370
H            2.08462106530724        3.71459558837565        0.14375058378962
H            3.37355365919981        1.66741779319501        0.43801504887346
H            1.84236992185210       -1.64136414082477        0.52581184087951
H            4.06988554644624       -1.84300914617803        1.07632092500255
H            4.25325583222570       -0.08824925009242        1.19815914900553
H            4.17636420514540        0.06166549727126       -1.32367590043525
H            4.00085080935206       -1.70437934705902       -1.40147675294575
H            6.25721063560059       -0.37214936678558       -0.34745557299448
33
 energy: -56.019952132728 gnorm: 0.002222126701 xtb: 6.7.1 (edcfbbe)
C           -4.67650661433079       -1.02019006824324       -0.29030000293004
C           -3.96966790974143       -2.20588782878078       -0.14317265825499
C           -2.59732015068159       -2.17805673134128        0.01979996619976
C           -1.90697639020118       -0.96758856328201        0.03673294391362
C           -2.62089227057516        0.22660456185368       -0.11231708000926
C           -4.00501990566467        0.18747734262977       -0.27411476412308
C           -1.92791227719068        1.52084268666488       -0.10065368729422
O           -2.54182720323524        2.57933710962950       -0.22029841368984
C           -0.46259474483707        1.49121723105569        0.05698308681824
C            0.19395862567377        2.70936098798511        0.03306631827844
C            1.57824106632395        2.76477943691074        0.17104524821990
C            2.30123405581915        1.61384332208960        0.33313293230735
C            1.67503936802123        0.34430756896322        0.37034906100419
C            0.25395065014203        0.28191069092289        0.22244625842188
C           -0.44233354532991       -0.98622065359447        0.21916707368533
O            0.12966911724930       -2.08282025984232        0.35538884010285
N            2.38598499421439       -0.77499564163649        0.56784688708873
C            3.81944021311544       -0.88829281338320        0.59859288618559
C            4.42529869032663       -0.88339806280537       -0.82024654908557
O            5.81173249328507       -1.12855160134351       -0.81249294128086
H           -5.74751928159643       -1.04006066566220       -0.41711624906509
H           -4.48980164145903       -3.15090557156846       -0.15531131642876
H           -2.02935511951885       -3.08894959655660        0.13740115158517
H           -4.52990110605507        1.12471869005875       -0.38603575671424
H           -0.39216446445406        3.60610062494223       -0.09632075474231
H            2.07906444994274        3.72007955871834        0.14832107515188
H            3.37064488691868        1.67481506876276        0.43905700112154
H            1.84320265518575       -1.63585421150465        0.52397852798310
H            4.07016519962408       -1.83618240582831        1.07728327447259
H            4.25362925727195       -0.08076158057104        1.19379618785736
H            4.19712876167763        0.06688476514903       -1.32265546618723
H            3.98487082630839       -1.69472598099661       -1.40566300684123
H            6.26511324198683       -0.41456634342463       -0.34167462509612
33
 energy: -56.019965391020 gnorm: 0.001433560854 xtb: 6.7.1 (edcfbbe)
C           -4.67596736112107       -1.02159665545442       -0.28954094313769
C           -3.96851821338658       -2.20677005947224       -0.14325869998851
C           -2.59594677280014       -2.17811356822744        0.01870239481385
C           -1.90620743828995       -0.96761613284033        0.03558946795705
C           -2.62091036284122        0.22620968968956       -0.11270660470458
C           -4.00484288609975        0.18638199401073       -0.27360561271882
C           -1.92912880518082        1.52089856766113       -0.10106408568234
O           -2.54335179739012        2.57897359529410       -0.22133104742020
C           -0.46410728598384        1.49166372600773        0.05770763025692
C            0.19103280153141        2.71048644517562        0.03531041113353
C            1.57529404831587        2.76738722265620        0.17291023051151
C            2.29908644151331        1.61680177285850        0.33311850896737
C            1.67430824625789        0.34653977401240        0.37000492629473
C            0.25361352897279        0.28309681428323        0.22230500488617
C           -0.44154566919243       -0.98592673510136        0.21787418396980
O            0.13102682800272       -2.08192711113363        0.35337537159521
N            2.38646027290334       -0.77175361002150        0.56852351642752
C            3.82008839055394       -0.88339240120457        0.59769162601718
C            4.42582358915147       -0.88354626829489       -0.82097348253839
O            5.80831315340791       -1.14714371946527       -0.81237696428547
H           -5.74691461135286       -1.04183607792146       -0.41538458973588
H           -4.48807500660314       -3.15192670852562       -0.15505855458195
H           -2.02773564784645       -3.08886622459806        0.13569355956483
H           -4.53044970728559        1.12314946961038       -0.38502196022707
H           -0.39566686975110        3.60691522359929       -0.09296673179833
H            2.07516659590701        3.72298467721637        0.15132594958853
H            3.36839542072391        1.67912365002925        0.43788085618800
H            1.84605033135140       -1.63387679509992        0.52161084508138
H            4.07241901147225       -1.82959913425661        1.07897515956478
H            4.25316587177650       -0.07336726168170        1.19009371430760
H            4.21189116556716        0.06947289494668       -1.32228758049952
H            3.97587155800170       -1.68775520545976       -1.40773007080296
H            6.26993710793029       -0.44080078232135       -0.33937098034956
33
 energy: -56.019971806730 gnorm: 0.001339528926 xtb: 6.7.1 (edcfbbe)
C           -4.67570239359533       -1.02377582745603       -0.28839773706499
C           -3.96730851625416       -2.20840736891692       -0.14344408830787
C           -2.59438172140795       -2.17866938146116        0.01705620017680
C           -1.90519423137297       -0.96804616878010        0.03409788104373
C           -2.62108193751681        0.22530511213079       -0.11304326339798
C           -4.00489318325985        0.18454625339841       -0.27277460001458
C           -1.93105227291408        1.52078485061477       -0.10107595782029
O           -2.54604954998952        2.57814067196826       -0.22290187101869
C           -0.46634964487404        1.49233441268084        0.05889254599470
C            0.18684497630527        2.71228465166305        0.03874857297548
C            1.57111888991671        2.77159926612948        0.17520516589933
C            2.29625999912927        1.62143589767024        0.33263755851049
C            1.67334974855403        0.35021972889505        0.36961763804045
C            0.25306060663408        0.28481695248756        0.22202435091506
C           -0.44036265811379       -0.98582331126444        0.21580219430070
O            0.13331178165402       -2.08101216189288        0.34968147524345
N            2.38735238076458       -0.76668275560947        0.56934288735282
C            3.82115802374529       -0.87575267950071        0.59712907741784
C            4.42699554801465       -0.88233395850243       -0.82187773609768
O            5.80302902119629       -1.17704048839823       -0.81319055886332
H           -5.74672741835635       -1.04405443607377       -0.41284292907258
H           -4.48593781312412       -3.15399512352051       -0.15497992077343
H           -2.02540637312597       -3.08916267396110        0.13289937786088
H           -4.53071544380623        1.12129508986965       -0.38315701356813
H           -0.40190704319438        3.60764447825391       -0.08766201618856
H            2.06936472325215        3.72785941766580        0.15458689198527
H            3.36575141187714        1.68555872666932        0.43472900060277
H            1.85100137408925       -1.63094419825710        0.51731587866411
H            4.07554899148369       -1.81982675635962        1.08181199484344
H            4.25324989030868       -0.06253386929775        1.18569267057410
H            4.23404695861300        0.07702794560947       -1.31919799935872
H            3.95885005697088       -1.67466199144136       -1.41146124759079
H            6.28135174661245       -0.48385923904197       -0.33524897460914
33
 energy: -56.019972934334 gnorm: 0.001391992229 xtb: 6.7.1 (edcfbbe)
C           -4.67733447258145       -1.02187772686031       -0.28889450749603
C           -3.96991385461443       -2.20721458207846       -0.14392570686983
C           -2.59692328245135       -2.17886090665661        0.01701019972805
C           -1.90635330149498       -0.96887411114710        0.03461803961779
C           -2.62136918996171        0.22508668770155       -0.11255557640416
C           -4.00525393570677        0.18574352043587       -0.27273262193612
C           -1.93037561527356        1.52010231927442       -0.10068303948615
O           -2.54493030850755        2.57782625545991       -0.22250732142415
C           -0.46568705619817        1.49090472885324        0.05947977762209
C            0.18802100789990        2.71070978925236        0.03922289112047
C            1.57237578248690        2.76941081518486        0.17423976535120
C            2.29701327473313        1.61871082607420        0.33130727158669
C            1.67347340885678        0.34784398046038        0.36944568142069
C            0.25302344735462        0.28293749384340        0.22237271437443
C           -0.44135201925639       -0.98756524524917        0.21663617458014
O            0.13196270773356       -2.08289532060014        0.35036670496689
N            2.38786678267378       -0.76895322434906        0.57014301704118
C            3.82200246169272       -0.87595372317766        0.59842117247561
C            4.42865379867782       -0.88158003381812       -0.82065568713435
O            5.80443476303626       -1.16886893176606       -0.81099968854459
H           -5.74843737610002       -1.04074612071704       -0.41388770056324
H           -4.48933205534843       -3.15250036527874       -0.15581487446043
H           -2.02896426742469       -3.09007954230406        0.13293024264795
H           -4.52956911710966        1.12342774767556       -0.38331273762564
H           -0.40119215334599        3.60591366547765       -0.08669713474104
H            2.07118919742952        3.72542516074793        0.15257368851136
H            3.36677686855374        1.68252846995627        0.43196670985239
H            1.85351295800270       -1.63411877973285        0.51694725981664
H            4.07794139239971       -1.81938780013945        1.08352594581675
H            4.25284301947335       -0.06207416428363        1.18698928471675
H            4.23080336538611        0.07525078724087       -1.31927917500283
H            3.96492239304647       -1.67615532008537       -1.40921037396072
H            6.27874730415393       -0.46984528342357       -0.34102494694309
33
 energy: -56.019975503336 gnorm: 0.000247689746 xtb: 6.7.1 (edcfbbe)
C           -4.67716736168220       -1.02234883370934       -0.28881143935615
C           -3.96944516402599       -2.20759807974989       -0.14392159103425
C           -2.59657100415882       -2.17904843095639        0.01708434112962
C           -1.90632507870873       -0.96874052106047        0.03475237663559
C           -2.62154236772232        0.22506819144950       -0.11226377562686
C           -4.00556166956261        0.18543373292903       -0.27242526607556
C           -1.93049845810872        1.52013725631530       -0.10060505575607
O           -2.54534926231235        2.57779012027141       -0.22203675721125
C           -0.46570548118808        1.49146614575682        0.05934921513098
C            0.18812281968933        2.71124216957671        0.03889507540788
C            1.57245773650688        2.76970822685966        0.17384576580102
C            2.29727336114026        1.61916816462255        0.33133954697156
C            1.67360651727865        0.34842097136387        0.36944772614223
C            0.25300372043272        0.28341022608948        0.22217704772553
C           -0.44129102610851       -0.98690407201086        0.21625090333648
O            0.13229528653481       -2.08233095178873        0.34949430686696
N            2.38776659464394       -0.76860145392754        0.56961853399761
C            3.82179537966133       -0.87645970650203        0.59879873188966
C            4.42842777875967       -0.88123922822243       -0.82032239066829
O            5.80464745768113       -1.17014556024107       -0.81193801443896
H           -5.74829513966245       -1.04163120980962       -0.41398073776641
H           -4.48873459983588       -3.15300666446981       -0.15601533599609
H           -2.02833425883825       -3.09009592151515        0.13290210046705
H           -4.53008876530800        1.12302910063078       -0.38297829836294
H           -0.40109456689308        3.60643007214170       -0.08713288277798
H            2.07134407715422        3.72578223172887        0.15183880225961
H            3.36703651713715        1.68267522023178        0.43229379566791
H            1.85245357184226       -1.63324191622923        0.51752135415412
H            4.07672637999441       -1.82053554855442        1.08314645646094
H            4.25311264946193       -0.06347928521747        1.18825364846962
H            4.23065975231122        0.07696442737935       -1.31801349006242
H            3.96310275421513       -1.67512458746036       -1.40951625992142
H            6.28074777788679       -0.47192321995096       -0.34103298480503
33
 energy: -56.019975835293 gnorm: 0.000141415066 xtb: 6.7.1 (edcfbbe)
C           -4.67721429830732       -1.02229480627224       -0.28880187331317
C           -3.96950224694627       -2.20756556827120       -0.14405278002590
C           -2.59665804627926       -2.17910594137637        0.01697549419854
C           -1.90638271370726       -0.96880785138596        0.03474711883946
C           -2.62158981186632        0.22500196217463       -0.11204418729945
C           -4.00562081278313        0.18544772931905       -0.27226858196444
C           -1.93060126963569        1.52007950612030       -0.09989477986723
O           -2.54543092561595        2.57772159119550       -0.22150814935149
C           -0.46577480498348        1.49138049045520        0.05941887248663
C            0.18802314457780        2.71117383078132        0.03880582473126
C            1.57235600272625        2.76961351750422        0.17344130331787
C            2.29719633424794        1.61910102985218        0.33093509712724
C            1.67355492255791        0.34836950149414        0.36934636963253
C            0.25294446378439        0.28331139949272        0.22210287946418
C           -0.44132756968752       -0.98697352720220        0.21599405894133
O            0.13232576344543       -2.08240585207740        0.34884017645346
N            2.38779674310293       -0.76857481117282        0.56956574022498
C            3.82184204580518       -0.87626268712790        0.59918388840150
C            4.42862761622624       -0.88074328792808       -0.81990297863444
O            5.80453801993899       -1.17122501102757       -0.81192584356465
H           -5.74833070455938       -1.04160530500495       -0.41397780541099
H           -4.48885306391053       -3.15292545979516       -0.15638837297491
H           -2.02846846857888       -3.09019235510769        0.13259384554455
H           -4.53009172197846        1.12309579510980       -0.38248005475440
H           -0.40127977279923        3.60632936254250       -0.08694641366479
H            2.07130196801328        3.72565219435584        0.15114614405692
H            3.36696748563454        1.68255313621112        0.43156285468461
H            1.85256534479741       -1.63327425279948        0.51765974676051
H            4.07675589199118       -1.82045000153067        1.08332650726121
H            4.25283577110298       -0.06336705508520        1.18899797296670
H            4.23172187980837        0.07802860747541       -1.31695696411509
H            3.96227406470432       -1.67373034592569       -1.40953373896793
H            6.28207469738940       -0.47308446902231       -0.34194592252993
33
 energy: -56.019976094822 gnorm: 0.000211754319 xtb: 6.7.1 (edcfbbe)
C           -4.67738242339107       -1.02217329965782       -0.28868717929507
C           -3.96967389783438       -2.20751672506062       -0.14438645057999
C           -2.59683913536042       -2.17920644448362        0.01664316956036
C           -1.90652888504968       -0.96892820961500        0.03473496292659
C           -2.62172789816129        0.22491861742076       -0.11156763172602
C           -4.00579990449160        0.18553524390114       -0.27161056602775
C           -1.93068982802253        1.51994910731760       -0.09959983333387
O           -2.54558333597928        2.57765604201708       -0.22033352949075
C           -0.46588226231066        1.49122583102855        0.05966226056127
C            0.18788162929215        2.71103260078408        0.03887623521822
C            1.57227240068437        2.76938459180399        0.17271815761205
C            2.29711533776525        1.61888017384895        0.33018540114276
C            1.67345958610950        0.34817600225594        0.36914795901526
C            0.25283852432292        0.28311598147128        0.22205436200388
C           -0.44141130602020       -0.98714335607790        0.21553727524305
O            0.13232427383185       -2.08259753345840        0.34780547919998
N            2.38780373700263       -0.76864447570467        0.56953440238501
C            3.82190716565045       -0.87596134375619        0.59976621285589
C            4.42902090262532       -0.87985770329898       -0.81919285428909
O            5.80444476347226       -1.17290647267269       -0.81148994660373
H           -5.74848196848850       -1.04151644469667       -0.41392282998964
H           -4.48915145210946       -3.15279511312428       -0.15699491943610
H           -2.02875768526604       -3.09038716473542        0.13193812014449
H           -4.53019421801952        1.12323736098092       -0.38155357906560
H           -0.40143267847448        3.60618270366048       -0.08671393553678
H            2.07135990978734        3.72534141998213        0.14989547476441
H            3.36691064177083        1.68225979597432        0.43035230147794
H            1.85271106185008       -1.63343325402924        0.51795239718512
H            4.07686443785645       -1.82030924339656        1.08356754151669
H            4.25232752755890       -0.06321178117866        1.19020059333269
H            4.23383720627209        0.07985374465720       -1.31522244389541
H            3.96112490889284       -1.67135844529119       -1.40962912836266
H            6.28390879244975       -0.47453114089549       -0.34365202985852
33
 energy: -56.019976219366 gnorm: 0.000104475363 xtb: 6.7.1 (edcfbbe)
C           -4.67746723092777       -1.02215460033717       -0.28859231117074
C           -3.96974738520811       -2.20752931130944       -0.14454257845479
C           -2.59688153935819       -2.17922940737590        0.01637560284076
C           -1.90657805353003       -0.96895331625741        0.03463297219259
C           -2.62179154282660        0.22492834071316       -0.11142566657117
C           -4.00586326076966        0.18556203992737       -0.27140312922453
C           -1.93078833788279        1.51998069955632       -0.09902118076070
O           -2.54568768744344        2.57771225564991       -0.21953836004103
C           -0.46590571646708        1.49118608746135        0.05966116567390
C            0.18791396714403        2.71095180166340        0.03863067870796
C            1.57234553273606        2.76928205150066        0.17233529516883
C            2.29714214079815        1.61875785012147        0.32987976329935
C            1.67342342840394        0.34806382885176        0.36901127649233
C            0.25279960453298        0.28306609414419        0.22201561194634
C           -0.44147184095667       -0.98719464214432        0.21559862946459
O            0.13227882579681       -2.08267743103218        0.34762357843528
N            2.38771295961307       -0.76875318782967        0.56950596926869
C            3.82182513223891       -0.87598735788452        0.59989822801568
C            4.42921084501703       -0.87947550289002       -0.81895324461044
O            5.80442996305493       -1.17333054753789       -0.81100722219424
H           -5.74857658090562       -1.04149145505195       -0.41377099111183
H           -4.48922313825742       -3.15281082217391       -0.15734396481531
H           -2.02878961621551       -3.09043034134316        0.13152542191356
H           -4.53030351585765        1.12328200590118       -0.38106079606414
H           -0.40134950529207        3.60615201043057       -0.08689028984399
H            2.07147415718174        3.72520865629580        0.14930881419275
H            3.36696526346726        1.68210447670822        0.42990431650008
H            1.85258104745176       -1.63352302497360        0.51806265352766
H            4.07679094642869       -1.82044908752327        1.08345687729399
H            4.25207809421185       -0.06338925568341        1.19064940196119
H            4.23481442135671        0.08051630255053       -1.31458222021607
H            3.96099881467003       -1.67040287359590       -1.40985340519554
H            6.28421573601049       -0.47470127056113       -0.34407544796636
33
 energy: -56.019976206235 gnorm: 0.000177823751 xtb: 6.7.1 (edcfbbe)
C           -4.67755454854810       -1.02213566047981       -0.28849316511918
C           -3.96982269331573       -2.20754238489856       -0.14470441490534
C           -2.59692506816663       -2.17925285677784        0.01609911167391
C           -1.90662901748751       -0.96897884718283        0.03452823185713
C           -2.62185769740616        0.22493877514764       -0.11127759646007
C           -4.00592923548425        0.18558957666545       -0.27118597484346
C           -1.93088971086783        1.52001334486540       -0.09842902745584
O           -2.54579600661122        2.57777061036324       -0.21871427637972
C           -0.46593013244120        1.49114547442161        0.05965979827670
C            0.18794761212840        2.71086850638877        0.03837643791296
C            1.57242122971741        2.76917612492181        0.17193904883650
C            2.29716982753955        1.61863172628103        0.32956468086406
C            1.67338596118386        0.34794845758770        0.36887028022296
C            0.25275919509705        0.28301487189356        0.22197534297690
C           -0.44153419961981       -0.98724746413083        0.21565815023693
O            0.13223081267445       -2.08275938795565        0.34743882471973
N            2.38761895731258       -0.76886534437936        0.56947569059019
C            3.82173986381549       -0.87601521051896        0.60003313348191
C            4.42940742984856       -0.87907948708399       -0.81870690804386
O            5.80441492731680       -1.17376814305303       -0.81050858982725
H           -5.74867407385745       -1.04146594475403       -0.41361190463048
H           -4.48929601236294       -3.15282731936162       -0.15770470686495
H           -2.02882180833886       -3.09047455027431        0.13109718999841
H           -4.53041751597012        1.12332747771080       -0.38054986139959
H           -0.40126302997615        3.60612035112341       -0.08707525782703
H            2.07159192947530        3.72507173583930        0.14870183544958
H            3.36702146620292        1.68194402175237        0.42944386928693
H            1.85244559468913       -1.63361527714349        0.51817583553407
H            4.07671372519015       -1.82059613481316        1.08333845601826
H            4.25182116339095       -0.06357560921700        1.19111374613994
H            4.23582409726423        0.08120266963926       -1.31391962145357
H            3.96086948257686       -1.66941303946894       -1.41008872378175
H            6.28453340324613       -0.47487999713689       -0.34450418643029
33
 energy: -56.019976293878 gnorm: 0.000080198833 xtb: 6.7.1 (edcfbbe)
C           -4.67750250852457       -1.02218337886376       -0.28847128539396
C           -3.96974488051543       -2.20756312235183       -0.14474781713598
C           -2.59687162058286       -2.17921531745805        0.01612637901667
C           -1.90661211103927       -0.96893007018928        0.03458107062001
C           -2.62185636476100        0.22497557837861       -0.11122912333491
C           -4.00592426231453        0.18555954768995       -0.27109906675480
C           -1.93087673798608        1.52004695770367       -0.09858607288671
O           -2.54582050347585        2.57781127710886       -0.21852540318642
C           -0.46593354852195        1.49119343168217        0.05961550800463
C            0.18797481953992        2.71089497697605        0.03828199182719
C            1.57244050139470        2.76919837987376        0.17187903464850
C            2.29717814269551        1.61867184330803        0.32960620030645
C            1.67338624465593        0.34800462723656        0.36890528247671
C            0.25275733971655        0.28306512822459        0.22196510510159
C           -0.44150500202338       -0.98720652414181        0.21547075199024
O            0.13218274318430       -2.08268835222478        0.34772543463279
N            2.38758455700633       -0.76884917814129        0.56942379917815
C            3.82167078235708       -0.87613775120796        0.59991777123850
C            4.42938992379204       -0.87909954487865       -0.81881218347101
O            5.80439581669465       -1.17356632434936       -0.81053902424821
H           -5.74863287737818       -1.04150367486910       -0.41347033776021
H           -4.48915823955546       -3.15287542414125       -0.15770562461449
H           -2.02869112685987       -3.09040122794312        0.13099865277577
H           -4.53044549851340        1.12327015058811       -0.38048534297630
H           -0.40121598214123        3.60614006145578       -0.08732147691862
H            2.07156737424321        3.72511515020353        0.14870589228088
H            3.36700832820452        1.68198230581749        0.42966368686044
H            1.85230565465491       -1.63355464829513        0.51811654107510
H            4.07656114107862       -1.82083401692880        1.08305075623876
H            4.25186933711239       -0.06381823518635        1.19110074020942
H            4.23566417420070        0.08111630254662       -1.31395962235259
H            3.96108170237101       -1.66944318711748       -1.41030299623361
H            6.28434860950655       -0.47490467453474       -0.34386377255930
