----------------------------------------------- 
  Element       SASA      Sigma Z        Total  
     Z         Ang**2 cal/Ang**2/mol   kcal/mol 
----------------------------------------------- 
      H        113.190      48.690       5.511
      C         31.134     129.740       4.039
      O         33.606       0.000       0.000

 Subtotal:     177.929                   9.551
 -----------------------------------------------

  Elements    COT*SASA   Sigma Z,Z'     Total   
    Z,Z'       Ang**2  cal/Ang**2/mol kcal/mol  
 ---------------------------------------------- 
  H   C         76.083     -60.770      -4.624
  H   O          0.000       0.000       0.000
  C   C          0.000     -72.950      -0.000
  O   C          0.655      68.690       0.045
  O   O          0.000       0.000       0.000

 Subtotal:                              -4.579
 ---------------------------------------------- 

 NONAQUEOUS SOLVENT CONTRIBUTION (kcal/mol):
 (proportional to SASA, atomic number independent)
 ---------------------------------------------- 
 Subtotal:                               0.000
 ---------------------------------------------- 

 CDS TOTAL (kcal/mol):                   4.972
...............................................................................
