----------------------------------------------- 
  Element       SASA      Sigma Z        Total  
     Z         Ang**2 cal/Ang**2/mol   kcal/mol 
----------------------------------------------- 
      H        141.087      48.690       6.870
      C         37.187     129.740       4.825
      O         30.537       0.000       0.000

 Subtotal:     208.812                  11.694
 -----------------------------------------------

  Elements    COT*SASA   Sigma Z,Z'     Total   
    Z,Z'       Ang**2  cal/Ang**2/mol kcal/mol  
 ---------------------------------------------- 
  H   C         95.122     -60.770      -5.781
  H   O          0.000       0.000       0.000
  C   C         27.391     -72.950      -1.998
  O   C         16.532      68.690       1.136
  O   O          0.000       0.000       0.000

 Subtotal:                              -6.643
 ---------------------------------------------- 

 NONAQUEOUS SOLVENT CONTRIBUTION (kcal/mol):
 (proportional to SASA, atomic number independent)
 ---------------------------------------------- 
 Subtotal:                               0.000
 ---------------------------------------------- 

 CDS TOTAL (kcal/mol):                   5.051
...............................................................................
