2025-04-11 15:54:35,916 -   censo.qm_processor   -   INFO   - worker2567408:Running xtb_gsolv calculation in /srv/scratch/z5358697/.automated/6009/0_PRESCREENING/CONF2/xtb_gsolv.
2025-04-11 15:54:35,932 -   censo.qm_processor   -   INFO   - worker2567409:Running xtb_gsolv calculation in /srv/scratch/z5358697/.automated/6009/0_PRESCREENING/CONF3/xtb_gsolv.
2025-04-11 15:54:35,965 -   censo.qm_processor   -   INFO   - worker2567430:Running xtb_gsolv calculation in /srv/scratch/z5358697/.automated/6009/0_PRESCREENING/CONF12/xtb_gsolv.
2025-04-11 15:54:36,030 -   censo.qm_processor   -   INFO   - worker2567410:Running xtb_gsolv calculation in /srv/scratch/z5358697/.automated/6009/0_PRESCREENING/CONF4/xtb_gsolv.
2025-04-11 15:54:36,040 -   censo.qm_processor   -   INFO   - worker2567407:Running xtb_gsolv calculation in /srv/scratch/z5358697/.automated/6009/0_PRESCREENING/CONF1/xtb_gsolv.
2025-04-11 15:54:36,045 -   censo.qm_processor   -   INFO   - worker2567416:Running xtb_gsolv calculation in /srv/scratch/z5358697/.automated/6009/0_PRESCREENING/CONF8/xtb_gsolv.
2025-04-11 15:54:36,052 -   censo.qm_processor   -   INFO   - worker2567414:Running xtb_gsolv calculation in /srv/scratch/z5358697/.automated/6009/0_PRESCREENING/CONF7/xtb_gsolv.
2025-04-11 15:54:36,059 -   censo.qm_processor   -   INFO   - worker2567412:Running xtb_gsolv calculation in /srv/scratch/z5358697/.automated/6009/0_PRESCREENING/CONF5/xtb_gsolv.
2025-04-11 15:54:36,063 -   censo.qm_processor   -   INFO   - worker2567419:Running xtb_gsolv calculation in /srv/scratch/z5358697/.automated/6009/0_PRESCREENING/CONF9/xtb_gsolv.
2025-04-11 15:54:36,075 -   censo.qm_processor   -   INFO   - worker2567423:Running xtb_gsolv calculation in /srv/scratch/z5358697/.automated/6009/0_PRESCREENING/CONF10/xtb_gsolv.
2025-04-11 15:54:36,085 -   censo.qm_processor   -   INFO   - worker2567413:Running xtb_gsolv calculation in /srv/scratch/z5358697/.automated/6009/0_PRESCREENING/CONF6/xtb_gsolv.
2025-04-11 15:54:36,136 -   censo.qm_processor   -   INFO   - worker2567426:Running xtb_gsolv calculation in /srv/scratch/z5358697/.automated/6009/0_PRESCREENING/CONF11/xtb_gsolv.
2025-04-11 15:54:36,141 -   censo.qm_processor   -   INFO   - worker2567435:Running xtb_gsolv calculation in /srv/scratch/z5358697/.automated/6009/0_PRESCREENING/CONF14/xtb_gsolv.
2025-04-11 15:54:36,149 -   censo.qm_processor   -   INFO   - worker2567432:Running xtb_gsolv calculation in /srv/scratch/z5358697/.automated/6009/0_PRESCREENING/CONF13/xtb_gsolv.
2025-04-11 15:54:36,178 -   censo.qm_processor   -   INFO   - worker2567437:Running xtb_gsolv calculation in /srv/scratch/z5358697/.automated/6009/0_PRESCREENING/CONF15/xtb_gsolv.
2025-04-11 15:54:36,203 -   censo.qm_processor   -   INFO   - worker2567438:Running xtb_gsolv calculation in /srv/scratch/z5358697/.automated/6009/0_PRESCREENING/CONF16/xtb_gsolv.
2025-04-11 15:54:36,381 -   censo.qm_processor   -   INFO   - worker2567408:Running xtb_gsolv calculation in /srv/scratch/z5358697/.automated/6009/0_PRESCREENING/CONF17/xtb_gsolv.
2025-04-11 15:54:36,538 -     censo.parallel     -   INFO   - All jobs executed successfully.
2025-04-11 15:54:36,568 -   censo.qm_processor   -   INFO   - worker2567534:Running sp calculation in /srv/scratch/z5358697/.automated/6009/0_PRESCREENING/CONF1/sp.
2025-04-11 15:54:36,571 -   censo.qm_processor   -   INFO   - worker2567535:Running sp calculation in /srv/scratch/z5358697/.automated/6009/0_PRESCREENING/CONF2/sp.
2025-04-11 15:54:36,579 -   censo.qm_processor   -   INFO   - worker2567537:Running sp calculation in /srv/scratch/z5358697/.automated/6009/0_PRESCREENING/CONF3/sp.
2025-04-11 15:54:36,591 -   censo.qm_processor   -   INFO   - worker2567539:Running sp calculation in /srv/scratch/z5358697/.automated/6009/0_PRESCREENING/CONF4/sp.
2025-04-11 15:54:36,602 -   censo.qm_processor   -   INFO   - worker2567545:Running sp calculation in /srv/scratch/z5358697/.automated/6009/0_PRESCREENING/CONF6/sp.
2025-04-11 15:54:36,619 -   censo.qm_processor   -   INFO   - worker2567542:Running sp calculation in /srv/scratch/z5358697/.automated/6009/0_PRESCREENING/CONF5/sp.
2025-04-11 15:54:36,627 -   censo.qm_processor   -   INFO   - worker2567547:Running sp calculation in /srv/scratch/z5358697/.automated/6009/0_PRESCREENING/CONF7/sp.
2025-04-11 15:54:36,635 -   censo.qm_processor   -   INFO   - worker2567550:Running sp calculation in /srv/scratch/z5358697/.automated/6009/0_PRESCREENING/CONF8/sp.
2025-04-11 15:54:36,639 -   censo.qm_processor   -   INFO   - worker2567553:Running sp calculation in /srv/scratch/z5358697/.automated/6009/0_PRESCREENING/CONF9/sp.
2025-04-11 15:54:36,643 -   censo.qm_processor   -   INFO   - worker2567555:Running sp calculation in /srv/scratch/z5358697/.automated/6009/0_PRESCREENING/CONF10/sp.
2025-04-11 15:54:36,648 -   censo.qm_processor   -   INFO   - worker2567556:Running sp calculation in /srv/scratch/z5358697/.automated/6009/0_PRESCREENING/CONF11/sp.
2025-04-11 15:54:36,655 -   censo.qm_processor   -   INFO   - worker2567558:Running sp calculation in /srv/scratch/z5358697/.automated/6009/0_PRESCREENING/CONF12/sp.
2025-04-11 15:54:36,663 -   censo.qm_processor   -   INFO   - worker2567561:Running sp calculation in /srv/scratch/z5358697/.automated/6009/0_PRESCREENING/CONF13/sp.
2025-04-11 15:54:36,671 -   censo.qm_processor   -   INFO   - worker2567568:Running sp calculation in /srv/scratch/z5358697/.automated/6009/0_PRESCREENING/CONF14/sp.
2025-04-11 15:54:36,679 -   censo.qm_processor   -   INFO   - worker2567564:Running sp calculation in /srv/scratch/z5358697/.automated/6009/0_PRESCREENING/CONF15/sp.
2025-04-11 15:54:36,683 -   censo.qm_processor   -   INFO   - worker2567570:Running sp calculation in /srv/scratch/z5358697/.automated/6009/0_PRESCREENING/CONF16/sp.
2025-04-11 15:54:43,629 -   censo.qm_processor   -   INFO   - worker2567534:Running sp calculation in /srv/scratch/z5358697/.automated/6009/0_PRESCREENING/CONF17/sp.
2025-04-11 15:54:50,569 -     censo.parallel     -   INFO   - All jobs executed successfully.
2025-04-11 15:54:50,668 -   censo.qm_processor   -   INFO   - worker2567766:Running gsolv calculation in /srv/scratch/z5358697/.automated/6009/1_SCREENING/CONF6/gsolv.
2025-04-11 15:54:50,682 -   censo.qm_processor   -   INFO   - worker2567771:Running gsolv calculation in /srv/scratch/z5358697/.automated/6009/1_SCREENING/CONF3/gsolv.
2025-04-11 15:54:50,696 -   censo.qm_processor   -   INFO   - worker2567770:Running gsolv calculation in /srv/scratch/z5358697/.automated/6009/1_SCREENING/CONF2/gsolv.
2025-04-11 15:54:50,706 -   censo.qm_processor   -   INFO   - worker2567767:Running gsolv calculation in /srv/scratch/z5358697/.automated/6009/1_SCREENING/CONF10/gsolv.
2025-04-11 15:54:50,713 -   censo.qm_processor   -   INFO   - worker2567769:Running gsolv calculation in /srv/scratch/z5358697/.automated/6009/1_SCREENING/CONF1/gsolv.
2025-04-11 15:54:50,729 -   censo.qm_processor   -   INFO   - worker2567765:Running gsolv calculation in /srv/scratch/z5358697/.automated/6009/1_SCREENING/CONF9/gsolv.
2025-04-11 15:54:50,871 -   censo.qm_processor   -   INFO   - worker2567768:Running gsolv calculation in /srv/scratch/z5358697/.automated/6009/1_SCREENING/CONF5/gsolv.
2025-04-11 15:54:50,890 -   censo.qm_processor   -   INFO   - worker2567779:Running gsolv calculation in /srv/scratch/z5358697/.automated/6009/1_SCREENING/CONF8/gsolv.
2025-04-11 15:54:50,905 -   censo.qm_processor   -   INFO   - worker2567775:Running gsolv calculation in /srv/scratch/z5358697/.automated/6009/1_SCREENING/CONF4/gsolv.
2025-04-11 15:54:50,932 -   censo.qm_processor   -   INFO   - worker2567773:Running gsolv calculation in /srv/scratch/z5358697/.automated/6009/1_SCREENING/CONF7/gsolv.
2025-04-11 15:54:50,949 -   censo.qm_processor   -   INFO   - worker2567794:Running gsolv calculation in /srv/scratch/z5358697/.automated/6009/1_SCREENING/CONF14/gsolv.
2025-04-11 15:54:50,955 -   censo.qm_processor   -   INFO   - worker2567792:Running gsolv calculation in /srv/scratch/z5358697/.automated/6009/1_SCREENING/CONF13/gsolv.
2025-04-11 15:54:50,975 -   censo.qm_processor   -   INFO   - worker2567790:Running gsolv calculation in /srv/scratch/z5358697/.automated/6009/1_SCREENING/CONF16/gsolv.
2025-04-11 15:54:50,983 -   censo.qm_processor   -   INFO   - worker2567795:Running gsolv calculation in /srv/scratch/z5358697/.automated/6009/1_SCREENING/CONF15/gsolv.
2025-04-11 15:54:50,995 -   censo.qm_processor   -   INFO   - worker2567788:Running gsolv calculation in /srv/scratch/z5358697/.automated/6009/1_SCREENING/CONF12/gsolv.
2025-04-11 15:54:51,006 -   censo.qm_processor   -   INFO   - worker2567783:Running gsolv calculation in /srv/scratch/z5358697/.automated/6009/1_SCREENING/CONF11/gsolv.
2025-04-11 15:55:36,859 -     censo.parallel     -   INFO   - All jobs executed successfully.
2025-04-11 15:55:36,963 -   censo.qm_processor   -   INFO   - worker2568173:Running xtb_opt calculation in /srv/scratch/z5358697/.automated/6009/2_OPTIMIZATION/CONF1/xtb_opt.
2025-04-11 15:55:36,980 -   censo.qm_processor   -   INFO   - worker2568183:Running xtb_opt calculation in /srv/scratch/z5358697/.automated/6009/2_OPTIMIZATION/CONF3/xtb_opt.
2025-04-11 15:55:36,995 -   censo.qm_processor   -   INFO   - worker2568174:Running xtb_opt calculation in /srv/scratch/z5358697/.automated/6009/2_OPTIMIZATION/CONF7/xtb_opt.
2025-04-11 15:55:37,013 -   censo.qm_processor   -   INFO   - worker2568187:Running xtb_opt calculation in /srv/scratch/z5358697/.automated/6009/2_OPTIMIZATION/CONF10/xtb_opt.
2025-04-11 15:55:37,030 -   censo.qm_processor   -   INFO   - worker2568172:Running xtb_opt calculation in /srv/scratch/z5358697/.automated/6009/2_OPTIMIZATION/CONF2/xtb_opt.
2025-04-11 15:55:37,046 -   censo.qm_processor   -   INFO   - worker2568192:Running xtb_opt calculation in /srv/scratch/z5358697/.automated/6009/2_OPTIMIZATION/CONF14/xtb_opt.
2025-04-11 15:55:37,047 -   censo.qm_processor   -   INFO   - worker2568203:Running xtb_opt calculation in /srv/scratch/z5358697/.automated/6009/2_OPTIMIZATION/CONF12/xtb_opt.
2025-04-11 15:55:37,051 -   censo.qm_processor   -   INFO   - worker2568197:Running xtb_opt calculation in /srv/scratch/z5358697/.automated/6009/2_OPTIMIZATION/CONF13/xtb_opt.
2025-04-11 15:55:37,067 -   censo.qm_processor   -   INFO   - worker2568176:Running xtb_opt calculation in /srv/scratch/z5358697/.automated/6009/2_OPTIMIZATION/CONF6/xtb_opt.
2025-04-11 15:55:37,164 -   censo.qm_processor   -   INFO   - worker2568190:Running xtb_opt calculation in /srv/scratch/z5358697/.automated/6009/2_OPTIMIZATION/CONF8/xtb_opt.
2025-04-11 15:55:37,180 -   censo.qm_processor   -   INFO   - worker2568189:Running xtb_opt calculation in /srv/scratch/z5358697/.automated/6009/2_OPTIMIZATION/CONF9/xtb_opt.
2025-04-11 15:55:37,332 -   censo.qm_processor   -   INFO   - worker2568195:Running xtb_opt calculation in /srv/scratch/z5358697/.automated/6009/2_OPTIMIZATION/CONF15/xtb_opt.
2025-04-11 15:55:37,348 -   censo.qm_processor   -   INFO   - worker2568179:Running xtb_opt calculation in /srv/scratch/z5358697/.automated/6009/2_OPTIMIZATION/CONF5/xtb_opt.
2025-04-11 15:55:37,365 -   censo.qm_processor   -   INFO   - worker2568194:Running xtb_opt calculation in /srv/scratch/z5358697/.automated/6009/2_OPTIMIZATION/CONF11/xtb_opt.
2025-04-11 15:55:37,371 -   censo.qm_processor   -   INFO   - worker2568207:Running xtb_opt calculation in /srv/scratch/z5358697/.automated/6009/2_OPTIMIZATION/CONF16/xtb_opt.
2025-04-11 15:55:37,376 -   censo.qm_processor   -   INFO   - worker2568177:Running xtb_opt calculation in /srv/scratch/z5358697/.automated/6009/2_OPTIMIZATION/CONF4/xtb_opt.
2025-04-11 15:59:18,136 -     censo.parallel     -   INFO   - All jobs executed successfully.
2025-04-11 15:59:18,169 -   censo.qm_processor   -   INFO   - worker2572563:Running xtb_rrho calculation in /srv/scratch/z5358697/.automated/6009/2_OPTIMIZATION/CONF2/xtb_rrho.
2025-04-11 15:59:18,179 -   censo.qm_processor   -   INFO   - worker2572564:Running xtb_rrho calculation in /srv/scratch/z5358697/.automated/6009/2_OPTIMIZATION/CONF1/xtb_rrho.
2025-04-11 15:59:18,192 -   censo.qm_processor   -   INFO   - worker2572565:Running xtb_rrho calculation in /srv/scratch/z5358697/.automated/6009/2_OPTIMIZATION/CONF7/xtb_rrho.
2025-04-11 15:59:18,199 -   censo.qm_processor   -   INFO   - worker2572566:Running xtb_rrho calculation in /srv/scratch/z5358697/.automated/6009/2_OPTIMIZATION/CONF6/xtb_rrho.
2025-04-11 15:59:18,207 -   censo.qm_processor   -   INFO   - worker2572568:Running xtb_rrho calculation in /srv/scratch/z5358697/.automated/6009/2_OPTIMIZATION/CONF4/xtb_rrho.
2025-04-11 15:59:18,217 -   censo.qm_processor   -   INFO   - worker2572571:Running xtb_rrho calculation in /srv/scratch/z5358697/.automated/6009/2_OPTIMIZATION/CONF5/xtb_rrho.
2025-04-11 15:59:18,224 -   censo.qm_processor   -   INFO   - worker2572574:Running xtb_rrho calculation in /srv/scratch/z5358697/.automated/6009/2_OPTIMIZATION/CONF10/xtb_rrho.
2025-04-11 15:59:18,234 -   censo.qm_processor   -   INFO   - worker2572576:Running xtb_rrho calculation in /srv/scratch/z5358697/.automated/6009/2_OPTIMIZATION/CONF3/xtb_rrho.
2025-04-11 15:59:18,240 -   censo.qm_processor   -   INFO   - worker2572578:Running xtb_rrho calculation in /srv/scratch/z5358697/.automated/6009/2_OPTIMIZATION/CONF9/xtb_rrho.
2025-04-11 15:59:18,247 -   censo.qm_processor   -   INFO   - worker2572579:Running xtb_rrho calculation in /srv/scratch/z5358697/.automated/6009/2_OPTIMIZATION/CONF8/xtb_rrho.
2025-04-11 15:59:18,255 -   censo.qm_processor   -   INFO   - worker2572581:Running xtb_rrho calculation in /srv/scratch/z5358697/.automated/6009/2_OPTIMIZATION/CONF14/xtb_rrho.
2025-04-11 15:59:18,266 -   censo.qm_processor   -   INFO   - worker2572583:Running xtb_rrho calculation in /srv/scratch/z5358697/.automated/6009/2_OPTIMIZATION/CONF15/xtb_rrho.
2025-04-11 15:59:18,275 -   censo.qm_processor   -   INFO   - worker2572585:Running xtb_rrho calculation in /srv/scratch/z5358697/.automated/6009/2_OPTIMIZATION/CONF16/xtb_rrho.
2025-04-11 15:59:18,283 -   censo.qm_processor   -   INFO   - worker2572586:Running xtb_rrho calculation in /srv/scratch/z5358697/.automated/6009/2_OPTIMIZATION/CONF11/xtb_rrho.
2025-04-11 15:59:18,291 -   censo.qm_processor   -   INFO   - worker2572582:Running xtb_rrho calculation in /srv/scratch/z5358697/.automated/6009/2_OPTIMIZATION/CONF13/xtb_rrho.
2025-04-11 15:59:18,295 -   censo.qm_processor   -   INFO   - worker2572587:Running xtb_rrho calculation in /srv/scratch/z5358697/.automated/6009/2_OPTIMIZATION/CONF12/xtb_rrho.
2025-04-11 15:59:21,246 -     censo.parallel     -   INFO   - All jobs executed successfully.
2025-04-11 15:59:21,246 -censo.ensembleopt.optimization-   INFO   - Threshold: 2.06 kcal/mol
2025-04-11 15:59:21,276 -   censo.qm_processor   -   INFO   - worker2572673:Running xtb_opt calculation in /srv/scratch/z5358697/.automated/6009/2_OPTIMIZATION/CONF7/xtb_opt.
2025-04-11 15:59:21,277 -   censo.qm_processor   -   INFO   - worker2572675:Running xtb_opt calculation in /srv/scratch/z5358697/.automated/6009/2_OPTIMIZATION/CONF6/xtb_opt.
2025-04-11 15:59:21,279 -   censo.qm_processor   -   INFO   - worker2572676:Running xtb_opt calculation in /srv/scratch/z5358697/.automated/6009/2_OPTIMIZATION/CONF10/xtb_opt.
2025-04-11 15:59:21,280 -   censo.qm_processor   -   INFO   - worker2572674:Running xtb_opt calculation in /srv/scratch/z5358697/.automated/6009/2_OPTIMIZATION/CONF9/xtb_opt.
2025-04-11 15:59:21,281 -   censo.qm_processor   -   INFO   - worker2572679:Running xtb_opt calculation in /srv/scratch/z5358697/.automated/6009/2_OPTIMIZATION/CONF8/xtb_opt.
2025-04-11 15:59:21,283 -   censo.qm_processor   -   INFO   - worker2572678:Running xtb_opt calculation in /srv/scratch/z5358697/.automated/6009/2_OPTIMIZATION/CONF16/xtb_opt.
2025-04-11 16:00:44,504 -     censo.parallel     -   INFO   - All jobs executed successfully.
2025-04-11 16:00:44,505 -censo.ensembleopt.optimization-   INFO   - Threshold: 1.50 kcal/mol
2025-04-11 16:00:44,535 -   censo.qm_processor   -   INFO   - worker2575522:Running xtb_rrho calculation in /srv/scratch/z5358697/.automated/6009/2_OPTIMIZATION/CONF1/xtb_rrho.
2025-04-11 16:00:44,535 -   censo.qm_processor   -   INFO   - worker2575521:Running xtb_rrho calculation in /srv/scratch/z5358697/.automated/6009/2_OPTIMIZATION/CONF2/xtb_rrho.
2025-04-11 16:00:44,537 -   censo.qm_processor   -   INFO   - worker2575524:Running xtb_rrho calculation in /srv/scratch/z5358697/.automated/6009/2_OPTIMIZATION/CONF7/xtb_rrho.
2025-04-11 16:00:44,538 -   censo.qm_processor   -   INFO   - worker2575523:Running xtb_rrho calculation in /srv/scratch/z5358697/.automated/6009/2_OPTIMIZATION/CONF6/xtb_rrho.
2025-04-11 16:00:44,538 -   censo.qm_processor   -   INFO   - worker2575525:Running xtb_rrho calculation in /srv/scratch/z5358697/.automated/6009/2_OPTIMIZATION/CONF4/xtb_rrho.
2025-04-11 16:00:44,539 -   censo.qm_processor   -   INFO   - worker2575527:Running xtb_rrho calculation in /srv/scratch/z5358697/.automated/6009/2_OPTIMIZATION/CONF5/xtb_rrho.
2025-04-11 16:00:44,539 -   censo.qm_processor   -   INFO   - worker2575530:Running xtb_rrho calculation in /srv/scratch/z5358697/.automated/6009/2_OPTIMIZATION/CONF3/xtb_rrho.
2025-04-11 16:00:44,540 -   censo.qm_processor   -   INFO   - worker2575535:Running xtb_rrho calculation in /srv/scratch/z5358697/.automated/6009/2_OPTIMIZATION/CONF10/xtb_rrho.
2025-04-11 16:00:44,540 -   censo.qm_processor   -   INFO   - worker2575540:Running xtb_rrho calculation in /srv/scratch/z5358697/.automated/6009/2_OPTIMIZATION/CONF9/xtb_rrho.
2025-04-11 16:00:44,540 -   censo.qm_processor   -   INFO   - worker2575543:Running xtb_rrho calculation in /srv/scratch/z5358697/.automated/6009/2_OPTIMIZATION/CONF8/xtb_rrho.
2025-04-11 16:00:46,028 -     censo.parallel     -   INFO   - All jobs executed successfully.
