----------------------------------------------- 
  Element       SASA      Sigma Z        Total  
     Z         Ang**2 cal/Ang**2/mol   kcal/mol 
----------------------------------------------- 
      H        142.305      48.690       6.929
      C         36.385     129.740       4.721
      O         30.929       0.000       0.000

 Subtotal:     209.619                  11.649
 -----------------------------------------------

  Elements    COT*SASA   Sigma Z,Z'     Total   
    Z,Z'       Ang**2  cal/Ang**2/mol kcal/mol  
 ---------------------------------------------- 
  H   C         95.665     -60.770      -5.814
  H   O          0.000       0.000       0.000
  C   C         26.850     -72.950      -1.959
  O   C         15.535      68.690       1.067
  O   O          0.000       0.000       0.000

 Subtotal:                              -6.705
 ---------------------------------------------- 

 NONAQUEOUS SOLVENT CONTRIBUTION (kcal/mol):
 (proportional to SASA, atomic number independent)
 ---------------------------------------------- 
 Subtotal:                               0.000
 ---------------------------------------------- 

 CDS TOTAL (kcal/mol):                   4.944
...............................................................................
