----------------------------------------------- 
  Element       SASA      Sigma Z        Total  
     Z         Ang**2 cal/Ang**2/mol   kcal/mol 
----------------------------------------------- 
      H         81.381      48.690       3.962
      C         17.350     129.740       2.251
      N          3.091       0.000       0.000
      O         49.657       0.000       0.000

 Subtotal:     151.478                   6.213
 -----------------------------------------------

  Elements    COT*SASA   Sigma Z,Z'     Total   
    Z,Z'       Ang**2  cal/Ang**2/mol kcal/mol  
 ---------------------------------------------- 
  H   C         54.850     -60.770      -3.333
  H   O          0.000       0.000       0.000
  C   C         13.183     -72.950      -0.962
  O   C          0.000      68.690       0.000
  O   O          0.000       0.000       0.000
  C   N          1.718       0.000       0.000
  N   C         10.008     -48.220      -0.483
  N  C(3)        0.000      84.100       0.000
  O   N         29.749     121.980       3.629

 Subtotal:                              -1.149
 ---------------------------------------------- 

 NONAQUEOUS SOLVENT CONTRIBUTION (kcal/mol):
 (proportional to SASA, atomic number independent)
 ---------------------------------------------- 
 Subtotal:                               0.000
 ---------------------------------------------- 

 CDS TOTAL (kcal/mol):                   5.065
...............................................................................
