17
 energy: -657.271089339098 gnorm: 0.002165795269 xtb: 6.7.1 (edcfbbe)
C            3.12637033996085       -0.77960225939520        0.13510581309637
C            1.91769562792840        0.08669852792922        0.48156925586489
C            1.03055738148434        0.34404789058060       -0.73623871941258
C           -0.15340694875110        1.27502845814603       -0.46753382012963
C           -1.11386068321354        0.81576674414475        0.60610685082732
Cl          -1.90731137955782       -0.79996733294855        0.16306486900376
H            2.80782045099895       -1.76056128837865       -0.23536197776529
H            3.76578290247658       -0.94219403171290        1.00855079012394
H            3.73444266952678       -0.30894235823759       -0.64552681403216
H            1.33750864611161       -0.40726095724491        1.27082547490001
H            2.25396981615679        1.04770570693280        0.89367822978189
H            0.66101642385319       -0.61268300731410       -1.12582552684004
H            1.64004415238148        0.79010883983068       -1.53160611903200
H           -0.70841902687653        1.45262639349832       -1.39549451822110
H            0.22099815283608        2.25194725832428       -0.12913610468567
H           -0.62947778736949        0.64315446351083        1.56910509599010
H           -1.94289064607906        1.51217235808019        0.73380903262745
17
 energy: -657.271101500058 gnorm: 0.001135378653 xtb: 6.7.1 (edcfbbe)
C            3.12741643697885       -0.77913704106729        0.13479503560579
C            1.91786010806529        0.08541153188262        0.48106665104829
C            1.03038435652292        0.34331719159484       -0.73619708427972
C           -0.15369988529430        1.27333876725802       -0.46757774828062
C           -1.11548326671492        0.81609802436004        0.60532312721204
Cl          -1.91032926182439       -0.79911779176389        0.16884684459663
H            2.81132219783648       -1.75975791629440       -0.23852323724383
H            3.76590839269894       -0.94358359237572        1.00865598469089
H            3.73720302394683       -0.30686022036291       -0.64354625659583
H            1.33797824666147       -0.40880529350792        1.27033609789352
H            2.25299902893828        1.04614871177566        0.89434587288255
H            0.66243826438953       -0.61353259715985       -1.12743883706739
H            1.63930065537784        0.79023685686492       -1.53191271628337
H           -0.70753896367348        1.45322495192590       -1.39573037063050
H            0.22006781892361        2.25031742339336       -0.12767188716864
H           -0.63193818000133        0.64570953717573        1.56836313905894
H           -1.94304858185136        1.51503731837145        0.73195700139672
17
 energy: -657.271108781602 gnorm: 0.001193584268 xtb: 6.7.1 (edcfbbe)
C            3.12987966077086       -0.77743047472026        0.13363770467369
C            1.91750440324018        0.08181757774071        0.48032406252635
C            1.02927149939352        0.34022316409175       -0.73600116510171
C           -0.15433393006205        1.26930314231774       -0.46758964385482
C           -1.11805839320441        0.81748342032492        0.60548414356041
Cl          -1.91483927625604       -0.79556021271945        0.17849681465691
H            2.81965863939485       -1.75660639057644       -0.24860751158293
H            3.76484271745538       -0.94708139040431        1.00933220519577
H            3.74376420495617       -0.29872060152371       -0.63778796442273
H            1.33835725370713       -0.41462448157190        1.26885499308445
H            2.24956664898220        1.04237188260708        0.89633920276615
H            0.66378967035992       -0.61685456569177       -1.12998052280559
H            1.63719491031789        0.78874175364531       -1.53221218895567
H           -0.70588560884121        1.45272928465235       -1.39643173922855
H            0.21909093192860        2.24624233554479       -0.12563016929291
H           -0.63599324875613        0.65459795720207        1.56990295504109
H           -1.94296879608854        1.52141482925877        0.72695983100819
17
 energy: -657.271112944455 gnorm: 0.000521519311 xtb: 6.7.1 (edcfbbe)
C            3.13022610797763       -0.77685331462754        0.13346918950315
C            1.91675293249813        0.08094017548120        0.48062860415730
C            1.02894361627055        0.33953562865720       -0.73605802021336
C           -0.15387753632858        1.27007661133182       -0.46782839241116
C           -1.11770720072026        0.81835861802676        0.60558355714995
Cl          -1.91380310554388       -0.79545897171789        0.17993420283548
H            2.82050202629950       -1.75508373364543       -0.25157085996284
H            3.76399977579199       -0.94808688019517        1.00965350000607
H            3.74433793547273       -0.29553039593933       -0.63609779704153
H            1.33768966443625       -0.41703353109281        1.26828743992068
H            2.24793445776967        1.04163047230073        0.89722245652202
H            0.66214285490839       -0.61736837458520       -1.12895133339031
H            1.63748446490399        0.78707014486864       -1.53212319743341
H           -0.70617678405571        1.45191106801133       -1.39653131731472
H            0.22096983096422        2.24680763627291       -0.12747988715496
H           -0.63552530885439        0.65568131271821        1.57042576251027
H           -1.94305217394961        1.52145112169901        0.72652691411078
17
 energy: -657.271112944455 gnorm: 0.000521519311 xtb: 6.7.1 (edcfbbe)
C            3.13022610797763       -0.77685331462754        0.13346918950315
C            1.91675293249813        0.08094017548120        0.48062860415730
C            1.02894361627055        0.33953562865720       -0.73605802021336
C           -0.15387753632858        1.27007661133182       -0.46782839241116
C           -1.11770720072026        0.81835861802676        0.60558355714995
Cl          -1.91380310554388       -0.79545897171789        0.17993420283548
H            2.82050202629950       -1.75508373364543       -0.25157085996284
H            3.76399977579199       -0.94808688019517        1.00965350000607
H            3.74433793547273       -0.29553039593933       -0.63609779704153
H            1.33768966443625       -0.41703353109281        1.26828743992068
H            2.24793445776967        1.04163047230073        0.89722245652202
H            0.66214285490839       -0.61736837458520       -1.12895133339031
H            1.63748446490399        0.78707014486864       -1.53212319743341
H           -0.70617678405571        1.45191106801133       -1.39653131731472
H            0.22096983096422        2.24680763627291       -0.12747988715496
H           -0.63552530885439        0.65568131271821        1.57042576251027
H           -1.94305217394961        1.52145112169901        0.72652691411078
