----------------------------------------------- 
  Element       SASA      Sigma Z        Total  
     Z         Ang**2 cal/Ang**2/mol   kcal/mol 
----------------------------------------------- 
      H        141.277      48.690       6.879
      C         37.124     129.740       4.817
      O         29.553       0.000       0.000

 Subtotal:     207.955                  11.695
 -----------------------------------------------

  Elements    COT*SASA   Sigma Z,Z'     Total   
    Z,Z'       Ang**2  cal/Ang**2/mol kcal/mol  
 ---------------------------------------------- 
  H   C         95.241     -60.770      -5.788
  H   O          0.000       0.000       0.000
  C   C         26.980     -72.950      -1.968
  O   C         16.550      68.690       1.137
  O   O          0.000       0.000       0.000

 Subtotal:                              -6.619
 ---------------------------------------------- 

 NONAQUEOUS SOLVENT CONTRIBUTION (kcal/mol):
 (proportional to SASA, atomic number independent)
 ---------------------------------------------- 
 Subtotal:                               0.000
 ---------------------------------------------- 

 CDS TOTAL (kcal/mol):                   5.076
...............................................................................
