----------------------------------------------- 
  Element       SASA      Sigma Z        Total  
     Z         Ang**2 cal/Ang**2/mol   kcal/mol 
----------------------------------------------- 
      H        141.901      48.690       6.909
      C         36.104     129.740       4.684
      O         30.510       0.000       0.000

 Subtotal:     208.515                  11.593
 -----------------------------------------------

  Elements    COT*SASA   Sigma Z,Z'     Total   
    Z,Z'       Ang**2  cal/Ang**2/mol kcal/mol  
 ---------------------------------------------- 
  H   C         95.664     -60.770      -5.814
  H   O          0.000       0.000       0.000
  C   C         27.333     -72.950      -1.994
  O   C         17.120      68.690       1.176
  O   O          0.000       0.000       0.000

 Subtotal:                              -6.632
 ---------------------------------------------- 

 NONAQUEOUS SOLVENT CONTRIBUTION (kcal/mol):
 (proportional to SASA, atomic number independent)
 ---------------------------------------------- 
 Subtotal:                               0.000
 ---------------------------------------------- 

 CDS TOTAL (kcal/mol):                   4.962
...............................................................................
