33
 energy: -897.804935677707 gnorm: 0.036616396262 xtb: 6.7.1 (edcfbbe)
C           -4.62652581085014       -1.14768250190857       -0.08807437713903
C           -3.83868391740102       -2.28920419801441       -0.14181891596284
C           -2.46055886089034       -2.18037935406618       -0.12625508025595
C           -1.84495827021755       -0.93225070981310       -0.05726935692538
C           -2.64091607117026        0.21767012089646       -0.00330900010147
C           -4.02942553828554        0.09678150414289       -0.01918731300850
C           -2.03160849670026        1.55179484128764        0.06955479403082
O           -2.71909354910490        2.56984920093877        0.11993239875315
C           -0.55955221734795        1.61059370661370        0.07925479023512
C            0.01830127710811        2.86675899287034        0.14388716886376
C            1.40421293242224        3.00696614153247        0.15701602266958
C            2.20814615497849        1.90031153574208        0.10611944404702
C            1.66165600083632        0.59493181696363        0.03954097001752
C            0.24068438630665        0.44486835039713        0.02530875291121
C           -0.37033381066410       -0.86418069268294       -0.04351619181928
O            0.28131250502466       -1.92321589655223       -0.09143651874052
N            2.46282182309134       -0.47434417811019       -0.00909435940403
C            3.90276092962942       -0.45031888099955       -0.00422672950187
C            4.44790530447098       -1.87643386093150       -0.06180406902739
O            5.85705517599542       -1.79593550219583       -0.06353155332815
H           -5.70193460562668       -1.22952492744483       -0.10009259614435
H           -4.29976765850534       -3.26290534584588       -0.19590919898681
H           -1.83009527111096       -3.05624115035430       -0.16717007767408
H           -4.61730963694605        1.00175706564391        0.02369808291050
H           -0.63146735217982        3.72744819865173        0.18318890728118
H            1.84050017251557        3.99209345626900        0.20739679599190
H            3.27881465255293        2.01407299039249        0.11622658895150
H            1.99285354058309       -1.37585920750968       -0.05798251362569
H            4.28370146579822        0.02875604091274        0.90474535470092
H            4.28907105260060        0.10161421194503       -0.86880330698499
H            4.08661161991089       -2.36956344435002       -0.97378350993151
H            4.09252872311351       -2.44033678278138        0.81040557505911
H            6.23179141456147       -2.68606063819026       -0.09577725394244
33
 energy: -897.806544199445 gnorm: 0.012251738917 xtb: 6.7.1 (edcfbbe)
C           -4.64108799280819       -1.15026473743705       -0.08822954509909
C           -3.84950494144857       -2.29660331964225       -0.14239223263842
C           -2.46722462939198       -2.19036512331582       -0.12692342859214
C           -1.85442867559941       -0.93802556535604       -0.05777950544504
C           -2.65252459219830        0.21464709271586       -0.00335981911320
C           -4.04402532497723        0.09818120594061       -0.01890104995455
C           -2.03359773274004        1.54823868690184        0.06938153187653
O           -2.72525829608749        2.56907501620517        0.12002085387313
C           -0.55560809761477        1.61768989436917        0.07945896941455
C            0.02249818610429        2.87517885014343        0.14445240658620
C            1.41313429678820        3.00650884597743        0.15693811641417
C            2.22217714699522        1.89675573763456        0.10567852980595
C            1.67072222146335        0.59058055425205        0.03935543252435
C            0.24415969759109        0.44648672863137        0.02499641796874
C           -0.37608172331067       -0.86145633839452       -0.04346844820785
O            0.28006689183348       -1.92409413196164       -0.09190963385093
N            2.47579138913935       -0.48331060904248       -0.00913384247470
C            3.92178485740733       -0.44483417876495       -0.00354390117634
C            4.44564595307651       -1.87455645767983       -0.06165098703095
O            5.86577665780677       -1.78593783630570       -0.06297105620314
H           -5.72114542086574       -1.23327024815608       -0.10029454256393
H           -4.31298139121938       -3.27449284968551       -0.19657367094221
H           -1.84024816459935       -3.07266775846312       -0.16807307397946
H           -4.63933374408762        1.00238741134401        0.02360126253271
H           -0.62149370601349        3.74427334639087        0.18428646281835
H            1.85647568816345        3.99401389863555        0.20742236494911
H            3.29783259892607        2.01287778684706        0.11582378781806
H            2.00278826550405       -1.38232268681348       -0.05789208926122
H            4.30005869933814        0.04064234892614        0.90568434927376
H            4.30528870485520        0.11363288783013       -0.86780164006625
H            4.07749503316794       -2.36821183721495       -0.97275565251875
H            4.08347160026472       -2.43920457440369        0.80960325801498
H            6.22787737437798       -2.67972090622577       -0.09581582191238
33
 energy: -897.806820006588 gnorm: 0.003930429276 xtb: 6.7.1 (edcfbbe)
C           -4.65139149251701       -1.15097478975309       -0.08807819959649
C           -3.85881819492920       -2.29939503047106       -0.14252855507567
C           -2.47446551761174       -2.19537138912424       -0.12734488912318
C           -1.86265114412005       -0.94097160800719       -0.05817714122823
C           -2.66122022135278        0.21352304313805       -0.00341758912247
C           -4.05444120177284        0.09948188025087       -0.01871253895220
C           -2.03600213028233        1.54651800827180        0.06919109249781
O           -2.72807067770472        2.56908624927909        0.11984630616697
C           -0.55471804262506        1.62201279066874        0.07953348051901
C            0.02443276689010        2.87980181402409        0.14475171528786
C            1.41753436158076        3.00420041367340        0.15671354918321
C            2.22796071165713        1.89301173402911        0.10514976986565
C            1.67297779757708        0.58752346279376        0.03906723232711
C            0.24358495775809        0.44750484575318        0.02467290421083
C           -0.38219950458076       -0.85888541698811       -0.04392957932998
O            0.27660121437671       -1.92252377866988       -0.09227059750908
N            2.48023395934132       -0.48849395232748       -0.00906020131628
C            3.93073656173283       -0.44302282211302       -0.00302577254385
C            4.45633174804564       -1.86696587040435       -0.06112203230427
O            5.88344418453878       -1.78535881606614       -0.06262770247734
H           -5.73326163180895       -1.23521031521463       -0.10014975026389
H           -4.32443555184270       -3.27840609321709       -0.19687661036462
H           -1.85269265767616       -3.08270736376476       -0.16893187152443
H           -4.65611238739512        1.00092322288491        0.02380126518678
H           -0.61212490759280        3.75581428135635        0.18527128190658
H            1.86725067053820        3.99113593048834        0.20721737099630
H            3.30532728120349        2.01112195330345        0.11525795763869
H            2.00580972687474       -1.38611454288216       -0.05762350544617
H            4.30535046786584        0.04642731034851        0.90642897479357
H            4.31067716001874        0.11976401114502       -0.86692223910471
H            4.08862214710660       -2.36244711603566       -0.97182400835692
H            4.09435697962013       -2.43377405133094        0.80928809007967
H            6.22987816725654       -2.68539581170408       -0.09633359694737
33
 energy: -897.806852191018 gnorm: 0.001947264344 xtb: 6.7.1 (edcfbbe)
C           -4.65422763229074       -1.14961036576006       -0.08782884344558
C           -3.86247421849209       -2.29828478420929       -0.14251241475066
C           -2.47785212380679       -2.19552840070473       -0.12759321279486
C           -1.86540839688927       -0.94138159155080       -0.05840468719822
C           -2.66337493268532        0.21368903524460       -0.00349376443850
C           -4.05683170756688        0.10077173532196       -0.01847849951819
C           -2.03655457461193        1.54623632159667        0.06900300382914
O           -2.72729683329947        2.56942591787838        0.11954336694954
C           -0.55458984863466        1.62138641018296        0.07940848291483
C            0.02476993731571        2.87898660355422        0.14473661937122
C            1.41801574340402        3.00132741079266        0.15645312469259
C            2.22798647163985        1.89000643103116        0.10476933055997
C            1.67300481388485        0.58476121695416        0.03881850861213
C            0.24303204794904        0.44614850739052        0.02447058515866
C           -0.38442646225156       -0.85933252968897       -0.04400634145863
O            0.27422731820280       -1.92290394805932       -0.09254904330046
N            2.48138315197363       -0.49107170373450       -0.00900346219321
C            3.93310999199753       -0.44220246398212       -0.00269719372233
C            4.46066589739788       -1.86426800642122       -0.06091897435025
O            5.88979370234645       -1.78146564355527       -0.06219293837077
H           -5.73603119500196       -1.23396533743849       -0.09972583132692
H           -4.32928850674712       -3.27664839874459       -0.19679673086959
H           -1.85915436021871       -3.08477958064449       -0.16941925330863
H           -4.66057402621839        1.00063762713693        0.02413579398948
H           -0.60827585965819        3.75729743839597        0.18558394130183
H            1.86993654634194        3.98715689100752        0.20691716902825
H            3.30494089107683        2.00926874366745        0.11482117770839
H            2.00755758414965       -1.38899682434255       -0.05752278656243
H            4.30472372242203        0.04907593502579        0.90693824819152
H            4.31021705444404        0.12274478854509       -0.86635260531816
H            4.09693202661217       -2.36092070303453       -0.97219702985101
H            4.10250459134337       -2.43257984625746        0.80970505718435
H            6.23206801747876       -2.68314778678634       -0.09637536297640
33
 energy: -897.806869621064 gnorm: 0.001334928465 xtb: 6.7.1 (edcfbbe)
C           -4.65771230669811       -1.14604395091134       -0.08723965794192
C           -3.86790727405115       -2.29512173424897       -0.14235105233071
C           -2.48317195739395       -2.19435898304646       -0.12788789766531
C           -1.86894109327575       -0.94142877847363       -0.05878876235314
C           -2.66538628614111        0.21440160766229       -0.00355120769942
C           -4.05876292626315        0.10345755468373       -0.01800579096763
C           -2.03703839794196        1.54599114572888        0.06865190433761
O           -2.72547725835270        2.57002894587631        0.11886655139200
C           -0.55480254157564        1.61869978802699        0.07910465429765
C            0.02517722750157        2.87568913623496        0.14453900587971
C            1.41819607757893        2.99615377029463        0.15601702517100
C            2.22668943937183        1.88443581153968        0.10425238428923
C            1.67181561109793        0.57963047832089        0.03853989119927
C            0.24163996685853        0.44289071187177        0.02405929141519
C           -0.38746938696426       -0.86151861489474       -0.04473945185338
O            0.26981120138407       -1.92515843216787       -0.09302403224622
N            2.48116904936442       -0.49547592779675       -0.00887571500221
C            3.93383826860710       -0.44207002245067       -0.00211718130764
C            4.46831212877408       -1.86078103263429       -0.06064168624300
O            5.89943400498435       -1.77161899865492       -0.06134551169899
H           -5.73921187640228       -1.22946941043766       -0.09867679128051
H           -4.33646724819184       -3.27219700731755       -0.19658205238885
H           -1.86826970342953       -3.08573608926223       -0.17017623556769
H           -4.66363119958786        1.00210287574944        0.02487073019331
H           -0.60410042203715        3.75609895364429        0.18567030620535
H            1.87249931787738        3.98036706673420        0.20634665878441
H            3.30287740549640        2.00472288000694        0.11413466148540
H            2.00950167336594       -1.39436887052979       -0.05742172127169
H            4.30172306412378        0.05081629220668        0.90782732551156
H            4.30754798991124        0.12521748945007       -0.86535469708520
H            4.11037570623422       -2.35875639697763       -0.97277299064393
H            4.11567281073846       -2.43114682145394        0.81015939517283
H            6.24058383193203       -2.67361849063514       -0.09625003747600
33
 energy: -897.806877673629 gnorm: 0.001045069811 xtb: 6.7.1 (edcfbbe)
C           -4.65934174972315       -1.14397830379811       -0.08684552657692
C           -3.87048411873562       -2.29367230927125       -0.14231973512001
C           -2.48566715006343       -2.19390463557699       -0.12821298897007
C           -1.87026768048715       -0.94167524255324       -0.05901408342928
C           -2.66582597311257        0.21475886471927       -0.00355954236049
C           -4.05917040496522        0.10493355318662       -0.01768709367609
C           -2.03698644264147        1.54601067932329        0.06845184827033
O           -2.72468149062861        2.57050700072007        0.11841866002633
C           -0.55478376333976        1.61706292427952        0.07888200910562
C            0.02571170653868        2.87380873016322        0.14433857259238
C            1.41864220516664        2.99405291061174        0.15577357038040
C            2.22640590516053        1.88178742170947        0.10400501062592
C            1.67107887713720        0.57708354381366        0.03831820276467
C            0.24101256720890        0.44090587479252        0.02386562995548
C           -0.38867227438565       -0.86336684683093       -0.04461564680935
O            0.26762114168423       -1.92739170955950       -0.09342925735320
N            2.48048776605074       -0.49780407444637       -0.00883524528942
C            3.93283726066323       -0.44231662057757       -0.00176232514591
C            4.47138351025900       -1.85979191433231       -0.06055782490912
O            5.90211068845205       -1.76481167282406       -0.06082481463156
H           -5.74093242906476       -1.22611801009773       -0.09798999156794
H           -4.33966813074565       -3.27042563692413       -0.19650770346673
H           -1.87107340716365       -3.08551793632490       -0.17061976152628
H           -4.66268388046182        1.00451237348027        0.02540776266074
H           -0.60387922661327        3.75399279090049        0.18549533321937
H            1.87318799646932        3.97812172400700        0.20604432841801
H            3.30268602765922        2.00164523286748        0.11390026285100
H            2.01038813093807       -1.39731405819833       -0.05744156153993
H            4.29992267802947        0.05069488032132        0.90839722075556
H            4.30598091345222        0.12555081137652       -0.86481666409289
H            4.11534987714390       -2.35869534605943       -0.97287038228144
H            4.12046013251560       -2.43160173656827        0.80993665302214
H            6.24736872459163       -2.66520733995568       -0.09608650630419
33
 energy: -897.806886411342 gnorm: 0.000950545275 xtb: 6.7.1 (edcfbbe)
C           -4.66496868699989       -1.13867683972078       -0.08566907440592
C           -3.87856362570743       -2.29024184656584       -0.14194068132372
C           -2.49333742472912       -2.19347785799770       -0.12849278403496
C           -1.87476360102023       -0.94269834015479       -0.05958864524451
C           -2.66806294582594        0.21539922205462       -0.00341143170929
C           -4.06158527021629        0.10871411561335       -0.01674877503611
C           -2.03688078291244        1.54553867725525        0.06766654839381
O           -2.72278794890707        2.57131709877760        0.11696729711957
C           -0.55457097591518        1.61351150812149        0.07826683397860
C            0.02754882657610        2.86960860206208        0.14369869698353
C            1.42048919684849        2.98847131565386        0.15522626024692
C            2.22649016379340        1.87478440895691        0.10377301035666
C            1.66956768888179        0.57038574008438        0.03831998545897
C            0.23941588544182        0.43602770995189        0.02313972832657
C           -0.39264240077773       -0.86751821169352       -0.04686917591760
O            0.26167873444605       -1.93267563674195       -0.09434251629323
N            2.47946892806626       -0.50428287157281       -0.00852750943760
C            3.93119249043241       -0.44319363504171       -0.00067431635241
C            4.48052741784075       -1.85668010149868       -0.06036593114815
O            5.91021380662493       -1.74713278793578       -0.05948096838503
H           -5.74692922189355       -1.21767693513432       -0.09592765669989
H           -4.34966617346178       -3.26623870444954       -0.19625507333050
H           -1.87979749041002       -3.08603090522068       -0.17178621792381
H           -4.66171219570401        1.01068522142270        0.02679810748795
H           -0.60263428343813        3.74958672477300        0.18461249834700
H            1.87608984823577        3.97219443396232        0.20539323921692
H            3.30299038670306        1.99340552700383        0.11368099732911
H            2.01302976393605       -1.40510320417226       -0.05741121826496
H            4.29599763158635        0.05064672816835        0.91002897984904
H            4.30265787281648        0.12708473088883       -0.86294014338632
H            4.12941593791722       -2.35799859733558       -0.97335554314615
H            4.13403169997517       -2.43253209230679        0.80935626314847
H            6.26662338136659       -2.64336470790297       -0.09589931466715
33
 energy: -897.806886972986 gnorm: 0.000581993046 xtb: 6.7.1 (edcfbbe)
C           -4.66581951364338       -1.13802922448246       -0.08550499048143
C           -3.87968450384086       -2.28979390034160       -0.14206179958498
C           -2.49445301662158       -2.19351010644123       -0.12912463086968
C           -1.87548823501516       -0.94287741433654       -0.05977656010954
C           -2.66848905491839        0.21536508009126       -0.00366130012993
C           -4.06213141536215        0.10916210011592       -0.01667647579259
C           -2.03669462568627        1.54509778488906        0.06764050236688
O           -2.72249687893700        2.57111838750099        0.11666361597608
C           -0.55451860841911        1.61328873153082        0.07796076160016
C            0.02778921407656        2.86927282231884        0.14341481318358
C            1.42070717728438        2.98773193689497        0.15506764418957
C            2.22652042969101        1.87394442443536        0.10360486677685
C            1.66936210798476        0.56969790175399        0.03782620475425
C            0.23915570331018        0.43557986095271        0.02318214977284
C           -0.39331920949280       -0.86788002060971       -0.04462621366989
O            0.26103551723189       -1.93288294508675       -0.09474391359445
N            2.47961728181885       -0.50511117272938       -0.00859819251213
C            3.93141113981017       -0.44343927364672       -0.00044369286418
C            4.48187645735354       -1.85628937453560       -0.06038523627142
O            5.91108468845872       -1.74508716977879       -0.05927176777724
H           -5.74780786778605       -1.21683314254519       -0.09567867336824
H           -4.35120119046503       -3.26559496736165       -0.19614195926844
H           -1.88131774794991       -3.08628622683875       -0.17204262262999
H           -4.66192703240786        1.01136815078373        0.02715268515792
H           -0.60226228876196        3.74930856836149        0.18448405646992
H            1.87657653390196        3.97133930408479        0.20520264148836
H            3.30301602302581        1.99232431252139        0.11383411396802
H            2.01332272685410       -1.40608540119335       -0.05749043353399
H            4.29568399518012        0.05060312764500        0.91041500877817
H            4.30257481471546        0.12741531145993       -0.86249998636268
H            4.13136252655897       -2.35778630426579       -0.97354891692162
H            4.13581412057581       -2.43277654920602        0.80912964465753
H            6.26922851434280       -2.64051582467034       -0.09605925475579
33
 energy: -897.806886972986 gnorm: 0.000581993046 xtb: 6.7.1 (edcfbbe)
C           -4.66581951364338       -1.13802922448246       -0.08550499048143
C           -3.87968450384086       -2.28979390034160       -0.14206179958498
C           -2.49445301662158       -2.19351010644123       -0.12912463086968
C           -1.87548823501516       -0.94287741433654       -0.05977656010954
C           -2.66848905491839        0.21536508009126       -0.00366130012993
C           -4.06213141536215        0.10916210011592       -0.01667647579259
C           -2.03669462568627        1.54509778488906        0.06764050236688
O           -2.72249687893700        2.57111838750099        0.11666361597608
C           -0.55451860841911        1.61328873153082        0.07796076160016
C            0.02778921407656        2.86927282231884        0.14341481318358
C            1.42070717728438        2.98773193689497        0.15506764418957
C            2.22652042969101        1.87394442443536        0.10360486677685
C            1.66936210798476        0.56969790175399        0.03782620475425
C            0.23915570331018        0.43557986095271        0.02318214977284
C           -0.39331920949280       -0.86788002060971       -0.04462621366989
O            0.26103551723189       -1.93288294508675       -0.09474391359445
N            2.47961728181885       -0.50511117272938       -0.00859819251213
C            3.93141113981017       -0.44343927364672       -0.00044369286418
C            4.48187645735354       -1.85628937453560       -0.06038523627142
O            5.91108468845872       -1.74508716977879       -0.05927176777724
H           -5.74780786778605       -1.21683314254519       -0.09567867336824
H           -4.35120119046503       -3.26559496736165       -0.19614195926844
H           -1.88131774794991       -3.08628622683875       -0.17204262262999
H           -4.66192703240786        1.01136815078373        0.02715268515792
H           -0.60226228876196        3.74930856836149        0.18448405646992
H            1.87657653390196        3.97133930408479        0.20520264148836
H            3.30301602302581        1.99232431252139        0.11383411396802
H            2.01332272685410       -1.40608540119335       -0.05749043353399
H            4.29568399518012        0.05060312764500        0.91041500877817
H            4.30257481471546        0.12741531145993       -0.86249998636268
H            4.13136252655897       -2.35778630426579       -0.97354891692162
H            4.13581412057581       -2.43277654920602        0.80912964465753
H            6.26922851434280       -2.64051582467034       -0.09605925475579
