----------------------------------------------- 
  Element       SASA      Sigma Z        Total  
     Z         Ang**2 cal/Ang**2/mol   kcal/mol 
----------------------------------------------- 
      H        161.605      48.690       7.869
      C         30.766     129.740       3.992
      N          6.327       0.000       0.000

 Subtotal:     198.698                  11.860
 -----------------------------------------------

  Elements    COT*SASA   Sigma Z,Z'     Total   
    Z,Z'       Ang**2  cal/Ang**2/mol kcal/mol  
 ---------------------------------------------- 
  H   C        101.981     -60.770      -6.197
  C   C         19.871     -72.950      -1.450
  C   N          0.664       0.000       0.000
  N   C         45.288     -48.220      -2.184
  N  C(3)        0.000      84.100       0.000

 Subtotal:                              -9.831
 ---------------------------------------------- 

 NONAQUEOUS SOLVENT CONTRIBUTION (kcal/mol):
 (proportional to SASA, atomic number independent)
 ---------------------------------------------- 
 Subtotal:                               0.000
 ---------------------------------------------- 

 CDS TOTAL (kcal/mol):                   2.029
...............................................................................
