----------------------------------------------- 
  Element       SASA      Sigma Z        Total  
     Z         Ang**2 cal/Ang**2/mol   kcal/mol 
----------------------------------------------- 
      H        144.768      48.690       7.049
      C         36.020     129.740       4.673
      O         30.769       0.000       0.000

 Subtotal:     211.557                  11.722
 -----------------------------------------------

  Elements    COT*SASA   Sigma Z,Z'     Total   
    Z,Z'       Ang**2  cal/Ang**2/mol kcal/mol  
 ---------------------------------------------- 
  H   C         97.298     -60.770      -5.913
  H   O          0.000       0.000       0.000
  C   C         26.185     -72.950      -1.910
  O   C         16.653      68.690       1.144
  O   O          0.000       0.000       0.000

 Subtotal:                              -6.679
 ---------------------------------------------- 

 NONAQUEOUS SOLVENT CONTRIBUTION (kcal/mol):
 (proportional to SASA, atomic number independent)
 ---------------------------------------------- 
 Subtotal:                               0.000
 ---------------------------------------------- 

 CDS TOTAL (kcal/mol):                   5.043
...............................................................................
