20
 energy: -27.120990735502 gnorm: 0.035230669822 xtb: 6.7.1 (edcfbbe)
C           -2.53072707405015       -1.00866929014148        0.93269833123903
C           -2.58146218143802        0.07602502435702       -0.13916808924629
C           -1.30302642133924        0.11458712592084       -0.98058327160063
C           -0.10217647292958        0.50129864316921       -0.16177166052608
O           -0.08309654553969        1.41559786880350        0.64824931864988
O            0.97095989792778       -0.26438837092135       -0.42880412482837
C            2.20014786144410        0.06043954937008        0.29792509453688
C            3.25430229191955       -0.91733678365629       -0.15341592782748
H           -3.45803076353136       -1.03389259881639        1.51312453717113
H           -2.38744058269839       -1.99672340618100        0.48162855409895
H           -1.70467010820562       -0.83659932604095        1.63276362663439
H           -2.74134571247053        1.05695068545029        0.32148810530265
H           -3.42666660813229       -0.10210294575960       -0.81222180575276
H           -1.39188003407148        0.87131096489495       -1.77139873507643
H           -1.12262621779066       -0.84876372441485       -1.46540221687552
H            2.47282185884706        1.09457623936247        0.06723922664023
H            1.99588301128319       -0.02225571771956        1.36964568079389
H            2.95872228592704       -1.94615918251867        0.07120250236352
H            3.44157697582722       -0.82733810293492       -1.22732700007086
H            4.18743401447970       -0.70512309611099        0.37689916485027
20
 energy: -27.122195889169 gnorm: 0.013232483960 xtb: 6.7.1 (edcfbbe)
C           -2.52747053538209       -1.00853691499591        0.92661337704508
C           -2.57959209790158        0.07486813639576       -0.14093557731683
C           -1.29841129342809        0.11042494738185       -0.97694106226225
C           -0.10165787803646        0.50321137781776       -0.15419719019292
O           -0.07959651677126        1.41301127101207        0.64974874514656
O            0.96409208015016       -0.25415817260796       -0.41917806297771
C            2.19161910108534        0.05548228469693        0.29201921780514
C            3.25792182071630       -0.91884463613532       -0.15315011304550
H           -3.45276887104424       -1.02518427477767        1.49999796451813
H           -2.38452252790887       -1.98966586277130        0.47457133676029
H           -1.70414355912016       -0.82591884769986        1.61806991023246
H           -2.72418038137062        1.05018127117072        0.33066376255774
H           -3.42591323648690       -0.10794391323197       -0.80684459729881
H           -1.39676818370703        0.86480143371713       -1.76396651379921
H           -1.10662530300457       -0.85461907657196       -1.44838696647713
H            2.45929694464845        1.09074762915692        0.06373605551691
H            1.98600160007976       -0.02203354568489        1.36318566395681
H            2.95374184674507       -1.93972541010034        0.06669254201148
H            3.43160829388746       -0.82855627263688       -1.22309015930592
H            4.18606817230794       -0.70610786802276        0.37416297760207
20
 energy: -27.122419191754 gnorm: 0.004158275201 xtb: 6.7.1 (edcfbbe)
C           -2.52396136982611       -1.01081682890256        0.92510536727125
C           -2.57428287559700        0.07427915370030       -0.14209911277001
C           -1.29277491004063        0.10714051004039       -0.97816611984268
C           -0.09944364309957        0.50756337507775       -0.15130228249853
O           -0.07827754736069        1.41581353469713        0.65236933198999
O            0.96010045293938       -0.24764772557457       -0.41242943420894
C            2.18225355482934        0.05539903657582        0.29096423882304
C            3.25096457156261       -0.92066513860972       -0.15603054556331
H           -3.44875989783761       -1.02431271458023        1.49471250198628
H           -2.38120408537446       -1.98824664607946        0.47180955530167
H           -1.70207004403349       -0.82517539055840        1.61330363214678
H           -2.70721838509369        1.04749947231966        0.33395463248679
H           -3.42091947213240       -0.10464969144866       -0.80545322020825
H           -1.39547080871571        0.85660652035009       -1.76624450698193
H           -1.09212880889280       -0.86087969101461       -1.43654063038031
H            2.45412301619706        1.09098058431428        0.06541934069539
H            1.98244039009487       -0.01996152942438        1.36415959752112
H            2.94262042244029       -1.93796330095105        0.06323121832270
H            3.41798362123888       -0.82832048158260       -1.22452906483204
H            4.17472529416034       -0.70520949223686        0.37053681121738
20
 energy: -27.122454128201 gnorm: 0.001695657007 xtb: 6.7.1 (edcfbbe)
C           -2.52204824962292       -1.01258371085106        0.92413231815682
C           -2.57211654392981        0.07481478960300       -0.14226598662748
C           -1.29076852395779        0.10560517625537       -0.97904211061882
C           -0.09913618137626        0.51086181295090       -0.15057031212607
O           -0.08019317065447        1.42183012568751        0.65130428153720
O            0.95942092708167       -0.24438315817921       -0.40876622332430
C            2.17922351040765        0.05690999489529        0.29234235885795
C            3.24612705135391       -0.92153304629107       -0.15760139940225
H           -3.44723908412270       -1.02629642327722        1.49308028655481
H           -2.37915342020100       -1.98934906201001        0.46933043573243
H           -1.70024315263308       -0.82742517729987        1.61263855097669
H           -2.70032852775259        1.04765091493716        0.33544068372735
H           -3.41995533141935       -0.10032879101083       -0.80456276362021
H           -1.39402842972793        0.84998458458897       -1.77125057600903
H           -1.08601299016404       -0.86477052897219       -1.42996732972815
H            2.45553076868355        1.09239683008984        0.06879275209152
H            1.98407017580094       -0.01852099822944        1.36699160238676
H            2.93518431568081       -1.93810912871091        0.06184733459465
H            3.40980408179444       -0.82812602593070       -1.22662702137068
H            4.17056225021754       -0.70719462213321        0.36752442868720
20
 energy: -27.122471221803 gnorm: 0.002119264858 xtb: 6.7.1 (edcfbbe)
C           -2.52015596462972       -1.01545485041724        0.92210964639246
C           -2.56934892925687        0.07596395200043       -0.14143278024185
C           -1.28886877011495        0.10356668733296       -0.97959291796036
C           -0.09887640964027        0.51861978351741       -0.15216917369979
O           -0.08450904890282        1.43486693157004        0.64530130748784
O            0.95977493831956       -0.23857228827142       -0.40316628243510
C            2.17763783021865        0.06006039342921        0.29625841128739
C            3.23950401654344       -0.92275396725046       -0.15923913020420
H           -3.44581097732890       -1.03158299904450        1.49118855210945
H           -2.37692240082881       -1.99121972126949        0.46378646580295
H           -1.69801275321585       -0.83311467905747        1.61190201659140
H           -2.69190020317047        1.04822692795941        0.33910595939958
H           -3.41994717371338       -0.09281652750915       -0.80192873449050
H           -1.39283898830615        0.83839017230173       -1.78056461614283
H           -1.07949788816723       -0.87094708452678       -1.41942064913489
H            2.46022830994116        1.09511630035104        0.07536289732041
H            1.98798661116853       -0.01635282106613        1.37246564667570
H            2.92430781400628       -1.93859214637866        0.06034401739283
H            3.39825276930106       -0.82847056856866       -1.22949408118135
H            4.16769669323535       -0.71349993898996        0.36195475550726
20
 energy: -27.122475689022 gnorm: 0.001246870872 xtb: 6.7.1 (edcfbbe)
C           -2.52050170449747       -1.01583048890769        0.92153424869751
C           -2.56919772469431        0.07630740630102       -0.14079710444347
C           -1.28900929486364        0.10327541489527       -0.97908766374975
C           -0.09913398622421        0.51937685270283       -0.15239604586766
O           -0.08439779620822        1.43753530536280        0.64243735320940
O            0.95990957227662       -0.23819589379583       -0.40242539764353
C            2.17863511174234        0.06057150795652        0.29688604166221
C            3.23948977510016       -0.92269103373414       -0.15904997038144
H           -3.44605167860369       -1.03246794887941        1.49076162378948
H           -2.37761888807860       -1.99124678745073        0.46234952867746
H           -1.69829011151179       -0.83472986822341        1.61158266791145
H           -2.69136519537686        1.04836887434444        0.34041113969426
H           -3.42011764563151       -0.09149081302999       -0.80126029390296
H           -1.39304627526010        0.83684813142584       -1.78128521089067
H           -1.08010095368447       -0.87177777125013       -1.41798812759924
H            2.46082740608903        1.09550205854622        0.07574146118632
H            1.98853408092546       -0.01616287007719        1.37283764980968
H            2.92385871728399       -1.93833022535987        0.06072227697270
H            3.39768736350462       -0.82876407739755       -1.22938397674301
H            4.16858870317123       -0.71466421731669        0.36118111008764
20
 energy: -27.122479617285 gnorm: 0.001169549410 xtb: 6.7.1 (edcfbbe)
C           -2.52165825670644       -1.01794286260615        0.91964626659442
C           -2.56815192591739        0.07733093742447       -0.13829713862727
C           -1.28900459741379        0.10215200292557       -0.97757833079275
C           -0.09869737405814        0.52400405529593       -0.15531674325529
O           -0.08273859367546        1.44752874517053        0.63209734824085
O            0.95988172529263       -0.23720242126204       -0.39966765555400
C            2.18101379839012        0.06191282037056        0.29904919955597
C            3.23894354555645       -0.92276525907781       -0.15828596552986
H           -3.44685909022302       -1.03539565910135        1.48920839935919
H           -2.38086041595320       -1.99183655210552        0.45684454133008
H           -1.69893224740551       -0.84154407133381        1.61017379639533
H           -2.68737540159322        1.04847730921153        0.34583842893676
H           -3.42056254188237       -0.08597482539858       -0.79823713858363
H           -1.39451461547982        0.83141131391384       -1.78358194423528
H           -1.08081475453955       -0.87493027686871       -1.41248035222387
H            2.46200109208720        1.09635808318071        0.07646000524444
H            1.98999407291561       -0.01496548554543        1.37443577170356
H            2.92179502425842       -1.93754344736425        0.06250850971122
H            3.39478027548378       -0.83000829179555       -1.22890861264642
H            4.17045975632226       -0.71763255892162        0.35886292485292
20
 energy: -27.122481577232 gnorm: 0.000518622500 xtb: 6.7.1 (edcfbbe)
C           -2.52189481623199       -1.01861725124900        0.91947661946066
C           -2.56772414395703        0.07764644362489       -0.13792332534777
C           -1.28874072062030        0.10198956693076       -0.97779751832836
C           -0.09854808292242        0.52365028352899       -0.15506007736179
O           -0.08160713103282        1.44918176852709        0.63034949051537
O            0.95929358830732       -0.23823870971062       -0.39867944156500
C            2.18039195665408        0.06190330361579        0.29890468554212
C            3.23868223225692       -0.92277332808604       -0.15825750514410
H           -3.44703047108443       -1.03534078111647        1.48916206052942
H           -2.38220065796607       -1.99229575656665        0.45591612037889
H           -1.69877378249855       -0.84334197859088        1.60979125796359
H           -2.68544556753487        1.04854086523434        0.34697025863091
H           -3.42042976830241       -0.08422334564626       -0.79769854709979
H           -1.39445462044331        0.83098703465422       -1.78392669738788
H           -1.08013372223920       -0.87535169657766       -1.41178991141131
H            2.46115609835239        1.09638481637902        0.07568847963848
H            1.99037326548969       -0.01425957796536        1.37461658472098
H            2.92183544101013       -1.93750806883704        0.06321166622165
H            3.39406075024252       -0.83035341013273       -1.22899272926506
H            4.16988962797893       -0.71654662190406        0.35880983978537
20
 energy: -27.122483757044 gnorm: 0.000436184522 xtb: 6.7.1 (edcfbbe)
C           -2.52251357171332       -1.02019695785478        0.91901561121856
C           -2.56703721194304        0.07828126784556       -0.13670414480446
C           -1.28870578035606        0.10190721740497       -0.97812791113588
C           -0.09756676779865        0.52446242657565       -0.15691587150435
O           -0.07897386295022        1.45289406587515        0.62546771090384
O            0.95817792428764       -0.24087255884361       -0.39674982548910
C            2.17943731372990        0.06142866375291        0.29892636998442
C            3.23875085165438       -0.92280959606912       -0.15757369712138
H           -3.44720589848780       -1.03519101921498        1.48951855049239
H           -2.38597384341537       -1.99341649809837        0.45352043010899
H           -1.69811195441736       -0.84809978582160        1.60862391599992
H           -2.68168022705612        1.04854737653970        0.35001012657806
H           -3.42076652372788       -0.08039752251710       -0.79577873586526
H           -1.39567389542299        0.83065764970888       -1.78415056281565
H           -1.07989509929763       -0.87564387011572       -1.41125398166754
H            2.45916136770656        1.09588799559384        0.07368402000497
H            1.99114623047676       -0.01280375216173        1.37518195969156
H            2.92313393353918       -1.93760085143048        0.06551109778427
H            3.39345978507715       -0.83148380138348       -1.22854501306024
H            4.16953670557344       -0.71411689367339        0.35911126117328
20
 energy: -27.122483538512 gnorm: 0.001277014587 xtb: 6.7.1 (edcfbbe)
C           -2.52312176215693       -1.02174814482208        0.91856827819961
C           -2.56636297771481        0.07890127212568       -0.13551123577939
C           -1.28866679972659        0.10182623097476       -0.97845321667636
C           -0.09659848689469        0.52526203224367       -0.15873757717176
O           -0.07638672026973        1.45652672000715        0.62069607990099
O            0.95708418845464       -0.24345355741959       -0.39486439101365
C            2.17849711521005        0.06096388472080        0.29894476779780
C            3.23881452184467       -0.92284687545575       -0.15690634627523
H           -3.44738482126362       -1.03504379128629        1.48986490759269
H           -2.38966996738124       -1.99451900767848        0.45117952798761
H           -1.69746918938941       -0.85276067074007        1.60748860989194
H           -2.67798530756557        1.04855232258673        0.35298494797580
H           -3.42109350267125       -0.07664783201710       -0.79390118255872
H           -1.39686659150204        0.83033528014421       -1.78436889430647
H           -1.07964740614848       -0.87592939563341       -1.41072566222154
H            2.45720657956885        1.09540114390356        0.07171559141871
H            1.99190179113798       -0.01137246735175        1.37573539435595
H            2.92439939699143       -1.93769344807085        0.06776033106449
H            3.39286849780800       -0.83258844383116       -1.22810930466470
H            4.16918091712734       -0.71173169628770        0.35941068495861
20
 energy: -27.122485541427 gnorm: 0.000643282743 xtb: 6.7.1 (edcfbbe)
C           -2.52330904257579       -1.02216005299529        0.91793272524661
C           -2.56611295227124        0.07931926777049       -0.13477635823643
C           -1.28899497394560        0.10173644070225       -0.97826992601974
C           -0.09690818120635        0.52553949529924       -0.15904446351399
O           -0.07601285400707        1.45924665588385        0.61719291937408
O            0.95685552542275       -0.24407231747150       -0.39358318045212
C            2.17898796907539        0.06105381695750        0.29945160557059
C            3.23896767557634       -0.92274110198664       -0.15648710741978
H           -3.44705712102143       -1.03548438983421        1.49004064946718
H           -2.39106693112557       -1.99458343895418        0.44951113814185
H           -1.69702097722382       -0.85490480581394        1.60650137022540
H           -2.67709542663439        1.04866310876928        0.35460969477701
H           -3.42134701882076       -0.07510733539660       -0.79288354351055
H           -1.39738080371057        0.82965649451500       -1.78483947126193
H           -1.08077066686048       -0.87639404857552       -1.41027274719802
H            2.45694176930077        1.09544490859617        0.07160455079765
H            1.99255334524064       -0.01117025063536        1.37615396391444
H            2.92490573803751       -1.93754172226803        0.06881133542505
H            3.39255456133898       -0.83320261929867       -1.22778879993746
H            4.17000984086929       -0.71186454915152        0.35890695508653
20
 energy: -27.122486804196 gnorm: 0.000149117760 xtb: 6.7.1 (edcfbbe)
C           -2.52316024205400       -1.02306028217718        0.91709164095107
C           -2.56570793971911        0.07990395785933       -0.13360546548434
C           -1.28957614491978        0.10185666982623       -0.97838334694865
C           -0.09683016780233        0.52632260674220       -0.16070101263313
O           -0.07477899203991        1.46301084079279        0.61151697889711
O            0.95609811913213       -0.24588488612753       -0.39157031822211
C            2.17885306376774        0.06061296320616        0.30017424999511
C            3.23914486459792       -0.92268098843933       -0.15555757675294
H           -3.44572533676732       -1.03554681330051        1.49110124466738
H           -2.39390786687858       -1.99500254766247        0.44690769548461
H           -1.69518346974577       -0.85887550670501        1.60433950327926
H           -2.67514015735941        1.04873381177133        0.35723338984534
H           -3.42196578846377       -0.07252480071619       -0.79092189679065
H           -1.39878600678764        0.82960328281306       -1.78508502581394
H           -1.08239335197003       -0.87648177403144       -1.41058382736646
H            2.45557279784787        1.09499380281828        0.07107284160409
H            1.99320879895832       -0.01087265291367        1.37697537475550
H            2.92632937501958       -1.93753189581966        0.07115735041903
H            3.39197060959591       -0.83440781917298       -1.22704573107790
H            4.17067731104675       -0.71073441265110        0.35865524166797
20
 energy: -27.122487486718 gnorm: 0.000193288466 xtb: 6.7.1 (edcfbbe)
C           -2.52259730396335       -1.02425099134820        0.91631761427283
C           -2.56510571766740        0.08045382320510       -0.13242557344570
C           -1.29004055901732        0.10213978790341       -0.97883502440119
C           -0.09660274543125        0.52747044431393       -0.16266757982187
O           -0.07318256913613        1.46754467565392        0.60540391353965
O            0.95500117666715       -0.24789328463918       -0.38939323695019
C            2.17813614797098        0.06000460945384        0.30102936328958
C            3.23892823039272       -0.92276655715617       -0.15458139714236
H           -3.44378807373511       -1.03561071774018        1.49257883184946
H           -2.39677161413726       -1.99570582218011        0.44417953303250
H           -1.69254454860760       -0.86323983607192        1.60183505852519
H           -2.67266214730821        1.04871806542403        0.36000209204358
H           -3.42250646158212       -0.06981537799320       -0.78878055833320
H           -1.40032303101124        0.82971186549223       -1.78557389759108
H           -1.08349605764554       -0.87638210952611       -1.41096602144884
H            2.45381773775112        1.09442317019362        0.07081885259349
H            1.99350037016466       -0.01069480871897        1.37804360138932
H            2.92742675004725       -1.93767684877244        0.07366639877891
H            3.39069850790951       -0.83569322501609       -1.22631352391673
H            4.17081138379772       -0.70930330636521        0.35843286421303
20
 energy: -27.122488072368 gnorm: 0.000200929311 xtb: 6.7.1 (edcfbbe)
C           -2.52119900608469       -1.02543922740077        0.91562467211366
C           -2.56443042396834        0.08087769191608       -0.13138710674410
C           -1.29054779389365        0.10274377957678       -0.97967999926356
C           -0.09641521879434        0.52886844957299       -0.16498304251961
O           -0.07154653425001        1.47219549108936        0.59898931040009
O            0.95364324181337       -0.24976325349783       -0.38734493555961
C            2.17689959841257        0.05914061686614        0.30219603173512
C            3.23829346083952       -0.92296664284025       -0.15353501784356
H           -3.44062190774480       -1.03548317283582        1.49473194959413
H           -2.39916817804137       -1.99646638718720        0.44164872449428
H           -1.68862880442152       -0.86746761772122        1.59878521125826
H           -2.67030006925670        1.04857942013944        0.36252163890353
H           -3.42303149578134       -0.06762115073472       -0.78656181086455
H           -1.40224211878066        0.83029520903742       -1.78622679336923
H           -1.08431826742760       -0.87583272858074       -1.41180873185618
H            2.45173786758703        1.09370039283782        0.07151386678847
H            1.99306377620063       -0.01128963659216        1.37937850108872
H            2.92822545881424       -1.93798802776223        0.07613747871389
H            3.38885185043089       -0.83683194166683       -1.22551030616829
H            4.17043403980531       -0.70781770810396        0.35828166957491
20
 energy: -27.122488545735 gnorm: 0.000150183334 xtb: 6.7.1 (edcfbbe)
C           -2.51948518242210       -1.02609236523171        0.91531454543734
C           -2.56393146597177        0.08094266805123       -0.13092939546557
C           -1.29090912282042        0.10346555710977       -0.98060887356701
C           -0.09642262761262        0.53011051924634       -0.16666625526912
O           -0.07062222630595        1.47546041339347        0.59483622822064
O            0.95254621086781       -0.25071269744182       -0.38618892639105
C            2.17571982695155        0.05830100311893        0.30335236227507
C            3.23750600654723       -0.92319601121728       -0.15286760812290
H           -3.43747805493450       -1.03533840743892        1.49670901571564
H           -2.39984565325510       -1.99694869690996        0.44041168686318
H           -1.68501121150017       -0.86955222988422        1.59646042704201
H           -2.66923954415808        1.04834804042678        0.36366741932229
H           -3.42326113819557       -0.06716213394035       -0.78520509678691
H           -1.40378648334477        0.83113123807245       -1.78685046930761
H           -1.08464642339037       -0.87501011167823       -1.41290716570298
H            2.45019903893971        1.09307624380811        0.07316623009851
H            1.99201825510816       -0.01267760146440        1.38053749959402
H            2.92837040370347       -1.93837163843802        0.07735051432076
H            3.38713737323985       -0.83723439527167       -1.22499176758482
H            4.16984149401217       -0.70710583819818        0.35818093978488
20
 energy: -27.122489116019 gnorm: 0.000102242871 xtb: 6.7.1 (edcfbbe)
C           -2.51697871690447       -1.02645713071974        0.91520025840416
C           -2.56354361832185        0.08076137951843       -0.13084822699319
C           -1.29130073048214        0.10453940281488       -0.98179241186269
C           -0.09662569915331        0.53142353405102       -0.16823005940351
O           -0.06999573858377        1.47845138136440        0.59119185736788
O            0.95130538616483       -0.25136407265507       -0.38524099162166
C            2.17428912965554        0.05725018593284        0.30480243610073
C            3.23638610375494       -0.92352109547412       -0.15232286732702
H           -3.43350404863373       -1.03522960145453        1.49889871743184
H           -2.39908971910614       -1.99731363690684        0.43990599047962
H           -1.68071585283618       -0.87044224605124        1.59425456036015
H           -2.66908881257673        1.04801036971902        0.36399321535830
H           -3.42340348634833       -0.06794416577340       -0.78427393830023
H           -1.40547610370271        0.83254599921597       -1.78749210857654
H           -1.08467443585571       -0.87365349391097       -1.41450750470444
H            2.44857431497257        1.09236556303058        0.07587814275852
H            1.99040102435963       -0.01501768643137        1.38188984097985
H            2.92811320163392       -1.93894243135845        0.07795232435992
H            3.38510964460629       -0.83722341028776       -1.22455115470164
H            4.16891763281590       -0.70680528851135        0.35806323036633
20
 energy: -27.122489724380 gnorm: 0.000118282188 xtb: 6.7.1 (edcfbbe)
C           -2.51387095125578       -1.02671820583392        0.91518771848021
C           -2.56307897463319        0.08040170907763       -0.13089935508078
C           -1.29170820205938        0.10591345540646       -0.98322517294754
C           -0.09697103913096        0.53307791540212       -0.16986085506888
O           -0.06947009740222        1.48200213976530        0.58726929377045
O            0.94980557891607       -0.25194212587929       -0.38409021190869
C            2.17263025962400        0.05595233747646        0.30664502211007
C            3.23493817608774       -0.92395475039835       -0.15184990596423
H           -3.42899108009192       -1.03558131112341        1.50109044867307
H           -2.39685189050952       -1.99759490265915        0.43972622532293
H           -1.67600100827600       -0.87037382673066        1.59218117507548
H           -2.66944755453400        1.04754434525049        0.36397243669068
H           -3.42339374834094       -0.06958812007675       -0.78341584813986
H           -1.40738017513853        0.83435732968935       -1.78826859054693
H           -1.08455675312059       -0.87190549344051       -1.41649427973240
H            2.44670454758766        1.09149247932573        0.07941516986361
H            1.98850849198574       -0.01808999040085        1.38358067770827
H            2.92739571148267       -1.93967991883187        0.07806011296485
H            3.38269669906480       -0.83690529293949       -1.22416231547476
H            4.16774148520286       -0.70697421696697        0.35790956468083
20
 energy: -27.122490432531 gnorm: 0.000159581193 xtb: 6.7.1 (edcfbbe)
C           -2.50983658554549       -1.02683768711781        0.91528273833642
C           -2.56269697351289        0.07986712253778       -0.13112572518270
C           -1.29225979318343        0.10768460822345       -0.98488473465006
C           -0.09742333677112        0.53507144521324       -0.17175453184196
O           -0.06893656404149        1.48603873158897        0.58279297708562
O            0.94797718840326       -0.25259342438815       -0.38267747449728
C            2.17063037460469        0.05433412957719        0.30885661440861
C            3.23312766859584       -0.92455826473757       -0.15136899624617
H           -3.42368925676710       -1.03657004818154        1.50310677195751
H           -2.39265679516291       -1.99774984257737        0.43996668883917
H           -1.67074824182092       -0.86928037750232        1.59049077496088
H           -2.67042843543627        1.04695537263303        0.36355756559218
H           -3.42342868883374       -0.07206401429467       -0.78265477761921
H           -1.40973548848945        0.83681504624655       -1.78899448485338
H           -1.08444040105897       -0.86956546404653       -1.41907037473803
H            2.44447779802835        1.09039824192168        0.08375034795061
H            1.98628118265440       -0.02194691743719        1.38559665562614
H            2.92625381677653       -1.94069666416327        0.07761881618550
H            3.38007077890866       -0.83622397527377       -1.22368798388655
H            4.16616122811053       -0.70764446210939        0.35797044304907
20
 energy: -27.122491426960 gnorm: 0.000209894034 xtb: 6.7.1 (edcfbbe)
C           -2.50449520195402       -1.02694887743471        0.91555297721726
C           -2.56211674586863        0.07908505288589       -0.13133013530018
C           -1.29302161481959        0.11017478659247       -0.98713264157003
C           -0.09801531763925        0.53777308313642       -0.17436040466899
O           -0.06809016305586        1.49159687002926        0.57657253798218
O            0.94543588139474       -0.25363213157322       -0.38068436201948
C            2.16790818797630        0.05203646581987        0.31177609867546
C            3.23072713893136       -0.92540619827432       -0.15078612086113
H           -3.41717691850824       -1.03874801230603        1.50516974168470
H           -2.38559274072848       -1.99780128744857        0.44053574219526
H           -1.66449892053136       -0.86678514989283        1.58902400003934
H           -2.67200637439390        1.04611482899486        0.36299587083117
H           -3.42333377565563       -0.07576048986248       -0.78152370101639
H           -1.41287985475683        0.84040078462108       -1.78984937261795
H           -1.08439933982028       -0.86624489813994       -1.42276698238989
H            2.44140071570143        1.08877884661938        0.08939029009400
H            1.98340491298308       -0.02714850637563        1.38828114823360
H            2.92446847734603       -1.94213454828747        0.07640649712348
H            3.37709295866249       -0.83494242589834       -1.22301072620480
H            4.16388817019512       -0.70897463709338        0.35851085304876
20
 energy: -27.122493224979 gnorm: 0.000349274813 xtb: 6.7.1 (edcfbbe)
C           -2.49393413947005       -1.02710072790500        0.91611044061188
C           -2.56114135179953        0.07760568912388       -0.13166801994672
C           -1.29462494881224        0.11496174721003       -0.99129689103305
C           -0.09912247702526        0.54298651713089       -0.17946793008094
O           -0.06611729410566        1.50278207348393        0.56384969539381
O            0.94039886909304       -0.25593639848934       -0.37650820256679
C            2.16261382763168        0.04751122432904        0.31734679100906
C            3.22610900223758       -0.92710328138583       -0.14966830878388
H           -3.40501937472738       -1.04390853334865        1.50806055560944
H           -2.37030437052151       -1.99768212847125        0.44171727329400
H           -1.65320388510624       -0.86130468809907        1.58736098906411
H           -2.67511358956731        1.04451761377627        0.36202262967521
H           -3.42329953593566       -0.08276553249918       -0.77934049125675
H           -1.41924130980283        0.84737372748189       -1.79122641607424
H           -1.08465379250436       -0.85980997589821       -1.42993130834211
H            2.43527387619088        1.08555752908757        0.10003358935275
H            1.97805115964741       -0.03714897561893        1.39343099223267
H            2.92070380771199       -1.94503647861452        0.07327930591374
H            3.37205189294865       -0.83195741642164       -1.22155634275772
H            4.15927310937521       -0.71210842875959        0.36022295916190
20
 energy: -27.122495337500 gnorm: 0.000458304983 xtb: 6.7.1 (edcfbbe)
C           -2.47840814647377       -1.02738037820881        0.91711908020498
C           -2.55940131470851        0.07533587694074       -0.13184005882661
C           -1.29703824258392        0.12223226379101       -0.99759989221433
C           -0.10065841169483        0.55081431562053       -0.18745253680534
O           -0.06284912346533        1.51933847408595        0.54432431178192
O            0.93275387754893       -0.25940500919466       -0.37031194204954
C            2.15464836264366        0.04080387485921        0.32540696655938
C            3.21916255436927       -0.92968507794649       -0.14798113580447
H           -3.38777512404029       -1.05283735061735        1.51148760537365
H           -2.34583712848244       -1.99725635940713        0.44360629318474
H           -1.63762244053061       -0.85215164265975        1.58597700988023
H           -2.67956926697167        1.04196383742301        0.36095509876038
H           -3.42293138838428       -0.09327964068598       -0.77562529789322
H           -1.42888562857895        0.85799090306131       -1.79323128984356
H           -1.08512473393885       -0.85004372226128       -1.44079041959515
H            2.42612947285195        1.08069068566870        0.11538827066833
H            1.97022275812083       -0.05174458150714        1.40088857142057
H            2.91440479304989       -1.94937612713487        0.06782262594124
H            3.36553610261792       -0.82707719416866       -1.21914746588395
H            4.15194250410933       -0.71749959154603        0.36377551561714
20
 energy: -27.122495951442 gnorm: 0.000178644744 xtb: 6.7.1 (edcfbbe)
C           -2.47846601560441       -1.02745964596143        0.91694893927900
C           -2.55946122128985        0.07544199345937       -0.13152544181896
C           -1.29720742701268        0.12212679114809       -0.99722094101546
C           -0.10050558572008        0.55083500830209       -0.18768302396265
O           -0.06225122773199        1.51970120578564        0.54320133824099
O            0.93262003027891       -0.25958245523454       -0.36994404603873
C            2.15472762898161        0.04087832751868        0.32520458850068
C            3.21924552733932       -0.92971465090168       -0.14781801508232
H           -3.38828265440068       -1.05368570288524        1.51049545512794
H           -2.34498548669808       -1.99699171076250        0.44311323219905
H           -1.63846946430881       -0.85211848634265        1.58670314919931
H           -2.67939383423506        1.04189336158271        0.36159116791303
H           -3.42300837393089       -0.09281440831650       -0.77529168837428
H           -1.42914268373844        0.85784058437007       -1.79278573981184
H           -1.08573175975874       -0.85014415312854       -1.44063460938336
H            2.42614331554061        1.08058733547770        0.11452592638395
H            1.97057122351063       -0.05107754498423        1.40071047490743
H            2.91407240988082       -1.94931850170850        0.06751566917525
H            3.36636245559372       -0.82692873722569       -1.21884566940778
H            4.15186261876242       -0.71803505408054        0.36451054444512
20
 energy: -27.122496533534 gnorm: 0.000295566287 xtb: 6.7.1 (edcfbbe)
C           -2.47877652980892       -1.02784948429569        0.91689853761602
C           -2.55929268477390        0.07560461244400       -0.13089287452765
C           -1.29736484815644        0.12212282545348       -0.99697289400559
C           -0.10029724553152        0.55093770847796       -0.18804312873303
O           -0.06132264898553        1.52088560978608        0.54130596217356
O            0.93237467244032       -0.26009383809961       -0.36932635215255
C            2.15485534125215        0.04109700703489        0.32481599907276
C            3.21923387888327       -0.92989459839605       -0.14760297527025
H           -3.38947123106283       -1.05563754463204        1.50904167525532
H           -2.34343543524379       -1.99685283474323        0.44254182053864
H           -1.64005360120592       -0.85213192470860        1.58812176512422
H           -2.67879273487138        1.04187525948142        0.36267675022952
H           -3.42299524445199       -0.09191531204058       -0.77459484641769
H           -1.42937339029495        0.85784056896321       -1.79251964326709
H           -1.08638645404064       -0.85022177152802       -1.44049470052738
H            2.42611684136484        1.08057930235572        0.11290275086267
H            1.97125448003000       -0.04975893403874        1.40047674594416
H            2.91322182640618       -1.94940660724663        0.06688371944860
H            3.36780142530713       -0.82668750682733       -1.21838971137965
H            4.15140305820223       -0.71905898132794        0.36594271049180
20
 energy: -27.122496975747 gnorm: 0.000196645936 xtb: 6.7.1 (edcfbbe)
C           -2.47884906683086       -1.02856469313393        0.91686114752063
C           -2.55916493477303        0.07580098064840       -0.13002463086612
C           -1.29760563090515        0.12225109058749       -0.99673169167268
C           -0.09989903153553        0.55158860721416       -0.18902025688026
O           -0.06015832329374        1.52297638212134        0.53853936271914
O            0.93202126897414       -0.26077765022924       -0.36858839190053
C            2.15498495205024        0.04137418758800        0.32434142095636
C            3.21912192420217       -0.93030746608607       -0.14721400458746
H           -3.39087684575470       -1.05854879291156        1.50687888374084
H           -2.34085105769897       -1.99687628024710        0.44178641126419
H           -1.64190507704974       -0.85219545938138        1.59017253761792
H           -2.67785672509336        1.04181673984148        0.36429603733731
H           -3.42331298679192       -0.09064259817956       -0.77348487970443
H           -1.43024608159291        0.85793427338717       -1.79223116890239
H           -1.08684257872260       -0.85014564983695       -1.44024584407185
H            2.42607832442398        1.08055417006782        0.11064420134436
H            1.97211943120049       -0.04781991268720        1.40028474316602
H            2.91154430841610       -1.94965239272443        0.06590060205914
H            3.36981744220088       -0.82639088731270       -1.21763988037620
H            4.15058016403284       -0.72094109261346        0.36824671171241
20
 energy: -27.122496679249 gnorm: 0.000343580349 xtb: 6.7.1 (edcfbbe)
C           -2.47893958309119       -1.02921636416418        0.91682126182178
C           -2.55907465708310        0.07599081307097       -0.12922342263169
C           -1.29783567029234        0.12234899084705       -0.99647704836222
C           -0.09949866380286        0.55219709719959       -0.18996039676351
O           -0.05906661657651        1.52487253347195        0.53600823512239
O            0.93171382459734       -0.26141902252577       -0.36791770316112
C            2.15511794008393        0.04161915885453        0.32390110279754
C            3.21904612818960       -0.93068035333068       -0.14685802721402
H           -3.39221978701775       -1.06123166207251        1.50484432768132
H           -2.33847969382310       -1.99689047775611        0.44108461237114
H           -1.64366237366095       -0.85225450232164        1.59210017459491
H           -2.67701348569936        1.04177599338554        0.36578619770878
H           -3.42363492559631       -0.08944733587303       -0.77246853135170
H           -1.43104856660090        0.85800320555478       -1.79193058203409
H           -1.08729209963245       -0.85009653990257       -1.43999746607706
H            2.42605085615319        1.08051776250721        0.10853966734780
H            1.97293608953317       -0.04602427137252        1.40010790328578
H            2.91004613826112       -1.94987613454565        0.06499466218072
H            3.37170720679910       -0.82610800099779       -1.21695211346957
H            4.14984741471768       -0.72264733391687        0.37036845662920
20
 energy: -27.122497073543 gnorm: 0.000082953062 xtb: 6.7.1 (edcfbbe)
C           -2.47864500162930       -1.02884803175768        0.91689398536327
C           -2.55895564049140        0.07579439958435       -0.12978756536026
C           -1.29762046240795        0.12245267643579       -0.99690875594688
C           -0.10000488480634        0.55180456221643       -0.18909477789073
O           -0.05997665561330        1.52387636461705        0.53759405883456
O            0.93179942640709       -0.26086903688258       -0.36835575894347
C            2.15492076941304        0.04151934905472        0.32424027616038
C            3.21888672418300       -0.93050549898478       -0.14707234260298
H           -3.39090553588396       -1.05941869469565        1.50652365959837
H           -2.33996685030834       -1.99696742248895        0.44161727060737
H           -1.64202098056841       -0.85221358435894        1.59050672595106
H           -2.67744589042304        1.04170442771857        0.36479230277960
H           -3.42325851304847       -0.09043478748622       -0.77309593983298
H           -1.43061664859510        0.85808498572225       -1.79242040249109
H           -1.08668259253814       -0.84995417486980       -1.44027735084391
H            2.42602411226510        1.08063590213317        0.11019138198224
H            1.97220309019641       -0.04733094505784        1.40025158215003
H            2.91065786969847       -1.94976376506750        0.06559918819506
H            3.37016527593489       -0.82637614838021       -1.21738575016072
H            4.15014186367406       -0.72175702133987        0.36895952292746
20
 energy: -27.122497129980 gnorm: 0.000045612856 xtb: 6.7.1 (edcfbbe)
C           -2.47826978469106       -1.02884757680107        0.91690696515133
C           -2.55889477077595        0.07567732677204       -0.12989230361860
C           -1.29759907236351        0.12259316750069       -0.99708150190960
C           -0.10001794967056        0.55216862486417       -0.18932546916325
O           -0.06018005017736        1.52391578728397        0.53778440187575
O            0.93178413670280       -0.26055839357278       -0.36855164630532
C            2.15476221315257        0.04147114734559        0.32444291385033
C            3.21863917668579       -0.93057999473185       -0.14702718288352
H           -3.39018506003174       -1.05910786908561        1.50707636168128
H           -2.34007297140524       -1.99706620917050        0.44170944139045
H           -1.64121511242634       -0.85227311932269        1.58998980085514
H           -2.67756372251072        1.04160554827371        0.36459826392369
H           -3.42320123292798       -0.09081846754318       -0.77310890964979
H           -1.43079522741738        0.85820907376315       -1.79255253929352
H           -1.08648709649242       -0.84976637166398       -1.44047800419771
H            2.42606471299662        1.08060003345604        0.11072698721816
H            1.97181445401157       -0.04766554496350        1.40039460867171
H            2.91044175487639       -1.94983069608696        0.06573499564444
H            3.36968655746998       -0.82648115800513       -1.21737851258242
H            4.14998852045285       -0.72181175219981        0.36880263981782
