----------------------------------------------- 
  Element       SASA      Sigma Z        Total  
     Z         Ang**2 cal/Ang**2/mol   kcal/mol 
----------------------------------------------- 
      H        142.315      48.690       6.929
      C         35.641     129.740       4.624
      O         30.751       0.000       0.000

 Subtotal:     208.706                  11.553
 -----------------------------------------------

  Elements    COT*SASA   Sigma Z,Z'     Total   
    Z,Z'       Ang**2  cal/Ang**2/mol kcal/mol  
 ---------------------------------------------- 
  H   C         95.941     -60.770      -5.830
  H   O          0.000       0.000       0.000
  C   C         27.009     -72.950      -1.970
  O   C         17.314      68.690       1.189
  O   O          0.000       0.000       0.000

 Subtotal:                              -6.611
 ---------------------------------------------- 

 NONAQUEOUS SOLVENT CONTRIBUTION (kcal/mol):
 (proportional to SASA, atomic number independent)
 ---------------------------------------------- 
 Subtotal:                               0.000
 ---------------------------------------------- 

 CDS TOTAL (kcal/mol):                   4.942
...............................................................................
