----------------------------------------------- 
  Element       SASA      Sigma Z        Total  
     Z         Ang**2 cal/Ang**2/mol   kcal/mol 
----------------------------------------------- 
      H        141.553      48.690       6.892
      C        122.906     129.740      15.946
      N          4.972       0.000       0.000
      O         55.741       0.000       0.000

 Subtotal:     325.172                  22.838
 -----------------------------------------------

  Elements    COT*SASA   Sigma Z,Z'     Total   
    Z,Z'       Ang**2  cal/Ang**2/mol kcal/mol  
 ---------------------------------------------- 
  H   C         84.090     -60.770      -5.110
  H   O          9.277       0.000       0.000
  C   C        173.035     -72.950     -12.623
  O   C         22.324      68.690       1.533
  O   O          0.000       0.000       0.000
  C   N          4.336       0.000       0.000
  N   C         26.992     -48.220      -1.302
  N  C(3)        0.000      84.100       0.000
  O   N          0.000     121.980       0.000

 Subtotal:                             -17.501
 ---------------------------------------------- 

 NONAQUEOUS SOLVENT CONTRIBUTION (kcal/mol):
 (proportional to SASA, atomic number independent)
 ---------------------------------------------- 
 Subtotal:                               0.000
 ---------------------------------------------- 

 CDS TOTAL (kcal/mol):                   5.337
...............................................................................
