----------------------------------------------- 
  Element       SASA      Sigma Z        Total  
     Z         Ang**2 cal/Ang**2/mol   kcal/mol 
----------------------------------------------- 
      H        136.570      48.690       6.650
      C         37.040     129.740       4.806
      O         33.155       0.000       0.000

 Subtotal:     206.765                  11.455
 -----------------------------------------------

  Elements    COT*SASA   Sigma Z,Z'     Total   
    Z,Z'       Ang**2  cal/Ang**2/mol kcal/mol  
 ---------------------------------------------- 
  H   C         92.057     -60.770      -5.594
  H   O          0.000       0.000       0.000
  C   C         22.043     -72.950      -1.608
  O   C         18.117      68.690       1.244
  O   O          0.000       0.000       0.000

 Subtotal:                              -5.958
 ---------------------------------------------- 

 NONAQUEOUS SOLVENT CONTRIBUTION (kcal/mol):
 (proportional to SASA, atomic number independent)
 ---------------------------------------------- 
 Subtotal:                               0.000
 ---------------------------------------------- 

 CDS TOTAL (kcal/mol):                   5.497
...............................................................................
