----------------------------------------------- 
  Element       SASA      Sigma Z        Total  
     Z         Ang**2 cal/Ang**2/mol   kcal/mol 
----------------------------------------------- 
      H        144.780      48.690       7.049
      C         35.499     129.740       4.606
      O         32.548       0.000       0.000

 Subtotal:     212.827                  11.655
 -----------------------------------------------

  Elements    COT*SASA   Sigma Z,Z'     Total   
    Z,Z'       Ang**2  cal/Ang**2/mol kcal/mol  
 ---------------------------------------------- 
  H   C         97.329     -60.770      -5.915
  H   O          0.000       0.000       0.000
  C   C         26.375     -72.950      -1.924
  O   C         16.832      68.690       1.156
  O   O          0.000       0.000       0.000

 Subtotal:                              -6.682
 ---------------------------------------------- 

 NONAQUEOUS SOLVENT CONTRIBUTION (kcal/mol):
 (proportional to SASA, atomic number independent)
 ---------------------------------------------- 
 Subtotal:                               0.000
 ---------------------------------------------- 

 CDS TOTAL (kcal/mol):                   4.972
...............................................................................
