----------------------------------------------- 
  Element       SASA      Sigma Z        Total  
     Z         Ang**2 cal/Ang**2/mol   kcal/mol 
----------------------------------------------- 
      H        141.972      48.690       6.913
      C         34.904     129.740       4.528
      O         30.895       0.000       0.000

 Subtotal:     207.771                  11.441
 -----------------------------------------------

  Elements    COT*SASA   Sigma Z,Z'     Total   
    Z,Z'       Ang**2  cal/Ang**2/mol kcal/mol  
 ---------------------------------------------- 
  H   C         95.451     -60.770      -5.801
  H   O          0.000       0.000       0.000
  C   C         26.450     -72.950      -1.930
  O   C         15.498      68.690       1.065
  O   O          0.000       0.000       0.000

 Subtotal:                              -6.666
 ---------------------------------------------- 

 NONAQUEOUS SOLVENT CONTRIBUTION (kcal/mol):
 (proportional to SASA, atomic number independent)
 ---------------------------------------------- 
 Subtotal:                               0.000
 ---------------------------------------------- 

 CDS TOTAL (kcal/mol):                   4.776
...............................................................................
