----------------------------------------------- 
  Element       SASA      Sigma Z        Total  
     Z         Ang**2 cal/Ang**2/mol   kcal/mol 
----------------------------------------------- 
      H        144.746      48.690       7.048
      C         35.539     129.740       4.611
      O         32.526       0.000       0.000

 Subtotal:     212.810                  11.658
 -----------------------------------------------

  Elements    COT*SASA   Sigma Z,Z'     Total   
    Z,Z'       Ang**2  cal/Ang**2/mol kcal/mol  
 ---------------------------------------------- 
  H   C         97.306     -60.770      -5.913
  H   O          0.000       0.000       0.000
  C   C         26.414     -72.950      -1.927
  O   C         16.760      68.690       1.151
  O   O          0.000       0.000       0.000

 Subtotal:                              -6.689
 ---------------------------------------------- 

 NONAQUEOUS SOLVENT CONTRIBUTION (kcal/mol):
 (proportional to SASA, atomic number independent)
 ---------------------------------------------- 
 Subtotal:                               0.000
 ---------------------------------------------- 

 CDS TOTAL (kcal/mol):                   4.970
...............................................................................
