20
 energy: -386.242899029590 gnorm: 0.001512559538 xtb: 6.7.1 (edcfbbe)
C           -3.50319496851874       -0.94883591945353        0.32749483892307
C           -2.18185815563896       -0.26509993886180        0.66111351679609
C           -1.29286442186809       -0.12428662994665       -0.58709985717284
C           -0.00392896422324        0.55615450509833       -0.23252514060921
O            0.09385036907284        1.73841659856042        0.06098984798401
O            1.04296695813783       -0.29034391948738       -0.22923392725454
C            2.33319558502920        0.27283937933294        0.16951595991465
C            3.34095704355687       -0.84892234260762        0.13199843386533
H           -4.12924400459428       -1.04389612668626        1.22013748134017
H           -4.06314824926574       -0.37589190874654       -0.41944127705208
H           -3.33468516098522       -1.95344836254671       -0.07488716991336
H           -1.64240056501639       -0.84234826507325        1.42131465836662
H           -2.36739531429366        0.72938749864400        1.08165789092560
H           -1.80435340638466        0.49471557012589       -1.33200326551301
H           -1.09380568725402       -1.10718486516182       -1.02140833514405
H            2.58882283256349        1.07580120685206       -0.52839802762923
H            2.22813746617361        0.69512134328660        1.17346129350619
H            3.42523305542418       -1.26980163979828       -0.87415840424326
H            4.31965380920242       -0.45598397694569        0.42323376166840
H            3.06917394435641       -1.64604756823547        0.83008128722484
20
 energy: -386.242902191221 gnorm: 0.000737005045 xtb: 6.7.1 (edcfbbe)
C           -3.50312361821151       -0.94869215967265        0.32701615490794
C           -2.18207978905715       -0.26581852840582        0.66113408687473
C           -1.29241655687607       -0.12486405568964       -0.58633664151261
C           -0.00391005621898        0.55519378798835       -0.23062749762192
O            0.09393882824437        1.73827589793237        0.05988761076481
O            1.04256916253200       -0.29079786380148       -0.22618086777309
C            2.33392700748740        0.27304988735379        0.16971102045348
C            3.34058590883488       -0.84829066794991        0.13161644553522
H           -4.12971164264987       -1.04323335430111        1.21926307992836
H           -4.06238789079149       -0.37535878299754       -0.42017575459601
H           -3.33544340280229       -1.95343189864681       -0.07529699328730
H           -1.64309511799067       -0.84281680697798        1.42195948951953
H           -2.36714384590703        0.72900450561243        1.08114964541709
H           -1.80336995728905        0.49471288994393       -1.33113466965167
H           -1.09327094873942       -1.10736539395789       -1.02151166548613
H            2.58724184622787        1.07565706690713       -0.52935556678273
H            2.23001642144810        0.69610364498105        1.17330526793016
H            3.42419679749084       -1.26907428932641       -0.87440974021149
H            4.31985009906691       -0.45670971071488        0.42222686535302
H            3.06873889520632       -1.64519980332714        0.82960332548817
20
 energy: -386.242902191221 gnorm: 0.000737005045 xtb: 6.7.1 (edcfbbe)
C           -3.50312361821151       -0.94869215967265        0.32701615490794
C           -2.18207978905715       -0.26581852840582        0.66113408687473
C           -1.29241655687607       -0.12486405568964       -0.58633664151261
C           -0.00391005621898        0.55519378798835       -0.23062749762192
O            0.09393882824437        1.73827589793237        0.05988761076481
O            1.04256916253200       -0.29079786380148       -0.22618086777309
C            2.33392700748740        0.27304988735379        0.16971102045348
C            3.34058590883488       -0.84829066794991        0.13161644553522
H           -4.12971164264987       -1.04323335430111        1.21926307992836
H           -4.06238789079149       -0.37535878299754       -0.42017575459601
H           -3.33544340280229       -1.95343189864681       -0.07529699328730
H           -1.64309511799067       -0.84281680697798        1.42195948951953
H           -2.36714384590703        0.72900450561243        1.08114964541709
H           -1.80336995728905        0.49471288994393       -1.33113466965167
H           -1.09327094873942       -1.10736539395789       -1.02151166548613
H            2.58724184622787        1.07565706690713       -0.52935556678273
H            2.23001642144810        0.69610364498105        1.17330526793016
H            3.42419679749084       -1.26907428932641       -0.87440974021149
H            4.31985009906691       -0.45670971071488        0.42222686535302
H            3.06873889520632       -1.64519980332714        0.82960332548817
