20
 energy: -27.121305568777 gnorm: 0.034150726506 xtb: 6.7.1 (edcfbbe)
C           -2.07474681539985       -1.41812122340116       -0.43733670805257
C           -2.08458042719039       -0.42737840132111        0.72265548442423
C           -1.47607081161543        0.93260526422750        0.34128577280407
C           -0.06575961787921        0.79749398181586       -0.16035087932316
O            0.30394497037668        1.06626949808693       -1.29285027352803
O            0.75660170021204        0.32784943157033        0.79612650492839
C            2.14882750815448        0.08255199106126        0.42191169561945
C            2.29590713485339       -1.24954988735934       -0.27777760967487
H           -2.54905569638039       -2.36157117928475       -0.14962072528007
H           -2.61574083704155       -1.01747306256666       -1.30192480811030
H           -1.05120411631197       -1.64702821865382       -0.75831588769143
H           -1.54022893435829       -0.84217540854330        1.57732527020330
H           -3.11259915825091       -0.25006583267237        1.05496900675068
H           -1.47034793017696        1.59472894254741        1.21438291701278
H           -2.06207667040861        1.40480497762556       -0.45096993466022
H            2.50059817851863        0.91407186262094       -0.19405182157901
H            2.68120152990676        0.09258439223241        1.37484476861615
H            1.91642740684051       -2.06136793952894        0.34994914830677
H            1.76657937601471       -1.26107894015929       -1.23419264946739
H            3.35759969476875       -1.43332281022353       -0.47186284993429
20
 energy: -27.122451783045 gnorm: 0.014024936298 xtb: 6.7.1 (edcfbbe)
C           -2.07603521033695       -1.41240268762682       -0.43588331922724
C           -2.08067672163378       -0.42709716213327        0.72386416056822
C           -1.47442591768651        0.92839738908510        0.33505315603661
C           -0.06295188402196        0.78228645566261       -0.16346323258162
O            0.30860525095261        1.06278830864232       -1.28423068189735
O            0.75582319009239        0.32263602646212        0.78623351553546
C            2.13962451663495        0.08081948587093        0.42712393627352
C            2.30153356254741       -1.25124855865500       -0.27601559372607
H           -2.54774182173747       -2.34911399434552       -0.14280244098331
H           -2.61635735726211       -1.00722726034840       -1.29083549334023
H           -1.05682958507859       -1.63081565575833       -0.75601611599525
H           -1.52027364862657       -0.84249682365752        1.56448493731434
H           -3.10769614919863       -0.25643832541086        1.05426263734383
H           -1.46271497819092        1.58143522178676        1.21039204412238
H           -2.06205022192575        1.39793972942642       -0.45571714282897
H            2.47888160127172        0.90668328348854       -0.20393643741064
H            2.66710822843378        0.09578047716612        1.38205008032770
H            1.91553588268198       -2.05661173571790        0.34662917697096
H            1.76876125105207       -1.25051865575293       -1.22588772931867
H            3.35715649666472       -1.43096808011045       -0.47110903581918
20
 energy: -27.122672125829 gnorm: 0.004948904160 xtb: 6.7.1 (edcfbbe)
C           -2.07725408141396       -1.41046183393202       -0.43662607735679
C           -2.07453994770689       -0.42787135519620        0.72659167388316
C           -1.47333060834359        0.92737703605528        0.33237385241981
C           -0.05903509974849        0.78283681007819       -0.16382944546059
O            0.31139766557815        1.06041437233038       -1.28420623013202
O            0.75240921841863        0.31652899603992        0.77895258749772
C            2.12980276431491        0.08061964341180        0.43137260147720
C            2.30242681120317       -1.25358326310495       -0.27407847570423
H           -2.54611692596138       -2.34484876622188       -0.14166764179258
H           -2.62194196456229       -1.00078597454363       -1.28334135976911
H           -1.06151567702493       -1.62314124952972       -0.76222248623138
H           -1.50093306877820       -0.84200141656696        1.55699513871747
H           -3.09838283453243       -0.26234971644192        1.06393397589946
H           -1.45897378310725        1.57981557042575        1.20564510980252
H           -2.06091642853736        1.39092908164167       -0.46029419433173
H            2.46780837879288        0.90205533530016       -0.20735549323284
H            2.65436138044073        0.09799147562331        1.38683693648085
H            1.91326336064289       -2.05785083493305        0.34402335478071
H            1.77087365209923       -1.24479528940197       -1.22297227141745
H            3.35587367285854       -1.42705118296024       -0.46593513416570
20
 energy: -27.122718014051 gnorm: 0.001908925306 xtb: 6.7.1 (edcfbbe)
C           -2.07987546987796       -1.40950145370823       -0.43781930654107
C           -2.06978535208767       -0.42864866492524        0.72838481468776
C           -1.47396188761503        0.92803650665283        0.33096361662629
C           -0.05954822107134        0.77966276348136       -0.16676817418835
O            0.31158220259875        1.06427516964958       -1.28647909148133
O            0.74909997869066        0.31158842441565        0.77493468251305
C            2.12540322720920        0.08115424253792        0.43361482298499
C            2.30352456257679       -1.25462488958698       -0.27209126356526
H           -2.54605725608531       -2.34472857678320       -0.14169238653423
H           -2.63094595972931       -0.99718873289461       -1.27930235837203
H           -1.06602152537435       -1.62020080523410       -0.77079956183975
H           -1.48799808863874       -0.84304537280634        1.55275868961817
H           -3.09064754547324       -0.26555966191828        1.07487813209225
H           -1.45787489453455        1.58231851565890        1.20270547575039
H           -2.06205480812422        1.38902092007719       -0.46241748846364
H            2.46601376776371        0.90036141510336       -0.20708500942696
H            2.64937742025984        0.10006161802656        1.38910474020810
H            1.91304225933316       -2.05959230569895        0.34414966544805
H            1.77431471983043       -1.24455407879125       -1.22240007786224
H            3.35768935498154       -1.42500759518224       -0.46044350028970
20
 energy: -27.122755063730 gnorm: 0.004051960502 xtb: 6.7.1 (edcfbbe)
C           -2.08693970691270       -1.40742005137886       -0.43958415321839
C           -2.06049835919778       -0.43096854462060        0.73179342228557
C           -1.47576889657535        0.92850300604668        0.32689287248212
C           -0.05952025977920        0.78506125316659       -0.17041279661108
O            0.31169374013739        1.07703245305259       -1.29008003748332
O            0.74402648892218        0.30627231590805        0.76869744025816
C            2.11982649693746        0.08050844264373        0.43609049224996
C            2.30669279072577       -1.25727049524666       -0.26846716839248
H           -2.54596266962073       -2.34601098820474       -0.14075643450181
H           -2.65351853193061       -0.99175938366859       -1.27037182090423
H           -1.07720696737109       -1.61405709821621       -0.79059354464394
H           -1.46231491483965       -0.84584889319179        1.54451279085047
H           -3.07572737710871       -0.27411645714462        1.09835809218233
H           -1.46134508238994        1.58882829330249        1.19440215308988
H           -2.06725667420930        1.38205749621846       -0.46806301629582
H            2.46650970923558        0.89751163187865       -0.20458729233795
H            2.64219668913828        0.10130638016594        1.39245038761789
H            1.91367539649822       -2.06331538309825        0.34554889565944
H            1.78347425373024       -1.24810775833120       -1.22261548808631
H            3.36324035924229       -1.42437878120774       -0.44901837283596
20
 energy: -27.122775641193 gnorm: 0.003241351053 xtb: 6.7.1 (edcfbbe)
C           -2.09110273677614       -1.40669552594305       -0.43988518749358
C           -2.05773644455332       -0.43201721976891        0.73227397355151
C           -1.47630485374824        0.92797946189538        0.32531722798919
C           -0.05977774771059        0.78697902400563       -0.17165846021033
O            0.31256248857044        1.08492272822181       -1.28921823974747
O            0.74333844737989        0.30506126044229        0.76699252163129
C            2.12022483936584        0.08004119935292        0.43565960958040
C            2.30869972592939       -1.25797803094379       -0.26701511276452
H           -2.54666847858779       -2.34678309866063       -0.13983053503264
H           -2.66393337105264       -0.99092115639187       -1.26638333209630
H           -1.08351601215929       -1.61153324968942       -0.79846150067826
H           -1.45430597436112       -0.84744640263959        1.54080521269723
H           -3.07061955525343       -0.27640850306316        1.10598985317976
H           -1.46396302546462        1.59061588789163        1.19140906536599
H           -2.06929326597909        1.37890277632079       -0.47015935433352
H            2.46717085796200        0.89751089727440       -0.20424383148773
H            2.64131725857272        0.10172202353228        1.39295475885197
H            1.91529458020674       -2.06392352845447        0.34710488347341
H            1.78791761447285       -1.25118860848007       -1.22255551051245
H            3.36597213781878       -1.42501249682826       -0.44489962059943
20
 energy: -27.122818292949 gnorm: 0.001409871276 xtb: 6.7.1 (edcfbbe)
C           -2.10454061016912       -1.40453941197409       -0.44082708636693
C           -2.05020557753743       -0.43559861360297        0.73386424183789
C           -1.47744760100660        0.92531143717527        0.32015598216908
C           -0.05925579519592        0.79436618643801       -0.17392415460740
O            0.31768184971208        1.10983838829960       -1.28425318560743
O            0.74173617364453        0.30069760560917        0.76227415748228
C            2.12176872577433        0.07830253093882        0.43389331934057
C            2.31580398382115       -1.26022148894952       -0.26266971298013
H           -2.54884431995707       -2.34861202508524       -0.13591067449553
H           -2.69726384487306       -0.98863998407673       -1.25318054187091
H           -1.10394986284938       -1.60280571283688       -0.82255177728898
H           -1.43123813456955       -0.85304247236018        1.52947057355674
H           -3.05600470118033       -0.28267461515541        1.12765039471762
H           -1.47202362387135        1.59433636854551        1.18188840892337
H           -2.07373648514766        1.36808579301643       -0.47784067946998
H            2.46677865384608        0.89717413302606       -0.20509683112005
H            2.63879193478726        0.10375316029182        1.39380932871935
H            1.92128860915772       -2.06492388776156        0.35244183575451
H            1.80126422439535       -1.26028636958173       -1.22152985814560
H            3.37467288585133       -1.42669358388246       -0.43346731918391
20
 energy: -27.122837624802 gnorm: 0.001886721108 xtb: 6.7.1 (edcfbbe)
C           -2.12116158037387       -1.40324628497763       -0.44218483525399
C           -2.04196718289616       -0.43955897661407        0.73514860927418
C           -1.47777534167557        0.92221745353782        0.31411705936034
C           -0.05736582489645        0.80085468856134       -0.17560575209170
O            0.32613174159526        1.13780087582429       -1.27704725768231
O            0.73985978836317        0.29302284315244        0.75681832712035
C            2.12303459688792        0.07709788016906        0.43296749022911
C            2.32437960824239       -1.26248550405442       -0.25754353794875
H           -2.55094391536810       -2.35167242774354       -0.13024500962629
H           -2.73845322118357       -0.98738063681744       -1.23637454147382
H           -1.12944292395772       -1.59215804385547       -0.85148965998357
H           -1.40582176682725       -0.85965864140374        1.51572151756039
H           -3.03934982416658       -0.28855761575410        1.15064432565083
H           -1.47847964697043        1.59726033355489        1.17122416119117
H           -2.07589174597317        1.35653943496240       -0.48732566056060
H            2.46411651430350        0.89659780184912       -0.20717246008059
H            2.63606573030213        0.10810302974445        1.39493971905566
H            1.92821195465310       -2.06566855398487        0.35824843111694
H            1.81563565211547       -1.26813251294852       -1.21934107096555
H            3.38449387245829       -1.42714770512813       -0.42130343352723
20
 energy: -27.122845189170 gnorm: 0.000779394014 xtb: 6.7.1 (edcfbbe)
C           -2.12575058353932       -1.40381566957249       -0.44239640586776
C           -2.04162300123596       -0.44004891045321        0.73460879657359
C           -1.47695283178685        0.92137759236268        0.31282357344022
C           -0.05567891913758        0.80155271456700       -0.17462346685068
O            0.32962497660672        1.14275741152970       -1.27393347501272
O            0.74001529384113        0.28983371511369        0.75605375464601
C            2.12357285944627        0.07737738099756        0.43344071247337
C            2.32696380346290       -1.26258670783813       -0.25677684794768
H           -2.55050996050828       -2.35325639300685       -0.12789557519089
H           -2.74924434187416       -0.98951542228987       -1.23134571717719
H           -1.13705317764016       -1.58940650365630       -0.85788030868249
H           -1.40432482464366       -0.86121817423297        1.51267793138702
H           -3.03709534404859       -0.28806272818374        1.15234985672150
H           -1.47816130747465        1.59652766256753        1.16948649373582
H           -2.07370365992910        1.35521972805887       -0.48959054587492
H            2.46286885071751        0.89650740424570       -0.20799414936450
H            2.63667222241076        0.11022317654792        1.39495987005775
H            1.93039380439018       -2.06559931143674        0.35887082293678
H            1.81824415901683       -1.26771808691581       -1.21850651776584
H            3.38701846655836       -1.42632144033064       -0.42013238087281
20
 energy: -27.122848950540 gnorm: 0.000507046957 xtb: 6.7.1 (edcfbbe)
C           -2.13139904408126       -1.40371187572722       -0.44319674604585
C           -2.04164763751778       -0.44059216952978        0.73441046434307
C           -1.47627412268571        0.92026001910900        0.31119634731013
C           -0.05410019137060        0.80160462339152       -0.17414889906562
O            0.33313438550583        1.14862378568953       -1.27132084009340
O            0.74007084081896        0.28580006446749        0.75503708741957
C            2.12423609525759        0.07741889068491        0.43400629044007
C            2.33077931387598       -1.26289568280785       -0.25567142414840
H           -2.54818605130672       -2.35537216153400       -0.12423736016673
H           -2.76565295313702       -0.99218115798092       -1.22523787729717
H           -1.14576391586745       -1.58392869193486       -0.86855077396034
H           -1.40154795188642       -0.86292436905094        1.50969569557723
H           -3.03538786058584       -0.28726453957639        1.15589053683969
H           -1.47820461414830        1.59583008703557        1.16752536714964
H           -2.07181719681513        1.35383606885789       -0.49217453662116
H            2.46170122080993        0.89642316798800       -0.20850101962608
H            2.63734463665116        0.11253195746056        1.39529543794433
H            1.93457691813891       -2.06598400040700        0.36004741819021
H            1.82230175052005       -1.26848275998228       -1.21756491268841
H            3.39111286245618       -1.42516381807936       -0.41830383413619
20
 energy: -27.122850926533 gnorm: 0.000370374214 xtb: 6.7.1 (edcfbbe)
C           -2.13390125113761       -1.40382628546012       -0.44327533521393
C           -2.04293828476014       -0.44018133632944        0.73383053622284
C           -1.47572868457400        0.92018134558721        0.31123798389954
C           -0.05340622760809        0.80103381952333       -0.17347208718703
O            0.33381360237737        1.14818093195796       -1.27058078297705
O            0.74064057068243        0.28426624603941        0.75526701213398
C            2.12498923100692        0.07722401033345        0.43423866735757
C            2.33290848867433       -1.26274099421818       -0.25572925591028
H           -2.54557010891824       -2.35724470669217       -0.12285613382665
H           -2.77256873110442       -0.99505257824331       -1.22287593189322
H           -1.14926526195527       -1.58008193469244       -0.87223920055229
H           -1.40418695751557       -0.86329129537703        1.50985363521789
H           -3.03686897610083       -0.28542167815030        1.15446763582488
H           -1.47759458144994        1.59570624284924        1.16775971749846
H           -2.07039222290061        1.35454462797752       -0.49243180977818
H            2.46166375089906        0.89666758353336       -0.20812429262465
H            2.63825429142170        0.11275568089362        1.39546081126349
H            1.93792378099786       -2.06644673340158        0.35997736193270
H            1.82409693930511       -1.26868770466680       -1.21747151550631
H            3.39340711729234       -1.42375780338983       -0.41884059451718
20
 energy: -27.122852179150 gnorm: 0.000209202512 xtb: 6.7.1 (edcfbbe)
C           -2.13551612338330       -1.40303882906862       -0.44332110576283
C           -2.04461466166403       -0.43957596013409        0.73376881307352
C           -1.47550612663354        0.91994102517665        0.31134851388831
C           -0.05335504732520        0.79931478628653       -0.17360237809649
O            0.33357646406195        1.14582047615593       -1.27104303291580
O            0.74084328788603        0.28297369894914        0.75525902242811
C            2.12538802678715        0.07679597468161        0.43448419709439
C            2.33514809928937       -1.26258715287521       -0.25584760102553
H           -2.54187576261330       -2.35823823286577       -0.12186169869561
H           -2.77873533010066       -0.99691220870472       -1.22050906374402
H           -1.15176033037945       -1.57512201805252       -0.87600265605641
H           -1.40718228350473       -0.86343611703478        1.51063639840394
H           -3.03886927756689       -0.28357235609563        1.15362362097590
H           -1.47682301549510        1.59532845687076        1.16799700633423
H           -2.06963088717982        1.35526271538343       -0.49223717083173
H            2.46176990078231        0.89685187291451       -0.20732063058124
H            2.63834538629593        0.11230958428174        1.39595971126180
H            1.94196501031658       -2.06727557113357        0.35972058322887
H            1.82618581884461       -1.26940127098990       -1.21748676159444
H            3.39592333621446       -1.42161143567159       -0.41936934602038
20
 energy: -27.122852588033 gnorm: 0.000147519623 xtb: 6.7.1 (edcfbbe)
C           -2.13609705983142       -1.40254543556066       -0.44337364873916
C           -2.04496593697721       -0.43929270995551        0.73388390905584
C           -1.47560357937097        0.92006945089011        0.31152448555293
C           -0.05369762002460        0.79844782078369       -0.17405366802230
O            0.33289783803474        1.14347611538826       -1.27204222182338
O            0.74060143637193        0.28269667959029        0.75515769456245
C            2.12527109377432        0.07644267193790        0.43470863653440
C            2.33605374542576       -1.26252102500693       -0.25591977577685
H           -2.54035174104487       -2.35866801799475       -0.12191949543326
H           -2.78091045174285       -0.99700776227167       -1.21964898870446
H           -1.15248679443800       -1.57249640288376       -0.87736543480631
H           -1.40762458135338       -0.86324531073506        1.51089517438425
H           -3.03927148765480       -0.28318783535600        1.15371967321092
H           -1.47615486171011        1.59562401885697        1.16805035025111
H           -2.06994667437879        1.35547935168070       -0.49189198663099
H            2.46187158226734        0.89689412881151       -0.20650939774166
H            2.63764606559596        0.11163813214335        1.39654482576420
H            1.94392067690804       -2.06782293955431        0.35951798582239
H            1.82710219088070       -1.26985099592751       -1.21755608409353
H            3.39702264390057       -1.42030249676272       -0.41952561200201
20
 energy: -27.122852514932 gnorm: 0.000320268971 xtb: 6.7.1 (edcfbbe)
C           -2.13658085386337       -1.40214928860817       -0.44341204289002
C           -2.04525909829213       -0.43904777068017        0.73396626177753
C           -1.47569628539428        0.92019482675466        0.31169033410707
C           -0.05399111522040        0.79776686513036       -0.17440678470940
O            0.33230480765402        1.14159231727319       -1.27284576108771
O            0.74039647634859        0.28245574935099        0.75507102040769
C            2.12516521936472        0.07612449133883        0.43487651897894
C            2.33682128036992       -1.26248720279481       -0.25598824943163
H           -2.53902125203161       -2.35907909817403       -0.12195454072177
H           -2.78273921694869       -0.99712110301034       -1.21894253728146
H           -1.15306078999852       -1.57024301889691       -0.87848836980852
H           -1.40801781952187       -0.86305504627647        1.51114258379775
H           -3.03963054403079       -0.28286268007003        1.15374841482804
H           -1.47562587172560        1.59591052533680        1.16810177413470
H           -2.07022571096399        1.35565742102419       -0.49159890750496
H            2.46194697755937        0.89690977789732       -0.20584960303166
H            2.63706302946756        0.11105940876260        1.39701345155981
H            1.94556592029841       -2.06829746189993        0.35934500428774
H            1.82790142004072       -1.27027658537334       -1.21763499203865
H            3.39795991152031       -1.41922468901085       -0.41963715400891
20
 energy: -27.122852761228 gnorm: 0.000092773593 xtb: 6.7.1 (edcfbbe)
C           -2.13629541241003       -1.40214435726248       -0.44342587556342
C           -2.04502014463016       -0.43918777943076        0.73406753114180
C           -1.47565829280283        0.92010703578920        0.31150563487405
C           -0.05393686151738        0.79780090100956       -0.17454708441881
O            0.33256060827436        1.14160818286233       -1.27295508794416
O            0.74039815720383        0.28273785794991        0.75506880513681
C            2.12517587467410        0.07635934822893        0.43494722529775
C            2.33636504642810       -1.26237749827866       -0.25589113204392
H           -2.53997588724098       -2.35851107419680       -0.12217193419251
H           -2.78165171346553       -0.99667694362583       -1.21922470966846
H           -1.15289561650546       -1.57153846288362       -0.87802719987820
H           -1.40736910401287       -0.86325619383797        1.51073784810202
H           -3.03916623739085       -0.28321807559698        1.15430061852351
H           -1.47563411272414        1.59563699474350        1.16802681718060
H           -2.07025637260684        1.35562326615965       -0.49165614897832
H            2.46202296027177        0.89700581961169       -0.20589230405065
H            2.63707865084247        0.11128612409505        1.39704546315870
H            1.94478749485896       -2.06804931642543        0.35942354004084
H            1.82734871981861       -1.26984208901190       -1.21748894520736
H            3.39739872756724       -1.41953630182550       -0.41964664014569
20
 energy: -27.122852702958 gnorm: 0.000240330332 xtb: 6.7.1 (edcfbbe)
C           -2.13602443735218       -1.40217370224930       -0.44346592067055
C           -2.04466930623027       -0.43938093891314        0.73415411192569
C           -1.47558969158644        0.92000519881597        0.31129257033057
C           -0.05385422161950        0.79785171836535       -0.17470670769132
O            0.33286182920389        1.14153085382759       -1.27310896774040
O            0.74042975320441        0.28315221086026        0.75510148529338
C            2.12520408234714        0.07666493563673        0.43505715872989
C            2.33579655481805       -1.26221975238710       -0.25576515629706
H           -2.54119551616288       -2.35788079349305       -0.12241962693606
H           -2.78044535441777       -0.99611878455602       -1.21956965352968
H           -1.15275493560268       -1.57310518409413       -0.87751913968994
H           -1.40648696273775       -0.86351084123904        1.51019366829942
H           -3.03852419613298       -0.28367313500029        1.15496937603835
H           -1.47561167239741        1.59532534868733        1.16793729317506
H           -2.07028613085089        1.35556223595912       -0.49171835306498
H            2.46215612486271        0.89713422917498       -0.20591822570868
H            2.63711687035465        0.11156695108834        1.39710707910170
H            1.94380908291927       -2.06770788308048        0.35953315301571
H            1.82664660856878       -1.26927577639519       -1.21729509471415
H            3.39669800344423       -1.41991945293405       -0.41966262850238
20
 energy: -27.122852865509 gnorm: 0.000078829082 xtb: 6.7.1 (edcfbbe)
C           -2.13644008713029       -1.40215340036484       -0.44354422185900
C           -2.04468617900999       -0.43937498695267        0.73405765887977
C           -1.47555055119422        0.92001362758342        0.31141954390686
C           -0.05388111175487        0.79765821284666       -0.17469825224374
O            0.33264711035914        1.14091329297821       -1.27325569555143
O            0.74048617251372        0.28318434524919        0.75517754017845
C            2.12522806345658        0.07660271250942        0.43510984174353
C            2.33612359695845       -1.26218480248918       -0.25577855883916
H           -2.54089376510117       -2.35820664140178       -0.12233052650115
H           -2.78144931781801       -0.99612217258264       -1.21932492994340
H           -1.15314014893576       -1.57227092061476       -0.87800143535046
H           -1.40662962427973       -0.86350589376765        1.51024944293652
H           -3.03855900959447       -0.28350305040544        1.15478687791013
H           -1.47544070672375        1.59545261004568        1.16798760994102
H           -2.07025269859013        1.35549817015181       -0.49164445366524
H            2.46221373729754        0.89714043657261       -0.20578296357890
H            2.63708960927674        0.11145406159034        1.39720195305382
H            1.94440466254955       -2.06776667324103        0.35956163460987
H            1.82692340895336       -1.26942619330609       -1.21727388739673
H            3.39708332339967       -1.41957529632737       -0.41972075686618
20
 energy: -27.122852830883 gnorm: 0.000202528078 xtb: 6.7.1 (edcfbbe)
C           -2.13689287812390       -1.40212680111110       -0.44362968877922
C           -2.04470754584865       -0.43937132302606        0.73395952909591
C           -1.47550294539735        0.92001518183765        0.31155033957486
C           -0.05390379528679        0.79744043877371       -0.17469488752596
O            0.33242403682677        1.14022719610729       -1.27342505564380
O            0.74055455380608        0.28322580488546        0.75526219856793
C            2.12526256700346        0.07654589206921        0.43517108891012
C            2.33647005206510       -1.26213907286603       -0.25578917877304
H           -2.54059238509478       -2.35854199712301       -0.12224379576835
H           -2.78252867282076       -0.99612051357871       -1.21905999985294
H           -1.15357107286199       -1.57139496009806       -0.87853095873741
H           -1.40677556303499       -0.86351411534918        1.51030209521282
H           -3.03859493260141       -0.28332151591286        1.15461198090881
H           -1.47524907037469        1.59557597662531        1.16803998981342
H           -2.07021076301012        1.35542823496652       -0.49156741785402
H            2.46228554840735        0.89715657335662       -0.20563274775761
H            2.63706930486151        0.11134080149750        1.39730824554191
H            1.94503917863594       -2.06782195197253        0.35959580018064
H            1.82721117471598       -1.26957364184250       -1.21724534087110
H            3.39748969276561       -1.41920276916535       -0.41978577487842
20
 energy: -27.122852966751 gnorm: 0.000063637706 xtb: 6.7.1 (edcfbbe)
C           -2.13709887973681       -1.40200562382483       -0.44368165703868
C           -2.04473055964350       -0.43938517953675        0.73402077574851
C           -1.47540413808863        0.91994141584195        0.31143750333617
C           -0.05383520603606        0.79715050933796       -0.17487411707848
O            0.33252315215622        1.13937845353687       -1.27381147171053
O            0.74065568097216        0.28340049038668        0.75533848982191
C            2.12540392675478        0.07670676131183        0.43533816987502
C            2.33643575034480       -1.26195721449164       -0.25570410315805
H           -2.54080970272744       -2.35836727415571       -0.12234553341175
H           -2.78292287937666       -0.99608833342404       -1.21888798959601
H           -1.15402116994023       -1.57147702605589       -0.87900610489124
H           -1.40649230079455       -0.86371407819788        1.51001834901124
H           -3.03848341795140       -0.28337388915137        1.15505208255455
H           -1.47497041488904        1.59533732768425        1.16803824611604
H           -2.07017124710139        1.35554833937314       -0.49152617809903
H            2.46250617462647        0.89733632477447       -0.20538546185733
H            2.63712234793525        0.11142217280178        1.39751810433210
H            1.94510555807859       -2.06772023857254        0.35964299609342
H            1.82705394551115       -1.26928430182711       -1.21710465763124
H            3.39740986453866       -1.41902119773728       -0.41988102105204
20
 energy: -27.122853099521 gnorm: 0.000075162652 xtb: 6.7.1 (edcfbbe)
C           -2.13772582228241       -1.40192495781843       -0.44390438939304
C           -2.04454185158671       -0.43959992191702        0.73397715356918
C           -1.47513043264093        0.91972693769114        0.31134600330178
C           -0.05363249596565        0.79669539045252       -0.17505362312614
O            0.33261089463863        1.13771916455669       -1.27442767309137
O            0.74103290896950        0.28410087711329        0.75565991164043
C            2.12572869458549        0.07712969247068        0.43561130463143
C            2.33635828929715       -1.26157001574717       -0.25551286523089
H           -2.54172102178984       -2.35811327037043       -0.12251737293786
H           -2.78379141969711       -0.99571038131352       -1.21870099482349
H           -1.15500213472596       -1.57187621536918       -0.87977367869247
H           -1.40588121119185       -0.86426239810008        1.50941372767434
H           -3.03797805047157       -0.28350006247398        1.15569387275983
H           -1.47450720027609        1.59490892512648        1.16810443904835
H           -2.06993864741151        1.35552102966343       -0.49147238888230
H            2.46299192421851        0.89768262196195       -0.20511534908304
H            2.63746503593151        0.11172327109789        1.39777436252365
H            1.94503575527900       -2.06729121524766        0.35989600640407
H            1.82666139868177       -1.26868761331220       -1.21675449765336
H            3.39724187107042       -1.41884442039052       -0.42004752727450
20
 energy: -27.122853280781 gnorm: 0.000108893728 xtb: 6.7.1 (edcfbbe)
C           -2.13911210274777       -1.40175496341090       -0.44434668986702
C           -2.04421218317912       -0.44001926764628        0.73386760086293
C           -1.47459886247636        0.91931039873281        0.31134256160776
C           -0.05327332718917        0.79576249647475       -0.17536452843256
O            0.33248037262826        1.13417531087536       -1.27572640178570
O            0.74187155569673        0.28557088912805        0.75631437104712
C            2.12640834712280        0.07794984928618        0.43606752499291
C            2.33630535969398       -1.26083614935416       -0.25513966191523
H           -2.54344596824674       -2.35780759254686       -0.12300911918506
H           -2.78561822722565       -0.99480861859956       -1.21833362827791
H           -1.15695979278031       -1.57219770118260       -0.88131126256969
H           -1.40482615707149       -0.86533834986651        1.50836440557637
H           -3.03709631572399       -0.28371554818200        1.15682206850880
H           -1.47360326864940        1.59420031925636        1.16831508676815
H           -2.06952928326313        1.35532524366717       -0.49125485548589
H            2.46399583968135        0.89834927835481       -0.20469189454272
H            2.63823102059325        0.11229877859972        1.39818954077935
H            1.94507740852753       -2.06646935543761        0.36044796603472
H            1.82612491100035       -1.26777514429582       -1.21613313915235
H            3.39705715824125       -1.41839243577904       -0.42022352359939
20
 energy: -27.122853319535 gnorm: 0.000066019032 xtb: 6.7.1 (edcfbbe)
C           -2.13940307713836       -1.40179035617687       -0.44441864940507
C           -2.04412422126248       -0.44012331610165        0.73377952294410
C           -1.47456392844417        0.91927051976730        0.31148762277653
C           -0.05326339481137        0.79571449401822       -0.17528079575086
O            0.33231818916545        1.13397145677829       -1.27570608223149
O            0.74199727577245        0.28572876061811        0.75639548007216
C            2.12648422090087        0.07801261313305        0.43598864663737
C            2.33646671025671       -1.26081266502884       -0.25509617589707
H           -2.54374790518538       -2.35791118025449       -0.12310865450763
H           -2.78592034574523       -0.99458079906476       -1.21835744623106
H           -1.15718774135474       -1.57208827061118       -0.88131530556767
H           -1.40489503485623       -0.86548648906270        1.50837476424944
H           -3.03699971419670       -0.28371733729603        1.15666066183620
H           -1.47356312273927        1.59423135106914        1.16841297196488
H           -2.06948558404029        1.35521035919525       -0.49116082536434
H            2.46402587410573        0.89834234945669       -0.20488644577036
H            2.63843502997784        0.11247143893290        1.39804622054100
H            1.94515023134359       -2.06633132086666        0.36057862474779
H            1.82631931736889       -1.26785019340058       -1.21609340883448
H            3.39723370551506       -1.41843397703131       -0.42010430484487
