20
 energy: -27.120534133579 gnorm: 0.034556607399 xtb: 6.7.1 (edcfbbe)
C           -3.32861430553235       -1.14332067708484        0.29154059534899
C           -1.81619987255282       -0.93727336793329        0.31090784331028
C           -1.45494365946287        0.47257644014590       -0.14742424736713
C            0.00085758713664        0.84737800339007       -0.15439307948299
O            0.39938540065267        1.99063105760455       -0.33105841324309
O            0.82674191035793       -0.19265179631171        0.03244335514150
C            2.25892525177385        0.10832882691009        0.00562227956874
C            2.99754745479416       -1.19717874097098        0.15685798096436
H           -3.59439854333629       -2.14958260215268        0.62847205877608
H           -3.83060154895970       -0.42431170166400        0.94808012509726
H           -3.72861241402028       -1.00914918788935       -0.71945816642899
H           -1.33354231348189       -1.67366148796941       -0.33988469342679
H           -1.43076277315278       -1.10347713255084        1.32291412877641
H           -1.96075186216430        1.22303924966972        0.47143206168829
H           -1.81150873322450        0.64259414317370       -1.17266670623434
H            2.48848311767665        0.59923193488258       -0.94427597802938
H            2.47685218851551        0.79974122174977        0.82479156004020
H            2.77374252506508       -1.87567516759325       -0.67121150979371
H            4.07231105697547       -0.99375226645572        0.15341383340010
H            2.74424842725176       -1.68860232764310        1.10073097505516
20
 energy: -27.121624229786 gnorm: 0.013071219850 xtb: 6.7.1 (edcfbbe)
C           -3.31441148885300       -1.14208724035474        0.29095136184394
C           -1.80508717088588       -0.93139933331361        0.30938085285634
C           -1.46117328655906        0.48118460875111       -0.14993585234498
C           -0.00187971606085        0.84368181486463       -0.15536234797661
O            0.40028756334790        1.97894267438596       -0.32783998934465
O            0.81832158312008       -0.18773746775443        0.03009176950090
C            2.24221221355932        0.09808619577311        0.00768871017437
C            2.99772429005929       -1.20246500191057        0.15800027705969
H           -3.56570163428787       -2.14622318494505        0.62683486673982
H           -3.81198554174939       -0.42891933303460        0.94738905497176
H           -3.71040884743811       -1.01010791466083       -0.71537548760924
H           -1.32172049407703       -1.66027798497957       -0.34422248531081
H           -1.42228880769091       -1.09178196249827        1.31980449651320
H           -1.96823336643576        1.22480655179747        0.47236620496598
H           -1.81878217134018        0.64308589033166       -1.17288797616828
H            2.46948109972257        0.59602525231655       -0.93888446378118
H            2.45712486404331        0.79294035381325        0.82413815029305
H            2.76417631174120       -1.87487028424157       -0.66415068124766
H            4.06714894239910       -0.99947926451905        0.15437882979437
H            2.73435455169716       -1.68851994851425        1.09446871223097
20
 energy: -27.121857887501 gnorm: 0.004170077414 xtb: 6.7.1 (edcfbbe)
C           -3.30310152812282       -1.14833988996589        0.29226078257204
C           -1.79524631801566       -0.92536328073538        0.30779312654547
C           -1.46144688138728        0.48949080385639       -0.15307789744014
C            0.00043686117658        0.84604018787997       -0.15722500271318
O            0.40769654232560        1.97907836189400       -0.32729943474274
O            0.81254434268100       -0.18292021161642        0.02675849593200
C            2.22830253473935        0.09459104214629        0.00885503186534
C            2.98481656508044       -1.20894881318073        0.15915842316912
H           -3.54309394966973       -2.15291011207691        0.62760048058448
H           -3.79926752843823       -0.43903441521472        0.94934564736226
H           -3.69741230177050       -1.01737340596219       -0.71178849458715
H           -1.30755392546708       -1.64744068657487       -0.34729015463554
H           -1.41060590466932       -1.08003320866804        1.31648314387079
H           -1.96789485796032        1.22870888335947        0.47203749126658
H           -1.82058351300034        0.64616821650305       -1.17415438632775
H            2.46180094728308        0.59641637357458       -0.93527412187049
H            2.44638406554582        0.78910388705562        0.82579328938390
H            2.74697544851028       -1.87725556981392       -0.66199505225611
H            4.05014956144057       -1.00367818588847        0.15564908510775
H            2.71625873403042       -1.69141555526466        1.09320355007434
20
 energy: -27.121918220829 gnorm: 0.002233166594 xtb: 6.7.1 (edcfbbe)
C           -3.29499436829641       -1.15387294344607        0.29354229118698
C           -1.78789753139864       -0.92132105202560        0.30682580072141
C           -1.46212319651117        0.49578575037987       -0.15551521468858
C            0.00051925642458        0.85172230790035       -0.15992859544572
O            0.40967257994148        1.98549462041737       -0.32832275743334
O            0.80881065777762       -0.17796031797007        0.02362533644956
C            2.22172655098555        0.09394779782790        0.00982115535129
C            2.97349396669024       -1.21376137665931        0.15992965633213
H           -3.52666944255157       -2.16033161371313        0.62894925406034
H           -3.79400591022085       -0.44795685637855        0.95208400117876
H           -3.69114058128942       -1.02506320843308       -0.71001210845019
H           -1.29642240575833       -1.64027467191376       -0.34867105776021
H           -1.40083789743808       -1.07252435726106        1.31499914011267
H           -1.96842480176433        1.23339072831988        0.47090710099619
H           -1.82263090210071        0.65048390745354       -1.17591096828885
H            2.46323914015066        0.59702521624470       -0.93241763993256
H            2.44394041002954        0.78629517103231        0.82834215652652
H            2.73293064531530       -1.87976962697292       -0.66238895865703
H            4.03886379444694       -1.01122755296134        0.15749495283399
H            2.70110892987943       -1.69519750053390        1.09348045806762
20
 energy: -27.121955116383 gnorm: 0.002030582986 xtb: 6.7.1 (edcfbbe)
C           -3.28858408271786       -1.15907592524572        0.29498044702986
C           -1.78261094026491       -0.91768054030343        0.30615156179414
C           -1.46256334493745        0.50066419702552       -0.15784190759659
C           -0.00004644044866        0.85854946978814       -0.16242032792331
O            0.40921558048643        1.99319667876992       -0.33038532541168
O            0.80678848484155       -0.17233791459493        0.02067817785859
C            2.21899524554008        0.09460186519008        0.01115286556394
C            2.96391611861554       -1.21776680413193        0.16011981187682
H           -3.51364326575152       -2.16733842920394        0.63080123303366
H           -3.79139221683189       -0.45609973430741        0.95459470955852
H           -3.68735186976581       -1.03275731697714       -0.70839425938879
H           -1.28785560470449       -1.63500081813532       -0.34899081563349
H           -1.39343259739510       -1.06588069895928        1.31423368266923
H           -1.96976816287067        1.23748992225947        0.46871094828856
H           -1.82440062260103        0.65374857044256       -1.17803162526668
H            2.46793518746291        0.59883948209232       -0.92897615390165
H            2.44412786870720        0.78359273028214        0.83224795889608
H            2.72118361843176       -1.88134249757418       -0.66418430736384
H            4.03068463125625       -1.02068023115054        0.15951151237618
H            2.68796130725949       -1.69983758395922        1.09287581670143
20
 energy: -27.121980186248 gnorm: 0.001813627483 xtb: 6.7.1 (edcfbbe)
C           -3.28274714070705       -1.16337657002382        0.29634396564827
C           -1.77819616431201       -0.91448460401670        0.30574910816010
C           -1.46308691473615        0.50447186733780       -0.16001107354480
C           -0.00106665197560        0.86497084912609       -0.16520428422809
O            0.40758199180019        2.00000042409076       -0.33261660871120
O            0.80549642114822       -0.16673452117955        0.01831142162583
C            2.21817385454598        0.09568696566503        0.01287808687506
C            2.95577901972295       -1.22113598128997        0.15992922075409
H           -3.50209262439953       -2.17299679527533        0.63267615753014
H           -3.78920025703865       -0.46312312793980        0.95658860913674
H           -3.68399410987901       -1.03966660294201       -0.70673092639288
H           -1.28074114683916       -1.63075041810383       -0.34877880398550
H           -1.38735904374785       -1.05995218669545        1.31382386205680
H           -1.97177644318321        1.24086681996243        0.46605770874784
H           -1.82601650243531        0.65590116730054       -1.18020774777347
H            2.47274862774371        0.60122022889566       -0.92509322054662
H            2.44475336134573        0.78091643715169        0.83686823357221
H            2.71074090163769       -1.88173083008374       -0.66649967961172
H            4.02416655855613       -1.03080109727934        0.16146777339803
H            2.67599515706474       -1.70439760339337        1.09128220045013
20
 energy: -27.122004931081 gnorm: 0.001084059361 xtb: 6.7.1 (edcfbbe)
C           -3.27419176931678       -1.16912481090468        0.29823440774696
C           -1.77193743370160       -0.90991233547335        0.30541577954559
C           -1.46385787714423        0.50942832051046       -0.16330725449484
C           -0.00273757889178        0.87383490782353       -0.16807828147706
O            0.40540402433461        2.00839323670425       -0.33627544869381
O            0.80354459525509       -0.15878513369926        0.01649967571564
C            2.21772536763388        0.09730885973773        0.01584734234612
C            2.94459962927134       -1.22572534977153        0.15912779141453
H           -3.48553507117473       -2.18019977570100        0.63557792909085
H           -3.78532590126732       -0.47249026061473        0.95879416302549
H           -3.67824527143153       -1.04939270704669       -0.70429040952703
H           -1.27060550028570       -1.62475388744706       -0.34785904479778
H           -1.37916585459937       -1.05106665132347        1.31348224773134
H           -1.97551092733659        1.24539115647432        0.46111550076320
H           -1.82744497780690        0.65760027013139       -1.18391592787166
H            2.47803819390239        0.60525277458590       -0.91895067634661
H            2.44533073644574        0.77673748483558        0.84418558714126
H            2.69552525902080       -1.88099832420395       -0.67045957933810
H            4.01502512248474       -1.04586846812448        0.16394063952326
H            2.65852412891971       -1.71074488518591        1.08774956166365
20
 energy: -27.122015265468 gnorm: 0.000519969942 xtb: 6.7.1 (edcfbbe)
C           -3.26817254216288       -1.17284917833893        0.29939236380114
C           -1.76730644665719       -0.90672529256825        0.30535560132721
C           -1.46438801408589        0.51294929573519       -0.16556250195600
C           -0.00358422413142        0.87870648530601       -0.17081946221161
O            0.40536913544893        2.01275137679722       -0.33837512681804
O            0.80146935978834       -0.15417853467185        0.01681089008735
C            2.21669660352634        0.09802621468820        0.01833165169432
C            2.93705557010350       -1.22878178343958        0.15844490072079
H           -3.47387571641864       -2.18465465480107        0.63758518659644
H           -3.78192284832148       -0.47838905131793        0.95982611057695
H           -3.67319875097217       -1.05594378845306       -0.70282774977560
H           -1.26326479158121       -1.62021144440246       -0.34718743916874
H           -1.37330351882352       -1.04474296413288        1.31327325879471
H           -1.97797701770299        1.24846733223236        0.45774446354371
H           -1.82792365007341        0.65847712407234       -1.18646780681881
H            2.47891103871976        0.60774817211448       -0.91471063597522
H            2.44504888114394        0.77398200412870        0.84905143939836
H            2.68496049547579       -1.87992343482127       -0.67324258439067
H            4.00816065001257       -1.05516061251778        0.16523783005206
H            2.64640468102339       -1.71466284430242        1.08497361368264
20
 energy: -27.122018503224 gnorm: 0.000620718679 xtb: 6.7.1 (edcfbbe)
C           -3.26402714362865       -1.17557803170037        0.29988282156194
C           -1.76411259661409       -0.90431762786471        0.30548408478691
C           -1.46469570087953        0.51558514701935       -0.16709852208795
C           -0.00412096211768        0.88241096277824       -0.16949887722310
O            0.40581193343360        2.01539818983348       -0.34112983253492
O            0.79977072619236       -0.15087690612346        0.01918924809361
C            2.21576090193991        0.09840806670005        0.01984395157751
C            2.93177972845738       -1.23094538117867        0.15769958853039
H           -3.46560704311121       -2.18780517992160        0.63903331100785
H           -3.77992996494157       -0.48247290303176        0.95985401584886
H           -3.66936530634756       -1.06111389123397       -0.70235508427859
H           -1.25772851973556       -1.61693011760099       -0.34612553589653
H           -1.36973903152392       -1.03974975082586        1.31352756031524
H           -1.98029482357069        1.25096868203359        0.45452844381613
H           -1.82713142196759        0.65863991958899       -1.18870090537860
H            2.47815700920645        0.60931321100389       -0.91239175868772
H            2.44563401629946        0.77211612367464        0.85180692731158
H            2.67749834347350       -1.87933282110991       -0.67534248550633
H            4.00333971949913       -1.06146830667142        0.16571390993257
H            2.63815903024801       -1.71736496406248        1.08291314197213
20
 energy: -27.122019946181 gnorm: 0.000170226726 xtb: 6.7.1 (edcfbbe)
C           -3.26230367189476       -1.17693428810742        0.30004595105970
C           -1.76284986486221       -0.90318277197128        0.30566102267659
C           -1.46481289070822        0.51690041111823       -0.16747312231136
C           -0.00421975547055        0.88376172927944       -0.17120656657438
O            0.40596745321146        2.01678239420543       -0.34251466935258
O            0.79911298376160       -0.14931159894490        0.02032877050475
C            2.21538406116720        0.09865262086054        0.02084605763086
C            2.92943601362659       -1.23189643545395        0.15751803479489
H           -3.46203313918621       -2.18940359096903        0.63958276564481
H           -3.77953513665578       -0.48447371041556        0.95967781776133
H           -3.66769893064765       -1.06366919290992       -0.70232180153321
H           -1.25549482925596       -1.61528935962176       -0.34573485650565
H           -1.36824952440769       -1.03775338612825        1.31372963356743
H           -1.98078020125649        1.25207053464309        0.45407001695274
H           -1.82741946734787        0.65943985390887       -1.18903992359597
H            2.47778673572428        0.60964734844856       -0.91135678648684
H            2.44653898292419        0.77165701174252        0.85302359769654
H            2.67441992890351       -1.87911249604328       -0.67625217863316
H            4.00129389832132       -1.06421932869806        0.16610648332634
H            2.63461624836498       -1.71878132363627        1.08214375653817
20
 energy: -27.122020310262 gnorm: 0.000121857402 xtb: 6.7.1 (edcfbbe)
C           -3.26147109933569       -1.17756279931306        0.29986460261227
C           -1.76226681956136       -0.90269956765695        0.30587563255646
C           -1.46490921712732        0.51751865553061       -0.16734266403538
C           -0.00431307852448        0.88448891732304       -0.17153245533610
O            0.40581740161773        2.01733613893724       -0.34416260855272
O            0.79888010135735       -0.14839004733043        0.02143283444375
C            2.21518689190928        0.09872459842677        0.02118224641795
C            2.92830906056931       -1.23236010060479        0.15745379444064
H           -3.46039738331663       -2.19011356739865        0.63963607605256
H           -3.77955500998456       -0.48541076590033        0.95915735130130
H           -3.66670050951406       -1.06496783463812       -0.70265756873303
H           -1.25422945220950       -1.61454405332535       -0.34530041526606
H           -1.36782029567993       -1.03687170893041        1.31406621890409
H           -1.98087901302789        1.25259365995134        0.45431757181147
H           -1.82775179004463        0.66003146915839       -1.18883797330514
H            2.47755796386130        0.60955145995727       -0.91115423600592
H            2.44737832272706        0.77149100110004        0.85326708706074
H            2.67298526983570       -1.87915027560814       -0.67655935147465
H            4.00027282320823       -1.06543637647127        0.16622408311174
H            2.63306472755183       -1.71934438190021        1.08190377715703
20
 energy: -27.122020868397 gnorm: 0.000123424647 xtb: 6.7.1 (edcfbbe)
C           -3.26017755316727       -1.17880585051538        0.29922877467774
C           -1.76141521991242       -0.90184052548287        0.30642033337883
C           -1.46501183561417        0.51863825106261       -0.16657009973909
C           -0.00438921610055        0.88571869840131       -0.17218503489322
O            0.40567850080487        2.01802044180325       -0.34868343652088
O            0.79855896229981       -0.14671836634146        0.02389235398495
C            2.21490961631227        0.09887218993252        0.02169668572401
C            2.92652441606471       -1.23311450971087        0.15744453907218
H           -3.45797469453348       -2.19148875011211        0.63932887782165
H           -3.77988522925075       -0.48706997389337        0.95768718492063
H           -3.66465673788275       -1.06732460133174       -0.70373278705104
H           -1.25199317075753       -1.61308060132153       -0.34435344027061
H           -1.36752721625382       -1.03555519138026        1.31489461977873
H           -1.98048258371130        1.25336433116799        0.45592039581144
H           -1.82891186283576        0.66161472071523       -1.18763546481821
H            2.47681533883232        0.60910670825694       -0.91113700192201
H            2.44926404177844        0.77151331459207        0.85330298818062
H            2.67050814254443       -1.87939815969545       -0.67677076513068
H            3.99870945530330       -1.06750268423163        0.16636297254293
H            2.63061574039139       -1.72006502060824        1.08172230761303
20
 energy: -27.122021309507 gnorm: 0.000170831487 xtb: 6.7.1 (edcfbbe)
C           -3.25920475288670       -1.17960726850967        0.29833487830569
C           -1.76069612437816       -0.90137535294459        0.30695882075036
C           -1.46517246819739        0.51951255234169       -0.16534420220680
C           -0.00447059100814        0.88638027098933       -0.17307837447917
O            0.40568302551953        2.01796701250413       -0.35399603775785
O            0.79828057996541       -0.14557959367129        0.02626216163581
C            2.21471345892795        0.09899168437932        0.02200585436688
C            2.92529438565753       -1.23359657142531        0.15762760276194
H           -3.45628620890191       -2.19239046042514        0.63856741378138
H           -3.78034937163854       -0.48822859642050        0.95606082040459
H           -3.66281916325079       -1.06892637206711       -0.70508864108229
H           -1.25011208331105       -1.61199161744200       -0.34361565529944
H           -1.36751925663823       -1.03505879123274        1.31572652660075
H           -1.97949474778522        1.25376384277143        0.45868863048643
H           -1.83079630508280        0.66357334747326       -1.18564986576333
H            2.47591747216362        0.60851274583019       -0.91144267965200
H            2.45084606386055        0.77180704641484        0.85298240242313
H            2.66861250978361       -1.87972501005558       -0.67652132128856
H            3.99761556965249       -1.06890023688467        0.16636360394432
H            2.62911690185998       -1.72024421031861        1.08199206522917
20
 energy: -27.122021907325 gnorm: 0.000188256107 xtb: 6.7.1 (edcfbbe)
C           -3.25862843372004       -1.18048715327994        0.29694731873133
C           -1.76034632672547       -0.90103341728049        0.30752434344475
C           -1.46525493833477        0.52043028601215       -0.16315582875398
C           -0.00439824241667        0.88664533215767       -0.17451687775159
O            0.40600056834336        2.01707450568386       -0.36213240988742
O            0.79813094330089       -0.14457725505021        0.02951261143918
C            2.21466464572256        0.09906592008640        0.02218762296883
C            2.92458004186420       -1.23386189785393        0.15812892210985
H           -3.45549839595699       -2.19337856527806        0.63701005956602
H           -3.78117029385109       -0.48938372927837        0.95382756523739
H           -3.66086992328469       -1.07017632329209       -0.70706574565263
H           -1.24856379256619       -1.61070082403196       -0.34313629694397
H           -1.36815990920106       -1.03538566095391        1.31657652672405
H           -1.97726713190119        1.25380183737940        0.46385038358646
H           -1.83398650664872        0.66677254344272       -1.18201713304955
H            2.47447640861640        0.60734335783069       -0.91233341209371
H            2.45281226268914        0.77263646674715        0.85197126333331
H            2.66697313909649       -1.88040256002652       -0.67541974664920
H            3.99699729313409       -1.06981997266535        0.16606548282732
H            2.62866748615148       -1.71967846904221        1.08300935397457
20
 energy: -27.122022473793 gnorm: 0.000133874000 xtb: 6.7.1 (edcfbbe)
C           -3.25881838163055       -1.18056144062996        0.29556620584095
C           -1.76047668899737       -0.90134198350627        0.30771422111628
C           -1.46537141014908        0.52080902569052       -0.16077825331440
C           -0.00431438432011        0.88596059720330       -0.17605531489292
O            0.40639241927177        2.01517358033311       -0.37015768293850
O            0.79813052658621       -0.14447144034505        0.03234484292598
C            2.21477144864004        0.09905525733509        0.02220376793447
C            2.92500260937506       -1.23362491244135        0.15888093208988
H           -3.45609867418433       -2.19357431627180        0.63500751857303
H           -3.78198126826433       -0.48968820333212        0.95219946813061
H           -3.66005389074434       -1.06985175983065       -0.70881102264805
H           -1.24826837270073       -1.61009221528328       -0.34360941931496
H           -1.36900013163522       -1.03713031326699        1.31684499540587
H           -1.97451752153716        1.25319732726244        0.46977444802742
H           -1.83752132972962        0.67015810396946       -1.17795027330325
H            2.47289224154667        0.60605998309101       -0.91346177972299
H            2.45423609456497        0.77378276805511        0.85065919434542
H            2.66650841117072       -1.88121811834714       -0.67357773581371
H            3.99740748138662       -1.06941604404959        0.16534689821930
H            2.63023971566252       -1.71834147432884        1.08469299250057
20
 energy: -27.122022847743 gnorm: 0.000070190509 xtb: 6.7.1 (edcfbbe)
C           -3.25932093792077       -1.18051205770939        0.29490652379599
C           -1.76087346286215       -0.90173468515708        0.30727514575030
C           -1.46534632445037        0.52091924476116       -0.15928351254642
C           -0.00414625472749        0.88523245739254       -0.17722080866983
O            0.40683805218953        2.01353353430396       -0.37592839829775
O            0.79821138725729       -0.14459206164925        0.03444547690516
C            2.21494190483511        0.09905129731898        0.02239118025568
C            2.92569995022212       -1.23327887066880        0.15954544620185
H           -3.45713597089314       -2.19368963933010        0.63351362362099
H           -3.78213209241380       -0.48986750385381        0.95201058592795
H           -3.66038648575633       -1.06875249395565       -0.70939661469581
H           -1.24900011094901       -1.60976478184980       -0.34506608103254
H           -1.36933838888887       -1.03904871367121        1.31614879026602
H           -1.97238706408995        1.25245642546706        0.47395529992474
H           -1.83990833935756        0.67265994464556       -1.17517192972025
H            2.47175765184364        0.60529567928547       -0.91402190174323
H            2.45502243985136        0.77459716099111        0.84997181339254
H            2.66631827320267       -1.88179709095115       -0.67190640546243
H            3.99805650096950       -1.06871583396716        0.16443035374896
H            2.63228816624996       -1.71710759009544        1.08623541553906
20
 energy: -27.122023235169 gnorm: 0.000097307775 xtb: 6.7.1 (edcfbbe)
C           -3.25982005403936       -1.18016749047173        0.29463451093927
C           -1.76116416977240       -0.90236847764134        0.30629363604055
C           -1.46538616088376        0.52088333490175       -0.15822098953950
C           -0.00405140657932        0.88439870267495       -0.17854411853253
O            0.40714825600578        2.01184850056307       -0.38154214246443
O            0.79824468793596       -0.14475774903231        0.03655770219792
C            2.21506206928741        0.09909079159753        0.02297394892263
C            2.92642986891589       -1.23287647597194        0.16026785526059
H           -3.45803614496042       -2.19365918999138        0.63202909178659
H           -3.78171095132050       -0.49004569436801        0.95301562522549
H           -3.66152552235295       -1.06683231373427       -0.70923143764299
H           -1.25024708634381       -1.60960357220271       -0.34765840536712
H           -1.36886629166961       -1.04158264592628        1.31459808381708
H           -1.97045999501494        1.25147851213857        0.47769537802379
H           -1.84214625957875        0.67512861215210       -1.17289073700356
H            2.47066722637491        0.60480666184068       -0.91402413333471
H            2.45566359611096        0.77525806269157        0.84988035760523
H            2.66584334497685       -1.88232067951557       -0.67007501515040
H            3.99874481866487       -1.06793987040083        0.16314039704468
H            2.63476906855493       -1.71585459799686        1.08793439533240
20
 energy: -27.122023771004 gnorm: 0.000138666624 xtb: 6.7.1 (edcfbbe)
C           -3.26026629992253       -1.17980597479414        0.29474182181114
C           -1.76136472230320       -0.90320619571248        0.30447962048576
C           -1.46539904240441        0.52084252320480       -0.15736656016922
C           -0.00393747636868        0.88362341804679       -0.18017670401494
O            0.40741239296007        2.01004844286182       -0.38856436641484
O            0.79827822873350       -0.14461232763209        0.03957019267806
C            2.21516044194657        0.09925146821066        0.02410529537999
C            2.92699444101714       -1.23246527912976        0.16121539081062
H           -3.45879947263848       -2.19383530686806        0.63029196749280
H           -3.78048104415911       -0.49063343755141        0.95542917712782
H           -3.66352160083830       -1.06397908846796       -0.70821450613477
H           -1.25213025123047       -1.60939564586373       -0.35193003063755
H           -1.36742912485825       -1.04497538494797        1.31177422335209
H           -1.96840538932467        1.25019234812322        0.48164976369463
H           -1.84455003423714        0.67809409740006       -1.17065794729002
H            2.46943995341437        0.60454588502326       -0.91346910354640
H            2.45662685673985        0.77585305448137        0.85038803683199
H            2.66444473969329       -1.88287873551545       -0.66774144289839
H            3.99928356298087       -1.06731516007322        0.16115583619454
H            2.63780273511134       -1.71446427948872        1.09015333840766
20
 energy: -27.122024628366 gnorm: 0.000153389562 xtb: 6.7.1 (edcfbbe)
C           -3.26061501389824       -1.17930870414690        0.29537054909730
C           -1.76132002522604       -0.90457236901262        0.30098927127339
C           -1.46543288497631        0.52085315431765       -0.15652772717406
C           -0.00382236002014        0.88277444317519       -0.18284250380628
O            0.40765708643633        2.00753710969242       -0.40005582593896
O            0.79824842860609       -0.14385435135364        0.04481235730570
C            2.21520265095722        0.09965720547929        0.02637808927137
C            2.92732175654823       -1.23197373555889        0.16278614160421
H           -3.45922944364380       -2.19446822768488        0.62745304333245
H           -3.77767944591688       -0.49218259100162        0.96069618437962
H           -3.66727701137524       -1.05889051086945       -0.70570305082293
H           -1.25524507457729       -1.60886083267946       -0.35995634890826
H           -1.36394932352351       -1.05072949482546        1.30630790832275
H           -1.96549056103487        1.24801606406727        0.48735731531972
H           -1.84812943106692        0.68291944144569       -1.16770879848954
H            2.46759711954483        0.60440739106133       -0.91199481328207
H            2.45844062444740        0.77664651864976        0.85181559911386
H            2.66105563074086       -1.88380674606738       -0.66388257907976
H            3.99965078007338       -1.06696690838236        0.15769483090147
H            2.64217539221666       -1.71231243499891        1.09384436074101
20
 energy: -27.122025402257 gnorm: 0.000127943057 xtb: 6.7.1 (edcfbbe)
C           -3.26041929849114       -1.17909145835776        0.29637060691125
C           -1.76084122056870       -0.90581218632183        0.29710543321617
C           -1.46547173157481        0.52106891463219       -0.15609277202093
C           -0.00376974844192        0.88244655654404       -0.18556965870418
O            0.40770701195993        2.00555469971251       -0.41134069943597
O            0.79816181274918       -0.14250667933001        0.04991458886467
C            2.21512528860297        0.10022086935246        0.02883430504130
C            2.92684508540447       -1.23174131046813        0.16438974166604
H           -3.45873289304330       -2.19550621321036        0.62479513816016
H           -3.77415514244631       -0.49440701223582        0.96679864841512
H           -3.67102147175825       -1.05384714951028       -0.70252536261531
H           -1.25803965797920       -1.60812425971257       -0.36848459516994
H           -1.35965560449314       -1.05620516984741        1.30026986253804
H           -1.96292290175262        1.24597747004468        0.49242854142947
H           -1.85151025160384        0.68767903902763       -1.16525487072635
H            2.46613079750168        0.60460648477569       -0.91014960961534
H            2.46039422662712        0.77720960625193        0.85368433558341
H            2.65684300473308       -1.88455746972988       -0.66029539141010
H            3.99924998018585       -1.06743069369869        0.15467712109249
H            2.64524160870071       -1.71064961661138        1.09727863994100
20
 energy: -27.122025990300 gnorm: 0.000104335356 xtb: 6.7.1 (edcfbbe)
C           -3.25973751678606       -1.17925591019031        0.29729487857753
C           -1.76007974820288       -0.90647057299269        0.29415948591918
C           -1.46553611891134        0.52151816206210       -0.15597048223588
C           -0.00381030788037        0.88270037890009       -0.18781163199603
O            0.40765192069272        2.00450530457206       -0.41999211202338
O            0.79796281184222       -0.14096933244283        0.05355876605784
C            2.21496326424439        0.10070658302863        0.03075204621434
C            2.92578238730935       -1.23183503679983        0.16558689530872
H           -3.45729369229149       -2.19678704341735        0.62275314200744
H           -3.77103425371714       -0.49681291917403        0.97185750992380
H           -3.67363386356342       -1.05036016922263       -0.69978085575842
H           -1.25966865267048       -1.60702235830089       -0.37508277163038
H           -1.35569922013832       -1.05996572804145        1.29555906378121
H           -1.96112907791281        1.24457710366460        0.49605944288038
H           -1.85415859854312        0.69143717450757       -1.16356823195833
H            2.46536568864961        0.60481216499188       -0.90855931490194
H            2.46184660259458        0.77749415492587        0.85528701754703
H            2.65315439680672       -1.88499421132401       -0.65796412794871
H            3.99832069690872       -1.06862168450198        0.15320766062186
H            2.64589217588085       -1.70977163893777        1.09948762277474
20
 energy: -27.122026214693 gnorm: 0.000048048096 xtb: 6.7.1 (edcfbbe)
C           -3.25943560375133       -1.17937785682798        0.29759060560650
C           -1.75983861959583       -0.90642052967978        0.29375090672173
C           -1.46559469497934        0.52173353076651       -0.15603912070177
C           -0.00387155283046        0.88287978743032       -0.18807350859358
O            0.40762696248451        2.00464601450056       -0.42015617907046
O            0.79786966510128       -0.14086380356903        0.05302352730948
C            2.21489282417495        0.10071024218308        0.03063515523906
C            2.92543296431413       -1.23195088865363        0.16576099566254
H           -3.45669041993942       -2.19705114572452        0.62273210204804
H           -3.77047828841922       -0.49730910084777        0.97267406974571
H           -3.67382336606486       -1.05014362744696       -0.69920272025176
H           -1.25962707388363       -1.60676740593489       -0.37583881241239
H           -1.35507637642858       -1.06010674499448        1.29493620412199
H           -1.96099723148058        1.24464088638570        0.49629537872649
H           -1.85451075606693        0.69184027099088       -1.16347140428920
H            2.46568768113346        0.60487275161575       -0.90853816640972
H            2.46149132820500        0.77739323275174        0.85533349726058
H            2.65345302719012       -1.88484082352769       -0.65821764962321
H            3.99798796670108       -1.06888287757368        0.15437577464405
H            2.64466045844741       -1.71011749053711        1.09926334742690
20
 energy: -27.122026505618 gnorm: 0.000050732298 xtb: 6.7.1 (edcfbbe)
C           -3.25909162233378       -1.17956492194682        0.29793727068200
C           -1.75954891020053       -0.90635302112523        0.29335590446129
C           -1.46565025376328        0.52199865057148       -0.15605303745984
C           -0.00393352873830        0.88318388903033       -0.18845158794333
O            0.40760939367359        2.00493698303394       -0.42044196577333
O            0.79776594438509       -0.14067166124877        0.05227806630303
C            2.21482927016542        0.10070733402555        0.03036530059036
C            2.92498845624697       -1.23210177563836        0.16601663795942
H           -3.45590790283310       -2.19751496903544        0.62247080656071
H           -3.76978726276139       -0.49810643698417        0.97387029930414
H           -3.67418302113887       -1.04969734004199       -0.69847463738282
H           -1.25963616113771       -1.60631836463961       -0.37683013787284
H           -1.35415919343546       -1.06040324113020        1.29423023990426
H           -1.96078225181642        1.24460558271907        0.49680756048898
H           -1.85503106914922        0.69247745115588       -1.16322665680065
H            2.46613825035938        0.60466520526566       -0.90876612885589
H            2.46115027482153        0.77746747635756        0.85508546054361
H            2.65424559002350       -1.88461888376879       -0.65867414930774
H            3.99758831612840       -1.06923665219302        0.15648143927212
H            2.64255457581593       -1.71057088310006        1.09885331848751
20
 energy: -27.122026805558 gnorm: 0.000043043935 xtb: 6.7.1 (edcfbbe)
C           -3.25867144854745       -1.17974337327244        0.29843196250814
C           -1.75916448890731       -0.90635748899267        0.29270868972684
C           -1.46573337607047        0.52232924976157       -0.15599879889529
C           -0.00401200904038        0.88351616337315       -0.18895813508454
O            0.40754664958949        2.00532355784653       -0.42068962167434
O            0.79763995245374       -0.14047623294662        0.05138030560734
C            2.21473580669019        0.10068685166555        0.02988343156546
C            2.92446585161302       -1.23226753507482        0.16644451504775
H           -3.45501141377574       -2.19809341632274        0.62203369539928
H           -3.76888274972373       -0.49909288356358        0.97557191619559
H           -3.67467539323695       -1.04887623350637       -0.69747364112203
H           -1.25971441286407       -1.60587830719827       -0.37831088297250
H           -1.35296831818876       -1.06098673826842        1.29317073324968
H           -1.96050201192068        1.24448915956539        0.49765403225960
H           -1.85574106165144        0.69344141214075       -1.16281937756123
H            2.46654466909396        0.60419628974451       -0.90935263318599
H            2.46086486985864        0.77773407965711        0.85442885038767
H            2.65558187776700       -1.88435029922018       -0.65919345972585
H            3.99710912873356       -1.06954615331698        0.15953620089227
H            2.63974677243912       -1.71116368076446        1.09838622054315
20
 energy: -27.122027014369 gnorm: 0.000054311094 xtb: 6.7.1 (edcfbbe)
C           -3.25832073239822       -1.17989567287936        0.29893524737589
C           -1.75884711610534       -0.90640021027191        0.29191963256622
C           -1.46579106264663        0.52261834797560       -0.15594688171021
C           -0.00407879350308        0.88382752117635       -0.18919921073676
O            0.40749227105330        2.00562050598277       -0.42094508774475
O            0.79752101017148       -0.14031349272024        0.05063181256392
C            2.21463324361858        0.10063883048624        0.02932291122915
C            2.92403079179814       -1.23238844722880        0.16693428128911
H           -3.45423395850964       -2.19864741704665        0.62152453783046
H           -3.76774626356701       -0.50011824690479        0.97753344627462
H           -3.67551798731491       -1.04779956142018       -0.69631315607641
H           -1.26006644995010       -1.60534569899949       -0.38018964711741
H           -1.35159048925204       -1.06184578127321        1.29182884682683
H           -1.96019725008071        1.24423719024867        0.49856929680606
H           -1.85640891307197        0.69450734771089       -1.16239968814161
H            2.46683454874100        0.60355894723096       -0.91012160126011
H            2.46063173852314        0.77811462080071        0.85355906014600
H            2.65711258395020       -1.88418348340405       -0.65956284440284
H            3.99669402894508       -1.06972089795727        0.16273053859723
H            2.63700769391048       -1.71157998019923        1.09802250884560
20
 energy: -27.122027075302 gnorm: 0.000124415170 xtb: 6.7.1 (edcfbbe)
C           -3.25797001624898       -1.18004797248628        0.29943853224364
C           -1.75852974330337       -0.90644293155114        0.29113057540560
C           -1.46584874922279        0.52290744618963       -0.15589496452513
C           -0.00414557796578        0.88413887897955       -0.18944028638897
O            0.40743789251711        2.00591745411901       -0.42120055381516
O            0.79740206788921       -0.14015075249386        0.04988331952050
C            2.21453068054698        0.10059080930694        0.02876239089285
C            2.92359573198325       -1.23250935938278        0.16742404753047
H           -3.45345650324354       -2.19920141777056        0.62101538026165
H           -3.76660977741029       -0.50114361024600        0.97949497635364
H           -3.67636058139288       -1.04672288933399       -0.69515267103079
H           -1.26041848703613       -1.60481309080071       -0.38206841126232
H           -1.35021266031532       -1.06270482427801        1.29048696040398
H           -1.95989248824074        1.24398522093196        0.49948456135252
H           -1.85707676449251        0.69557328328103       -1.16197999872198
H            2.46712442838805        0.60292160471740       -0.91089056933422
H            2.46039860718764        0.77849516194431        0.85268926990434
H            2.65864329013340       -1.88401666758791       -0.65993222907984
H            3.99627892915660       -1.06989564259756        0.16592487630220
H            2.63426861538183       -1.71199627963400        1.09765879714804
