20
 energy: -27.120821793135 gnorm: 0.036085899048 xtb: 6.7.1 (edcfbbe)
C           -2.41316618743030       -0.81595216471343        1.03401824977365
C           -2.10739234563664       -0.75601679592029       -0.45865028917582
C           -1.42330393167254        0.55993822079775       -0.86618639336046
C           -0.13643082803999        0.78061853366778       -0.12281427768544
O            0.06867242924171        1.67801787127120        0.68040915436353
O            0.78428299047693       -0.15034782710606       -0.43111493558644
C            2.07111675222459       -0.05270596848194        0.26048908380871
C            2.93519237845559       -1.17659018128270       -0.25060802346495
H           -2.93815447030647       -1.74152888849025        1.28882960226210
H           -1.49444489796910       -0.78052303350979        1.63157425011132
H           -3.04381321802819        0.02612789534670        1.33981531307437
H           -3.03464576463355       -0.84034451609715       -1.03540963545956
H           -1.47293105860539       -1.60041896259648       -0.74829930594783
H           -2.07625842085346        1.40981769805167       -0.65285005362660
H           -1.20343593745601        0.54741217012246       -1.93928778851602
H            2.50360159168187        0.92866108553766        0.04420342986513
H            1.88824932691184       -0.13093888913555        1.33647093736700
H            3.90843800202648       -1.13319003209239        0.24714555287353
H            2.48343002731213       -2.14945925694378       -0.03682475831495
H            3.09717984699791       -1.08853459075762       -1.32874708230199
20
 energy: -27.121972623266 gnorm: 0.014256138824 xtb: 6.7.1 (edcfbbe)
C           -2.41280345264436       -0.81241945984601        1.02947046786493
C           -2.10327650880150       -0.75599850024707       -0.45926287619395
C           -1.42394612905666        0.56118563225560       -0.85936945722738
C           -0.13624901914726        0.77129661833065       -0.11206730312809
O            0.07316213756978        1.66896950425875        0.67853230827600
O            0.78067528621207       -0.14686876826410       -0.42105368069511
C            2.06263295830874       -0.05733311983132        0.25320043954186
C            2.94101105418091       -1.17924567869199       -0.25071109327201
H           -2.93263843037642       -1.73663784390114        1.27698691341182
H           -1.49654470685429       -0.76868701917280        1.61924743679551
H           -3.04148476649654        0.02643723586103        1.32620097297998
H           -3.03105447775175       -0.84462430668554       -1.02896088941711
H           -1.45633987741071       -1.59177417198740       -0.73541746815787
H           -2.07820042090333        1.40802979683248       -0.64518449456762
H           -1.19932935640191        0.53994444041918       -1.92781705982543
H            2.48795207438452        0.92692264258914        0.03866693142115
H            1.88071405468321       -0.12937437472819        1.32915054144008
H            3.90895230011191       -1.13259227216615        0.24477536294776
H            2.48326111288052       -2.14303664086509       -0.03972000047341
H            3.08969245221051       -1.09015134649224       -1.32450402166186
20
 energy: -27.122182537966 gnorm: 0.004969644694 xtb: 6.7.1 (edcfbbe)
C           -2.41213709810866       -0.81074830118768        1.02864029966589
C           -2.09646489462430       -0.75809204004889       -0.46002324371306
C           -1.42213425525292        0.56141328696099       -0.85756724787042
C           -0.13084474747273        0.77046775183103       -0.11257607758901
O            0.07651797395420        1.66383439304056        0.68174957546145
O            0.77860731944689       -0.14605207905927       -0.41605800457701
C            2.05328645089557       -0.05907213631661        0.25053685579177
C            2.93684525658314       -1.18152214706422       -0.25326785373622
H           -2.92763476978008       -1.73490630149975        1.27415014649349
H           -1.49901620077199       -0.75852877468819        1.61796536845580
H           -3.04378769102769        0.02581141810339        1.31625065929769
H           -3.02133397797469       -0.85408671617376       -1.02988941275310
H           -1.43948170674115       -1.58677920302226       -0.72732018734878
H           -2.07652267355775        1.40510694356375       -0.63756790471066
H           -1.19645451047805        0.54090774507178       -1.92385686108211
H            2.48062459497401        0.92538274808223        0.03696032690919
H            1.87837010578205       -0.12791202960675        1.32870055217717
H            3.90052143789023       -1.12889221794936        0.24220099214818
H            2.47745138672224       -2.14167434476415       -0.04154695245938
H            3.07977428423910       -1.09061562760504       -1.32531800050161
20
 energy: -27.122222172704 gnorm: 0.001858435877 xtb: 6.7.1 (edcfbbe)
C           -2.41299488726544       -0.80956685882634        1.02848133415109
C           -2.09094134752416       -0.75993695964430       -0.46013567410610
C           -1.42158314478402        0.56218276660548       -0.85744816117603
C           -0.13092643379713        0.76870351304627       -0.10869326332355
O            0.07636411371646        1.66554097475096        0.68360458935788
O            0.77725891076405       -0.14618895309673       -0.41273914246992
C            2.04994593606629       -0.05888632308926        0.24963859848070
C            2.93306248589746       -1.18263231134960       -0.25579068320961
H           -2.92490495139497       -1.73545710458600        1.27452870368280
H           -1.50239676354904       -0.75059315587212        1.62122985987462
H           -3.05006419702579        0.02528193132615        1.30962782720026
H           -3.01217507153956       -0.86256860631870       -1.03413806711725
H           -1.42795260560033       -1.58550787235919       -0.72160256334220
H           -2.07641073498521        1.40464344479253       -0.63542747014366
H           -1.19452983581791        0.54381553079608       -1.92338392329273
H            2.48036269254725        0.92518863087003        0.03704337156263
H            1.88093639241039       -0.12786826477412        1.32940698192239
H            3.89671575077474       -1.12852952535826        0.23861397118203
H            2.47316411918725       -2.14228730871579       -0.04244512351779
H            3.07325585661710       -1.09129118052930       -1.32820813565630
20
 energy: -27.122248818609 gnorm: 0.003021289010 xtb: 6.7.1 (edcfbbe)
C           -2.41552928938794       -0.80807849265984        1.02747088266789
C           -2.08202265966909       -0.76329535245196       -0.45983536548473
C           -1.42137541690992        0.56380334777048       -0.85590497545790
C           -0.12968199470229        0.77317184989759       -0.10810465097853
O            0.07477738625236        1.67162635755842        0.68536663114139
O            0.77631461027332       -0.14410269350576       -0.40855798569484
C            2.04774430946675       -0.05895075603230        0.25022702177774
C            2.92754516808708       -1.18484101747080       -0.25915768426338
H           -2.92028085751916       -1.73799599552480        1.27550942365536
H           -1.50967821383898       -0.73650201306714        1.62759625992779
H           -3.06365713579688        0.02267014451681        1.29857010361691
H           -2.99733233155189       -0.87873539015783       -1.04143576633540
H           -1.40898721847772       -1.58387954510101       -0.71223836039010
H           -2.07946580849431        1.40262901246779       -0.63032187483101
H           -1.19522690021340        0.55090065596875       -1.92234113823460
H            2.48310732241165        0.92387670181372        0.03827345269733
H            1.88579167124471       -0.12847511208849        1.33175088101466
H            3.89358633428344       -1.13177802500882        0.23152158592798
H            2.46697512733148       -2.14437540147697       -0.04347824177618
H            3.06358218190824       -1.09362590778005       -1.33274716892111
20
 energy: -27.122261207095 gnorm: 0.002258201299 xtb: 6.7.1 (edcfbbe)
C           -2.41741838743110       -0.80793213697256        1.02680472422564
C           -2.07974308418769       -0.76401176521353       -0.45921241123041
C           -1.42136208324958        0.56417409336256       -0.85480820577393
C           -0.12984535588651        0.77472238985224       -0.10731630484820
O            0.07520527219424        1.67490949982878        0.68373639291347
O            0.77638950927148       -0.14325691993207       -0.40727609347013
C            2.04893150436928       -0.05883653972102        0.25074185788644
C            2.92673373132430       -1.18535288206644       -0.25997066866448
H           -2.91940211867201       -1.73933070455507        1.27542803720434
H           -1.51360497753439       -0.73199007044165        1.62956897128685
H           -3.06939780267978        0.02070260584545        1.29511229233317
H           -2.99291183000092       -0.88286394935317       -1.04362367488547
H           -1.40388738429914       -1.58313547237639       -0.70887637405847
H           -2.08088496782676        1.40177702281008       -0.62850801267944
H           -1.19613027027825        0.55282779552282       -1.92163665297071
H            2.48459811121697        0.92370197848857        0.03849734389976
H            1.88737589658300       -0.12887348666372        1.33216548015887
H            3.89417291865323       -1.13361323512725        0.22861516644937
H            2.46618092245908       -2.14480560998514       -0.04336550864751
H            3.06118668067201       -1.09477024563468       -1.33391332906989
20
 energy: -27.122281524182 gnorm: 0.000775370125 xtb: 6.7.1 (edcfbbe)
C           -2.42196795642342       -0.80784289036233        1.02536344287072
C           -2.07557691470193       -0.76554245522950       -0.45783734916831
C           -1.42126085774076        0.56481863175677       -0.85166859133552
C           -0.12906265997183        0.77837065038601       -0.10690509524444
O            0.07860002448812        1.68159383457851        0.67888528686365
O            0.77638078469669       -0.14229453086198       -0.40477530336812
C            2.05150066849584       -0.05901798317161        0.25159202919453
C            2.92593060461098       -1.18638146734608       -0.26128171386015
H           -2.91783664491482       -1.74243659876703        1.27421815520033
H           -1.52266371829903       -0.72266159364162        1.63339925710426
H           -3.08224555046145        0.01586751323801        1.28764614549834
H           -2.98444761394313       -0.89023225931224       -1.04769305338763
H           -1.39418949618859       -1.58165341969099       -0.70184717834663
H           -2.08328012955908        1.40004781218710       -0.62315233152656
H           -1.19853482372873        0.55654687070188       -1.91918679205139
H            2.48669909651231        0.92307294917718        0.03801342695140
H            1.89018439002481       -0.12941074849429        1.33266293613721
H            3.89601205982944       -1.13615444126717        0.22267496714686
H            2.46571869467598       -2.14534969143109       -0.04212600205706
H            3.05622632729607       -1.09729781478175       -1.33581920656223
20
 energy: -27.122303146949 gnorm: 0.001973521992 xtb: 6.7.1 (edcfbbe)
C           -2.43096006287766       -0.80794855842916        1.02327383179934
C           -2.06784982655270       -0.76817903254484       -0.45540926447453
C           -1.42070957755874        0.56631127338177       -0.84587455637430
C           -0.12666424181610        0.78339110112735       -0.10589464889803
O            0.08731906701785        1.69315483088347        0.66956696577506
O            0.77564648859591       -0.14257479383009       -0.39947132936921
C            2.05478542513779       -0.05960282756900        0.25229633400832
C            2.92457412147943       -1.18836650112124       -0.26392999979221
H           -2.91465643554461       -1.74898043268632        1.27170346410913
H           -1.54026802074979       -0.70455590415434        1.64117036102010
H           -3.10765022782472        0.00622380950211        1.27319701043783
H           -2.96868558621041       -0.90314043809930       -1.05530663218207
H           -1.37604404956164       -1.57861657242201       -0.68864678170862
H           -2.08610410229255        1.39772990744128       -0.61259212657032
H           -1.20167214535090        0.56347449731410       -1.91424839249008
H            2.48873975187917        0.92195999742772        0.03568255875422
H            1.89576514953233       -0.12949597856898        1.33337448507688
H            3.89869090605233       -1.13819905817725        0.21186842181603
H            2.46555600708289       -2.14636677717176       -0.03903397560164
H            3.04637364425958       -1.10217617463574       -1.33956269527661
20
 energy: -27.122317722480 gnorm: 0.001412703297 xtb: 6.7.1 (edcfbbe)
C           -2.43809496291544       -0.80822802901469        1.02200355396094
C           -2.06203433307122       -0.76990420065977       -0.45377786134955
C           -1.42006269486986        0.56784125447372       -0.84153274330923
C           -0.12384684238050        0.78634360563388       -0.10552367240297
O            0.09507026114050        1.70132023837095        0.66270177035270
O            0.77451327568007       -0.14444495235725       -0.39444137088291
C            2.05585876067705       -0.06021525043637        0.25219599394544
C            2.92344218912383       -1.19002168540660       -0.26608600505088
H           -2.91132945530544       -1.75462724950331        1.26994291860679
H           -1.55452403277986       -0.68996918377251        1.64739386717386
H           -3.12813978537109       -0.00221344565548        1.26180451405211
H           -2.95667014187530       -0.91255417485452       -1.06096124850715
H           -1.36271222619014       -1.57611458142396       -0.67878647975984
H           -2.08695034986534        1.39687453670507       -0.60439290325495
H           -1.20310874804314        0.56897621424525       -1.91028363002894
H            2.48907316854521        0.92105313087602        0.03255438904913
H            1.90125869212268       -0.12852145232036        1.33410113973360
H            3.90005207142821       -1.13782349553671        0.20390771457549
H            2.46591273550171       -2.14747475132700       -0.03603051328542
H            3.03847870314554       -1.10625416036860       -1.34262640355895
20
 energy: -27.122328188714 gnorm: 0.000575925097 xtb: 6.7.1 (edcfbbe)
C           -2.44745108135263       -0.80853854852020        1.02032904142619
C           -2.05545659635808       -0.77175436250522       -0.45182153144687
C           -1.41914084458798        0.56972494135374       -0.83586584287849
C           -0.12011147356033        0.78952780881127       -0.10470783659147
O            0.10470712899948        1.71158591602132        0.65406670261859
O            0.77292864915918       -0.14773978574443       -0.38662534035991
C            2.05718609246452       -0.06095111347118        0.25183898389731
C            2.92224580395003       -1.19214149772583       -0.26879851954579
H           -2.90557564450807       -1.76255518098634        1.26789208219949
H           -1.57333629681721       -0.66989845233254        1.65497723121474
H           -3.15583370830095       -0.01443548211155        1.24693337775461
H           -2.94222265991726       -0.92352276179517       -1.06813152007714
H           -1.34713414553321       -1.57284847239525       -0.66669356697753
H           -2.08729663034872        1.39621680396053       -0.59406051123057
H           -1.20468715463332        0.57585073906074       -1.90515752553485
H            2.48931022029206        0.91989491820474        0.02724459137191
H            1.91017732376004       -0.12636300713884        1.33518501429597
H            3.90207061376538       -1.13690128508589        0.19381349466060
H            2.46700001845628       -2.14904880670748       -0.03170289534106
H            3.02880666976828       -1.11206000322466       -1.34655239939649
20
 energy: -27.122329977110 gnorm: 0.000298853613 xtb: 6.7.1 (edcfbbe)
C           -2.45083120021639       -0.80887733544564        1.01961006399970
C           -2.05371884944607       -0.77214557839910       -0.45118977660968
C           -1.41867958419139        0.57027978932141       -0.83402110274690
C           -0.11880313385628        0.79039544043098       -0.10432501276434
O            0.10763504214565        1.71472481850549        0.65124376752915
O            0.77251488237138       -0.14904671052152       -0.38338901050193
C            2.05793139605398       -0.06100845443870        0.25164436010122
C            2.92198043325754       -1.19284718906520       -0.26958725451431
H           -2.90279596801868       -1.76544464362569        1.26790115280850
H           -1.58028043210633       -0.66261017504473        1.65674651387155
H           -3.16544283557845       -0.01976498451302        1.24193583970942
H           -2.93801272072871       -0.92612415979338       -1.07014234190385
H           -1.34336702387170       -1.57201831150071       -0.66310924000833
H           -2.08695264445000        1.39623093151473       -0.59081684268871
H           -1.20491393902392        0.57803718331562       -1.90345610959104
H            2.48950094190159        0.91961251470560        0.02464768601435
H            1.91423563833162       -0.12491159290031        1.33555757676307
H            3.90277086512232       -1.13673142693777        0.19067588905040
H            2.46742938944411       -2.14948908522832       -0.03010120574374
H            3.02598602755724       -1.11421866271197       -1.34766192271527
20
 energy: -27.122329622741 gnorm: 0.000737833459 xtb: 6.7.1 (edcfbbe)
C           -2.45412884853175       -0.80921569585197        1.01890968381590
C           -2.05201186003840       -0.77252645227160       -0.45057083760775
C           -1.41822769175755        0.57082615020150       -0.83222910916663
C           -0.11751938812603        0.79125137649387       -0.10396940841731
O            0.11049202500700        1.71778529479567        0.64848785851078
O            0.77211067541499       -0.15031862157214       -0.38023832658926
C            2.05864840187706       -0.06106355732986        0.25145499364239
C            2.92171327290261       -1.19353575913916       -0.27035649067642
H           -2.90010950364832       -1.76825353788415        1.26791588066656
H           -1.58705663602008       -0.65553951358304        1.65846749286402
H           -3.17478103721559       -0.02495625400425        1.23707288159760
H           -2.93389139763991       -0.92866584733076       -1.07209574502330
H           -1.33968614430769       -1.57120872923203       -0.65960674791245
H           -2.08661429461788        1.39624807441817       -0.58765530616089
H           -1.20513385452590        0.58017702434615       -1.90180369805736
H            2.48968370147886        0.91933776491307        0.02212065805225
H            1.91818705798011       -0.12349613627997        1.33592349766647
H            3.90344287269180       -1.13655835180607        0.18761577513627
H            2.46784351167376       -2.14992029262929       -0.02853623765442
H            3.02322542210042       -1.11632456858640       -1.34874378462717
20
 energy: -27.122330670181 gnorm: 0.000277424173 xtb: 6.7.1 (edcfbbe)
C           -2.45298714912289       -0.80884990508858        1.01913698445441
C           -2.05330049848744       -0.77236691874163       -0.45090851846567
C           -1.41844347316185        0.57041520426142       -0.83254829971460
C           -0.11817116953802        0.79059304708986       -0.10350824826237
O            0.10951432164285        1.71665580920386        0.64958422547365
O            0.77230477893605       -0.15010933356490       -0.38105380972029
C            2.05886888022940       -0.06104461478652        0.25147783339672
C            2.92221442657146       -1.19327411855545       -0.27002181694993
H           -2.89981005922379       -1.76777249515056        1.26780101552173
H           -1.58470547699198       -0.65636304131298        1.65796668506766
H           -3.17306790654920       -0.02378541185945        1.23834788352622
H           -2.93624201598686       -0.92720789628792       -1.07161974016709
H           -1.34175797640095       -1.57160384477483       -0.66134289685121
H           -2.08668023602795        1.39622520839235       -0.58868814160842
H           -1.20507832375736        0.57907278126854       -1.90208408736525
H            2.48976423406887        0.91941229347531        0.02249523529235
H            1.91733005848344       -0.12375949770507        1.33569863220509
H            3.90368593725429       -1.13685903765752        0.18881500145561
H            2.46798983841293       -2.14970596209853       -0.02907592795717
H            3.02475809434651       -1.11562989843964       -1.34830897927219
20
 energy: -27.122330996033 gnorm: 0.000104737504 xtb: 6.7.1 (edcfbbe)
C           -2.45199962224026       -0.80887404569456        1.01939290948965
C           -2.05452911094659       -0.77196241561602       -0.45118514527707
C           -1.41850542854002        0.57013733979866       -0.83325654105847
C           -0.11862530788211        0.78997073812108       -0.10351357100434
O            0.10840459485915        1.71508547444716        0.65076816236697
O            0.77257266859570       -0.14993131089572       -0.38204979571933
C            2.05894583084342       -0.06092764525940        0.25142638513660
C            2.92264736472910       -1.19301436511070       -0.26955322651442
H           -2.89955512849575       -1.76734622445772        1.26840817517892
H           -1.58244196852791       -0.65779432464565        1.65673045782837
H           -3.17059417407037       -0.02305195049394        1.24038759949337
H           -2.93881472694193       -0.92500952055400       -1.07051529635527
H           -1.34454923929012       -1.57216820391990       -0.66342881585540
H           -2.08646369045651        1.39641457068708       -0.59005642795877
H           -1.20467113091093        0.57812933143152       -1.90270846812820
H            2.48974727666005        0.91956311901055        0.02266569208803
H            1.91642251010255       -0.12369476876856        1.33545502986369
H            3.90361506937476       -1.13709343039988        0.19049566967444
H            2.46798513513793       -2.14947764716514       -0.02963605213150
H            3.02659536269736       -1.11491235284709       -1.34766371105800
20
 energy: -27.122330890753 gnorm: 0.000380825925 xtb: 6.7.1 (edcfbbe)
C           -2.45123223063336       -0.80890573186892        1.01959754007590
C           -2.05552599512453       -0.77162969956077       -0.45139219839992
C           -1.41854774507048        0.56989774393319       -0.83384393639624
C           -0.11901331686181        0.78946379915981       -0.10350362303634
O            0.10748354302051        1.71382996969086        0.65169368065054
O            0.77280020911368       -0.14977739381287       -0.38284290128013
C            2.05904393958037       -0.06082868677822        0.25140286624494
C            2.92301817989968       -1.19279228549423       -0.26916986685026
H           -2.89946943660639       -1.76696572962349        1.26891019486843
H           -1.58061243958686       -0.65906844687570        1.65567758284923
H           -3.16850136180946       -0.02240654293915        1.24208654212856
H           -2.94091128058157       -0.92319632134121       -1.06959271995178
H           -1.34682095028520       -1.57262339007599       -0.66512643453628
H           -2.08630260674421        1.39654571649811       -0.59119037470997
H           -1.20432977444331        0.57735118372809       -1.90322995247453
H            2.48973980375240        0.91969257771220        0.02281760453362
H            1.91568335824854       -0.12365148859326        1.33525849534004
H            3.90359948444130       -1.13728948005528        0.19182804645069
H            2.46800781384674       -2.14927837686879       -0.03007942479110
H            3.02807709054148       -1.11432504916661       -1.34713809065613
20
 energy: -27.122331171505 gnorm: 0.000136498506 xtb: 6.7.1 (edcfbbe)
C           -2.45237370255762       -0.80891363524994        1.01931667291573
C           -2.05489533196789       -0.77182323550543       -0.45124463182552
C           -1.41844807501714        0.57015296241670       -0.83298728662210
C           -0.11847665883214        0.78977199534327       -0.10332348967918
O            0.10878883551709        1.71504370735891        0.65066658849438
O            0.77259317945453       -0.15031929941178       -0.38170736241035
C            2.05923419498427       -0.06091043894855        0.25125279174120
C            2.92290877475180       -1.19311767500495       -0.26948205664002
H           -2.89777377859021       -1.76825895461480        1.26875791443072
H           -1.58322962932429       -0.65554364643947        1.65668346893827
H           -3.17280024815095       -0.02464477727834        1.23986789523902
H           -2.93928104618808       -0.92440210462928       -1.07060362624646
H           -1.34525554336099       -1.57229291787439       -0.66369399155095
H           -2.08620103981407        1.39658461717019       -0.58970226473489
H           -1.20459089870970        0.57826925977041       -1.90244083794857
H            2.48978729672341        0.91952760832379        0.02180747706899
H            1.91715410055900       -0.12315547033954        1.33536161710480
H            3.90381340919695       -1.13721619884848        0.19070965160622
H            2.46816519730260       -2.14951940758643       -0.02949644614650
H            3.02706724872095       -1.11519002098414       -1.34757905367549
20
 energy: -27.122331220696 gnorm: 0.000040404857 xtb: 6.7.1 (edcfbbe)
C           -2.45241710045793       -0.80891552583621        1.01931513467283
C           -2.05493825244426       -0.77174673411589       -0.45127276611821
C           -1.41846937088802        0.57023067081870       -0.83293277629278
C           -0.11839457732014        0.78970216911901       -0.10336786849210
O            0.10894838162183        1.71496929343871        0.65066647001939
O            0.77257736227658       -0.15041121100914       -0.38176910194621
C            2.05916466829682       -0.06094646339600        0.25111258189812
C            2.92293347400134       -1.19320452040862       -0.26943573042868
H           -2.89690067998312       -1.76862492840383        1.26891805492938
H           -1.58342623350780       -0.65464784072643        1.65662889280220
H           -3.17354568136080       -0.02527535936375        1.23972885634550
H           -2.93931117826115       -0.92431743270302       -1.07064070683403
H           -1.34528109271594       -1.57219615078263       -0.66373682230902
H           -2.08613426296000        1.39666098599275       -0.58945815077338
H           -1.20469940792442        0.57847592692004       -1.90240282261466
H            2.48977187133233        0.91946567358942        0.02158101085989
H            1.91718462731744       -0.12303165828263        1.33526357275082
H            3.90374188154062       -1.13722950115350        0.19093822356391
H            2.46812926558521       -2.14958115952523       -0.02944750303110
H            3.02725259054891       -1.11533386650397       -1.34752551894262
