17
 energy: -25.856358010054 gnorm: 0.036890798495 xtb: 6.7.1 (edcfbbe)
C            1.01072641861535       -1.59920232428106        0.30658365185785
O            0.51173914269801       -0.73460748930655       -0.73931577053613
C           -0.22589656282021        0.37793179860625       -0.29291910321350
O            0.49658881450021        1.20917350493955        0.57694633811121
C            1.66225764640737        1.77375416631662       -0.04706585504419
O           -1.35239760764838        0.02712441669395        0.46707319080053
C           -2.29671906160444       -0.75594932050904       -0.28247145753283
H            0.62677113325045       -2.60894696208150        0.13404110445605
H            0.69827490929396       -1.26092643047565        1.29710540166797
H            2.10376874157083       -1.61326948623718        0.25888110799151
H           -0.51040154714801        0.90774020217490       -1.21691814741155
H            2.40738869869087        1.00212661196090       -0.26803956640506
H            2.07823982574007        2.48504263733260        0.66790183806607
H            1.39271390250845        2.29970142261799       -0.97126592535368
H           -2.58031411988603       -0.24114963596497       -1.20876746735546
H           -3.17522292658453       -0.86851974726462        0.35445329269599
H           -1.89103456110948       -1.74475618956711       -0.52155502539456
17
 energy: -25.858005423379 gnorm: 0.014238002200 xtb: 6.7.1 (edcfbbe)
C            1.01099688067094       -1.60119348483750        0.31011743732277
O            0.51436106085783       -0.74016458098837       -0.72691333173594
C           -0.21656723372503        0.36290381417780       -0.28300621490307
O            0.50653000815008        1.19765975471622        0.56531572099250
C            1.66005746671506        1.77638592516272       -0.04953139873747
O           -1.34463745866646        0.01418771777487        0.45550369135576
C           -2.29725930785341       -0.75289800226109       -0.28460899507076
H            0.62233476526898       -2.60454595538518        0.13031802563306
H            0.68600379459941       -1.24291436084156        1.28722402403997
H            2.10084895866994       -1.60742767778186        0.25724289843927
H           -0.49657919438451        0.88663761037438       -1.21534426519853
H            2.39959008660702        1.00679857964790       -0.28158231298005
H            2.06014437606981        2.47609776051539        0.68112804187278
H            1.37786835279398        2.30316279971479       -0.96533221168189
H           -2.57739278591159       -0.22714586120039       -1.20164976944449
H           -3.15997105245103       -0.85713114503383        0.36989750888655
H           -1.88984587093653       -1.73514571879919       -0.53411124139026
17
 energy: -25.858333771674 gnorm: 0.003342726334 xtb: 6.7.1 (edcfbbe)
C            1.01268773542905       -1.60587837715743        0.31506804746336
O            0.51844366165522       -0.74715935326448       -0.72104370402470
C           -0.20876366490580        0.35100244319435       -0.27965684682968
O            0.51116847049739        1.18426889487318        0.55926939208378
C            1.65309626983587        1.77918716866786       -0.05271342001404
O           -1.33340760404567        0.00517841584357        0.44999049909562
C           -2.29572201399255       -0.74552643231080       -0.28690030520907
H            0.62491413933063       -2.60753570057368        0.13536280384348
H            0.68194192266612       -1.24078143869980        1.28680996122308
H            2.10090225612865       -1.61118695179897        0.26489203272413
H           -0.48676167888152        0.87249092394893       -1.22000264516597
H            2.39504357385894        1.01894036636527       -0.30442532178164
H            2.04585615655980        2.46550242126850        0.69154307044679
H            1.36041607927040        2.31778547717602       -0.95720331454028
H           -2.58346183576686       -0.20636905161793       -1.19263426679324
H           -3.14432415906652       -0.84979161768087        0.38260344733317
H           -1.89554646209869       -1.72486001327860       -0.55629182245458
17
 energy: -25.858426072024 gnorm: 0.002518448005 xtb: 6.7.1 (edcfbbe)
C            1.01567985393133       -1.61232189421402        0.32004450595947
O            0.52387949645780       -0.75568264365444       -0.71940619081864
C           -0.20305505076744        0.34261350857819       -0.27987111179681
O            0.51405842207453        1.17595627760016        0.55710800656647
C            1.64814604102573        1.78429741554391       -0.05488278382440
O           -1.32651489917719       -0.00023975573576        0.44814220804024
C           -2.29738248648383       -0.73896262049952       -0.28848990872404
H            0.62910803827166       -2.61454733402690        0.14181550697362
H            0.68183498297594       -1.24564149686465        1.29021347158931
H            2.10399999491041       -1.61730769393889        0.27403971727875
H           -0.47984522778885        0.86273037996400       -1.22460701622394
H            2.39209273759794        1.03153716229372       -0.32520909287666
H            2.04284309193422        2.46042972753557        0.69705514041279
H            1.34601363398456        2.33521413852361       -0.94944321827658
H           -2.59347472761225       -0.18707645828643       -1.18443653875937
H           -3.13813265885191       -0.84983867547059        0.38918133806716
H           -1.90276839600820       -1.71589286239284       -0.57658642618717
17
 energy: -25.858515184197 gnorm: 0.003511550984 xtb: 6.7.1 (edcfbbe)
C            1.01891712647707       -1.61940632137200        0.32649274410776
O            0.53030033141834       -0.76580396538804       -0.71832503694989
C           -0.19757225639670        0.33482338862822       -0.28213813990410
O            0.51709826811404        1.16864770641692        0.55472566786331
C            1.64375130310651        1.79050093632357       -0.05733077338269
O           -1.32056723744037       -0.00508622590147        0.44603880517714
C           -2.30023109803706       -0.73233659009752       -0.29030692734117
H            0.63428524171331       -2.62295748968230        0.14992504521456
H            0.68076153112598       -1.25144740052155        1.29494511617150
H            2.10779200428821       -1.62328742199743        0.28623914207966
H           -0.47248764459343        0.85253904217336       -1.23094949765633
H            2.38704094811960        1.04465638425142       -0.35066507301719
H            2.04605394049938        2.45257573965656        0.70314442570736
H            1.33157845043807        2.35843667679882       -0.93868035674294
H           -2.60914627739283       -0.16546217983227       -1.17344273814929
H           -3.13197879731998       -0.85664043968402        0.39622029683440
H           -1.90911298764569       -1.70448466481714       -0.60122509261188
17
 energy: -25.858603904172 gnorm: 0.004262077225 xtb: 6.7.1 (edcfbbe)
C            1.02249061225662       -1.62741121627097        0.33516355674313
O            0.53743337840308       -0.77755214501180       -0.71544496229828
C           -0.19184647591639        0.32671189225203       -0.28437592268053
O            0.52120234526863        1.16176877499936        0.55247063894268
C            1.63922102438890        1.79744487290019       -0.06123819417530
O           -1.31542778640356       -0.01039517552430        0.44402266231054
C           -2.30354907773999       -0.72507016710532       -0.29337929508737
H            0.64103486768270       -2.63256898173198        0.15924364876098
H            0.67809522172415       -1.25821367521200        1.30107679881159
H            2.11191149384757       -1.62882212384144        0.30170003998859
H           -0.46399736210343        0.84063113251957       -1.23650008239744
H            2.37818920088898        1.05833858947192       -0.38364941490659
H            2.05446447759399        2.44085824395273        0.70882750979959
H            1.31464106406424        2.38739060051029       -0.92447363039501
H           -2.62937629414395       -0.13934735537758       -1.15897078753354
H           -3.12435362552424       -0.86958540148181        0.40295496177185
H           -1.91365021781287       -1.68891069009374       -0.63275992025468
17
 energy: -25.858690340905 gnorm: 0.004626524768 xtb: 6.7.1 (edcfbbe)
C            1.02654360319767       -1.63660785923833        0.34631540781583
O            0.54500328143482       -0.79078529394969       -0.70962819542759
C           -0.18554307277485        0.31760223493828       -0.28497476144724
O            0.52694107031318        1.15448276887335        0.55129525825826
C            1.63376832621900        1.80492809001365       -0.06724798830103
O           -1.31066323209571       -0.01700478598008        0.44308365924719
C           -2.30679839817324       -0.71644242982301       -0.29819562859231
H            0.65013063020410       -2.64362064836938        0.16931241897096
H            0.67387426962099       -1.26719231745958        1.30909168553842
H            2.11636433918303       -1.63371837767168        0.32071197613831
H           -0.45439296833185        0.82687015153354       -1.23933512544897
H            2.36456805605092        1.07333551069340       -0.42554979928134
H            2.06721710259258        2.42555188633534        0.71216764856146
H            1.29301168446254        2.42064670489312       -0.90684326300700
H           -2.65190315520987       -0.10735813987152       -1.14077190061150
H           -3.11501033742843       -0.88751784140393        0.40758213459954
H           -1.91662835279043       -1.66790247855832       -0.67234591961280
17
 energy: -25.858768827531 gnorm: 0.004597160178 xtb: 6.7.1 (edcfbbe)
C            1.03150792519563       -1.64764510036306        0.35971015219822
O            0.55296820391916       -0.80559631105613       -0.70043618672897
C           -0.17823154871489        0.30670874228678       -0.28264439240992
O            0.53484163802451        1.14588556478268        0.55221716454527
C            1.62661294058304        1.81309727818823       -0.07563147557951
O           -1.30574001731494       -0.02575624298520        0.44431030960088
C           -2.30981796405989       -0.70558908960709       -0.30485935201677
H            0.66276974426395       -2.65690490911642        0.17911803223501
H            0.66827959339041       -1.28038558602948        1.31919868653994
H            2.12158226750243       -1.63791136413209        0.34337007383400
H           -0.44382014787717        0.81132841633369       -1.23803428022041
H            2.34577320017586        1.09112292577808       -0.47565564412043
H            2.08291024787392        2.40859725778718        0.71062103482290
H            1.26483261787579        2.45564530191209       -0.88623990172434
H           -2.67361825978343       -0.06878913599308       -1.11894530154038
H           -3.10494365306029       -0.90801873022402        0.40773456436974
H           -1.91942394151966       -1.64052184260696       -0.71916587640501
17
 energy: -25.858827104142 gnorm: 0.002556846112 xtb: 6.7.1 (edcfbbe)
C            1.03528164382479       -1.65558430299000        0.36883746677047
O            0.55747877779173       -0.81507676428643       -0.69214701983917
C           -0.17316406411005        0.29877501362925       -0.27795745072298
O            0.54168853358733        1.13946687813412        0.55527934550131
C            1.62078219381236        1.81804047030683       -0.08264398745434
O           -1.30269591757176       -0.03318397279102        0.44772515453387
C           -2.31110578987863       -0.69715562684679       -0.31024640461663
H            0.67440197779051       -2.66667215755347        0.18298279078182
H            0.66327721368212       -1.29300427440086        1.32657302861968
H            2.12532703776286       -1.63855720284892        0.35954560950705
H           -0.43750961997031        0.80151668848692       -1.23255443629449
H            2.33000904285229        1.10393670838636       -0.50939094091399
H            2.09363174198664        2.39924180741290        0.70310083102396
H            1.24248757647193        2.47393466522340       -0.87250718176715
H           -2.68244537598710       -0.04142479039278       -1.10346189620933
H           -3.09967516349088       -0.92026410678653        0.40185715178491
H           -1.92128696207941       -1.61872185772777       -0.75032445330481
17
 energy: -25.858855057587 gnorm: 0.002110459707 xtb: 6.7.1 (edcfbbe)
C            1.03790353520027       -1.66122430192806        0.37791691611836
O            0.56088661163768       -0.82323428431956       -0.68472298130001
C           -0.16824898917947        0.29083933746772       -0.27281814401236
O            0.54966764762143        1.13100744814530        0.55874683944479
C            1.61550151311833        1.82083489801331       -0.09007867474948
O           -1.29854640383981       -0.04233219308517        0.45165027666546
C           -2.31111972955440       -0.68971051205963       -0.31580727072575
H            0.68666393746178       -2.67452237218311        0.18666590443962
H            0.65475715248863       -1.30334907147712        1.33326785888090
H            2.12783050528919       -1.63499857550133        0.37783828894512
H           -0.43264682422818        0.79368532123243       -1.22653202201266
H            2.31396934155748        1.11357158809277       -0.54534060107937
H            2.10499148515864        2.38763816072686        0.69638933933176
H            1.21888384338128        2.49122541205284       -0.85872941747991
H           -2.68996588670692       -0.01315240611776       -1.08780843840483
H           -3.09330253014820       -0.93333587173458        0.39696496131361
H           -1.92074236278333       -1.59767540236971       -0.78293522797503
17
 energy: -25.858863706645 gnorm: 0.001935836013 xtb: 6.7.1 (edcfbbe)
C            1.03881808006390       -1.66242962997631        0.38026488022019
O            0.56059154972568       -0.82508095215143       -0.68200510131085
C           -0.16672171673325        0.28780202859719       -0.26878984010303
O            0.55349701254236        1.12729673564354        0.56163538677477
C            1.61334630688309        1.82011779473237       -0.09328377755961
O           -1.29728487190136       -0.04644949559333        0.45503180401892
C           -2.31020947128662       -0.68673091979853       -0.31769636080494
H            0.69578065769310       -2.67738502600995        0.18401831971431
H            0.64801210724109       -1.31009816935682        1.33466638122547
H            2.12842214915504       -1.62821409052453        0.38636870786171
H           -0.43290117274313        0.79317402975158       -1.22104320374667
H            2.30636270349315        1.11556629811092       -0.55554610503045
H            2.10889042718289        2.38555812078241        0.68887690535465
H            1.20977090353927        2.49063565042963       -0.85492338480267
H           -2.68678079184214       -0.00416367549162       -1.08241457838541
H           -3.09313039898687       -0.93557310218303        0.39081269944569
H           -1.91998062755178       -1.58875842200688       -0.79130512547187
17
 energy: -25.858869486015 gnorm: 0.001061101436 xtb: 6.7.1 (edcfbbe)
C            1.04028244433377       -1.66505051017301        0.38490737397490
O            0.56234742788500       -0.83014480768134       -0.67978899745858
C           -0.16420326043931        0.28357753237483       -0.26744972810325
O            0.55698274650274        1.12287332360358        0.56225818276353
C            1.61104838456336        1.82124659281235       -0.09653429550012
O           -1.29510203663809       -0.05014073182223        0.45610867163231
C           -2.31070648646065       -0.68291866664996       -0.31965225440337
H            0.70551316579741       -2.68207309393648        0.18511525506346
H            0.64048418454348       -1.31635001597079        1.33710849166538
H            2.12974630838778       -1.62298674245284        0.39888962733278
H           -0.43057503260575        0.78934190336981       -1.21994849196933
H            2.29896091835873        1.11981747125116       -0.57476432874066
H            2.11576360545643        2.37806199715159        0.68743388618595
H            1.19943555884212        2.50156936491571       -0.84744545492044
H           -2.69352411166996        0.01008473768647       -1.07404282817582
H           -3.08977748928862       -0.94295449366915        0.39067585595643
H           -1.92019348109404       -1.57868668585450       -0.80820335790297
17
 energy: -25.858875500413 gnorm: 0.000575135758 xtb: 6.7.1 (edcfbbe)
C            1.04013879282591       -1.66395875280918        0.38356881056943
O            0.56114364736135       -0.82943938029876       -0.68133711984449
C           -0.16508301509152        0.28466906717748       -0.26848219221780
O            0.55595750234145        1.12372317166510        0.56136985602052
C            1.61203938975071        1.82010502582621       -0.09557657371665
O           -1.29582948174933       -0.04834693790485        0.45547583377494
C           -2.31092709095331       -0.68363260843329       -0.31829648645427
H            0.70963067983626       -2.68185577280514        0.18158000337503
H            0.63701074647265       -1.31816017630319        1.33525883067000
H            2.12931277234322       -1.61794019073467        0.40014184317452
H           -0.43164360994581        0.79073519271973       -1.22129408334825
H            2.30117585531992        1.11776051901499       -0.56972077966960
H            2.11473913062567        2.37886496308656        0.68803563243509
H            1.20363603531990        2.49873715364835       -0.84936838709216
H           -2.69282766325631        0.00580237753423       -1.07596651776725
H           -3.09110641234293       -0.94035417856957        0.39173548293179
H           -1.92088443238344       -1.58144229785879       -0.80245654544065
17
 energy: -25.858890904595 gnorm: 0.001413657686 xtb: 6.7.1 (edcfbbe)
C            1.04011202426864       -1.66207778510849        0.38227678101034
O            0.55742726577549       -0.82997073753583       -0.68354908412535
C           -0.16644308167288        0.28582042022943       -0.26982086385802
O            0.55560231446035        1.12384789987540        0.55964686626585
C            1.61407261487290        1.81734074686068       -0.09529001253395
O           -1.29680150424160       -0.04552428637367        0.45520927990171
C           -2.31171672957426       -0.68352820000031       -0.31562377103082
H            0.72967701167694       -2.68404938103397        0.16894047414414
H            0.61925754375739       -1.32959694093235        1.33112054010142
H            2.12821164239495       -1.59716621841688        0.41263599049417
H           -0.43345743220111        0.79225972394863       -1.22316649130412
H            2.30430810015228        1.11444987099712       -0.56450866952245
H            2.11491659930833        2.37833562841793        0.68698595496234
H            1.21018218118046        2.49366008614510       -0.85232376505437
H           -2.69385957363852        0.00224599555233       -1.07632272349122
H           -3.09245161760888       -0.93750837123963        0.39466925297604
H           -1.92255451243606       -1.58327127643029       -0.79621215153550
17
 energy: -25.858588976038 gnorm: 0.017739124097 xtb: 6.7.1 (edcfbbe)
C            1.04028970994403       -1.65246204099784        0.37735429584981
O            0.53362165890644       -0.83748905522296       -0.69452677496948
C           -0.17307750539555        0.29062844834551       -0.27678444063284
O            0.55820569446795        1.11996638118801        0.55015754043127
C            1.62598815183688        1.80095430677177       -0.09741509340248
O           -1.30342750530063       -0.02675893640808        0.45374249853644
C           -2.31761381583298       -0.67953609674581       -0.30003331798914
H            0.87342634455472       -2.70259653058713        0.08308759730970
H            0.49355887801048       -1.41607157866942        1.30572844555419
H            2.12006096032173       -1.45390487852913        0.50782827060646
H           -0.44096286481485        0.79955491292156       -1.23286974134139
H            2.31682784729340        1.09522971122166       -0.55622526316067
H            2.12536426396904        2.36417556929056        0.68256147953394
H            1.23857030968095        2.47671836562812       -0.86237648244224
H           -2.69863847954993       -0.01706486232455       -1.07692143526784
H           -3.10160989635566       -0.91776582374318        0.40875421458026
H           -1.93410090526159       -1.58831071718394       -0.75739418579577
17
 energy: -25.858940110978 gnorm: 0.004844246171 xtb: 6.7.1 (edcfbbe)
C            1.03970523293135       -1.65451614185664        0.37778108418084
O            0.54253891891543       -0.83231108334586       -0.69057153452480
C           -0.17161174095673        0.29053800382893       -0.27469257290040
O            0.55531392092263        1.12340859116126        0.55380795963029
C            1.62212163184992        1.80743838176935       -0.09491456426906
O           -1.30195741583856       -0.03302159455043        0.45340220276908
C           -2.31531403345997       -0.68336454896699       -0.30645270802125
H            0.80586842771139       -2.68947980779430        0.12326769235702
H            0.55568027306987       -1.37474302864657        1.31538509250167
H            2.12110807453481       -1.51998201084398        0.45953752480224
H           -0.43844843886270        0.79769360242418       -1.22959920452811
H            2.31485315379742        1.10082073159947       -0.55299401420725
H            2.11851705535239        2.37176306748440        0.68717717533586
H            1.23082877850034        2.48097898143552       -0.86076328553438
H           -2.69509266120611       -0.01445208623849       -1.08106250650453
H           -3.09885463689182       -0.92390020022945        0.40376538126467
H           -1.92877369389526       -1.59160368227524       -0.76840611495165
17
 energy: -25.858966757071 gnorm: 0.003678721260 xtb: 6.7.1 (edcfbbe)
C            1.04003290100063       -1.65439946601166        0.37852861466720
O            0.54214373173737       -0.83310341711726       -0.68931684161496
C           -0.17146782562343        0.28986861352155       -0.27387751938493
O            0.55596762683161        1.12304547145111        0.55399414733783
C            1.62208413849247        1.80705034507793       -0.09623665387732
O           -1.30199119567248       -0.03364758946798        0.45436045557821
C           -2.31587409946764       -0.68257666076294       -0.30702616354655
H            0.81408912739105       -2.68867735959725        0.12047434682051
H            0.55142478416620       -1.38128548798450        1.31446416835574
H            2.11899521927423       -1.51379361636650        0.46561587681941
H           -0.43831694681527        0.79684168603321       -1.22832353321933
H            2.31362278693954        1.10017233335464       -0.55400924968308
H            2.11915823645814        2.37150340308641        0.68475284241234
H            1.23002880230990        2.47924366100639       -0.86151897026848
H           -2.69742106474464       -0.00963420617884       -1.07905042302521
H           -3.09803533228418       -0.92566005282470        0.40503222570280
H           -1.92795804351909       -1.58968048226445       -0.77319571567394
17
 energy: -25.859022470831 gnorm: 0.002496830698 xtb: 6.7.1 (edcfbbe)
C            1.04016550201261       -1.65389659254706        0.37982664486802
O            0.53877491638166       -0.83569080679447       -0.68688192767915
C           -0.17138639036929        0.28898529461109       -0.27205115738141
O            0.55889223069318        1.12086759619232        0.55487195871280
C            1.62317781194110        1.80517534125036       -0.09971854780076
O           -1.30308658164858       -0.03223778044185        0.45638213964401
C           -2.31728749463425       -0.68043701067002       -0.30700349301141
H            0.84478767548590       -2.68789989147156        0.10646206881761
H            0.53064768610049       -1.40483525225446        1.30959604886373
H            2.11181177366278       -1.48817675594024        0.48793199522594
H           -0.43770539515808        0.79599564581189       -1.22550777516656
H            2.31178163967217        1.09753005788557       -0.56192230921677
H            2.12361542583265        2.36741149570153        0.68083106105426
H            1.22724005511797        2.47890319110108       -0.86170194898857
H           -2.69856425833569       -0.00502300614553       -1.07755490862685
H           -3.09867427077955       -0.92455088653181        0.40601688098780
H           -1.92770747950063       -1.58685346480167       -0.77490912290246
17
 energy: -25.859112579960 gnorm: 0.010336674190 xtb: 6.7.1 (edcfbbe)
C            1.04069318658739       -1.65231877771926        0.38492195120344
O            0.52426474441671       -0.84722765472344       -0.67960575214140
C           -0.17124900790829        0.28565233629449       -0.26674939145957
O            0.57064962005037        1.11212806552056        0.55594801905419
C            1.62810351373004        1.79742342876138       -0.11339291046427
O           -1.30694732722147       -0.02514325911845        0.46342117512385
C           -2.32314777776851       -0.67107439392782       -0.30447985229068
H            0.98076137088761       -2.69055257587969        0.04148170366108
H            0.43317746630593       -1.50678386421728        1.28851360490116
H            2.08468047758793       -1.37375201707241        0.58807224561629
H           -0.43577642433764        0.79283528422505       -1.21751706593739
H            2.30456223449414        1.08741736359659       -0.59374714019876
H            2.14326880546168        2.34954864731752        0.66597162266030
H            1.21892585625114        2.47888503865926       -0.86214369156048
H           -2.70482283850139        0.01210099647640       -1.06994755873729
H           -3.10147460572502       -0.91861619161877        0.41210107520488
H           -1.92918644783618       -1.57525525161900       -0.77818042723511
17
 energy: -25.859145607874 gnorm: 0.001389637977 xtb: 6.7.1 (edcfbbe)
C            1.04047599279974       -1.65458943887840        0.38348359620444
O            0.53134195523821       -0.84304987216529       -0.68254638514568
C           -0.17058664407170        0.28645129387618       -0.26884751495477
O            0.56653491228347        1.11484444249287        0.55603908471924
C            1.62502303558757        1.80227008839405       -0.10753289984144
O           -1.30482082057719       -0.02850313255693        0.46008399051737
C           -2.32012430539463       -0.67457435629017       -0.30595685138061
H            0.91750423587681       -2.68913076202719        0.07383065485701
H            0.48043732126355       -1.46085281553885        1.29788457610060
H            2.09558456365033       -1.43043283789727        0.54279242616265
H           -0.43546954045424        0.79367602217052       -1.22109140041132
H            2.30572131087043        1.09439386015039       -0.58674099715387
H            2.13679626114543        2.35524691873451        0.67448312943403
H            1.21812044575228        2.48540152820740       -0.85834030426770
H           -2.69935043595676        0.00353173053204       -1.07427656263210
H           -3.10107471996663       -0.91976929007098        0.40656675649366
H           -1.92963072157226       -1.57964620417773       -0.77516369130128
17
 energy: -25.859215010143 gnorm: 0.004353766750 xtb: 6.7.1 (edcfbbe)
C            1.04069627568366       -1.65513661101655        0.38584893104809
O            0.52631666609907       -0.84829889484516       -0.68045728264593
C           -0.17007713718650        0.28472962461995       -0.26735829044270
O            0.57149454680511        1.11091682103920        0.55585333632458
C            1.62643748952783        1.80020800792796       -0.11258280495202
O           -1.30555544566044       -0.02583164572657        0.46231772625882
C           -2.32216637419224       -0.67039138061568       -0.30430809868766
H            0.97164870507535       -2.68985371461613        0.04921133158268
H            0.44279033381487       -1.50288616107274        1.28834194850564
H            2.08320555428477       -1.38797077399363        0.58351684970813
H           -0.43412864698816        0.79189611978936       -1.21932871483832
H            2.30258119063482        1.09285978278455       -0.60159321168984
H            2.14486053073433        2.34784919793334        0.66975116792945
H            1.21389374682769        2.48876635736608       -0.85682668420078
H           -2.70083391615394        0.00947786156176       -1.07148841764944
H           -3.10267328679747       -0.91588573302662        0.40859220849490
H           -1.93200738603431       -1.57518168315397       -0.77482238734534
17
 energy: -25.859257493349 gnorm: 0.001458019317 xtb: 6.7.1 (edcfbbe)
C            1.04007503752366       -1.65650132123225        0.38594029894763
O            0.52933990969670       -0.84776730120563       -0.68110448791905
C           -0.16915351424356        0.28421776744044       -0.26776179344267
O            0.57190645332737        1.11105837466437        0.55509753014598
C            1.62594373442171        1.80086162960176       -0.11314542578842
O           -1.30396599722420       -0.02668966842752        0.46246094013588
C           -2.32188017539675       -0.66966940500060       -0.30299565094790
H            0.98134384801004       -2.68813730583426        0.04562922487387
H            0.43567799813248       -1.51363131079635        1.28288136194114
H            2.07693138969507       -1.38413123129997        0.59322696713118
H           -0.43375455123063        0.79155482808161       -1.22005849209387
H            2.30153542299654        1.09523730091002       -0.60228034420764
H            2.14522714382924        2.34876834636681        0.66725685478530
H            1.21421076453242        2.48864421938341       -0.85676490686103
H           -2.70029176150796        0.01037351295668       -1.07046468003080
H           -3.10282852540558       -0.91355211638135        0.41029775843494
H           -1.93383433068212       -1.57536914427204       -0.77354754770429
17
 energy: -25.859315745134 gnorm: 0.002403500207 xtb: 6.7.1 (edcfbbe)
C            1.03840180934406       -1.66076372382824        0.38681980325004
O            0.53705300308234       -0.84694348218106       -0.68202046055558
C           -0.16610600856055        0.28265409147432       -0.26815329876219
O            0.57381720736753        1.11214045879838        0.55310554234981
C            1.62521842016176        1.80295863940824       -0.11597970784087
O           -1.29877532399718       -0.02949966722678        0.46352983704440
C           -2.32074451701262       -0.66734989350925       -0.29906672225107
H            1.01248813545640       -2.68530800424619        0.02877170980663
H            0.40800807259658       -1.54671467340476        1.26752909479338
H            2.06064463021931       -1.36767461290283        0.62539877761636
H           -0.43262125106650        0.78913893557689       -1.22138161834013
H            2.30016426166703        1.09970976580649       -0.60565449563575
H            2.14604675464082        2.35186825774655        0.66138634316822
H            1.21291374938687        2.48958233038708       -0.85823105306848
H           -2.69764124193347        0.01349666723631       -1.06718284373397
H           -3.10281472421276       -0.90590561042932        0.41537478565673
H           -1.93957013066519       -1.57612230375071       -0.76957808609732
17
 energy: -25.859379487787 gnorm: 0.002419357599 xtb: 6.7.1 (edcfbbe)
C            1.03619291951761       -1.66525387837815        0.38764309954155
O            0.54252954705513       -0.84679587878348       -0.68206891822759
C           -0.16319892117617        0.28143489188767       -0.26787456525048
O            0.57624672464996        1.11373486720718        0.55137205479487
C            1.62516154003062        1.80548469615566       -0.11970737811255
O           -1.29365952463016       -0.03212112387111        0.46537168202606
C           -2.31947585137100       -0.66487957944512       -0.29530764934177
H            1.04583453153427       -2.68355788356887        0.00897458395785
H            0.37742778808497       -1.58230259993642        1.25253036188119
H            2.04426660364848       -1.34947679338902        0.66026514840136
H           -0.43168666896123        0.78648134116436       -1.22167307242280
H            2.30085625624175        1.10315861816763       -0.60938561543160
H            2.14620747604996        2.35661375961227        0.65595835638193
H            1.21072694062373        2.49057713598389       -0.86209131033325
H           -2.69490433865762        0.01752440514687       -1.06300123760740
H           -3.10180428895942       -0.89954545404846        0.42035620350051
H           -1.94423788720645       -1.57580934894977       -0.76669413635765
17
 energy: -25.859431209772 gnorm: 0.006253250376 xtb: 6.7.1 (edcfbbe)
C            1.03167336682217       -1.67354184476271        0.38882449900290
O            0.54886970058199       -0.84804800034820       -0.68090437053532
C           -0.15828114932240        0.27947193322050       -0.26640790692121
O            0.58140709126705        1.11647347332335        0.54883326342012
C            1.62559411672126        1.81044411493710       -0.12698036945914
O           -1.28531935815176       -0.03581863152043        0.46953220659640
C           -2.31720226716344       -0.66016172591447       -0.28917794210550
H            1.10588605756054       -2.68023429132283       -0.02580450150209
H            0.32473141434695       -1.64714154173624        1.22590503829297
H            2.01368994223113       -1.31783412194716        0.72184275081343
H           -0.42990288708018        0.78172665684452       -1.22080814925466
H            2.30409972478043        1.10901432743521       -0.61611734918776
H            2.14552652859110        2.36693848818812        0.64656840005040
H            1.20568717928708        2.49199120746660       -0.87091479246135
H           -2.68987646137151        0.02549178366575       -1.05535609407721
H           -3.09939412270466       -0.88971446678097        0.42830726263509
H           -1.95070602992128       -1.57379018579301       -0.76267433790683
17
 energy: -25.859461688023 gnorm: 0.002953362168 xtb: 6.7.1 (edcfbbe)
C            1.03299404335292       -1.67193012248861        0.38845394037293
O            0.54507529322173       -0.84925275226407       -0.68020775937110
C           -0.15957952416736        0.27964914166090       -0.26597477319184
O            0.58089749714956        1.11536202942007        0.54984263283056
C            1.62563750803135        1.80943602315140       -0.12586448981876
O           -1.28775284906649       -0.03457846169068        0.46920277569537
C           -2.31809277685534       -0.66055468236502       -0.29095804710587
H            1.09583488391010       -2.68007142833024       -0.01770183987187
H            0.33817181665659       -1.63524949054355        1.23097872987912
H            2.01883744314532       -1.32409251039053        0.70866194111084
H           -0.43019393681177        0.78227360158644       -1.22003200775589
H            2.30400557494706        1.10734925898136       -0.61585449542995
H            2.14546876698659        2.36482245773703        0.64908650217139
H            1.20532769055231        2.49212810928494       -0.86941482132025
H           -2.68983800313398        0.02444178797272       -1.05790589905580
H           -3.10077536710580       -0.89058270879249        0.42558377797834
H           -1.94953521433836       -1.57388307797455       -0.76322855971699
17
 energy: -25.859499147971 gnorm: 0.002386976321 xtb: 6.7.1 (edcfbbe)
C            1.03288442461394       -1.67374195276650        0.38861987455588
O            0.54222471262374       -0.85222575242781       -0.67824883919494
C           -0.15907666597629        0.27859978428372       -0.26427390165279
O            0.58333770988408        1.11413556676165        0.55027888559427
C            1.62587783145994        1.81005550117778       -0.12823943882861
O           -1.28768974454992       -0.03407197503190        0.47124125632362
C           -2.31881066311503       -0.65814965572305       -0.29041123856898
H            1.11692244019506       -2.67694679041189       -0.02463631171736
H            0.32963324149736       -1.65551353831449        1.22364428180335
H            2.00884508275610       -1.31381972991027        0.72326590558668
H           -0.42937062895764        0.78082003732899       -1.21798753231067
H            2.30523243273651        1.10816623695761       -0.61960481115912
H            2.14537996405721        2.36665499661896        0.64692403337136
H            1.20203532144798        2.49214548787260       -0.87178629249791
H           -2.68711175035150        0.02756075229806       -1.05797951936367
H           -3.10250046974533       -0.88595200415288        0.42539429465446
H           -1.95133039210175       -1.57244978960545       -0.76153303919534
17
 energy: -25.859561016180 gnorm: 0.005493304012 xtb: 6.7.1 (edcfbbe)
C            1.03275543048230       -1.67845108403009        0.38950337954362
O            0.53600948394681       -0.86016067512582       -0.67368484648850
C           -0.15736547271794        0.27528802293115       -0.26000337521924
O            0.59092175928294        1.10899419405138        0.55135974696549
C            1.62635780515809        1.81057669924902       -0.13493688776016
O           -1.28771889171274       -0.03193659707286        0.47683166105688
C           -2.32132480989918       -0.65087549916612       -0.28814313897183
H            1.18396085674169       -2.66632968163717       -0.04714434886274
H            0.30011686696563       -1.71961080855227        1.20106842439048
H            1.97804909544830       -1.27784947703598        0.77008865368090
H           -0.42668493964949        0.77760313756365       -1.21281217182703
H            2.30724156411062        1.11114141578466       -0.63020094727189
H            2.14629466889629        2.37059906742883        0.63815143252271
H            1.19366953916351        2.48979927376583       -0.87748738386661
H           -2.68084319724241        0.03663751916799       -1.05752566118482
H           -3.10806156272872       -0.87231050574922        0.42576101856904
H           -1.95689534977124       -1.56784782661785       -0.75615794787605
17
 energy: -25.859601762827 gnorm: 0.004215182079 xtb: 6.7.1 (edcfbbe)
C            1.03440741801971       -1.67793366136598        0.38992283044566
O            0.53104109629436       -0.86424474054344       -0.67238684609954
C           -0.15774624689423        0.27385384849283       -0.25857124624366
O            0.59417772907821        1.10380193186638        0.55271342415995
C            1.62640677710463        1.80833170554843       -0.13622013519811
O           -1.29058227986493       -0.02893619849858        0.47822536114389
C           -2.32366201618592       -0.64809067999813       -0.28854458789671
H            1.20539615425055       -2.65928745057373       -0.04923344787958
H            0.29928221038481       -1.73765098875349        1.19613020623397
H            1.96893064040393       -1.26443637487047        0.77889680095988
H           -0.42557329262361        0.77790190123740       -1.21072184839450
H            2.30641637923930        1.11103706448119       -0.63430831968912
H            2.14786693026909        2.36819214908266        0.63520146097949
H            1.19060796072765        2.48691610960708       -0.87652937675252
H           -2.67980007633757        0.03895063759730       -1.05971790967877
H           -3.11237562646012       -0.86727315893891        0.42377529675201
H           -1.95831091093142       -1.56586491941541       -0.75396405544210
17
 energy: -25.859641557176 gnorm: 0.004966659510 xtb: 6.7.1 (edcfbbe)
C            1.03612798508094       -1.67882966768551        0.39116220875865
O            0.52512881372831       -0.87087997967269       -0.67124503097962
C           -0.15708049368452        0.27114995325871       -0.25692590099190
O            0.60056152786089        1.09568573033666        0.55360615632125
C            1.62674683851004        1.80472797029091       -0.13956868216222
O           -1.29284846488321       -0.02467661065246        0.48020414488290
C           -2.32673352278325       -0.64239203732053       -0.28724481852177
H            1.25717662101690       -2.64521646577958       -0.06021917553522
H            0.28584050280871       -1.78206293933688        1.18028721620373
H            1.94441979195381       -1.23272283983934        0.80893560916759
H           -0.42380197074121        0.77732159751739       -1.20865099490359
H            2.30541152452734        1.11088024576573       -0.64205335220164
H            2.15104348793406        2.36491410277694        0.62874348673015
H            1.18483481752974        2.48236871549645       -0.87549624644016
H           -2.67860015132464        0.04401448244775       -1.06106224208894
H           -3.11836153730301       -0.85646688480633        0.42354698327322
H           -1.96338292375644       -1.56254819784209       -0.74935175411219
17
 energy: -25.859669968290 gnorm: 0.002427926784 xtb: 6.7.1 (edcfbbe)
C            1.03824255063342       -1.67700348525253        0.39247992933654
O            0.52259131611031       -0.87359781726752       -0.67324395375044
C           -0.15732070646450        0.26995459023488       -0.25823567766991
O            0.60303642729611        1.08950869725579        0.55328630219444
C            1.62697533804652        1.79980959508540       -0.13930693286519
O           -1.29503536519567       -0.02124264477128        0.47833105847861
C           -2.32869126129309       -0.64014082388856       -0.28659249020507
H            1.28018052154300       -2.63295278756240       -0.05946805221962
H            0.28709062040716       -1.79677917269500        1.17344525201592
H            1.93146266692223       -1.21605100192689        0.81781482272436
H           -0.42335917030784        0.77824871715374       -1.21038090932826
H            2.30280539184515        1.10836712745309       -0.64517895229398
H            2.15498259770359        2.35738340430795        0.62715074987643
H            1.18389310467105        2.47934083811169       -0.87012697785067
H           -2.68188785960740        0.04407975833114       -1.06249406038435
H           -3.12146941228606       -0.85182596281710        0.42418055209684
H           -1.96701391354953       -1.56183185679727       -0.74699305275544
17
 energy: -25.859691471974 gnorm: 0.003201165695 xtb: 6.7.1 (edcfbbe)
C            1.03866497142840       -1.67846279454124        0.39380018793794
O            0.52159530495202       -0.87652673848370       -0.67314561102912
C           -0.15654798182155        0.26824325921296       -0.25809517095081
O            0.60579535251437        1.08670824842673        0.55222875346391
C            1.62739405310527        1.79828349806983       -0.14190107429089
O           -1.29438061734115       -0.02046549619884        0.47885187200674
C           -2.32995388178978       -0.63667546392149       -0.28436041639062
H            1.31969610177022       -2.62162727130237       -0.06896636911044
H            0.27193336999498       -1.83102661357402        1.15806794161108
H            1.90991905251923       -1.19422067931999        0.84464431452568
H           -0.42230448240084        0.77648190569000       -1.21067951231232
H            2.30224533083023        1.10814589252922       -0.65112944238788
H            2.15787341080967        2.35479588430180        0.62389744747346
H            1.18208257109766        2.47933169534432       -0.87007502713686
H           -2.68189596788154        0.04746400524897       -1.06129384302355
H           -3.12337785161556       -0.84484271305296        0.42692038013824
H           -1.97225588969716       -1.56033944347411       -0.74409682312433
17
 energy: -25.859711183628 gnorm: 0.002186293854 xtb: 6.7.1 (edcfbbe)
C            1.03780733159896       -1.67928408823276        0.39399036162954
O            0.52498375794082       -0.87446027269437       -0.67354873459311
C           -0.15638688868708        0.26857613589896       -0.25898986343234
O            0.60365338099608        1.09028482343394        0.55063129676588
C            1.62761186250099        1.79966179680222       -0.14217202520942
O           -1.29218930447159       -0.02296262967980        0.47829149023544
C           -2.32912009639154       -0.63750702619190       -0.28326710553320
H            1.32074118656564       -2.62060666282997       -0.06984654076927
H            0.26742851109509       -1.83275965666356        1.15404454736338
H            1.90618285282625       -1.19628962750198        0.84947315208650
H           -0.42267870944720        0.77511923966689       -1.21217088899982
H            2.30195756839806        1.10804875182647       -0.65177007356564
H            2.15870625001572        2.35436779599607        0.62528223910493
H            1.18480108327082        2.48308868762040       -0.87089668729026
H           -2.68253328635645        0.04728117959418       -1.05908313115356
H           -3.12103646744392       -0.84612515233706        0.42951338059473
H           -1.97344618593618       -1.56116611975259       -0.74481380983355
17
 energy: -25.859741839663 gnorm: 0.002945579374 xtb: 6.7.1 (edcfbbe)
C            1.03619363152991       -1.68127686232096        0.39467249460890
O            0.53313359860540       -0.87036824169714       -0.67460504406518
C           -0.15596274120977        0.26870963598197       -0.26123147389936
O            0.59958094304135        1.09783509681900        0.54621248243855
C            1.62874645587806        1.80131819313413       -0.14441781133752
O           -1.28700944467699       -0.02841370951880        0.47775704443123
C           -2.32844034723934       -0.63773926594179       -0.27948500703065
H            1.34869306679898       -2.60954019321871       -0.07612679742383
H            0.24962544215085       -1.85815901483307        1.13292042164932
H            1.88233182660273       -1.18675765799115        0.87856536180507
H           -0.42415886021942        0.77134237196826       -1.21582962864664
H            2.29926582304363        1.10597073848834       -0.65632816689554
H            2.16358012106980        2.35000733531091        0.62586903277952
H            1.19177042533053        2.49125118024321       -0.87245893269774
H           -2.68468348189835        0.04900249774702       -1.05254292047306
H           -3.11710074762122       -0.84593582338809        0.43705760882069
H           -1.97908286471166       -1.56197910582799       -0.74536105666352
17
 energy: -25.859758681383 gnorm: 0.002347295511 xtb: 6.7.1 (edcfbbe)
C            1.03528517735480       -1.68093562034650        0.39467293314311
O            0.53866302784600       -0.86624435058480       -0.67469216950468
C           -0.15622350685985        0.26969360091402       -0.26213234618187
O            0.59614221333508        1.10371390305782        0.54432606055893
C            1.62961684255917        1.80195921678027       -0.14545555643249
O           -1.28469931252996       -0.03156697527998        0.47818169719372
C           -2.32814811530162       -0.63885433409486       -0.27811307296169
H            1.35813957828603       -2.60359445180700       -0.07711784823289
H            0.24327440953448       -1.86742306652655        1.12259242909330
H            1.87183665480520       -1.18555346921992        0.89031325295359
H           -0.42639353550387        0.77013950087201       -1.21715962894727
H            2.29664574057297        1.10303196183808       -0.65693809871510
H            2.16658406296854        2.34748935719180        0.62547541290491
H            1.19698400166237        2.49440232484278       -0.87382737171357
H           -2.68605437423113        0.04968582676044       -1.04862690373437
H           -3.11489489508817       -0.84845860316066        0.44008302025043
H           -1.98027512293555       -1.56221764628183       -0.74691420227382
17
 energy: -25.859773660560 gnorm: 0.003707287178 xtb: 6.7.1 (edcfbbe)
C            1.03442432187008       -1.68027317955180        0.39563830743263
O            0.54672630066539       -0.86135261927333       -0.67405065715275
C           -0.15627456114231        0.27020465464265       -0.26265658835970
O            0.59301008187763        1.11094120539049        0.54113789488992
C            1.63174633165654        1.80048829988975       -0.14999973543248
O           -1.28124822789191       -0.03551261175567        0.48047217952844
C           -2.32927355300932       -0.63761824613414       -0.27437661584208
H            1.41243726714102       -2.57962627099325       -0.08629944166320
H            0.22098683960039       -1.91704681136923        1.08905712968413
H            1.83207106110690       -1.16244973441619        0.93586865901089
H           -0.43021204502139        0.76751932051968       -1.21821182095098
H            2.29042360613704        1.09584225737246       -0.66336549661542
H            2.17541930543991        2.34002881544584        0.61994624446054
H            1.20392564485950        2.49740339666049       -0.87630058051589
H           -2.68834765909961        0.05455659120769       -1.04087691512755
H           -3.11373290602071       -0.84752603036336        0.44627588301362
H           -1.98559896169468       -1.56031186231696       -0.74759083895989
17
 energy: -25.859792641991 gnorm: 0.000712295549 xtb: 6.7.1 (edcfbbe)
C            1.03458738612176       -1.67855005203661        0.39498862881418
O            0.54525222625748       -0.86068710167614       -0.67316257518222
C           -0.15684901397818        0.27097829559677       -0.26126298315921
O            0.59319058936417        1.11044077126847        0.54298417336057
C            1.63182821624211        1.79922235843657       -0.14974821388123
O           -1.28300279924202       -0.03440315039602        0.48175598126292
C           -2.32943178514660       -0.63817674671074       -0.27579019688293
H            1.40512919798040       -2.58040664871961       -0.08327770498498
H            0.22720213934346       -1.91032259425045        1.09196887763874
H            1.83644642673521       -1.16535492241434        0.92916705928835
H           -0.43146411620629        0.76946380748444       -1.21594474931338
H            2.29000016976744        1.09374115484436       -0.66110918939884
H            2.17518672259298        2.34074822034544        0.61828075635440
H            1.20320586695008        2.49340051421268       -0.87702471724109
H           -2.68807614894685        0.05475923540759       -1.04148102181791
H           -3.11448259638361       -0.85039372335818        0.44346644672396
H           -1.98223963497707       -1.55919224307909       -0.74914296418111
17
 energy: -25.859803266836 gnorm: 0.001979704839 xtb: 6.7.1 (edcfbbe)
C            1.03393207306076       -1.67662005936885        0.39542523339005
O            0.54661937705903       -0.85796946993121       -0.67154328626662
C           -0.15737970990313        0.27217310910978       -0.25934116561857
O            0.59283255715367        1.11287598007314        0.54354486973324
C            1.63313391518442        1.79647059147648       -0.15277317433339
O           -1.28322774186435       -0.03448272424453        0.48469482422542
C           -2.32992354428387       -0.63732114610985       -0.27486453354083
H            1.43572177095168       -2.56390738423716       -0.08687803380312
H            0.21892587003008       -1.93912631882914        1.07313889254841
H            1.81304776672819       -1.15155475069811        0.95277948944714
H           -0.43441665158426        0.77056286610214       -1.21342521130558
H            2.28649080634075        1.08701100908666       -0.66359290185196
H            2.18047497004922        2.33750007526691        0.61228345318055
H            1.20512622795659        2.49004078967970       -0.88008827801583
H           -2.68921909830201        0.05832584819928       -1.03755449844182
H           -3.11441771315706       -0.85268851860062        0.44408421580692
H           -1.98123802894522       -1.55602272201949       -0.75122228775378
17
 energy: -25.859811946490 gnorm: 0.001698839951 xtb: 6.7.1 (edcfbbe)
C            1.03259570613710       -1.67632143915531        0.39606747568527
O            0.54535609649745       -0.85697096678846       -0.67050355583636
C           -0.15762665194559        0.27341188094303       -0.25763145525854
O            0.59367836914730        1.11368397551305        0.54420300927131
C            1.63387445652766        1.79509314197356       -0.15465146860331
O           -1.28362541068430       -0.03327118011411        0.48630018837404
C           -2.32918257344666       -0.63673440991524       -0.27410792621494
H            1.45223441159222       -2.55347632143783       -0.08918197611895
H            0.21412511108657       -1.95675938375074        1.06254804080710
H            1.79798433600327       -1.14486119242825        0.96599097684086
H           -0.43515753249780        0.77212830311022       -1.21152687506023
H            2.28635762703799        1.08356336567654       -0.66444466409234
H            2.18252491802734        2.33773648840520        0.60872612384411
H            1.20534676558167        2.48730571350436       -0.88356881621377
H           -2.69049437023012        0.05997776387805       -1.03496633981999
H           -3.11293101482116       -0.85585982346197        0.44455944598449
H           -1.97857739753846       -1.55337874099697       -0.75314457618854
17
 energy: -25.859823013163 gnorm: 0.001186888848 xtb: 6.7.1 (edcfbbe)
C            1.02958633501221       -1.67782654586204        0.39662058049111
O            0.54150443992082       -0.85700303864555       -0.66930583579361
C           -0.15813345287827        0.27520596238764       -0.25572366303303
O            0.59568303017050        1.11426534694600        0.54429256867485
C            1.63541207485832        1.79363646958078       -0.15700712615694
O           -1.28442753495317       -0.02994694595851        0.48815898785965
C           -2.32787734523212       -0.63549370317717       -0.27230537650894
H            1.47683756789692       -2.53895095339189       -0.09215264919011
H            0.20783869017301       -1.98244634496842        1.04613396334388
H            1.77339616470757       -1.13558175880725        0.98461469977042
H           -0.43515483772388        0.77432836461652       -1.20971215568394
H            2.28996430789143        1.08029552480729       -0.66295542993858
H            2.18257562399609        2.34127050785571        0.60434078488585
H            1.20651233840164        2.48180549224764       -0.89052460514943
H           -2.69427975430575        0.06215864384942       -1.03012361685533
H           -3.10940999720956       -0.86204080035262        0.44648295038938
H           -1.97354480425129       -1.54840904617242       -0.75616646970498
17
 energy: -25.859827509372 gnorm: 0.001470953125 xtb: 6.7.1 (edcfbbe)
C            1.02698398193505       -1.67918176859397        0.39675872392350
O            0.54179949012029       -0.85578033701853       -0.66914673173279
C           -0.15788909197351        0.27663584380633       -0.25586092685322
O            0.59647013122676        1.11674002032287        0.54265879816672
C            1.63711688179700        1.79407352221584       -0.15895128656436
O           -1.28334100030811       -0.02807321036862        0.48905856984557
C           -2.32678227834653       -0.63501385321690       -0.26981481418756
H            1.49617380999436       -2.52556254790982       -0.09461249070548
H            0.19875135662061       -2.00719082727184        1.02988138578331
H            1.75141905239831       -1.13092654080498        1.00224856136822
H           -0.43492703180022        0.77473364404155       -1.21034354911898
H            2.29470838762357        1.07925754264998       -0.65939817890900
H            2.18072393380918        2.34646017661617        0.60156444795965
H            1.20953059129483        2.47794381364193       -0.89758134259443
H           -2.69878718457291        0.06362059335496       -1.02408553039240
H           -3.10501990853388       -0.86762562592124        0.45060957012545
H           -1.97044827481030       -1.54484327058859       -0.75831759871398
17
 energy: -25.859831886382 gnorm: 0.000803039553 xtb: 6.7.1 (edcfbbe)
C            1.02546445229464       -1.68025888774497        0.39614173966183
O            0.54190018149408       -0.85625435624761       -0.66994272464284
C           -0.15754921435816        0.27648714222733       -0.25698865012428
O            0.59704458114893        1.11664829044583        0.54148148430415
C            1.63791891036439        1.79457823266273       -0.15901340011375
O           -1.28262854666932       -0.02719469795618        0.48880493379546
C           -2.32689680739472       -0.63471866714565       -0.26873034446823
H            1.50221485781329       -2.52250450661015       -0.09426523717904
H            0.19741463163466       -2.01280870852100        1.02426258850513
H            1.74333569620015       -1.13043828696061        1.00619795651288
H           -0.43436852864143        0.77422958159905       -1.21165637624782
H            2.29917741682262        1.08026409324752       -0.65498829626339
H            2.17742680544697        2.35072844746518        0.60161886437188
H            1.21103530827184        2.47491709186010       -0.90106171771935
H           -2.70178149000819        0.06446608744187       -1.02100233775961
H           -3.10309295376583       -0.86965640864960        0.45311200733797
H           -1.97013245417942       -1.54321727215869       -0.75930288257076
17
 energy: -25.859800784340 gnorm: 0.005302587644 xtb: 6.7.1 (edcfbbe)
C            1.02058993848941       -1.68340400555599        0.39433605112634
O            0.54521939991382       -0.85555044698910       -0.67194777935877
C           -0.15670934517421        0.27625985377354       -0.26003573117625
O            0.59758490629530        1.11937143302958        0.53675195136863
C            1.64158007555350        1.79433583156068       -0.16183190742700
O           -1.27902542930135       -0.02656664557588        0.48960303274445
C           -2.32789955612648       -0.63278026102198       -0.26347421193585
H            1.55366584994700       -2.49832136367301       -0.09701046662767
H            0.18259944575459       -2.05897165773838        0.98566076720877
H            1.69361186123159       -1.11321569612641        1.04528955717992
H           -0.43496903382473        0.77204507974029       -1.21520144034998
H            2.30952628205047        1.07830334275255       -0.64525755344566
H            2.17256131340540        2.35941925798170        0.59799125024213
H            1.21888968212195        2.46593563281751       -0.91343979064239
H           -2.71224727578279        0.07053053330437       -1.00710930866507
H           -3.09667205474104       -0.87574307530761        0.46378369663397
H           -1.97182321333793       -1.53638063801674       -0.76344050947533
17
 energy: -25.859834061596 gnorm: 0.001389694745 xtb: 6.7.1 (edcfbbe)
C            1.02130144638907       -1.68242570442328        0.39449688592373
O            0.54579929510672       -0.85505376650044       -0.67193321489108
C           -0.15635307658335        0.27632717446754       -0.25964681258766
O            0.59775322831783        1.11920793677382        0.53726608040732
C            1.64121064709106        1.79432671640753       -0.16201199205190
O           -1.27870170106694       -0.02742317436293        0.48961177103175
C           -2.32775539057906       -0.63268630999504       -0.26371299794987
H            1.55105225107315       -2.49576876055586       -0.09370308591853
H            0.18495241710691       -2.06059012481490        0.98466015581193
H            1.69363317949655       -1.11636449144960        1.04365961117696
H           -0.43490802525937        0.77252338796285       -1.21452119187409
H            2.30915325684474        1.07814053297064       -0.64560529833679
H            2.17237481511668        2.35988004012859        0.59744687822896
H            1.21766455609653        2.46563797696016       -0.91363922323095
H           -2.71112508588290        0.07094168616977       -1.00738989590170
H           -3.09692008051193       -0.87483239238562        0.46329121970746
H           -1.97264888628117       -1.53657355239810       -0.76360128214534
17
 energy: -25.859836040732 gnorm: 0.000597919674 xtb: 6.7.1 (edcfbbe)
C            1.02255610456053       -1.68241591655656        0.39465952647851
O            0.54659756101830       -0.85503847264223       -0.67148766225050
C           -0.15585723227777        0.27597002291985       -0.25886609711094
O            0.59796093531467        1.11883867870331        0.53806105380674
C            1.64061924265765        1.79436391008984       -0.16208775181185
O           -1.27830968051865       -0.02868967544753        0.48997961285913
C           -2.32762968475504       -0.63235377380584       -0.26397491271105
H            1.54989678071196       -2.49565589584692       -0.09288556017255
H            0.18583173157981       -2.06079909446602        0.98409742873992
H            1.69374879646332       -1.11722726927249        1.04267016157422
H           -0.43480105958587        0.77255212233891       -1.21349009447256
H            2.30861930897493        1.07829505556521       -0.64591803081042
H            2.17201696588632        2.36064212282396        0.59668779904880
H            1.21604278597721        2.46506665809347       -0.91379289751907
H           -2.70931412722029        0.07170942853458       -1.00807187309713
H           -3.09766351356684       -0.87305436660178        0.46254858922099
H           -1.97383206874572       -1.53693635947463       -0.76346168437201
17
 energy: -25.859836679189 gnorm: 0.000136446780 xtb: 6.7.1 (edcfbbe)
C            1.02279482393815       -1.68267038709294        0.39468041663521
O            0.54675345052723       -0.85517090271966       -0.67152063856913
C           -0.15575566916763        0.27572233000105       -0.25868717856092
O            0.59805453592667        1.11859406156305        0.53824132655301
C            1.64038238505613        1.79445154979468       -0.16208898644613
O           -1.27817687533777       -0.02917004898073        0.49016615918742
C           -2.32768665748780       -0.63212060921327       -0.26405112039714
H            1.55014410786310       -2.49627196118710       -0.09336565105600
H            0.18591153292836       -2.06064605988860        0.98448597981978
H            1.69436675415486       -1.11721154729274        1.04277226792945
H           -0.43482955329801        0.77235189969170       -1.21324709765524
H            2.30849533569593        1.07858709401858       -0.64601992864409
H            2.17175098388298        2.36094111638947        0.59652667236454
H            1.21543837291696        2.46495320033711       -0.91374153016164
H           -2.70854291655485        0.07209791451439       -1.00845142916755
H           -3.09820052945175       -0.87207833000313        0.46222873161611
H           -1.97441723511807       -1.53709214497674       -0.76326038604743
17
 energy: -25.859837025247 gnorm: 0.000117642792 xtb: 6.7.1 (edcfbbe)
C            1.02335399818172       -1.68309370864330        0.39469199209376
O            0.54712545305092       -0.85544918723780       -0.67146853385482
C           -0.15554518995336        0.27522615374401       -0.25834587597719
O            0.59820729211232        1.11812734891230        0.53857999632541
C            1.63989210503473        1.79464138666893       -0.16209599943757
O           -1.27792614669107       -0.03007814596855        0.49047274167009
C           -2.32783155265703       -0.63164984460362       -0.26420988948133
H            1.55026776071208       -2.49702394508088       -0.09366159082144
H            0.18654561280602       -2.06055298030034        0.98501602812458
H            1.69557472766457       -1.11771988947012        1.04246413623597
H           -0.43485998830440        0.77196726664590       -1.21277557338787
H            2.30830398985422        1.07917240175913       -0.64618030375032
H            2.17112927067914        2.36156137680775        0.59627342655945
H            1.21423533563089        2.46477111725762       -0.91366945839178
H           -2.70697090680768        0.07281358895669       -1.00927579042394
H           -3.09931271971978       -0.86997596680297        0.46159130128972
H           -1.97570619511878       -1.53746979768961       -0.76273899937248
17
 energy: -25.859837370411 gnorm: 0.000173688826 xtb: 6.7.1 (edcfbbe)
C            1.02436258834408       -1.68375075291627        0.39465666094394
O            0.54773363092359       -0.85601605627309       -0.67131790655047
C           -0.15521651390390        0.27435596586586       -0.25787917247117
O            0.59841678647246        1.11735154500145        0.53905633812450
C            1.63910241979807        1.79498554635608       -0.16203709675150
O           -1.27755140003470       -0.03146004114682        0.49086312136284
C           -2.32815035038474       -0.63089322542327       -0.26445227358443
H            1.55022038942032       -2.49822878449184       -0.09402344427860
H            0.18779619398097       -2.06026947863872        0.98587991128068
H            1.69771560230670       -1.11865126354628        1.04159562458862
H           -0.43483036586967        0.77121500628637       -1.21215193062090
H            2.30809752438821        1.08021698918064       -0.64634722478713
H            2.17001126341577        2.36255357827434        0.59606963184015
H            1.21238186604218        2.46457779085111       -0.91348605922916
H           -2.70439966526254        0.07380621622748       -1.01077901954987
H           -3.10122498100738       -0.86627080407657        0.46062553691575
H           -1.97798214215490       -1.53825505657536       -0.76160508983300
17
 energy: -25.859837521142 gnorm: 0.000104868782 xtb: 6.7.1 (edcfbbe)
C            1.02506359591943       -1.68416696193462        0.39460366082695
O            0.54809590962484       -0.85652048321035       -0.67122979954153
C           -0.15500551408623        0.27373286098033       -0.25771668328835
O            0.59853540029110        1.11679348919281        0.53926928127701
C            1.63858620604065        1.79526458419612       -0.16193324846207
O           -1.27733607662262       -0.03221245146028        0.49096101305344
C           -2.32843943018519       -0.63039744826635       -0.26461052880177
H            1.54994831096382       -2.49912307669908       -0.09415809447350
H            0.18879941598045       -2.05995988929722        0.98665465204217
H            1.69935233795064       -1.11938074487981        1.04075043064094
H           -0.43466912886864        0.77061055869301       -1.21195210167148
H            2.30802545800642        1.08106270948718       -0.64647481954461
H            2.16920949131856        2.36312225534387        0.59615955669548
H            1.21123304519147        2.46465614610687       -0.91320520043442
H           -2.70284863028406        0.07432167316849       -1.01183490866511
H           -3.10247528587202       -0.86369885597290        0.46010280179704
H           -1.97959225889411       -1.53883719049295       -0.76071840404995
17
 energy: -25.859837577244 gnorm: 0.000028264444 xtb: 6.7.1 (edcfbbe)
C            1.02544640089874       -1.68439946394974        0.39455174310135
O            0.54823015510804       -0.85689607761078       -0.67118837856808
C           -0.15489245990832        0.27338338733595       -0.25774575575473
O            0.59859285717828        1.11646485181755        0.53930424741672
C            1.63833107573078        1.79546576197739       -0.16181189969798
O           -1.27726316041264       -0.03243972036338        0.49087228440784
C           -2.32864796232791       -0.63015569932803       -0.26468791808234
H            1.54954554124028       -2.49977408196771       -0.09421827599289
H            0.18939938819662       -2.05960016203026        0.98725201913512
H            1.70044158314959       -1.11982515966966        1.04005383638895
H           -0.43444460762818        0.77022670230655       -1.21202329435361
H            2.30807835228851        1.08163969820210       -0.64648980787665
H            2.16872241651703        2.36340934543905        0.59638775545561
H            1.21070530266539        2.46483303397268       -0.91295573484157
H           -2.70218869752306        0.07443696897993       -1.01245486446554
H           -3.10310492135452       -0.86229257388634        0.45993892896470
H           -1.98046841734413       -1.53920963627018       -0.76011727783668
