----------------------------------------------- 
  Element       SASA      Sigma Z        Total  
     Z         Ang**2 cal/Ang**2/mol   kcal/mol 
----------------------------------------------- 
      H        144.274      48.690       7.025
      C         34.451     129.740       4.470
      O         31.121       0.000       0.000

 Subtotal:     209.846                  11.494
 -----------------------------------------------

  Elements    COT*SASA   Sigma Z,Z'     Total   
    Z,Z'       Ang**2  cal/Ang**2/mol kcal/mol  
 ---------------------------------------------- 
  H   C         96.984     -60.770      -5.894
  H   O          0.000       0.000       0.000
  C   C         26.065     -72.950      -1.901
  O   C         16.620      68.690       1.142
  O   O          0.000       0.000       0.000

 Subtotal:                              -6.654
 ---------------------------------------------- 

 NONAQUEOUS SOLVENT CONTRIBUTION (kcal/mol):
 (proportional to SASA, atomic number independent)
 ---------------------------------------------- 
 Subtotal:                               0.000
 ---------------------------------------------- 

 CDS TOTAL (kcal/mol):                   4.841
...............................................................................
