16
 energy: -213.727818921177 gnorm: 0.002637062956 xtb: 6.7.1 (edcfbbe)
C            1.93146226656655       -0.71859887815251       -0.17535552831174
C            1.13300410605232        0.30366848093562        0.63329700748178
C            0.01304638206722        0.97935947118599       -0.16478585331008
C           -1.07521532387457        0.04614018040302       -0.68548870937494
N           -1.83961665313229       -0.56141577635543        0.42196451832883
H            2.75442874058218       -1.13038142255611        0.41894848843321
H            1.30847613934555       -1.56016843652720       -0.50053499804877
H            2.36392778665460       -0.25671446847706       -1.07303729164684
H            0.71644702817407       -0.17739682870470        1.52496351319039
H            1.81523715765143        1.08289988242082        0.99345829602339
H           -0.46185423970905        1.74817698122331        0.46079098752037
H            0.45254318772669        1.50496421254424       -1.02233933486236
H           -0.62593313339590       -0.76239200855943       -1.27460318399299
H           -1.71589424345326        0.61494984356554       -1.37869555820286
H           -2.57958734426500       -1.13299282390953        0.02631848740734
H           -2.31253883291753        0.18804712532672        0.92026462091926
16
 energy: -213.727850485988 gnorm: 0.001143510423 xtb: 6.7.1 (edcfbbe)
C            1.93077671469961       -0.71858021506959       -0.17352169464515
C            1.13280194415756        0.30383923255111        0.63372207850751
C            0.01372554109434        0.97945573275939       -0.16587863027633
C           -1.07581778077055        0.04798264761583       -0.68641229989215
N           -1.83649954116875       -0.56532177211963        0.42099236672082
H            2.75570684083488       -1.12828454810350        0.41867565717925
H            1.30852794211274       -1.56091736049910       -0.49385241427412
H            2.35961859604008       -0.26008925756860       -1.07289399412896
H            0.71569038027015       -0.17717124550712        1.52556743796301
H            1.81482804381828        1.08316621967226        0.99509462831573
H           -0.45943394463549        1.75186732371215        0.45687617548473
H            0.45489235747450        1.50171156517154       -1.02510077693579
H           -0.62844619607173       -0.75718719316208       -1.28095525400045
H           -1.71985530247982        0.61978070657663       -1.37402621701894
H           -2.57845806170273       -1.13403525872302        0.02464510199198
H           -2.31012428379495        0.18192924887441        0.92223330056849
16
 energy: -213.727897838331 gnorm: 0.002805291995 xtb: 6.7.1 (edcfbbe)
C            1.92527760271726       -0.72098520858722       -0.16583602914105
C            1.13077296930723        0.30539182625974        0.63559753158288
C            0.01724602863044        0.98218464849828       -0.17104959117418
C           -1.07719654868573        0.05657417068403       -0.69006254208469
N           -1.82085203698013       -0.58330260161679        0.41648559667291
H            2.75942399820982       -1.11879465661566        0.42063927400407
H            1.30448320577616       -1.56973825684134       -0.46532185828191
H            2.33980247505981       -0.27435509616841       -1.07500012395202
H            0.70927805588617       -0.17246895811093        1.52795424851068
H            1.81192495906622        1.08508002008274        0.99997736828635
H           -0.44937266960765        1.76768115950553        0.44087664054710
H            0.46568865514616        1.49063229968852       -1.03613343181948
H           -0.63735222874946       -0.73403186455758       -1.30898706129422
H           -1.73525191942273        0.64155391084380       -1.35351334105590
H           -2.57015111528356       -1.14042180777936        0.01575146774156
H           -2.29578693604096        0.15314759783578        0.93378734262273
16
 energy: -213.727911858802 gnorm: 0.001783064519 xtb: 6.7.1 (edcfbbe)
C            1.92322218705675       -0.72257095236589       -0.16423639088446
C            1.13000077021234        0.30670364335244        0.63584696307969
C            0.01747299836300        0.98382925032596       -0.17158102851941
C           -1.07703031513908        0.05840781963578       -0.69109739846591
N           -1.81741369145898       -0.58615063789071        0.41466538607004
H            2.75909178970925       -1.11797418601001        0.42190927158027
H            1.30156218441251       -1.57297748468608       -0.46005603864156
H            2.33567968664851       -0.27805640257844       -1.07650672836261
H            0.70750415048425       -0.16912219860630        1.52851941072414
H            1.81268788777375        1.08549829211741        0.99849233064850
H           -0.44903959724868        1.76905038662875        0.44021057237491
H            0.46641822849127        1.49179051607445       -1.03627764475651
H           -0.63749861261742       -0.72983698754387       -1.31325154670765
H           -1.73696203607889        0.64430417660503       -1.35139377232574
H           -2.56679507880771       -1.14247231578544        0.01314249365382
H           -2.29096574003381        0.14772456430514        0.93677961227927
16
 energy: -213.727925604881 gnorm: 0.003342084623 xtb: 6.7.1 (edcfbbe)
C            1.90811191941941       -0.73279203433907       -0.15491392294602
C            1.12581052252177        0.31536532553791        0.63678634351226
C            0.01846336492357        0.99471160120215       -0.17432170660225
C           -1.07416406319473        0.06852747481883       -0.69781929137975
N           -1.79559597571589       -0.60416325941832        0.40268512367244
H            2.75288512389679       -1.11520307279034        0.42880345287361
H            1.28092113375952       -1.59076245730876       -0.42769992063908
H            2.30901467849976       -0.30370597616976       -1.08403528823658
H            0.69967986287534       -0.14696916970414        1.53365223747669
H            1.81872879917998        1.08944332160106        0.98716689114589
H           -0.44935649611871        1.77702460607564        0.43826759850811
H            0.46926294691103        1.50282252783191       -1.03636820305226
H           -0.63417305412307       -0.70435015792855       -1.33960421201837
H           -1.74551600392693        0.66057346949985       -1.33984551874475
H           -2.54588303223985       -1.15611784436593       -0.00211602055763
H           -2.26025287154378        0.11374502064949        0.95452796576753
16
 energy: -213.727937074338 gnorm: 0.001858029847 xtb: 6.7.1 (edcfbbe)
C            1.90941061328947       -0.73175341713750       -0.15642618118012
C            1.12693280605800        0.31451456674083        0.63630531944759
C            0.01786377216333        0.99334760827440       -0.17320542910305
C           -1.07405941375605        0.06665333099501       -0.69707963780375
N           -1.79871176635409       -0.60147977378540        0.40359269948589
H            2.75203801875600       -1.11708488336609        0.42771023837435
H            1.28266322040628       -1.58751102505831       -0.43265287111164
H            2.31264175118271       -0.30122201979540       -1.08240676128817
H            0.70231883971556       -0.14823839982978        1.53388671600207
H            1.81914681504084        1.08943851284707        0.98681334245530
H           -0.45083780614856        1.77491342918490        0.44035381043065
H            0.46766819428291        1.50337382061108       -1.03505554119804
H           -0.63299070254856       -0.70812701912762       -1.33526537250007
H           -1.74347805239715        0.65717390200668       -1.34264777320845
H           -2.54891075620113       -1.15438144769073       -0.00004476194645
H           -2.26375896079701        0.11853195264827        0.95128773320988
16
 energy: -213.727945171670 gnorm: 0.000866773620 xtb: 6.7.1 (edcfbbe)
C            1.90830123498204       -0.73177307556129       -0.15723995753633
C            1.12919968843653        0.31495373222238        0.63552673248347
C            0.01668718575224        0.99257140070058       -0.17110549582035
C           -1.07297999452629        0.06485096588030       -0.69745843446472
N           -1.80026683194184       -0.60137533620636        0.40201531384568
H            2.74878186678409       -1.12039574532201        0.42675518150885
H            1.28034185273414       -1.58448031204125       -0.43307483428949
H            2.31279801473968       -0.30341772546599       -1.08127533765996
H            0.70861662692052       -0.14499564622896        1.53698290052057
H            1.82207087660337        1.09157882605326        0.98247807694025
H           -0.45414479321051        1.77200171534866        0.44485672327695
H            0.46450296279950        1.50729885717533       -1.03207196938139
H           -0.62898090700272       -0.70943192033026       -1.33381771408866
H           -1.74092996943018        0.65484856303811       -1.34590822360757
H           -2.55176505241774       -1.15347833404629       -0.00029345535078
H           -2.26429634956562        0.11939323465545        0.94879605369078
16
 energy: -213.727949233713 gnorm: 0.000400119856 xtb: 6.7.1 (edcfbbe)
C            1.90494875137817       -0.73371515267909       -0.15546562322257
C            1.12937555621795        0.31718531484033        0.63556126612022
C            0.01654649489275        0.99460301216143       -0.17072222843961
C           -1.07193586905697        0.06646830175940       -0.69875430897626
N           -1.79656579109547       -0.60538764940688        0.39900088226244
H            2.74703741088784       -1.12090420211707        0.42741911394893
H            1.27494556524298       -1.58708661328619       -0.42590819075483
H            2.30703603159313       -0.30951543447276       -1.08290913539867
H            0.71008719017742       -0.13960582773926        1.53919571269679
H            1.82447797126269        1.09352919290528        0.97861949079093
H           -0.45508390614658        1.77258898744653        0.44622861996870
H            0.46404917852229        1.51070746302551       -1.03089228534431
H           -0.62727307809151       -0.70496274450968       -1.33823969855968
H           -1.74171687516263        0.65721665836616       -1.34456734882163
H           -2.54891326188434       -1.15560261724232       -0.00429230219836
H           -2.25907864978514        0.11263094075643        0.95089163064474
16
 energy: -213.727949233713 gnorm: 0.000400119856 xtb: 6.7.1 (edcfbbe)
C            1.90494875137817       -0.73371515267909       -0.15546562322257
C            1.12937555621795        0.31718531484033        0.63556126612022
C            0.01654649489275        0.99460301216143       -0.17072222843961
C           -1.07193586905697        0.06646830175940       -0.69875430897626
N           -1.79656579109547       -0.60538764940688        0.39900088226244
H            2.74703741088784       -1.12090420211707        0.42741911394893
H            1.27494556524298       -1.58708661328619       -0.42590819075483
H            2.30703603159313       -0.30951543447276       -1.08290913539867
H            0.71008719017742       -0.13960582773926        1.53919571269679
H            1.82447797126269        1.09352919290528        0.97861949079093
H           -0.45508390614658        1.77258898744653        0.44622861996870
H            0.46404917852229        1.51070746302551       -1.03089228534431
H           -0.62727307809151       -0.70496274450968       -1.33823969855968
H           -1.74171687516263        0.65721665836616       -1.34456734882163
H           -2.54891326188434       -1.15560261724232       -0.00429230219836
H           -2.25907864978514        0.11263094075643        0.95089163064474
