----------------------------------------------- 
  Element       SASA      Sigma Z        Total  
     Z         Ang**2 cal/Ang**2/mol   kcal/mol 
----------------------------------------------- 
      H        140.270      48.690       6.830
      C        123.025     129.740      15.961
      N          4.423       0.000       0.000
      O         53.979       0.000       0.000

 Subtotal:     321.697                  22.791
 -----------------------------------------------

  Elements    COT*SASA   Sigma Z,Z'     Total   
    Z,Z'       Ang**2  cal/Ang**2/mol kcal/mol  
 ---------------------------------------------- 
  H   C         83.549     -60.770      -5.077
  H   O          7.483       0.000       0.000
  C   C        171.259     -72.950     -12.493
  O   C         21.738      68.690       1.493
  O   O          0.000       0.000       0.000
  C   N          4.510       0.000       0.000
  N   C         23.829     -48.220      -1.149
  N  C(3)        0.000      84.100       0.000
  O   N          0.000     121.980       0.000

 Subtotal:                             -17.227
 ---------------------------------------------- 

 NONAQUEOUS SOLVENT CONTRIBUTION (kcal/mol):
 (proportional to SASA, atomic number independent)
 ---------------------------------------------- 
 Subtotal:                               0.000
 ---------------------------------------------- 

 CDS TOTAL (kcal/mol):                   5.564
...............................................................................
