----------------------------------------------- 
  Element       SASA      Sigma Z        Total  
     Z         Ang**2 cal/Ang**2/mol   kcal/mol 
----------------------------------------------- 
      H        132.917      48.690       6.472
      C         19.961     129.740       2.590
      N         11.254       0.000       0.000

 Subtotal:     164.132                   9.061
 -----------------------------------------------

  Elements    COT*SASA   Sigma Z,Z'     Total   
    Z,Z'       Ang**2  cal/Ang**2/mol kcal/mol  
 ---------------------------------------------- 
  H   C         71.364     -60.770      -4.337
  C   C         16.888     -72.950      -1.232
  C   N          1.501       0.000       0.000
  N   C         36.245     -48.220      -1.748
  N  C(3)        0.000      84.100       0.000

 Subtotal:                              -7.316
 ---------------------------------------------- 

 NONAQUEOUS SOLVENT CONTRIBUTION (kcal/mol):
 (proportional to SASA, atomic number independent)
 ---------------------------------------------- 
 Subtotal:                               0.000
 ---------------------------------------------- 

 CDS TOTAL (kcal/mol):                   1.745
...............................................................................
