2025-04-11 12:26:09,943 -   censo.qm_processor   -   INFO   - worker1535431:Running xtb_gsolv calculation in /srv/scratch/z5358697/.automated/6002/0_PRESCREENING/CONF1/xtb_gsolv.
2025-04-11 12:26:09,955 -   censo.qm_processor   -   INFO   - worker1535432:Running xtb_gsolv calculation in /srv/scratch/z5358697/.automated/6002/0_PRESCREENING/CONF2/xtb_gsolv.
2025-04-11 12:26:10,006 -   censo.qm_processor   -   INFO   - worker1535434:Running xtb_gsolv calculation in /srv/scratch/z5358697/.automated/6002/0_PRESCREENING/CONF3/xtb_gsolv.
2025-04-11 12:26:10,147 -     censo.parallel     -   INFO   - All jobs executed successfully.
2025-04-11 12:26:10,162 -   censo.qm_processor   -   INFO   - worker1535465:Running sp calculation in /srv/scratch/z5358697/.automated/6002/0_PRESCREENING/CONF1/sp.
2025-04-11 12:26:10,164 -   censo.qm_processor   -   INFO   - worker1535466:Running sp calculation in /srv/scratch/z5358697/.automated/6002/0_PRESCREENING/CONF2/sp.
2025-04-11 12:26:10,171 -   censo.qm_processor   -   INFO   - worker1535468:Running sp calculation in /srv/scratch/z5358697/.automated/6002/0_PRESCREENING/CONF3/sp.
2025-04-11 12:26:16,195 -     censo.parallel     -   INFO   - All jobs executed successfully.
2025-04-11 12:26:16,266 -   censo.qm_processor   -   INFO   - worker1535538:Running gsolv calculation in /srv/scratch/z5358697/.automated/6002/1_SCREENING/CONF2/gsolv.
2025-04-11 12:26:16,288 -   censo.qm_processor   -   INFO   - worker1535539:Running gsolv calculation in /srv/scratch/z5358697/.automated/6002/1_SCREENING/CONF3/gsolv.
2025-04-11 12:26:16,303 -   censo.qm_processor   -   INFO   - worker1535541:Running gsolv calculation in /srv/scratch/z5358697/.automated/6002/1_SCREENING/CONF1/gsolv.
2025-04-11 12:26:44,035 -     censo.parallel     -   INFO   - All jobs executed successfully.
2025-04-11 12:26:44,140 -   censo.qm_processor   -   INFO   - worker1535794:Running xtb_opt calculation in /srv/scratch/z5358697/.automated/6002/2_OPTIMIZATION/CONF2/xtb_opt.
2025-04-11 12:26:44,148 -   censo.qm_processor   -   INFO   - worker1535797:Running xtb_opt calculation in /srv/scratch/z5358697/.automated/6002/2_OPTIMIZATION/CONF1/xtb_opt.
2025-04-11 12:26:44,161 -   censo.qm_processor   -   INFO   - worker1535795:Running xtb_opt calculation in /srv/scratch/z5358697/.automated/6002/2_OPTIMIZATION/CONF3/xtb_opt.
2025-04-11 12:28:50,229 -     censo.parallel     -   INFO   - All jobs executed successfully.
2025-04-11 12:28:50,243 -   censo.qm_processor   -   INFO   - worker1536589:Running xtb_rrho calculation in /srv/scratch/z5358697/.automated/6002/2_OPTIMIZATION/CONF2/xtb_rrho.
2025-04-11 12:28:50,246 -   censo.qm_processor   -   INFO   - worker1536590:Running xtb_rrho calculation in /srv/scratch/z5358697/.automated/6002/2_OPTIMIZATION/CONF3/xtb_rrho.
2025-04-11 12:28:50,256 -   censo.qm_processor   -   INFO   - worker1536592:Running xtb_rrho calculation in /srv/scratch/z5358697/.automated/6002/2_OPTIMIZATION/CONF1/xtb_rrho.
2025-04-11 12:28:50,816 -     censo.parallel     -   INFO   - All jobs executed successfully.
2025-04-11 12:28:50,816 -censo.ensembleopt.optimization-   INFO   - Threshold: 1.50 kcal/mol
2025-04-11 12:28:50,827 -   censo.qm_processor   -   INFO   - worker1536621:Running xtb_rrho calculation in /srv/scratch/z5358697/.automated/6002/2_OPTIMIZATION/CONF2/xtb_rrho.
2025-04-11 12:28:50,828 -   censo.qm_processor   -   INFO   - worker1536622:Running xtb_rrho calculation in /srv/scratch/z5358697/.automated/6002/2_OPTIMIZATION/CONF3/xtb_rrho.
2025-04-11 12:28:50,828 -   censo.qm_processor   -   INFO   - worker1536624:Running xtb_rrho calculation in /srv/scratch/z5358697/.automated/6002/2_OPTIMIZATION/CONF1/xtb_rrho.
2025-04-11 12:28:51,405 -     censo.parallel     -   INFO   - All jobs executed successfully.
