31
 energy: -767.466236785944 gnorm: 0.000725216103 xtb: 6.7.1 (edcfbbe)
C           -3.62127959757594        0.02401393415289        1.88836700407473
C           -3.06100921620809        0.52399932502818        0.55923947528945
H           -3.16733267130765        1.61493064648258        0.50216031437576
C           -1.58841223340528        0.19354225468200        0.38681457670468
C           -1.17776883193193       -1.16032094508252        0.31197402737687
C            0.14813475481604       -1.48970953111282        0.16868286200426
C            1.14367016583736       -0.48370426821255        0.09361691682671
C            2.51681973480763       -0.80328649907080       -0.04944324004414
C            3.44974689369235        0.20981888283815       -0.11905140487216
C            3.05035117187865        1.56805683891088       -0.04981603623062
C            1.72705163943683        1.89189210279491        0.08793229648900
C            0.73328476052438        0.88308816161305        0.16405690345725
C           -0.63980216277003        1.18993000546700        0.30610350927003
O            4.79834424192622        0.02116778431942       -0.25672485868722
C            5.26571605353068       -1.33481908721130       -0.32043169852532
C           -3.84106762972437       -0.03919701647219       -0.61643304951415
O           -4.69751067839969       -0.89784045368891       -0.54280826631352
O           -3.53471978019403        0.46902564766600       -1.83556385473943
H           -3.05933717014746        0.47296256438635        2.71117109842187
H           -4.67378946358842        0.30050281879883        1.99336010118070
H           -3.53988712285637       -1.06311668345943        1.96596942369025
H           -1.92514754469856       -1.94765629819970        0.36599556882705
H            0.45052805090552       -2.53145501995208        0.10955997878244
H            2.80209345860527       -1.84742650870795       -0.10091525539954
H            3.81373995972657        2.33735439332441       -0.10810796043590
H            1.42419389707705        2.93363372970465        0.14135908651410
H           -0.94021792369591        2.23366947423784        0.35667113732738
H            5.01312022912929       -1.87887014557743        0.59675872916626
H            6.34949281120245       -1.26963858856669       -0.42128541980616
H            4.84546240560875       -1.85345396788786       -1.18947231585394
H           -2.83763441324056        1.14192877000768       -1.76056565124387
31
 energy: -767.466238261539 gnorm: 0.000837200805 xtb: 6.7.1 (edcfbbe)
C           -3.62169922558296        0.02319597020883        1.88800963602479
C           -3.06125116055057        0.52419354821607        0.55946121029421
H           -3.16743036175698        1.61519851600574        0.50301089572712
C           -1.58853406383828        0.19381026548065        0.38662384221959
C           -1.17786367068021       -1.16008846818568        0.31230084879127
C            0.14806345649206       -1.48960491046482        0.16925780820209
C            1.14367325374795       -0.48371417530489        0.09395882533396
C            2.51688157638592       -0.80337329896997       -0.04861195877678
C            3.44978847807338        0.20972371016584       -0.11848506986809
C            3.05038360168036        1.56798921114311       -0.04992525296027
C            1.72702109621495        1.89189004933941        0.08737826135109
C            0.73326043829354        0.88310489938685        0.16370167564078
C           -0.63986925915945        1.19010243370079        0.30550608009795
O            4.79862557922770        0.02119421477335       -0.25550302811277
C            5.26600539353123       -1.33503215880663       -0.32094307477046
C           -3.84258289773625       -0.03715640980667       -0.61628920823966
O           -4.69827382289182       -0.89667123249777       -0.54300603033246
O           -3.53329196593600        0.46910682210315       -1.83527049118419
H           -3.06117465921585        0.47388250462549        2.71116835248765
H           -4.67513702804042        0.29750287633788        1.99203459420378
H           -3.53796009742584       -1.06407721339458        1.96617490606104
H           -1.92523848080537       -1.94742602169740        0.36644757600082
H            0.45025109359286       -2.53143047432123        0.11062663748809
H            2.80229749084017       -1.84751811393074       -0.09947280220197
H            3.81379921984781        2.33726647937407       -0.10848878531940
H            1.42415946222881        2.93367440749771        0.14003430460458
H           -0.94006012226979        2.23392110772756        0.35584003007715
H            5.01398404354732       -1.88001456796612        0.59590628209090
H            6.34972120305104       -1.26956755434773       -0.42240666825319
H            4.84514970335133       -1.85255806548370       -1.19040589067006
H           -2.83586437179654        1.14149804189273       -1.75945906919519
31
 energy: -767.466238261539 gnorm: 0.000837200805 xtb: 6.7.1 (edcfbbe)
C           -3.62169922558296        0.02319597020883        1.88800963602479
C           -3.06125116055057        0.52419354821607        0.55946121029421
H           -3.16743036175698        1.61519851600574        0.50301089572712
C           -1.58853406383828        0.19381026548065        0.38662384221959
C           -1.17786367068021       -1.16008846818568        0.31230084879127
C            0.14806345649206       -1.48960491046482        0.16925780820209
C            1.14367325374795       -0.48371417530489        0.09395882533396
C            2.51688157638592       -0.80337329896997       -0.04861195877678
C            3.44978847807338        0.20972371016584       -0.11848506986809
C            3.05038360168036        1.56798921114311       -0.04992525296027
C            1.72702109621495        1.89189004933941        0.08737826135109
C            0.73326043829354        0.88310489938685        0.16370167564078
C           -0.63986925915945        1.19010243370079        0.30550608009795
O            4.79862557922770        0.02119421477335       -0.25550302811277
C            5.26600539353123       -1.33503215880663       -0.32094307477046
C           -3.84258289773625       -0.03715640980667       -0.61628920823966
O           -4.69827382289182       -0.89667123249777       -0.54300603033246
O           -3.53329196593600        0.46910682210315       -1.83527049118419
H           -3.06117465921585        0.47388250462549        2.71116835248765
H           -4.67513702804042        0.29750287633788        1.99203459420378
H           -3.53796009742584       -1.06407721339458        1.96617490606104
H           -1.92523848080537       -1.94742602169740        0.36644757600082
H            0.45025109359286       -2.53143047432123        0.11062663748809
H            2.80229749084017       -1.84751811393074       -0.09947280220197
H            3.81379921984781        2.33726647937407       -0.10848878531940
H            1.42415946222881        2.93367440749771        0.14003430460458
H           -0.94006012226979        2.23392110772756        0.35584003007715
H            5.01398404354732       -1.88001456796612        0.59590628209090
H            6.34972120305104       -1.26956755434773       -0.42240666825319
H            4.84514970335133       -1.85255806548370       -1.19040589067006
H           -2.83586437179654        1.14149804189273       -1.75945906919519
