----------------------------------------------- 
  Element       SASA      Sigma Z        Total  
     Z         Ang**2 cal/Ang**2/mol   kcal/mol 
----------------------------------------------- 
      H        131.763      48.690       6.416
      C         20.054     129.740       2.602
      N         12.039       0.000       0.000

 Subtotal:     163.855                   9.017
 -----------------------------------------------

  Elements    COT*SASA   Sigma Z,Z'     Total   
    Z,Z'       Ang**2  cal/Ang**2/mol kcal/mol  
 ---------------------------------------------- 
  H   C         71.161     -60.770      -4.324
  C   C         17.023     -72.950      -1.242
  C   N          1.480       0.000       0.000
  N   C         38.860     -48.220      -1.874
  N  C(3)        0.000      84.100       0.000

 Subtotal:                              -7.440
 ---------------------------------------------- 

 NONAQUEOUS SOLVENT CONTRIBUTION (kcal/mol):
 (proportional to SASA, atomic number independent)
 ---------------------------------------------- 
 Subtotal:                               0.000
 ---------------------------------------------- 

 CDS TOTAL (kcal/mol):                   1.577
...............................................................................
