31
 energy: -49.345414366836 gnorm: 0.038643192450 xtb: 6.7.1 (edcfbbe)
C           -3.56395080230971       -0.25650096832360       -1.83574470239109
C           -3.14624398696160       -0.52715652850772       -0.39286706645084
H           -3.55945483489919       -1.48534160279774       -0.06022712200088
C           -1.63573018220143       -0.58952301519046       -0.22092785024947
C           -1.01978328449431       -1.78095405962862        0.22463900507789
C            0.34544951346213       -1.86081906851514        0.37395444998440
C            1.17293972837648       -0.74713969810756        0.09325714777294
C            2.58185114616776       -0.80666569320586        0.24076252230502
C            3.34539162472722        0.30521826525596       -0.04229032993060
C            2.73793087459318        1.51021450891770       -0.47841173073285
C            1.37930058458992        1.58315189048764       -0.62682705311108
C            0.55327190076827        0.46289818156511       -0.34968439401354
C           -0.85027156819538        0.51103499723064       -0.49744772636631
O            4.70932244140782        0.36339378252719        0.06268049920364
C            5.38298598309712       -0.83197078687788        0.48651346235544
C           -3.68736159869083        0.52817189880496        0.54717022664076
O           -4.12212276920283        1.61665090727934        0.21800593452830
O           -3.61471883681413        0.13406385308967        1.83863507558176
H           -3.17318370130912       -1.04633898970320       -2.48252297015516
H           -4.65399875326919       -0.23960621049591       -1.92632547362208
H           -3.17328012735249        0.70236332019758       -2.18660419505425
H           -1.64031867856200       -2.64439211136411        0.44687874741255
H            0.80547825391573       -2.78515887999103        0.71193264485457
H            3.02853757192711       -1.73502622015988        0.57680500008002
H            3.37298107718548        2.36451951671277       -0.69028145641132
H            0.91655100448108        2.50680391608644       -0.96245846919327
H           -1.30404460840488        1.44052009237860       -0.83397680033230
H            5.06382501461399       -1.12490477932913        1.49310230673430
H            6.44510972496311       -0.58527636257756        0.49579801732033
H            5.20121888122351       -1.65295810579521       -0.21628011034731
H           -3.93920365480930        0.85914769370512        2.40052796876845
31
 energy: -49.347339018237 gnorm: 0.016991474310 xtb: 6.7.1 (edcfbbe)
C           -3.55443077645329       -0.26199021914529       -1.83633275906806
C           -3.14059062437213       -0.53287860832953       -0.39254274790695
H           -3.55759639145975       -1.48791581611220       -0.05775523609591
C           -1.63278310720818       -0.58722872723415       -0.22275413149541
C           -1.01997709995371       -1.77372903245624        0.22065291258408
C            0.33807755919807       -1.85159274701184        0.37004040227158
C            1.16375156294575       -0.74287574835460        0.09031773202272
C            2.56671166436019       -0.80333549288471        0.23803184519491
C            3.33835910840460        0.29789331812078       -0.04080557802453
C            2.73055885345630        1.49926465712794       -0.47569505046888
C            1.37714569978242        1.57530570400797       -0.62450282585314
C            0.55055888681541        0.46134609170346       -0.34932679990891
C           -0.84943601505089        0.50897460667024       -0.49478490655900
O            4.70025668692065        0.35052922208424        0.06534932974743
C            5.38225883120582       -0.82752646757074        0.48523595020327
C           -3.66898528763907        0.52871205425689        0.54487454638617
O           -4.09786874230457        1.61191833030025        0.21787583633072
O           -3.61155320892108        0.14148317181516        1.82517344085279
H           -3.16624170950403       -1.04450391318214       -2.48526303606607
H           -4.63976443202913       -0.23940994448592       -1.91837993348208
H           -3.17039328675560        0.69769063369787       -2.17513916898676
H           -1.63701495444311       -2.63332607713839        0.44320601902807
H            0.79579740299627       -2.77156269858157        0.70728007975691
H            3.00470720254595       -1.73053942441823        0.57281850658203
H            3.36835903342356        2.34552360462838       -0.68452297134960
H            0.91780874444785        2.49573641176147       -0.95797714941174
H           -1.30272112508814        1.43546121714911       -0.82355334432131
H            5.06730068083042       -1.11811058472901        1.49046006542199
H            6.43810602443439       -0.56586096559827        0.48968109311458
H            5.20514177814377       -1.64605675599765       -0.21671346339921
H           -3.93706502070522        0.85702394357483        2.40283690115831
31
 energy: -49.347722909415 gnorm: 0.006637123185 xtb: 6.7.1 (edcfbbe)
C           -3.54883429263623       -0.26431429702360       -1.83754471094767
C           -3.13891591697183       -0.53775362330557       -0.39256839038084
H           -3.55807313268294       -1.49092611163251       -0.05753545353909
C           -1.63351944125055       -0.58846823044196       -0.22241235062418
C           -1.02164275062250       -1.77421959750128        0.21892929856674
C            0.33376616191791       -1.85038116686438        0.36895147433454
C            1.15718912115772       -0.74203402342704        0.08961542957863
C            2.55783310562636       -0.80280601805241        0.23655065050905
C            3.33366878769720        0.29393648029673       -0.04024194725217
C            2.72419446952747        1.49405067697765       -0.47407109066127
C            1.37287996341755        1.57203968320724       -0.62194725026268
C            0.54637932669228        0.46020726645296       -0.34698013815729
C           -0.85270097853147        0.50766418336150       -0.49057898592691
O            4.69317659672838        0.34539021437720        0.06567635652131
C            5.37950676798591       -0.82141852050967        0.48346153917439
C           -3.66430644687240        0.52870705615375        0.54097752339324
O           -4.06933948158766        1.62006829404884        0.21225293432857
O           -3.60816997807482        0.14862469590234        1.81296941973773
H           -3.15701427431723       -1.04202572995689       -2.48565436820033
H           -4.63221353462429       -0.24182790724115       -1.91866659769475
H           -3.16634202343590        0.69731275990112       -2.16614300440992
H           -1.63707501887486       -2.63257848079723        0.43983028636355
H            0.79187524525605       -2.76781967557293        0.70582991715161
H            2.99131139676172       -1.73104017461079        0.57040575738995
H            3.36514116889647        2.33549015377977       -0.68151951123847
H            0.91479935971564        2.49090060967059       -0.95464072850225
H           -1.30667084725637        1.43305668158657       -0.81524520378316
H            5.07141363265950       -1.11528944800958        1.48906031581065
H            6.43186604789148       -0.54960286691455        0.48495039880359
H            5.21000605400760       -1.64331552677699       -0.21527646688589
H           -3.92171115017665        0.85679238659036        2.40935045506132
31
 energy: -49.347830216047 gnorm: 0.003007866181 xtb: 6.7.1 (edcfbbe)
C           -3.54727581550146       -0.26592956684581       -1.83866503138767
C           -3.13959366695416       -0.53967086961475       -0.39239119575412
H           -3.56140238108936       -1.49062878402811       -0.05519463860555
C           -1.63531825065811       -0.59148915530997       -0.22272246756652
C           -1.02356584784512       -1.77804365700273        0.21792491868507
C            0.33186043541091       -1.85332571519463        0.36865763924931
C            1.15406719275704       -0.74356853582733        0.08994051417719
C            2.55474058861307       -0.80416216072057        0.23630572043298
C            3.33100293806814        0.29249632715855       -0.04006125593358
C            2.72011538650749        1.49276591216699       -0.47321992208940
C            1.36898592377363        1.57132200353138       -0.62005888729395
C            0.54315932068554        0.45886892402394       -0.34528942364982
C           -0.85602898473642        0.50603457265050       -0.48860744253247
O            4.68923077966828        0.34539187788438        0.06475306329648
C            5.37879756956860       -0.81630842386472        0.48210348085923
C           -3.65225049205608        0.53541012346919        0.53991467142337
O           -4.04307037007494        1.63201712540885        0.20618975142849
O           -3.61186797351557        0.15218714930926        1.80764705254910
H           -3.15173554140314       -1.04146532046666       -2.48661997499373
H           -4.63035447707966       -0.24484061445865       -1.92224382373064
H           -3.16465438453477        0.69713299763735       -2.16276980055643
H           -1.63912731775898       -2.63652179192432        0.43737933018076
H            0.79115887788588       -2.77012697328737        0.70533232537123
H            2.98743217015423       -1.73356057373382        0.56925607907867
H            3.36287839980927        2.33287347545216       -0.68050609296274
H            0.91047873353559        2.49012052052708       -0.95203580119256
H           -1.31117971549170        1.43211667206993       -0.80979148436613
H            5.07469797248249       -1.11343760599042        1.48853015187878
H            6.43026863669982       -0.54023146420588        0.48265043217152
H            5.21414856035410       -1.64188067354237       -0.21429500126690
H           -3.91712032925107        0.85487394839664        2.41567267135805
31
 energy: -49.347903413530 gnorm: 0.005202773637 xtb: 6.7.1 (edcfbbe)
C           -3.54635084325728       -0.26750159684554       -1.83981768734615
C           -3.14203569801569       -0.54088326952666       -0.39209153261155
H           -3.56859344646320       -1.48845873064837       -0.05243390791836
C           -1.63812289763321       -0.59632277762023       -0.22217265822033
C           -1.02586489207851       -1.78424010975364        0.21653076432792
C            0.33020042024749       -1.85858594551635        0.36804443078797
C            1.15144206956970       -0.74680993900481        0.09079323237948
C            2.55289244395547       -0.80673142964587        0.23626145255198
C            3.32786319542043        0.29143910246847       -0.03995744308878
C            2.71524525860077        1.49221726857525       -0.47184369647245
C            1.36384856870100        1.57060786996010       -0.61696213672781
C            0.53941046637728        0.45648552481583       -0.34240096134829
C           -0.86006208464287        0.50318414333589       -0.48520024153349
O            4.68522765814921        0.34743111860762        0.06298492887828
C            5.37911854299301       -0.81001929158567        0.48055069330556
C           -3.64451305601781        0.54223396199065        0.53828950500802
O           -4.00330166552652        1.65040554356024        0.19853332460779
O           -3.62064327299079        0.15564621020833        1.80310475380033
H           -3.14430551899751       -1.04076072046787       -2.48716445025132
H           -4.62941695227929       -0.25104305071044       -1.92859850304778
H           -3.16526724827471        0.69775404950349       -2.16063857796279
H           -1.64199753627242       -2.64350583271756        0.43343248530619
H            0.79109620729004       -2.77538660705312        0.70385084481199
H            2.98638866082581       -1.73706228247298        0.56777600812173
H            3.35916368205586        2.33215185994541       -0.67917232184427
H            0.90385674489513        2.48965716962635       -0.94760338985413
H           -1.31665951128133        1.43002197399300       -0.80368565196668
H            5.07804187648285       -1.11005874505624        1.48792433430514
H            6.43020361998344       -0.53055427795179        0.48074629790934
H            5.21895177887567       -1.63924198542850       -0.21386942321373
H           -3.90733863266846        0.85635053908309        2.42257508556417
31
 energy: -49.347876368586 gnorm: 0.011880554176 xtb: 6.7.1 (edcfbbe)
C           -3.54542602719561       -0.26904830470150       -1.84096561075466
C           -3.14445419968994       -0.54209414418287       -0.39179881457567
H           -3.57570751148197       -1.48632982470400       -0.04972469124553
C           -1.64090427334901       -0.60110653785308       -0.22162363976554
C           -1.02814333261450       -1.79037518230356        0.21516062470067
C            0.32855633248789       -1.86379171324899        0.36745067416631
C            1.14883753041003       -0.75001287877387        0.09164213745337
C            2.55105754198045       -0.80927270752797        0.23622056304660
C            3.32475617460603        0.29039139317022       -0.03985444342988
C            2.71042329517027        1.49167322774202       -0.47048773000254
C            1.35876088880807        1.56990503490346       -0.61390352900154
C            0.53569314374578        0.45413285578876       -0.33953964802594
C           -0.86406431642846        0.50036907813590       -0.48182221140813
O            4.68126093695857        0.34944507837828        0.06123530228535
C            5.37943265322352       -0.80378942986283        0.47901171663543
C           -3.63689909973259        0.54896172247105        0.53667659477870
O           -3.96400092826554        1.66859080063019        0.19093940486363
O           -3.62928222573494        0.15907529352499        1.79860353723922
H           -3.13695585679241       -1.04005704702084       -2.48771514826733
H           -4.62848026374353       -0.25714518200141       -1.93489627262716
H           -3.16583603016844        0.69837394342216       -2.15851915942397
H           -1.64484142699895       -2.65042077746084        0.42953782188769
H            0.79103862007615       -2.78058800439141        0.70240344126096
H            2.98534346696707       -1.74053292181763        0.56631554731108
H            3.35549428688452        2.33143134701817       -0.67786147054717
H            0.89730413254102        2.48920334498093       -0.94323052890771
H           -1.32209518065738        1.42795553001141       -0.79763967022374
H            5.08136289352238       -1.10672344849488        1.48732683295907
H            6.43013694339799       -0.52096822959412        0.47885453022742
H            5.22371102197429       -1.63663981536548       -0.21344059095782
H           -3.89760125187722        0.85780724279581        2.42942998860683
31
 energy: -49.347941884139 gnorm: 0.004362002332 xtb: 6.7.1 (edcfbbe)
C           -3.54705780060493       -0.26885043600656       -1.83966827433370
C           -3.14350728733530       -0.54030480097875       -0.39153066180827
H           -3.57312077489831       -1.48529157198672       -0.04871952624334
C           -1.63927086108277       -0.59926735881091       -0.22217925843965
C           -1.02682371020725       -1.78790170615705        0.21497900061757
C            0.32970654248505       -1.86207041658009        0.36651790939731
C            1.15101259265808       -0.74944103957417        0.09088011484854
C            2.55309293803489       -0.80854675804563        0.23606016622324
C            3.32631608200859        0.29125439720731       -0.03991667340269
C            2.71294261299355        1.49242359474469       -0.47048701183361
C            1.36131564980654        1.57002024607823       -0.61469630932891
C            0.53810903141433        0.45446206710120       -0.34102690667706
C           -0.86130314894417        0.50093914048600       -0.48385599528318
O            4.68381859881013        0.34956223608725        0.06187036724962
C            5.37982070167681       -0.80713169974612        0.47998633044411
C           -3.63709675289204        0.54847160237559        0.53779416107042
O           -3.97738412436098        1.66135544275515        0.19547768246364
O           -3.62986623098083        0.15721259020673        1.80177238736096
H           -3.14037739643330       -1.04095279443931       -2.48626736885890
H           -4.63022303079174       -0.25727434105376       -1.93168933153072
H           -3.16886904423485        0.69779433798791       -2.16079029124146
H           -1.64340073942544       -2.64775281816654        0.43025926564114
H            0.79106595321676       -2.77943681812904        0.70123169224918
H            2.98814397614432       -1.73877915300186        0.56657429198265
H            3.35643196006195        2.33318883771922       -0.67759420854645
H            0.89985920626579        2.48921123547745       -0.94399724785740
H           -1.31858207964894        1.42824003105775       -0.80088979096587
H            5.07877557149256       -1.10740588190924        1.48756703140442
H            6.43083907629700       -0.52668765769466        0.48051199129137
H            5.22091445179693       -1.63696074890385       -0.21436090501002
H           -3.90680402529888        0.85833998556786        2.42397292737507
31
 energy: -49.347974233168 gnorm: 0.001667439085 xtb: 6.7.1 (edcfbbe)
C           -3.54811381818499       -0.27032976592818       -1.83858989435802
C           -3.14393904915458       -0.53962281083828       -0.39068333869921
H           -3.57451562169586       -1.48336738627617       -0.04556906857335
C           -1.63916087820889       -0.60007282879356       -0.22229471528623
C           -1.02663642460900       -1.78873171715527        0.21347832186045
C            0.32989750416552       -1.86308584320938        0.36433619448793
C            1.15162650127105       -0.75064985973874        0.09002832026208
C            2.55375718244532       -0.80904932130807        0.23538158024059
C            3.32591635782821        0.29154994171298       -0.03983813453972
C            2.71254580429545        1.49280116562317       -0.46925469259636
C            1.36095237540292        1.56953056827315       -0.61350113213739
C            0.53845002461322        0.45332196251307       -0.34106248733584
C           -0.86068037571324        0.49976039118134       -0.48390782700733
O            4.68399664753956        0.35064486923750        0.06186703295745
C            5.38015597382078       -0.80708102296356        0.48027253999930
C           -3.63412570727724        0.55132961148943        0.53748946362747
O           -3.96294026863828        1.66669615500878        0.19644107877691
O           -3.63748617694112        0.15708541525672        1.80171643870262
H           -3.13876514053510       -1.04152156375189       -2.48471609535801
H           -4.63125420589273       -0.26300144126582       -1.93107970296481
H           -3.17374806158207        0.69735222149636       -2.16102578243496
H           -1.64302338587273       -2.64882601090077        0.42821938393073
H            0.79084741903011       -2.78106631821399        0.69783706167204
H            2.98996803079091       -1.73863623020689        0.56532512258283
H            3.35486254262373        2.33449006094969       -0.67553686659725
H            0.89863174019706        2.48862072406866       -0.94163855702058
H           -1.31788043072969        1.42702992613244       -0.80066298458232
H            5.07762297402752       -1.10613191816115        1.48740606063113
H            6.43099086413094       -0.52656617050785        0.48132212870049
H            5.22063688019295       -1.63541055428976       -0.21516545841637
H           -3.91011133931617        0.86135749423410        2.42119156773372
31
 energy: -49.348047977159 gnorm: 0.005678524770 xtb: 6.7.1 (edcfbbe)
C           -3.55272774420077       -0.27990123590441       -1.83401649204330
C           -3.14664032563328       -0.53858668118051       -0.38583839593377
H           -3.58276352296598       -1.47488819435707       -0.02785561113648
C           -1.64017602511421       -0.60565251647592       -0.22276616779997
C           -1.02696967896179       -1.79564563521715        0.20525542517475
C            0.32995307186118       -1.87034956594443        0.35281288166673
C            1.15221474159217       -0.75715787204563        0.08512940393805
C            2.55460889079453       -0.81230393738274        0.23093960345736
C            3.32239451478837        0.29225451306111       -0.03938363548773
C            2.70791060516386        1.49440263179419       -0.46252466651648
C            1.35640940558961        1.56771727175769       -0.60669300617770
C            0.53744274049268        0.44780236099220       -0.34050913185666
C           -0.86083019283609        0.49397346518675       -0.48263259742622
O            4.68188419121857        0.35568834807691        0.06202657520891
C            5.38103090435839       -0.80323858954234        0.48098056710151
C           -3.61422466674624        0.56796607834074        0.53508878656844
O           -3.86804893662449        1.70377046607456        0.19680704074967
O           -3.67938177574243        0.15905362557044        1.79757887320004
H           -3.12625582070485       -1.04401860567452       -2.47814350592909
H           -4.63568686782919       -0.29571038760468       -1.93051245825297
H           -3.19765207838063        0.69478324051846       -2.15811445819361
H           -1.64233980515882       -2.65728697801002        0.41642244617870
H            0.79022368728569       -2.79093812238487        0.67997247063942
H            2.99533115183074       -1.74039003178292        0.55717104810757
H            3.34649161708834        2.33962696422091       -0.66398730801334
H            0.88995363822205        2.48663735367657       -0.92876707100173
H           -1.31865660238371        1.42180750297852       -0.79558865038834
H            5.07477574741496       -1.10060991334285        1.48650459295189
H            6.43050696079490       -0.51927256036073        0.48430610834022
H            5.22301230295709       -1.62778275886286       -0.21783036722878
H           -3.92331219014707        0.87666950749265        2.41195325836094
31
 energy: -49.348083043681 gnorm: 0.003719862322 xtb: 6.7.1 (edcfbbe)
C           -3.55437506010251       -0.28339114933341       -1.83282625623453
C           -3.14684307273735       -0.53907843881063       -0.38418927090891
H           -3.58222300475162       -1.47409594000010       -0.02271323802712
C           -1.64033603962270       -0.60574606303119       -0.22319379997923
C           -1.02698213998546       -1.79668168366170        0.20267032281575
C            0.33011485796839       -1.87169250572407        0.34911730646280
C            1.15189658213634       -0.75779985581879        0.08279689994185
C            2.55415280211547       -0.81279146391237        0.22886416232536
C            3.32201913001675        0.29232380982260       -0.03910463827009
C            2.70722431175874        1.49500918913262       -0.46065104594735
C            1.35576890593275        1.56828403520492       -0.60543820245510
C            0.53702398486792        0.44775445545329       -0.34107528535754
C           -0.86137145417005        0.49420936253173       -0.48264835860260
O            4.68110947242284        0.35587391033379        0.06331537960056
C            5.38064938507572       -0.80246985698525        0.48157267301248
C           -3.61115614103450        0.56981465907717        0.53467647905955
O           -3.84807736381264        1.70910866247879        0.19745268135007
O           -3.68649919125734        0.16276543212061        1.79555545775528
H           -3.12275529952598       -1.04451473347941       -2.47683740390038
H           -4.63711729625997       -0.30587957095232       -1.92952545650583
H           -3.20471298134424        0.69363501471122       -2.15569232597230
H           -1.64205550717732       -2.65864847026958        0.41310518097490
H            0.79055740207332       -2.79276777869750        0.67459428954805
H            2.99476628415763       -1.74153765065934        0.55382125806609
H            3.34600141329749        2.34054280813479       -0.66013313966027
H            0.88906276474829        2.48749635220265       -0.92614762241718
H           -1.31944938042064        1.42247563198303       -0.79401875337674
H            5.07452557510317       -1.10172652893862        1.48666896540674
H            6.42981218166971       -0.51723872487602        0.48580191049654
H            5.22444653849520       -1.62716444901410       -0.21764100033754
H           -3.92669972161381        0.88235128464523        2.40960838939470
31
 energy: -49.348127891715 gnorm: 0.002478351339 xtb: 6.7.1 (edcfbbe)
C           -3.55922354161957       -0.29264072223707       -1.82831930236603
C           -3.14706881549908       -0.54050663289659       -0.37867840752068
H           -3.58190639005705       -1.47181463986908       -0.00808062879476
C           -1.64021987294764       -0.60660432205920       -0.22431871789013
C           -1.02623348887404       -1.79992630967641        0.19576489466145
C            0.33138313544175       -1.87559133347233        0.33886098891081
C            1.15166573591525       -0.75949522090045        0.07596625553277
C            2.55372012343473       -0.81422146963308        0.22264337571968
C            3.32176447038851        0.29263294873068       -0.03865758313196
C            2.70591791426463        1.49678447428306       -0.45589874530631
C            1.35454073233211        1.56992955481231       -0.60243936641803
C            0.53629049066454        0.44766822984714       -0.34302903749887
C           -0.86257707208065        0.49444908844503       -0.48290639008066
O            4.67958735475734        0.35664979132246        0.06692360213811
C            5.38014440022871       -0.80010524595644        0.48293663313580
C           -3.59853138109887        0.57784075620325        0.53414348500300
O           -3.78933713151577        1.72675164190789        0.19681620848062
O           -3.71433873598382        0.17113055220410        1.79069159125004
H           -3.11434601283480       -1.04624731679267       -2.47182083718789
H           -4.64138375868560       -0.33327955691562       -1.92533619954298
H           -3.22422133635071        0.69027435811018       -2.14907478871923
H           -1.64085421829450       -2.66266979487169        0.40430765764149
H            0.79283641079086       -2.79778930483064        0.65977948603425
H            2.99387127119467       -1.74499698396979        0.54385448707355
H            3.34538278885729        2.34327057442184       -0.65007997670890
H            0.88740945947714        2.49020835438041       -0.91965471842537
H           -1.32162462480585        1.42393335657957       -0.78977070398758
H            5.07387866850813       -1.10519811197287        1.48676025123601
H            6.42880294831543       -0.51229014003502        0.49033318774970
H            5.22886522336268       -1.62508717336878       -0.21780160326254
H           -3.94571680926224        0.89536034187788        2.40387046053266
31
 energy: -49.348145183050 gnorm: 0.002039282415 xtb: 6.7.1 (edcfbbe)
C           -3.56224665999370       -0.29659961896513       -1.82452403016586
C           -3.14573190406330       -0.54062497666341       -0.37493479042589
H           -3.57810029861729       -1.47182308611025       -0.00152346639493
C           -1.63853193895303       -0.60467473552195       -0.22467217432868
C           -1.02420186803860       -1.79897165151797        0.19293302961945
C            0.33351504215797       -1.87540682739447        0.33359393443522
C            1.15310561486685       -0.75857594088821        0.07143497215697
C            2.55487543009348       -0.81405769514184        0.21866989530637
C            3.32401795245251        0.29303065992069       -0.03870638932165
C            2.70817623526842        1.49784620414768       -0.45446632381372
C            1.35692428352086        1.57148708476973       -0.60281142476247
C            0.53788070930618        0.44924885197995       -0.34564122149234
C           -0.86140675871306        0.49638583062587       -0.48426481696179
O            4.68106449467740        0.35591593892174        0.07004087014144
C            5.38017958369129       -0.80130089861693        0.48416551729506
C           -3.59777468835557        0.57889294425829        0.53485422710529
O           -3.77889718979751        1.72748533563265        0.19740484846910
O           -3.72890611652507        0.17505369271490        1.78945250052528
H           -3.11326011758196       -1.04719379680714       -2.46813773509707
H           -4.64403376805089       -0.34508417876729       -1.91917572984550
H           -3.23439475095417        0.68840487460933       -2.14566255889111
H           -1.63884959835139       -2.66164257139647        0.40148152633956
H            0.79557612724047       -2.79793880521180        0.65245045940136
H            2.99370174511359       -1.74619535806304        0.53815055021163
H            3.34827114458449        2.34461051172101       -0.64582275882796
H            0.89085044504789        2.49264818813525       -0.91909092365321
H           -1.32057204173993        1.42628100384357       -0.78975104501156
H            5.07260790362043       -1.10996348255143        1.48681364759578
H            6.42908490092347       -0.51415710467858        0.49432225137805
H            5.23042180177654       -1.62539851112034       -0.21834642973226
H           -3.96486777658280        0.90073786180361        2.39954914700345
31
 energy: -49.348159291429 gnorm: 0.002345083812 xtb: 6.7.1 (edcfbbe)
C           -3.56630436435920       -0.30296935130191       -1.81863450728911
C           -3.14473152975557       -0.54029391842787       -0.36903819570438
H           -3.57592573347729       -1.46976393050346        0.00992591818725
C           -1.63667262490468       -0.60373923481627       -0.22431154897354
C           -1.02160337789456       -1.79939869734300        0.18846898213127
C            0.33633096068876       -1.87678633687241        0.32513648850317
C            1.15534425028246       -0.75901146707061        0.06513107162807
C            2.55696540805006       -0.81473039431574        0.21289973652949
C            3.32625175175139        0.29354328786721       -0.03901394225628
C            2.71008654395972        1.49919664868924       -0.45184236676398
C            1.35900409857517        1.57262468551119       -0.60203990217973
C            0.53978777759655        0.44971673830741       -0.34845952919699
C           -0.85983912922774        0.49716465635705       -0.48499503368153
O            4.68280191753514        0.35638855969245        0.07336163495479
C            5.38090990560580       -0.80177078879823        0.48535922016934
C           -3.59379740414496        0.58410639869727        0.53538780824313
O           -3.74327202173378        1.73858500001000        0.19762669622884
O           -3.76057140854534        0.17880746029588        1.78665456892747
H           -3.10919462205195       -1.04887087414668       -2.46197268334949
H           -4.64761321629138       -0.36521487669642       -1.91144964035649
H           -3.25078154384306        0.68573698625858       -2.14095675690421
H           -1.63619917712404       -2.66227903632619        0.39622384392529
H            0.79921761678264       -2.80021867813872        0.64002558360347
H            2.99533358467095       -1.74802678958811        0.52948309234715
H            3.34996796322871        2.34706516984461       -0.63919241582283
H            0.89336094210050        2.49479953037894       -0.91605497246163
H           -1.31935250153779        1.42759858441772       -0.78806330538526
H            5.07052880303853       -1.11423155879127        1.48610539931196
H            6.42987330285300       -0.51490408878422        0.49971763021765
H            5.23328282426452       -1.62364245069599       -0.22035074890990
H           -3.99471105806900        0.90893850995754        2.39265343258507
31
 energy: -49.348169768367 gnorm: 0.001667369489 xtb: 6.7.1 (edcfbbe)
C           -3.56690780389750       -0.30378756784637       -1.81598430805400
C           -3.14371519732361       -0.53931638497064       -0.36668029175473
H           -3.57380646713318       -1.46928607968289        0.01265929783210
C           -1.63528694683410       -0.60230696689757       -0.22322084633454
C           -1.01997904229108       -1.79818720123610        0.18829008077275
C            0.33796471742096       -1.87613966399608        0.32326120575575
C            1.15725911862395       -0.75856786882445        0.06330632677501
C            2.55894463256544       -0.81482181378221        0.21105785733724
C            3.32832035298874        0.29356377129068       -0.03971744735575
C            2.71240776902661        1.49928667630077       -0.45233987733946
C            1.36136368435804        1.57288647196782       -0.60293772176266
C            0.54165906574222        0.45033782913828       -0.34956295215476
C           -0.85811454345329        0.49812127902962       -0.48494175136412
O            4.68500678925665        0.35627882783807        0.07405386787726
C            5.38198505305663       -0.80318467459911        0.48545368056723
C           -3.59697840864371        0.58494028884905        0.53626008901273
O           -3.74423570027760        1.73895801423674        0.19805081440595
O           -3.77315981260739        0.17872186184786        1.78574274589490
H           -3.10953924524209       -1.04948949603455       -2.45938171515819
H           -4.64804451851571       -0.36808023084087       -1.90740672554023
H           -3.25382973372214        0.68493663387721       -2.13997351183166
H           -1.63486635136341       -2.66084843277123        0.39634703750100
H            0.80114032853740       -2.79979538110411        0.63704864749614
H            2.99707208749647       -1.74828094396590        0.52701071643196
H            3.35205310970528        2.34739316056533       -0.63922527951769
H            0.89637603072200        2.49542037575326       -0.91693721718645
H           -1.31757856785143        1.42862177935964       -0.78771627171514
H            5.06949913164362       -1.11646365076506        1.48520522659711
H            6.43121587452442       -0.51747041155801        0.50199776443794
H            5.23441795246043       -1.62341955882947       -0.22204189533803
H           -4.01216542094907        0.90839910131831        2.39010801197039
31
 energy: -49.348181473708 gnorm: 0.001296193927 xtb: 6.7.1 (edcfbbe)
C           -3.56671685604703       -0.30594690390587       -1.81002707023527
C           -3.14124872250688       -0.53676544718813       -0.36082469299268
H           -3.56922677203171       -1.46732185989444        0.02031293601496
C           -1.63239632028532       -0.59871412692165       -0.21930199571839
C           -1.01667939685056       -1.79561114394979        0.18851959338753
C            0.34140871568969       -1.87513026729596        0.31937481278296
C            1.16150864523045       -0.75805299855811        0.05969164594087
C            2.56346748888861       -0.81569014460366        0.20660553455325
C            3.33281340880446        0.29301701577101       -0.04214564543384
C            2.71755815114955        1.49904073413835       -0.45429306655169
C            1.36645154775435        1.57338492194395       -0.60458610060541
C            0.54577018053214        0.45167476695520       -0.35074670289978
C           -0.85436066606063        0.50080148298401       -0.48268054433164
O            4.68997476575386        0.35588062413458        0.07388387980697
C            5.38513715583456       -0.80603449748939        0.48458763867918
C           -3.60439698316642        0.58830078318739        0.53834368108023
O           -3.74153933332407        1.74295670047272        0.19899000365830
O           -3.80794832154548        0.17830265975669        1.78152893646180
H           -3.10792102046427       -1.05161322655474       -2.45285567151184
H           -4.64766836925398       -0.37478250480689       -1.89956167885391
H           -3.25829234612739        0.68297111568092       -2.13728432482293
H           -1.63217353615141       -2.65793765446890        0.39689217589818
H            0.80509750849591       -2.79965325790043        0.63007518199051
H            3.00135403156984       -1.74964405752731        0.52074360490503
H            3.35685581926800        2.34738336143074       -0.64100484259558
H            0.90264279524718        2.49661875167767       -0.91844032785950
H           -1.31388129989253        1.43176343852786       -0.78389313877120
H            5.06771777014858       -1.12142965226708        1.48190779612921
H            6.43460432054292       -0.52151824119261        0.50658846885452
H            5.23920087853991       -1.62284861756914       -0.22690672581799
H           -4.05863530171888        0.90501798910097        2.38429219711627
31
 energy: -49.348186160902 gnorm: 0.000709265073 xtb: 6.7.1 (edcfbbe)
C           -3.56414933277663       -0.30514868052943       -1.81087414393461
C           -3.14102663926017       -0.53657824907367       -0.36103325761488
H           -3.56944979465790       -1.46709162878960        0.01948558449995
C           -1.63268958351176       -0.59808528119973       -0.21776777963552
C           -1.01722356168505       -1.79512405942858        0.19019432047203
C            0.34088296116417       -1.87479055695350        0.32147311071750
C            1.16110915180560       -0.75795035746549        0.06137751209084
C            2.56311597846206       -0.81585230513266        0.20710197804623
C            3.33255851688328        0.29242854252160       -0.04319542179398
C            2.71750020666036        1.49849872717571       -0.45561368242280
C            1.36621854635814        1.57338681373781       -0.60424190594689
C            0.54553535882808        0.45196839229610       -0.34889650413403
C           -0.85457849119815        0.50155993192352       -0.48042159089845
O            4.68987573867406        0.35505639586457        0.07121270141703
C            5.38564539199522       -0.80612446174521        0.48300588582518
C           -3.60615242698362        0.58774490033076        0.53829189164337
O           -3.74454599381407        1.74265322137237        0.19953144312648
O           -3.80985297118242        0.17676508046151        1.78019728618970
H           -3.10629593636540       -1.05210695688760       -2.45279990497417
H           -4.64522674215031       -0.37113373843585       -1.90196114964431
H           -3.25247985093761        0.68298658731184       -2.13767775877505
H           -1.63253570178327       -2.65756234225407        0.39838549055604
H            0.80411230378210       -2.79949755041143        0.63231873501461
H            3.00114222065932       -1.74982755822780        0.52127930175980
H            3.35715306909067        2.34622734470266       -0.64388933276102
H            0.90212064865646        2.49638376788338       -0.91825052287884
H           -1.31403786272875        1.43270381544118       -0.78126657637149
H            5.06852879157260       -1.12099653548233        1.48050427556720
H            6.43474061316750       -0.52039595183174        0.50469423639599
H            5.24056340436317       -1.62370378145034       -0.22769472321355
H           -4.06208007506421        0.90202621794403        2.38431605993575
31
 energy: -49.348191911842 gnorm: 0.002306040649 xtb: 6.7.1 (edcfbbe)
C           -3.55865048141527       -0.30573405423597       -1.81067910829836
C           -3.14011307466904       -0.53579230546895       -0.35887534340222
H           -3.56941238332926       -1.46541174590087        0.02224482849030
C           -1.63264933195339       -0.59631603887039       -0.21334672354909
C           -1.01751691842427       -1.79431462780504        0.19282473560347
C            0.34080576620059       -1.87472557108675        0.32353076058031
C            1.16103869461665       -0.75803620338900        0.06320916889906
C            2.56319014146451       -0.81662673707303        0.20566327877902
C            3.33286945290888        0.29106222142994       -0.04675867578008
C            2.71798096593903        1.49765481085037       -0.45824490202898
C            1.36627642844821        1.57382796942045       -0.60274498469709
C            0.54565216628335        0.45279330107387       -0.34498730455321
C           -0.85458355340533        0.50369166795455       -0.47445634153275
O            4.69034267544670        0.35293400875636        0.06434035888291
C            5.38729095376827       -0.80635213416117        0.47896262633718
C           -3.60793258762147        0.58879822325283        0.53850435976399
O           -3.73339245526383        1.74712022688961        0.20201232464593
O           -3.83191378991611        0.17382171381832        1.77599693016622
H           -3.09941589319838       -1.05413176015885       -2.44982706977911
H           -4.63981190262345       -0.36993049127501       -1.90562926163984
H           -3.24344284012957        0.68189129609061       -2.13676206721088
H           -1.63236641909347       -2.65716303592388        0.40017428899336
H            0.80312787055034       -2.80029046822564        0.63318237047304
H            3.00157655985674       -1.75108080945332        0.51866278345216
H            3.35841816363377        2.34429053847531       -0.64900661066762
H            0.90131953521376        2.49670140099956       -0.91567002494342
H           -1.31407290628942        1.43561767761487       -0.77301325723389
H            5.06967765263098       -1.12083396006056        1.47639544114974
H            6.43548498484464       -0.51757295511748        0.50161015524674
H            5.24548492245226       -1.62567838282548       -0.23041235639017
H           -4.08678445890301        0.89820596807272        2.38088517850146
31
 energy: -49.348195786727 gnorm: 0.001475138744 xtb: 6.7.1 (edcfbbe)
C           -3.55543124484402       -0.30403245786830       -1.81192323726272
C           -3.14013363386462       -0.53568725907771       -0.35944530539172
H           -3.56987417475390       -1.46601724812518        0.01941633443125
C           -1.63290600797182       -0.59591166471746       -0.21144881175496
C           -1.01791328778877       -1.79364177104286        0.19545893014843
C            0.34039351158198       -1.87398101313917        0.32680287371725
C            1.16077765409849       -0.75765199782094        0.06559874232897
C            2.56308667390654       -0.81652774750591        0.20653981593830
C            3.33287429890026        0.29056697834936       -0.04815860711097
C            2.71798187345779        1.49710672136394       -0.45977539931362
C            1.36610922456429        1.57376529568219       -0.60216602571822
C            0.54543806702274        0.45313526560067       -0.34276344348205
C           -0.85479535117190        0.50420299402602       -0.47195845173926
O            4.69054671233711        0.35188579230323        0.06052466543257
C            5.38777745389332       -0.80668158941798        0.47670503383099
C           -3.61075565028199        0.58723497740237        0.53835934743815
O           -3.74010153877307        1.74499276310471        0.20313694413592
O           -3.83303521509559        0.17161274055090        1.77547601091002
H           -3.09824158016177       -1.05451548103947       -2.45004511884461
H           -4.63665374132712       -0.36349229295492       -1.90867946437983
H           -3.23546293631823        0.68209508567067       -2.13790214558343
H           -1.63273882003821       -2.65650270283922        0.40280065597809
H            0.80235780132243       -2.79947042926709        0.63714269061373
H            3.00167429690595       -1.75081040505943        0.51974540571377
H            3.35861308739880        2.34317029350509       -0.65241107149574
H            0.90088828189372        2.49651562486431       -0.91504748401824
H           -1.31417081168190        1.43617238864813       -0.77049235786736
H            5.07043161688217       -1.11965366707032        1.47469433505388
H            6.43588504074257       -0.51762713919821        0.49863501381271
H            5.24592435705117       -1.62710122483466       -0.23138894528584
H           -4.09006801986305        0.89526891357520        2.38035462802273
31
 energy: -49.348199922520 gnorm: 0.000698728886 xtb: 6.7.1 (edcfbbe)
C           -3.55053323070314       -0.30211218324105       -1.81264796448915
C           -3.14012582069456       -0.53552970823511       -0.35908440560677
H           -3.57036531897481       -1.46715235602796        0.01628690077365
C           -1.63285387905998       -0.59520187772573       -0.20751279989450
C           -1.01778692583563       -1.79256730826090        0.19984394733904
C            0.34051124142861       -1.87281547224174        0.33114557999676
C            1.16107552553350       -0.75694404657220        0.06857458641028
C            2.56373583829583       -0.81648666790210        0.20678404562669
C            3.33365857879818        0.28984970720553       -0.05080235427177
C            2.71844724018685        1.49646664894094       -0.46168898405536
C            1.36635334247661        1.57388394420683       -0.60067591145220
C            0.54555072915485        0.45385141203755       -0.33928857205896
C           -0.85475700131149        0.50503932661478       -0.46746080246947
O            4.69162492618540        0.35026048254243        0.05404395745989
C            5.38882620932852       -0.80741417301731        0.47242304882001
C           -3.61531593283091        0.58554376216953        0.53810096212958
O           -3.74254557114473        1.74373902317676        0.20518823501024
O           -3.84384164075604        0.16850608169811        1.77348212805150
H           -3.09529963288935       -1.05521589638724       -2.44910873876609
H           -4.63162193986762       -0.35630741131917       -1.91229142567913
H           -3.22496903732168        0.68202129078592       -2.13874304366938
H           -1.63278452232013       -2.65535253788731        0.40722158737129
H            0.80249602486959       -2.79816175336986        0.64181811638580
H            3.00255858929834       -1.75071028159279        0.51955330276248
H            3.35914870613420        2.34192280916476       -0.65666097768354
H            0.90100285751140        2.49680992697008       -0.91290576003260
H           -1.31408419828863        1.43707606110576       -0.76564302444140
H            5.07139371376649       -1.11810044229773        1.47115600747436
H            6.43709431506507       -0.51892258664384        0.49370175991402
H            5.24657866092876       -1.62925306258880       -0.23396640155425
H           -4.10469390894015        0.89169703235984        2.37694255885721
31
 energy: -49.348202496304 gnorm: 0.000305255170 xtb: 6.7.1 (edcfbbe)
C           -3.54842123050432       -0.30188822407262       -1.81255094044623
C           -3.13996512931058       -0.53543962775174       -0.35844087283297
H           -3.57049309880029       -1.46741694168417        0.01589580013880
C           -1.63257164110732       -0.59503979450214       -0.20543427766494
C           -1.01740067437673       -1.79228237276842        0.20211956172831
C            0.34092551313778       -1.87241637269836        0.33290960449565
C            1.16148162827376       -0.75661297561744        0.06966208698375
C            2.56434045018245       -0.81654367514954        0.20645636941952
C            3.33423573296194        0.28963871879044       -0.05197396280337
C            2.71867649036411        1.49645470330771       -0.46184916175927
C            1.36648983602791        1.57417674653733       -0.59939291221118
C            0.54571098626949        0.45424809705642       -0.33761066708446
C           -0.85461996256688        0.50530261283825       -0.46531751795436
O            4.69232970736664        0.34972351472504        0.05097001128748
C            5.38931060717442       -0.80784321753354        0.46969084101786
C           -3.61616522987145        0.58571194683934        0.53789729793253
O           -3.73673137920128        1.74478546860946        0.20599304562168
O           -3.85451299136018        0.16720280703258        1.77154404032976
H           -3.09298437189862       -1.05547568648687       -2.44844550442418
H           -4.62940261023624       -0.35543036540319       -1.91351645896109
H           -3.22176711441615        0.68189836818646       -2.13842432018545
H           -1.63259984120983       -2.65490963946935        0.40983097346872
H            0.80337977019433       -2.79757489139068        0.64351271184311
H            3.00320247023168       -1.75093957384790        0.51854842659166
H            3.35925230037460        2.34189942193498       -0.65732150855668
H            0.90123613501634        2.49743027410873       -0.91090342818612
H           -1.31408474498047        1.43735364018032       -0.76323063042751
H            5.07226168146640       -1.11767086305225        1.46887452213317
H            6.43786752270605       -0.52017001683994        0.49026814675664
H            5.24629080096604       -1.63020584471643       -0.23600838566325
H           -4.11679367485030        0.89045350650545        2.37403266767070
31
 energy: -49.348204345551 gnorm: 0.000585365504 xtb: 6.7.1 (edcfbbe)
C           -3.54647297260552       -0.30172779074248       -1.81284927175065
C           -3.13981802909251       -0.53578439389228       -0.35829134952757
H           -3.57081234319112       -1.46790518646061        0.01519070977891
C           -1.63239608156726       -0.59510787677295       -0.20384483765728
C           -1.01715352028782       -1.79199075724831        0.20464329246382
C            0.34116206009019       -1.87184212444156        0.33522660806458
C            1.16164711760828       -0.75615150827491        0.07109787502692
C            2.56460331436835       -0.81633652663196        0.20669952723988
C            3.33447326008313        0.28968717632688       -0.05246663239584
C            2.71861853907711        1.49672069588577       -0.46121128587483
C            1.36635237849147        1.57460657659268       -0.59777062253032
C            0.54569590738757        0.45462535491494       -0.33597770849937
C           -0.85460221063394        0.50530362979065       -0.46380707220377
O            4.69274198986013        0.34937534820786        0.04860121399110
C            5.38960938270198       -0.80846615059725        0.46654354803736
C           -3.61658630547533        0.58549873323499        0.53743044793869
O           -3.72913771873422        1.74585992379225        0.20681268157135
O           -3.86412075959708        0.16570179719556        1.76911370160002
H           -3.09065181588913       -1.05539366618475       -2.44841007190982
H           -4.62738921083633       -0.35495585972349       -1.91504715844088
H           -3.21912336770300        0.68201406656063       -2.13819243349733
H           -1.63240293227441       -2.65442600670482        0.41299212273645
H            0.80407123722839       -2.79664066167119        0.64622199683592
H            3.00344263587152       -1.75086770601579        0.51828389986328
H            3.35901467221032        2.34226830523764       -0.65680702259312
H            0.90117193473967        2.49813278232109       -0.90855346175734
H           -1.31419748760258        1.43718384873813       -0.76193163815615
H            5.07402619160980       -1.11753711203826        1.46644519609955
H            6.43850832168688       -0.52175437138817        0.48514046299361
H            5.24464449594904       -1.63104472728741       -0.23854237591640
H           -4.12644074545025        0.88937393094506        2.37104521672753
31
 energy: -49.348205142482 gnorm: 0.000221725363 xtb: 6.7.1 (edcfbbe)
C           -3.54639449689975       -0.30177004891952       -1.81318988114334
C           -3.13959842023570       -0.53584062811637       -0.35866098916967
H           -3.57069307279094       -1.46778208596340        0.01499023000623
C           -1.63236797179040       -0.59507931110657       -0.20405604117907
C           -1.01721689434112       -1.79186070974318        0.20504650759091
C            0.34109949864669       -1.87166316977536        0.33595009497813
C            1.16157468107613       -0.75601668521957        0.07163721072662
C            2.56448092053483       -0.81611190961406        0.20740276843414
C            3.33432168214656        0.28990992689587       -0.05184605841372
C            2.71855687914843        1.49695929954895       -0.46063882264346
C            1.36627679310514        1.57476971026059       -0.59751145673863
C            0.54568743894339        0.45470155273379       -0.33583748932513
C           -0.85457194534135        0.50531457797488       -0.46412105433441
O            4.69264467257836        0.34951575161460        0.04910292300214
C            5.38966272229260       -0.80881761843005        0.46576007634070
C           -3.61614711629024        0.58541694715080        0.53738633762517
O           -3.72843580568836        1.74570083198358        0.20714794270235
O           -3.86472891250800        0.16538194971586        1.76843048743442
H           -3.09045592987317       -1.05520466696864       -2.44888847045344
H           -4.62732746885702       -0.35512004026242       -1.91536472794926
H           -3.21918047257060        0.68209920561460       -2.13827289025165
H           -1.63236833764147       -2.65428951014681        0.41364907322026
H            0.80388115340760       -2.79640036639780        0.64737134693316
H            3.00333396650034       -1.75060726223022        0.51919868243570
H            3.35893738458072        2.34254453086481       -0.65611353218219
H            0.90101776882063        2.49820275891594       -0.90842851405484
H           -1.31416754107700        1.43710894999728       -0.76263433143325
H            5.07515565726231       -1.11830372457892        1.46582141425582
H            6.43858943959348       -0.52219002721236        0.48327401802896
H            5.24373751830224       -1.63099034971300       -0.23960124373941
H           -4.12682585301105        0.88884186479465        2.37078194755509
31
 energy: -49.348206137969 gnorm: 0.000460656723 xtb: 6.7.1 (edcfbbe)
C           -3.54621291077958       -0.30162947896204       -1.81390342369744
C           -3.13934067363995       -0.53608816705053       -0.35946613983296
H           -3.57064855359971       -1.46789726416150        0.01415770382136
C           -1.63234814498420       -0.59512916378705       -0.20444591092754
C           -1.01732042656123       -1.79154077763057        0.20606136556331
C            0.34096040237201       -1.87117208833436        0.33772932033217
C            1.16145256699011       -0.75567020491207        0.07296829785916
C            2.56428505660554       -0.81556409334560        0.20912762413437
C            3.33407563768067        0.29041710936304       -0.05039613279892
C            2.71842916758848        1.49743602603103       -0.45932721433456
C            1.36616372491114        1.57501650775671       -0.59690414992276
C            0.54568253522678        0.45480799734915       -0.33549139941690
C           -0.85449259274479        0.50516572299125       -0.46482641459184
O            4.69248193617294        0.34989911990369        0.05036105884835
C            5.38985981206036       -0.80952378342152        0.46386955744656
C           -3.61623325985589        0.58509474571987        0.53688190792085
O           -3.72637683260911        1.74580346418501        0.20759624092037
O           -3.86631056026373        0.16443975291547        1.76698634272474
H           -3.08987197019236       -1.05454859317394       -2.44986603322508
H           -4.62712716618108       -0.35551031255463       -1.91610390426213
H           -3.21950385938863        0.68256741964916       -2.13852687736923
H           -1.63234083982293       -2.65391613278545        0.41517701950826
H            0.80350956145127       -2.79568929446272        0.65017612535136
H            3.00316060459419       -1.74989000598934        0.52149112872644
H            3.35874974096991        2.34312796831128       -0.65450611909009
H            0.90076888181762        2.49824788419852       -0.90817003472107
H           -1.31405101915196        1.43668726792208       -0.76431126400340
H            5.07789034810999       -1.11994490646614        1.46437867744933
H            6.43895207416827       -0.52339145651738        0.47874986252409
H            5.24141822618750       -1.63068585353515       -0.24212695836027
H           -4.12718352910836        0.88750033446165        2.37044530168177
31
 energy: -49.348207008784 gnorm: 0.000521405024 xtb: 6.7.1 (edcfbbe)
C           -3.54602796210557       -0.30137446180046       -1.81468852239833
C           -3.13916937577901       -0.53630661758131       -0.36031600124795
H           -3.57060393851685       -1.46817710243059        0.01305668282141
C           -1.63228375756544       -0.59521901780987       -0.20482799025066
C           -1.01739642655421       -1.79112482583160        0.20731397950222
C            0.34081741383045       -1.87054257031987        0.33984526705608
C            1.16138649123345       -0.75523587577268        0.07455412905852
C            2.56417723482233       -0.81492602474308        0.21122723791930
C            3.33395145085461        0.29097151710541       -0.04870175048574
C            2.71834760393827        1.49790522078416       -0.45786659743031
C            1.36614654538332        1.57520323767351       -0.59622089898201
C            0.54573180468806        0.45489065970164       -0.33510484228861
C           -0.85433848084303        0.50491528201832       -0.46561569012019
O            4.69239784463863        0.35037787311081        0.05183318755130
C            5.39015528362811       -0.81026440339147        0.46147910921405
C           -3.61547127306476        0.58487961602217        0.53659304371219
O           -3.72398394492273        1.74601423570488        0.20790355435106
O           -3.86855238590918        0.16318402083868        1.76561160050561
H           -3.08916656675226       -1.05364671166680       -2.45106523307799
H           -4.62688990734877       -0.35593484834191       -1.91700339085576
H           -3.21996167659691        0.68321159750264       -2.13879370943349
H           -1.63242643279190       -2.65335134305834        0.41702326923663
H            0.80317688849785       -2.79472917313405        0.65352999614515
H            3.00304921098012       -1.74899930079507        0.52431555701252
H            3.35860048504204        2.34370843925459       -0.65275861114008
H            0.90068078111395        2.49825861639121       -0.90789219746452
H           -1.31382384668121        1.43613558510215       -0.76608093783086
H            5.08128045447624       -1.12173989529574        1.46261678655321
H            6.43953960908902       -0.52505771993863        0.47316044463619
H            5.23850716137661       -1.63024835679429       -0.24518534513176
H           -4.12937235013795        0.88564209116349        2.36984343112113
31
 energy: -49.348207748460 gnorm: 0.000329908920 xtb: 6.7.1 (edcfbbe)
C           -3.54572188856215       -0.30092538203726       -1.81544117826052
C           -3.13916174117578       -0.53642495987840       -0.36109525268898
H           -3.57061247061664       -1.46854198751026        0.01166494344323
C           -1.63222365395705       -0.59523872753109       -0.20488147724251
C           -1.01744403387138       -1.79068248896408        0.20870561056673
C            0.34069951885615       -1.86988148730397        0.34201780028697
C            1.16135871773585       -0.75476299268886        0.07616938517610
C            2.56413932325029       -0.81432846932151        0.21330177363160
C            3.33396487267311        0.29142075890948       -0.04715993721905
C            2.71833028064462        1.49823614083095       -0.45669077484716
C            1.36620363666109        1.57532916480807       -0.59564455305269
C            0.54577596467173        0.45500771266495       -0.33461161529764
C           -0.85420205440653        0.50475087840662       -0.46606553485187
O            4.69240739245136        0.35079698774706        0.05309816913674
C            5.39045474404694       -0.81089682306980        0.45908395218255
C           -3.61578654328921        0.58431411286952        0.53608785789533
O           -3.72178534908816        1.74593931223008        0.20827788759437
O           -3.87093361828847        0.16174675032888        1.76450808132749
H           -3.08808795557438       -1.05247654489203       -2.45215371569787
H           -4.62650585241266       -0.35633103032299       -1.91810627226612
H           -3.22037820381284        0.68409953355123       -2.13891203849301
H           -1.63260143292434       -2.65273399621708        0.41885028673436
H            0.80299330591015       -2.79373323301844        0.65677137644235
H            3.00295536460038       -1.74814855592825        0.52715865539013
H            3.35856037889921        2.34407850352431       -0.65149918407213
H            0.90079433153921        2.49826013568351       -0.90780469264439
H           -1.31356953898802        1.43567700311938       -0.76755700448652
H            5.08462117940319       -1.12331215788691        1.46089642094635
H            6.44016521714773       -0.52677523087458        0.46768531156216
H            5.23568671514945       -1.62988004404749       -0.24805668139293
H           -4.13161866864957        0.88383686048683        2.36918795845529
31
 energy: -49.348208144910 gnorm: 0.000097398393 xtb: 6.7.1 (edcfbbe)
C           -3.54519376081104       -0.30038990646938       -1.81589987304261
C           -3.13916286168486       -0.53656317359705       -0.36151651499778
H           -3.57047832786882       -1.46902871069935        0.01057916505558
C           -1.63215205569424       -0.59517169544553       -0.20472551775360
C           -1.01747290000016       -1.79032107081027        0.20980786765659
C            0.34061304165557       -1.86934910638675        0.34364695563326
C            1.16132490443333       -0.75434490144214        0.07742488434948
C            2.56410363760943       -0.81392412106670        0.21472594589186
C            3.33403990459161        0.29161206214904       -0.04631726038970
C            2.71838998057220        1.49832889671642       -0.45620781307248
C            1.36630393370772        1.57540916417909       -0.59533946957817
C            0.54579487105979        0.45518946319005       -0.33408485010763
C           -0.85413001253050        0.50476710982121       -0.46609792194156
O            4.69247507134457        0.35092663532316        0.05359435211583
C            5.39067407898710       -0.81133015210385        0.45734119861041
C           -3.61612304148277        0.58374611576643        0.53580629067484
O           -3.72088024235391        1.74571587561725        0.20872108792427
O           -3.87295052863676        0.16046902553809        1.76384642850031
H           -3.08681138589562       -1.05131706672896       -2.45281810914709
H           -4.62589760846969       -0.35650879659109       -1.91903332360278
H           -3.22039946989865        0.68502573928519       -2.13874842733737
H           -1.63276488741294       -2.65221994606781        0.42021670870721
H            0.80292566040159       -2.79296145030270        0.65906526504062
H            3.00281261307573       -1.74758973009608        0.52916656776943
H            3.35868261444737        2.34407355000712       -0.65125823807855
H            0.90104529483504        2.49827226624682       -0.90793343990306
H           -1.31341727142397        1.43554003457018       -0.76813457335644
H            5.08687892244332       -1.12426587811801        1.45963860966580
H            6.44061065151113       -0.52797699870676        0.46386439988110
H            5.23386113021325       -1.62980757393169       -0.24992951565177
H           -4.13422401870152        0.88241408382195        2.36838467874235
31
 energy: -49.348208374509 gnorm: 0.000117238741 xtb: 6.7.1 (edcfbbe)
C           -3.54461210477541       -0.30002155058675       -1.81616129219369
C           -3.13911749678062       -0.53656214467817       -0.36167464921114
H           -3.57036175640580       -1.46926885115006        0.00987356046283
C           -1.63210079747636       -0.59499164383042       -0.20432211480457
C           -1.01748053022560       -1.79003842327749        0.21058030711551
C            0.34057878940347       -1.86900611691065        0.34462816172582
C            1.16131932523123       -0.75408117212521        0.07813798928062
C            2.56410547499401       -0.81373820558014        0.21538282282796
C            3.33413438938849        0.29161222850087       -0.04615696090214
C            2.71850276258657        1.49825780838473       -0.45632269326634
C            1.36641485287617        1.57544221906473       -0.59527848045048
C            0.54582767805801        0.45535906105051       -0.33367382710970
C           -0.85409345669793        0.50492793285082       -0.46575549488342
O            4.69258117854954        0.35082105330430        0.05340609085702
C            5.39081291318638       -0.81160469309791        0.45638884428545
C           -3.61663800804222        0.58328956978842        0.53576375764725
O           -3.72107776788349        1.74544935473213        0.20922135943778
O           -3.87444518141808        0.15954249812249        1.76357728141767
H           -3.08559412654263       -1.05044215897783       -2.45322957631388
H           -4.62524351353091       -0.35656550767265       -1.91982344506472
H           -3.22012463812556        0.68568738366389       -2.13838557120084
H           -1.63283838794104       -2.65188078211867        0.42102439197903
H            0.80291310019815       -2.79250300763089        0.66034734716106
H            3.00272643941016       -1.74734533881897        0.53011270951645
H            3.35887423971705        2.34385807044781       -0.65174938455556
H            0.90126517341057        2.49829045504280       -0.90807753010948
H           -1.31334248238831        1.43563836323966       -0.76800658303482
H            5.08791535640105       -1.12457038018409        1.45896317194863
H            6.44085159738027       -0.52860296954167        0.46194820486769
H            5.23309986661446       -1.63001617500566       -0.25076980850247
H           -4.13637495114833        0.88148286666191        2.36781696933083
31
 energy: -49.348208579672 gnorm: 0.000158732622 xtb: 6.7.1 (edcfbbe)
C           -3.54389333713552       -0.29960116896217       -1.81629417810340
C           -3.13905681889702       -0.53657338167649       -0.36168115390687
H           -3.57025680259823       -1.46949169372059        0.00940279171283
C           -1.63207302442096       -0.59479206933324       -0.20386381228547
C           -1.01748665305718       -1.78979768493783        0.21121898764318
C            0.34056001927805       -1.86873800088897        0.34537847170391
C            1.16131975458277       -0.75387110204592        0.07868409869779
C            2.56412934873350       -0.81366065630460        0.21564556988659
C            3.33423783279561        0.29151260239238       -0.04640148426705
C            2.71863754444162        1.49813276038523       -0.45669792857723
C            1.36651424632318        1.57548362879534       -0.59524880090836
C            0.54585451831274        0.45555197587756       -0.33321336626556
C           -0.85408216188860        0.50515069574229       -0.46524163098253
O            4.69271520822744        0.35057662001331        0.05277041503046
C            5.39092308982639       -0.81184405506167        0.45574487588099
C           -3.61726617637980        0.58288245897523        0.53579398392612
O           -3.72181268618980        1.74514025982231        0.20966211152760
O           -3.87584512782991        0.15876044131604        1.76337134021150
H           -3.08421399773440       -1.04960025701081       -2.45336713762989
H           -4.62444237749736       -0.35660899172646       -1.92052728157759
H           -3.21967461601787        0.68636714865993       -2.13802240455524
H           -1.63286657593040       -2.65160886640350        0.42171724851771
H            0.80290239377937       -2.79219406841010        0.66120369503037
H            3.00268926352566       -1.74725121970351        0.53051908634330
H            3.35908745656644        2.34356700785527       -0.65259227230809
H            0.90143418698128        2.49831785093503       -0.90818952446166
H           -1.31332547308265        1.43586873643432       -0.76747469030821
H            5.08837712529323       -1.12456516337180        1.45850308977872
H            6.44100653256363       -0.52900023014189        0.46084224532259
H            5.23283817268802       -1.63040950726965       -0.25115802520010
H           -4.13845292723593        0.88071567343279        2.36730123838193
31
 energy: -49.348208793392 gnorm: 0.000139870246 xtb: 6.7.1 (edcfbbe)
C           -3.54301163975613       -0.29919531495279       -1.81647003720026
C           -3.13894403377019       -0.53650139733697       -0.36168338270496
H           -3.57015564754320       -1.46962687405790        0.00884010595115
C           -1.63204944745768       -0.59450798449107       -0.20318878668991
C           -1.01749521171292       -1.78948761678970        0.21204186094689
C            0.34054892224392       -1.86844626090073        0.34622539594941
C            1.16133763827889       -0.75367450846010        0.07923467031949
C            2.56417294510604       -0.81360732898030        0.21581360441189
C            3.33434907407289        0.29138154832964       -0.04680137658043
C            2.71879630275017        1.49797811748445       -0.45721927357214
C            1.36662155360468        1.57552192155995       -0.59523259880024
C            0.54589872894554        0.45575774148862       -0.33268481020678
C           -0.85405851840195        0.50544058642580       -0.46451505413738
O            4.69288537227147        0.35023033327334        0.05180020274391
C            5.39104866853370       -0.81214387263236        0.45505158611405
C           -3.61807516427761        0.58249525212846        0.53586825348555
O           -3.72273254246132        1.74485629332686        0.21015947425155
O           -3.87756776212378        0.15789445288401        1.76308049161602
H           -3.08248843706373       -1.04864677851416       -2.45358050726167
H           -4.62346250075823       -0.35670180506774       -1.92146130816146
H           -3.21908758687676        0.68709000431070       -2.13749937985593
H           -1.63286727106233       -2.65129520238675        0.42256175852484
H            0.80286022359349       -2.79187262294619        0.66218725269245
H            3.00270261350963       -1.74720081112269        0.53073052913216
H            3.35931182497642        2.34324078402751       -0.65363834452896
H            0.90156336248116        2.49835896232054       -0.90819031870896
H           -1.31329792494771        1.43615249017358       -0.76678223779607
H            5.08870522593608       -1.12442831254646        1.45800123452708
H            6.44116282461196       -0.52940356421609        0.45977125038210
H            5.23269135796436       -1.63096384107843       -0.25149992070429
H           -4.14088501264357        0.87972535241486        2.36686522411923
31
 energy: -49.348208994866 gnorm: 0.000085960658 xtb: 6.7.1 (edcfbbe)
C           -3.54194097870490       -0.29867507850428       -1.81667145144221
C           -3.13882829170516       -0.53643940698723       -0.36167872785435
H           -3.57009271844501       -1.46977467073202        0.00825484436471
C           -1.63203926303352       -0.59421157905216       -0.20245153603076
C           -1.01752139669603       -1.78912688063522        0.21303383161054
C            0.34052249288335       -1.86810104212617        0.34726306289948
C            1.16135838178825       -0.75345913978345        0.07989418701933
C            2.56423614432514       -0.81357172953941        0.21591165458244
C            3.33447915475415        0.29121045745529       -0.04737646701306
C            2.71896265813845        1.49782665398616       -0.45776254269454
C            1.36672532877242        1.57558183986739       -0.59512348725391
C            0.54594345566213        0.45598499359559       -0.33204680911819
C           -0.85402876952053        0.50573844051047       -0.46373008208651
O            4.69308938762834        0.34980409951221        0.05052887773413
C            5.39118737852592       -0.81249387207078        0.45423457269209
C           -3.61897635793991        0.58210366959480        0.53593728690147
O           -3.72358951364945        1.74456605459260        0.21062150555169
O           -3.87965044602912        0.15691768816660        1.76264209747247
H           -3.08043859811624       -1.04752175281728       -2.45377717550399
H           -4.62226813788845       -0.35682894400001       -1.92252747940700
H           -3.21839792327050        0.68797255112917       -2.13698818444838
H           -1.63288551039333       -2.65090327389773        0.42370141437052
H            0.80278027242216       -2.79150889832748        0.66336027066555
H            3.00276109560332       -1.74716178419723        0.53085342738716
H            3.35953065514792        2.34291327349334       -0.65476378379537
H            0.90166462411197        2.49839705191055       -0.90813912463478
H           -1.31326566053965        1.43645121733875       -0.76600644227296
H            5.08897234343361       -1.12421673991159        1.45738666777002
H            6.44132575985680       -0.52984906257538        0.45861062679037
H            5.23260059990755       -1.63163137439120       -0.25189427017391
H           -4.14373822900640        0.87842698206354        2.36648879417632
31
 energy: -49.348209148014 gnorm: 0.000046827877 xtb: 6.7.1 (edcfbbe)
C           -3.54082002188672       -0.29811690149443       -1.81691305118576
C           -3.13870613890231       -0.53635088315655       -0.36171335367810
H           -3.57003691325025       -1.46992682516278        0.00753236392825
C           -1.63202466708829       -0.59390099160501       -0.20163294725244
C           -1.01755335153760       -1.78871440668774        0.21421309976225
C            0.34049181878760       -1.86771635621360        0.34845582157300
C            1.16138561119383       -0.75323806199330        0.08060853264161
C            2.56430733044625       -0.81352645794707        0.21605856761330
C            3.33461558772031        0.29104474626418       -0.04792262227650
C            2.71912761953747        1.49766623586713       -0.45832353054872
C            1.36683246818022        1.57562427340832       -0.59503357418031
C            0.54599253688682        0.45620357235276       -0.33139006942530
C           -0.85398801747389        0.50602975810479       -0.46291968314875
O            4.69330865782777        0.34934661744666        0.04912476774263
C            5.39134526991944       -0.81286802818056        0.45326580477206
C           -3.61988815848298        0.58173713069746        0.53598270940419
O           -3.72414876077162        1.74435328897792        0.21110687275216
O           -3.88205903127350        0.15582551060445        1.76205771338427
H           -3.07820899866924       -1.04627576428564       -2.45402557542742
H           -4.62101315546691       -0.35699128776223       -1.92373853173628
H           -3.21770235404146        0.68893499474279       -2.13641081991759
H           -1.63292761747928       -2.65043228139332        0.42509334800961
H            0.80268580447042       -2.79106312849262        0.66483041685551
H            3.00284195490072       -1.74712674852763        0.53095814819197
H            3.35973474193892        2.34260149798292       -0.65584147225387
H            0.90175180546678        2.49845892339076       -0.90796089195458
H           -1.31320955644912        1.43670903724937       -0.76532487401716
H            5.08928400736372       -1.12401400192236        1.45663553421138
H            6.44151700331444       -0.53034617724257        0.45726467701462
H            5.23249366444333       -1.63233566607041       -0.25241662224864
H           -4.14695120160161        0.87682812471616        2.36616479965297
31
 energy: -49.348209224496 gnorm: 0.000034789077 xtb: 6.7.1 (edcfbbe)
C           -3.53995547781552       -0.29768142572311       -1.81714803796203
C           -3.13862794818505       -0.53629780189055       -0.36178408019674
H           -3.57001240336239       -1.47005466096581        0.00693711661997
C           -1.63201037305290       -0.59368523378630       -0.20106361927697
C           -1.01759212458186       -1.78836731860201        0.21522782175113
C            0.34044832431220       -1.86736866747600        0.34954503539254
C            1.16139759789183       -0.75303964768708        0.08125528339290
C            2.56436069933506       -0.81348049808374        0.21622154151672
C            3.33472722504922        0.29091303589919       -0.04833329966816
C            2.71923626060788        1.49758993515160       -0.45856724068414
C            1.36690520366520        1.57569445485400       -0.59481138335677
C            0.54602701722856        0.45637354035687       -0.33086211138135
C           -0.85394734465516        0.50621421706206       -0.46241132771689
O            4.69347519880248        0.34901085534344        0.04807212011037
C            5.39148416903104       -0.81316869432231        0.45236808763024
C           -3.62053948466485        0.58144756004186        0.53598180608715
O           -3.72414642490630        1.74423909954109        0.21151635451466
O           -3.88413695649412        0.15491377890131        1.76150476895908
H           -3.07648798738420       -1.04527887755858       -2.45430290857074
H           -4.62003771538550       -0.35716620141968       -1.92469247198355
H           -3.21723822245673        0.68970379881876       -2.13602101559138
H           -1.63299844888734       -2.65000825008980        0.42634008325720
H            0.80260222155424       -2.79065399508758        0.66615522487513
H            3.00289145963486       -1.74706445040926        0.53117233021929
H            3.35987973884777        2.34239866106106       -0.65650663038686
H            0.90183245155196        2.49850177003362       -0.90783407116330
H           -1.31314792124426        1.43685423836716       -0.76495316189017
H            5.08962941825433       -1.12399277217605        1.45590029842560
H            6.44169062012902       -0.53077048253907        0.45602294754268
H            5.23236695043451       -1.63281463517845       -0.25304990834224
H           -4.14959778523071        0.87545841123120        2.36590600613501
