16
 energy: -17.082969544638 gnorm: 0.022499711542 xtb: 6.7.1 (edcfbbe)
C            1.61886308947892       -0.78745506331890       -0.52805327750150
C            1.36277843106695        0.53332490757645        0.19685989288751
C           -0.01902393911107        0.66920374496741        0.84543963538936
C           -1.21248082255660        0.54144761166303       -0.11235155093563
N           -1.70283636768064       -0.82592906301007       -0.37977051382263
H            1.42512298005957       -1.64628596325599        0.12502236555483
H            0.99335334377237       -0.88979722268705       -1.42150040533034
H            2.66071456927157       -0.84971669267777       -0.86038053526349
H            2.12389021616013        0.66416431928859        0.97634065162483
H            1.50240409840540        1.36198863852681       -0.50997397407946
H           -0.13206855975379       -0.07494993681669        1.64672341828957
H           -0.06661265012930        1.65341078964310        1.32989762748898
H           -0.96058354674558        1.01210043720908       -1.07154917914827
H           -2.05549686967944        1.11176755104808        0.29333823663961
H           -1.93971327851910       -1.24610838814676        0.51526138843489
H           -0.93324000510525       -1.38677503213840       -0.72988580587094
16
 energy: -17.083835031610 gnorm: 0.009275040656 xtb: 6.7.1 (edcfbbe)
C            1.61695535904078       -0.78516168167163       -0.52434907597018
C            1.36324213817064        0.53563890713772        0.19138388443268
C           -0.01440996521777        0.65866388909286        0.84632255847984
C           -1.20712584197257        0.54423896662172       -0.11564156261406
N           -1.69690061716706       -0.81169251836035       -0.36969649146576
H            1.42508600706995       -1.63166706379400        0.13605741771764
H            0.99173217625589       -0.87902079740044       -1.41209304563958
H            2.65609770992810       -0.83956145211215       -0.84802921214340
H            2.11935591432032        0.66165530700408        0.97250875060845
H            1.49234901672695        1.35717523609973       -0.52041729969816
H           -0.11807354013750       -0.09254747096979        1.63784523403174
H           -0.06130009267257        1.63964877956718        1.32833745561250
H           -0.95446277189793        0.99485896271891       -1.08117817199005
H           -2.05459652251186        1.10199926052181        0.29499561160178
H           -1.95217549355789       -1.23435203056515        0.51952079920183
H           -0.94070278744334       -1.37948565601957       -0.74014887780796
16
 energy: -17.084015945648 gnorm: 0.003546371085 xtb: 6.7.1 (edcfbbe)
C            1.62001484490193       -0.78322530089245       -0.52199074064111
C            1.36575556686013        0.54086306098751        0.18829807916394
C           -0.01026242420009        0.65738243987983        0.84811658646710
C           -1.20449340280528        0.54043117499635       -0.11484277444074
N           -1.70007296130697       -0.80648050636198       -0.36467293759789
H            1.42777130282602       -1.62148172662087        0.14417163353878
H            0.99413865493557       -0.87746182071096       -1.40554517054368
H            2.65725307067878       -0.83736937200788       -0.84324792703245
H            2.12123407350516        0.67142672313145        0.96706923061327
H            1.48463264074572        1.35761674111053       -0.52720991885339
H           -0.10841991214238       -0.10420048521346        1.62717069489755
H           -0.05931212555224        1.63269272449053        1.33725105510242
H           -0.94555294331054        0.98163166008284       -1.08064337008994
H           -2.04859119155717        1.10240266933169        0.29464164545692
H           -1.97054822017210       -1.23131277526525        0.51797384795920
H           -0.95847628447239       -1.38252456906698       -0.75112195964266
16
 energy: -17.084072390863 gnorm: 0.002143299905 xtb: 6.7.1 (edcfbbe)
C            1.62388507326276       -0.78153763536119       -0.51957822314103
C            1.36753939404924        0.54596652966874        0.18605916601831
C           -0.00795128712514        0.65290479767450        0.84996559828355
C           -1.20324580092915        0.53811180133052       -0.11546329549647
N           -1.70568566183797       -0.80425666635447       -0.36185905870140
H            1.43265843266294       -1.61603213611153        0.15120187536528
H            0.99625777800178       -0.88018959612603       -1.40099750030024
H            2.66066744526592       -0.83564956240039       -0.84172401904317
H            2.12527400005269        0.68402247459556        0.96099137378469
H            1.47799565734420        1.36029811879387       -0.53295667510485
H           -0.10174847628464       -0.11617428855706        1.62171693381121
H           -0.06044349738211        1.62355015726770        1.34682191155523
H           -0.93883991583232        0.97579530287983       -1.08104496883761
H           -2.04262904521623        1.10881619452110        0.29159272321368
H           -1.98411903429583       -1.22872665982865        0.51718923112086
H           -0.97454437280200       -1.38650819412160       -0.75649709817072
16
 energy: -17.084104157935 gnorm: 0.001726410206 xtb: 6.7.1 (edcfbbe)
C            1.62894063718011       -0.77970438996095       -0.51696775251476
C            1.36814148322652        0.55019736776072        0.18387695873303
C           -0.00617379071857        0.64745180987449        0.85175313678522
C           -1.20202988793246        0.53670677799743       -0.11623443307431
N           -1.71330840891812       -0.80195187271984       -0.36020962332955
H            1.44103446574478       -1.61177092069009        0.15847842539715
H            0.99840375216848       -0.88532136582894       -1.39616811885847
H            2.66536158481870       -0.83294725762344       -0.84200340322478
H            2.12928153881891        0.69779926932023        0.95407376686906
H            1.46928334168910        1.36257598781035       -0.53909850785073
H           -0.09586648117278       -0.12998734951750        1.61584854428627
H           -0.06263109949576        1.61270341236798        1.35897666984054
H           -0.93149977112648        0.97110175920483       -1.08199334077433
H           -2.03705680246862        1.11729251984072        0.28664102378615
H           -1.99658921417602       -1.22415656513325        0.51725581469048
H           -0.99022065870367       -1.38959854483183       -0.75881118640367
16
 energy: -17.084122226909 gnorm: 0.001684456732 xtb: 6.7.1 (edcfbbe)
C            1.63422261451140       -0.77789410027079       -0.51424122322654
C            1.36745407931082        0.55318456782989        0.18159569207775
C           -0.00520854621206        0.64071373447829        0.85270637500913
C           -1.20073163809601        0.53713972179062       -0.11733766260027
N           -1.72179213133188       -0.79866908054120       -0.35931649357276
H            1.45355657804059       -1.60883538978778        0.16545468178466
H            1.00019243039789       -0.89260959071446       -1.39065932479750
H            2.66982800135626       -0.82753876941086       -0.84389488384520
H            2.13151052580801        0.71067961474247        0.94744769790338
H            1.45962899701883        1.36388250951315       -0.54512536113021
H           -0.09216809263048       -0.14531985817147        1.60871555077418
H           -0.06460514918005        1.59992052415542        1.37166207065146
H           -0.92424352684598        0.96734362940353       -1.08382955539803
H           -2.03217544727250        1.12662600432199        0.28059736258239
H           -2.00712565190140       -1.21697004021467        0.51905752672680
H           -1.00327235403932       -1.39126283925323       -0.75741447858194
16
 energy: -17.084133110242 gnorm: 0.000933038147 xtb: 6.7.1 (edcfbbe)
C            1.63774055720608       -0.77727607347334       -0.51330468493805
C            1.36632836273013        0.55325868009936        0.18051277375583
C           -0.00569050767811        0.63704540550398        0.85224934583291
C           -1.20041235924446        0.53889668379960       -0.11819760976655
N           -1.72671901180167       -0.79586232254034       -0.35923176139641
H            1.46439897653778       -1.60799571745797        0.16858124167436
H            1.00109525697717       -0.89769412484198       -1.38704358663772
H            2.67229291402131       -0.82202565776810       -0.84683099763260
H            2.13043063000571        0.71475769557638        0.94532935936242
H            1.45498240259404        1.36312160389173       -0.54748365092853
H           -0.09244078450940       -0.15344472174757        1.60351532617256
H           -0.06497325419188        1.59279932407304        1.37738833992251
H           -0.92167949881550        0.96587309222222       -1.08540328431550
H           -2.03048034234713        1.13130307031831        0.27760577374838
H           -2.01217912253845       -1.21118703651504        0.52111554726810
H           -1.00762353001151       -1.39117926326938       -0.75338415776440
16
 energy: -17.084139150242 gnorm: 0.000435548708 xtb: 6.7.1 (edcfbbe)
C            1.64108289754919       -0.77695272236465       -0.51264420297161
C            1.36596192391229        0.55355567036521        0.17965025151054
C           -0.00629106450458        0.63362383137565        0.85169791853664
C           -1.20038467509391        0.54052511216321       -0.11926647229117
N           -1.73113092060149       -0.79315688832847       -0.35946617669764
H            1.47697557675888       -1.60706843531796        0.17205842169076
H            1.00041636516385       -0.90330173092209       -1.38236526349973
H            2.67394765841337       -0.81550972134876       -0.85161292344644
H            2.12945041463381        0.71781562600594        0.94431281916121
H            1.45168122222383        1.36273842828294       -0.54926903585913
H           -0.09300517956077       -0.16116881690937        1.59828825145277
H           -0.06498292195526        1.58629784288928        1.38210062041829
H           -0.91953152082451        0.96450290354727       -1.08691253134092
H           -2.02894002428935        1.13573031002196        0.27507270263769
H           -2.01929207988792       -1.20560793972432        0.52186518020754
H           -1.01088698300330       -1.39163283186493       -0.74809158515148
16
 energy: -17.084141675146 gnorm: 0.000470515870 xtb: 6.7.1 (edcfbbe)
C            1.64373519997277       -0.77666760817502       -0.51252098385985
C            1.36582197674955        0.55345372219314        0.17948517889771
C           -0.00664003058924        0.63185868416749        0.85164436345318
C           -1.20028316954943        0.54107602969481       -0.12007321736812
N           -1.73384414509266       -0.79162944749309       -0.35982883751622
H            1.48665402821456       -1.60623967795530        0.17428588805606
H            0.99915915665258       -0.90688790413417       -1.37861306626060
H            2.67502140857801       -0.81102329038157       -0.85661236581657
H            2.12895365468905        0.71904043955688        0.94407505780470
H            1.45012119220298        1.36241239051499       -0.54963608962091
H           -0.09310771883141       -0.16515820166985        1.59567413294093
H           -0.06537590098060        1.58286249951539        1.38483425800761
H           -0.91799114941335        0.96352401732540       -1.08789263057578
H           -2.02778574767549        1.13826948086363        0.27327322614455
H           -2.02630186646508       -1.20182515396193        0.52122383512681
H           -1.01306619952812       -1.39267534218991       -0.74390077505619
16
 energy: -17.084143454302 gnorm: 0.000428940294 xtb: 6.7.1 (edcfbbe)
C            1.64573382765474       -0.77614087745231       -0.51226096337660
C            1.36632936826439        0.55377402387463        0.17963448736902
C           -0.00655091290733        0.62977758561337        0.85147150749973
C           -1.20002969225746        0.54107084628053       -0.12089144762921
N           -1.73629256709767       -0.79046447438498       -0.36038488599853
H            1.49668101913337       -1.60557854128378        0.17643097301146
H            0.99684947372749       -0.91044456181459       -1.37443758671305
H            2.67513721203299       -0.80584876228396       -0.86224312149367
H            2.12913052125663        0.72027536526870        0.94436500457250
H            1.44944859134797        1.36289689914760       -0.54944697638504
H           -0.09308089847710       -0.16883309612315        1.59369217699557
H           -0.06554790317539        1.57961510829991        1.38653265472547
H           -0.91595790525119        0.96230264948251       -1.08873954021757
H           -2.02640171096530        1.14053997783066        0.27137144544950
H           -2.03500475825155       -1.19794206155871        0.51975619180516
H           -1.01537297610047       -1.39460944302554       -0.73943194525742
16
 energy: -17.084144035276 gnorm: 0.000170006528 xtb: 6.7.1 (edcfbbe)
C            1.64696962523450       -0.77569792808802       -0.51247650269070
C            1.36641945087503        0.55366677108012        0.17996910586798
C           -0.00651857227882        0.62910882758090        0.85167693589578
C           -1.19960093522747        0.54075180623470       -0.12149848073732
N           -1.73729651288551       -0.79013937288906       -0.36054695647913
H            1.50166616129758       -1.60517321996293        0.17689828490099
H            0.99563576574721       -0.91163667102998       -1.37250851648052
H            2.67534783258901       -0.80345059386197       -0.86568417231142
H            2.12911527511358        0.72024014811787        0.94483474991785
H            1.44938512262450        1.36318441162392       -0.54875205367466
H           -0.09304132292958       -0.17008016935901        1.59338252588332
H           -0.06607416325035        1.57867224893805        1.38735743883732
H           -0.91449461998949        0.96139829026881       -1.08939954896008
H           -2.02542104848018        1.14145990112393        0.27002876290469
H           -2.04030804891361       -1.19563615834342        0.51885230988666
H           -1.01671332059228       -1.39627765356301       -0.73671590840343
16
 energy: -17.084144165402 gnorm: 0.000057536355 xtb: 6.7.1 (edcfbbe)
C            1.64685763664564       -0.77548725913525       -0.51266739825745
C            1.36664211436725        0.55363234503478        0.18031395145752
C           -0.00643531348014        0.62909300589695        0.85162939484742
C           -1.19948256832141        0.54048620202899       -0.12164531800362
N           -1.73726528521244       -0.79035929595955       -0.36048987870930
H            1.50168012241540       -1.60523330544817        0.17642572955073
H            0.99534774189662       -0.91110724302910       -1.37262719209120
H            2.67514456290782       -0.80315981059249       -0.86612027326234
H            2.12934504137575        0.71979453540966        0.94530468020007
H            1.44990503988692        1.36345561616591       -0.54807180697064
H           -0.09309924113831       -0.16975450014470        1.59368063901311
H           -0.06611933337624        1.57881627767657        1.38702922979023
H           -0.91407396980946        0.96090434787552       -1.08957442451097
H           -2.02533254835020        1.14144165781856        0.26946076568624
H           -2.04126439490199       -1.19523968763269        0.51874545750300
H           -1.01677891597109       -1.39689224809411       -0.73597558188548
16
 energy: -17.084144254618 gnorm: 0.000077653379 xtb: 6.7.1 (edcfbbe)
C            1.64649873127488       -0.77529348055343       -0.51292278739257
C            1.36673766152164        0.55365666234479        0.18057285026880
C           -0.00639774626856        0.62921421874843        0.85170465316221
C           -1.19920176652922        0.54025521059891       -0.12184548130421
N           -1.73697108709614       -0.79065336359303       -0.36032441338997
H            1.50082695830235       -1.60538047405777        0.17571612321803
H            0.99513463430777       -0.91023398661480       -1.37313464141645
H            2.67486753272256       -0.80322354872033       -0.86614087592826
H            2.12936348239309        0.71918924209923        0.94579447398483
H            1.45046471665689        1.36383744170963       -0.54741337267492
H           -0.09322992106219       -0.16937893641187        1.59407149161240
H           -0.06624534634222        1.57915427629189        1.38674549241937
H           -0.91354096208733        0.96039072025242       -1.08983621804179
H           -2.02512074386898        1.14137304543054        0.26885753520153
H           -2.04160380036511       -1.19503770031206        0.51888273731527
H           -1.01651165462533       -1.39747868934167       -0.73530959267695
