----------------------------------------------- 
  Element       SASA      Sigma Z        Total  
     Z         Ang**2 cal/Ang**2/mol   kcal/mol 
----------------------------------------------- 
      H        140.039      48.690       6.819
      C         37.059     129.740       4.808
      O         31.937       0.000       0.000

 Subtotal:     209.035                  11.627
 -----------------------------------------------

  Elements    COT*SASA   Sigma Z,Z'     Total   
    Z,Z'       Ang**2  cal/Ang**2/mol kcal/mol  
 ---------------------------------------------- 
  H   C         94.374     -60.770      -5.735
  H   O          0.000       0.000       0.000
  C   C         21.255     -72.950      -1.551
  O   C         17.023      68.690       1.169
  O   O          0.000       0.000       0.000

 Subtotal:                              -6.116
 ---------------------------------------------- 

 NONAQUEOUS SOLVENT CONTRIBUTION (kcal/mol):
 (proportional to SASA, atomic number independent)
 ---------------------------------------------- 
 Subtotal:                               0.000
 ---------------------------------------------- 

 CDS TOTAL (kcal/mol):                   5.510
...............................................................................
