----------------------------------------------- 
  Element       SASA      Sigma Z        Total  
     Z         Ang**2 cal/Ang**2/mol   kcal/mol 
----------------------------------------------- 
      H        142.588      48.690       6.943
      C         35.854     129.740       4.652
      O         31.777       0.000       0.000

 Subtotal:     210.219                  11.594
 -----------------------------------------------

  Elements    COT*SASA   Sigma Z,Z'     Total   
    Z,Z'       Ang**2  cal/Ang**2/mol kcal/mol  
 ---------------------------------------------- 
  H   C         95.867     -60.770      -5.826
  H   O          0.000       0.000       0.000
  C   C         26.573     -72.950      -1.939
  O   C         16.023      68.690       1.101
  O   O          0.000       0.000       0.000

 Subtotal:                              -6.664
 ---------------------------------------------- 

 NONAQUEOUS SOLVENT CONTRIBUTION (kcal/mol):
 (proportional to SASA, atomic number independent)
 ---------------------------------------------- 
 Subtotal:                               0.000
 ---------------------------------------------- 

 CDS TOTAL (kcal/mol):                   4.930
...............................................................................
