----------------------------------------------- 
  Element       SASA      Sigma Z        Total  
     Z         Ang**2 cal/Ang**2/mol   kcal/mol 
----------------------------------------------- 
      H        124.576      48.690       6.066
      C         20.818     129.740       2.701
      N         11.774       0.000       0.000

 Subtotal:     157.169                   8.767
 -----------------------------------------------

  Elements    COT*SASA   Sigma Z,Z'     Total   
    Z,Z'       Ang**2  cal/Ang**2/mol kcal/mol  
 ---------------------------------------------- 
  H   C         69.294     -60.770      -4.211
  C   C         17.503     -72.950      -1.277
  C   N          1.736       0.000       0.000
  N   C         37.982     -48.220      -1.831
  N  C(3)        0.000      84.100       0.000

 Subtotal:                              -7.319
 ---------------------------------------------- 

 NONAQUEOUS SOLVENT CONTRIBUTION (kcal/mol):
 (proportional to SASA, atomic number independent)
 ---------------------------------------------- 
 Subtotal:                               0.000
 ---------------------------------------------- 

 CDS TOTAL (kcal/mol):                   1.447
...............................................................................
