----------------------------------------------- 
  Element       SASA      Sigma Z        Total  
     Z         Ang**2 cal/Ang**2/mol   kcal/mol 
----------------------------------------------- 
      H        143.133      48.690       6.969
      C         36.624     129.740       4.752
      O         31.808       0.000       0.000

 Subtotal:     211.565                  11.721
 -----------------------------------------------

  Elements    COT*SASA   Sigma Z,Z'     Total   
    Z,Z'       Ang**2  cal/Ang**2/mol kcal/mol  
 ---------------------------------------------- 
  H   C         96.503     -60.770      -5.864
  H   O          0.000       0.000       0.000
  C   C         27.058     -72.950      -1.974
  O   C         17.732      68.690       1.218
  O   O          0.000       0.000       0.000

 Subtotal:                              -6.620
 ---------------------------------------------- 

 NONAQUEOUS SOLVENT CONTRIBUTION (kcal/mol):
 (proportional to SASA, atomic number independent)
 ---------------------------------------------- 
 Subtotal:                               0.000
 ---------------------------------------------- 

 CDS TOTAL (kcal/mol):                   5.100
...............................................................................
