----------------------------------------------- 
  Element       SASA      Sigma Z        Total  
     Z         Ang**2 cal/Ang**2/mol   kcal/mol 
----------------------------------------------- 
      H        142.964      48.690       6.961
      C         36.192     129.740       4.696
      O         30.404       0.000       0.000

 Subtotal:     209.560                  11.657
 -----------------------------------------------

  Elements    COT*SASA   Sigma Z,Z'     Total   
    Z,Z'       Ang**2  cal/Ang**2/mol kcal/mol  
 ---------------------------------------------- 
  H   C         96.094     -60.770      -5.840
  H   O          0.000       0.000       0.000
  C   C         26.168     -72.950      -1.909
  O   C         15.114      68.690       1.038
  O   O          0.000       0.000       0.000

 Subtotal:                              -6.710
 ---------------------------------------------- 

 NONAQUEOUS SOLVENT CONTRIBUTION (kcal/mol):
 (proportional to SASA, atomic number independent)
 ---------------------------------------------- 
 Subtotal:                               0.000
 ---------------------------------------------- 

 CDS TOTAL (kcal/mol):                   4.946
...............................................................................
