20
 energy: -27.122176055420 gnorm: 0.033033833460 xtb: 6.7.1 (edcfbbe)
C           -3.60692380591785       -0.73378308787958        0.16125886141124
C           -2.29942882349198       -0.00913680959229        0.46350303675192
C           -1.19111377481517       -0.43277373791977       -0.49902879901087
C            0.11739131165627        0.25416493281009       -0.23009359916102
O            0.23041235905192        1.37843339804420        0.23186075473213
O            1.16658449339012       -0.50793505506795       -0.59266850663570
C            2.49988527645601        0.06835586102276       -0.42315796923497
C            2.97710692774938       -0.06586877005235        1.00598695169153
H           -3.95755046868883       -0.50520665091302       -0.85190176212832
H           -3.48179552255891       -1.82010308796588        0.23511101537114
H           -4.39156093307924       -0.43709693821398        0.86455307018850
H           -1.98128451158704       -0.22277617785788        1.49133919293568
H           -2.44734446971191        1.07391473981729        0.39513045319294
H           -1.46829381374509       -0.17278298879668       -1.53099884437142
H           -1.04052525503966       -1.51618981577629       -0.47995611567463
H            3.12331795453177       -0.51226643187374       -1.10559556064474
H            2.47859064598447        1.10984178908749       -0.75397637445836
H            2.34478859160084        0.50089067298015        1.69453867180198
H            2.98995221933999       -1.11519761008246        1.31506108615279
H            3.99717484085561        0.32526020143369        1.07607322175532
20
 energy: -27.123247074437 gnorm: 0.012951717539 xtb: 6.7.1 (edcfbbe)
C           -3.60071403132372       -0.73272055363210        0.15866811066655
C           -2.29453783394302       -0.01209298398251        0.46152099598026
C           -1.18793764663280       -0.43805311391436       -0.50160909094025
C            0.11605882904789        0.25828381606420       -0.22937343111841
O            0.22674300683513        1.37529519345619        0.23111739340083
O            1.16060477350289       -0.49472593853459       -0.58834499770422
C            2.48933353109287        0.06396798407735       -0.42184095350562
C            2.97868285398445       -0.06716531342050        1.00604684837096
H           -3.94468335632992       -0.50102198116240       -0.84877641229062
H           -3.47248758885596       -1.81182442670850        0.23662151107836
H           -4.37458933821359       -0.42966423867682        0.86158491693521
H           -1.98111385316564       -0.22892123734898        1.48621993832177
H           -2.43703758557484        1.06858028318897        0.38887679245395
H           -1.47164424024174       -0.17756845180793       -1.52768002995134
H           -1.02700504385415       -1.51731693403962       -0.47144908838074
H            3.10649874197586       -0.51660754522622       -1.10936421399119
H            2.45955326735629        1.11094380527953       -0.73491474801039
H            2.34146087071641        0.50018778055038        1.68233053071363
H            2.97923945184324       -1.11176094363705        1.31197898377291
H            3.99295843376107        0.32192923267875        1.07542572886348
20
 energy: -27.123464640241 gnorm: 0.003980240614 xtb: 6.7.1 (edcfbbe)
C           -3.59770942793819       -0.73087372335634        0.15689851577492
C           -2.28895882992712       -0.01498941580805        0.46138115722480
C           -1.18397819795861       -0.44424046452750       -0.50305018395046
C            0.11613400843859        0.26297034481179       -0.22966318620173
O            0.22258803295323        1.37950163749130        0.22853315036689
O            1.15751272923522       -0.48576714613209       -0.58243514286224
C            2.48018025213424        0.06451887418917       -0.42327393653807
C            2.97548795510171       -0.07054440815618        1.00630954523363
H           -3.93629585421990       -0.49732244642362       -0.84858677811072
H           -3.46922622774858       -1.80673258932419        0.23683780208434
H           -4.36643486064724       -0.42292094092326        0.85925489355084
H           -1.97737628101229       -0.23426526311645        1.48420616360024
H           -2.42401495802395        1.06516134713373        0.38601661457675
H           -1.47323704696148       -0.18901277353410       -1.52615539591775
H           -1.01294908973492       -1.52008782189026       -0.46137960210169
H            3.09377110772929       -0.51389061053568       -1.11446641566325
H            2.45084187669600        1.11624944562835       -0.72324764972502
H            2.33763657235103        0.49998007055540        1.67689615432510
H            2.96814681563550       -1.11318273451259        1.31087411098355
H            3.98726466587815        0.31519305163434        1.07208896801502
20
 energy: -27.123497528190 gnorm: 0.001645063456 xtb: 6.7.1 (edcfbbe)
C           -3.59796903429969       -0.72935432373370        0.15669076439424
C           -2.28699921106815       -0.01674327663585        0.46222982149743
C           -1.18257438181351       -0.44774293635657       -0.50251013669665
C            0.11584151584990        0.26552461171761       -0.23276347034472
O            0.21856251709470        1.38461619720502        0.22208893197167
O            1.15744736763544       -0.48244416401987       -0.58183959569472
C            2.47765635462219        0.06678295289172       -0.42392723723282
C            2.97428400583216       -0.07241130099623        1.00653144593168
H           -3.93434758350647       -0.49463666011000       -0.84939446853579
H           -3.47155778387914       -1.80557913415948        0.23677608867886
H           -4.36640029496540       -0.41911700039601        0.85852759434967
H           -1.97597093096503       -0.23767236289985        1.48481817774544
H           -2.41835202067638        1.06388061282667        0.38705224586202
H           -1.47454543692738       -0.19892012188754       -1.52596680225199
H           -1.00596728635911       -1.52219877601029       -0.45449398067232
H            3.09218566352481       -0.50827410457152       -1.11669293299140
H            2.45115573536608        1.12033755227250       -0.71861376694094
H            2.33718821815109        0.49934428929107        1.67710634779653
H            2.96260038250179       -1.11566807667848        1.30902504053043
H            3.98714544586280        0.31002045545459        1.07239471726855
20
 energy: -27.123527663139 gnorm: 0.003539323165 xtb: 6.7.1 (edcfbbe)
C           -3.59946399652475       -0.72466355733381        0.15606283019996
C           -2.28346656840520       -0.02120246614787        0.46490571219877
C           -1.17981845773445       -0.45674306228101       -0.49900922535440
C            0.11476041688116        0.27053612001583       -0.24160724368123
O            0.20796181971119        1.39757123343991        0.19965265022718
O            1.15933792991353       -0.47540266279276       -0.58241966433042
C            2.47513364457518        0.07489744804902       -0.42468964164741
C            2.97227045351964       -0.07692936154187        1.00686778988225
H           -3.93163884942033       -0.48718366330986       -0.85163851127572
H           -3.48084036820900       -1.80262753898161        0.23585833286906
H           -4.36830242102123       -0.40929520325548        0.85615504908480
H           -1.97483325188019       -0.24661412528659        1.48759144538216
H           -2.40671938467775        1.06080997609004        0.39169123475771
H           -1.47798749403554       -0.22600830586784       -1.52493178596439
H           -0.99163813217774       -1.52850017404508       -0.43570428295113
H            3.09354203752231       -0.49084838287751       -1.12171173177389
H            2.45230269320564        1.13188353003971       -0.70850620627512
H            2.33886634042926        0.49621487559309        1.68066094357191
H            2.95109072643286       -1.12251542540644        1.30273417356350
H            3.98882610387609        0.29636517910391        1.07507691618155
20
 energy: -27.123539799672 gnorm: 0.002600284481 xtb: 6.7.1 (edcfbbe)
C           -3.59984667758844       -0.72315662601019        0.15569479744716
C           -2.28305464649250       -0.02229369113847        0.46563899544965
C           -1.17946743419549       -0.45916247732432       -0.49748084221650
C            0.11420852660611        0.27093337370215       -0.24445760690736
O            0.20598437084530        1.39928547433652        0.19285523937930
O            1.16020720820500       -0.47461857670161       -0.58316697186311
C            2.47583605361276        0.07751911503741       -0.42399527460125
C            2.97252606870586       -0.07763609538945        1.00684571055345
H           -3.93131222567612       -0.48492223013714       -0.85207264604306
H           -3.48371654271266       -1.80141630619384        0.23519877291645
H           -4.36869259067813       -0.40667731088055        0.85529035096828
H           -1.97573223247906       -0.24865983527338        1.48856174879191
H           -2.40475735778338        1.05995664419440        0.39300170752825
H           -1.47881667409092       -0.23243679631983       -1.52404679409092
H           -0.99013789354498       -1.53053347134127       -0.43127581990289
H            3.09507548758569       -0.48595293005665       -1.12234046869425
H            2.45089875078138        1.13480354512157       -0.70607274413413
H            2.34035631615804        0.49475599093417        1.68235189410505
H            2.95006386149520       -1.12382147643024        1.30039755040115
H            3.98976087322705        0.29377811307452        1.07611118557799
20
 energy: -27.123559606180 gnorm: 0.000696573482 xtb: 6.7.1 (edcfbbe)
C           -3.60110716847452       -0.71834069040222        0.15376779069380
C           -2.28184163674458       -0.02542407575508        0.46763553428943
C           -1.17820429641839       -0.46725506603278       -0.49257184305406
C            0.11228127911793        0.27099137455497       -0.25017356249477
O            0.19998641015341        1.40470877817060        0.17190294436826
O            1.16232629353807       -0.47303525662119       -0.58305362225959
C            2.47731513890421        0.08562359218124       -0.42176394503702
C            2.97406144844359       -0.07978597519413        1.00636173039570
H           -3.92956488577789       -0.47726641776528       -0.85413729883593
H           -3.49205995421532       -1.79725210458857        0.23226355658121
H           -4.36971540586952       -0.39842448643417        0.85186000236769
H           -1.97906849972752       -0.25473419963173        1.49128465855985
H           -2.39785498651611        1.05756574776737        0.39621831160293
H           -1.48057469810467       -0.25251417285550       -1.52108961783422
H           -0.98533599823552       -1.53735766376865       -0.41645406427945
H            3.09797871585074       -0.47049384542576       -1.12520555623029
H            2.44412721704527        1.14410375300305       -0.69751147001312
H            2.34588415900953        0.49030275073014        1.68725360105648
H            2.94758277988637       -1.12775462614396        1.29273095981603
H            3.99316733011561        0.28608701741545        1.07772067497224
20
 energy: -27.123563919004 gnorm: 0.000815670225 xtb: 6.7.1 (edcfbbe)
C           -3.60263691680782       -0.71484979066399        0.15225136817197
C           -2.28086791376844       -0.02788500886309        0.46885922938219
C           -1.17712956499798       -0.47343158754848       -0.48965879659455
C            0.11093941083338        0.27120101179757       -0.25481135146214
O            0.19575313313612        1.40765646006418        0.15975616466225
O            1.16326282850856       -0.47256767473646       -0.58110891216155
C            2.47704167107597        0.09046446024011       -0.42008707277461
C            2.97605788598261       -0.08114766621012        1.00616362622228
H           -3.92822212326034       -0.47121146107615       -0.85584765337290
H           -3.49806282542733       -1.79412478793234        0.22985383824372
H           -4.37083602099752       -0.39221269352242        0.84940780305407
H           -1.98099374599840       -0.25868062490971        1.49293591654915
H           -2.39202749501351        1.05558989477444        0.39719594793381
H           -1.48175687381052       -0.26598429576065       -1.51892019860422
H           -0.98095593177652       -1.54240998628480       -0.40666304043458
H            3.09795675658950       -0.45992618163097       -1.12765862197034
H            2.43817258446551        1.15006885704346       -0.69049924720768
H            2.34999434590794        0.48710894645285        1.69045723288389
H            2.94780005011700       -1.13022047875158        1.28795346538966
H            3.99589398722249        0.28230704072196        1.07745908675471
20
 energy: -27.123566526638 gnorm: 0.000446307054 xtb: 6.7.1 (edcfbbe)
C           -3.60386877531688       -0.71320555312059        0.15104983195324
C           -2.28101650496139       -0.02854330016977        0.46878923506669
C           -1.17692103397972       -0.47614571101213       -0.48862917169412
C            0.11029748356106        0.26955789017065       -0.25369118109933
O            0.19382940720931        1.40785876660846        0.15648732724334
O            1.16332922602467       -0.47372934101610       -0.57785076530982
C            2.47625612290426        0.09181780926379       -0.41935740221667
C            2.97837726564571       -0.08137370723069        1.00578932227712
H           -3.92820849434181       -0.46823642577960       -0.85710496357455
H           -3.50104328145051       -1.79265805957019        0.22811739646310
H           -4.37173332752050       -0.38947018826885        0.84803715712601
H           -1.98250546929084       -0.25960024304991        1.49314946223224
H           -2.38988775303001        1.05509189467162        0.39650068217142
H           -1.48123189006021       -0.27085659755040       -1.51823473920011
H           -0.97979846602674       -1.54456296814518       -0.40316273309879
H            3.09682969632147       -0.45559847495080       -1.12926341805450
H            2.43444297593461        1.15190062692554       -0.68721305798892
H            2.35274905017971        0.48517490489026        1.69193455247732
H            2.95162979056528       -1.13081989774619        1.28609784243306
H            3.99785721961321        0.28314300828387        1.07559340745843
20
 energy: -27.123568914945 gnorm: 0.000406414164 xtb: 6.7.1 (edcfbbe)
C           -3.60551311517098       -0.71176943897446        0.14984001047517
C           -2.28176461064053       -0.02885981392154        0.46822402138217
C           -1.17718455823670       -0.47833431873041       -0.48802772351481
C            0.10966818351870        0.26801817423712       -0.25302863471714
O            0.19212773161464        1.40719274422090        0.15536711698733
O            1.16327193092144       -0.47558353327942       -0.57361764355721
C            2.47523379286747        0.09219180350699       -0.41819516348406
C            2.98197226351289       -0.08137702326477        1.00560498598916
H           -3.92921914959867       -0.46567180694645       -0.85826580279681
H           -3.50403265151149       -1.79141198860427        0.22629342558444
H           -4.37300034895723       -0.38731280320519        0.84693898512972
H           -1.98428873919821       -0.25948960503216        1.49294695272771
H           -2.38889209654046        1.05483645679203        0.39477631692315
H           -1.48089836492412       -0.27409710707396       -1.51791689097901
H           -0.97989657400125       -1.54648268707996       -0.40097700147512
H            3.09520344415631       -0.45246587323150       -1.13049218395474
H            2.43068136102943        1.15261967093063       -0.68399446017881
H            2.35606465431625        0.48232666189938        1.69393620020234
H            2.95947393875567       -1.13126790775901        1.28475484617250
H            4.00037615006756        0.28668282871987        1.07287142774918
20
 energy: -27.123570745069 gnorm: 0.000386864588 xtb: 6.7.1 (edcfbbe)
C           -3.60737959485572       -0.71022683757302        0.14830228982027
C           -2.28310703133311       -0.02890639838336        0.46750032310537
C           -1.17774565170482       -0.48047739271047       -0.48685479594375
C            0.10891241519493        0.26637607787214       -0.25188656091496
O            0.19036117401461        1.40685813341409        0.15337731671019
O            1.16334406662710       -0.47754064638757       -0.56910386776154
C            2.47462169352041        0.09271571130277       -0.41666043206317
C            2.98640254491005       -0.08144978372003        1.00525214989495
H           -3.93067546219492       -0.46332746834196       -0.85976739821332
H           -3.50727007306652       -1.79005377493493        0.22427897997029
H           -4.37475776429308       -0.38527379619955        0.84532939865714
H           -1.98713597681701       -0.25891114387911        1.49283188782182
H           -2.38884432165430        1.05486248497006        0.39290196815539
H           -1.48042011197739       -0.27778200239428       -1.51749479224709
H           -0.98101961542305       -1.54865335660139       -0.39792024075318
H            3.09387869381826       -0.44939551550693       -1.13162320786362
H            2.42675057838652        1.15346110651863       -0.68073079581112
H            2.36015941774634        0.47803232131975        1.69674403861586
H            2.96999767721172       -1.13198954256619        1.28262348727298
H            4.00331058387068        0.29142625700515        1.06993903621264
20
 energy: -27.123571638689 gnorm: 0.000142308795 xtb: 6.7.1 (edcfbbe)
C           -3.60867707771485       -0.70929774726098        0.14692392005719
C           -2.28432062805723       -0.02878891799714        0.46724080935563
C           -1.17810241043905       -0.48174724183915       -0.48534084905416
C            0.10838773628015        0.26571714956361       -0.25096588411904
O            0.18916948681326        1.40693525854748        0.15204587326911
O            1.16329331112251       -0.47841086918017       -0.56611936824980
C            2.47428870374819        0.09304164614128       -0.41569607868244
C            2.98952164348983       -0.08159060117690        1.00479268854666
H           -3.93118490495063       -0.46215191096200       -0.86135141510197
H           -3.50937161380676       -1.78920027811836        0.22288292700414
H           -4.37642882013420       -0.38396574610572        0.84337561587893
H           -1.98984337259524       -0.25831123801492        1.49313029797743
H           -2.38924644441509        1.05503484512185        0.39183956112349
H           -1.47983520228526       -0.28057721862473       -1.51661383571036
H           -0.98156846450643       -1.54988423486088       -0.39481370734068
H            3.09279189424318       -0.44783486945185       -1.13235089775129
H            2.42466498147397        1.15391045219453       -0.67897837639905
H            2.36283489084173        0.47440181626091        1.69863287245608
H            2.97785013843376       -1.13260264824260        1.28055028172315
H            4.00515939443888        0.29506678720956        1.06785434968211
20
 energy: -27.123572110294 gnorm: 0.000103011604 xtb: 6.7.1 (edcfbbe)
C           -3.60941150426914       -0.70880335379527        0.14577481669203
C           -2.28520555959663       -0.02864617167380        0.46739621840543
C           -1.17817705115354       -0.48244029458187       -0.48372596802725
C            0.10807716242900        0.26581827428858       -0.25017789429503
O            0.18846175156685        1.40759293551010        0.15128581370030
O            1.16316312220843       -0.47848542751715       -0.56448756788388
C            2.47418279286779        0.09329234306983       -0.41538231670805
C            2.99131662195553       -0.08183432251027        1.00427520734642
H           -3.93078032026370       -0.46181600780520       -0.86290786554257
H           -3.51050437745675       -1.78871624654564        0.22206063683916
H           -4.37788771411725       -0.38314474408475        0.84127679417803
H           -1.99206565514114       -0.25784785017067        1.49374798362181
H           -2.38976621405949        1.05518459606746        0.39145220570259
H           -1.47932120310912       -0.28281538168630       -1.51552600123401
H           -0.98145815306393       -1.55044906383963       -0.39167481102355
H            3.09199374713198       -0.44720790861310       -1.13301583279584
H            2.42393988309466        1.15424872724667       -0.67832337561642
H            2.36415301877395        0.47177023878014        1.69956110077901
H            2.98256926661725       -1.13319896337475        1.27875298845271
H            4.00610362756596        0.29724305443943        1.06667665207422
20
 energy: -27.123572433985 gnorm: 0.000137997438 xtb: 6.7.1 (edcfbbe)
C           -3.60990631149880       -0.70851354561258        0.14466541337375
C           -2.28600712635934       -0.02837735070152        0.46768523134506
C           -1.17809860450232       -0.48286812189572       -0.48201839948057
C            0.10790550563103        0.26601114979237       -0.24916742685291
O            0.18813438210374        1.40800080218059        0.15148014318658
O            1.16298219605725       -0.47828614792772       -0.56351934785129
C            2.47412818141212        0.09349905731812       -0.41546267453987
C            2.99251539268274       -0.08208342570934        1.00364643360373
H           -3.92983724698173       -0.46198582542051       -0.86458051982259
H           -3.51125951232242       -1.78840680847721        0.22160628141916
H           -4.37930983067987       -0.38240826624051        0.83892723414966
H           -1.99418404525537       -0.25729215646873        1.49446515708282
H           -2.39028318337669        1.05545672833715        0.39123201923518
H           -1.47869103142961       -0.28480044522632       -1.51427340797748
H           -0.98098025221489       -1.55064839376968       -0.38844926311326
H            3.09128560842648       -0.44687429520503       -1.13378964547104
H            2.42367723011592        1.15451554590150       -0.67817810289446
H            2.36480775074056        0.46970452117588        1.69987291074045
H            2.98587057641961       -1.13370709572666        1.27711204460578
H            4.00663356301231        0.29880850687974        1.06578470392643
20
 energy: -27.123572647352 gnorm: 0.000098211309 xtb: 6.7.1 (edcfbbe)
C           -3.61023081600304       -0.70827568891290        0.14380831480555
C           -2.28656150066256       -0.02816005454580        0.46790650272271
C           -1.17794531458791       -0.48325783754277       -0.48067150942778
C            0.10785246636833        0.26607301829346       -0.24820978006725
O            0.18804901870392        1.40805964798567        0.15248333389868
O            1.16288791276636       -0.47806480546894       -0.56316713408097
C            2.47409730601970        0.09373351499265       -0.41571524188690
C            2.99321530304675       -0.08226327725752        1.00307824899014
H           -3.92890951009835       -0.46239287658505       -0.86598951189681
H           -3.51173681594537       -1.78811868688621        0.22157642330759
H           -4.38043150986362       -0.38164761305696        0.83693600128547
H           -1.99575067146767       -0.25666961133167        1.49505398477310
H           -2.39065726910834        1.05564057355239        0.39088287252748
H           -1.47807223237430       -0.28643775138052       -1.51328703708391
H           -0.98056596855269       -1.55085761107692       -0.38584881073591
H            3.09083158438644       -0.44644348064953       -1.13454692413954
H            2.42348809586960        1.15482925291936       -0.67809908687292
H            2.36516284973304        0.46844492493034        1.69985619572375
H            2.98769770141223       -1.13406810703969        1.27585729567701
H            4.00696261233819        0.29962090226444        1.06513464714563
20
 energy: -27.123572962230 gnorm: 0.000094886728 xtb: 6.7.1 (edcfbbe)
C           -3.61059376865185       -0.70800293221093        0.14264796520549
C           -2.28731909080915       -0.02770756929744        0.46810214087694
C           -1.17764526830352       -0.48387968977323       -0.47871989266263
C            0.10790295886046        0.26586171286342       -0.24651712142361
O            0.18814105254130        1.40749044349759        0.15516305560421
O            1.16286693091206       -0.47767589673482       -0.56322987994974
C            2.47408894076873        0.09422627906721       -0.41631391704246
C            2.99389012008887       -0.08247854032936        1.00215712665877
H           -3.92738516912642       -0.46327308591683       -0.86801936435857
H           -3.51243572451997       -1.78778055112823        0.22188513286546
H           -4.38196320548145       -0.38036181003269        0.83398816189417
H           -1.99793035315285       -0.25548066986487        1.49579806975442
H           -2.39110024086163        1.05605575444848        0.39009102435972
H           -1.47692279059391       -0.28883457011279       -1.51189256993880
H           -0.98001984143575       -1.55124918057563       -0.38207245926403
H            3.09041407117573       -0.44553171632692       -1.13577794508255
H            2.42324062136116        1.15545459281807       -0.67809979556834
H            2.36555353217733        0.46720048882701        1.69950294683214
H            2.98927594837876       -1.13449337394519        1.27413426119858
H            4.00732451865281        0.30020474793097        1.06421184470596
20
 energy: -27.123573463166 gnorm: 0.000139443525 xtb: 6.7.1 (edcfbbe)
C           -3.61126555803599       -0.70746760795757        0.14085337914890
C           -2.28850483010787       -0.02700451717409        0.46816297116735
C           -1.17711948884416       -0.48505627706668       -0.47571015212980
C            0.10809757848625        0.26511084059889       -0.24346986286031
O            0.18837163844128        1.40577839408445        0.16092429574855
O            1.16299948290361       -0.47701248804231       -0.56390495917137
C            2.47411238484381        0.09519791153852       -0.41737940069654
C            2.99487497462175       -0.08271595061225        1.00061825156062
H           -3.92524663690370       -0.46499403371974       -0.87123924705450
H           -3.51361207945096       -1.78707771353785        0.22285036564122
H           -4.38436368245036       -0.37798976553122        0.82938327664997
H           -2.00132041870035       -0.25314522850753        1.49682865843790
H           -2.39185918785481        1.05664073498599        0.38819143518840
H           -1.47469799904215       -0.29276252816025       -1.50986484286334
H           -0.97942846028840       -1.55212696495988       -0.37621722310584
H            3.09003428733935       -0.44365080864635       -1.13783116248535
H            2.42276825910534        1.15667454484359       -0.67803542391464
H            2.36640509294992        0.46575253517976        1.69881476135199
H            2.99108620144065       -1.13503468106747        1.27141783080340
H            4.00805168352752        0.30062803695582        1.06264583324853
20
 energy: -27.123574239615 gnorm: 0.000210360673 xtb: 6.7.1 (edcfbbe)
C           -3.61246817798590       -0.70660737893737        0.13803714568581
C           -2.29053320053749       -0.02565926966815        0.46772669019691
C           -1.17629727059693       -0.48731751185909       -0.47094097971539
C            0.10846869983913        0.26331822815164       -0.23808312762301
O            0.18866341665769        1.40199892401541        0.17194153832133
O            1.16340072615435       -0.47602242319788       -0.56526162500683
C            2.47415259560814        0.09705087301540       -0.41909255766690
C            2.99661309802868       -0.08301331250858        0.99804806164974
H           -3.92220447480483       -0.46792249244450       -0.87626923548794
H           -3.51595310588622       -1.78597982942804        0.22471923529391
H           -4.38807975947010       -0.37378030802469        0.82212745026329
H           -2.00690908651588       -0.24870192362842        1.49804790465913
H           -2.39305354350495        1.05780393798877        0.38411492098877
H           -1.47059526278739       -0.29938083908828       -1.50683127415296
H           -0.97895476986509       -1.55402865887087       -0.36682880234749
H            3.08964368114810       -0.43994586904230       -1.14125770956514
H            2.42166729099373        1.15898105423778       -0.67767331295915
H            2.36839521325161        0.46376855928095        1.69781396127801
H            2.99387881194692       -1.13582012009011        1.26699282720741
H            4.00954836030716        0.30100279330213        1.05970767364562
20
 energy: -27.123575064147 gnorm: 0.000238804887 xtb: 6.7.1 (edcfbbe)
C           -3.61422256585081       -0.70539325449056        0.13472556520555
C           -2.29305469746021       -0.02405271449991        0.46665643442261
C           -1.17541649994005       -0.49033284125720       -0.46551295463285
C            0.10893736080928        0.26051538200332       -0.23125665461305
O            0.18888643034895        1.39644632108347        0.18637413438244
O            1.16401087536661       -0.47503807377588       -0.56685186741288
C            2.47413140555156        0.09947706840472       -0.42091865287225
C            2.99913358731584       -0.08325534211095        0.99497108671320
H           -3.91953504702058       -0.47146978122365       -0.88204539965161
H           -3.51900034567763       -1.78439113723561        0.22712530213859
H           -4.39239615681912       -0.36857629626467        0.81393782832121
H           -2.01353615334165       -0.24259584059250        1.49908076930541
H           -2.39459045831119        1.05909098212123        0.37796959735563
H           -1.46524608255453       -0.30748306512809       -1.50361292218514
H           -0.97902187393878       -1.55670600210137       -0.35588681972160
H            3.08927303049070       -0.43480877612285       -1.14537830492786
H            2.41981853184645        1.16200201932855       -0.67669102418378
H            2.37169029714556        0.46158853716817        1.69694933843430
H            2.99762474290459       -1.13664469711440        1.26167964485668
H            4.01189686111576        0.30137194501201        1.05572368373054
20
 energy: -27.123575596134 gnorm: 0.000158251419 xtb: 6.7.1 (edcfbbe)
C           -3.61548605997550       -0.70464135956810        0.13276257415357
C           -2.29478416267220       -0.02278386400848        0.46529426608003
C           -1.17500169992146       -0.49259436361207       -0.46232692336134
C            0.10917715968361        0.25822490257503       -0.22665262278973
O            0.18875715899526        1.39217966909231        0.19632131561532
O            1.16446367902087       -0.47457286798570       -0.56759216500235
C            2.47401671265919        0.10125048258760       -0.42177417338940
C            3.00118412037231       -0.08338042158082        0.99305256197164
H           -3.91868174532713       -0.47361744968648       -0.88526937795084
H           -3.52118046492100       -1.78341247245977        0.22863128795270
H           -4.39480590729492       -0.36529577319997        0.80935095168551
H           -2.01777501740861       -0.23787235785832        1.49910431172317
H           -2.39564868775629        1.06011493735549        0.37283656627758
H           -1.46149594552939       -0.31291147139862       -1.50191420562665
H           -0.97967991084378       -1.55884274142661       -0.34917035764275
H            3.08901168451261       -0.43086008502261       -1.14797802282262
H            2.41808788736319        1.16419648336475       -0.67545950257779
H            2.37477900050374        0.46025003651011        1.69687915941948
H            3.00050674739885       -1.13715406031344        1.25824468329353
H            4.01393869312140        0.30146720983951        1.05269845765606
20
 energy: -27.123575817721 gnorm: 0.000054348598 xtb: 6.7.1 (edcfbbe)
C           -3.61620159305962       -0.70432938435918        0.13205432213066
C           -2.29560434601980       -0.02216316179313        0.46433300932709
C           -1.17494607956159       -0.49364442967556       -0.46122244401019
C            0.10923099892537        0.25704517854338       -0.22472450710619
O            0.18846775834346        1.39010067681241        0.20057111638217
O            1.16470882270506       -0.47446861895073       -0.56760696425253
C            2.47394489940459        0.10215184758803       -0.42183923057704
C            3.00242646166132       -0.08350507809562        0.99231490142433
H           -3.91913460365858       -0.47452128086692       -0.88634594539685
H           -3.52196960384504       -1.78296618488730        0.22924469502994
H           -4.39570055574012       -0.36418715597626        0.80803749830476
H           -2.01949395744450       -0.23510734612755        1.49883662847567
H           -2.39633141889963        1.06054111174760        0.36964860881313
H           -1.45977032301088       -0.31535615381322       -1.50153144369473
H           -0.98031864624794       -1.55988099476720       -0.34643925508908
H            3.08887000305795       -0.42871768656316       -1.14902673589995
H            2.41701043027608        1.16531050301528       -0.67439246409300
H            2.37684318965784        0.45959590883578        1.69724860932443
H            3.00209967110370       -1.13746717648407        1.25674930550385
H            4.01525213433309        0.30131385902124        1.05112908006866
20
 energy: -27.123575820537 gnorm: 0.000038056384 xtb: 6.7.1 (edcfbbe)
C           -3.61619193390951       -0.70433664318442        0.13205827089337
C           -2.29560544528578       -0.02214782236591        0.46432340473754
C           -1.17494937452156       -0.49365879813746       -0.46121992406633
C            0.10923734356693        0.25704338891370       -0.22473333600528
O            0.18846251820119        1.39011921290355        0.20057507342483
O            1.16470504631252       -0.47447586863680       -0.56760546712855
C            2.47395313202055        0.10215481239467       -0.42183355099927
C            3.00242698602871       -0.08350755150261        0.99231104859950
H           -3.91913886060241       -0.47452010095003       -0.88634524145821
H           -3.52196709207170       -1.78297686850799        0.22924450541505
H           -4.39570464224814       -0.36418914324719        0.80804367703036
H           -2.01949591051937       -0.23510191910514        1.49883354311846
H           -2.39633658981403        1.06054797474999        0.36964465413678
H           -1.45976925459404       -0.31535611204423       -1.50152775223067
H           -0.98031919582798       -1.55987976977443       -0.34644119388051
H            3.08886800249297       -0.42871519484027       -1.14902746753010
H            2.41700941695921        1.16530800686087       -0.67438804389784
H            2.37684711791050        0.45959324951414        1.69725015438124
H            3.00209909569161       -1.13746619038445        1.25674686418039
H            4.01525288219108        0.30130977054783        1.05112956594436
