----------------------------------------------- 
  Element       SASA      Sigma Z        Total  
     Z         Ang**2 cal/Ang**2/mol   kcal/mol 
----------------------------------------------- 
      H        147.693      48.690       7.191
      C        111.354     129.740      14.447
      O         39.147       0.000       0.000
      F         20.198      38.180       0.771

 Subtotal:     318.392                  22.409
 -----------------------------------------------

  Elements    COT*SASA   Sigma Z,Z'     Total   
    Z,Z'       Ang**2  cal/Ang**2/mol kcal/mol  
 ---------------------------------------------- 
  H   C         90.776     -60.770      -5.516
  H   O          9.318       0.000       0.000
  C   C        147.780     -72.950     -10.781
  O   C         18.717      68.690       1.286
  O   O          0.000       0.000       0.000

 Subtotal:                             -15.011
 ---------------------------------------------- 

 NONAQUEOUS SOLVENT CONTRIBUTION (kcal/mol):
 (proportional to SASA, atomic number independent)
 ---------------------------------------------- 
 Subtotal:                               0.000
 ---------------------------------------------- 

 CDS TOTAL (kcal/mol):                   7.398
...............................................................................
