22
 energy: -23.419476255362 gnorm: 0.030683063105 xtb: 6.7.1 (edcfbbe)
C            2.18830267310521        1.12215661111661       -0.54941836973364
C            1.19565102168669        0.27974849778637        0.24198875583616
C            1.85618685786810       -1.00316393469645        0.73832667333740
N            0.03410555094707       -0.03431891150943       -0.61914366859218
C           -1.20521522027528       -0.34831693398468        0.12888523502496
C           -2.20366899586242       -1.01952403902053       -0.80831536892577
C           -1.83955951254381        0.88304144690407        0.78139265037790
H            1.73411925042795        2.06379300944686       -0.87865729677262
H            3.06103132428174        1.36446378070596        0.06479992242717
H            2.53687446513228        0.57940834613325       -1.43589086888609
H            0.88855686450889        0.86579893498362        1.12540289195730
H            2.26659424408965       -1.57357194203900       -0.10291703678776
H            1.14879677016512       -1.64440848843544        1.27354516389244
H            2.67540769620038       -0.76708514347334        1.42577732043818
H           -0.16801044444904        0.79948116088131       -1.16784555653902
H           -0.93661367543449       -1.06402315247471        0.91558417102984
H           -3.13254087340929       -1.25819637745505       -0.27990885686222
H           -2.45325482092115       -0.35066825702875       -1.64113446119640
H           -1.79651148611419       -1.94584932965765       -1.22500548007948
H           -1.14133062247753        1.39904467582475        1.44750988163143
H           -2.71844517265460        0.60412404553515        1.37298435085200
H           -2.16307346717944        1.59112760141799        0.00822593836670
22
 energy: -23.420811176937 gnorm: 0.013764430873 xtb: 6.7.1 (edcfbbe)
C            2.18818467078036        1.11702409033201       -0.55192006002026
C            1.19427779247866        0.28362808190523        0.24922636474679
C            1.85564966669419       -1.00469055994558        0.73084215419072
N            0.02858030721299       -0.02918586982023       -0.59144847156786
C           -1.20504429458056       -0.34518823186735        0.14264836688854
C           -2.19081260816585       -1.01411345787955       -0.81061310205471
C           -1.85172141173056        0.88765350327934        0.78003538744233
H            1.73616188064703        2.05510627992823       -0.87487860582791
H            3.05998518775875        1.35146274792840        0.05716386422692
H            2.51779093399014        0.57034571006606       -1.43469853034153
H            0.89384331612435        0.86953139135097        1.13566395283006
H            2.24627961295181       -1.56866780225486       -0.11478545123808
H            1.14743156358820       -1.63590045031748        1.26432720786789
H            2.67728983570396       -0.76950298948733        1.40653490350043
H           -0.16659822031308        0.78177650244196       -1.17587002076283
H           -0.93696841986390       -1.05869096831188        0.92985607071657
H           -3.11188463746991       -1.26051990714325       -0.28404691941477
H           -2.43562616742334       -0.34784681735708       -1.63812747358438
H           -1.76804126702989       -1.92831761955470       -1.22129033979149
H           -1.15743228580117        1.39866757402931        1.44605568540085
H           -2.72488388745754        0.59972939471230        1.36344692693328
H           -2.16905914100280        1.59076099892635        0.00806408065573
22
 energy: -23.421304587973 gnorm: 0.005568812501 xtb: 6.7.1 (edcfbbe)
C            2.18476530541379        1.11426770247991       -0.55555706848470
C            1.19303674562295        0.28676527422979        0.25754869214221
C            1.85480410214612       -1.00919043523007        0.72565544609784
N            0.02659169537293       -0.02323631857038       -0.56707267965209
C           -1.20360586835914       -0.33401732538168        0.15235527623606
C           -2.17471593983628       -1.01282555293194       -0.81239885071977
C           -1.86762331464375        0.89515944533316        0.78492966587541
H            1.73581629974826        2.05279193856909       -0.87105178618751
H            3.06118605419731        1.33722843161341        0.04538849885231
H            2.49265619746212        0.56073849307861       -1.43712215821006
H            0.90684352146193        0.87229185665945        1.15098329918679
H            2.22136684554292       -1.56534109908203       -0.13087288541351
H            1.14716984330890       -1.63269407042038        1.26213523489641
H            2.68576185714522       -0.78070477673155        1.38651494025130
H           -0.15883890645312        0.75984694060661       -1.19245366371613
H           -0.94232350661414       -1.04395411524592        0.94376668287978
H           -3.09230377466580       -1.27203767071106       -0.29273928885868
H           -2.41443416253077       -0.34435508664267       -1.63371279552245
H           -1.73044408502841       -1.91441498470973       -1.22023854447955
H           -1.17971894417036        1.40691294710060        1.45325039634492
H           -2.74052556919179        0.59923035018051        1.35795769652278
H           -2.17806196883701        1.59059965676712        0.00891988275491
22
 energy: -23.421419905131 gnorm: 0.004013557016 xtb: 6.7.1 (edcfbbe)
C            2.18350699765597        1.11376297662863       -0.55659877820528
C            1.19366103145154        0.28885667589419        0.26284972364435
C            1.85512961171233       -1.01223529256919        0.72272512637154
N            0.02591979276649       -0.01891078976132       -0.55499026244110
C           -1.20350972854806       -0.32878840577693        0.15843257462466
C           -2.16649589977661       -1.01335526502730       -0.81239367221646
C           -1.87700957605449        0.90054762894353        0.78552103066170
H            1.73613459745252        2.05555384088322       -0.86539288219036
H            3.06790436531915        1.32947341270641        0.03570895115391
H            2.47770002752445        0.55864449942653       -1.44239955122524
H            0.91676355103516        0.87303117610890        1.16123765759367
H            2.20598499598047       -1.56800401350625       -0.14127721062724
H            1.14910913149889       -1.63183121366899        1.26654200481771
H            2.69624765678330       -0.79109379778760        1.37344315137162
H           -0.15497198545718        0.74971440297239       -1.19697200106739
H           -0.94680041334379       -1.03590628200043        0.95454002191964
H           -3.08435080943450       -1.28483524238807       -0.29933230108979
H           -2.40720448752602       -0.34326031746632       -1.63255270728805
H           -1.70787499332808       -1.90812185515222       -1.22055822476797
H           -1.19470789682574        1.41496101027716        1.45816241458549
H           -2.75251029045521        0.60050888192023        1.35274639491107
H           -2.18522325133870        1.59434957030428        0.00674453025977
22
 energy: -23.421478959669 gnorm: 0.002342825189 xtb: 6.7.1 (edcfbbe)
C            2.18227908915217        1.11389871983789       -0.55657555186421
C            1.19586909750923        0.28963679231120        0.26773602603013
C            1.85625295354955       -1.01586736299508        0.71981402581330
N            0.02593276299378       -0.01453654693255       -0.54549785220519
C           -1.20475659040923       -0.32334839406038        0.16331315407715
C           -2.15909065369433       -1.01526703687246       -0.81141471117424
C           -1.88613967786978        0.90608997737798        0.78455443689170
H            1.73714008170927        2.06090095640767       -0.85558111765185
H            3.07633074892166        1.32122297672526        0.02552930228825
H            2.46321342170030        0.56155736352849       -1.44965081804039
H            0.92636661056660        0.87157278131944        1.17029599210874
H            2.19021123892463       -1.57461868864753       -0.15017038315888
H            1.15373530656079       -1.63114622479557        1.27496414814618
H            2.70973269057842       -0.80240019987721        1.35821553273762
H           -0.15094033138047        0.74287292529165       -1.19773953992440
H           -0.95207449483635       -1.02652449595763        0.96484290347948
H           -3.07665914085730       -1.30103210495631       -0.30441881375381
H           -2.40509270989762       -0.34408911584137       -1.63055849448927
H           -1.68730277353634       -1.90302317447715       -1.22207812981571
H           -1.21012265091489        1.42381908570611        1.46216850517179
H           -2.76600933590161        0.60424303076607        1.34575896981621
H           -2.19147321577660        1.59910033710233        0.00267840631366
22
 energy: -23.421498650931 gnorm: 0.001867648139 xtb: 6.7.1 (edcfbbe)
C            2.18168062345932        1.11446204598588       -0.55520762536423
C            1.19740152134965        0.28908633854044        0.26979060915428
C            1.85716325841747       -1.01789538924125        0.71783104592544
N            0.02603344242134       -0.01301978195002       -0.54243597807774
C           -1.20593174649534       -0.32111091046870        0.16523968748149
C           -2.15622521970371       -1.01693063413148       -0.80988856994265
C           -1.88989055076260        0.90890085751770        0.78206197137700
H            1.73808879555430        2.06497594154146       -0.84664449328682
H            3.08044343768118        1.31623811897166        0.02191608119069
H            2.45623813022036        0.56662920169757       -1.45341412123232
H            0.92981149802052        0.86908437046586        1.17394748918972
H            2.18156409914022       -1.57970945139601       -0.15403142712175
H            1.15779081799764       -1.63031831129431        1.28081995031312
H            2.71752813882360       -0.80741516085873        1.34826787513551
H           -0.14913358805522        0.74119581099343       -1.19729817219634
H           -0.95412814008545       -1.02155070362235        0.96955440004435
H           -3.07210258191583       -1.31056467885962       -0.30405048721699
H           -2.40779154312714       -0.34568298154216       -1.62797788312703
H           -1.67882851479617       -1.90065965090367       -1.22311832790580
H           -1.21699489060393        1.42782675263658        1.46216321690834
H           -2.77248721237237        0.60780050366480        1.34013438048414
H           -2.19282734807594        1.60171931321375       -0.00147363093616
22
 energy: -23.421524262718 gnorm: 0.002699266137 xtb: 6.7.1 (edcfbbe)
C            2.18066144845606        1.11654619088983       -0.55032883114184
C            1.19977757907778        0.28703208569145        0.27295630855503
C            1.85884230488585       -1.02180699823776        0.71332352989831
N            0.02632167156472       -0.01158871747966       -0.53956743165201
C           -1.20812829513788       -0.31776747145068        0.16759854323907
C           -2.15262007757418       -1.02146126071434       -0.80549914942693
C           -1.89466895713375        0.91427911123785        0.77452644981763
H            1.74066979301864        2.07433076480520       -0.82439678221725
H            3.08709576768391        1.30548405884904        0.01913740276547
H            2.44342299513092        0.58022405543066       -1.45923824591160
H            0.93267148579808        0.86224717314931        1.17957564988194
H            2.16312102368940       -1.59039104078533       -0.16145808727864
H            1.16697949826059       -1.62767533410857        1.29319147402092
H            2.73284556456969       -0.81507424615772        1.32622762290154
H           -0.14634783437690        0.74103449739616       -1.19571434784866
H           -0.95580330011996       -1.01222007084034        0.97678764168998
H           -3.06247476096944       -1.33036525383737       -0.29776605060048
H           -2.41830020470357       -0.35046163878049       -1.62009547576024
H           -1.66567426459770       -1.89673913183898       -1.22536006820809
H           -1.22709591585627        1.43458594777323        1.45883579196519
H           -2.78287775352776        0.61675016415178        1.32633995204645
H           -2.19101534104635        1.60609871581755       -0.01288990593958
22
 energy: -23.421535753893 gnorm: 0.001938725543 xtb: 6.7.1 (edcfbbe)
C            2.18048954440568        1.11783818751593       -0.54798028421860
C            1.19940949860567        0.28626929235468        0.27313828932606
C            1.85886733940263       -1.02283778371010        0.71176171585582
N            0.02641437532512       -0.01197533687495       -0.54067556841925
C           -1.20792386404277       -0.31758577025763        0.16735771462216
C           -2.15292065500463       -1.02342041397461       -0.80370956179570
C           -1.89410970821464        0.91566920549614        0.77149096972509
H            1.74153011326337        2.07694363930293       -0.81768821733324
H            3.08733684741523        1.30317500238643        0.02149340859232
H            2.44135548301103        0.58465943990644       -1.45884591828100
H            0.93084274782411        0.85984361314010        1.18030476251082
H            2.15827425360214       -1.59223450567901       -0.16374079793002
H            1.16922030233705       -1.62723707065471        1.29511956910083
H            2.73555291171283       -0.81617380537257        1.32025164500042
H           -0.14637713955623        0.74309877543831       -1.19472855752016
H           -0.95450685350661       -1.01049195484292        0.97740519491553
H           -3.06000857429972       -1.33509256971649       -0.29311215769113
H           -2.42286717158051       -0.35295790163365       -1.61693482208970
H           -1.66455443233704       -1.89682739387774       -1.22524527233094
H           -1.22717205037545        1.43607150730141        1.45612453956907
H           -2.78351225427925        0.61988138800037        1.32190993036053
H           -2.18793828661611        1.60644605671245       -0.01751059117269
22
 energy: -23.421547734741 gnorm: 0.000803747299 xtb: 6.7.1 (edcfbbe)
C            2.18039426393744        1.12197501644789       -0.54064984903760
C            1.19789218463915        0.28439232772443        0.27381619456765
C            1.85845634976378       -1.02645585060901        0.70643513028646
N            0.02665552596156       -0.01194521905095       -0.54381541544065
C           -1.20658907445926       -0.31667187352441        0.16657154947698
C           -2.15347376085068       -1.03037258576503       -0.79810277437525
C           -1.89276614474927        0.92047775880264        0.76211591833689
H            1.74426848540544        2.08521821355972       -0.79718802317595
H            3.08861881915985        1.29613199785496        0.02946746948938
H            2.43533680564474        0.59749287240498       -1.45751431492049
H            0.92574987757702        0.85282429588054        1.18333336440335
H            2.14138661287244       -1.59779288580987       -0.17285168263031
H            1.17485588817706       -1.62589508470728        1.30088742937466
H            2.74454937829366       -0.82085695811201        1.30085184991351
H           -0.14688011771726        0.75126414882141       -1.19050032349081
H           -0.95028602529826       -1.00464448920089        0.97974341451484
H           -3.05203459771038       -1.35091383084982       -0.27836463130254
H           -2.43657360291611       -0.36186994343241       -1.60744904538060
H           -1.65970412532436       -1.89825672252385       -1.22402425021512
H           -1.22790654708067        1.44165306870214        1.44781525049739
H           -2.78595515751987        0.62974083917538        1.30799218977147
H           -2.17859261071410        1.60756650517224       -0.03238345986707
22
 energy: -23.421549937708 gnorm: 0.000286018296 xtb: 6.7.1 (edcfbbe)
C            2.18062133245223        1.12179974689956       -0.54124704194359
C            1.19822029719666        0.28470274994409        0.27376113913172
C            1.85812755819225       -1.02683843562781        0.70601504745526
N            0.02656920015198       -0.01071780006154       -0.54301452829333
C           -1.20647473246560       -0.31608327267531        0.16692193647951
C           -2.15265427944145       -1.03036263433152       -0.79818011375028
C           -1.89383813928668        0.92060978901408        0.76294584728994
H            1.74402905387452        2.08451460157005       -0.79960147883684
H            3.08860724230860        1.29768744255906        0.02888699766076
H            2.43693656877431        0.59642331038922       -1.45737126307791
H            0.92746179695806        0.85330992315708        1.18365449219425
H            2.14270151290960       -1.59734737323804       -0.17317784559539
H            1.17382911393691       -1.62725339622011        1.29887621570779
H            2.74330012214374       -0.82243058480369        1.30208539020072
H           -0.14690832098523        0.75145844724562       -1.19029889663242
H           -0.95088564032031       -1.00399101643068        0.98047520284336
H           -3.05221658853815       -1.34990275513047       -0.27965684126481
H           -2.43440460526372       -0.36257698717012       -1.60874127735892
H           -1.65903319853751       -1.89918796957819       -1.22258640305086
H           -1.22911952885919        1.44246196625694        1.44850166723522
H           -2.78665903201777        0.62909083224678        1.30925961532873
H           -2.18080730609134        1.60769501694580       -0.03132187092669
22
 energy: -23.421551609807 gnorm: 0.000283801001 xtb: 6.7.1 (edcfbbe)
C            2.18121568271795        1.12182328364731       -0.54097813758976
C            1.19853272493848        0.28483296651238        0.27368194357021
C            1.85768555626502       -1.02762148732533        0.70452240908198
N            0.02629364544020       -0.00888525849166       -0.54250130393544
C           -1.20638832461909       -0.31523757543246        0.16727105681610
C           -2.15180667478182       -1.03114484172339       -0.79742179758442
C           -1.89508068102308        0.92116664621152        0.76285292886513
H            1.74385082399220        2.08381044191244       -0.80122909029816
H            3.08828893545181        1.29971173919945        0.03014375282257
H            2.43976127701213        0.59584676584719       -1.45629679495125
H            0.92913148222961        0.85294450984493        1.18434989832905
H            2.14293496954410       -1.59691610494618       -0.17540935257632
H            1.17235274777262       -1.62881007988593        1.29566474881333
H            2.74237809367334       -0.82473367258208        1.30195796634930
H           -0.14731507780618        0.75340751123346       -1.18934972737114
H           -0.95072703674664       -1.00230926169781        0.98152312922721
H           -3.05207809534388       -1.34946441370497       -0.27930642152257
H           -2.43245786152703       -0.36497438913514       -1.60984191897995
H           -1.65802647936481       -1.90111173303646       -1.21955306433570
H           -1.23047774195886        1.44412712154470        1.44777322229068
H           -2.78729100062257        0.62894019510764        1.30990509132553
H           -2.18337453815157        1.60765923786119       -0.03157254755018
22
 energy: -23.421553196464 gnorm: 0.000341401367 xtb: 6.7.1 (edcfbbe)
C            2.18198600157715        1.12227629415407       -0.54012171363305
C            1.19876550744522        0.28485990325494        0.27340524046354
C            1.85675856620171       -1.02888658285970        0.70204184190629
N            0.02599527439719       -0.00670622044684       -0.54261321136278
C           -1.20616339098126       -0.31409929022661        0.16763999336793
C           -2.15078863291221       -1.03256578538192       -0.79590462112724
C           -1.89630279574687        0.92201220651337        0.76222099290668
H            1.74384340342356        2.08329900813022       -0.80282169064415
H            3.08743155416605        1.30234372494744        0.03302417667118
H            2.44374224241272        0.59555129951939       -1.45415231659454
H            0.93015635750346        0.85189932249036        1.18501372830510
H            2.14305154166009       -1.59631112280755       -0.17862905755179
H            1.17055905193627       -1.63131649032438        1.29095051218784
H            2.74070177036507       -0.82772062842461        1.30103184009033
H           -0.14788026997262        0.75695439586754       -1.18775972808769
H           -0.94960980706153       -0.99983037817222        0.98270960362199
H           -3.05166239491222       -1.34905264684855       -0.27769002497957
H           -2.43045527917216       -0.36874165227968       -1.61060869003416
H           -1.65699096421045       -1.90398931006934       -1.21506298608740
H           -1.23176395036354        1.44677936254157        1.44586091617089
H           -2.78762579137507        0.62921282866281        1.31045271444999
H           -2.18634556728865        1.60709336272049       -0.03280152924317
22
 energy: -23.421554450594 gnorm: 0.000247263382 xtb: 6.7.1 (edcfbbe)
C            2.18262787480436        1.12267020148829       -0.53884523949816
C            1.19885580666005        0.28476579301672        0.27350465438955
C            1.85627122238255       -1.03000639403914        0.69965305640529
N            0.02562135783654       -0.00492307918326       -0.54261841748494
C           -1.20616208255350       -0.31303258074557        0.16814114815316
C           -2.14986282306404       -1.03405959010760       -0.79431446705115
C           -1.89749983454260        0.92307621382586        0.76101161712857
H            1.74409548854361        2.08327460309203       -0.80240110126866
H            3.08708971978885        1.30354777879739        0.03567267422372
H            2.44603222971660        0.59586189025367       -1.45239355714643
H            0.93069434347955        0.85050486470972        1.18608415535434
H            2.14145933007364       -1.59612744876605       -0.18239774924015
H            1.16977229540989       -1.63285542572172        1.28781223403105
H            2.74081327725775       -0.83051683235713        1.29855769379914
H           -0.14833373301361        0.76007256563758       -1.18630330644008
H           -0.94843594003587       -0.99727464566363        0.98407384434428
H           -3.05084797716981       -1.34999647087986       -0.27585777554223
H           -2.42939184047966       -0.37210480642474       -1.61054501064452
H           -1.65519415100460       -1.90601849910699       -1.21134546922639
H           -1.23322883520996        1.44971886877363        1.44344973764121
H           -2.78813343378630        0.62999951631842        1.31018114892522
H           -2.18883986800151        1.60648507804315       -0.03493388005664
22
 energy: -23.421555380772 gnorm: 0.000092937452 xtb: 6.7.1 (edcfbbe)
C            2.18292032467656        1.12324784658493       -0.53763582123301
C            1.19896292833171        0.28452616780816        0.27367260292205
C            1.85596873940214       -1.03101793270000        0.69785508632311
N            0.02549722515891       -0.00399375004198       -0.54269332126676
C           -1.20616085126768       -0.31228929326845        0.16850508991816
C           -2.14927100628107       -1.03527143464816       -0.79300725779948
C           -1.89826316973041        0.92401614774327        0.75968401248278
H            1.74447362355019        2.08400045123051       -0.80065425779543
H            3.08704784303903        1.30364455561554        0.03750182165353
H            2.44664750976083        0.59704742648893       -1.45138454363324
H            0.93072242958911        0.84908995512988        1.18693869705991
H            2.13976373568642       -1.59635742483634       -0.18505379946775
H            1.16990604492545       -1.63404170271308        1.28625914059218
H            2.74129754153969       -0.83248072223161        1.29580275839061
H           -0.14842656076861        0.76215116391292       -1.18516814235811
H           -0.94760282169381       -0.99530415804097        0.98518018236022
H           -3.04991459714754       -1.35141584045927       -0.27408362927352
H           -2.42936864444646       -0.37453246431206       -1.60996895759185
H           -1.65375017557335       -1.90718117011920       -1.20895374061288
H           -1.23419616222686        1.45226276882911        1.44103415874904
H           -2.78845668299014        0.63107955322474        1.30960272446664
H           -2.19039484644221        1.60588145776393       -0.03724681308997
22
 energy: -23.421556048874 gnorm: 0.000134138632 xtb: 6.7.1 (edcfbbe)
C            2.18294128728159        1.12363514455998       -0.53665177592875
C            1.19899170287747        0.28425699784110        0.27398244349000
C            1.85606612884497       -1.03171791961990        0.69665307387503
N            0.02538449300320       -0.00352175467193       -0.54256117081184
C           -1.20626027946124       -0.31175462369175        0.16882050586625
C           -2.14881315771275       -1.03612817841839       -0.79216995317961
C           -1.89883076196516        0.92483539044666        0.75861524164928
H            1.74463752615473        2.08474769900028       -0.79847666604186
H            3.08722551772492        1.30315287700948        0.03847891206135
H            2.44624533968602        0.59835218909177       -1.45101441747151
H            0.93077003445489        0.84792998160177        1.18779573642020
H            2.13854871519670       -1.59656932263592       -0.18697096039916
H            1.17044400026776       -1.63483539507306        1.28538483093286
H            2.74216142078849       -0.83390300526261        1.29368312805082
H           -0.14840978825656        0.76313589041176       -1.18452147150998
H           -0.94734271678798       -0.99388687721943        0.98609927188289
H           -3.04921451231476       -1.35245230822904       -0.27300672335928
H           -2.42932962915100       -0.37618035219489       -1.60957133416638
H           -1.65265010792157       -1.90794463465951       -1.20745474597998
H           -1.23475413666483        1.45456312086613        1.43879006194115
H           -2.78850539151240        0.63207137409632        1.30943679262296
H           -2.19190325744058        1.60527530771196       -0.03915478914825
22
 energy: -23.421556640473 gnorm: 0.000142613945 xtb: 6.7.1 (edcfbbe)
C            2.18283890263530        1.12411662075026       -0.53583086935217
C            1.19911585203555        0.28395606404678        0.27426562014659
C            1.85624247602867       -1.03236084635440        0.69579089838602
N            0.02542268308029       -0.00337134222852       -0.54232709522066
C           -1.20631351727317       -0.31140964004260        0.16903808683236
C           -2.14857564706885       -1.03671374386749       -0.79152662107369
C           -1.89926475224045        0.92550112334118        0.75763963640869
H            1.74470033573209        2.08571295445190       -0.79614353996044
H            3.08751873570645        1.30256953822516        0.03898799845620
H            2.44539513987413        0.59989843212717       -1.45100658498678
H            0.93087393115797        0.84683269254721        1.18854900997125
H            2.13785876831993       -1.59676730905584       -0.18838717065174
H            1.17100319692260       -1.63565636106914        1.28480413189668
H            2.74287178272663       -0.83496872476626        1.29213813699791
H           -0.14818547324604        0.76343740327830       -1.18415452605819
H           -0.94734684038573       -0.99283408866203        0.98689526062805
H           -3.04887870255592       -1.35315205064106       -0.27224132949430
H           -2.42928230317239       -0.37739864488055       -1.60937392650283
H           -1.65193934137909       -1.90853980476150       -1.20620946175132
H           -1.23494538898164        1.45659013110520        1.43650882171672
H           -2.78830760846835        0.63297407983178        1.30961513773155
H           -2.19339980235608        1.60464511758524       -0.04084562332371
22
 energy: -23.421557255934 gnorm: 0.000125094598 xtb: 6.7.1 (edcfbbe)
C            2.18256201284804        1.12461392952875       -0.53498348857356
C            1.19913354933000        0.28358236174546        0.27455711313899
C            1.85657698893489       -1.03296440612554        0.69497586526308
N            0.02542955278431       -0.00340695268462       -0.54211831606094
C           -1.20639088051413       -0.31109318242317        0.16920196969575
C           -2.14835510220502       -1.03730126144244       -0.79100498817944
C           -1.89952104951826        0.92624136891863        0.75675131153064
H            1.74453038484784        2.08673010419357       -0.79352871427853
H            3.08771717359694        1.30196103121798        0.03939975159579
H            2.44432138334161        0.60170543325139       -1.45112550547419
H            0.93087843618961        0.84566137318299        1.18933477426684
H            2.13791159738680       -1.59679339180176       -0.18961665974890
H            1.17159280355183       -1.63668090777749        1.28383329179728
H            2.74338579391227       -0.83596319552984        1.29112443995375
H           -0.14793927581907        0.76331872910845       -1.18406278068279
H           -0.94754792448700       -0.99186100615918        0.98765370637759
H           -3.04872653780410       -1.35334807656882       -0.27164639491585
H           -2.42896542260400       -0.37866243118089       -1.60943659252570
H           -1.65164240634648       -1.90945290174930       -1.20490127351280
H           -1.23475780629601        1.45885290411959        1.43402812257789
H           -2.78774684049024        0.63397640275750        1.31020555271092
H           -2.19504400354789        1.60394567637952       -0.04245519415964
22
 energy: -23.421557878543 gnorm: 0.000084533130 xtb: 6.7.1 (edcfbbe)
C            2.18221410057757        1.12522935227524       -0.53410098342940
C            1.19918245158975        0.28313165480795        0.27478780575425
C            1.85701827212030       -1.03358227503919        0.69415299054229
N            0.02548411312925       -0.00362380934439       -0.54193004860258
C           -1.20643826402057       -0.31084816210930        0.16934808776747
C           -2.14828833001194       -1.03778934360669       -0.79040543863341
C           -1.89972632155207        0.92695295642528        0.75582467517727
H            1.74414156600184        2.08779518937008       -0.79090777183191
H            3.08778154437700        1.30159099879331        0.03993120029066
H            2.44333522031509        0.60368577832622       -1.45119783861306
H            0.93082798862433        0.84433583408928        1.19006769353198
H            2.13878666280386       -1.59649104482841       -0.19089153981046
H            1.17203308648968       -1.63809400588288        1.28219577822564
H            2.74359382834369       -0.83689368150572        1.29075586567041
H           -0.14760770536428        0.76285681265800       -1.18418045755821
H           -0.94778139205397       -0.99098227402537        0.98839699565663
H           -3.04901692655351       -1.35288884665885       -0.27109223421544
H           -2.42828968837493       -0.38001139264158       -1.60974141031917
H           -1.65172231680862       -1.91062147695456       -1.20309543500138
H           -1.23429800194651        1.46111964260627        1.43123715724789
H           -2.78695154664274        0.63502577785550        1.31108512676034
H           -2.19687591395130        1.60316391635059       -0.04405422781363
22
 energy: -23.421558468203 gnorm: 0.000067479406 xtb: 6.7.1 (edcfbbe)
C            2.18182285365399        1.12589411388338       -0.53319601922639
C            1.19918566363586        0.28265431989826        0.27497657671928
C            1.85749556433326       -1.03418893507978        0.69325697044437
N            0.02550936963263       -0.00398177343294       -0.54180114597849
C           -1.20652861700784       -0.31065307930205        0.16946485220985
C           -2.14833925144717       -1.03830651963704       -0.78980704515329
C           -1.89973545291945        0.92768764985858        0.75495418200972
H            1.74359497157992        2.08882019512172       -0.78840991420005
H            3.08767117808836        1.30148869994926        0.04062979121500
H            2.44255339567969        0.60567027061660       -1.45117002661927
H            0.93063972828035        0.84293271855549        1.19076775962382
H            2.14043472257876       -1.59586875989853       -0.19221287542247
H            1.17229799694553       -1.63981119288735        1.27996858070125
H            2.74340608746737       -0.83767528204523        1.29091046308478
H           -0.14729315685959        0.76223223534936       -1.18440722360536
H           -0.94801070395217       -0.99012449363641        0.98912155635579
H           -3.04959757090518       -1.35202112776202       -0.27053533168113
H           -2.42740014230991       -0.38147001260756       -1.61024577550849
H           -1.65223332000468       -1.91212016457852       -1.20101156259205
H           -1.23362569686280        1.46338288077433        1.42851584866796
H           -2.78596045078791        0.63612128754725        1.31202051712786
H           -2.19848474172707        1.60239857027398       -0.04560418737651
22
 energy: -23.421558973520 gnorm: 0.000079617717 xtb: 6.7.1 (edcfbbe)
C            2.18138526674483        1.12652378562596       -0.53237035524681
C            1.19914955076802        0.28214797377676        0.27508715208623
C            1.85802393963582       -1.03471898159705        0.69242977339209
N            0.02554129544344       -0.00440366905067       -0.54180481420873
C           -1.20655321768836       -0.31047100841668        0.16959197544762
C           -2.14841585995377       -1.03873619841516       -0.78915081248670
C           -1.89974817148500        0.92836055584327        0.75413295283156
H            1.74293151416061        2.08968092205691       -0.78629983934823
H            3.08738435816268        1.30157070397710        0.04137980571659
H            2.44196408492917        0.60745253189036       -1.45103146647365
H            0.93035645135892        0.84156067882778        1.19133008271529
H            2.14235427020625       -1.59510746091896       -0.19340477588751
H            1.17254217462768       -1.64156740933811        1.27753236082635
H            2.74313102620302       -0.83839943446969        1.29136382114685
H           -0.14699846056400        0.76156271242031       -1.18474127392233
H           -0.94818659154357       -0.98937848720426        0.98977824927741
H           -3.05018942076899       -1.35104279955827       -0.26990691315053
H           -2.42657152629675       -0.38280438656873       -1.61062495498148
H           -1.65278227918489       -1.91350396883598       -1.19893502152806
H           -1.23307340410243        1.46515859560607        1.42625452748910
H           -2.78527961829204        0.63725637005813        1.31256480015223
H           -2.19956295526872        1.60192057525170       -0.04698928305110
22
 energy: -23.421559418422 gnorm: 0.000070684915 xtb: 6.7.1 (edcfbbe)
C            2.18102139328894        1.12709853764492       -0.53164160594581
C            1.19913351014301        0.28173509312309        0.27519933477272
C            1.85849069083604       -1.03518966835202        0.69162800226301
N            0.02554098483892       -0.00483963184107       -0.54171686313527
C           -1.20665186724955       -0.31034670711250        0.16972817523465
C           -2.14856093455618       -1.03917910291053       -0.78854514667287
C           -1.89964410891838        0.92900534974003        0.75341544779417
H            1.74226240767905        2.09038118443340       -0.78457732769080
H            3.08708673490856        1.30183451884843        0.04210827526830
H            2.44157337932275        0.60895370035037       -1.45084721166464
H            0.93008973702996        0.84036990558919        1.19183485519355
H            2.14423613463057       -1.59433322705058       -0.19455955759533
H            1.17272649116792       -1.64320977184676        1.27520859984666
H            2.74277852133224       -0.83896496398340        1.29182007077502
H           -0.14676626030133        0.76088479661051       -1.18499904091232
H           -0.94837155177253       -0.98869175737541        0.99041747644816
H           -3.05075886716549       -1.35028966911846       -0.26930448885867
H           -2.42595260988989       -0.38402841715065       -1.61090078834540
H           -1.65333319975575       -1.91475108930532       -1.19711882549559
H           -1.23268483891948        1.46655012786311        1.42467582355447
H           -2.78485467514392        0.63834656066126        1.31258443395541
H           -2.19995864441355        1.60172583214319       -0.04822364799325
22
 energy: -23.421559424487 gnorm: 0.000052907383 xtb: 6.7.1 (edcfbbe)
C            2.18101772179518        1.12709943496072       -0.53164087551733
C            1.19914041859876        0.28172854221956        0.27521123620536
C            1.85848666602620       -1.03518861889070        0.69162256944380
N            0.02553691191343       -0.00485079097512       -0.54172618823095
C           -1.20666733939884       -0.31034097647291        0.16974577534461
C           -2.14855973612869       -1.03918307734826       -0.78854550677974
C           -1.89964778064288        0.92900803223344        0.75341056129224
H            1.74225632283750        2.09038502887150       -0.78457240416286
H            3.08708538248051        1.30183842339313        0.04211932676431
H            2.44157434842604        0.60895621036774       -1.45084565251794
H            0.93009030284940        0.84036189477202        1.19183735982731
H            2.14424246520267       -1.59433274031150       -0.19457467962023
H            1.17272673171322       -1.64321529830816        1.27519527336870
H            2.74278750705741       -0.83896729381606        1.29182264190217
H           -0.14676696433016        0.76089048867946       -1.18500296693012
H           -0.94836541325789       -0.98868448429464        0.99041984202773
H           -3.05075479262578       -1.35029133351093       -0.26929789237692
H           -2.42595207414322       -0.38403726076801       -1.61089479824437
H           -1.65333317827062       -1.91474719870662       -1.19710729867823
H           -1.23269447329660        1.46654970032834        1.42466970654787
H           -2.78485260096768        0.63835583682724        1.31256728097415
H           -2.19994799874602        1.60172708171055       -0.04822731984339
