----------------------------------------------- 
  Element       SASA      Sigma Z        Total  
     Z         Ang**2 cal/Ang**2/mol   kcal/mol 
----------------------------------------------- 
      H        141.453      48.690       6.887
      C         36.520     129.740       4.738
      O         31.319       0.000       0.000

 Subtotal:     209.292                  11.625
 -----------------------------------------------

  Elements    COT*SASA   Sigma Z,Z'     Total   
    Z,Z'       Ang**2  cal/Ang**2/mol kcal/mol  
 ---------------------------------------------- 
  H   C         95.379     -60.770      -5.796
  H   O          0.000       0.000       0.000
  C   C         26.968     -72.950      -1.967
  O   C         17.223      68.690       1.183
  O   O          0.000       0.000       0.000

 Subtotal:                              -6.581
 ---------------------------------------------- 

 NONAQUEOUS SOLVENT CONTRIBUTION (kcal/mol):
 (proportional to SASA, atomic number independent)
 ---------------------------------------------- 
 Subtotal:                               0.000
 ---------------------------------------------- 

 CDS TOTAL (kcal/mol):                   5.045
...............................................................................
