----------------------------------------------- 
  Element       SASA      Sigma Z        Total  
     Z         Ang**2 cal/Ang**2/mol   kcal/mol 
----------------------------------------------- 
      H        139.342      48.690       6.785
      C        124.047     129.740      16.094
      N          4.318       0.000       0.000
      O         55.730       0.000       0.000

 Subtotal:     323.437                  22.878
 -----------------------------------------------

  Elements    COT*SASA   Sigma Z,Z'     Total   
    Z,Z'       Ang**2  cal/Ang**2/mol kcal/mol  
 ---------------------------------------------- 
  H   C         84.371     -60.770      -5.127
  H   O          8.225       0.000       0.000
  C   C        173.777     -72.950     -12.677
  O   C         22.199      68.690       1.525
  O   O          0.000       0.000       0.000
  C   N          4.462       0.000       0.000
  N   C         23.470     -48.220      -1.132
  N  C(3)        0.000      84.100       0.000
  O   N          0.000     121.980       0.000

 Subtotal:                             -17.411
 ---------------------------------------------- 

 NONAQUEOUS SOLVENT CONTRIBUTION (kcal/mol):
 (proportional to SASA, atomic number independent)
 ---------------------------------------------- 
 Subtotal:                               0.000
 ---------------------------------------------- 

 CDS TOTAL (kcal/mol):                   5.467
...............................................................................
