16
 energy: -213.728594510082 gnorm: 0.023001927498 xtb: 6.7.1 (edcfbbe)
C            2.53928330692522       -0.36001455145953       -0.01612772660715
C            1.28637315547003        0.50772158232498       -0.02887719561280
C            0.01460504120647       -0.33483730764838        0.01792482360794
C           -1.24596044045212        0.52697245563352        0.01096351230486
N           -2.43494108567899       -0.31512353523964       -0.03625036571606
H            2.57445480114081       -0.96522471822772        0.88685039269299
H            2.54744466742884       -1.02648298025486       -0.87525488428785
H            3.43246319042102        0.25868947831463       -0.05090238322256
H            1.30316511907747        1.18375896782455        0.82943925136755
H            1.27777992496622        1.12110533419679       -0.93237105671316
H           -0.01897037660841       -1.00415954224497       -0.84274144907344
H            0.02030255120900       -0.95243395062205        0.91949016910745
H           -1.25276343995513        1.15424271681148       -0.88540481339235
H           -1.22745586574392        1.19856634893112        0.88783708859342
H           -3.26705466864772        0.26373757301687       -0.03182634061410
H           -2.46711247129324       -0.90240503119988        0.79071130615039
16
 energy: -213.729293521601 gnorm: 0.008682004631 xtb: 6.7.1 (edcfbbe)
C            2.54818399696276       -0.35725625827029       -0.01484213711958
C            1.28890352832708        0.50573340537523       -0.02698683461860
C            0.01056361451391       -0.32816233761768        0.01225069183190
C           -1.25499164267948        0.52007148477991        0.00434455841367
N           -2.45513012401713       -0.32313758687523       -0.03759689326907
H            2.58767574149594       -0.97001017043380        0.89029821292740
H            2.56223640250507       -1.03056340388521       -0.87667796161293
H            3.45274321612412        0.25536307657016       -0.04893153501338
H            1.30262011278276        1.18872881636312        0.83040869673055
H            1.28034949946356        1.12897065137846       -0.92870460512561
H           -0.01204497425282       -1.00470533063728       -0.84990552951779
H            0.01470965028138       -0.95502077659991        0.91346686736850
H           -1.25061543367476        1.15792789045788       -0.88710802507105
H           -1.22840596801275        1.19603671315415        0.87687764732081
H           -3.28145853480603        0.26410850102065       -0.01486598443205
H           -2.48372540036281       -0.89397175368670        0.80143165166986
16
 energy: -213.729448035785 gnorm: 0.003177187748 xtb: 6.7.1 (edcfbbe)
C            2.54685089871391       -0.35553597954470       -0.01288584218751
C            1.28603962588128        0.50623398128612       -0.02561753231739
C            0.00907683155282       -0.33167727440703        0.00648531749326
C           -1.25355422613536        0.51778710118988       -0.00196604368588
N           -2.45988608683110       -0.32799560395838       -0.03900526647323
H            2.59191892418133       -0.97305980259550        0.89241341869833
H            2.56866312442682       -1.03141586092932       -0.87650392375381
H            3.45495258862712        0.25668903829060       -0.04527712726575
H            1.29780326099292        1.19092242845328        0.83304595687060
H            1.28020945805400        1.13742243617592       -0.92477152694781
H           -0.00472242610057       -1.01080960280076       -0.85764296733626
H            0.01157243686761       -0.96604640760103        0.90579597688384
H           -1.25105021424861        1.15833508264112       -0.89302978715287
H           -1.22991471882203        1.19573966349498        0.86845317950089
H           -3.28061469723365        0.26850567858802        0.00036099576096
H           -2.48573054515668       -0.88098179090432        0.81360206870688
16
 energy: -213.729481223958 gnorm: 0.002035126228 xtb: 6.7.1 (edcfbbe)
C            2.54754886832984       -0.35452976489831       -0.01149800405147
C            1.28602356462497        0.50470499640048       -0.02455846702118
C            0.00889848877077       -0.33317330482713        0.00239735930897
C           -1.25269425162886        0.51606943078604       -0.00616598511414
N           -2.46224514134850       -0.32970345755380       -0.03813474435953
H            2.59265453810447       -0.97305123469543        0.89294539866251
H            2.57151829561784       -1.02912744395833       -0.87587169173088
H            3.45448453356472        0.25928202395380       -0.04197500471000
H            1.29509732478919        1.18690901101855        0.83615376817092
H            1.28141032703484        1.13900590795959       -0.92157171479758
H           -0.00234670713586       -1.01034366752355       -0.86323050500674
H            0.00994703718052       -0.97040819813376        0.89964291038036
H           -1.25404677708484        1.15360791233761       -0.89930177571111
H           -1.22995126424357        1.19477166944103        0.86314609051071
H           -3.27919446423538        0.27251030756038        0.00957165384554
H           -2.48548971341865       -0.87241096859622        0.82190604413835
16
 energy: -213.729498842382 gnorm: 0.001213469635 xtb: 6.7.1 (edcfbbe)
C            2.54770804254518       -0.35385242854417       -0.00989126312145
C            1.28568446340438        0.50337749621146       -0.02332471219483
C            0.00895086052922       -0.33532282682998       -0.00251921341548
C           -1.25135365541490        0.51488172746603       -0.01055136880216
N           -2.46328374361979       -0.33089569834494       -0.03431832892208
H            2.59185216825039       -0.97326538268942        0.89311723900213
H            2.57400131211906       -1.02584588015822       -0.87528014525042
H            3.45229496977894        0.26243132069806       -0.03740097077594
H            1.29123846510635        1.18123245753847        0.84038986378958
H            1.28261659721209        1.14068580299611       -0.91762882441293
H           -0.00092908661072       -1.00865170368097       -0.87038304521144
H            0.00796238483979       -0.97491357935476        0.89232319229727
H           -1.25717853490691        1.14685191155942       -0.90718157062037
H           -1.22754292756735        1.19593908478112        0.85629504447199
H           -3.27680820253727        0.27590711463968        0.01800070030731
H           -2.48359792657504       -0.86444603852784        0.83180678072309
16
 energy: -213.729509721198 gnorm: 0.001578066515 xtb: 6.7.1 (edcfbbe)
C            2.54807771533499       -0.35332546352254       -0.00809853616251
C            1.28512686617922        0.50224098355052       -0.02179593470609
C            0.00884048292353       -0.33737680912446       -0.00814170083065
C           -1.25087765857977        0.51376175706991       -0.01535981341325
N           -2.46427853804849       -0.33144331027139       -0.02706029286450
H            2.59038567660760       -0.97483227695473        0.89292334829454
H            2.57730972301800       -1.02185918562618       -0.87536430847517
H            3.45078195917074        0.26514514946808       -0.03118045142660
H            1.28672519813519        1.17484950934120        0.84560776742975
H            1.28399621150093        1.14343136767241       -0.91280408977918
H            0.00028097953610       -1.00608092250939       -0.87896683878341
H            0.00556326072246       -0.97981831815913        0.88403969029522
H           -1.26137459929180        1.13881961514013       -0.91645182009169
H           -1.22270504682212        1.19988012680134        0.84706458857465
H           -3.27554216968729        0.27800476927134        0.02537849595019
H           -2.48069425644523       -0.85728342673788        0.84366086675772
16
 energy: -213.729522313370 gnorm: 0.001323581010 xtb: 6.7.1 (edcfbbe)
C            2.54838933803415       -0.35287902905405       -0.00600202886612
C            1.28411929790406        0.50139970739538       -0.01954428873850
C            0.00836073031700       -0.33928181944968       -0.01514857918145
C           -1.25150152889505        0.51245705104323       -0.02143958313525
N           -2.46515239490132       -0.33172869088927       -0.01584441413299
H            2.58794413196371       -0.97916139512026        0.89193100574080
H            2.58211988646799       -1.01659273236476       -0.87686695204807
H            3.45029934692502        0.26715651867702       -0.02201370532010
H            1.28153423731329        1.16803373413403        0.85241804514193
H            1.28577785521537        1.14846359807761       -0.90628340733924
H            0.00241639230310       -1.00327733242134       -0.88959946286379
H            0.00232014154983       -0.98598878729380        0.87389995015469
H           -1.26759877405499        1.12901074992976       -0.92831813239234
H           -1.21557731215188        1.20725866592272        0.83396154891463
H           -3.27573086361192        0.27844773210290        0.03264333764141
H           -2.47610389979951       -0.84920416052859        0.85965440913580
16
 energy: -213.729527870810 gnorm: 0.000468100404 xtb: 6.7.1 (edcfbbe)
C            2.54822680289867       -0.35287729888124       -0.00506524511229
C            1.28362591641872        0.50123622067956       -0.01777559806237
C            0.00804730959331       -0.33952269545173       -0.01900497151983
C           -1.25228879011525        0.51189724827408       -0.02538242512286
N           -2.46466432178825       -0.33209483095772       -0.00823605980064
H            2.58536508579690       -0.98421862430192        0.88983824641016
H            2.58510654588479       -1.01236198975970       -0.87939654743172
H            3.45056260986640        0.26713767332450       -0.01497021295577
H            1.27932296979133        1.16454132207329        0.85686153497904
H            1.28706182730384        1.15249824694227       -0.90170363030530
H            0.00457739578609       -1.00178734686944       -0.89511113332881
H            0.00011407623057       -0.98905503592926        0.86830960784954
H           -1.27256774564724        1.12283977308633       -0.93611895314085
H           -1.21182781629658        1.21294672769260        0.82489684826337
H           -3.27667912371810        0.27658026268288        0.03564015920951
H           -2.47236569412841       -0.84364567618771        0.87066395119714
16
 energy: -213.729529496208 gnorm: 0.000244747092 xtb: 6.7.1 (edcfbbe)
C            2.54783062558672       -0.35310980402695       -0.00518537034727
C            1.28367122339377        0.50156512057673       -0.01666949534639
C            0.00808664547517       -0.33896620111916       -0.01992535581260
C           -1.25267357079345        0.51173150096278       -0.02721864247791
N           -2.46385413151137       -0.33301976907608       -0.00511896447778
H            2.58318803845588       -0.98820978255128        0.88726716483059
H            2.58610127908303       -1.00933618837398       -0.88203368174354
H            3.45072265986032        0.26626986102521       -0.01099630842696
H            1.27935783575806        1.16342769798172        0.85916802450609
H            1.28774633821372        1.15474528659528       -0.89929763623544
H            0.00583545938644       -1.00133287805114       -0.89610144678680
H           -0.00084742340450       -0.98905360255600        0.86711054565428
H           -1.27475125011769        1.11986765567899       -0.93983480655791
H           -1.21083208870530        1.21587140399384        0.82048984908128
H           -3.27718491176256        0.27422328037961        0.03565176302952
H           -2.47077952215337       -0.84055950997117        0.87613889763038
16
 energy: -213.729529496208 gnorm: 0.000244747092 xtb: 6.7.1 (edcfbbe)
C            2.54783062558672       -0.35310980402695       -0.00518537034727
C            1.28367122339377        0.50156512057673       -0.01666949534639
C            0.00808664547517       -0.33896620111916       -0.01992535581260
C           -1.25267357079345        0.51173150096278       -0.02721864247791
N           -2.46385413151137       -0.33301976907608       -0.00511896447778
H            2.58318803845588       -0.98820978255128        0.88726716483059
H            2.58610127908303       -1.00933618837398       -0.88203368174354
H            3.45072265986032        0.26626986102521       -0.01099630842696
H            1.27935783575806        1.16342769798172        0.85916802450609
H            1.28774633821372        1.15474528659528       -0.89929763623544
H            0.00583545938644       -1.00133287805114       -0.89610144678680
H           -0.00084742340450       -0.98905360255600        0.86711054565428
H           -1.27475125011769        1.11986765567899       -0.93983480655791
H           -1.21083208870530        1.21587140399384        0.82048984908128
H           -3.27718491176256        0.27422328037961        0.03565176302952
H           -2.47077952215337       -0.84055950997117        0.87613889763038
