14
 energy: -16.970584266417 gnorm: 0.016531494832 xtb: 6.7.1 (edcfbbe)
C           -3.89383912677642       -0.83352992707572       -0.51877325206828
C           -3.30597476128944       -0.00828420033105        0.62384816477213
C           -1.79384143179828       -0.20463282475715        0.82421626486003
C           -1.01684110532211        0.29132017059770       -0.37422949291211
I            1.15344860125299        0.08945783648125       -0.06025219329021
H           -3.66309517121414       -1.89726585796190       -0.39079331185375
H           -4.98290865992216       -0.72863260982898       -0.55244317203592
H           -3.50462650297835       -0.52024015215690       -1.49267104132486
H           -3.80082335134788       -0.28418878409285        1.56239736630558
H           -3.51411962997829        1.05655788286506        0.46136703834577
H           -1.47663812379690        0.34164707483750        1.71862289093770
H           -1.58244303332701       -1.26655571905499        0.99474742434874
H           -1.15992078145544        1.35545043794079       -0.56342845965276
H           -1.19272295571998       -0.28360151536461       -1.28208863121953
14
 energy: -16.971131519803 gnorm: 0.005422221581 xtb: 6.7.1 (edcfbbe)
C           -3.88652110798400       -0.83333184406339       -0.51529159492253
C           -3.30227461561412       -0.00521431307956        0.62125860077681
C           -1.79366062642175       -0.20771426541199        0.81289538314140
C           -1.00306405515552        0.28800345427800       -0.37560319967210
I            1.14210368257501        0.09271534520958       -0.04347879302678
H           -3.65462939714601       -1.88983718565375       -0.38164266373879
H           -4.96960205732900       -0.72426089417956       -0.53863137614238
H           -3.49939861706957       -0.51506600228818       -1.48200783532331
H           -3.79800763487058       -0.28528036541440        1.55442246900343
H           -3.50642989097184        1.05500937807296        0.44723866972682
H           -1.48204615156304        0.33609554326820        1.70812290432062
H           -1.58888228519378       -1.26854341475066        0.97962633611859
H           -1.17621084383520        1.34562533390237       -0.56009316425510
H           -1.21572243309402       -0.28069895779148       -1.27629614079418
14
 energy: -16.971126087380 gnorm: 0.004029051360 xtb: 6.7.1 (edcfbbe)
C           -3.88578670100136       -0.83426529966489       -0.51623566991309
C           -3.30355383123171       -0.00361355182731        0.61976945637080
C           -1.79842317598921       -0.20927430495687        0.81739008460135
C           -1.00114182077660        0.29109186314089       -0.36713306946957
I            1.13837989245473        0.09243279000612       -0.07013869271274
H           -3.65132977695779       -1.88713415841896       -0.37870390961184
H           -4.96675305163090       -0.72568407568025       -0.53793112021000
H           -3.49801578951131       -0.51520871758064       -1.47993381163422
H           -3.80066698896552       -0.28166545593193        1.55079072915847
H           -3.50343330572230        1.05480642568422        0.43951307671201
H           -1.48918262546241        0.33072167959115        1.71509022272791
H           -1.59591551471798       -1.27025420828635        0.97914624258709
H           -1.17834728452612        1.34692906014544       -0.55419333878164
H           -1.20017605963496       -0.28138023412245       -1.26691060461202
14
 energy: -16.971186131500 gnorm: 0.000803047205 xtb: 6.7.1 (edcfbbe)
C           -3.88610513227027       -0.83449784753656       -0.51592377449017
C           -3.30161328577200       -0.00246560016179        0.61937057037728
C           -1.79689981764158       -0.21082499009273        0.81709717051714
C           -1.00399056664440        0.28944053127854       -0.37174357576617
I            1.14117722072581        0.09716214491137       -0.05631124163402
H           -3.65089084364173       -1.88698081682147       -0.37740297661298
H           -4.96714283098524       -0.72639878425372       -0.53695396087482
H           -3.49914057668693       -0.51654810712898       -1.48025534351280
H           -3.79865816884653       -0.27749062945595        1.55108033982005
H           -3.49969611334512        1.05583458713045        0.43720108056098
H           -1.48447269441647        0.32721046321848        1.71506251764749
H           -1.59626266441429       -1.27252863257278        0.97652370959365
H           -1.17906259377372        1.34635963606213       -0.55534389415272
H           -1.21158796596096       -0.28077014247884       -1.27188102626040
14
 energy: -16.971191672647 gnorm: 0.000594562883 xtb: 6.7.1 (edcfbbe)
C           -3.88628349220923       -0.83556679088922       -0.51505478974944
C           -3.30092393981291       -0.00068026238797        0.61909237543881
C           -1.79643785594460       -0.21259648323941        0.81631677407729
C           -1.00439178667369        0.29150458396148       -0.37200633048278
I            1.14044416267407        0.09636783325038       -0.05247840185839
H           -3.64962570007695       -1.88787231507051       -0.37526277466788
H           -4.96767040783684       -0.72837499943453       -0.53489622950025
H           -3.50064685128216       -0.51839529358218       -1.48049320784781
H           -3.80048683395816       -0.27097654415896        1.55099019981528
H           -3.49633932167601        1.05749738953780        0.43303806442379
H           -1.48197914385884        0.32189805527562        1.71560904421696
H           -1.59628980128650       -1.27507823660481        0.97156280283493
H           -1.18279435153112        1.34834906921828       -0.55343939788899
H           -1.21092071020051       -0.27857419377784       -1.27245853359898
14
 energy: -16.971191208820 gnorm: 0.001532585661 xtb: 6.7.1 (edcfbbe)
C           -3.88810246668101       -0.83764408465123       -0.51291423304828
C           -3.30059929571861        0.00332313729442        0.61747489176562
C           -1.79754929571148       -0.21735734059973        0.81534081312833
C           -1.00305577798013        0.29064610678386       -0.37057921535551
I            1.14187354294008        0.10774317274283       -0.05158059635534
H           -3.64880247105498       -1.88916289565671       -0.36930640678433
H           -4.96991136495962       -0.73222238964543       -0.53055057634312
H           -3.50473770432072       -0.52327518130333       -1.48050773241628
H           -3.80504841553209       -0.25625940704072        1.54999648310594
H           -3.48902887773628        1.06124883974877        0.42232769492916
H           -1.47917402074545        0.30939411827425        1.71775137964589
H           -1.60137998041907       -1.28173003099338        0.96273438962731
H           -1.17863473305050        1.34853948251552       -0.54638536142954
H           -1.21019517270358       -0.27574171537098       -1.27328193525733
14
 energy: -16.971198397954 gnorm: 0.000655904983 xtb: 6.7.1 (edcfbbe)
C           -3.88875905315040       -0.83771071033282       -0.51277201211785
C           -3.30010901905695        0.00229315379894        0.61621966655996
C           -1.79730786447801       -0.21628117772932        0.81514116598950
C           -1.00221973575463        0.29283417334294       -0.36947687006786
I            1.14324700155206        0.10288848238304       -0.05248755800945
H           -3.65002435969319       -1.88896603140921       -0.36903968643499
H           -4.97032244963392       -0.73219775652108       -0.53000819882419
H           -3.50575250120739       -0.52398130721705       -1.48037318672176
H           -3.80259238503683       -0.25815860902884        1.54927704410183
H           -3.48924834651039        1.06008305016234        0.42186689031115
H           -1.48132154899025        0.31044267361855        1.71843794826736
H           -1.60150589562107       -1.28059182861772        0.96284182498143
H           -1.18087126854906        1.35014941921077       -0.54647057238908
H           -1.20755860754339       -0.27330171956238       -1.27263686043354
14
 energy: -16.971198524340 gnorm: 0.000575376253 xtb: 6.7.1 (edcfbbe)
C           -3.88907948255519       -0.83812364084789       -0.51213080754199
C           -3.29966254327848        0.00199486639380        0.61548582435996
C           -1.79650975569713       -0.21617076546908        0.81386197520952
C           -1.00249726016981        0.29406815802037       -0.37023380220863
I            1.14039851722868        0.10036329269452       -0.04846127084353
H           -3.65170801657950       -1.88968480195226       -0.36804707824143
H           -4.97058147311704       -0.73174576119927       -0.52893042334025
H           -3.50670931727341       -0.52592737464062       -1.48052702704129
H           -3.80058227642826       -0.25844263832607        1.54942241289840
H           -3.48947842373862        1.05980889430558        0.42155554004806
H           -1.48146324219707        0.31045885450377        1.71754989035440
H           -1.60045638890832       -1.28048363937063        0.96154775787830
H           -1.17902940478377        1.35199070571319       -0.54601098743461
H           -1.20698696617550       -0.27060433772726       -1.27456240888440
14
 energy: -16.971200236359 gnorm: 0.000292212234 xtb: 6.7.1 (edcfbbe)
C           -3.88978265455727       -0.83887187469585       -0.51160292572186
C           -3.30009020268265        0.00246851757774        0.61495394751952
C           -1.79689824267014       -0.21662329452241        0.81316078521996
C           -1.00139023717877        0.29465717045989       -0.36940228149324
I            1.14301663736684        0.10047433197317       -0.04900252387163
H           -3.65293173733869       -1.89049638215940       -0.36634408875940
H           -4.97128981540168       -0.73198396989955       -0.52833512037673
H           -3.50749348309442       -0.52814203769258       -1.48059794151065
H           -3.80125492781171       -0.25633274008252        1.54930934954812
H           -3.48914438160783        1.06023431306388        0.41970707243231
H           -1.48176121545096        0.30867973571036        1.71757339411028
H           -1.60105541771578       -1.28116595081681        0.95960124465516
H           -1.17775779207116        1.35292707883961       -0.54374782562660
H           -1.20651256345922       -0.26832308565738       -1.27475349091273
14
 energy: -16.971200782588 gnorm: 0.000124593753 xtb: 6.7.1 (edcfbbe)
C           -3.89032575711665       -0.83955163368308       -0.51134241288610
C           -3.29999155180460        0.00267003966607        0.61450391367655
C           -1.79698097977068       -0.21677192317695        0.81315493925853
C           -1.00101053554550        0.29542493840755       -0.36896391138956
I            1.14343056629913        0.09994124174084       -0.04970348428312
H           -3.65378073363273       -1.89094495936572       -0.36463495951887
H           -4.97173255494104       -0.73209886179232       -0.52849400601489
H           -3.50733136712950       -0.52994068971749       -1.48031643865679
H           -3.80153621906592       -0.25489957403356        1.54891244083463
H           -3.48833368740626        1.06022170976762        0.41788567629911
H           -1.48157366065260        0.30728379445756        1.71821840113683
H           -1.60169912751033       -1.28157268579222        0.95811054067723
H           -1.17668829257503        1.35400162208943       -0.54185746243997
H           -1.20679213282173       -0.26626120646957       -1.27495364148106
14
 energy: -16.971201309209 gnorm: 0.000122802460 xtb: 6.7.1 (edcfbbe)
C           -3.89040352447482       -0.84021321609003       -0.51110045805547
C           -3.30005732782299        0.00273124319191        0.61424165590627
C           -1.79705934383604       -0.21672532614638        0.81290237404955
C           -1.00085492092549        0.29640371049506       -0.36869221463644
I            1.14339241306731        0.09799579962665       -0.05042539237940
H           -3.65503018522231       -1.89165068117057       -0.36301989576045
H           -4.97166496915526       -0.73163064136596       -0.52906397015685
H           -3.50642497199497       -0.53205714287296       -1.48013056000571
H           -3.80148783418614       -0.25440458653562        1.54879829691668
H           -3.48844923448040        1.06012669498822        0.41700129034313
H           -1.48185466778008        0.30674610527559        1.71835092645795
H           -1.60173247646680       -1.28159804647698        0.95712297076613
H           -1.17526495719908        1.35544448042117       -0.53999009040091
H           -1.20745403319636       -0.26366658124196       -1.27547533783196
14
 energy: -16.971202147077 gnorm: 0.000060546202 xtb: 6.7.1 (edcfbbe)
C           -3.89048957489683       -0.84152138376337       -0.51060654375698
C           -3.30008079392417        0.00273170065167        0.61367250948469
C           -1.79702462266570       -0.21652148283039        0.81239991109906
C           -1.00069736990328        0.29847490469528       -0.36820216677583
I            1.14314964574152        0.09357270881081       -0.05175415590385
H           -3.65780864727519       -1.89319050161781       -0.35965447913172
H           -4.97150331419845       -0.73052447371218       -0.53065216938490
H           -3.50427985765411       -0.53668741824778       -1.47984859123752
H           -3.80147509291802       -0.25344958814043        1.54854958002782
H           -3.48863788708231        1.05991733246326        0.41536092658059
H           -1.48204671449716        0.30582881058147        1.71857122251767
H           -1.60147898281495       -1.28154462128190        0.95526596022509
H           -1.17260700804921        1.35852488319271       -0.53592383476609
H           -1.20936581353559       -0.25810905870320       -1.27665857376552
14
 energy: -16.971202631962 gnorm: 0.000067675023 xtb: 6.7.1 (edcfbbe)
C           -3.89049268660469       -0.84281742202701       -0.51004661055667
C           -3.30003231911252        0.00301917053690        0.61300394915609
C           -1.79712268271409       -0.21674961742635        0.81196451484423
C           -1.00057419649384        0.30043148059640       -0.36759190350183
I            1.14301364556422        0.09012354144975       -0.05332405700564
H           -3.66022034452856       -1.89458901469079       -0.35617087887909
H           -4.97122179334213       -0.72961593316464       -0.53185148988382
H           -3.50236843696835       -0.54124052849094       -1.47953361340841
H           -3.80168497796208       -0.25162259179428        1.54816166559217
H           -3.48814414161141        1.06001271481656        0.41312515588831
H           -1.48233090553507        0.30409965035428        1.71906556726905
H           -1.60169836384263       -1.28203088155036        0.95317290628866
H           -1.17052139507552        1.36134590017344       -0.53182587077203
H           -1.21094743544675       -0.25286465668479       -1.27762973981850
14
 energy: -16.971202791330 gnorm: 0.000035084891 xtb: 6.7.1 (edcfbbe)
C           -3.89076853289971       -0.84332449504584       -0.50975668634707
C           -3.29997861223267        0.00311967629088        0.61262777337932
C           -1.79708561321140       -0.21689687320584        0.81169617889792
C           -1.00034372970707        0.30115025369348       -0.36729220260005
I            1.14314400674319        0.08927223003426       -0.05358544748273
H           -3.66138288787093       -1.89512462438965       -0.35469950381520
H           -4.97142023727506       -0.72932028301377       -0.53212552464379
H           -3.50202617015413       -0.54312937706014       -1.47943464142799
H           -3.80176536956572       -0.25061984511653        1.54796368153877
H           -3.48775466733686        1.06002721472384        0.41199075647753
H           -1.48228129635991        0.30316951807042        1.71923851296828
H           -1.60178009488306       -1.28230295011673        0.95206425569677
H           -1.16970229519723        1.36235235553509       -0.53018575296649
H           -1.21120053372289       -0.25087098830133       -1.27798180446276
14
 energy: -16.971202872370 gnorm: 0.000023510869 xtb: 6.7.1 (edcfbbe)
C           -3.89098692117724       -0.84355256772584       -0.50956323956258
C           -3.29990592859910        0.00325399752176        0.61238884399057
C           -1.79707469838106       -0.21712614775424        0.81151782078425
C           -1.00019592772072        0.30141863384457       -0.36717359170479
I            1.14332780736605        0.08947251624409       -0.05340816523345
H           -3.66195697329709       -1.89534262206151       -0.35397991320531
H           -4.97159299793679       -0.72919894868803       -0.53197874478754
H           -3.50214245719972       -0.54397251855049       -1.47937470909561
H           -3.80175079928574       -0.24989858166861        1.54784367604890
H           -3.48731561187934        1.06013438854776        0.41125766409107
H           -1.48226696594009        0.30243274726288        1.71935295945791
H           -1.60200073093894       -1.28264332419476        0.95136935211007
H           -1.16950018530634        1.36269447258862       -0.52959110441839
H           -1.21098364337733       -0.25017023326805       -1.27814125326257
