20
 energy: -27.121302150467 gnorm: 0.035244192093 xtb: 6.7.1 (edcfbbe)
C           -3.57431415557768       -0.59145295666090        0.44314623179622
C           -2.22102293110501        0.10794872679124        0.49377347356208
C           -1.20618863413563       -0.56677951666608       -0.44804660489905
C            0.10699186163865        0.15548022137199       -0.39156581320217
O            0.38506447021420        1.13982997635413       -1.05924057386971
O            0.93240678329347       -0.37438302865161        0.53264281200410
C            2.22861898105566        0.27894871118194        0.72621942802601
C            3.23655206291810       -0.21527930057792       -0.28535634808622
H           -3.48518796573428       -1.64034374002707        0.74524629081674
H           -4.28865224609963       -0.10601567392856        1.11517915326070
H           -3.99138339949961       -0.56622082938330       -0.56915795781190
H           -1.82772857335526        0.09101344926437        1.51663284505620
H           -2.33015869057922        1.15982633664128        0.20602033889622
H           -1.57361218033205       -0.52272859436457       -1.47731365338294
H           -1.07201153159532       -1.61292540695122       -0.15961437190377
H            2.08796903374393        1.36136979189302        0.67484419360169
H            2.51315268439507        0.00054944663010        1.74258217952246
H            3.34394347753814       -1.30216282767565       -0.22627254396525
H            2.94913904143454        0.05982026053721       -1.30356726980146
H            4.20947616002790        0.23715417912428       -0.06867844840777
20
 energy: -27.122435234269 gnorm: 0.014306991935 xtb: 6.7.1 (edcfbbe)
C           -3.56752263433011       -0.59249008885563        0.44104047412634
C           -2.21703114408078        0.10667843805837        0.49253321371966
C           -1.20475025007939       -0.56782423928839       -0.44726687892374
C            0.10488206764445        0.16382337955209       -0.38328137678033
O            0.38373753343925        1.13885787850003       -1.05008994929642
O            0.92724524240025       -0.36163864279221        0.52913787065862
C            2.21875505617466        0.27210036474906        0.72489841201160
C            3.23695678353726       -0.21678262809541       -0.28408473790173
H           -3.47366879876414       -1.63442518844854        0.74359140168698
H           -4.27173605608169       -0.10312881284621        1.11150417559752
H           -3.97837334694564       -0.56332238813334       -0.56712664761086
H           -1.82590644491323        0.08369774848882        1.51294161985626
H           -2.32875592135329        1.15423952751657        0.20032416162420
H           -1.57538842399073       -0.52353338467884       -1.47310858023252
H           -1.05965105112143       -1.60668217735259       -0.14883842945014
H            2.07895350831165        1.35395797131759        0.65555111764799
H            2.49826625553184       -0.00712843835927        1.74192183391128
H            3.33376647488307       -1.29953293317769       -0.22931230322425
H            2.93957628242051        0.06165669989969       -1.29375592452920
H            4.20369911556348        0.23512613884858       -0.06910609167908
20
 energy: -27.122658286826 gnorm: 0.004931608401 xtb: 6.7.1 (edcfbbe)
C           -3.56246989175237       -0.59253188158593        0.44147845725291
C           -2.21051764507932        0.10547146928021        0.49350869171124
C           -1.20157941492246       -0.56945758862577       -0.44801104497645
C            0.10924546609253        0.16491891062264       -0.38866718586416
O            0.38180928870039        1.14606435777131       -1.04634949437027
O            0.92552748923543       -0.35610337334558        0.51991089372903
C            2.20730254289906        0.27022465244680        0.72598291044593
C            3.23202539662183       -0.21980434598015       -0.28249071805365
H           -3.46603928314712       -1.63153939016065        0.74272297213880
H           -4.26197796516958       -0.10161954670801        1.11150556022540
H           -3.96928233254243       -0.56062670328641       -0.56519961481791
H           -1.81986798934697        0.07877670055903        1.51229375832432
H           -2.32199786602948        1.15124072697608        0.20025468828100
H           -1.57629617030684       -0.52543539541882       -1.47054181411091
H           -1.04844482974209       -1.60395145572141       -0.14469206009273
H            2.07460026487386        1.35320710396414        0.64650116434177
H            2.48312573072776       -0.00934912551841        1.74311250954944
H            3.32296892082578       -1.30097017979417       -0.23155261122588
H            2.93096296423385        0.06349835503671       -1.28807153174593
H            4.19395957207417        0.23163593439109       -0.06422216952980
20
 energy: -27.122686768591 gnorm: 0.001663466520 xtb: 6.7.1 (edcfbbe)
C           -3.56088826462332       -0.59275661593528        0.44183884819645
C           -2.20798185161711        0.10515572277837        0.49317447523188
C           -1.20075270682039       -0.57073068621888       -0.44938758701456
C            0.10746483171007        0.16980323152703       -0.38761282784663
O            0.37861005495365        1.15119421770337       -1.04775935527696
O            0.92413327933079       -0.35372146960534        0.51717500037646
C            2.20333423798163        0.27018698765686        0.72603570949054
C            3.23016603345885       -0.22146085363973       -0.28200341402591
H           -3.46404981559920       -1.63202007665111        0.74285387636608
H           -4.25960505575691       -0.10135001220598        1.11259041938150
H           -3.96765092684954       -0.56021965486924       -0.56504502079063
H           -1.81664016678294        0.07780773288019        1.51167965115348
H           -2.31853633220530        1.15118471511772        0.20053569530273
H           -1.57592163282586       -0.53002904699488       -1.47168167139833
H           -1.04319859173079       -1.60375757204020       -0.14345052677603
H            2.07618020894801        1.35406096313455        0.64624506846218
H            2.47890198317756       -0.00881293768692        1.74311355772758
H            3.31784481014882       -1.30303798662963       -0.23180936209000
H            2.92928784439222        0.06400771301168       -1.28729536830166
H            4.19235630895575        0.22814485357012       -0.06172380695600
20
 energy: -27.122694237557 gnorm: 0.001627857532 xtb: 6.7.1 (edcfbbe)
C           -3.55995459075500       -0.59262086866780        0.44321202675499
C           -2.20576686402561        0.10406321633085        0.49280276159322
C           -1.20003514570368       -0.57122141902285       -0.45186594187333
C            0.10723249904883        0.17179251150726       -0.39194711001401
O            0.37293553156315        1.15833031080892       -1.04864118402994
O            0.92344385001743       -0.35187965375179        0.51295124827225
C            2.20044457318776        0.27146864338625        0.72602826499390
C            3.22909677465449       -0.22306932230751       -0.28039485609507
H           -3.46319281781004       -1.63285369754430        0.74325164628670
H           -4.25828942174853       -0.10157667630914        1.11551989987666
H           -3.96815384799044       -0.55931150187371       -0.56372987876206
H           -1.81262780649006        0.07547372250864        1.51091687316052
H           -2.31540271909761        1.15098094244089        0.20201262851202
H           -1.57751713676882       -0.53379990628552       -1.47341125358407
H           -1.03880611264475       -1.60349264029114       -0.14500613705697
H            2.07816962230883        1.35604167713264        0.64651053671836
H            2.47511585595081       -0.00611815445347        1.74384975227973
H            3.31251094418196       -1.30542235762095       -0.23041400710481
H            2.93090215608821        0.06396558847812       -1.28648183211025
H            4.19294890427906        0.22289881043731       -0.05769007660568
20
 energy: -27.122697115857 gnorm: 0.000460316454 xtb: 6.7.1 (edcfbbe)
C           -3.55995316540567       -0.59289852819421        0.44333741406307
C           -2.20614012016967        0.10369157682222        0.49262994975186
C           -1.20021434218235       -0.57095412953743       -0.45219895185288
C            0.10621644376091        0.17315977054291       -0.39164806067530
O            0.37164814753326        1.15916971753348       -1.04829094985835
O            0.92347036258680       -0.35105471478529        0.51254548899972
C            2.20111749087310        0.27228366212608        0.72510945935735
C            3.22978084696121       -0.22360942014636       -0.27992965744532
H           -3.46346811047382       -1.63321241424929        0.74300314238110
H           -4.25779463827938       -0.10212119439390        1.11624337861518
H           -3.96919517386537       -0.55928217050235       -0.56310901801940
H           -1.81260344262159        0.07474767221583        1.51062494151288
H           -2.31594512788888        1.15077331645490        0.20235236379637
H           -1.57781882408949       -0.53373154425140       -1.47376700199963
H           -1.03878829820666       -1.60335460220996       -0.14559275696797
H            2.07808061802331        1.35668779318861        0.64513459961168
H            2.47489603800834       -0.00483585202578        1.74346917855787
H            3.31197989978132       -1.30600116115478       -0.22944842984578
H            2.93364340065688        0.06332403454715       -1.28656318692708
H            4.19414224324375        0.22086741292226       -0.05642854184322
20
 energy: -27.122699173114 gnorm: 0.000470345765 xtb: 6.7.1 (edcfbbe)
C           -3.55984439290856       -0.59349478026698        0.44383270834015
C           -2.20628641608634        0.10293698186695        0.49281204097723
C           -1.20041934145021       -0.57055795198544       -0.45287902035705
C            0.10516647982225        0.17491000995279       -0.39245849431772
O            0.36930968565236        1.16200787697228       -1.04729955992330
O            0.92343614643928       -0.34993985808981        0.51060269376919
C            2.20118613776351        0.27359420204776        0.72340943532943
C            3.23086839174008       -0.22489129100767       -0.27873907561496
H           -3.46330971974983       -1.63399461651776        0.74237156872091
H           -4.25678583608238       -0.10323819558026        1.11787089842499
H           -3.97011815533047       -0.55876624623870       -0.56201909488152
H           -1.81219524281517        0.07315349556067        1.51053407869832
H           -2.31632885611449        1.15020510368729        0.20338911326087
H           -1.57862398311086       -0.53320213482602       -1.47419883541538
H           -1.03804957944921       -1.60294368327804       -0.14677341082718
H            2.07786995766546        1.35779850708112        0.64098223826915
H            2.47318340902004       -0.00171258286738        1.74283823012251
H            3.30998938585994       -1.30739057864806       -0.22749651788475
H            2.93816658089081        0.06220622903250       -1.28623295142984
H            4.19583959648982        0.21696873800747       -0.05307268404887
20
 energy: -27.122701159968 gnorm: 0.000653957180 xtb: 6.7.1 (edcfbbe)
C           -3.55996380021157       -0.59441989396978        0.44444780823269
C           -2.20650340397898        0.10212359100008        0.49335335129461
C           -1.20082053920514       -0.56989409106021       -0.45365397152385
C            0.10377309047416        0.17726217777034       -0.39329089545940
O            0.36616246147338        1.16605849438466       -1.04614494967001
O            0.92371104616336       -0.34882103693150        0.50770504836317
C            2.20115653999959        0.27553811014130        0.72109861423605
C            3.23247491789058       -0.22699287734653       -0.27714030157655
H           -3.46310673844498       -1.63540939785809        0.74112723665141
H           -4.25621004506837       -0.10532945598050        1.12004350869575
H           -3.97130641448036       -0.55799048055779       -0.56089715204755
H           -1.81171951426406        0.07120000116492        1.51077119957018
H           -2.31686403631670        1.14972132885575        0.20523219506686
H           -1.57991258964168       -0.53234726889384       -1.47464385406467
H           -1.03694128282441       -1.60223773074509       -0.14829239921355
H            2.07781680781265        1.35942648718281        0.63474783391794
H            2.47094326491714        0.00368276466357        1.74206247525676
H            3.30753442424011       -1.30973953000349       -0.22487833000421
H            2.94459742318381        0.06036983933648       -1.28596742341696
H            4.19823263652746        0.21144819374957       -0.04820663309648
20
 energy: -27.122702949805 gnorm: 0.000466300576 xtb: 6.7.1 (edcfbbe)
C           -3.56024660779865       -0.59568156121258        0.44503475338498
C           -2.20698630380121        0.10143950292441        0.49437419152335
C           -1.20149065705800       -0.56867407128549       -0.45423887419200
C            0.10252961804806        0.17948229011713       -0.39426024998916
O            0.36292430860042        1.17039406722258       -1.04486268814168
O            0.92417108152862       -0.34774518077700        0.50438509414516
C            2.20103587217667        0.27768966096993        0.71825228668744
C            3.23472066913478       -0.22963231746726       -0.27522278346845
H           -3.46254375594779       -1.63729738934832        0.73922789577490
H           -4.25614954882453       -0.10846845591865        1.12234230837971
H           -3.97233891051287       -0.55709000396780       -0.55991815949321
H           -1.81176065706156        0.06911170734579        1.51155665156379
H           -2.31800471076254        1.14939435742087        0.20787698205340
H           -1.58155005771022       -0.53034964353456       -1.47481691626875
H           -1.03625886538332       -1.60111413871913       -0.15009264531000
H            2.07792600301577        1.36113795821443        0.62636959583464
H            2.46852266183331        0.01070409277266        1.74107681557049
H            3.30552138593671       -1.31256861244439       -0.22119914421998
H            2.95191748771310        0.05736062171636       -1.28558887368867
H            4.20111523511923        0.20555634087369       -0.04282287893379
20
 energy: -27.122703945822 gnorm: 0.000151162386 xtb: 6.7.1 (edcfbbe)
C           -3.56045709110472       -0.59688516144359        0.44538410743625
C           -2.20751002865330        0.10109580352286        0.49530013475992
C           -1.20206394464928       -0.56731363606900       -0.45456757349239
C            0.10168387572142        0.18143215245064       -0.39473577887663
O            0.36073924795335        1.17352634743448       -1.04437005984636
O            0.92462894102296       -0.34666463201013        0.50205574464872
C            2.20099439451409        0.27943371783160        0.71610910963450
C            3.23634484651687       -0.23201784311570       -0.27376497099207
H           -3.46178422350939       -1.63902800672625        0.73752024806888
H           -4.25642896153154       -0.11149407171103        1.12398563860514
H           -3.97301409404969       -0.55666889958605       -0.55935022437246
H           -1.81198591690944        0.06768316518348        1.51233025479039
H           -2.31925020104412        1.14936337672702        0.21023951962499
H           -1.58274253748129       -0.52807658418236       -1.47487996689379
H           -1.03606583208892       -1.60000108193731       -0.15164294935079
H            2.07842961978456        1.36254397751831        0.61975944044513
H            2.46688922075746        0.01647132740417        1.74035800555877
H            3.30478401468642       -1.31499995546085       -0.21743392880215
H            2.95693651853851        0.05360138156784       -1.28547112861157
H            4.20292639977207        0.20164784750455       -0.03935226112233
20
 energy: -27.122704621827 gnorm: 0.000145565687 xtb: 6.7.1 (edcfbbe)
C           -3.56053085501201       -0.59788854542706        0.44558343604195
C           -2.20798215171615        0.10097856378606        0.49603762576748
C           -1.20252101941281       -0.56598683413206       -0.45481867954016
C            0.10125567710882        0.18277370824776       -0.39505669822939
O            0.35967256375913        1.17536956846709       -1.04435541436565
O            0.92476866274566       -0.34562277094003        0.50090235409012
C            2.20104436994823        0.28060225035509        0.71471759526044
C            3.23739753628204       -0.23381491368561       -0.27269761132170
H           -3.46098988851402       -1.64037948525209        0.73625928700749
H           -4.25676329405208       -0.11397360108887        1.12500050100608
H           -3.97332646408233       -0.55662160288792       -0.55903322120316
H           -1.81228189364413        0.06679074375822        1.51297949900288
H           -2.32047680295412        1.14946587320526        0.21208053892814
H           -1.58351211091397       -0.52570994450607       -1.47498689247898
H           -1.03622766210437       -1.59899742517251       -0.15311152185219
H            2.07912133704663        1.36347949087775        0.61524471641258
H            2.46598807225520        0.02046138114743        1.73990620451576
H            3.30513872308507       -1.31670450952915       -0.21370641209287
H            2.95936202914739        0.04953210875930       -1.28541156960717
H            4.20391741927384        0.19989516892006       -0.03806037612948
20
 energy: -27.122705444840 gnorm: 0.000272484308 xtb: 6.7.1 (edcfbbe)
C           -3.56041661946970       -0.59903207009220        0.44576263700743
C           -2.20837948377567        0.10087047900900        0.49673033422931
C           -1.20286591658879       -0.56435474670373       -0.45523939361088
C            0.10097892180651        0.18438818343341       -0.39533526489266
O            0.35913888564335        1.17704708544246       -1.04475522439595
O            0.92472298351009       -0.34411818787491        0.50020633362909
C            2.20109493372987        0.28183337086499        0.71363796632817
C            3.23797285009815       -0.23584374582503       -0.27162240576098
H           -3.45988228863377       -1.64183243539648        0.73501393504466
H           -4.25695645327273       -0.11665417367167        1.12597235014925
H           -3.97345979134626       -0.55680167942385       -0.55872424419649
H           -1.81238804222998        0.06579629561408        1.51352720331534
H           -2.32178925233996        1.14960236003956        0.21405323935517
H           -1.58417128743398       -0.52273734820457       -1.47524751652879
H           -1.03636207011976       -1.59778716121874       -0.15502585624527
H            2.08006876406998        1.36452130465585        0.61116444589052
H            2.46515746955338        0.02428829337140        1.73970370068125
H            3.30615735617758       -1.31849691746555       -0.20879661252689
H            2.96023719172344        0.04383511424357       -1.28544648277777
H            4.20419609714428        0.19912520410505       -0.03810578348234
20
 energy: -27.122706548631 gnorm: 0.000337998162 xtb: 6.7.1 (edcfbbe)
C           -3.55999828599647       -0.60068803712540        0.44603201466020
C           -2.20870608033001        0.10063310865363        0.49764167511647
C           -1.20324509956898       -0.56196725660261       -0.45618499375220
C            0.10056118380677        0.18688992490702       -0.39586145304203
O            0.35868740531150        1.17944389662825       -1.04551804338478
O            0.92424045228381       -0.34156985368270        0.49969486597688
C            2.20108509998601        0.28365393832695        0.71235434618133
C            3.23835455730271       -0.23877919718913       -0.27001028036067
H           -3.45817910832023       -1.64391440754321        0.73334781225875
H           -4.25683783380986       -0.12035932101201        1.12739829997571
H           -3.97355348852666       -0.55714426508345       -0.55820817278645
H           -1.81212827587067        0.06412709826020        1.51416960649106
H           -2.32342440267562        1.14976751316599        0.21696117037526
H           -1.58501445549965       -0.51837586880196       -1.47595567372655
H           -1.03626087373053       -1.59601006199874       -0.15824911589468
H            2.08153285179135        1.36612211127575        0.60590374548736
H            2.46395598666751        0.02952112172557        1.73959020006355
H            3.30766828290830       -1.32101201826217       -0.20093118067185
H            2.96009496154438        0.03473237099529       -1.28540765348416
H            4.20422137097238        0.19857842826538       -0.03929380827105
20
 energy: -27.122707458165 gnorm: 0.000264208660 xtb: 6.7.1 (edcfbbe)
C           -3.55939215146173       -0.60238776361335        0.44641207204913
C           -2.20875831644083        0.10011532098550        0.49846308326665
C           -1.20340820006257       -0.55951270068352       -0.45749596252833
C            0.10013724857834        0.18977925234252       -0.39661333181936
O            0.35835565891209        1.18219516779498       -1.04637625677102
O            0.92359830063789       -0.33852782121085        0.49924068153876
C            2.20097712114563        0.28583804147704        0.71120155623108
C            3.23825100572203       -0.24200174574613       -0.26823359315138
H           -3.45633894799870       -1.64605899456489        0.73162283500133
H           -4.25629981298337       -0.12409555444628        1.12912827774778
H           -3.97360149847770       -0.55732664123993       -0.55748077127258
H           -1.81132970166905        0.06179242314447        1.51457938655715
H           -2.32473139163138        1.14973003087595        0.22012095353956
H           -1.58592088592480       -0.51387482602698       -1.47689735684539
H           -1.03565254745177       -1.59412323999774       -0.16197224078412
H            2.08292918928872        1.36805544400474        0.60049917380663
H            2.46244626663958        0.03522661536774        1.73968818197796
H            3.30861856481426       -1.32371125452270       -0.19236755075984
H            2.95936009368231        0.02483341682322       -1.28525957562590
H            4.20381425292707        0.19770405413886       -0.04078620094595
20
 energy: -27.122707961942 gnorm: 0.000143192747 xtb: 6.7.1 (edcfbbe)
C           -3.55874864346939       -0.60348661755711        0.44673756667709
C           -2.20847710767802        0.09962880398278        0.49904543483186
C           -1.20350901229179       -0.55801379267360       -0.45869524293222
C            0.09969431103458        0.19177177618985       -0.39740209183823
O            0.35805756750663        1.18410788568982       -1.04714729639394
O            0.92285587742241       -0.33630667914855        0.49894455016644
C            2.20068406808487        0.28743414959741        0.71041002254564
C            3.23799910104374       -0.24411469659794       -0.26687083747519
H           -3.45508594573175       -1.64749952232209        0.73044082908425
H           -4.25540199821952       -0.12644668096315        1.13056069463140
H           -3.97366055857025       -0.55721045193518       -0.55680653067468
H           -1.81029140544814        0.05983580344889        1.51480976785318
H           -2.32516124981703        1.14963267391082        0.22247371737990
H           -1.58664614709270       -0.51104673428880       -1.47779887364099
H           -1.03499732672816       -1.59296982787069       -0.16482955621472
H            2.08373868327081        1.36947130337352        0.59687702394948
H            2.46113053439969        0.03919165692002        1.73973339053616
H            3.30844392959887       -1.32548313015487       -0.18663647400513
H            2.95883695318866        0.01854912621981       -1.28489026394779
H            4.20359261774251        0.19660417908170       -0.04148246932034
20
 energy: -27.122708194850 gnorm: 0.000115277902 xtb: 6.7.1 (edcfbbe)
C           -3.55810513547706       -0.60458547150086        0.44706306130505
C           -2.20819589891521        0.09914228698006        0.49962778639707
C           -1.20360982452100       -0.55651488466368       -0.45989452333611
C            0.09925137349083        0.19376430003717       -0.39819085185711
O            0.35775947610117        1.18602060358467       -1.04791833601686
O            0.92211345420693       -0.33408553708625        0.49864841879412
C            2.20039101502411        0.28903025771778        0.70961848886021
C            3.23774719636546       -0.24622764744975       -0.26550808179900
H           -3.45383294346480       -1.64894005007930        0.72925882316716
H           -4.25450418345567       -0.12879780748002        1.13199311151501
H           -3.97371961866280       -0.55709426263043       -0.55613229007678
H           -1.80925310922723        0.05787918375331        1.51504014914921
H           -2.32559110800268        1.14953531694569        0.22482648122024
H           -1.58737140826061       -0.50821864255062       -1.47870039043659
H           -1.03434210600456       -1.59181641574365       -0.16768687164531
H            2.08454817725291        1.37088716274230        0.59325487409234
H            2.45981480215980        0.04315669847230        1.73977859909436
H            3.30826929438349       -1.32725500578703       -0.18090539725042
H            2.95831381269500        0.01226483561640       -1.28452095226968
H            4.20337098255795        0.19550430402453       -0.04217873769474
20
 energy: -27.122708153300 gnorm: 0.000220672372 xtb: 6.7.1 (edcfbbe)
C           -3.55747811090324       -0.60565404094868        0.44736799468420
C           -2.20792637797334        0.09867675895973        0.50019365822962
C           -1.20370882465242       -0.55506376840944       -0.46105010082749
C            0.09881387425275        0.19570462879162       -0.39894039691873
O            0.35745802289426        1.18788933533210       -1.04864239807840
O            0.92138992675622       -0.33193069515192        0.49836903227198
C            2.20011047254251        0.29057266092708        0.70884789536816
C            3.23750605827697       -0.24827733648311       -0.26419096784681
H           -3.45261928711821       -1.65033640657580        0.72811613121970
H           -4.25363259136315       -0.13107240047592        1.13336207643214
H           -3.97377185288879       -0.55699534937926       -0.55549094473011
H           -1.80825696717805        0.05599798735703        1.51526894666162
H           -2.32601287674174        1.14944466489359        0.22709876200431
H           -1.58806554492374       -0.50548812664171       -1.47957216717614
H           -1.03370113220424       -1.59069748648924       -0.17044157933673
H            2.08534044685832        1.37225663628647        0.58974597064944
H            2.45854824459264        0.04699123419988        1.73981718264888
H            3.30811612300501       -1.32897296121883       -0.17533610894031
H            2.95778582178396        0.00614953046459       -1.28416637837446
H            4.20315882323032        0.19445435946445       -0.04288324672867
20
 energy: -27.122708459427 gnorm: 0.000143891688 xtb: 6.7.1 (edcfbbe)
C           -3.55764307439515       -0.60529621897572        0.44757643534130
C           -2.20782520340493        0.09854425032882        0.50000368387786
C           -1.20363629212349       -0.55545122489860       -0.46104919704727
C            0.09897179635753        0.19517123343641       -0.39913682530991
O            0.35764935667443        1.18728739587965       -1.04891293915534
O            0.92157753453719       -0.33241126380501        0.49818400179380
C            2.20005182927194        0.29039535022011        0.70903185610545
C            3.23747497165208       -0.24776950274227       -0.26434585880605
H           -3.45292177902201       -1.64998300152737        0.72832546684179
H           -4.25368318100695       -0.13054337374403        1.13358923225682
H           -3.97390009977713       -0.55660468440503       -0.55527341247313
H           -1.80808902875102        0.05589303712239        1.51502644566578
H           -2.32563032454539        1.14929642111238        0.22679495652128
H           -1.58816593126201       -0.50603091463554       -1.47949599682077
H           -1.03382476597730       -1.59103014009827       -0.17021987772776
H            2.08486012700812        1.37205860115392        0.59038975523439
H            2.45850947464159        0.04641282358944        1.73989263501410
H            3.30744168237367       -1.32856646012214       -0.17701872141990
H            2.95861376747368        0.00829123546103       -1.28409834368760
H            4.20322338852118        0.19398566155245       -0.04178993499268
20
 energy: -27.122708889660 gnorm: 0.000155845091 xtb: 6.7.1 (edcfbbe)
C           -3.55756695447892       -0.60496868625636        0.44800314347915
C           -2.20742197634711        0.09830004409230        0.50003625602340
C           -1.20374654348122       -0.55583474317356       -0.46143117327435
C            0.09904632069211        0.19448400458042       -0.39984531192265
O            0.35796430543929        1.18622851466316       -1.05008845119447
O            0.92149666844094       -0.33275789150489        0.49779097416134
C            2.19965645824924        0.29042149987825        0.70908694600757
C            3.23744562077301       -0.24724571043811       -0.26420224083525
H           -3.45307879080878       -1.64978271358263        0.72833565816283
H           -4.25312854681390       -0.13020484611336        1.13448563651255
H           -3.97420537063724       -0.55576199835677       -0.55465063220477
H           -1.80732193597534        0.05527419376434        1.51488325472776
H           -2.32491418905865        1.14914558711508        0.22708616409308
H           -1.58869379536560       -0.50620531286050       -1.47969656620011
H           -1.03415481548541       -1.59148375080459       -0.17075706207810
H            2.08408456380408        1.37204900722434        0.59057674531788
H            2.45791359163601        0.04633028194659        1.73996531705989
H            3.30574681955480       -1.32830347799989       -0.17903285782662
H            2.96044852707299        0.01137503435006       -1.28380083122022
H            4.20348429103573        0.19259018837876       -0.03927160757674
20
 energy: -27.122709361691 gnorm: 0.000126261387 xtb: 6.7.1 (edcfbbe)
C           -3.55724280149367       -0.60472821525917        0.44880251167213
C           -2.20673562630390        0.09790663570251        0.50019919672226
C           -1.20400192151865       -0.55598504076313       -0.46243001697872
C            0.09912428464318        0.19377191696406       -0.40114555066016
O            0.35877373439389        1.18466193070340       -1.05245605963051
O            0.92092356080639       -0.33273828464261        0.49750008996065
C            2.19892163551424        0.29063735216009        0.70913843732315
C            3.23732373452904       -0.24679495828849       -0.26363566490421
H           -3.45290907689384       -1.64980889225341        0.72821983620550
H           -4.25211065946183       -0.13023239305687        1.13619715281737
H           -3.97460332872260       -0.55459553093436       -0.55350140228545
H           -1.80591195428080        0.05405821844305        1.51471985619801
H           -2.32403275492580        1.14898462568229        0.22805200107612
H           -1.58958711497142       -0.50551333569346       -1.48040905119474
H           -1.03473136678246       -1.59191250213107       -0.17253036735643
H            2.08324245883538        1.37223245271312        0.59054936287698
H            2.45684006815719        0.04666536335004        1.74010830514782
H            3.30363128729134       -1.32814150100489       -0.18048291645053
H            2.96237891663107        0.01425880350374       -1.28316701326389
H            4.20376117279927        0.19092257970780       -0.03625534606318
20
 energy: -27.122709955169 gnorm: 0.000100468009 xtb: 6.7.1 (edcfbbe)
C           -3.55634806171226       -0.60460347995189        0.45006759203025
C           -2.20539348608630        0.09731042256096        0.50065321795239
C           -1.20445703108470       -0.55583719282008       -0.46437678679724
C            0.09932639495859        0.19284757233543       -0.40359085444929
O            0.36045329986672        1.18203527202153       -1.05695065419494
O            0.91967596044859       -0.33213303705581        0.49722266900639
C            2.19756258461339        0.29118751664596        0.70943165307893
C            3.23669788217126       -0.24641260345438       -0.26251698541394
H           -3.45221314816201       -1.65014506832595        0.72784337343505
H           -4.24993446752503       -0.13071764433591        1.13916496245528
H           -3.97518705348800       -0.55277235643767       -0.55155089271865
H           -1.80309799340423        0.05182281546934        1.51452952581223
H           -2.32257468995902        1.14882555225061        0.23012408209265
H           -1.59122606567411       -0.50359911780251       -1.48181483581154
H           -1.03560884638097       -1.59231396645562       -0.17616428051582
H            2.08212153975633        1.37277260934841        0.59053501732035
H            2.45478791701428        0.04741147128809        1.74060717428915
H            3.30056138365436       -1.32807560961801       -0.18139724490175
H            2.96431607089744        0.01726062090779       -1.28206564041275
H            4.20359205834171        0.18878544833237       -0.03227773104458
20
 energy: -27.122710124377 gnorm: 0.000063397745 xtb: 6.7.1 (edcfbbe)
C           -3.55609238165241       -0.60468040963470        0.45034857119558
C           -2.20519701259618        0.09731533241392        0.50062739082029
C           -1.20461318806812       -0.55567719292925       -0.46490070732397
C            0.09919628057275        0.19297744251469       -0.40400075737164
O            0.36056270569513        1.18204276283455       -1.05742993096140
O            0.91929002356033       -0.33203648711234        0.49704008782628
C            2.19727624086186        0.29111747723349        0.70939699591756
C            3.23673766697110       -0.24645172045752       -0.26221580982922
H           -3.45187237419349       -1.65026228550877        0.72795436547026
H           -4.24941510711483       -0.13088855291937        1.13977305390913
H           -3.97532763782199       -0.55270715375572       -0.55109725735566
H           -1.80260578626937        0.05165220111403        1.51437772219359
H           -2.32252069866270        1.14888282049934        0.23033759719781
H           -1.59148578986062       -0.50313478256804       -1.48228129348633
H           -1.03572151472213       -1.59224411882321       -0.17699681758725
H            2.08200146294516        1.37276852083662        0.59061460825577
H            2.45425614169893        0.04722118770951        1.74064048492766
H            3.30081450025186       -1.32811220717875       -0.18067444640857
H            2.96419947894866        0.01679040625873       -1.28185204335068
H            4.20357123770210        0.18907598437544       -0.03218845282708
20
 energy: -27.122710462053 gnorm: 0.000132620022 xtb: 6.7.1 (edcfbbe)
C           -3.55560411289242       -0.60475542807936        0.45105661059856
C           -2.20468551369693        0.09719934121047        0.50054141306651
C           -1.20483571916330       -0.55526732214565       -0.46612084772016
C            0.09919774409007        0.19304144204082       -0.40513153183472
O            0.36117637064757        1.18177904385821       -1.05877534234166
O            0.91860561719566       -0.33188294314796        0.49662283856817
C            2.19666360282304        0.29100840192313        0.70960189996588
C            3.23654049629910       -0.24651601446754       -0.26159282457777
H           -3.45119772078631       -1.65045339732535        0.72815743673791
H           -4.24834351979343       -0.13122508156929        1.14125557566730
H           -3.97569624590135       -0.55237570298255       -0.55000828376975
H           -1.80127172040512        0.05103243951606        1.51393909478326
H           -2.32225778883242        1.14890768233557        0.23088786619346
H           -1.59216276153159       -0.50185343523017       -1.48326942150566
H           -1.03601946039154       -1.59209747283933       -0.17908400125066
H            2.08162899057155        1.37275028855890        0.59107445854858
H            2.45306642612953        0.04679206687456        1.74096028136054
H            3.30157453025375       -1.32808771823050       -0.17906706342386
H            2.96362990480110        0.01556954174658       -1.28145202877416
H            4.20304512882907        0.19008349285602       -0.03212276907963
20
 energy: -27.122710970537 gnorm: 0.000141404308 xtb: 6.7.1 (edcfbbe)
C           -3.55467630172489       -0.60487288061606        0.45233852068765
C           -2.20365421567559        0.09697434988281        0.50043627084486
C           -1.20523432483447       -0.55448525607266       -0.46838547153222
C            0.09923989469225        0.19304709650826       -0.40702352788709
O            0.36265091941132        1.18081226769452       -1.06153283549874
O            0.91738588682971       -0.33162729878725        0.49605667419447
C            2.19549484015156        0.29081680414742        0.71009852059505
C            3.23597193813475       -0.24663833748645       -0.26043936841411
H           -3.44992837209091       -1.65082135803828        0.72837729444003
H           -4.24631788698346       -0.13188739581957        1.14401846133426
H           -3.97630294773405       -0.55158298273125       -0.54803701012415
H           -1.79863980813143        0.04970546366359        1.51315137689299
H           -2.32161193460745        1.14897837952725        0.23208761596496
H           -1.59346424780265       -0.49922303663191       -1.48508729260576
H           -1.03673640155246       -1.59186567974332       -0.18313961499883
H            2.08081914238982        1.37260464050517        0.59178425278442
H            2.45099653501006        0.04624252478388        1.74158279006537
H            3.30296565676312       -1.32793817141498       -0.17619181951813
H            2.96234335038508        0.01333361526532       -1.28064301621177
H            4.20175252561571        0.19207648026616       -0.03197845980109
20
 energy: -27.122711393140 gnorm: 0.000123929031 xtb: 6.7.1 (edcfbbe)
C           -3.55360415723966       -0.60496239529344        0.45383440399738
C           -2.20239285280655        0.09663736930548        0.50051155634007
C           -1.20570685321423       -0.55354510025616       -0.47097637595150
C            0.09953905684320        0.19257236586385       -0.40951377235666
O            0.36455485609192        1.17935829094925       -1.06486410933446
O            0.91601391470306       -0.33141866797185        0.49547522355997
C            2.19404859763792        0.29074115504970        0.71064493622427
C            3.23529968720655       -0.24676792225473       -0.25903063588357
H           -3.44847694510345       -1.65125054918790        0.72842227348029
H           -4.24403381475644       -0.13274799879073        1.14725029059949
H           -3.97688174239399       -0.55041864405793       -0.54577402619434
H           -1.79559133255945        0.04787903895064        1.51244268196641
H           -2.32074140126370        1.14902773044973        0.23386399495110
H           -1.59503804215372       -0.49579902705960       -1.48710973170715
H           -1.03783623878953       -1.59167104473184       -0.18808376467637
H            2.07970447217521        1.37253168606233        0.59216349858879
H            2.44859075804840        0.04612744633695        1.74233018806611
H            3.30422758335960       -1.32777706361634       -0.17299693581835
H            2.96105382815630        0.01103925148530       -1.27961706398372
H            4.20032487430461        0.19409330366995       -0.03149927065557
20
 energy: -27.122711721766 gnorm: 0.000064043890 xtb: 6.7.1 (edcfbbe)
C           -3.55271245233647       -0.60507293302055        0.45501926008198
C           -2.20131676420682        0.09625837034741        0.50065526399775
C           -1.20609756994321       -0.55279147382730       -0.47308389873242
C            0.09963289828911        0.19239069100977       -0.41120729233032
O            0.36627504002496        1.17782172417146       -1.06797344559434
O            0.91486182851071       -0.33099701731422        0.49524998435289
C            2.19286788388822        0.29090375661722        0.71101650088974
C            3.23468032688870       -0.24695891419464       -0.25789132731037
H           -3.44733653918878       -1.65169288472518        0.72823160240278
H           -4.24212125483691       -0.13357866158309        1.14993702457832
H           -3.97732868237209       -0.54929321470492       -0.54394855664237
H           -1.79302206854779        0.04606589166842        1.51190939027143
H           -2.31989745668841        1.14902203299786        0.23560633079846
H           -1.59631868842713       -0.49288230523453       -1.48874831420257
H           -1.03882643929666       -1.59156503718182       -0.19220538180033
H            2.07875642173524        1.37266719088192        0.59210912314107
H            2.44667659049297        0.04657338547488        1.74293247207485
H            3.30467608913856       -1.32777324144122       -0.17059246943730
H            2.96039749634809        0.00942231670916       -1.27882535351618
H            4.19920758877377        0.19512954825204       -0.03071755181092
20
 energy: -27.122712166156 gnorm: 0.000083060567 xtb: 6.7.1 (edcfbbe)
C           -3.55170775604960       -0.60521396246400        0.45631826554719
C           -2.20004184027937        0.09567755996964        0.50108411404082
C           -1.20657161466346       -0.55194483402241       -0.47539875150380
C            0.09983530053234        0.19196119754225       -0.41341563695360
O            0.36819902143454        1.17583951459283       -1.07183279107301
O            0.91355389612985       -0.33030485374415        0.49503918160798
C            2.19151129436880        0.29142216107054        0.71128516590103
C            3.23399036319146       -0.24722328417470       -0.25648339875047
H           -3.44620460363995       -1.65229833200383        0.72769753282072
H           -4.23996064597626       -0.13464713490672        1.15299914298898
H           -3.97777151030313       -0.54771982041824       -0.54193579930467
H           -1.79009661550580        0.04354293444601        1.51156912547626
H           -2.31878769296303        1.14894363651550        0.23810691622952
H           -1.59791128136934       -0.48941438096808       -1.49046879862379
H           -1.03996705534075       -1.59149823157378       -0.19701353903757
H            2.07772200154005        1.37310920963484        0.59144609750419
H            2.44453846412619        0.04783530782669        1.74354920830575
H            3.30424922501246       -1.32789906915257       -0.16808871369212
H            2.96024872636456        0.00810146883954       -1.27781136393729
H            4.19822657163648        0.19538013789330       -0.02917259633394
20
 energy: -27.122712902939 gnorm: 0.000132026316 xtb: 6.7.1 (edcfbbe)
C           -3.55048325828933       -0.60542158488005        0.45790294662008
C           -2.19835576341086        0.09463713374489        0.50191041176527
C           -1.20713247638580       -0.55092413855287       -0.47823576320849
C            0.10005622582438        0.19154486737224       -0.41633701493982
O            0.37058725212913        1.17315339324762       -1.07728915679194
O            0.91184453622004       -0.32886471588164        0.49491017586794
C            2.18982419482710        0.29263433588986        0.71139046750435
C            3.23309099078125       -0.24772828242122       -0.25459656762053
H           -3.44502307147713       -1.65321406447984        0.72655032851488
H           -4.23727057045584       -0.13619145316008        1.15693065650177
H           -3.97826252975318       -0.54529695532070       -0.53946457993437
H           -1.78643506690104        0.03960515894076        1.51142964523584
H           -2.31715068085647        1.14865198354336        0.24196448751429
H           -1.60002703059726       -0.48505957118385       -1.49248758382228
H           -1.04120475528695       -1.59145591290925       -0.20310372328322
H            2.07656112591041        1.37417906803600        0.58980952702003
H            2.44180238892874        0.05051933755654        1.74424281184967
H            3.30227087780614       -1.32838228180971       -0.16528248634419
H            2.96096577877984        0.00707386169977       -1.27647698198728
H            4.19739608045285        0.19418904547084       -0.02629423924983
20
 energy: -27.122714066188 gnorm: 0.000167413320 xtb: 6.7.1 (edcfbbe)
C           -3.54848098366246       -0.60585121420122        0.46033871255551
C           -2.19552773992690        0.09269216306671        0.50354380774616
C           -1.20801843408493       -0.54929504072386       -0.48272842566002
C            0.10030463315453        0.19116593782946       -0.42131863263394
O            0.37418345642039        1.16891564629508       -1.08663382465518
O            0.90895969419133       -0.32582849635296        0.49467782874400
C            2.18712014114691        0.29518693978395        0.71131436963868
C            3.23156784968674       -0.24877994806415       -0.25139495262387
H           -3.44335909408581       -1.65491783295975        0.72414740894061
H           -4.23280268877558       -0.13894008461338        1.16333605518479
H           -3.97905834290065       -0.54096985740052       -0.53554802199396
H           -1.78043653175405        0.03247024683283        1.51147256634732
H           -2.31421485668494        1.14804379534957        0.24892998355635
H           -1.60367140375041       -0.47824913665258       -1.49555975420104
H           -1.04272889878476       -1.59132511854716       -0.21285057688524
H            2.07500002789805        1.37647508550618        0.58638369654352
H            2.43723666796151        0.05587841360085        1.74527379688460
H            3.29759016855398       -1.32953922289118       -0.16086267921132
H            2.96295917774856        0.00579686712925       -1.27426176043960
H            4.19643140589453        0.19072008191559       -0.02078623662518
20
 energy: -27.122714914504 gnorm: 0.000145078679 xtb: 6.7.1 (edcfbbe)
C           -3.54666723916734       -0.60627910696271        0.46258473360608
C           -2.19288038209301        0.09064973765755        0.50510111550096
C           -1.20875372993149       -0.54775962226027       -0.48688182695727
C            0.10039755011518        0.19129512622292       -0.42605950982636
O            0.37723304160230        1.16543398492439       -1.09541686715461
O            0.90617104846081       -0.32246352069031        0.49430782251291
C            2.18465810884531        0.29786461262730        0.71104591697884
C            3.23016056470879       -0.24998284468262       -0.24831020813812
H           -3.44191305570633       -1.65657775934330        0.72158911519108
H           -4.22866717870558       -0.14168488743768        1.16938714659290
H           -3.97979533247203       -0.53668496319992       -0.53188165708873
H           -1.77496642560425        0.02542142523785        1.51153488953564
H           -2.31139078763480        1.14726120733087        0.25566246167769
H           -1.60708836533896       -0.47229460065904       -1.49832423719324
H           -1.04363003841758       -1.59103037358568       -0.22168803175117
H            2.07388625351480        1.37891662121833        0.58287138844667
H            2.43281591551511        0.06124539454403        1.74609898360798
H            3.29271114314541       -1.33087150521686       -0.15650407441234
H            2.96504835132353        0.00434321320077       -1.27215261742282
H            4.19572480608615        0.18684708597708       -0.01549118249391
20
 energy: -27.122715330302 gnorm: 0.000066736900 xtb: 6.7.1 (edcfbbe)
C           -3.54557675528799       -0.60663664403897        0.46373530524980
C           -2.19137094062424        0.08949905645844        0.50603482665122
C           -1.20917444893869       -0.54681587919137       -0.48917030314903
C            0.10033716768207        0.19170094709747       -0.42881056955339
O            0.37864440801591        1.16392997232998       -1.10025639583022
O            0.90454341771861       -0.32025186990755        0.49392208932675
C            2.18329624604916        0.29954036301010        0.71078800296089
C            3.22932666117066       -0.25087871394915       -0.24649904711822
H           -3.44108692374198       -1.65767049077630        0.71982268235377
H           -4.22615478892954       -0.14350063433984        1.17284058091617
H           -3.98030340994019       -0.53416854240511       -0.52982459052600
H           -1.77182872686672        0.02130527211642        1.51157581152452
H           -2.30974827842933        1.14684031378963        0.25963630944788
H           -1.60910781107127       -0.46909412701362       -1.49978760247746
H           -1.04380258394849       -1.59069981461909       -0.22653497552093
H            2.07349738715648        1.38045401932894        0.58061256828854
H            2.43015407166603        0.06453389652400        1.74653289208414
H            3.28988642603191       -1.33180317383626       -0.15353402319743
H            2.96623335817090        0.00287660242278       -1.27101015345283
H            4.19528977236274        0.18448867190218       -0.01260004676600
20
 energy: -27.122715560679 gnorm: 0.000043699015 xtb: 6.7.1 (edcfbbe)
C           -3.54516007713333       -0.60684990786896        0.46423984152167
C           -2.19076276362438        0.08888623170400        0.50645720032194
C           -1.20931853394572       -0.54628500863634       -0.49018837631225
C            0.10023433296734        0.19222823989070       -0.43002875506436
O            0.37906120741505        1.16373300257225       -1.10227174254282
O            0.90381640344555       -0.31901511965264        0.49362087841478
C            2.18275391384818        0.30042795533640        0.71051851267628
C            3.22902915134679       -0.25152013729804       -0.24558774935502
H           -3.44066002961895       -1.65826126491286        0.71872724090695
H           -4.22511664445208       -0.14459986133865        1.17452000756563
H           -3.98058799094153       -0.53287656297790       -0.52888486018423
H           -1.77058467976503        0.01931225086198        1.51161475373557
H           -2.30913844237149        1.14655490106808        0.26152313103529
H           -1.60999007616038       -0.46772123554814       -1.50043100876140
H           -1.04361696519795       -1.59038309102249       -0.22862785403555
H            2.07355397385047        1.38126768280719        0.57923662970642
H            2.42891428775007        0.06631207530993        1.74663150200844
H            3.28877351289014       -1.33241013167253       -0.15159346829773
H            2.96669397570260        0.00145547095154       -1.27048106367341
H            4.19515969224068        0.18339373532919       -0.01152145845404
20
 energy: -27.122715783217 gnorm: 0.000057212000 xtb: 6.7.1 (edcfbbe)
C           -3.54486374031110       -0.60713754544633        0.46446349468239
C           -2.19042134065337        0.08851624622426        0.50681414433173
C           -1.20943431393969       -0.54579466991801       -0.49080621557885
C            0.10006750643832        0.19287897610257       -0.43078551903683
O            0.37905229303765        1.16407972083107       -1.10337810001469
O            0.90336976180728       -0.31801030843338        0.49328770046575
C            2.18245396866379        0.30116004226601        0.71019298833838
C            3.22888843493042       -0.25222861090863       -0.24489609808336
H           -3.44030612693732       -1.65886760017981        0.71760048469751
H           -4.22435889284457       -0.14572032127043        1.17571358597323
H           -3.98089300235216       -0.53190726550289       -0.52830025267597
H           -1.76981984024838        0.01793245356388        1.51171804084032
H           -2.30884092911051        1.14643014056055        0.26295421526475
H           -1.61062455047482       -0.46672022528217       -1.50079923399687
H           -1.04332043979508       -1.59002067515437       -0.22998383379826
H            2.07376660099273        1.38192020082108        0.57783022642727
H            2.42801257256332        0.06793503304765        1.74665895843549
H            3.28828360317671       -1.33302744242832       -0.14955393189320
H            2.96696405514870       -0.00044940769694       -1.27019644834577
H            4.19507862815411        0.18268048370691       -0.01106084482086
20
 energy: -27.122716081078 gnorm: 0.000084099876 xtb: 6.7.1 (edcfbbe)
C           -3.54460749896267       -0.60755241373349        0.46468868684791
C           -2.19015184104323        0.08805456807576        0.50726247721620
C           -1.20956948271854       -0.54508985608531       -0.49148008768923
C            0.09981354460978        0.19384191338505       -0.43152794227757
O            0.37880723324838        1.16489455676907       -1.10431296215035
O            0.90296930094177       -0.31681323149717        0.49279026073926
C            2.18219998668608        0.30210065454636        0.70962830174639
C            3.22889001508785       -0.25328977721991       -0.24400473795396
H           -3.43982762674393       -1.65969754508993        0.71599767218303
H           -4.22362493306736       -0.14734868342706        1.17718238965729
H           -3.98132604494184       -0.53068731012163       -0.52764405083914
H           -1.76911654347094        0.01630202390642        1.51189834604824
H           -2.30870782292333        1.14624864142302        0.26469001956765
H           -1.61133556695908       -0.46535578482067       -1.50119135861920
H           -1.04296929407003       -1.58947474961172       -0.23157684841762
H            2.07412968199616        1.38272468135788        0.57562598544027
H            2.42701546745243        0.07026710935997        1.74659191449655
H            3.28808193672841       -1.33391528321356       -0.14651015960969
H            2.96730116248149       -0.00349906679588       -1.26988316220447
H            4.19508257391462        0.18193877769552       -0.01075138296940
20
 energy: -27.122716469433 gnorm: 0.000097522493 xtb: 6.7.1 (edcfbbe)
C           -3.54430611334010       -0.60821693613891        0.46494318175327
C           -2.18990495675177        0.08746477359343        0.50793969540925
C           -1.20979623883716       -0.54402642827816       -0.49231121157926
C            0.09942576168694        0.19521528495978       -0.43237217507466
O            0.37830548891787        1.16623212948171       -1.10525597001264
O            0.90256671091746       -0.31526201939789        0.49204934095754
C            2.18193404609020        0.30343951256026        0.70869703343770
C            3.22904551734201       -0.25489826523468       -0.24275578435121
H           -3.43918628664836       -1.66093668172742        0.71369556410786
H           -4.22274684587059       -0.14976414714851        1.17910786557584
H           -3.98191633556492       -0.52908742216482       -0.52681598577891
H           -1.76833894873791        0.01413110387797        1.51223358960896
H           -2.30870614680380        1.14603914011884        0.26714088960028
H           -1.61225852170343       -0.46322939247303       -1.50165787524303
H           -1.04263316318864       -1.58867272314327       -0.23379746197846
H            2.07462569698926        1.38382150779180        0.57211913043634
H            2.42573387583694        0.07386451647021        1.74641258723279
H            3.28809049736119       -1.33523743318424       -0.14200153282050
H            2.96794202165746       -0.00817029224886       -1.26950707169849
H            4.19517818889338        0.18094299718850       -0.01039044837050
20
 energy: -27.122716895607 gnorm: 0.000095598023 xtb: 6.7.1 (edcfbbe)
C           -3.54398122736497       -0.60914978958733        0.46525452111022
C           -2.18966065428068        0.08665809141933        0.50891610282913
C           -1.21014771288768       -0.54253266316403       -0.49336141089082
C            0.09889385066821        0.19702327584562       -0.43336903428786
O            0.37757242532972        1.16804829374619       -1.10633697339843
O            0.90215072031603       -0.31328655549125        0.49103777843432
C            2.18164930117636        0.30525292923961        0.70733121419860
C            3.22938794691082       -0.25710224945164       -0.24106665652739
H           -3.43836563890509       -1.66259443641079        0.71071069458958
H           -4.22175710738141       -0.15301020723617        1.18153208068643
H           -3.98267685756558       -0.52712779507921       -0.52579619649873
H           -1.76736432372102        0.01120111572595        1.51274958024871
H           -2.30883444495636        1.14573281220657        0.27050075112068
H           -1.61351889323314       -0.46009898222022       -1.50222036315177
H           -1.04237325131812       -1.58758286445892       -0.23685381550024
H            2.07528676571370        1.38525635622373        0.56701634361871
H            2.42413724275593        0.07898487405307        1.74609488343002
H            3.28813763262550       -1.33703910383506       -0.13589460662053
H            2.96908438567549       -0.01448414408138       -1.26900962155696
H            4.19543408868830        0.17950026745865       -0.00976191062150
20
 energy: -27.122717206666 gnorm: 0.000066144100 xtb: 6.7.1 (edcfbbe)
C           -3.54364068971399       -0.61012064129031        0.46564317263449
C           -2.18944926434393        0.08590763553283        0.50988898353790
C           -1.21054528599557       -0.54101144782952       -0.49442490585915
C            0.09837990024860        0.19871901251327       -0.43434120693115
O            0.37690798455445        1.16973417700641       -1.10742246276623
O            0.90178035180988       -0.31145568007072        0.49001434979424
C            2.18135789146625        0.30701131398169        0.70594485157427
C            3.22978029222569       -0.25925767501054       -0.23938945847937
H           -3.43757944054323       -1.66420772938313        0.70814302753595
H           -4.22088210138236       -0.15607128325961        1.18374438166534
H           -3.98324136823931       -0.52551412075695       -0.52478574746130
H           -1.76646508266862        0.00837024170181        1.51326901208309
H           -2.30903050450196        1.14547349600166        0.27384363487393
H           -1.61476300094115       -0.45678555714516       -1.50280051521222
H           -1.04231109089055       -1.58651243452500       -0.24004187046519
H            2.07583119585824        1.38660951167646        0.56193439166416
H            2.42257379729227        0.08406015641508        1.74572277932293
H            3.28815289324632       -1.33879535651905       -0.13010262512186
H            2.97045870726318       -0.02046057601084       -1.26847074916594
H            4.19573906350184        0.17795618187433       -0.00889568201173
20
 energy: -27.122717368857 gnorm: 0.000043176619 xtb: 6.7.1 (edcfbbe)
C           -3.54342935574100       -0.61071960115392        0.46593555247804
C           -2.18929866552786        0.08542831625862        0.51049564461481
C           -1.21083101321918       -0.54003724762612       -0.49513881846885
C            0.09808248079336        0.19968445211281       -0.43497137352858
O            0.37658589888407        1.17065747737754       -1.10814343439420
O            0.90155036597459       -0.31042607189075        0.48935687153143
C            2.18115684825513        0.30802192742514        0.70510317833193
C            3.23003606328486       -0.26050235573833       -0.23835376195272
H           -3.43705974925476       -1.66509453825423        0.70698978464960
H           -4.22041215343728       -0.15775657364808        1.18496270283789
H           -3.98352333534582       -0.52489455599983       -0.52417200121747
H           -1.76576184606988        0.00665762366333        1.51354841068108
H           -2.30917923587149        1.14526901545937        0.27587733108607
H           -1.61560096148349       -0.45454992247399       -1.50319148384886
H           -1.04243581726881       -1.58585449651830       -0.24217747465517
H            2.07611583781865        1.38734969017610        0.55882085754076
H            2.42159781740727        0.08711367983415        1.74549155166259
H            3.28798183349760       -1.33980938746496       -0.12677353858998
H            2.97150965759870       -0.02377260868580       -1.26810115119479
H            4.19596957795138        0.17688440204996       -0.00808548635142
20
 energy: -27.122717473729 gnorm: 0.000027664651 xtb: 6.7.1 (edcfbbe)
C           -3.54323493116857       -0.61111589718440        0.46624701519101
C           -2.18918386565067        0.08519325877217        0.51080554429837
C           -1.21102987301589       -0.53942805845238       -0.49566384918542
C            0.09793637706278        0.20017449971675       -0.43543094384798
O            0.37650699998656        1.17107999367541       -1.10869155383818
O            0.90139016857686       -0.30989269242653        0.48893145240769
C            2.18097687064224        0.30858503837725        0.70464156977654
C            3.23015724142548       -0.26120173608618       -0.23772229294665
H           -3.43671822542116       -1.66560394308833        0.70676585368037
H           -4.22014700690678       -0.15855522641766        1.18559064994038
H           -3.98349265401023       -0.52484932764974       -0.52374542971652
H           -1.76529145831920        0.00568459496103        1.51364311286204
H           -2.30928347049669        1.14520649563607        0.27706020154235
H           -1.61612833011154       -0.45305906988713       -1.50350782451313
H           -1.04262009321971       -1.58547407947201       -0.24366239348499
H            2.07615829130422        1.38775412654262        0.55711163516751
H            2.42094405754220        0.08880293977036        1.74536505740247
H            3.28775458119865       -1.34040370919248       -0.12509532469790
H            2.97227696569674       -0.02537697772084       -1.26782522676727
H            4.19608260313074        0.17612899502874       -0.00734389205852
20
 energy: -27.122717557798 gnorm: 0.000038856216 xtb: 6.7.1 (edcfbbe)
C           -3.54305813161114       -0.61137493979591        0.46654585483413
C           -2.18904923737445        0.08504430880041        0.51097819571040
C           -1.21119091740883       -0.53898944509273       -0.49613816657074
C            0.09786718144008        0.20042832783352       -0.43583095584004
O            0.37659493315571        1.17124165462701       -1.10917533633175
O            0.90121913690716       -0.30962708283915        0.48862287003977
C            2.18078781756657        0.30884064954424        0.70442315180986
C            3.23019943021456       -0.26155449851486       -0.23730926134315
H           -3.43638492058250       -1.66582518139284        0.70713265209170
H           -4.21996417556225       -0.15885501565075        1.18592519329065
H           -3.98342213036702       -0.52524296800580       -0.52341846655078
H           -1.76476579464681        0.00517073368774        1.51362512277725
H           -2.30936743135562        1.14512986411046        0.27771499000294
H           -1.61653541354974       -0.45194016099371       -1.50382666369876
H           -1.04286158443978       -1.58521152833880       -0.24483473359347
H            2.07611336032424        1.38791939552818        0.55621016509379
H            2.42042524088159        0.08965861726969        1.74534218956880
H            3.28743263743792       -1.34072276016981       -0.12428184505710
H            2.97287402459421       -0.02601265383678       -1.26761326888241
H            4.19614022262212        0.17557190813260       -0.00661832613892
