----------------------------------------------- 
  Element       SASA      Sigma Z        Total  
     Z         Ang**2 cal/Ang**2/mol   kcal/mol 
----------------------------------------------- 
      H        142.654      48.690       6.946
      C         36.374     129.740       4.719
      O         30.009       0.000       0.000

 Subtotal:     209.038                  11.665
 -----------------------------------------------

  Elements    COT*SASA   Sigma Z,Z'     Total   
    Z,Z'       Ang**2  cal/Ang**2/mol kcal/mol  
 ---------------------------------------------- 
  H   C         95.886     -60.770      -5.827
  H   O          0.000       0.000       0.000
  C   C         26.375     -72.950      -1.924
  O   C         15.943      68.690       1.095
  O   O          0.000       0.000       0.000

 Subtotal:                              -6.656
 ---------------------------------------------- 

 NONAQUEOUS SOLVENT CONTRIBUTION (kcal/mol):
 (proportional to SASA, atomic number independent)
 ---------------------------------------------- 
 Subtotal:                               0.000
 ---------------------------------------------- 

 CDS TOTAL (kcal/mol):                   5.009
...............................................................................
