
         ______________________________________________________________
        |                                                              |
        |                                                              |
        |                   CENSO - Commandline ENSO                   |
        |                           v 2.1.2                            |
        |    energetic sorting of CREST Conformer Rotamer Ensembles    |
        |                    University of Bonn, MCTC                  |
        |                           Oct 2024                           |
        |                 based on ENSO version 2.0.1                  |
        |             L. M. Seidler, F. Bohle and S. Grimme            |
        |                                                              |
        |______________________________________________________________|

        Please cite:
        (TBA)
        S. Grimme, F. Bohle, A. Hansen, P. Pracht, S. Spicher, and M. Stahn
        J. Phys. Chem. A 2021, 125, 19, 4039-4054.
        DOI: https://doi.org/10.1021/acs.jpca.1c00971

        This program is distributed in the hope that it will be useful,
        but WITHOUT ANY WARRANTY; without even the implied warranty of
        MERCHANTABILITY or FITNESS FOR A PARTICULAR PURPOSE.

Reading configuration file from /home/z5358697/.censo2rc.
CALL: /srv/scratch/z5358697/.censo/bin/censo -i crest_conformers.xyz --maxcores 8 -O 1
Read 8 conformers.
Number of atoms:              17
Charge:                       0
Unpaired electrons:           0


----------------------------------------------------------------------------------------------------
                                          GENERAL SETTINGS                                          
----------------------------------------------------------------------------------------------------
    
imagthr:                      -100.0
sthr:                         0.0
scale:                        1.0
temperature:                  298.15
solvent:                      h2o
sm_rrho:                      alpb
multitemp:                    False
evaluate_rrho:                False
consider_sym:                 False
bhess:                        False
rmsdbias:                     False
balance:                      False
gas-phase:                    False
copy_mo:                      True
retry_failed:                 True
trange:                       [273.15, 373.15, 5]



----------------------------------------------------------------------------------------------------
                                            PRESCREENING                                            
----------------------------------------------------------------------------------------------------
    
threshold:                    4.0
func:                         pbe-d4
basis:                        def2-sv(p)
prog:                         orca
gfnv:                         gfn2
run:                          True
template:                     False


Running xtb_gsolv calculation for CONF2.
Running xtb_gsolv calculation for CONF3.
Running xtb_gsolv calculation for CONF1.
Running xtb_gsolv calculation for CONF5.
Running xtb_gsolv calculation for CONF7.
Running xtb_gsolv calculation for CONF8.
Running xtb_gsolv calculation for CONF6.
Running xtb_gsolv calculation for CONF4.
Running sp calculation for CONF1.
Running sp calculation for CONF2.
Running sp calculation for CONF3.
Running sp calculation for CONF4.
Running sp calculation for CONF5.
Running sp calculation for CONF6.
Running sp calculation for CONF7.
Running sp calculation for CONF8.


No longer considering CONF5.
No longer considering CONF6.

-------------------------------- PRESCREENING SINGLE-POINT RESULTS ---------------------------------

CONF#        E (xTB)          ΔE (xTB)          E (DFT)          ΔE (DFT)        ΔGsolv (xTB)          Gtot             ΔGtot          Boltzmann weight   
               [Eh]          [kcal/mol]          [Eh]           [kcal/mol]        [kcal/mol]           [Eh]           [kcal/mol]        % at 298.15 K     
CONF1       -25.853317          0.00          -383.234575          0.00           -3.814213         -383.240653          0.22               34.57         
CONF2       -25.851780          0.96          -383.233427          0.72           -3.917599         -383.239670          0.84               12.20         
CONF3       -25.850886          1.53          -383.232048          1.59           -3.854503         -383.238191          1.77                2.55         
CONF4       -25.850610          1.70          -383.229230          3.35           -3.654800         -383.235054          3.73                0.09         
CONF7       -25.848690          2.90          -383.233895          0.43           -4.461078         -383.241004          0.00               50.13         
CONF8       -25.842392          6.86          -383.228456          3.84           -5.025403         -383.236464          2.85                0.41         

Boltzmann averaged free energy/enthalpy of ensemble on input geometries (not DFT optimized):
temperature /K:   avE(T) /a.u.   avG(T) /a.u.
    298.15        -383.0554359    -383.0620576     <<==part0==
----------------------------------------------------------------------------------------------------

Number of conformers:         6
Highest ranked conformer:     CONF7


Ran prescreening in 11.00 seconds!

----------------------------------------------------------------------------------------------------
                                             SCREENING                                              
----------------------------------------------------------------------------------------------------
    
threshold:                    3.5
func:                         r2scan-3c
basis:                        def2-tzvp
prog:                         orca
sm:                           smd
gfnv:                         gfn2
run:                          True
implicit:                     False
template:                     False


Running gsolv calculation for CONF7.
Running gsolv calculation for CONF1.
Running gsolv calculation for CONF2.
Running gsolv calculation for CONF3.
Running gsolv calculation for CONF4.
Running gsolv calculation for CONF8.

----------------------------- SCREENING SINGLE-POINT (+ mRRHO) RESULTS -----------------------------

CONF#        G (xTB)          ΔG (xTB)          E (DFT)          ΔGsolv         GmRRHO          Gtot             ΔGtot          Boltzmann weight   
               [Eh]          [kcal/mol]          [Eh]             [Eh]           [Eh]           [Eh]           [kcal/mol]        % at 298.15 K     
CONF1       -25.859395          ---           -383.997301       -0.004722        ---         -384.002023          0.62               18.29         
CONF2       -25.858023          ---           -383.996577       -0.006433        ---         -384.003009          0.00               51.99         
CONF3       -25.857029          ---           -383.995018       -0.006390        ---         -384.001408          1.01                9.53         
CONF4       -25.856435          ---           -383.992587       -0.004840        ---         -383.997428          3.50                0.14         
CONF7       -25.855799          ---           -383.995529       -0.006074        ---         -384.001603          0.88               11.72         
CONF8       -25.850400          ---           -383.990811       -0.010470        ---         -384.001281          1.08                8.33         

Boltzmann averaged free energy/enthalpy of ensemble on input geometries (not DFT optimized):
temperature /K:   avE(T) /a.u.   avG(T) /a.u.
    298.15        -383.9959518    -384.0023597     <<==part1==
----------------------------------------------------------------------------------------------------


----------------------------------- SCREENING RANKING COMPARISON -----------------------------------

CONF#       ΔGtot prescreening       ΔGtot screening   
                [kcal/mol]             [kcal/mol]      
CONF1              0.22                   0.62         
CONF2              0.84                   0.00         
CONF3              1.77                   1.01         
CONF4              3.73                   3.50         
CONF7              0.00                   0.88         
CONF8              2.85                   1.08         
----------------------------------------------------------------------------------------------------



Number of conformers:         6
Highest ranked conformer:     CONF2


Ran screening in 56.90 seconds!

----------------------------------------------------------------------------------------------------
                                            OPTIMIZATION                                            
----------------------------------------------------------------------------------------------------
    
optcycles:                    8
maxcyc:                       200
threshold:                    1.5
hlow:                         0.01
gradthr:                      0.01
func:                         r2scan-3c
basis:                        def2-tzvp
prog:                         orca
sm:                           smd
gfnv:                         gfn2
optlevel:                     normal
run:                          True
macrocycles:                  True
crestcheck:                   True
template:                     False
constrain:                    False
xtb_opt:                      True


Optimization using macrocycles, 8 microcycles per step.
Running xtb_opt calculation for CONF2.
Running xtb_opt calculation for CONF1.
Running xtb_opt calculation for CONF3.
Running xtb_opt calculation for CONF7.
Running xtb_opt calculation for CONF4.
Running xtb_opt calculation for CONF8.
Running xtb_rrho calculation for CONF2.
Running xtb_rrho calculation for CONF1.
Running xtb_rrho calculation for CONF7.
Running xtb_rrho calculation for CONF3.
Running xtb_rrho calculation for CONF8.
Running xtb_rrho calculation for CONF4.
CONF8 converged after 7 steps.

----------------------------------- OPTIMIZATION CYCLE 8 UPDATE ------------------------------------

CONF#          Gtot             ΔGtot          grad_norm       converged   
               [Eh]           [kcal/mol]        [Eh/a0]                    
CONF1       -383.898964          0.84          0.003076          False     
CONF2       -383.900302          0.00          0.002817          False     
CONF3       -383.899848          0.28          0.003640          False     
CONF4       -383.894037          3.93          0.003065          False     
CONF7       -383.898863          0.90          0.002112          False     
CONF8       -383.898418          1.18          0.000594          True      
----------------------------------------------------------------------------------------------------
Running xtb_opt calculation for CONF2.
Running xtb_opt calculation for CONF1.
Running xtb_opt calculation for CONF7.
Running xtb_opt calculation for CONF3.
Running xtb_opt calculation for CONF4.
CONF2 converged after 19 steps.
CONF3 converged after 19 steps.
CONF4 converged after 21 steps.
No longer considering CONF4 (gradient too small and ΔG = 3.90).

----------------------------------- OPTIMIZATION CYCLE 16 UPDATE -----------------------------------

CONF#          Gtot             ΔGtot          grad_norm       converged   
               [Eh]           [kcal/mol]        [Eh/a0]                    
CONF1       -383.899059          0.79          0.002145          False     
CONF2       -383.900326          0.00          0.000756          True      
CONF3       -383.899877          0.28          0.000696          True      
CONF7       -383.898898          0.90          0.001434          False     
CONF8       -383.898418          1.20          0.000594          True      
----------------------------------------------------------------------------------------------------
Running xtb_opt calculation for CONF1.
Running xtb_opt calculation for CONF7.
CONF1 converged after 34 steps.
CONF7 converged after 33 steps.

----------------------------------- OPTIMIZATION CYCLE 24 UPDATE -----------------------------------

CONF#          Gtot             ΔGtot          grad_norm       converged   
               [Eh]           [kcal/mol]        [Eh/a0]                    
CONF1       -383.899066          0.79          0.000379          True      
CONF2       -383.900326          0.00          0.000756          True      
CONF3       -383.899877          0.28          0.000696          True      
CONF7       -383.898901          0.89          0.000444          True      
CONF8       -383.898418          1.20          0.000594          True      
----------------------------------------------------------------------------------------------------
Running xtb_rrho calculation for CONF2.
Running xtb_rrho calculation for CONF1.
Running xtb_rrho calculation for CONF7.
Running xtb_rrho calculation for CONF8.
Running xtb_rrho calculation for CONF3.

--------------------------------------- OPTIMIZATION RESULTS ---------------------------------------

CONF#       E (DFT) (+ ΔGsolv)       ΔE (DFT) (+ δΔGsolv)       GmRRHO          Gtot             ΔGtot          Boltzmann weight   
                   [Eh]                   [kcal/mol]             [Eh]           [Eh]           [kcal/mol]        % at 298.15 K     
CONF1          -384.004595                   0.71                ---         -383.899048          0.89               13.15         
CONF2          -384.005726                   0.00                ---         -383.900465          0.00               58.96         
CONF3          -384.004033                   1.06                ---         -383.898725          1.09                9.34         
CONF7          -384.005145                   0.36                ---         -383.898945          0.95               11.80         
CONF8          -384.003366                   1.48                ---         -383.898418          1.28                6.75         

Boltzmann averaged free energy/enthalpy of ensemble on optimized geometries:
temperature /K:   avE(T) /a.u.   avG(T) /a.u.
    298.15        -384.0051913    -383.8997985     <<==part2==
----------------------------------------------------------------------------------------------------


--------------------------------------- OPTIMIZATION RESULTS ---------------------------------------

CONF#       E (DFT) (+ ΔGsolv)       ΔE (DFT) (+ δΔGsolv)       GmRRHO          Gtot             ΔGtot          Boltzmann weight   
                   [Eh]                   [kcal/mol]             [Eh]           [Eh]           [kcal/mol]        % at 298.15 K     
CONF1          -384.004595                   0.71                ---         -383.899048          0.89               13.15         
CONF2          -384.005726                   0.00                ---         -383.900465          0.00               58.96         
CONF3          -384.004033                   1.06                ---         -383.898725          1.09                9.34         
CONF7          -384.005145                   0.36                ---         -383.898945          0.95               11.80         
CONF8          -384.003366                   1.48                ---         -383.898418          1.28                6.75         

Boltzmann averaged free energy/enthalpy of ensemble on optimized geometries:
temperature /K:   avE(T) /a.u.   avG(T) /a.u.
    298.15        -384.0051913    -383.8997985     <<==part2==
----------------------------------------------------------------------------------------------------


--------------------------------- OPTIMIZATION RANKING COMPARISON ----------------------------------

CONF#       ΔGtot prescreening       ΔGtot screening       ΔGtot optimization   
                [kcal/mol]             [kcal/mol]              [kcal/mol]       
CONF1              0.22                   0.62                    0.89          
CONF2              0.84                   0.00                    0.00          
CONF3              1.77                   1.01                    1.09          
CONF7              0.00                   0.88                    0.95          
CONF8              2.85                   1.08                    1.28          
----------------------------------------------------------------------------------------------------



Number of conformers:         5
Highest ranked conformer:     CONF2


Ran optimization in 562.93 seconds!

Ran CENSO in 00:10:30

CENSO all done!
