----------------------------------------------- 
  Element       SASA      Sigma Z        Total  
     Z         Ang**2 cal/Ang**2/mol   kcal/mol 
----------------------------------------------- 
      H        140.021      48.690       6.818
      C         36.513     129.740       4.737
      O         29.692       0.000       0.000

 Subtotal:     206.225                  11.555
 -----------------------------------------------

  Elements    COT*SASA   Sigma Z,Z'     Total   
    Z,Z'       Ang**2  cal/Ang**2/mol kcal/mol  
 ---------------------------------------------- 
  H   C         94.399     -60.770      -5.737
  H   O          0.000       0.000       0.000
  C   C         27.543     -72.950      -2.009
  O   C         15.957      68.690       1.096
  O   O          0.000       0.000       0.000

 Subtotal:                              -6.650
 ---------------------------------------------- 

 NONAQUEOUS SOLVENT CONTRIBUTION (kcal/mol):
 (proportional to SASA, atomic number independent)
 ---------------------------------------------- 
 Subtotal:                               0.000
 ---------------------------------------------- 

 CDS TOTAL (kcal/mol):                   4.905
...............................................................................
