----------------------------------------------- 
  Element       SASA      Sigma Z        Total  
     Z         Ang**2 cal/Ang**2/mol   kcal/mol 
----------------------------------------------- 
      H         83.663      48.690       4.074
      C         15.829     129.740       2.054
      N          4.211       0.000       0.000
      O         51.392       0.000       0.000

 Subtotal:     155.095                   6.127
 -----------------------------------------------

  Elements    COT*SASA   Sigma Z,Z'     Total   
    Z,Z'       Ang**2  cal/Ang**2/mol kcal/mol  
 ---------------------------------------------- 
  H   C         56.248     -60.770      -3.418
  H   O          0.000       0.000       0.000
  C   C         11.744     -72.950      -0.857
  O   C          0.000      68.690       0.000
  O   O          0.000       0.000       0.000
  C   N          1.388       0.000       0.000
  N   C         13.115     -48.220      -0.632
  N  C(3)        0.000      84.100       0.000
  O   N         30.484     121.980       3.718

 Subtotal:                              -1.189
 ---------------------------------------------- 

 NONAQUEOUS SOLVENT CONTRIBUTION (kcal/mol):
 (proportional to SASA, atomic number independent)
 ---------------------------------------------- 
 Subtotal:                               0.000
 ---------------------------------------------- 

 CDS TOTAL (kcal/mol):                   4.938
...............................................................................
