----------------------------------------------- 
  Element       SASA      Sigma Z        Total  
     Z         Ang**2 cal/Ang**2/mol   kcal/mol 
----------------------------------------------- 
      H        145.071      48.690       7.064
      C         35.830     129.740       4.649
      O         31.253       0.000       0.000

 Subtotal:     212.154                  11.712
 -----------------------------------------------

  Elements    COT*SASA   Sigma Z,Z'     Total   
    Z,Z'       Ang**2  cal/Ang**2/mol kcal/mol  
 ---------------------------------------------- 
  H   C         97.498     -60.770      -5.925
  H   O          0.000       0.000       0.000
  C   C         26.020     -72.950      -1.898
  O   C         15.970      68.690       1.097
  O   O          0.000       0.000       0.000

 Subtotal:                              -6.726
 ---------------------------------------------- 

 NONAQUEOUS SOLVENT CONTRIBUTION (kcal/mol):
 (proportional to SASA, atomic number independent)
 ---------------------------------------------- 
 Subtotal:                               0.000
 ---------------------------------------------- 

 CDS TOTAL (kcal/mol):                   4.986
...............................................................................
