----------------------------------------------- 
  Element       SASA      Sigma Z        Total  
     Z         Ang**2 cal/Ang**2/mol   kcal/mol 
----------------------------------------------- 
      H        142.383      48.690       6.933
      C        123.126     129.740      15.974
      N          5.073       0.000       0.000
      O         56.241       0.000       0.000

 Subtotal:     326.823                  22.907
 -----------------------------------------------

  Elements    COT*SASA   Sigma Z,Z'     Total   
    Z,Z'       Ang**2  cal/Ang**2/mol kcal/mol  
 ---------------------------------------------- 
  H   C         84.390     -60.770      -5.128
  H   O          9.100       0.000       0.000
  C   C        172.958     -72.950     -12.617
  O   C         21.820      68.690       1.499
  O   O          0.000       0.000       0.000
  C   N          4.292       0.000       0.000
  N   C         27.317     -48.220      -1.317
  N  C(3)        0.000      84.100       0.000
  O   N          0.000     121.980       0.000

 Subtotal:                             -17.564
 ---------------------------------------------- 

 NONAQUEOUS SOLVENT CONTRIBUTION (kcal/mol):
 (proportional to SASA, atomic number independent)
 ---------------------------------------------- 
 Subtotal:                               0.000
 ---------------------------------------------- 

 CDS TOTAL (kcal/mol):                   5.343
...............................................................................
