----------------------------------------------- 
  Element       SASA      Sigma Z        Total  
     Z         Ang**2 cal/Ang**2/mol   kcal/mol 
----------------------------------------------- 
      H        164.714      48.690       8.020
      C         34.596     129.740       4.489
      N          3.948       0.000       0.000

 Subtotal:     203.258                  12.508
 -----------------------------------------------

  Elements    COT*SASA   Sigma Z,Z'     Total   
    Z,Z'       Ang**2  cal/Ang**2/mol kcal/mol  
 ---------------------------------------------- 
  H   C        104.647     -60.770      -6.359
  C   C         22.394     -72.950      -1.634
  C   N          0.893       0.000       0.000
  N   C         28.917     -48.220      -1.394
  N  C(3)        0.000      84.100       0.000

 Subtotal:                              -9.387
 ---------------------------------------------- 

 NONAQUEOUS SOLVENT CONTRIBUTION (kcal/mol):
 (proportional to SASA, atomic number independent)
 ---------------------------------------------- 
 Subtotal:                               0.000
 ---------------------------------------------- 

 CDS TOTAL (kcal/mol):                   3.121
...............................................................................
