----------------------------------------------- 
  Element       SASA      Sigma Z        Total  
     Z         Ang**2 cal/Ang**2/mol   kcal/mol 
----------------------------------------------- 
      H        156.114      48.690       7.601
      C        102.263     129.740      13.268
      O         51.886       0.000       0.000

 Subtotal:     310.264                  20.869
 -----------------------------------------------

  Elements    COT*SASA   Sigma Z,Z'     Total   
    Z,Z'       Ang**2  cal/Ang**2/mol kcal/mol  
 ---------------------------------------------- 
  H   C         96.368     -60.770      -5.856
  H   O          9.291       0.000       0.000
  C   C        123.667     -72.950      -9.021
  O   C         20.828      68.690       1.431
  O   O          0.000       0.000       0.000

 Subtotal:                             -13.447
 ---------------------------------------------- 

 NONAQUEOUS SOLVENT CONTRIBUTION (kcal/mol):
 (proportional to SASA, atomic number independent)
 ---------------------------------------------- 
 Subtotal:                               0.000
 ---------------------------------------------- 

 CDS TOTAL (kcal/mol):                   7.422
...............................................................................
