----------------------------------------------- 
  Element       SASA      Sigma Z        Total  
     Z         Ang**2 cal/Ang**2/mol   kcal/mol 
----------------------------------------------- 
      H        141.884      48.690       6.908
      C         34.969     129.740       4.537
      O         30.801       0.000       0.000

 Subtotal:     207.654                  11.445
 -----------------------------------------------

  Elements    COT*SASA   Sigma Z,Z'     Total   
    Z,Z'       Ang**2  cal/Ang**2/mol kcal/mol  
 ---------------------------------------------- 
  H   C         95.391     -60.770      -5.797
  H   O          0.000       0.000       0.000
  C   C         26.479     -72.950      -1.932
  O   C         15.464      68.690       1.062
  O   O          0.000       0.000       0.000

 Subtotal:                              -6.666
 ---------------------------------------------- 

 NONAQUEOUS SOLVENT CONTRIBUTION (kcal/mol):
 (proportional to SASA, atomic number independent)
 ---------------------------------------------- 
 Subtotal:                               0.000
 ---------------------------------------------- 

 CDS TOTAL (kcal/mol):                   4.779
...............................................................................
