20
 energy: -386.243209208434 gnorm: 0.000898281616 xtb: 6.7.1 (edcfbbe)
C           -2.63387569567363       -1.22922065281115       -0.07666264824464
C           -2.52561421515273        0.29083035177506       -0.00753815946882
C           -1.24272938725485        0.74916860742610        0.69689227430109
C           -0.01758451176753        0.32481024639637       -0.06496489424690
O            0.16169032397754        0.54898912342857       -1.25206900443146
O            0.86509714969925       -0.33628916676573        0.70772971333487
C            2.12496742379740       -0.74241357655612        0.08135864808743
C            3.11372669292293        0.40098278553584        0.08261856852375
H           -3.55889328118551       -1.53592832184873       -0.57453766500175
H           -1.79620363595628       -1.66211854058344       -0.63655294700407
H           -2.62848575999767       -1.66864637621628        0.92688273106237
H           -3.37901349872354        0.70376337171273        0.54027419903720
H           -2.55511477677179        0.71892852343764       -1.01545455958917
H           -1.19843603487586        0.36258993200501        1.71808386699201
H           -1.21351221125317        1.84458545082136        0.74671607128498
H            2.47032350068419       -1.57232849973127        0.70063629863870
H            1.91585654621613       -1.10762213948455       -0.92728916515731
H            4.05957266976893        0.05676557696552       -0.34720692190252
H            2.75036686056880        1.24094015320959       -0.51557745154060
H            3.30535049711032        0.74652348252203        1.10267755617515
20
 energy: -386.243213166732 gnorm: 0.000475984948 xtb: 6.7.1 (edcfbbe)
C           -2.63415348732821       -1.22876311092237       -0.07761801269622
C           -2.52611252057833        0.29105365923700       -0.00806780457979
C           -1.24364331762417        0.74814176773467        0.69761751225644
C           -0.01793933902265        0.32486507292134       -0.06368760758126
O            0.16100825844514        0.54778864574003       -1.25084470941559
O            0.86594630899781       -0.33465886437028        0.70965478928892
C            2.12542386152196       -0.74155671530947        0.08220432200372
C            3.11464360611160        0.40099954918943        0.08123456791570
H           -3.55932825001639       -1.53579081224404       -0.57477118945501
H           -1.79674192215247       -1.66123786584368       -0.63799536303345
H           -2.62774954031910       -1.66808516405385        0.92587671737154
H           -3.37985415815363        0.70372922415759        0.53945438815850
H           -2.55500632599172        0.71958586148131       -1.01576111903758
H           -1.20044450643180        0.36004829385851        1.71828457928759
H           -1.21399804420505        1.84351748997977        0.74948531909242
H            2.47120557897313       -1.57092678777075        0.70191572617515
H            1.91454320187208       -1.10765169333127       -0.92555698940586
H            4.06052561968926        0.05474440598285       -0.34707507157390
H            2.75282807494820        1.24022741764735       -0.51889931291987
H            3.30633582014306        0.74827988502355        1.10056503540066
20
 energy: -386.243213166732 gnorm: 0.000475984948 xtb: 6.7.1 (edcfbbe)
C           -2.63415348732821       -1.22876311092237       -0.07761801269622
C           -2.52611252057833        0.29105365923700       -0.00806780457979
C           -1.24364331762417        0.74814176773467        0.69761751225644
C           -0.01793933902265        0.32486507292134       -0.06368760758126
O            0.16100825844514        0.54778864574003       -1.25084470941559
O            0.86594630899781       -0.33465886437028        0.70965478928892
C            2.12542386152196       -0.74155671530947        0.08220432200372
C            3.11464360611160        0.40099954918943        0.08123456791570
H           -3.55932825001639       -1.53579081224404       -0.57477118945501
H           -1.79674192215247       -1.66123786584368       -0.63799536303345
H           -2.62774954031910       -1.66808516405385        0.92587671737154
H           -3.37985415815363        0.70372922415759        0.53945438815850
H           -2.55500632599172        0.71958586148131       -1.01576111903758
H           -1.20044450643180        0.36004829385851        1.71828457928759
H           -1.21399804420505        1.84351748997977        0.74948531909242
H            2.47120557897313       -1.57092678777075        0.70191572617515
H            1.91454320187208       -1.10765169333127       -0.92555698940586
H            4.06052561968926        0.05474440598285       -0.34707507157390
H            2.75282807494820        1.24022741764735       -0.51889931291987
H            3.30633582014306        0.74827988502355        1.10056503540066
