----------------------------------------------- 
  Element       SASA      Sigma Z        Total  
     Z         Ang**2 cal/Ang**2/mol   kcal/mol 
----------------------------------------------- 
      H        138.008      48.690       6.720
      C         35.633     129.740       4.623
      O         33.647       0.000       0.000

 Subtotal:     207.288                  11.343
 -----------------------------------------------

  Elements    COT*SASA   Sigma Z,Z'     Total   
    Z,Z'       Ang**2  cal/Ang**2/mol kcal/mol  
 ---------------------------------------------- 
  H   C         93.028     -60.770      -5.653
  H   O          0.000       0.000       0.000
  C   C         21.920     -72.950      -1.599
  O   C         18.373      68.690       1.262
  O   O          0.000       0.000       0.000

 Subtotal:                              -5.990
 ---------------------------------------------- 

 NONAQUEOUS SOLVENT CONTRIBUTION (kcal/mol):
 (proportional to SASA, atomic number independent)
 ---------------------------------------------- 
 Subtotal:                               0.000
 ---------------------------------------------- 

 CDS TOTAL (kcal/mol):                   5.352
...............................................................................
