----------------------------------------------- 
  Element       SASA      Sigma Z        Total  
     Z         Ang**2 cal/Ang**2/mol   kcal/mol 
----------------------------------------------- 
      H        143.442      48.690       6.984
      C         36.557     129.740       4.743
      O         30.349       0.000       0.000

 Subtotal:     210.347                  11.727
 -----------------------------------------------

  Elements    COT*SASA   Sigma Z,Z'     Total   
    Z,Z'       Ang**2  cal/Ang**2/mol kcal/mol  
 ---------------------------------------------- 
  H   C         96.691     -60.770      -5.876
  H   O          0.000       0.000       0.000
  C   C         26.677     -72.950      -1.946
  O   C         17.182      68.690       1.180
  O   O          0.000       0.000       0.000

 Subtotal:                              -6.642
 ---------------------------------------------- 

 NONAQUEOUS SOLVENT CONTRIBUTION (kcal/mol):
 (proportional to SASA, atomic number independent)
 ---------------------------------------------- 
 Subtotal:                               0.000
 ---------------------------------------------- 

 CDS TOTAL (kcal/mol):                   5.085
...............................................................................
