----------------------------------------------- 
  Element       SASA      Sigma Z        Total  
     Z         Ang**2 cal/Ang**2/mol   kcal/mol 
----------------------------------------------- 
      H        139.727      48.690       6.803
      C         37.261     129.740       4.834
      O         32.007       0.000       0.000

 Subtotal:     208.995                  11.638
 -----------------------------------------------

  Elements    COT*SASA   Sigma Z,Z'     Total   
    Z,Z'       Ang**2  cal/Ang**2/mol kcal/mol  
 ---------------------------------------------- 
  H   C         94.163     -60.770      -5.722
  H   O          0.000       0.000       0.000
  C   C         21.477     -72.950      -1.567
  O   C         17.121      68.690       1.176
  O   O          0.000       0.000       0.000

 Subtotal:                              -6.113
 ---------------------------------------------- 

 NONAQUEOUS SOLVENT CONTRIBUTION (kcal/mol):
 (proportional to SASA, atomic number independent)
 ---------------------------------------------- 
 Subtotal:                               0.000
 ---------------------------------------------- 

 CDS TOTAL (kcal/mol):                   5.525
...............................................................................
