----------------------------------------------- 
  Element       SASA      Sigma Z        Total  
     Z         Ang**2 cal/Ang**2/mol   kcal/mol 
----------------------------------------------- 
      H        140.456      48.690       6.839
      C         35.936     129.740       4.662
      O         30.607       0.000       0.000

 Subtotal:     207.000                  11.501
 -----------------------------------------------

  Elements    COT*SASA   Sigma Z,Z'     Total   
    Z,Z'       Ang**2  cal/Ang**2/mol kcal/mol  
 ---------------------------------------------- 
  H   C         94.697     -60.770      -5.755
  H   O          0.000       0.000       0.000
  C   C         27.271     -72.950      -1.989
  O   C         16.661      68.690       1.144
  O   O          0.000       0.000       0.000

 Subtotal:                              -6.600
 ---------------------------------------------- 

 NONAQUEOUS SOLVENT CONTRIBUTION (kcal/mol):
 (proportional to SASA, atomic number independent)
 ---------------------------------------------- 
 Subtotal:                               0.000
 ---------------------------------------------- 

 CDS TOTAL (kcal/mol):                   4.901
...............................................................................
