 CONF#         G (xTB)          ΔG (xTB)          E (DFT)          ΔGsolv         GmRRHO          Gtot             ΔGtot          Boltzmann weight   
                 [Eh]          [kcal/mol]          [Eh]             [Eh]           [Eh]           [Eh]           [kcal/mol]        % at 298.15 K     
 CONF1        -27.121176          ---           -386.236717       -0.005056        ---         -386.241774          0.53                1.37         
 CONF2        -27.121175          ---           -386.236757       -0.005006        ---         -386.241763          0.53                1.36         
 CONF3        -27.121161          ---           -386.236638       -0.005160        ---         -386.241799          0.51                1.41         
 CONF4        -27.121158          ---           -386.236679       -0.004883        ---         -386.241563          0.66                1.10         
 CONF5        -27.121154          ---           -386.236504       -0.004954        ---         -386.241457          0.73                0.98         
 CONF6        -27.121151          ---           -386.236578       -0.005184        ---         -386.241762          0.54                1.36         
 CONF7        -27.121158          ---           -386.236585       -0.004916        ---         -386.241501          0.70                1.03         
 CONF8        -27.121151          ---           -386.236796       -0.004835        ---         -386.241631          0.62                1.18         
 CONF9        -27.121151          ---           -386.236455       -0.004973        ---         -386.241429          0.74                0.95         
CONF10        -27.121140          ---           -386.236847       -0.004817        ---         -386.241664          0.60                1.22         
CONF11        -27.121139          ---           -386.236908       -0.004733        ---         -386.241641          0.61                1.19         
CONF12        -27.121130          ---           -386.236977       -0.004714        ---         -386.241690          0.58                1.26         
CONF13        -27.121125          ---           -386.236954       -0.004765        ---         -386.241719          0.56                1.30         
CONF14        -27.121121          ---           -386.237024       -0.004668        ---         -386.241692          0.58                1.26         
CONF15        -27.121102          ---           -386.237129       -0.004629        ---         -386.241757          0.54                1.35         
CONF16        -27.121107          ---           -386.237123       -0.004653        ---         -386.241777          0.53                1.38         
CONF17        -27.121077          ---           -386.237246       -0.004583        ---         -386.241829          0.49                1.46         
CONF18        -27.121040          ---           -386.236246       -0.005234        ---         -386.241479          0.71                1.01         
CONF19        -27.121028          ---           -386.236150       -0.005192        ---         -386.241342          0.80                0.87         
CONF20        -27.121002          ---           -386.236235       -0.005263        ---         -386.241498          0.70                1.03         
CONF21        -27.120981          ---           -386.236917       -0.004915        ---         -386.241832          0.49                1.46         
CONF22        -27.120967          ---           -386.236957       -0.004894        ---         -386.241851          0.48                1.49         
CONF23        -27.120978          ---           -386.235943       -0.005114        ---         -386.241057          0.98                0.64         
CONF24        -27.120964          ---           -386.236963       -0.004895        ---         -386.241858          0.48                1.50         
CONF25        -27.120959          ---           -386.235846       -0.005061        ---         -386.240908          1.07                0.55         
CONF26        -27.120959          ---           -386.235855       -0.005063        ---         -386.240918          1.06                0.56         
CONF27        -27.120939          ---           -386.236888       -0.004874        ---         -386.241762          0.54                1.36         
CONF28        -27.120937          ---           -386.235932       -0.005070        ---         -386.241002          1.01                0.61         
CONF29        -27.120959          ---           -386.235844       -0.005062        ---         -386.240906          1.07                0.55         
CONF30        -27.120936          ---           -386.236478       -0.004802        ---         -386.241280          0.84                0.82         
CONF31        -27.120960          ---           -386.236945       -0.004889        ---         -386.241834          0.49                1.47         
CONF32        -27.120932          ---           -386.236833       -0.004830        ---         -386.241662          0.60                1.22         
CONF33        -27.120921          ---           -386.235813       -0.005033        ---         -386.240847          1.11                0.52         
CONF34        -27.120906          ---           -386.235823       -0.005016        ---         -386.240839          1.11                0.51         
CONF35        -27.120905          ---           -386.235696       -0.005041        ---         -386.240737          1.18                0.46         
CONF36        -27.120904          ---           -386.235683       -0.005037        ---         -386.240720          1.19                0.45         
CONF37        -27.120897          ---           -386.235632       -0.005037        ---         -386.240669          1.22                0.43         
CONF38        -27.120887          ---           -386.235757       -0.005027        ---         -386.240784          1.15                0.48         
CONF39        -27.120886          ---           -386.236534       -0.004766        ---         -386.241300          0.83                0.83         
CONF40        -27.120860          ---           -386.236399       -0.004756        ---         -386.241156          0.92                0.71         
CONF41        -27.120822          ---           -386.236073       -0.004807        ---         -386.240879          1.09                0.53         
CONF42        -27.120822          ---           -386.235931       -0.004873        ---         -386.240804          1.14                0.49         
CONF43        -27.120805          ---           -386.235800       -0.004913        ---         -386.240713          1.19                0.45         
CONF44        -27.120717          ---           -386.235438       -0.004674        ---         -386.240111          1.57                0.24         
CONF45        -27.120715          ---           -386.235195       -0.005016        ---         -386.240211          1.51                0.26         
CONF46        -27.120693          ---           -386.236634       -0.005672        ---         -386.242305          0.19                2.41         
CONF47        -27.120693          ---           -386.236574       -0.005651        ---         -386.242225          0.24                2.22         
CONF48        -27.120688          ---           -386.236434       -0.005574        ---         -386.242008          0.38                1.76         
CONF49        -27.120687          ---           -386.236749       -0.005610        ---         -386.242360          0.16                2.56         
CONF50        -27.120686          ---           -386.235357       -0.005204        ---         -386.240561          1.29                0.38         
CONF51        -27.120683          ---           -386.236379       -0.005630        ---         -386.242009          0.38                1.76         
CONF52        -27.120680          ---           -386.236194       -0.005482        ---         -386.241675          0.59                1.24         
CONF53        -27.120680          ---           -386.236196       -0.005488        ---         -386.241684          0.58                1.25         
CONF54        -27.120675          ---           -386.236380       -0.005725        ---         -386.242105          0.32                1.95         
CONF55        -27.120692          ---           -386.236721       -0.005640        ---         -386.242361          0.16                2.56         
CONF56        -27.120661          ---           -386.236370       -0.005276        ---         -386.241647          0.61                1.20         
CONF57        -27.120658          ---           -386.236927       -0.005426        ---         -386.242353          0.16                2.54         
CONF58        -27.120657          ---           -386.235635       -0.005346        ---         -386.240981          1.03                0.59         
CONF59        -27.120657          ---           -386.235682       -0.004824        ---         -386.240506          1.32                0.36         
CONF60        -27.120646          ---           -386.235858       -0.004912        ---         -386.240769          1.16                0.47         
CONF61        -27.120637          ---           -386.234819       -0.005411        ---         -386.240229          1.50                0.27         
CONF62        -27.120631          ---           -386.235710       -0.004634        ---         -386.240344          1.43                0.30         
CONF63        -27.120627          ---           -386.234883       -0.005369        ---         -386.240252          1.48                0.27         
CONF64        -27.120626          ---           -386.234803       -0.005418        ---         -386.240221          1.50                0.27         
CONF65        -27.120589          ---           -386.235001       -0.005277        ---         -386.240277          1.47                0.28         
CONF66        -27.120584          ---           -386.234780       -0.005376        ---         -386.240156          1.54                0.25         
CONF67        -27.120525          ---           -386.234492       -0.005201        ---         -386.239694          1.83                0.15         
CONF68        -27.120517          ---           -386.236980       -0.005635        ---         -386.242615          0.00                3.35         
CONF69        -27.120516          ---           -386.236052       -0.005895        ---         -386.241948          0.42                1.65         
CONF70        -27.120518          ---           -386.236074       -0.005899        ---         -386.241973          0.40                1.70         
CONF71        -27.120516          ---           -386.235974       -0.005867        ---         -386.241841          0.49                1.48         
CONF72        -27.120511          ---           -386.234975       -0.005503        ---         -386.240478          1.34                0.35         
CONF73        -27.120516          ---           -386.235939       -0.005866        ---         -386.241805          0.51                1.42         
CONF74        -27.120510          ---           -386.235475       -0.005707        ---         -386.241181          0.90                0.73         
CONF75        -27.120516          ---           -386.236978       -0.005633        ---         -386.242611          0.00                3.34         
CONF76        -27.120510          ---           -386.235077       -0.005552        ---         -386.240630          1.25                0.41         
CONF77        -27.120484          ---           -386.235629       -0.005744        ---         -386.241374          0.78                0.90         
CONF78        -27.120515          ---           -386.235911       -0.005847        ---         -386.241758          0.54                1.35         
CONF79        -27.120509          ---           -386.234943       -0.005465        ---         -386.240408          1.38                0.32         
CONF80        -27.120509          ---           -386.235940       -0.005885        ---         -386.241826          0.50                1.45         
CONF81        -27.120482          ---           -386.235370       -0.005638        ---         -386.241008          1.01                0.61         
CONF82        -27.120509          ---           -386.235730       -0.005789        ---         -386.241519          0.69                1.05         
CONF83        -27.120472          ---           -386.234310       -0.005111        ---         -386.239421          2.00                0.11         
CONF84        -27.120474          ---           -386.235668       -0.005766        ---         -386.241434          0.74                0.96         
CONF85        -27.120466          ---           -386.235485       -0.005670        ---         -386.241154          0.92                0.71         
CONF86        -27.120465          ---           -386.235392       -0.005668        ---         -386.241060          0.98                0.65         
CONF87        -27.120464          ---           -386.235385       -0.005665        ---         -386.241050          0.98                0.64         
CONF88        -27.120458          ---           -386.234651       -0.005289        ---         -386.239940          1.68                0.20         
CONF89        -27.120455          ---           -386.234818       -0.005371        ---         -386.240189          1.52                0.26         
CONF90        -27.120453          ---           -386.235628       -0.005754        ---         -386.241381          0.77                0.91         
CONF91        -27.120444          ---           -386.236080       -0.005308        ---         -386.241388          0.77                0.91         
CONF92        -27.120438          ---           -386.235565       -0.005728        ---         -386.241294          0.83                0.83         
CONF93        -27.120418          ---           -386.235260       -0.005594        ---         -386.240854          1.11                0.52         
CONF94        -27.120407          ---           -386.234503       -0.005151        ---         -386.239655          1.86                0.15         
CONF95        -27.120404          ---           -386.235872       -0.005313        ---         -386.241186          0.90                0.74         
CONF96        -27.120365          ---           -386.235851       -0.005382        ---         -386.241232          0.87                0.78         
CONF97        -27.120356          ---           -386.234537       -0.005018        ---         -386.239556          1.92                0.13         
CONF98        -27.120340          ---           -386.235893       -0.005615        ---         -386.241509          0.69                1.04         
CONF99        -27.120220          ---           -386.234947       -0.006198        ---         -386.241145          0.92                0.71         
CONF100       -27.120205          ---           -386.234488       -0.006040        ---         -386.240528          1.31                0.37         
CONF101       -27.120162          ---           -386.235123       -0.006006        ---         -386.241129          0.93                0.69         
CONF102       -27.120159          ---           -386.235140       -0.006003        ---         -386.241143          0.92                0.70         
CONF103       -27.119871          ---           -386.234596       -0.003778        ---         -386.238375          2.66                0.04         
CONF104       -27.119859          ---           -386.234843       -0.003787        ---         -386.238630          2.50                0.05         
CONF105       -27.119849          ---           -386.234622       -0.003813        ---         -386.238434          2.62                0.04         
CONF106       -27.119271          ---           -386.232871       -0.004686        ---         -386.237557          3.17                0.02         
CONF107       -27.119252          ---           -386.232984       -0.004702        ---         -386.237686          3.09                0.02         

Boltzmann averaged free energy/enthalpy of ensemble on input geometries (not DFT optimized):
temperature /K:   avE(T) /a.u.   avG(T) /a.u.
    298.15        -386.2363250    -386.2416449     <<==part1==
----------------------------------------------------------------------------------------------------

