CONF#        E (DFT) (+ ΔGsolv)       ΔE (DFT) (+ δΔGsolv)       GmRRHO          Gtot             ΔGtot          Boltzmann weight   
                    [Eh]                   [kcal/mol]             [Eh]           [Eh]           [kcal/mol]        % at 298.15 K     
CONF44          -386.243788                   0.14                ---         -386.110416          0.85                1.78         
CONF45          -386.243978                   0.02                ---         -386.111133          0.40                3.80         
CONF46          -386.243874                   0.08                ---         -386.110880          0.56                2.91         
CONF47          -386.243820                   0.12                ---         -386.110712          0.66                2.43         
CONF48          -386.243800                   0.13                ---         -386.110698          0.67                2.40         
CONF49          -386.243903                   0.06                ---         -386.111768          0.00                7.45         
CONF50          -386.243954                   0.03                ---         -386.111619          0.09                6.36         
CONF51          -386.243767                   0.15                ---         -386.110486          0.80                1.92         
CONF52          -386.243932                   0.05                ---         -386.111454          0.20                5.34         
CONF53          -386.243931                   0.05                ---         -386.111519          0.16                5.72         
CONF54          -386.243805                   0.13                ---         -386.110394          0.86                1.74         
CONF55          -386.243893                   0.07                ---         -386.111342          0.27                4.74         
CONF56          -386.244006                   0.00                ---         -386.111063          0.44                3.53         
CONF57          -386.243966                   0.02                ---         -386.111077          0.43                3.58         
CONF59          -386.243882                   0.08                ---         -386.110893          0.55                2.95         
CONF60          -386.243851                   0.10                ---         -386.110988          0.49                3.26         
CONF68          -386.243852                   0.10                ---         -386.111545          0.14                5.88         
CONF69          -386.243496                   0.32                ---         -386.109908          1.17                1.04         
CONF70          -386.243486                   0.33                ---         -386.109990          1.12                1.13         
CONF71          -386.243452                   0.35                ---         -386.110934          0.52                3.08         
CONF73          -386.243466                   0.34                ---         -386.107330          2.78                0.07         
CONF75          -386.243850                   0.10                ---         -386.111595          0.11                6.20         
CONF78          -386.243445                   0.35                ---         -386.107296          2.81                0.07         
CONF82          -386.243498                   0.32                ---         -386.110239          0.96                1.48         
CONF91          -386.243818                   0.12                ---         -386.111424          0.22                5.18         
CONF95          -386.243862                   0.09                ---         -386.111420          0.22                5.15         
CONF96          -386.243856                   0.09                ---         -386.111424          0.22                5.18         
CONF98          -386.243768                   0.15                ---         -386.111507          0.16                5.65         

Boltzmann averaged free energy/enthalpy of ensemble on optimized geometries:
temperature /K:   avE(T) /a.u.   avG(T) /a.u.
    298.15        -386.2438515    -386.1112470     <<==part2==
----------------------------------------------------------------------------------------------------

