----------------------------------------------- 
  Element       SASA      Sigma Z        Total  
     Z         Ang**2 cal/Ang**2/mol   kcal/mol 
----------------------------------------------- 
      H        144.358      48.690       7.029
      C         34.244     129.740       4.443
      O         31.416       0.000       0.000

 Subtotal:     210.018                  11.472
 -----------------------------------------------

  Elements    COT*SASA   Sigma Z,Z'     Total   
    Z,Z'       Ang**2  cal/Ang**2/mol kcal/mol  
 ---------------------------------------------- 
  H   C         97.054     -60.770      -5.898
  H   O          0.000       0.000       0.000
  C   C         26.001     -72.950      -1.897
  O   C         16.571      68.690       1.138
  O   O          0.000       0.000       0.000

 Subtotal:                              -6.656
 ---------------------------------------------- 

 NONAQUEOUS SOLVENT CONTRIBUTION (kcal/mol):
 (proportional to SASA, atomic number independent)
 ---------------------------------------------- 
 Subtotal:                               0.000
 ---------------------------------------------- 

 CDS TOTAL (kcal/mol):                   4.815
...............................................................................
