CONF#         G (xTB)          ΔG (xTB)          E (DFT)          ΔGsolv         GmRRHO          Gtot             ΔGtot          Boltzmann weight   
                [Eh]          [kcal/mol]          [Eh]             [Eh]           [Eh]           [Eh]           [kcal/mol]        % at 298.15 K     
CONF1        -27.117539          ---           -386.230092       -0.004148        ---         -386.234240          1.68                0.46         
CONF2        -27.117534          ---           -386.230227       -0.004228        ---         -386.234455          1.54                0.57         
CONF3        -27.117526          ---           -386.230304       -0.004350        ---         -386.234654          1.42                0.71         
CONF4        -27.117489          ---           -386.231537       -0.004859        ---         -386.236396          0.33                4.47         
CONF5        -27.117500          ---           -386.231741       -0.004943        ---         -386.236683          0.15                6.06         
CONF6        -27.117500          ---           -386.231250       -0.004880        ---         -386.236130          0.49                3.37         
CONF7        -27.117489          ---           -386.231898       -0.004909        ---         -386.236806          0.07                6.91         
CONF8        -27.117459          ---           -386.231694       -0.004689        ---         -386.236383          0.33                4.41         
CONF9        -27.117421          ---           -386.231047       -0.005278        ---         -386.236325          0.37                4.15         
CONF10       -27.117402          ---           -386.229613       -0.005403        ---         -386.235016          1.19                1.04         
CONF11       -27.117398          ---           -386.229316       -0.004384        ---         -386.233700          2.02                0.26         
CONF12       -27.117405          ---           -386.229558       -0.005365        ---         -386.234923          1.25                0.94         
CONF13       -27.117405          ---           -386.229537       -0.005351        ---         -386.234888          1.27                0.91         
CONF14       -27.117257          ---           -386.231028       -0.005021        ---         -386.236049          0.54                3.10         
CONF15       -27.117222          ---           -386.227855       -0.004543        ---         -386.232398          2.83                0.06         
CONF16       -27.117234          ---           -386.228324       -0.004819        ---         -386.233144          2.37                0.14         
CONF17       -27.117141          ---           -386.230801       -0.005102        ---         -386.235903          0.64                2.65         
CONF18       -27.117130          ---           -386.229215       -0.004280        ---         -386.233495          2.15                0.21         
CONF19       -27.117114          ---           -386.232009       -0.004906        ---         -386.236915          0.00                7.75         
CONF20       -27.117110          ---           -386.231184       -0.005047        ---         -386.236231          0.43                3.76         
CONF21       -27.117110          ---           -386.231167       -0.005075        ---         -386.236242          0.42                3.80         
CONF22       -27.117101          ---           -386.231134       -0.005048        ---         -386.236181          0.46                3.56         
CONF23       -27.117112          ---           -386.231137       -0.005056        ---         -386.236193          0.45                3.61         
CONF24       -27.117073          ---           -386.230476       -0.004155        ---         -386.234631          1.43                0.69         
CONF25       -27.117108          ---           -386.230810       -0.004930        ---         -386.235740          0.74                2.23         
CONF26       -27.117103          ---           -386.230824       -0.004898        ---         -386.235722          0.75                2.19         
CONF27       -27.117065          ---           -386.230127       -0.004036        ---         -386.234163          1.73                0.42         
CONF28       -27.117031          ---           -386.230199       -0.004727        ---         -386.234925          1.25                0.94         
CONF29       -27.117051          ---           -386.231487       -0.004811        ---         -386.236298          0.39                4.03         
CONF30       -27.117027          ---           -386.229645       -0.003974        ---         -386.233619          2.07                0.24         
CONF31       -27.117010          ---           -386.230921       -0.004976        ---         -386.235897          0.64                2.64         
CONF32       -27.116986          ---           -386.230212       -0.004604        ---         -386.234816          1.32                0.84         
CONF33       -27.117000          ---           -386.230204       -0.004353        ---         -386.234556          1.48                0.64         
CONF34       -27.116983          ---           -386.231010       -0.004889        ---         -386.235899          0.64                2.64         
CONF35       -27.116997          ---           -386.229940       -0.004239        ---         -386.234179          1.72                0.43         
CONF36       -27.116886          ---           -386.230942       -0.005096        ---         -386.236038          0.55                3.06         
CONF37       -27.116867          ---           -386.229240       -0.004213        ---         -386.233452          2.17                0.20         
CONF38       -27.116860          ---           -386.229289       -0.004225        ---         -386.233514          2.13                0.21         
CONF39       -27.116860          ---           -386.229305       -0.004215        ---         -386.233520          2.13                0.21         
CONF40       -27.116834          ---           -386.229813       -0.005489        ---         -386.235302          1.01                1.40         
CONF41       -27.116823          ---           -386.228057       -0.004638        ---         -386.232695          2.65                0.09         
CONF42       -27.116745          ---           -386.228502       -0.004415        ---         -386.232917          2.51                0.11         
CONF43       -27.116554          ---           -386.229936       -0.005186        ---         -386.235122          1.13                1.16         
CONF44       -27.116536          ---           -386.229113       -0.004824        ---         -386.233937          1.87                0.33         
CONF45       -27.116534          ---           -386.230738       -0.004774        ---         -386.235513          0.88                1.76         
CONF46       -27.116508          ---           -386.228899       -0.003902        ---         -386.232802          2.58                0.10         
CONF47       -27.116515          ---           -386.230993       -0.004950        ---         -386.235944          0.61                2.77         
CONF48       -27.116513          ---           -386.229020       -0.003922        ---         -386.232942          2.49                0.12         
CONF49       -27.116471          ---           -386.228199       -0.004315        ---         -386.232514          2.76                0.07         
CONF50       -27.116471          ---           -386.229786       -0.005176        ---         -386.234962          1.23                0.98         
CONF51       -27.116474          ---           -386.229877       -0.005211        ---         -386.235088          1.15                1.12         
CONF52       -27.116422          ---           -386.229016       -0.004120        ---         -386.233136          2.37                0.14         
CONF53       -27.116396          ---           -386.229076       -0.004230        ---         -386.233306          2.26                0.17         
CONF54       -27.116345          ---           -386.230070       -0.005114        ---         -386.235184          1.09                1.24         
CONF55       -27.116362          ---           -386.229832       -0.004763        ---         -386.234595          1.46                0.66         
CONF56       -27.116341          ---           -386.230219       -0.005018        ---         -386.235236          1.05                1.31         
CONF57       -27.116208          ---           -386.229271       -0.005273        ---         -386.234544          1.49                0.63         
CONF58       -27.116194          ---           -386.229022       -0.005514        ---         -386.234537          1.49                0.62         
CONF59       -27.116175          ---           -386.227398       -0.004824        ---         -386.232221          2.95                0.05         
CONF60       -27.116187          ---           -386.229169       -0.005438        ---         -386.234607          1.45                0.67         
CONF61       -27.115392          ---           -386.227029       -0.003017        ---         -386.230046          4.31                0.01         

Boltzmann averaged free energy/enthalpy of ensemble on input geometries (not DFT optimized):
temperature /K:   avE(T) /a.u.   avG(T) /a.u.
    298.15        -386.2310136    -386.2359560     <<==part1==
----------------------------------------------------------------------------------------------------

