17
 energy: -20.873277541463 gnorm: 0.026870158848 xtb: 6.7.1 (edcfbbe)
C            3.37749091632997       -0.74351736017625       -0.16621149711000
C            2.35316754075368        0.26076964229713        0.35342789602468
C            0.97258363472514        0.06141545821099       -0.26937132882883
C           -0.05245898592932        1.06586150144065        0.24798679635725
C           -1.42200643849740        0.94662061155101       -0.37674664070007
Cl          -2.24649411996511       -0.64782631370801        0.07940261121897
H            4.35835077013156       -0.59093311704337        0.29530119222155
H            3.50001936479321       -0.65249723675361       -1.25119626847133
H            3.06265374697371       -1.77088227184456        0.04830676271481
H            2.27090438019321        0.17352933149176        1.44459483089656
H            2.69963629211145        1.28192814038544        0.14771880788067
H            0.62766204592229       -0.95892909795294       -0.06028993799649
H            1.04733046254590        0.15234206609768       -1.36166938263053
H            0.28883249207849        2.08556576862549        0.01691155357763
H           -0.13553253833253        1.00329391884028        1.33952413010750
H           -2.10217363989637        1.72590276993972       -0.03081500130421
H           -1.38004310834060        0.94703133104742       -1.46783297592723
17
 energy: -20.874288790976 gnorm: 0.013915778525 xtb: 6.7.1 (edcfbbe)
C            3.36382371925408       -0.74137443918729       -0.16764688868761
C            2.34626032518297        0.26309411751342        0.35475815365824
C            0.96902621731759        0.06040535396045       -0.27286223763213
C           -0.04325646766110        1.07512158625147        0.24957804613652
C           -1.41095803137207        0.94317805022037       -0.38018285839986
Cl          -2.20924464915481       -0.63826187905059        0.07852938237290
H            4.33593990094568       -0.58168029880744        0.29678765972554
H            3.48216261190596       -0.64551765842096       -1.24678385797175
H            3.04616701658608       -1.76105956467971        0.04972695632430
H            2.26669254570911        0.16690616909673        1.44177238752901
H            2.69668495871786        1.27733620340075        0.14105614396878
H            0.61706717976745       -0.95269418154192       -0.05729101019697
H            1.04799247552910        0.15508482405292       -1.36023386566458
H            0.30807372810467        2.08808338637848        0.02317941703940
H           -0.12753042388592        0.99015738326241        1.33625715217281
H           -2.09853485698849        1.70987221472845       -0.02972410949870
H           -1.37044343436089        0.93102387527129       -1.46787892284496
17
 energy: -20.874560528658 gnorm: 0.005001445762 xtb: 6.7.1 (edcfbbe)
C            3.35945324649048       -0.74310439747279       -0.16930558887710
C            2.34445722772097        0.26379650980964        0.35523101625473
C            0.96748435139962        0.06402014308665       -0.27323414604109
C           -0.04301625240700        1.08175825968292        0.25069323458476
C           -1.41163704379526        0.93687958611290       -0.38113874384082
Cl          -2.17872694166702       -0.63591638362612        0.08137365251031
H            4.32842683729919       -0.58263955046492        0.29473357486294
H            3.47244209990678       -0.64444989389789       -1.24547871851034
H            3.03714278484622       -1.75769227875445        0.04905235088658
H            2.26353964234505        0.16377750123629        1.43918128510447
H            2.69414332100080        1.27480339225902        0.13849052034486
H            0.61181982684441       -0.94412890489865       -0.05299348855038
H            1.04919715343184        0.15882900250424       -1.35753125280904
H            0.31326734654478        2.08991921038859        0.02847121725366
H           -0.12914407031200        0.98395539014072        1.33384757266338
H           -2.09898274647469        1.70449066050469       -0.03566290067375
H           -1.35994396757690        0.92537689583798       -1.46668803713225
17
 energy: -20.874595517078 gnorm: 0.002175539012 xtb: 6.7.1 (edcfbbe)
C            3.35855459045916       -0.74430308869861       -0.17037320298740
C            2.34546420041557        0.26504656176714        0.35626566298564
C            0.96819302358846        0.06595973996044       -0.27248062944958
C           -0.04337118573125        1.08349603733616        0.25200309019787
C           -1.41301728772442        0.93180953345835       -0.38102692582990
Cl          -2.17529591761766       -0.63584551720417        0.08212862352125
H            4.32875274338899       -0.58608872995451        0.29248262698932
H            3.46999851463535       -0.64541941752854       -1.24708347460139
H            3.03394507904603       -1.75852914767160        0.04825163094375
H            2.26457009143373        0.16441296063577        1.44020084722192
H            2.69622702691308        1.27594059774261        0.14040954057297
H            0.61231199897662       -0.94224158602175       -0.05251732368037
H            1.04935635730686        0.16117770222827       -1.35694291999407
H            0.31056624027037        2.09205498016225        0.03011407798377
H           -0.13009800192307        0.98532142205116        1.33502840602101
H           -2.09994543268257        1.70279843021562       -0.04026423288527
H           -1.35628922515799        0.92408466397023       -1.46715424897859
17
 energy: -20.874604413467 gnorm: 0.000559820008 xtb: 6.7.1 (edcfbbe)
C            3.35842581062276       -0.74528179480881       -0.17093936765613
C            2.34689862264908        0.26549064419135        0.35706985872160
C            0.96914760884434        0.06803932472979       -0.27118823031696
C           -0.04447560119349        1.08387723132705        0.25297027549690
C           -1.41470477287806        0.92908277237030       -0.38099472337181
Cl          -2.17408174194971       -0.63646024969949        0.08288673654481
H            4.33035961787118       -0.58983328098441        0.29044056733162
H            3.46885109448565       -0.64647027443695       -1.24835515287428
H            3.03212451478808       -1.75963126416599        0.04749292095095
H            2.26649586902073        0.16459063093361        1.44137676984547
H            2.69917623388511        1.27652001748413        0.14246136486822
H            0.61379972832482       -0.94106720630012       -0.05283309797399
H            1.04988956532637        0.16423575409905       -1.35606996265743
H            0.30617616896806        2.09358356688928        0.03024303942310
H           -0.13137473201454        0.98740813618503        1.33644782512331
H           -2.10169896614837        1.70283430032345       -0.04409703829323
H           -1.35508620500474        0.92275683431156       -1.46787023713122
17
 energy: -20.874605206255 gnorm: 0.000246529076 xtb: 6.7.1 (edcfbbe)
C            3.35769249736891       -0.74562862455578       -0.17102974417428
C            2.34734951330790        0.26568047272914        0.35758122119404
C            0.96974802094817        0.06930351639493       -0.27097029703060
C           -0.04441776872399        1.08418036382762        0.25312658239922
C           -1.41453523132551        0.92789133579461       -0.38088464204947
Cl          -2.17476371810247       -0.63708031006066        0.08353323564574
H            4.33023284497538       -0.59147592144673        0.28977953506935
H            3.46806219103705       -0.64682780864299       -1.24859318292687
H            3.03094682961871       -1.76005517335134        0.04704830721539
H            2.26705534635251        0.16454959025440        1.44205440134801
H            2.70060187774052        1.27669719704289        0.14368463095948
H            0.61462720844929       -0.94039872065185       -0.05403225104238
H            1.05085801458772        0.16650133265757       -1.35593583350934
H            0.30459260955868        2.09463289696864        0.02981651363577
H           -0.13145132123231        0.98863994523369        1.33686128078714
H           -2.10186611291031        1.70200073973520       -0.04507110323638
H           -1.35480998605300        0.92106431051949       -1.46792710625390
17
 energy: -20.874605569213 gnorm: 0.000195947840 xtb: 6.7.1 (edcfbbe)
C            3.35723068621267       -0.74587325997176       -0.17094251691252
C            2.34742879466670        0.26564217868083        0.35787187149607
C            0.97000467362057        0.07016904211534       -0.27124427718236
C           -0.04444326342341        1.08446912743937        0.25296340017759
C           -1.41443785748167        0.92765665278783       -0.38092237960712
Cl          -2.17354379501049       -0.63762721874640        0.08490895149017
H            4.32986439081332       -0.59237572658919        0.28980658062400
H            3.46752814796904       -0.64681870139583       -1.24844627131477
H            3.02997437021549       -1.76014790140967        0.04684088111004
H            2.26680347583035        0.16407917651542        1.44226748873140
H            2.70127627867725        1.27654775969030        0.14451628280936
H            0.61467963880383       -0.93969353940233       -0.05537422882015
H            1.05173689036566        0.16827086875882       -1.35606126780797
H            0.30401639571325        2.09509789101356        0.02952586771503
H           -0.13127536217494        0.98901940344404        1.33672161095081
H           -2.10210834215812        1.70155437552768       -0.04548567757741
H           -1.35481230704224        0.91970501399081       -1.46790476785124
17
 energy: -20.874605871391 gnorm: 0.000120936482 xtb: 6.7.1 (edcfbbe)
C            3.35676096107041       -0.74623865630322       -0.17080579942354
C            2.34745148854153        0.26561816009422        0.35827522033597
C            0.97034266748986        0.07129289990359       -0.27191759192063
C           -0.04430088843707        1.08516526788761        0.25267008515155
C           -1.41430801246472        0.92706580411306       -0.38075895745833
Cl          -2.17255034108499       -0.63822778261590        0.08683087288422
H            4.32941301164794       -0.59346832368403        0.29003526438489
H            3.46703597525953       -0.64677816895143       -1.24822665104273
H            3.02880149138532       -1.76031773735676        0.04658581141920
H            2.26609081414331        0.16331639973449        1.44250048296315
H            2.70197192745763        1.27641477036976        0.14575454202472
H            0.61461982315082       -0.93867607204961       -0.05735900548329
H            1.05292290958716        0.17057915749581       -1.35650923704621
H            0.30363525895879        2.09591947139929        0.02920090143413
H           -0.13072717453352        0.98953499853602        1.33640007214156
H           -2.10242264388219        1.70073181681748       -0.04598554542927
H           -1.35481445269255        0.91774313705842       -1.46764891690447
17
 energy: -20.874606055540 gnorm: 0.000067372931 xtb: 6.7.1 (edcfbbe)
C            3.35657142617070       -0.74658080983245       -0.17061147397800
C            2.34745946346196        0.26555486046327        0.35855971094460
C            0.97066970367299        0.07219687703695       -0.27271417206283
C           -0.04427327297257        1.08565449330614        0.25235179326035
C           -1.41443868070006        0.92659705255935       -0.38055363496609
Cl          -2.17177172492031       -0.63860523912453        0.08891818635227
H            4.32916338126298       -0.59440104828596        0.29056127385962
H            3.46715534899295       -0.64678089845613       -1.24798205022621
H            3.02805945051134       -1.76058813623506        0.04636432081640
H            2.26531632492065        0.16247558689851        1.44264482040611
H            2.70262371764572        1.27632385013181        0.14699332102891
H            0.61461341674372       -0.93790481830319       -0.05937918272297
H            1.05389977241889        0.17261674389961       -1.35714920434956
H            0.30300786869684        2.09656169957444        0.02873368218373
H           -0.13014688997794        0.98996672473462        1.33611717716557
H           -2.10279513465300        1.70029584669861       -0.04635271066496
H           -1.35519135567758        0.91629235738279       -1.46746030901602
17
 energy: -20.874606176963 gnorm: 0.000058092990 xtb: 6.7.1 (edcfbbe)
C            3.35659465319079       -0.74680051037543       -0.17032170692574
C            2.34738105281087        0.26539540026328        0.35862749155234
C            0.97090339644699        0.07279693937757       -0.27353497937808
C           -0.04417992335176        1.08598096015481        0.25193867500483
C           -1.41463233597921        0.92628433576224       -0.38018323907916
Cl          -2.17159580054027       -0.63877369097918        0.09044020665674
H            4.32896165750615       -0.59493683398199        0.29143872322491
H            3.46778621689291       -0.64674224273591       -1.24760538291480
H            3.02774770691718       -1.76079578269951        0.04622243805343
H            2.26451322502155        0.16174972483042        1.44260005790643
H            2.70301324472461        1.27615325816609        0.14782229755584
H            0.61458744919557       -0.93740679510392       -0.06116065639640
H            1.05462472221531        0.17411741735824       -1.35784111724524
H            0.30263002402893        2.09699776181284        0.02811570674798
H           -0.12947141533964        0.99025763928432        1.33574316252199
H           -2.10298870117679        1.70006381501591       -0.04613994749915
H           -1.35595235696591        0.91533374629900       -1.46712018175503
17
 energy: -20.874606259272 gnorm: 0.000050416708 xtb: 6.7.1 (edcfbbe)
C            3.35659746211290       -0.74694240507855       -0.17001489204671
C            2.34722643508810        0.26525751156038        0.35864829315072
C            0.97106671261631        0.07315814196589       -0.27433459841343
C           -0.04404531061956        1.08613545251452        0.25151312047002
C           -1.41480327524797        0.92603878034386       -0.37986205937848
Cl          -2.17134280281708       -0.63886094341757        0.09182249553990
H            4.32866173815837       -0.59532785843558        0.29247595917475
H            3.46858372517019       -0.64657647026733       -1.24719239930809
H            3.02751605241174       -1.76098409342159        0.04598972465424
H            2.26369841824684        0.16122276377153        1.44254367965919
H            2.70318139411432        1.27603483397185        0.14844911567238
H            0.61453645739226       -0.93714661048979       -0.06276787736026
H            1.05522408285064        0.17519814969320       -1.35854332164308
H            0.30236962816018        2.09723292667976        0.02742910881378
H           -0.12877451227820        0.99050096558870        1.33537647443248
H           -2.10300641526491        1.69989874121219       -0.04564477481933
H           -1.35676697449687        0.91483525625731       -1.46684650056717
