----------------------------------------------- 
  Element       SASA      Sigma Z        Total  
     Z         Ang**2 cal/Ang**2/mol   kcal/mol 
----------------------------------------------- 
      H        141.487      48.690       6.889
      C         36.855     129.740       4.782
      O         30.163       0.000       0.000

 Subtotal:     208.505                  11.671
 -----------------------------------------------

  Elements    COT*SASA   Sigma Z,Z'     Total   
    Z,Z'       Ang**2  cal/Ang**2/mol kcal/mol  
 ---------------------------------------------- 
  H   C         95.380     -60.770      -5.796
  H   O          0.000       0.000       0.000
  C   C         27.771     -72.950      -2.026
  O   C         16.507      68.690       1.134
  O   O          0.000       0.000       0.000

 Subtotal:                              -6.688
 ---------------------------------------------- 

 NONAQUEOUS SOLVENT CONTRIBUTION (kcal/mol):
 (proportional to SASA, atomic number independent)
 ---------------------------------------------- 
 Subtotal:                               0.000
 ---------------------------------------------- 

 CDS TOTAL (kcal/mol):                   4.982
...............................................................................
