20
 energy: -27.121172488028 gnorm: 0.034394366216 xtb: 6.7.1 (edcfbbe)
C           -3.51484486499185       -0.83971469993627        0.20539956941716
C           -2.10856735672606       -0.64705068777394       -0.35013848223991
C           -1.27776176355909        0.28825806430093        0.53837805294071
C            0.09359689558063        0.51123006048918       -0.03081908570688
O            0.30729965285107        0.90699427183830       -1.16628444637331
O            1.07019346072527        0.22517793213631        0.85160251420120
C            2.45153863388426        0.37566523981205        0.38842743525466
C            2.89797491372654       -0.84987323550830       -0.37500972036592
H           -3.48592264115565       -1.26973972564556        1.21241149726053
H           -4.04662908950607        0.11632911541130        0.26310256817096
H           -4.09777212609046       -1.51265047096245       -0.43105603212535
H           -2.15810033705505       -0.23057734231327       -1.36179383920534
H           -1.59846002293157       -1.61497275484306       -0.42538619407978
H           -1.20320380581171       -0.10624695018724        1.55469240769604
H           -1.76525855007826        1.27024412644808        0.59115347791196
H            2.52541120340961        1.28631182418634       -0.21094493868185
H            3.02372450780823        0.50332136429352        1.30909219918613
H            3.94892226459577       -0.73079965409507       -0.65708888743479
H            2.80880712062747       -1.74660611716618        0.24492762255006
H            2.31153011881516       -0.98765762405322       -1.28713391208269
20
 energy: -27.122323731826 gnorm: 0.013918133849 xtb: 6.7.1 (edcfbbe)
C           -3.50969499453571       -0.83586163763069        0.20717582592274
C           -2.10551800265394       -0.64526683341716       -0.34710081397400
C           -1.27553757705116        0.28855846505217        0.54119142016464
C            0.09385715670917        0.50563822476402       -0.03836754924968
O            0.30716333764478        0.90263969509237       -1.16541684040343
O            1.06372003898028        0.22533808323325        0.83636240642038
C            2.43882759833091        0.37117821764792        0.39235500766321
C            2.90095209510917       -0.85075701650848       -0.37404030243586
H           -3.47456102397842       -1.26549265296462        1.20748756146948
H           -4.03488815746538        0.11682637830324        0.26140132757925
H           -4.08183683921829       -1.50562821161241       -0.43232308975678
H           -2.15348243617491       -0.22456852251310       -1.35439505496955
H           -1.60190519298857       -1.61314953448342       -0.41782518122197
H           -1.18438318999450       -0.11262822983558        1.55122009676256
H           -1.76697712236850        1.26506343360806        0.59227289883575
H            2.50416551348352        1.27356443562246       -0.22091870110112
H            3.00377670726426        0.50214689825183        1.31651646812143
H            3.94597342630644       -0.72884988717865       -0.65311764050151
H            2.80137671738416       -1.74287266485418        0.24160218670098
H            2.31145015933495       -0.97823590414557       -1.28054821973295
20
 energy: -27.122567656682 gnorm: 0.004248629628 xtb: 6.7.1 (edcfbbe)
C           -3.50676500512821       -0.83374896245167        0.20776210728681
C           -2.10083430230029       -0.64566358863269       -0.34451057364093
C           -1.27275579889640        0.28870892242299        0.54452169227612
C            0.09443606688482        0.51065986309718       -0.04368538175325
O            0.30595130335630        0.90255211405193       -1.17115392662551
O            1.05858535088201        0.22318987213633        0.82318804696898
C            2.42711758476214        0.36981789355862        0.39424892756913
C            2.89965047311998       -0.85328946498919       -0.37256080784573
H           -3.46871240844216       -1.26213663920894        1.20525752927832
H           -4.02722540324217        0.11824926230853        0.25990483658088
H           -4.07384723820942       -1.50190305276083       -0.43339392540601
H           -2.14508638191572       -0.22213061876289       -1.34943597043018
H           -1.60041001351430       -1.61340645778861       -0.41239711880509
H           -1.16652639650719       -0.11807508369459        1.54952754070494
H           -1.76959833111373        1.25956305746115        0.59847680963904
H            2.49479106241027        1.26685918153652       -0.22812669030175
H            2.98677414675453        0.50254610434386        1.32033689729027
H            3.94209390973346       -0.72700176987028       -0.64447105153614
H            2.79302479930355       -1.74428372883045        0.23946469733200
H            2.31181479618079       -0.97286416749551       -1.27942183228830
20
 energy: -27.122595193627 gnorm: 0.001613406689 xtb: 6.7.1 (edcfbbe)
C           -3.50696592565800       -0.83300482093718        0.20754309192841
C           -2.09982358565199       -0.64606255398879       -0.34387496835053
C           -1.27234786805360        0.28826738932211        0.54581570045513
C            0.09371168029053        0.51018892238935       -0.04688488179797
O            0.30258536883793        0.90866683533795       -1.17360162997077
O            1.05727512016121        0.22130899241726        0.81852849364415
C            2.42406860138914        0.37044303971209        0.39395133091500
C            2.89982872179552       -0.85417653361406       -0.37160910161251
H           -3.46934828302247       -1.26067837392972        1.20563410988272
H           -4.02631822430582        0.11992208872112        0.25860635359894
H           -4.07392293247730       -1.50136750018358       -0.43382859928162
H           -2.14195393342743       -0.22291799658665       -1.34910092351879
H           -1.59989736167783       -1.61417229298930       -0.41035671589029
H           -1.16000709072088       -0.12154878048650        1.54873722089226
H           -1.77091786992353        1.25766048196433        0.60478017305400
H            2.49571860281469        1.26574532566516       -0.23095193366892
H            2.98312101922389        0.50476501414600        1.31996271957151
H            3.94331767635849       -0.72768863587045       -0.63913329166822
H            2.78976974980724       -1.74523412006081        0.23994074715494
H            2.31458474835846       -0.97247374459687       -1.28062608904383
20
 energy: -27.122608498901 gnorm: 0.002253595661 xtb: 6.7.1 (edcfbbe)
C           -3.50795129134518       -0.83249518753081        0.20625590430462
C           -2.09871333597450       -0.64789949311413       -0.34245836164042
C           -1.27202398898851        0.28685916763905        0.54759047010971
C            0.09188610586365        0.51821415981096       -0.04823702197418
O            0.29568887545440        0.92270598346712       -1.17499093053502
O            1.05661360881118        0.22139661118219        0.81279923774349
C            2.42169543622039        0.37100165774909        0.39137906269490
C            2.90105099728843       -0.85637359275147       -0.37049392763345
H           -3.47286010570672       -1.25833894009960        1.20599192263078
H           -4.02621178507731        0.12196953960312        0.25493722047798
H           -4.07566609344304       -1.50148720747668       -0.43477580555861
H           -2.13788226131146       -0.22631985397174       -1.34873588724624
H           -1.59927832406927       -1.61677070206035       -0.40643392350570
H           -1.15181393620709       -0.12719773854923        1.54780313280143
H           -1.77544521022579        1.25317795547483        0.61484884322067
H            2.49897703217098        1.26427902877215       -0.23614732894757
H            2.98088812645405        0.50819418318184        1.31693015898958
H            3.94728234863638       -0.73211445495868       -0.63030447150949
H            2.78467571763191       -1.74695896332172        0.24139583885315
H            2.32156629793575       -0.97419941661449       -1.28382232698207
20
 energy: -27.122614707463 gnorm: 0.001535971099 xtb: 6.7.1 (edcfbbe)
C           -3.50822227316990       -0.83197242998109        0.20570230197597
C           -2.09875631153254       -0.64841767115252       -0.34209826540618
C           -1.27212718899499        0.28589128813958        0.54835608026118
C            0.09120294830007        0.51884032329280       -0.04802265241639
O            0.29382472800622        0.92772793470681       -1.17312313790460
O            1.05710574101092        0.22119350773033        0.81191128141221
C            2.42231687070905        0.37139086061256        0.38968907393316
C            2.90175420277820       -0.85678663174279       -0.37020678692152
H           -3.47450157848235       -1.25725087946622        1.20573646103026
H           -4.02647452838558        0.12255147733079        0.25336747090600
H           -4.07581401765590       -1.50115282194173       -0.43523478069974
H           -2.13722726166098       -0.22734770746465       -1.34865864563792
H           -1.59987470462025       -1.61767315975073       -0.40540935822002
H           -1.15144800366753       -0.12925456023532        1.54810277665289
H           -1.77625707469593        1.25183357691711        0.61726335697186
H            2.49852752536361        1.26425307282369       -0.23848785809552
H            2.98168454489695        0.50997259187250        1.31512696199890
H            3.94862301415998       -0.73382183722381       -0.62820351920392
H            2.78391986499775       -1.74675932404357        0.24229139786285
H            2.32422171676147       -0.97557487399228       -1.28457035220588
20
 energy: -27.122626022195 gnorm: 0.001362312971 xtb: 6.7.1 (edcfbbe)
C           -3.50921650782338       -0.83002262710527        0.20291828404331
C           -2.09814313600818       -0.65062080594447       -0.33992614776497
C           -1.27230543975799        0.28219663180712        0.55255749642397
C            0.08865565598685        0.52332279244696       -0.04522689531023
O            0.28748125386125        0.94598452621304       -1.16483275337531
O            1.05870322265064        0.21952496728968        0.80909757375861
C            2.42387991008236        0.37229599100621        0.38251716923080
C            2.90463328592079       -0.85870961842415       -0.36937597321094
H           -3.48088685975002       -1.25329114438918        1.20371966007460
H           -4.02644419156441        0.12497176403349        0.24643164772987
H           -4.07553514016514       -1.49940635156245       -0.43861646014552
H           -2.13284596495579       -0.23055353084857       -1.34706670493883
H           -1.60178771153220       -1.62129431088431       -0.40065144844513
H           -1.15000453705428       -0.13673859978061        1.55058094486606
H           -1.77952219964027        1.24633941870865        0.62591847533792
H            2.49341071628849        1.26268625370809       -0.24973244953400
H            2.98414816961514        0.51789309081966        1.30684331048653
H            3.95345515157913       -0.74004071511999       -0.62106194694683
H            2.78126678033193       -1.74549336145076        0.24633362666769
H            2.33353575605335       -0.98140163409167       -1.28689560265404
20
 energy: -27.122630656397 gnorm: 0.000798154046 xtb: 6.7.1 (edcfbbe)
C           -3.50983277522597       -0.82917285348616        0.20133623377202
C           -2.09711537641188       -0.65163569171395       -0.33855568014659
C           -1.27229234505825        0.28087548467560        0.55538478118937
C            0.08739964844232        0.52588034737607       -0.04384268470766
O            0.28407129839564        0.95486981474169       -1.16166674093544
O            1.05871438870363        0.21722100659398        0.80685909933831
C            2.42299938126395        0.37256704220010        0.37929787591350
C            2.90606300133641       -0.86010235132117       -0.36888886046815
H           -3.48388431127572       -1.25106670880765        1.20276359358784
H           -4.02593433555714        0.12653982262749        0.24233349040875
H           -4.07518823837745       -1.49883270725512       -0.44075062447555
H           -2.12903150830580       -0.23158855864356       -1.34579024246105
H           -1.60166994194722       -1.62279306380810       -0.39779551112969
H           -1.14732133973637       -0.14033383498349        1.55208069186622
H           -1.78151732356820        1.24368756588770        0.63130920390352
H            2.49002213607146        1.26082292496817       -0.25627475686887
H            2.98362698365281        0.52261344635685        1.30254403205852
H            3.95575850766746       -0.74227385671884       -0.61707988422694
H            2.77987170520182       -1.74549196052202        0.24827793531449
H            2.33773865884677       -0.98414313173612       -1.28801014563905
20
 energy: -27.122633776248 gnorm: 0.000226188953 xtb: 6.7.1 (edcfbbe)
C           -3.51062056437810       -0.82842359903608        0.19899802259463
C           -2.09576343352531       -0.65250172778610       -0.33670432730792
C           -1.27264203642622        0.27991129252171        0.55928501703047
C            0.08575146454067        0.52967992993324       -0.04076994688619
O            0.27982487318838        0.96547799402441       -1.15669576608065
O            1.05880719377762        0.21360537797111        0.80471158815453
C            2.42201539589101        0.37243529853607        0.37512601982523
C            2.90824263868095       -0.86209338375450       -0.36850003637898
H           -3.48781914993091       -1.24825304350458        1.20139765896006
H           -4.02592984766360        0.12791651326933        0.23638424253269
H           -4.07428836141421       -1.49898374231869       -0.44369058498561
H           -2.12431175478488       -0.23236391138037       -1.34398563251688
H           -1.60099094555457       -1.62404424829735       -0.39422922874569
H           -1.14543326699220       -0.14349202731300        1.55461550659814
H           -1.78430101683878        1.24109389854959        0.63757224287138
H            2.48493611108995        1.25779845598364       -0.26477669061993
H            2.98353168042542        0.52873158884417        1.29655172393410
H            3.95866364922056       -0.74440217705645       -0.61346769704831
H            2.78015986471965       -1.74577172538820        0.25073228505494
H            2.34264572009283       -0.98867802736649       -1.28902259069245
20
 energy: -27.122634491915 gnorm: 0.000221709644 xtb: 6.7.1 (edcfbbe)
C           -3.51077662875524       -0.82825207166854        0.19807649655804
C           -2.09528425752346       -0.65239073100880       -0.33597470505189
C           -1.27294881538772        0.27996209508461        0.56085654382935
C            0.08513568665129        0.53039459615725       -0.03962214521635
O            0.27822696137055        0.96927979188704       -1.15463707014174
O            1.05881696124616        0.21198375461661        0.80400822589374
C            2.42156297480792        0.37212320133574        0.37362896544967
C            2.90914232797423       -0.86292605175387       -0.36836691778637
H           -3.48920546852697       -1.24734958105914        1.20079608002626
H           -4.02637925320731        0.12797563989170        0.23402734497374
H           -4.07336163826832       -1.49942840464285       -0.44491277562784
H           -2.12267689593370       -0.23213182976556       -1.34323644867538
H           -1.60045260152639       -1.62392482227743       -0.39298102273557
H           -1.14548752430249       -0.14410553262582        1.55589797222236
H           -1.78519434598440        1.24077660801625        0.63960776998437
H            2.48279985861129        1.25643327500784       -0.26786824431908
H            2.98349406166383        0.53076308724639        1.29437286371791
H            3.95945059484261       -0.74437947002352       -0.61338620667701
H            2.78191648369618       -1.74593709345823        0.25198636131220
H            2.34369973267021       -0.99122372452824       -1.28874128144287
20
 energy: -27.122635272523 gnorm: 0.000175503686 xtb: 6.7.1 (edcfbbe)
C           -3.51077779286810       -0.82844596920954        0.19705625531714
C           -2.09476845858981       -0.65194058350047       -0.33523552789820
C           -1.27347157230159        0.28060728224545        0.56241764913165
C            0.08450161595831        0.53158610495970       -0.03808251943976
O            0.27668951002560        0.97318476596951       -1.15217532730575
O            1.05880981903654        0.21023247593889        0.80351972921488
C            2.42114040485700        0.37144374669389        0.37220531557130
C            2.90998478269780       -0.86397889860464       -0.36828831424794
H           -3.49035922104423       -1.24674293181241        1.20012054337791
H           -4.02723884030380        0.12736943338143        0.23147371940991
H           -4.07187335255927       -1.50058970934556       -0.44623425724573
H           -2.12123435733641       -0.23147478203030       -1.34243934082953
H           -1.59947910652425       -1.62326964957208       -0.39190191273888
H           -1.14633022691089       -0.14371717554136        1.55742019288199
H           -1.78617892208693        1.24118262285117        0.64106369413030
H            2.48071194533180        1.25481478845722       -0.27070212569517
H            2.98354770723263        0.53224535923558        1.29227445932527
H            3.95966061044504       -0.74354955097588       -0.61512683046236
H            2.78567313433340       -1.74621192727641        0.25375937579983
H            2.34347053472543       -0.99510266543273       -1.28759297200332
20
 energy: -27.122635898109 gnorm: 0.000184486274 xtb: 6.7.1 (edcfbbe)
C           -3.51057809242075       -0.82889624122309        0.19598593043048
C           -2.09410774352734       -0.65143023986865       -0.33458205684759
C           -1.27407399945806        0.28151610807398        0.56385356971881
C            0.08375893866343        0.53347159169571       -0.03662653556130
O            0.27504017600843        0.97877606929315       -1.14944381800743
O            1.05869235194546        0.20856746940739        0.80288227001443
C            2.42072549023088        0.37057342306749        0.37078071087569
C            2.91066386218421       -0.86532309491436       -0.36808902856521
H           -3.49122182616304       -1.24638478712378        1.19941235661550
H           -4.02817599856546        0.12636561316023        0.22888684628554
H           -4.07007324197693       -1.50215399883477       -0.44754339233918
H           -2.11981427255449       -0.23086555505771       -1.34178588418847
H           -1.59811613375098       -1.62244920126354       -0.39082358595527
H           -1.14716881620008       -0.14301901293600        1.55881011383275
H           -1.78750065680258        1.24173259027784        0.64242006742905
H            2.47891144106241        1.25307287911517       -0.27345674198019
H            2.98358164461134        0.53341244585317        1.29027467695443
H            3.95931535522183       -0.74257438892459       -0.61832113930555
H            2.79069286310358       -1.74647202622826        0.25637704856538
H            2.34192687250640       -1.00027690713791       -1.28547960167833
20
 energy: -27.122636252674 gnorm: 0.000109529528 xtb: 6.7.1 (edcfbbe)
C           -3.51015316533554       -0.82938370245653        0.19554459490519
C           -2.09356315495921       -0.65119712184690       -0.33442892806473
C           -1.27435700642574        0.28226870060226        0.56424787379543
C            0.08339935042972        0.53507133972971       -0.03608316087265
O            0.27443775793684        0.98249439585123       -1.14800204187621
O            1.05847156782049        0.20803082937278        0.80240226561157
C            2.42044790252797        0.37007189386822        0.37025600822241
C            2.91052394112326       -0.86619971386628       -0.36785860337793
H           -3.49103454521659       -1.24658370252747        1.19908202914513
H           -4.02836976008436        0.12554703541961        0.22791764600714
H           -4.06889832488725       -1.50316358899848       -0.44807532101298
H           -2.11913409136121       -0.23069878480462       -1.34166446236630
H           -1.59707210295377       -1.62197316431742       -0.39040542669760
H           -1.14728424951726       -0.14234825350788        1.55913685545050
H           -1.78845988440885        1.24211954096234        0.64276099766264
H            2.47846046818264        1.25222664251000       -0.27448404252737
H            2.98338203091942        0.53353322952912        1.28960956335736
H            3.95829965630110       -0.74204686167195       -0.62102883053385
H            2.79367625692365       -1.74661638281049        0.25820682006393
H            2.33970556710296       -1.00350959460578       -1.28360203059816
20
 energy: -27.122636498540 gnorm: 0.000057145198 xtb: 6.7.1 (edcfbbe)
C           -3.50957776526224       -0.82990015576361        0.19538204419829
C           -2.09301841717765       -0.65119242714734       -0.33455302888357
C           -1.27450560088466        0.28287438978650        0.56415207407694
C            0.08314082656992        0.53670367857004       -0.03596054042851
O            0.27423289354047        0.98624795729477       -1.14703068284021
O            1.05818224610968        0.20792420979567        0.80199972346680
C            2.42029379651836        0.36972831569759        0.37003750665744
C            2.91002849671558       -0.86691335431911       -0.36761228296128
H           -3.49028772522406       -1.24704506991072        1.19894947315100
H           -4.02810973092252        0.12486759950106        0.22774077997216
H           -4.06811135185950       -1.50389777873739       -0.44819942893185
H           -2.11871646002908       -0.23095159101280       -1.34190234603919
H           -1.59606232881669       -1.62174832079033       -0.39020967327453
H           -1.14715439375912       -0.14177776944044        1.55896128602068
H           -1.78937428651493        1.24229281846840        0.64266625100794
H            2.47855311262184        1.25173910788811       -0.27488303006967
H            2.98315144774354        0.53332835315509        1.28943438226260
H            3.95712206496984       -0.74207714731147       -0.62332698938643
H            2.79540535477284       -1.74665262324708        0.25980332497776
H            2.33728603500664       -1.00590745604545       -1.28191703668282
20
 energy: -27.122636589054 gnorm: 0.000053999430 xtb: 6.7.1 (edcfbbe)
C           -3.50914518399818       -0.83022334106137        0.19547215540896
C           -2.09268118791312       -0.65128787978344       -0.33471208820653
C           -1.27450011645915        0.28321978957143        0.56386359976367
C            0.08311496924235        0.53749573705754       -0.03605331203011
O            0.27440803540090        0.98757278341030       -1.14683685029333
O            1.05801221758490        0.20821209871547        0.80187329172298
C            2.42022099950918        0.36968960819347        0.37012094421429
C            2.90947287067023       -0.86717884674034       -0.36749528099965
H           -3.48955009212267       -1.24756359679524        1.19894594195315
H           -4.02767072471553        0.12452782786811        0.22816669424380
H           -4.06781729272663       -1.50409571618190       -0.44810621662695
H           -2.11858226088246       -0.23123861601906       -1.34213029008013
H           -1.59548977316282       -1.62172166384902       -0.39020871830665
H           -1.14694068156427       -0.14136858599215        1.55865988196015
H           -1.78981380673979        1.24239179017467        0.64226815869126
H            2.47881081266831        1.25171112582568       -0.27476000100429
H            2.98300160374331        0.53306191580562        1.28959481525124
H            3.95641039717229       -0.74255200381327       -0.62385371930600
H            2.79504702639041       -1.74676092404009        0.26015500506954
H            2.33617040202099       -1.00624876591493       -1.28143220513184
