----------------------------------------------- 
  Element       SASA      Sigma Z        Total  
     Z         Ang**2 cal/Ang**2/mol   kcal/mol 
----------------------------------------------- 
      H        141.754      48.690       6.902
      C         35.211     129.740       4.568
      O         30.454       0.000       0.000

 Subtotal:     207.418                  11.470
 -----------------------------------------------

  Elements    COT*SASA   Sigma Z,Z'     Total   
    Z,Z'       Ang**2  cal/Ang**2/mol kcal/mol  
 ---------------------------------------------- 
  H   C         95.302     -60.770      -5.791
  H   O          0.000       0.000       0.000
  C   C         26.608     -72.950      -1.941
  O   C         15.245      68.690       1.047
  O   O          0.000       0.000       0.000

 Subtotal:                              -6.685
 ---------------------------------------------- 

 NONAQUEOUS SOLVENT CONTRIBUTION (kcal/mol):
 (proportional to SASA, atomic number independent)
 ---------------------------------------------- 
 Subtotal:                               0.000
 ---------------------------------------------- 

 CDS TOTAL (kcal/mol):                   4.785
...............................................................................
