20
 energy: -386.243108921649 gnorm: 0.004216118005 xtb: 6.7.1 (edcfbbe)
C           -1.89933750847904       -1.23165778532328        1.19458830837411
C           -2.16233310117465       -0.55029503897063       -0.14524898452234
C           -1.55805305827704        0.86298683711435       -0.22097815148946
C           -0.08030523341671        0.86006765601219        0.05016486457704
O            0.46297472456466        1.40495714100169        1.00013799072373
O            0.59014183992336        0.16088079150853       -0.88964953487663
C            2.03525453283597        0.01478663455673       -0.71009774655669
C            2.34594629257610       -1.11947480251780        0.24181465639973
H           -2.39371919305445       -2.20677966192822        1.23717437218798
H           -0.82756899591153       -1.39730711645059        1.35654029876569
H           -2.27474490235848       -0.62542246180620        2.02653345622017
H           -3.24063022942050       -0.45713714228143       -0.31304278553458
H           -1.76342159422230       -1.16069821389084       -0.96257934391753
H           -2.02802930057788        1.52094333912399        0.51489868117021
H           -1.72362367448317        1.28133425433207       -1.22087957568505
H            2.40327709047377       -0.19429042224097       -1.71791639807477
H            2.44713516218056        0.96907700422562       -0.36679624394800
H            3.43118873175786       -1.25029866965147        0.29942530107252
H            1.97419823089711       -0.91053916571189        1.24893564825514
H            1.90556025416694       -2.05625506253769       -0.11500174907313
20
 energy: -386.243130074953 gnorm: 0.001242521235 xtb: 6.7.1 (edcfbbe)
C           -1.89923702468053       -1.23085620436574        1.19410471456014
C           -2.16227309993361       -0.55030637005469       -0.14551179184003
C           -1.55860083693647        0.86273899302377       -0.22120947573853
C           -0.08067594054424        0.85900756983817        0.04899954200694
O            0.46148237509351        1.40284121398511        0.99844863993115
O            0.59075749314212        0.16272722528837       -0.89041684761223
C            2.03537365448119        0.01426386079260       -0.70957891532332
C            2.34555280500771       -1.11924032899585        0.24156969437946
H           -2.39177134719604       -2.20699445315022        1.23814210076142
H           -0.82695159494644       -1.39397268239044        1.35567837019173
H           -2.27548944227709       -0.62419811839203        2.02520761923654
H           -3.24054938634024       -0.45859993288855       -0.31350919343914
H           -1.76250995104762       -1.16041692472055       -0.96224993755361
H           -2.02714494207824        1.51834439713564        0.51698316546292
H           -1.72581170160767        1.28363677341806       -1.21906858137816
H            2.40508883479898       -0.19531722581203       -1.71537929577169
H            2.44736382799493        0.96674674959072       -0.36596294248261
H            3.43086356233256       -1.25087850673365        0.29771222715539
H            1.97407156418980       -0.90954903639359        1.24825703987494
H            1.90437101263699       -2.05509889218818       -0.11419321567881
20
 energy: -386.243135311118 gnorm: 0.001347610589 xtb: 6.7.1 (edcfbbe)
C           -1.89812912815073       -1.22928729043079        1.19328894067269
C           -2.16178488260742       -0.55106500247690       -0.14694239311087
C           -1.55898781224701        0.86192707259589       -0.22099118842249
C           -0.08031115086243        0.85861320693306        0.04726887004431
O            0.46080940700916        1.40039968416216        0.99776713706553
O            0.59143470195802        0.16467041121823       -0.89176313115609
C            2.03549885570358        0.01406856712727       -0.70925340881029
C            2.34331235919815       -1.11898776282546        0.24194508994137
H           -2.38768396993978       -2.20689896259059        1.23879906963691
H           -0.82537945765866       -1.38887169808582        1.35581372048316
H           -2.27649610129545       -0.62246378352757        2.02326049203288
H           -3.24003938770155       -0.46107797390441       -0.31587770710237
H           -1.76051758313247       -1.16101340518044       -0.96289390917373
H           -2.02526782223587        1.51445911611599        0.52102229321889
H           -1.72938485967010        1.28645039123686       -1.21633917261108
H            2.40581967337218       -0.19647500634536       -1.71389521102023
H            2.44797824679519        0.96540102225660       -0.36558052675980
H            3.42857417809533       -1.25241209308484        0.29562372597119
H            1.97402575415334       -0.90841780449205        1.24902893740636
H            1.90043828844125       -2.05414067288632       -0.11225896481992
20
 energy: -386.243137610087 gnorm: 0.000574441935 xtb: 6.7.1 (edcfbbe)
C           -1.89750013212426       -1.22920367241760        1.19319525567814
C           -2.16062358550730       -0.55141950760726       -0.14739643086655
C           -1.55929540219899        0.86214311450435       -0.22094430083392
C           -0.08040158300239        0.85806423931822        0.04702308310408
O            0.46070156270403        1.40040888790802        0.99783582336422
O            0.59133388366354        0.16584339039369       -0.89278416479017
C            2.03531762793149        0.01408276117641       -0.70951106476881
C            2.34189336527799       -1.11903590734423        0.24216126016590
H           -2.38503329791307       -2.20777548943020        1.23891110991575
H           -0.82459554971216       -1.38642015993408        1.35696258346002
H           -2.27779992922008       -0.62248152118377        2.02239504190217
H           -3.23879863042701       -0.46241294846471       -0.31744418901159
H           -1.75811172316680       -1.16120734135978       -0.96294071663178
H           -2.02496661956985        1.51339414813948        0.52271370537498
H           -1.73072668330173        1.28825203715480       -1.21553497567421
H            2.40580569250454       -0.19711591542139       -1.71414242523491
H            2.44862293071238        0.96535736443300       -0.36585951769131
H            3.42694335952512       -1.25459302432239        0.29492830290136
H            1.97425675921092       -0.90733397273086        1.24965558510972
H            1.89688687486982       -2.05366855846347       -0.11120142609386
20
 energy: -386.243137610087 gnorm: 0.000574441935 xtb: 6.7.1 (edcfbbe)
C           -1.89750013212426       -1.22920367241760        1.19319525567814
C           -2.16062358550730       -0.55141950760726       -0.14739643086655
C           -1.55929540219899        0.86214311450435       -0.22094430083392
C           -0.08040158300239        0.85806423931822        0.04702308310408
O            0.46070156270403        1.40040888790802        0.99783582336422
O            0.59133388366354        0.16584339039369       -0.89278416479017
C            2.03531762793149        0.01408276117641       -0.70951106476881
C            2.34189336527799       -1.11903590734423        0.24216126016590
H           -2.38503329791307       -2.20777548943020        1.23891110991575
H           -0.82459554971216       -1.38642015993408        1.35696258346002
H           -2.27779992922008       -0.62248152118377        2.02239504190217
H           -3.23879863042701       -0.46241294846471       -0.31744418901159
H           -1.75811172316680       -1.16120734135978       -0.96294071663178
H           -2.02496661956985        1.51339414813948        0.52271370537498
H           -1.73072668330173        1.28825203715480       -1.21553497567421
H            2.40580569250454       -0.19711591542139       -1.71414242523491
H            2.44862293071238        0.96535736443300       -0.36585951769131
H            3.42694335952512       -1.25459302432239        0.29492830290136
H            1.97425675921092       -0.90733397273086        1.24965558510972
H            1.89688687486982       -2.05366855846347       -0.11120142609386
