----------------------------------------------- 
  Element       SASA      Sigma Z        Total  
     Z         Ang**2 cal/Ang**2/mol   kcal/mol 
----------------------------------------------- 
      H        125.966      48.690       6.133
      C         19.410     129.740       2.518
      N         12.576       0.000       0.000

 Subtotal:     157.952                   8.652
 -----------------------------------------------

  Elements    COT*SASA   Sigma Z,Z'     Total   
    Z,Z'       Ang**2  cal/Ang**2/mol kcal/mol  
 ---------------------------------------------- 
  H   C         69.661     -60.770      -4.233
  C   C         16.126     -72.950      -1.176
  C   N          1.662       0.000       0.000
  N   C         39.956     -48.220      -1.927
  N  C(3)        0.000      84.100       0.000

 Subtotal:                              -7.336
 ---------------------------------------------- 

 NONAQUEOUS SOLVENT CONTRIBUTION (kcal/mol):
 (proportional to SASA, atomic number independent)
 ---------------------------------------------- 
 Subtotal:                               0.000
 ---------------------------------------------- 

 CDS TOTAL (kcal/mol):                   1.315
...............................................................................
