----------------------------------------------- 
  Element       SASA      Sigma Z        Total  
     Z         Ang**2 cal/Ang**2/mol   kcal/mol 
----------------------------------------------- 
      H        161.565      48.690       7.867
      C         31.152     129.740       4.042
      N          6.976       0.000       0.000

 Subtotal:     199.694                  11.908
 -----------------------------------------------

  Elements    COT*SASA   Sigma Z,Z'     Total   
    Z,Z'       Ang**2  cal/Ang**2/mol kcal/mol  
 ---------------------------------------------- 
  H   C        102.727     -60.770      -6.243
  C   C         20.018     -72.950      -1.460
  C   N          0.605       0.000       0.000
  N   C         49.957     -48.220      -2.409
  N  C(3)        0.000      84.100       0.000

 Subtotal:                             -10.112
 ---------------------------------------------- 

 NONAQUEOUS SOLVENT CONTRIBUTION (kcal/mol):
 (proportional to SASA, atomic number independent)
 ---------------------------------------------- 
 Subtotal:                               0.000
 ---------------------------------------------- 

 CDS TOTAL (kcal/mol):                   1.796
...............................................................................
