----------------------------------------------- 
  Element       SASA      Sigma Z        Total  
     Z         Ang**2 cal/Ang**2/mol   kcal/mol 
----------------------------------------------- 
      H        141.696      48.690       6.899
      C         36.905     129.740       4.788
      O         29.968       0.000       0.000

 Subtotal:     208.569                  11.687
 -----------------------------------------------

  Elements    COT*SASA   Sigma Z,Z'     Total   
    Z,Z'       Ang**2  cal/Ang**2/mol kcal/mol  
 ---------------------------------------------- 
  H   C         95.525     -60.770      -5.805
  H   O          0.000       0.000       0.000
  C   C         26.655     -72.950      -1.944
  O   C         16.021      68.690       1.100
  O   O          0.000       0.000       0.000

 Subtotal:                              -6.649
 ---------------------------------------------- 

 NONAQUEOUS SOLVENT CONTRIBUTION (kcal/mol):
 (proportional to SASA, atomic number independent)
 ---------------------------------------------- 
 Subtotal:                               0.000
 ---------------------------------------------- 

 CDS TOTAL (kcal/mol):                   5.038
...............................................................................
