31
 energy: -51.632710629213 gnorm: 0.038174023488 xtb: 6.7.1 (edcfbbe)
C           -3.77916489548189        0.59221069074502       -1.80048546162093
C           -3.30409321792314       -0.39924361499256       -0.74058844111256
H           -3.56351976862902       -1.41993029444085       -1.03906576839892
C           -1.79946328803317       -0.34997467593051       -0.53574367550792
C           -1.00097657929031       -1.46256521871479       -0.80217569167968
C            0.37716302979876       -1.39808295884310       -0.63780298651151
C            1.01523649796092       -0.22948306576928       -0.19949601909836
C            0.17855145396024        0.85483501455282        0.07183165882965
C           -1.19336501264778        0.82384666099729       -0.08314993294976
F            0.72507237123498        2.00373390382168        0.55080095044234
C            2.48145393417670       -0.17159252557396       -0.03323101035380
C            3.15968884724683       -1.24522314881242        0.55985851616004
C            4.54391148683668       -1.22143310020426        0.69437397007469
C            5.27390860697363       -0.12656550857845        0.23724763645975
C            4.60924779556318        0.94425335633760       -0.35688428712446
C            3.22496114721027        0.92555780589707       -0.49038823219633
C           -3.97686098915682       -0.14721458808264        0.59324610375628
O           -4.54073133682905        0.88096604663728        0.91860900764307
O           -3.86414183912408       -1.21258157335311        1.41793186278564
H           -4.86111034360690        0.51576124670186       -1.94011542686298
H           -3.53828934717793        1.61964389350914       -1.51636729020118
H           -3.28800589266752        0.37160836706109       -2.75181011139364
H           -1.45997373648858       -2.38157099059083       -1.15289743970376
H            0.98662886647049       -2.26526140280652       -0.87209290184047
H           -1.77457292693644        1.70847826521560        0.15878186521080
H            2.59488097858929       -2.09522915959542        0.93053372499583
H            5.05250797714604       -2.05840914655499        1.16259034769196
H            6.35401972705447       -0.10797044139033        0.34241206041642
H            5.17137556797483        1.79737785872934       -0.72410519561802
H            2.72005157543880        1.75548921103618       -0.97288447345120
H           -4.28335743921918       -0.99013559754909        2.26787232324304
31
 energy: -51.634564361000 gnorm: 0.016251744522 xtb: 6.7.1 (edcfbbe)
C           -3.76832629053051        0.58845385615421       -1.80287179415624
C           -3.29548941972675       -0.40400326192285       -0.74332848632660
H           -3.56190115244580       -1.42310565538458       -1.03856142133155
C           -1.79412748719575       -0.34824806503584       -0.53830762283767
C           -0.99492618149328       -1.45366155473266       -0.80398297707886
C            0.37718555175234       -1.39281534883659       -0.63782144270912
C            1.01326460257325       -0.23061471597926       -0.19845002082892
C            0.18165628696460        0.85376059991416        0.07512359522700
C           -1.18895109663852        0.81808115164421       -0.08196300592104
F            0.72712756630840        2.00967535713781        0.54907087849578
C            2.47752018037305       -0.17686331543890       -0.03937294274940
C            3.15365960764746       -1.24308587496207        0.55447181567975
C            4.53042077233785       -1.21551837059275        0.69326600070473
C            5.25596581426752       -0.12641392317314        0.23652269723799
C            4.59413980485056        0.93736483204201       -0.35628150504914
C            3.21667909894677        0.91580230605618       -0.49279208397030
C           -3.95812505896657       -0.14422027823761        0.59274728290505
O           -4.51475979127835        0.87898748824534        0.91720422499559
O           -3.85968650891596       -1.19751214545123        1.41147043654771
H           -4.84620711934208        0.51273313829990       -1.93225803649278
H           -3.53490855133868        1.60935597440532       -1.50943063115531
H           -3.28176797732705        0.37509792662009       -2.75231549481362
H           -1.45001919940046       -2.37065090521328       -1.14806310253578
H            0.98217069518408       -2.25720159404561       -0.87019904397358
H           -1.76989258800088        1.69598966376426        0.16122337974582
H            2.59218121506905       -2.08823276369329        0.92686648153530
H            5.03909033849600       -2.04837409135814        1.15814449793875
H            6.33158844342062       -0.10672345830502        0.34109586093814
H            5.15368991561943        1.78909332478554       -0.71732227684087
H            2.71303482806743        1.74720803655724       -0.96547241762816
H           -4.27925304885348       -0.99306302380456        2.26839283653140
31
 energy: -51.634934830060 gnorm: 0.006684550768 xtb: 6.7.1 (edcfbbe)
C           -3.76059346917474        0.58670528729614       -1.80457299109838
C           -3.28982085176190       -0.40848332711479       -0.74598248766982
H           -3.56011790662440       -1.42642188758776       -1.03937650793770
C           -1.79177129983305       -0.35077054490299       -0.53964368668813
C           -0.99140269797067       -1.45299082857759       -0.80622433122814
C            0.37809085690911       -1.39193582533046       -0.63929018598330
C            1.01005287375713       -0.23075770920117       -0.19897640988878
C            0.18151582367383        0.85345700494630        0.07606919908236
C           -1.18853785039263        0.81289782998911       -0.08042238747396
F            0.72416559704489        2.01339208022383        0.55153448691472
C            2.47225185182133       -0.17844004683771       -0.04002050924071
C            3.14628562828083       -1.24310292762556        0.55343321734233
C            4.52060841481689       -1.21475663707372        0.69189007369684
C            5.24411373138397       -0.12638987284058        0.23550443211508
C            4.58317178692045        0.93586382092053       -0.35607590749989
C            3.20785799849049        0.91312861270898       -0.49253983680501
C           -3.94958564802547       -0.14135645196916        0.59079861563427
O           -4.48645985460999        0.89066925186365        0.91847642752871
O           -3.85389567796369       -1.18381218716067        1.40643107694027
H           -4.83663972531792        0.51005460942929       -1.93238430628853
H           -3.52998437888669        1.60374250352162       -1.50225235431354
H           -3.27204593899280        0.37775448651775       -2.75091228483226
H           -1.44292717502255       -2.36820287737384       -1.15282224379200
H            0.98296322997030       -2.25358946914696       -0.87136709353221
H           -1.77049739713312        1.68709117352756        0.16518770113563
H            2.58547328933726       -2.08670381853326        0.92497904416855
H            5.02921471021892       -2.04402253909085        1.15882874871631
H            6.31754156466270       -0.10480951835846        0.34203963351957
H            5.14106691765716        1.78703112423188       -0.71518391482786
H            2.70397823916768        1.74278411739122       -0.96474357282771
H           -4.26303939197899       -0.99673012438346        2.27442403721735
31
 energy: -51.635045299867 gnorm: 0.003048765029 xtb: 6.7.1 (edcfbbe)
C           -3.75720011614115        0.58529822024235       -1.80635647090999
C           -3.28806874610124       -0.41092486931090       -0.74712057421409
H           -3.56145014465810       -1.42867235253432       -1.03740937754899
C           -1.79152326644755       -0.35355246032974       -0.54263893550411
C           -0.99063279517875       -1.45515169304384       -0.81115437141479
C            0.37839025465921       -1.39313741565970       -0.64242516063082
C            1.00735333808305       -0.23144318678015       -0.19953225483648
C            0.17961691679414        0.85221739644847        0.07691889135195
C           -1.19013973058497        0.80963189404667       -0.08025983907691
F            0.72020071401734        2.01329738123518        0.55501545063741
C            2.46873213166395       -0.17902975572813       -0.03995421793785
C            3.14179381894601       -1.24384141510411        0.55413594110415
C            4.51597655481527       -1.21424977539718        0.69356875240127
C            5.23868255439473       -0.12490352830654        0.23697312033123
C            4.57786115648399        0.93702827077728       -0.35587105841611
C            3.20245798956524        0.91320301207521       -0.49290808634088
C           -3.93712530064774       -0.13493923818994        0.59458066400139
O           -4.46052167573447        0.90589482118776        0.92161987281289
O           -3.85404768504422       -1.17740824826531        1.40457699418760
H           -4.83275402127529        0.50802571147092       -1.93660164322681
H           -3.52743286136223        1.60110663573019       -1.49937613571538
H           -3.26528958088826        0.37898435818267       -2.75113703929210
H           -1.44080375761821       -2.37021288269388       -1.15983658153087
H            0.98506806308081       -2.25321207863882       -0.87457738664726
H           -1.77366230604410        1.68207405490318        0.16830560255532
H            2.58037994633502       -2.08728207336672        0.92508316943957
H            5.02522001566558       -2.04307423176446        1.16029537153167
H            6.31192709735513       -0.10289705371529        0.34332464851971
H            5.13511098702236        1.78840305628376       -0.71496763876793
H            2.69723311556132        1.74193793531851       -0.96528335047440
H           -4.25431941629256       -1.00187517961423        2.27981732569568
31
 energy: -51.635116452617 gnorm: 0.004840370719 xtb: 6.7.1 (edcfbbe)
C           -3.75520714834977        0.58366702228511       -1.80836432364430
C           -3.28859388270172       -0.41304303559272       -0.74799804018492
H           -3.56657563235510       -1.43032702397957       -1.03435908131470
C           -1.79237892968789       -0.35789433558948       -0.54626717298029
C           -0.99081920375880       -1.45884377837571       -0.81854237220252
C            0.37832970534660       -1.39530613782454       -0.64793379936792
C            1.00445435616603       -0.23311116748306       -0.20059700179754
C            0.17634760973626        0.84916127789495        0.07840438435278
C           -1.19315594656648        0.80516121281870       -0.07968662586974
F            0.71491902400103        2.00982041072801        0.56081458147414
C            2.46546944473750       -0.17957295097870       -0.03944993721650
C            3.13822015625965       -1.24458069792713        0.55569703717903
C            4.51279079519881       -1.21341277339780        0.69604178670100
C            5.23458020753775       -0.12261296734843        0.23919651831991
C            4.57352238646169        0.93924442971420       -0.35497621967675
C            3.19757746061348        0.91404224261812       -0.49282650163808
C           -3.92872368943347       -0.12855129945664        0.59781197699869
O           -4.42364950888657        0.92770181914417        0.92781262653631
O           -3.85804586808879       -1.17228705270380        1.40333914816543
H           -4.83008654521142        0.50458007824908       -1.94545513395231
H           -3.52783895984782        1.59932962622378       -1.49762885261251
H           -3.25682230882033        0.37994711821640       -2.75078431490073
H           -1.44015030797551       -2.37338669989622       -1.17129503678681
H            0.98791967828197       -2.25342582052077       -0.88147057236495
H           -1.77884354170133        1.67600254934502        0.17195403190537
H            2.57593295236713       -2.08821585546017        0.92613645384356
H            5.02303017643284       -2.04175880385051        1.16336639390190
H            6.30806695879550       -0.09963487555199        0.34630448414142
H            5.13029191784278        1.79114411663699       -0.71455724567328
H            2.69041750696390        1.74148590009084       -0.96618831373905
H           -4.23994561293362       -1.00402721856924        2.28830680448741
31
 energy: -51.635088528073 gnorm: 0.011199081331 xtb: 6.7.1 (edcfbbe)
C           -3.75321552308782        0.58205214747335       -1.81036016907626
C           -3.28911170347370       -0.41515317145177       -0.74887501396298
H           -3.57166388119048       -1.43197330227992       -1.03134299530645
C           -1.79323019211711       -0.36221364578639       -0.54987088390898
C           -0.99100279633504       -1.46251871542799       -0.82588013064312
C            0.37827129609967       -1.39746443678047       -0.65339909443494
C            1.00156899486952       -0.23476583461399       -0.20164999826328
C            0.17309562115507        0.84612794651700        0.07988096752571
C           -1.19615671978949        0.80071671869999       -0.07911550013070
F            0.70966232707213        2.00637662513958        0.56657264779205
C            2.46222139752790       -0.18011059533728       -0.03894560546351
C            3.13466041354819       -1.24531756511159        0.55724986397535
C            4.50961832183953       -1.21258457152852        0.69849853372350
C            5.23049757293762       -0.12033810624175        0.24140300350005
C            4.56920509841497        0.94144857865569       -0.35409014346415
C            3.19271938660710        0.91487948744069       -0.49274562910444
C           -3.92039638801199       -0.12221615368451        0.60101066471587
O           -4.38702279922670        0.94937639658784        0.93395445556991
O           -3.86199366193463       -1.16718818362547        1.40210965662899
H           -4.82742700976203        0.50117375392669       -1.95424790564383
H           -3.52821714272705        1.59756480639672       -1.49588374071380
H           -3.24840132867737        0.38090982938809       -2.75043671117616
H           -1.43949597208262       -2.37654948119965       -1.18267815272637
H            0.99075885873375       -2.25364072954198       -0.88830690322357
H           -1.78399664103110        1.66996927532225        0.17557969882796
H            2.57150288973068       -2.08914561127832        0.92718487442389
H            5.02084801172008       -2.04045698389247        1.16641503748126
H            6.30422575162234       -0.09639626866735        0.34925935411493
H            5.12549735246122        1.79386951457925       -0.71415489624725
H            2.68363465762049        1.74103955275076       -0.96708850840219
H           -4.22562294208883       -1.00617596696960        2.29675890569655
31
 energy: -51.635151224037 gnorm: 0.003979519325 xtb: 6.7.1 (edcfbbe)
C           -3.75615429677639        0.58185141143039       -1.80935590911477
C           -3.28999720231406       -0.41332916551555       -0.74755990127548
H           -3.57070603805191       -1.43090720494900       -1.03001934268023
C           -1.79301668285481       -0.35988464562310       -0.54863570004486
C           -0.99149634945820       -1.46043160453981       -0.82385204315774
C            0.37795242887636       -1.39632781148793       -0.65290392399656
C            1.00348091047972       -0.23466112988743       -0.20203949110146
C            0.17470848407091        0.84663238331763        0.07914882629095
C           -1.19464247120106        0.80291424052348       -0.07960233092981
F            0.71294912222113        2.00548311240121        0.56512079485626
C            2.46459253251962       -0.18013432102544       -0.03937253872470
C            3.13772457994838       -1.24478450539667        0.55671806607276
C            4.51253022576742       -1.21251984447253        0.69782527176240
C            5.23377981824966       -0.12099658761426        0.24106513729368
C            4.57237895472034        0.94056091383688       -0.35388247433638
C            3.19623274509937        0.91435027948624       -0.49260077297729
C           -3.92129909079714       -0.12274268601539        0.60174026028684
O           -4.40069891055063        0.93992646282091        0.93299260501685
O           -3.86434685452607       -1.17106541979961        1.40310723479552
H           -4.83040901822254        0.50021965652212       -1.95192461398144
H           -3.53198792639514        1.59846191654836       -1.49837167899222
H           -3.25312157442132        0.37928755927425       -2.75011629743147
H           -1.44106122761201       -2.37417742683957       -1.17946546368835
H            0.98890978653427       -2.25343695078958       -0.88831858657885
H           -1.78152254802604        1.67271974321570        0.17409593202314
H            2.57517942115637       -2.08875043952272        0.92686464147161
H            5.02333103823176       -2.04042166342817        1.16602775534306
H            6.30748816336475       -0.09716511589122        0.34915156447083
H            5.12894133429694        1.79290916739862       -0.71364770608470
H            2.68807849995245        1.74103085268872       -0.96675977259156
H           -4.23676460385781       -1.00331586720767        2.29137614008801
31
 energy: -51.635178753641 gnorm: 0.001536573457 xtb: 6.7.1 (edcfbbe)
C           -3.75801050695072        0.58018862097203       -1.80948710425987
C           -3.29122262157815       -0.41307642058950       -0.74673186771289
H           -3.57262946321155       -1.43105326495040       -1.02710528600399
C           -1.79324408115779       -0.35992676682783       -0.54933691582821
C           -0.99193311943870       -1.45983539953604       -0.82655407779418
C            0.37759801191283       -1.39614999536201       -0.65622735984270
C            1.00390019262791       -0.23576920392489       -0.20341952506920
C            0.17482527192847        0.84512932466550        0.07946885119119
C           -1.19450068083200        0.80228874983145       -0.07938734509613
F            0.71389271967727        2.00230677645487        0.56716457700455
C            2.46517775013552       -0.18087579549359       -0.04010387933474
C            3.13883142539189       -1.24467870596834        0.55664997847101
C            4.51339842603792       -1.21157790054606        0.69893134265511
C            5.23442136280900       -0.12005987147926        0.24264524643511
C            4.57278725155595        0.94077765107695       -0.35283924121053
C            3.19697443905148        0.91378228942976       -0.49265298081119
C           -3.91986832843188       -0.12044312803620        0.60293175167508
O           -4.39014912364730        0.94404001892749        0.93741846572093
O           -3.87031788770893       -1.17191840663044        1.40266478527316
H           -4.83164876836612        0.49548254547385       -1.95458328093399
H           -3.53758100483716        1.59785238256652       -1.49934291287743
H           -3.25274568776570        0.37831899303805       -2.74929689608313
H           -1.44201721912491       -2.37282321841054       -1.18311103849003
H            0.98821417628612       -2.25303151956602       -0.89337658133446
H           -1.78138710102012        1.67165577728153        0.17498268889077
H            2.57671412145748       -2.08892955247166        0.92657207067264
H            5.02425805686310       -2.03914735886919        1.16756793539558
H            6.30805736061596       -0.09572293735571        0.35135620621229
H            5.12920251250397        1.79341091597155       -0.71211731741376
H            2.68886857922511        1.74040244391540       -0.96682931448771
H           -4.23883281358467       -0.99932173412839        2.29095470707078
31
 energy: -51.635244050375 gnorm: 0.004899337268 xtb: 6.7.1 (edcfbbe)
C           -3.76517259819078        0.56979204318832       -1.81170348582858
C           -3.29557803861632       -0.41429795856882       -0.74306560844701
H           -3.58229510380794       -1.43438053362533       -1.00978106497355
C           -1.79412663528204       -0.36251258032575       -0.55483020686661
C           -0.99341355883818       -1.45892411212144       -0.84461660409189
C            0.37655680486540       -1.39636014662640       -0.67658422200638
C            1.00394232791577       -0.24161589281481       -0.21177490595111
C            0.17416819913438        0.83685831509104        0.08138053187462
C           -1.19492068902728        0.79661274848884       -0.07764786398116
F            0.71565127547931        1.98653645715280        0.58046067027951
C            2.46523988531035       -0.18484446886830       -0.04403562086714
C            3.14039652625178       -1.24526657050450        0.55627983992515
C            4.51401659371936       -1.20721341901225        0.70524391710612
C            5.23355216308957       -0.11428013897933        0.25180819236884
C            4.57087012578819        0.94345670739922       -0.34708881101478
C            3.19632638437440        0.91170469051572       -0.49320168449726
C           -3.90345026829463       -0.10414366018871        0.61160851186446
O           -4.31065139041761        0.98002218407457        0.96407927860175
O           -3.90365708610598       -1.17131538824949        1.39915735729019
H           -4.83534828508756        0.46766155562112       -1.97223902395054
H           -3.56527130979388        1.59182272774018       -1.50096150945599
H           -3.24488883988725        0.37476064897797       -2.74528214172125
H           -1.44490760580191       -2.36795416812782       -1.20884212159919
H            0.98700501075875       -2.25087824868770       -0.92313164346525
H           -1.78301531083498        1.66260493931909        0.18358839697978
H            2.57973655854259       -2.09126628996235        0.92406458811276
H            5.02537125120583       -2.03225949646569        1.17762811064625
H            6.30658946594223       -0.08609537703341        0.36580696394024
H            5.12615019097922        1.79785954945664       -0.70385762307943
H            2.68756892543484        1.73678555523624       -0.96910050715883
H           -4.24541171838136       -0.98157436264078        2.29344397205028
31
 energy: -51.635271948746 gnorm: 0.003204041727 xtb: 6.7.1 (edcfbbe)
C           -3.76627052010650        0.56666699708046       -1.81229455609801
C           -3.29517492668684       -0.41526977728511       -0.74191560277403
H           -3.58177221474564       -1.43606790000088       -1.00512219903064
C           -1.79382410903351       -0.36258465072616       -0.55578787968671
C           -0.99323544529885       -1.45822075479145       -0.84929298276984
C            0.37686684244570       -1.39605793204904       -0.68187727077183
C            1.00380071266013       -0.24233454785089       -0.21437584366375
C            0.17468840567346        0.83578445566166        0.08157260243912
C           -1.19443616066597        0.79564782063269       -0.07667091795811
F            0.71644094953511        1.98452081049146        0.58331625466691
C            2.46476752768738       -0.18581492282843       -0.04577132012787
C            3.13938456495910       -1.24614682405220        0.55522930233613
C            4.51276455308553       -1.20689197056191        0.70672907020385
C            5.23222422423257       -0.11308294056169        0.25474281850991
C            4.56979111590996        0.94420702524992       -0.34558762344742
C            3.19545375833305        0.91133443256279       -0.49394011342355
C           -3.90015364984173       -0.10175033826510        0.61279153104311
O           -4.29190186066294        0.98668958267119        0.96900611058491
O           -3.90996441846054       -1.16773244063560        1.39950182130491
H           -4.83536539686323        0.45915561932545       -1.97599107805931
H           -3.57200530801978        1.58917059976033       -1.49963883200879
H           -3.24205513912337        0.37481702178408       -2.74413635657289
H           -1.44468824403428       -2.36646733140085       -1.21558819126444
H            0.98717465364920       -2.24994038111885       -0.93070869905621
H           -1.78255586227113        1.66087431214746        0.18734061246840
H            2.57873182407053       -2.09274449904638        0.92174231845034
H            5.02395048105195       -2.03158963562685        1.17982891063107
H            6.30495594806316       -0.08395699418946        0.37063204430538
H            5.12488871545689        1.79906866878061       -0.70139272565245
H            2.68670856300340        1.73604051578963       -0.97054976223699
H           -4.24815633357857       -0.97602871148800        2.29501423974279
31
 energy: -51.635306385867 gnorm: 0.001692297028 xtb: 6.7.1 (edcfbbe)
C           -3.76896271880961        0.55872351379625       -1.81229159985388
C           -3.29367446970772       -0.41837149726998       -0.73815564276822
H           -3.58073322094389       -1.44080937503878       -0.99337083625907
C           -1.79260738137335       -0.36318102230976       -0.55790837469058
C           -0.99216648243917       -1.45693324105137       -0.86004252474214
C            0.37834315400363       -1.39518241627712       -0.69460424499652
C            1.00405618777800       -0.24337439175113       -0.22132723893946
C            0.17628153836695        0.83362023496964        0.08093952420019
C           -1.19301879018059        0.79330435903395       -0.07487670698875
F            0.71833860740829        1.98072901308196        0.58798012989701
C            2.46431775892988       -0.18739523018209       -0.05045623284941
C            3.13721124680641       -1.24800358624585        0.55193279838224
C            4.51003395956710       -1.20639904629990        0.70947666679928
C            5.22955025113230       -0.11040880460239        0.26161895398643
C            4.56825746777020        0.94627580971318       -0.34184362299930
C            3.19436699070524        0.91119513054409       -0.49585380930641
C           -3.88933579978572       -0.09432255955797        0.61778335132433
O           -4.24580473149466        1.00497802532418        0.98035803808398
O           -3.93145295938285       -1.16079344848665        1.39998687215602
H           -4.83552261988079        0.43861456012535       -1.98305950168998
H           -3.58758719711996        1.58237202739869       -1.49570131290253
H           -3.23600190560209        0.37404445055109       -2.74026508968773
H           -1.44348030081362       -2.36351855381611       -1.23097570129773
H            0.98864049233642       -2.24746319247886       -0.94858664687511
H           -1.78114847212312        1.65684961100265        0.19573553615948
H            2.57611937272036       -2.09601427361924        0.91488180182205
H            5.02054312743458       -2.03040406711993        1.18454387886403
H            6.30151709547321       -0.07893671418278        0.38320480515553
H            5.12329206880247        1.80220232332329       -0.69508258187999
H            2.68584096875659        1.73496429587724       -0.97453229346320
H           -4.26417998791023       -0.96506662499282        2.29729728744342
31
 energy: -51.635326334070 gnorm: 0.001858759733 xtb: 6.7.1 (edcfbbe)
C           -3.77145034110995        0.55206432613073       -1.80927361473627
C           -3.29133305182809       -0.42102466669830       -0.73254828139274
H           -3.57687791471657       -1.44474559714857       -0.98369066834537
C           -1.79052822348092       -0.36245789699591       -0.55696058838231
C           -0.99008156260346       -1.45473257081137       -0.86510983973389
C            0.38085355241971       -1.39308245287044       -0.70309113952253
C            1.00645307587567       -0.24215323734663       -0.22805186954647
C            0.17972238944595        0.83412892208221        0.07796622376577
C           -1.19007808091765        0.79333740216148       -0.07391592144131
F            0.72232456688056        1.98139060109109        0.58540461870888
C            2.46640937560414       -0.18735835199085       -0.05607738799490
C            3.13694882682401       -1.24914981071958        0.54673562348071
C            4.50911487125609       -1.20700279682782        0.70986911695742
C            5.22968547531530       -0.10954575202403        0.26691120041630
C            4.57060645204092        0.94743409116699       -0.33866622774774
C            3.19724411136712        0.91187612713977       -0.49814627999719
C           -3.88689757691088       -0.09167020013504        0.62116462771742
O           -4.22463671338499        1.01192264192589        0.98528672841833
O           -3.95537723970910       -1.15683549492168        1.40105750163046
H           -4.83606873990705        0.42206707946714       -1.98310355591358
H           -3.59970689732611        1.57657360806682       -1.49081165830530
H           -3.23382001290458        0.37244253390353       -2.73507127807328
H           -1.44152778568637       -2.36056408877119       -1.23766102526628
H            0.99059233932581       -2.24451953515061       -0.96066043982576
H           -1.77717790159563        1.65641711155797        0.20067982611638
H            2.57479280683272       -2.09810361112223        0.90587564242100
H            5.01810616495759       -2.03144072211839        1.18575548939619
H            6.30090207552420       -0.07705668312819        0.39399344124133
H            5.12653225052522        1.80401125844616       -0.68876770240856
H            2.69006827382271        1.73575756930130       -0.97808393733019
H           -4.29376131551214       -0.95668449420139        2.29579705777744
31
 energy: -51.635324682446 gnorm: 0.006659888157 xtb: 6.7.1 (edcfbbe)
C           -3.77580374224232        0.53995566932627       -1.80447848049458
C           -3.29001463202220       -0.42576767187435       -0.72272503031134
H           -3.57636462675582       -1.45136737583322       -0.96532684669193
C           -1.78815976675126       -0.36374301920508       -0.55598359661718
C           -0.98727054888480       -1.45272633413503       -0.87524009907631
C            0.38438043122295       -1.39019717047202       -0.71949458656282
C            1.01034291318229       -0.24125128380813       -0.24006863464786
C            0.18379970690102        0.83293167264643        0.07297281541484
C           -1.18678669221468        0.79123670936766       -0.07266893110665
F            0.72728151981525        1.97908979985236        0.58221068000068
C            2.47024641481594       -0.18714301468471       -0.06553042397510
C            3.13790506390776       -1.24990449711384        0.53866630433149
C            4.50887566224662       -1.20640766278754        0.71125609787920
C            5.23085219000654       -0.10684104825678        0.27617562490029
C            4.57497893258294        0.95013354684113       -0.33264199458556
C            3.20270637938062        0.91336454999861       -0.50145423473194
C           -3.88110682445018       -0.08336955646748        0.62943588760335
O           -4.16966608875685        1.03534940290834        1.00156192716673
O           -4.00702173609359       -1.15406731623298        1.39921235482647
H           -4.83704342141514        0.39362741098218       -1.98698067112642
H           -3.62130224810531        1.56680679882743       -1.48416656112882
H           -3.22806161699585        0.36787851005808       -2.72589306937342
H           -1.43918238705378       -2.35694458706148       -1.25110071888008
H            0.99413157169970       -2.23942210612769       -0.98434864122763
H           -1.77326758073835        1.65261557820404        0.20841973033272
H            2.57410518338919       -2.10021933691462        0.89192153536235
H            5.01572051685955       -2.03135015447336        1.18856501018054
H            6.30102567890768       -0.07279739908723        0.41176924115969
H            5.13234674062445        1.80799443031841       -0.67731600642514
H            2.69745141773662        1.73752566588544       -0.98288790896714
H           -4.34406516037483       -0.94369490122198        2.29294490885551
31
 energy: -51.635353647967 gnorm: 0.002135785038 xtb: 6.7.1 (edcfbbe)
C           -3.77419497243781        0.54289112643711       -1.80344308398312
C           -3.29027079035421       -0.42485305950661       -0.72316470217095
H           -3.57583616901407       -1.44987764580218       -0.96958838362124
C           -1.78837239496364       -0.36341748659506       -0.55394587169871
C           -0.98723879551725       -1.45320226562597       -0.86921773513883
C            0.38427889440652       -1.38991916814004       -0.71345181013847
C            1.01092830848946       -0.23960409374925       -0.23763581290693
C            0.18356624771049        0.83500016448667        0.07218705350109
C           -1.18710455438866        0.79283606061492       -0.07351666700451
F            0.72672452119489        1.98257330115569        0.57773232538031
C            2.47123370370561       -0.18549168371339       -0.06422779508087
C            3.13912061091614       -1.24881179865861        0.53896312366826
C            4.51033134474759       -1.20724425362888        0.70901152316375
C            5.23287530263809       -0.10873877103811        0.27276238433807
C            4.57712415482246        0.94919252392769       -0.33418636668918
C            3.20462992441715        0.91424265066395       -0.50073597288127
C           -3.88771177296492       -0.08719028069788        0.62788191006221
O           -4.19411462548733        1.02562786877886        0.99587882977130
O           -4.00114656627965       -1.15673611014481        1.39873596344121
H           -4.83658650705996        0.40264580466199       -1.98235661779480
H           -3.61338620912540        1.56914517103598       -1.48529804387328
H           -3.23076518582337        0.36725946205486       -2.72674862725539
H           -1.43917952380518       -2.35854358492276       -1.24228891356269
H            0.99423658396357       -2.23975689999785       -0.97595522894003
H           -1.77361858243727        1.65496159559768        0.20467343469867
H            2.57493639504057       -2.09829746181794        0.89338322096246
H            5.01698396638613       -2.03292002866920        1.18531779635388
H            6.30336963124586       -0.07628971951463        0.40624173125418
H            5.13505539090308        1.80645612643684       -0.67951174272567
H            2.69979350842032        1.73921186657067       -0.98116045216188
H           -4.34462858892504       -0.94985410074087        2.29047021311638
31
 energy: -51.635363109230 gnorm: 0.000721824579 xtb: 6.7.1 (edcfbbe)
C           -3.77309334338474        0.54220299476801       -1.80200832795476
C           -3.29008220089427       -0.42526337799122       -0.72124696256741
H           -3.57518940263421       -1.45039732655009       -0.96810362232791
C           -1.78810128525491       -0.36354549926311       -0.55152684944861
C           -0.98660367327020       -1.45327337740844       -0.86608071562156
C            0.38496081328855       -1.38887189068568       -0.71187272181161
C            1.01206445453439       -0.23770287637090       -0.23817344058074
C            0.18401494459541        0.83676343823000        0.07076736248973
C           -1.18686246410145        0.79372542789381       -0.07343061963061
F            0.72700523923021        1.98535442824879        0.57367441680900
C            2.47257746178096       -0.18372065180831       -0.06525874131346
C            3.13996905120530       -1.24794277857040        0.53717078613437
C            4.51120946432083       -1.20795767602702        0.70694381470145
C            5.23473373222946       -0.10986308684370        0.27140300561477
C            4.57969843935263        0.94916832704719       -0.33432299393456
C            3.20715932088109        0.91569357318305       -0.50078675690521
C           -3.89158254887577       -0.08824958676263        0.62878627542103
O           -4.19903318760926        1.02373272813733        0.99604562761688
O           -4.00940544188310       -1.15803807820706        1.39704887558221
H           -4.83581239599182        0.40355556546316       -1.98040410075509
H           -3.61062950291374        1.56859326545877       -1.48512911987943
H           -3.23043740497185        0.36487824981597       -2.72558575885231
H           -1.43853148533175       -2.35938193241860       -1.23741084328258
H            0.99524174951753       -2.23863106093681       -0.97410241460530
H           -1.77364942766153        1.65584904036618        0.20401389390626
H            2.57501414513274       -2.09704280447757        0.89125286585969
H            5.01714144970503       -2.03443396790476        1.18268956392795
H            6.30532420626362       -0.07861509296653        0.40472416459146
H            5.13847022430676        1.80622479577007       -0.67889177500405
H            2.70318674897196        1.74161022364888       -0.98049746040131
H           -4.35772443011369       -0.95312568337954        2.28711825430564
31
 energy: -51.635373467263 gnorm: 0.001221140352 xtb: 6.7.1 (edcfbbe)
C           -3.77057520268964        0.53954067068988       -1.79990175412235
C           -3.28928545731789       -0.42644128290535       -0.71723207069530
H           -3.57375570289121       -1.45197864661304       -0.96332566782661
C           -1.78738170007417       -0.36371240533700       -0.54684891526389
C           -0.98526910078626       -1.45318290190966       -0.86077462289468
C            0.38641666445056       -1.38673927955123       -0.70957988970871
C            1.01394993817538       -0.23413140144422       -0.23938483478536
C            0.18493311901869        0.84005199254032        0.06876290260936
C           -1.18623074644934        0.79524423572823       -0.07253835126931
F            0.72773279461821        1.99038895758157        0.56739653254671
C            2.47461084883514       -0.18040934170025       -0.06751220909665
C            3.14100776745664       -1.24640993145482        0.53328160623342
C            4.51228742986321       -1.20913562070779        0.70283136659323
C            5.23761083086003       -0.11154854448077        0.26890198943557
C            4.58376302241358        0.94955892865027       -0.33453112749072
C            3.21111977828379        0.91863238762735       -0.50095504188416
C           -3.89686685523022       -0.08920415059662        0.63096461347479
O           -4.19740260156639        1.02378087932856        0.99967578721000
O           -4.03082689102075       -1.16079209661686        1.39226951614506
H           -4.83364509023428        0.40272172036364       -1.97827609557691
H           -3.60609423618123        1.56642667625491       -1.48539699242010
H           -3.22827266369082        0.35915574145154       -2.72320640400785
H           -1.43701397713239       -2.36065109405389       -1.22915001581235
H            0.99717807112792       -2.23622502023745       -0.97183527993398
H           -1.77376412712584        1.65705661925179        0.20414990669956
H            2.57479731245126       -2.09509258559824        0.88638404203264
H            5.01686920707629       -2.03725583634758        1.17717613574205
H            6.30834255332070       -0.08245963032196        0.40179636956792
H            5.14395113246124        1.80641011994614       -0.67739427296101
H            2.70878221241954        1.74650002363951       -0.97906151446188
H           -4.38593508001759       -0.95880387371816        2.28011997400547
31
 energy: -51.635383423253 gnorm: 0.000873512346 xtb: 6.7.1 (edcfbbe)
C           -3.76822632459756        0.53516137225842       -1.79801112220473
C           -3.28793734396343       -0.42819679245452       -0.71245112723359
H           -3.57155172304399       -1.45442174679396       -0.95650186473156
C           -1.78622819179186       -0.36356601428553       -0.54214142227991
C           -0.98367166829616       -1.45265794844429       -0.85622974813223
C            0.38823696831708       -1.38450146727315       -0.70823546809141
C            1.01579872751662       -0.23072328776673       -0.24095248819119
C            0.18631676181677        0.84324873588941        0.06713922301158
C           -1.18508077350153        0.79677499670974       -0.07114180074369
F            0.72918507378899        1.99508020141746        0.56225264424779
C            2.47646886277293       -0.17735482840443       -0.07012083803635
C            3.14188168247216       -1.24529435161769        0.52851655608496
C            4.51314654724917       -1.21024417584731        0.69814279122602
C            5.23991699181297       -0.11260593520915        0.26660905562765
C            4.58710747075481        0.95057703180300       -0.33436402584311
C            3.21439519550323        0.92172257906274       -0.50104968273061
C           -3.89971454569572       -0.08887866218910        0.63357572150884
O           -4.18271498696991        1.02763609349503        1.00739836600690
O           -4.06064584743494       -1.16395376331827        1.38560771356280
H           -4.83117710371705        0.39799632398484       -1.97736599991223
H           -3.60368223840728        1.56284703605809       -1.48583910283443
H           -3.22481360639220        0.35226241314250       -2.72017536557409
H           -1.43518559097582       -2.36124500096418       -1.22212400572113
H            0.99911728824440       -2.23376025286484       -0.97092236849575
H           -1.77328292825151        1.65813886306375        0.20551847265427
H            2.57476534810744       -2.09403863085307        0.88003666286395
H            5.01648878125428       -2.04005299598673        1.17082485727292
H            6.31066714871386       -0.08509026258440        0.39961588516303
H            5.14840215161008        1.80755979550516       -0.67510407199372
H            2.71356140121775        1.75148672312951       -0.97746294305632
H           -4.42051027768940       -0.96261073920350        2.27176117865931
31
 energy: -51.635389996688 gnorm: 0.001692496378 xtb: 6.7.1 (edcfbbe)
C           -3.76576782224619        0.53278703050129       -1.79758712262483
C           -3.28682976906907       -0.42943779072816       -0.71017676831332
H           -3.56939594248864       -1.45599494630700       -0.95379953856741
C           -1.78548913140128       -0.36319197163698       -0.53870990034928
C           -0.98272292791125       -1.45262132487769       -0.85102272551421
C            0.38925740265095       -1.38359822365956       -0.70411141714473
C            1.01637599241219       -0.22857765526826       -0.23960126732006
C            0.18679720973150        0.84570921959106        0.06724539703871
C           -1.18460987944946        0.79823727645982       -0.07006241641483
F            0.72955178652947        1.99888767022604        0.55970426410604
C            2.47708856615982       -0.17536630739518       -0.07028225573651
C            3.14257483990264       -1.24484871275296        0.52553539966027
C            4.51407098195296       -1.21114952256389        0.69339937844299
C            5.24104872443659       -0.11314450677542        0.26307949431602
C            4.58811062868782        0.95164514605815       -0.33493437531253
C            3.21511508869630        0.92402743031885       -0.50006651766363
C           -3.90116478732235       -0.08922546269067        0.63408798831555
O           -4.16966355838326        1.02955358613765        1.01398061281248
O           -4.08140270766244       -1.16663218627426        1.37868415127879
H           -4.82891387200353        0.39672461444130       -1.97701176525531
H           -3.59943178637709        1.56085263523120       -1.48722833433536
H           -3.22211381674184        0.34712600413983       -2.71908316710769
H           -1.43389594714795       -2.36225098822042       -1.21468424794623
H            1.00004532095973       -2.23318860504295       -0.96572649477546
H           -1.77330085518952        1.65962419440054        0.20564203175023
H            2.57548908410256       -2.09393561831952        0.87626285983355
H            5.01732139242451       -2.04250540014045        1.16340322871122
H            6.31199062134791       -0.08667759013921        0.39448762662777
H            5.14951969966379        1.80895871287896       -0.67460890838952
H            2.71456648563959        1.75521051393633       -0.97427302758778
H           -4.44318777148028       -0.96570191206966        2.26426349954906
31
 energy: -51.635396309760 gnorm: 0.001409939782 xtb: 6.7.1 (edcfbbe)
C           -3.76347918348735        0.53276585814177       -1.79846080749958
C           -3.28600702795899       -0.42960237939470       -0.71026321553587
H           -3.56790526330553       -1.45609972421896       -0.95475884733771
C           -1.78507212686639       -0.36283919622742       -0.53672602051575
C           -0.98233517186815       -1.45327683392900       -0.84560117696365
C            0.38956834718478       -1.38408985403820       -0.69782813635315
C            1.01610039196250       -0.22787718273409       -0.23566366218771
C            0.18655686748628        0.84707198238809        0.06889354974428
C           -1.18468787139205        0.79936107493439       -0.06944859269355
F            0.72887449558818        2.00119553783903        0.55997247890310
C            2.47689330880730       -0.17447144198706       -0.06799337009928
C            3.14358541396800       -1.24492941427853        0.52471123817311
C            4.51557436710389       -1.21179980026814        0.68883823423680
C            5.24159758641175       -0.11327138839797        0.25815290808949
C            4.58731877258068        0.95266176935295       -0.33642660038693
C            3.21384546576935        0.92550406805681       -0.49806851373117
C           -3.90127903380902       -0.08998412842628        0.63312101187765
O           -4.16217032356283        1.02889684801581        1.01747439578406
O           -4.09283404291367       -1.16901314888368        1.37280724374049
H           -4.82718839430959        0.39946101377853       -1.97665262882981
H           -3.59363132376399        1.56072128152699       -1.48951704260688
H           -3.22112224617679        0.34424016688380       -2.72013883137670
H           -1.43320526915565       -2.36371622187570       -1.20762361015051
H            1.00026096200416       -2.23437679321003       -0.95726980125934
H           -1.77367542104248        1.66115868049306        0.20460318403340
H            2.57734456509129       -2.09437658429643        0.87591570102095
H            5.01983011747960       -2.04402884226323        1.15622603106783
H            6.31290629336459       -0.08717883437181        0.38667141877861
H            5.14791049988852        1.81036997283561       -0.67641014636044
H            2.71235212491022        1.75730379065798       -0.97016084469829
H           -4.45489362956444       -0.96848496664481        2.25843013522052
31
 energy: -51.635402675132 gnorm: 0.001032100675 xtb: 6.7.1 (edcfbbe)
C           -3.76153943283973        0.53395309216891       -1.79978919389798
C           -3.28569477169542       -0.42953042896953       -0.71172005634131
H           -3.56752879458838       -1.45567679691439       -0.95782809944487
C           -1.78492120308872       -0.36310071306262       -0.53553102220184
C           -0.98218404054481       -1.45468603563086       -0.84027166155529
C            0.38949800457397       -1.38574775512444       -0.69030295358888
C            1.01568605622696       -0.22869193773831       -0.22971422986050
C            0.18597752179878        0.84683447902658        0.07215870142946
C           -1.18505394917417        0.79949721408431       -0.06875813557556
F            0.72751940280677        2.00149740100159        0.56289151578940
C            2.47670536629292       -0.17459144543819       -0.06404260677204
C            3.14593796361778       -1.24526468095979        0.52533675675241
C            4.51854393453918       -1.21165138876549        0.68428052972010
C            5.24238916412933       -0.11239856000102        0.25198205547363
C            4.58553776046052        0.95404308342688       -0.33871689911512
C            3.21152703397833        0.92634326578706       -0.49537054494354
C           -3.90152464437089       -0.09067371652542        0.63101463220776
O           -4.15326973507976        1.02844701827140        1.02012406477404
O           -4.10350621748589       -1.17040990772685        1.36655205530645
H           -4.82583034764078        0.40386996814094       -1.97643932807163
H           -3.58785744240226        1.56154607156147       -1.49205771032988
H           -3.22110170785375        0.34279443724234       -2.72202891719457
H           -1.43284711983224       -2.36565252605605       -1.20113883067967
H            1.00022128460361       -2.23678262062073       -0.94706478108618
H           -1.77406476861417        1.66191664836598        0.20315911336269
H            2.58144551939422       -2.09532023382823        0.87778408674402
H            5.02504148841029       -2.04438517476171        1.14833456645383
H            6.31422848481177       -0.08621735269451        0.37595856832193
H            5.14436701669831        1.81245921183357       -0.67977980071651
H            2.70780065090865        1.75834548740478       -0.96464754829165
H           -4.46446922761623       -0.96947079403891        2.25243135541534
31
 energy: -51.635406537206 gnorm: 0.000773277740 xtb: 6.7.1 (edcfbbe)
C           -3.76009898168207        0.53544183909828       -1.80098742525330
C           -3.28551982017641       -0.42916407289272       -0.71329378460361
H           -3.56828968159255       -1.45484555923207       -0.96035217842874
C           -1.78480747943212       -0.36408297773681       -0.53505024374809
C           -0.98216550868982       -1.45672597468104       -0.83637707919721
C            0.38928021852499       -1.38817855052856       -0.68410465958422
C            1.01547119754093       -0.23071116844451       -0.22418107453915
C            0.18554424736972        0.84517958040954        0.07563432223549
C           -1.18523071418429        0.79853275395608       -0.06810918141264
F            0.72626418322153        1.99993085265690        0.56696028343744
C            2.47667017879240       -0.17552376838036       -0.06014128810000
C            3.14896464127996       -1.24577568665315        0.52655424709772
C            4.52216858779884       -1.21088048537400        0.68044472199568
C            5.24341364662077       -0.11067836950298        0.24614615179903
C            4.58343211659016        0.95576486729626       -0.34107012293997
C            3.20895127782692        0.92663749581927       -0.49297475635813
C           -3.90068123957283       -0.08994208197169        0.62969719473576
O           -4.14316559954244        1.02977278946782        1.02187101193130
O           -4.11452466952388       -1.17069584498220        1.36095270723595
H           -4.82483759199549        0.40765188918953       -1.97677583803502
H           -3.58391469844380        1.56259675586033       -1.49335284198762
H           -3.22094328707092        0.34317576424284       -2.72383171642573
H           -1.43277140714322       -2.36789232504593       -1.19690227313746
H            1.00017956261085       -2.23978223229764       -0.93864375535591
H           -1.77415563649212        1.66150974846484        0.20214179912080
H            2.58654671604085       -2.09653383855769        0.88065788160028
H            5.03129344542608       -2.04322123025099        1.14236903925014
H            6.31574151191613       -0.08363790171291        0.36609479701161
H            5.14011599360154        1.81502097456697       -0.68357534036340
H            2.70257115306338        1.75820015563249       -0.96016244592874
H           -4.47446911225888       -0.96984808895714        2.24716753003179
31
 energy: -51.635407657204 gnorm: 0.000359282952 xtb: 6.7.1 (edcfbbe)
C           -3.75979141858982        0.53606061772144       -1.80066011810954
C           -3.28569674930792       -0.42911424971887       -0.71339502488512
H           -3.56906277928016       -1.45454931123974       -0.96068489068361
C           -1.78492807691650       -0.36465172759315       -0.53479088375070
C           -0.98228653389660       -1.45721397681029       -0.83631990334618
C            0.38915074050538       -1.38879849824391       -0.68404830096352
C            1.01569044022217       -0.23157550382563       -0.22397998556304
C            0.18571485120188        0.84423935246451        0.07612446636766
C           -1.18505326817149        0.79775924580249       -0.06763964512030
F            0.72652662785828        1.99878986759678        0.56768067947726
C            2.47690733852876       -0.17607383276609       -0.06021702999901
C            3.14978069454025       -1.24568826212320        0.52692025007750
C            4.52292077999791       -1.21008520610848        0.68083557626363
C            5.24375200765950       -0.10989108534068        0.24593158207744
C            4.58324852270115        0.95592278354418       -0.34174479577475
C            3.20883603323885        0.92614981079671       -0.49350384762353
C           -3.90220344998666       -0.08988793596971        0.62926647615479
O           -4.14355722403932        1.02990761119086        1.02156516978856
O           -4.11567306722621       -1.17021869040577        1.36047211940229
H           -4.82441239440679        0.40819747711786       -1.97695697360714
H           -3.58406399329157        1.56310861274065       -1.49255210342521
H           -3.22036477366263        0.34440054555955       -2.72340166513569
H           -1.43295806512476       -2.36826354868505       -1.19700440829671
H            0.99999532798453       -2.24037178506350       -0.93882938059065
H           -1.77382708865057        1.66079982658872        0.20256874989803
H            2.58782682101574       -2.09659147353223        0.88138535033356
H            5.03247314781382       -2.04210814025593        1.14280900504648
H            6.31607970899891       -0.08252083014090        0.36547967404773
H            5.13954909743198        1.81532416583237       -0.68448816506483
H            2.70213614383602        1.75750590646781       -0.96068665468502
H           -4.47567615055994       -0.96926645614203        2.24667035977366
31
 energy: -51.635408808806 gnorm: 0.000460943995 xtb: 6.7.1 (edcfbbe)
C           -3.75924005970128        0.53711774954323       -1.80014928786520
C           -3.28577518670271       -0.42893227172229       -0.71347162728273
H           -3.57000377488274       -1.45403783459467       -0.96110380984544
C           -1.78501699880676       -0.36549462239694       -0.53456149946954
C           -0.98251015076355       -1.45807313688255       -0.83636964488292
C            0.38894716786193       -1.38998275146988       -0.68407225242566
C            1.01600978235891       -0.23315980253386       -0.22369072150155
C            0.18605479821483        0.84258748190973        0.07698401199295
C           -1.18467975390087        0.79649697453848       -0.06687269629012
F            0.72706626311171        1.99673657860969        0.56911372821807
C            2.47724216656685       -0.17709510592368       -0.06030355417372
C            3.15115587647427       -1.24562731242975        0.52757225737886
C            4.52426822252743       -1.20878063633262        0.68131722093720
C            5.24429021086728       -0.10847697850062        0.24538182109477
C            4.58278339250471        0.95629004677986       -0.34303017625688
C            3.20843013029862        0.92529697475806       -0.49449549788561
C           -3.90257583178005       -0.08959393761256        0.62949800235483
O           -4.14426446696533        1.03036571978782        1.02102315222976
O           -4.11790176741721       -1.16955261442101        1.35974598113989
H           -4.82372410875732        0.40917858645371       -1.97726763095010
H           -3.58417164093154        1.56390820179972       -1.49088504766892
H           -3.21930180611826        0.34674045650512       -2.72281972778071
H           -1.43334030488727       -2.36894026839770       -1.19731198216528
H            0.99963825386496       -2.24160578835950       -0.93915838186852
H           -1.77320612813794        1.65957514280250        0.20361564440206
H            2.59003003106891       -2.09675345619222        0.88283188518674
H            5.03455646292072       -2.03992057244012        1.14404402847298
H            6.31659176304070       -0.08021806936357        0.36469531864875
H            5.13836430607589        1.81586688812617       -0.68651047196841
H            2.70111753651314        1.75599780000300       -0.96218110820658
H           -4.47980113409385       -0.96861813258479        2.24523774851508
31
 energy: -51.635409594560 gnorm: 0.000428274632 xtb: 6.7.1 (edcfbbe)
C           -3.75848349721119        0.53805198128606       -1.79985697737459
C           -3.28566075081659       -0.42870644264061       -0.71348388187497
H           -3.57029732823542       -1.45357802762164       -0.96166783830421
C           -1.78499321021034       -0.36602886571996       -0.53420771956522
C           -0.98268119534454       -1.45874582404642       -0.83621276271085
C            0.38883709494432       -1.39101721881632       -0.68386690655606
C            1.01608940340628       -0.23438901818425       -0.22330104190711
C            0.18630664784523        0.84137293141814        0.07791208239863
C           -1.18440376762218        0.79562673542433       -0.06596360006180
F            0.72754343522775        1.99521793850794        0.57056352412754
C            2.47734590511653       -0.17791103367282       -0.06029396328151
C            3.15202424109733       -1.24565548792292        0.52813960009931
C            4.52519870048840       -1.20780903912325        0.68158148614798
C            5.24447894633217       -0.10732055964072        0.24478511867725
C            4.58217805164078        0.95660176728056       -0.34436586269494
C            3.20778971482250        0.92459907911241       -0.49552566200472
C           -3.90331555267276       -0.08940728239224        0.62925082078710
O           -4.14440984947404        1.03086667599501        1.02064844623217
O           -4.11988793868726       -1.16937811613219        1.35908693245421
H           -4.82282488123978        0.40996576640124       -1.97799376849722
H           -3.58396219056282        1.56460692537231       -1.48934904805004
H           -3.21763771655645        0.34871391768720       -2.72224984691433
H           -1.43363563465868       -2.36941389507338       -1.19757059530425
H            0.99935557825026       -2.24274231360337       -0.93914725676192
H           -1.77274400298201        1.65875155934950        0.20488607964278
H            2.59153303755424       -2.09694397553092        0.88407762393411
H            5.03608742086678       -2.03813506420281        1.14515969982082
H            6.31677001028931       -0.07815389556262        0.36416931539698
H            5.13713914792486        1.81623597392354       -0.68874293852880
H            2.69987280055310        1.75453497102836       -0.96395959310065
H           -4.48257936966162       -0.96851485344138        2.24430421585838
31
 energy: -51.635410496496 gnorm: 0.000276696265 xtb: 6.7.1 (edcfbbe)
C           -3.75711694444584        0.53931457079413       -1.79957854944684
C           -3.28545236472457       -0.42844436459475       -0.71344048233687
H           -3.57044944218844       -1.45304820560399       -0.96239615029787
C           -1.78490754829035       -0.36655150838318       -0.53351734201893
C           -0.98295740459910       -1.45945131872016       -0.83589049194240
C            0.38863966897107       -1.39228492044685       -0.68345800609038
C            1.01603613883392       -0.23588558694895       -0.22266586891775
C            0.18663601028837        0.83994333679485        0.07929719124269
C           -1.18407170417883        0.79466573021097       -0.06449483836530
F            0.72830154028662        1.99336699446366        0.57259604237080
C            2.47737614732487       -0.17897682489093       -0.06040186973609
C            3.15290820384025       -1.24564118262101        0.52892561202452
C            4.52611184096058       -1.20637820474739        0.68219056690054
C            5.24437075267405       -0.10572422226557        0.24411703242709
C            4.58119942440960        0.95688242185998       -0.34647221675937
C            3.20679398506162        0.92354631525223       -0.49731767303379
C           -3.90385477518066       -0.08927371233768        0.62888217009695
O           -4.14397852931454        1.03116550071587        1.02050192277707
O           -4.12264423078380       -1.16946782221889        1.35803849808389
H           -4.82114504812097        0.41100000169756       -1.97939924775251
H           -3.58340297076460        1.56558269641460       -1.48755781041527
H           -3.21478557497336        0.35124313488838       -2.72137384173481
H           -1.43414767007830       -2.36984805526264       -1.19768366917113
H            0.99887113159564       -2.24416673164172       -0.93891947469735
H           -1.77217970704429        1.65780471820350        0.20690145619660
H            2.59317692871065       -2.09708850799737        0.88569985852603
H            5.03781909564416       -2.03583211708840        1.14645655697092
H            6.31665798811423       -0.07543989497383        0.36343920408613
H            5.13534769392795        1.81656413057623       -0.69203720959857
H            2.69798437860525        1.75246480285729       -0.96660416160895
H           -4.48610376413702       -0.96874586452715        2.24296847430501
31
 energy: -51.635411210443 gnorm: 0.000152679559 xtb: 6.7.1 (edcfbbe)
C           -3.75536428204793        0.54064065591606       -1.79942902615743
C           -3.28534846982027       -0.42812630998283       -0.71338496706821
H           -3.57070753553946       -1.45239473020646       -0.96325121534533
C           -1.78486885512015       -0.36709328507212       -0.53248376351558
C           -0.98332327668738       -1.46016009341280       -0.83524628259404
C            0.38834381823021       -1.39350528279505       -0.68288570576306
C            1.01590530260519       -0.23732901489982       -0.22190890929322
C            0.18689274816101        0.83850294765928        0.08094860662593
C           -1.18383050858075        0.79368230565480       -0.06266955542451
F            0.72907351207296        1.99146914686841        0.57480347745295
C            2.47735793782139       -0.17994628944471       -0.06048074155671
C            3.15373547378432       -1.24549612219397        0.52976411180987
C            4.52697856969895       -1.20493734741182        0.68255275869903
C            5.24418957332701       -0.10418889111836        0.24305053110364
C            4.58014475388461        0.95713355098974       -0.34884415214765
C            3.20573567872240        0.92251315674993       -0.49923969504463
C           -3.90451348220414       -0.08921257433729        0.62846083419496
O           -4.14310117343138        1.03117341331666        1.02108939373673
O           -4.12583442622253       -1.16981147775949        1.35653511072551
H           -4.81899270592836        0.41219849719451       -1.98138711041738
H           -3.58247740567409        1.56658257961067       -1.48589916996462
H           -3.21118645602546        0.35374484644671       -2.72036927282361
H           -1.43482354051048       -2.37021294972558       -1.19750576886413
H            0.99831803234000       -2.24546505357907       -0.93863832465515
H           -1.77172649778220        1.65677835287438        0.20928698485563
H            2.59469354611697       -2.09692270712409        0.88765298476626
H            5.03945329454375       -2.03323032899880        1.14803725538030
H            6.31642566596957       -0.07266204960887        0.36254177671565
H            5.13352295985409        1.81670532829783       -0.69588796182757
H            2.69601475027767        1.75018230813968       -0.96973683595679
H           -4.48965375141139       -0.96931727258875        2.24133031443722
31
 energy: -51.635411611377 gnorm: 0.000135118387 xtb: 6.7.1 (edcfbbe)
C           -3.75394346529482        0.54158841563093       -1.79938320103405
C           -3.28533808898084       -0.42788819085680       -0.71334533913393
H           -3.57096379388624       -1.45191566366259       -0.96381996597036
C           -1.78488183845373       -0.36746025241534       -0.53162349231002
C           -0.98357889407972       -1.46062766417096       -0.83461839035246
C            0.38811172831117       -1.39424996599081       -0.68229019837842
C            1.01579632035257       -0.23818695372545       -0.22126484500415
C            0.18698277934286        0.83761539765013        0.08220634676157
C           -1.18375534617297        0.79304665522333       -0.06127383712863
F            0.72949772886538        1.99027000922075        0.57638136022963
C            2.47732778966039       -0.18047483447762       -0.06056472155897
C            3.15424493712129       -1.24516829534975        0.53054521971208
C            4.52749909329625       -1.20376619836229        0.68308040998491
C            5.24409932068221       -0.10315121937647        0.24225726120554
C            4.57951596606742        0.95716309828325       -0.35084322595196
C            3.20509455303462        0.92178234305873       -0.50083026159985
C           -3.90500440018280       -0.08931633497435        0.62824419405754
O           -4.14232122988520        1.03094509465437        1.02198286860146
O           -4.12844604687192       -1.17033809763571        1.35514759997861
H           -4.81726579557683        0.41313450396485       -1.98305542974755
H           -3.58161339320043        1.56733669991187       -1.48492025941237
H           -3.20835374325361        0.35537889880648       -2.71962725789794
H           -1.43531404779058       -2.37049235483559       -1.19704617816421
H            0.99799414027511       -2.24620611954207       -0.93826687918924
H           -1.77156134887218        1.65606738744024        0.21107710085518
H            2.59560926029736       -2.09652597249226        0.88922962529277
H            5.04052196659923       -2.03150276609131        1.14893035623054
H            6.31636523953658       -0.07109301323551        0.36131582591398
H            5.13243240951584        1.81663160963340       -0.69886495389297
H            2.69475177651026        1.74876998827024       -0.97184841993264
H           -4.49247032654257       -0.97007089509490        2.23989436991996
31
 energy: -51.635411863867 gnorm: 0.000094254234 xtb: 6.7.1 (edcfbbe)
C           -3.75299589214320        0.54212839546830       -1.79935723923525
C           -3.28533045473572       -0.42777777502713       -0.71331916901484
H           -3.57109989226274       -1.45166080639717       -0.96418385834459
C           -1.78489705348731       -0.36765468496922       -0.53097173924207
C           -0.98366854463968       -1.46084558567090       -0.83402553111119
C            0.38802110967358       -1.39449679424636       -0.68175446421713
C            1.01573854144554       -0.23845438911087       -0.22074064137111
C            0.18695936819361        0.83727711923338        0.08304791717296
C           -1.18378351957235        0.79275164275829       -0.06036536128277
F            0.72960965434411        1.98979905252730        0.57732447551652
C            2.47730278100800       -0.18053868109943       -0.06044906920267
C            3.15448831807242       -1.24480238621151        0.53108899529235
C            4.52778072068615       -1.20320363989841        0.68310621860963
C            5.24413693641604       -0.10282444276433        0.24132327797390
C            4.57926882964150        0.95708131798907       -0.35215833257866
C            3.20481500141981        0.92150807523790       -0.50162734475654
C           -3.90541977553348       -0.08957354204589        0.62812173929911
O           -4.14176036505763        1.03054279820552        1.02276248112407
O           -4.13041835271542       -1.17092993247481        1.35401355759999
H           -4.81611832243720        0.41373643396965       -1.98414341271413
H           -3.58097075216441        1.56777228590450       -1.48442210842456
H           -3.20653204514179        0.35625971309862       -2.71914552212568
H           -1.43550114521925       -2.37063756679884       -1.19649816731374
H            0.99792709673070       -2.24641853248105       -0.93778775324148
H           -1.77160458100672        1.65569444009711        0.21215496961273
H            2.59599082327486       -2.09593191111585        0.89052528485958
H            5.04101488737942       -2.03048978609259        1.14951267949888
H            6.31641868593732       -0.07055731707670        0.36010623868097
H            5.13203380857723        1.81631588256294       -0.70099078004699
H            2.69421440349654        1.74808542417174       -0.97308694685714
H           -4.49458701975585       -0.97085949828449        2.23874528792390
31
 energy: -51.635412112494 gnorm: 0.000081196220 xtb: 6.7.1 (edcfbbe)
C           -3.75222125598692        0.54248570390718       -1.79931133048639
C           -3.28527155388036       -0.42774194906165       -0.71328925086300
H           -3.57104550908043       -1.45151518142072       -0.96458071258835
C           -1.78488277371573       -0.36774204489561       -0.53036638053639
C           -0.98362166691904       -1.46093337280859       -0.83330682794706
C            0.38804576705547       -1.39449775975350       -0.68100093310154
C            1.01571131189752       -0.23838237049564       -0.22010295937241
C            0.18687302920648        0.83727629566955        0.08377072813527
C           -1.18386627898138        0.79266539963229       -0.05964126994593
F            0.72954007847237        1.98979095574275        0.57799406747122
C            2.47730236039433       -0.18034127983220       -0.06019624811247
C            3.15462243995386       -1.24431820322317        0.53170058602677
C            4.52797317753750       -1.20280936694599        0.68309978988685
C            5.24428121747134       -0.10281002232886        0.24028864801717
C            4.57926342417167        0.95685689659495       -0.35344605133849
C            3.20473917010053        0.92140032078995       -0.50223965213307
C           -3.90588188169501       -0.08996604214726        0.62802476247452
O           -4.14128176172363        1.03003555989277        1.02353933717234
O           -4.13252902129598       -1.17169446582586        1.35278953886237
H           -4.81520484752019        0.41417536419140       -1.98492821052805
H           -3.58037852816297        1.56803189595460       -1.48398173699606
H           -3.20509365256931        0.35687330266317       -2.71876258889578
H           -1.43544284695411       -2.37072483636724       -1.19578144407498
H            0.99805791121293       -2.24634401704913       -0.93704060402895
H           -1.77177985689015        1.65552169059923        0.21292106145466
H            2.59614297781158       -2.09516096902216        0.89184497991157
H            5.04131304048187       -2.02990027348368        1.14972396043902
H            6.31663281289721       -0.07069000894402        0.35842269930317
H            5.13200720334803        1.81581592805932       -0.70299036898969
H            2.69400700980627        1.74783042511966       -0.97381886251198
H           -4.49697824601966       -0.97189226575275        2.23747095537971
31
 energy: -51.635412402655 gnorm: 0.000085925830 xtb: 6.7.1 (edcfbbe)
C           -3.75144734933042        0.54289376779731       -1.79914912639984
C           -3.28511128945958       -0.42778545321751       -0.71325849262065
H           -3.57077481450867       -1.45145948718341       -0.96509043858833
C           -1.78480644437657       -0.36777281692077       -0.52967570044248
C           -0.98343999650011       -1.46095390645529       -0.83236848483227
C            0.38819604565598       -1.39436940431822       -0.67994244654800
C            1.01573349313119       -0.23811645697419       -0.21921184447947
C            0.18678247307935        0.83747320629969        0.08457281654298
C           -1.18394640106776        0.79270250513838       -0.05890678554721
F            0.72939838136381        1.99008678133415        0.57860013363403
C            2.47736119072548       -0.17997578224350       -0.05972345656382
C            3.15479836866394       -1.24371034602521        0.53247992068660
C            4.52824932732959       -1.20246794778134        0.68296468890383
C            5.24456324249757       -0.10298715081560        0.23886541666488
C            4.57940144772181        0.95652377021772       -0.35498384797120
C            3.20475952753110        0.92137168540305       -0.50278675579954
C           -3.90653291922538       -0.09057294749829        0.62784402379324
O           -4.14075232777715        1.02933610510165        1.02430839758681
O           -4.13537703285870       -1.17274348282747        1.35119398444335
H           -4.81429902879337        0.41462294119480       -1.98551667357977
H           -3.57982529324969        1.56833729425409       -1.48336170422688
H           -3.20374250853135        0.35764369609899       -2.71833065901939
H           -1.43516544514924       -2.37082659528188       -1.19475424340921
H            0.99834335091211       -2.24617861327621       -0.93578838969985
H           -1.77199817593278        1.65548925682954        0.21356518737048
H            2.59630322968423       -2.09415692791742        0.89354245527412
H            5.04167148656679       -2.02938463693230        1.14980620294390
H            6.31702100673029       -0.07116078928944        0.35609385000844
H            5.13216024092072        1.81509905772920       -0.70545255924321
H            2.69391936546245        1.74768527145069       -0.97446428414919
H           -4.50040990079159       -0.97334728443244        2.23573449735172
31
 energy: -51.635412705442 gnorm: 0.000069367838 xtb: 6.7.1 (edcfbbe)
C           -3.75066776297408        0.54336601086475       -1.79889537838281
C           -3.28482483600125       -0.42781641182066       -0.71322083358810
H           -3.57023539727002       -1.45136863126782       -0.96583324762062
C           -1.78463995552588       -0.36770717260383       -0.52885128283668
C           -0.98314050941830       -1.46093881774911       -0.83102573887420
C            0.38845513553484       -1.39421216731432       -0.67835399635673
C            1.01582587693937       -0.23773425570899       -0.21797125963211
C            0.18674884468590        0.83783553985779        0.08548719695459
C           -1.18396480876266        0.79288733960008       -0.05813780065375
F            0.72927537411332        1.99063378852872        0.57919899132192
C            2.47751163198966       -0.17951296407779       -0.05900911327125
C            3.15510629670255       -1.24298341381143        0.53348823583768
C            4.52870516683463       -1.20211364138980        0.68269411397090
C            5.24500386447281       -0.10326636208691        0.23699935817142
C            4.57964837657596        0.95609093542454       -0.35690606619627
C            3.20484547219452        0.92133664673329       -0.50338841796340
C           -3.90740807887260       -0.09136959049687        0.62756341934038
O           -4.14015892442176        1.02844479215014        1.02517478745500
O           -4.13923773639796       -1.17411582478384        1.34906591108577
H           -4.81339878937642        0.41506555227987       -1.98595474254200
H           -3.57933333970801        1.56863720257006       -1.48240377450797
H           -3.20237894845021        0.35869314231716       -2.71785200000510
H           -1.43469735007397       -2.37091724401344       -1.19335784722402
H            0.99874346309644       -2.24600118794906       -0.93392931073697
H           -1.77217066977920        1.65563195989828        0.21412813992952
H            2.59662708974019       -2.09296280737385        0.89567732368788
H            5.04225366394641       -2.02885730180828        1.14970355477209
H            6.31760641790517       -0.07182929812185        0.35301506314723
H            5.13239473205982        1.81420022712352       -0.70853585842516
H            2.69384026538085        1.74753602692388       -0.97509311389253
H           -4.50530131471606       -0.97535676243544        2.23332936911936
31
 energy: -51.635412888040 gnorm: 0.000036526530 xtb: 6.7.1 (edcfbbe)
C           -3.75004604214871        0.54387076536402       -1.79859120862731
C           -3.28450974738411       -0.42785433720418       -0.71320543526227
H           -3.56959826935744       -1.45132719937708       -0.96653515333083
C           -1.78444618350864       -0.36757534188087       -0.52811610994442
C           -0.98284296272013       -1.46089981742647       -0.82971492323338
C            0.38871756055547       -1.39409441276058       -0.67677002215352
C            1.01595674710880       -0.23741107659644       -0.21672668665365
C            0.18678757602659        0.83819190746754        0.08632896246708
C           -1.18391126346304        0.79314392856678       -0.05751462813001
F            0.72924277910393        1.99120785012019        0.57965439876154
C            2.47770415574911       -0.17913526740391       -0.05826739946065
C            3.15550914746525       -1.24239571092111        0.53436940861411
C            4.52925827065055       -1.20181668132137        0.68234064682273
C            5.24547928180889       -0.10349873720076        0.23520697523058
C            4.57988147873749        0.95573540307454       -0.35866007275552
C            3.20491884550018        0.92131128806310       -0.50383352525513
C           -3.90821798862049       -0.09213060018306        0.62724885997668
O           -4.13958075456261        1.02760690993614        1.02593069059775
O           -4.14306599828487       -1.17542613719504        1.34694969648886
H           -4.81266170975112        0.41539519542393       -1.98619887165143
H           -3.57909384341139        1.56902745627954       -1.48149185301726
H           -3.20131100609144        0.35978653543422       -2.71739574688461
H           -1.43426203270697       -2.37104940665097       -1.19179847081914
H            0.99907466663989       -2.24598829474078       -0.93183137177750
H           -1.77221520899074        1.65592603335227        0.21443058125910
H            2.59710927704551       -2.09199019568125        0.89758928520673
H            5.04298800326121       -2.02842609892753        1.14939663184657
H            6.31821971896549       -0.07237667376114        0.35007475272856
H            5.13255798502885        1.81345091656865       -0.71136269398339
H            2.69370720294356        1.74736734716826       -0.97557294567849
H           -4.51031643516503       -0.97733023812782        2.23087191070229
31
 energy: -51.635412919378 gnorm: 0.000065858088 xtb: 6.7.1 (edcfbbe)
C           -3.74942432132334        0.54437551986329       -1.79828703887180
C           -3.28419465876698       -0.42789226258770       -0.71319003693643
H           -3.56896114144485       -1.45128576748635       -0.96723705904103
C           -1.78425241149141       -0.36744351115792       -0.52738093705217
C           -0.98254541602195       -1.46086081710383       -0.82840410759256
C            0.38897998557611       -1.39397665820684       -0.67518604795030
C            1.01608761727823       -0.23708789748389       -0.21548211367519
C            0.18682630736728        0.83854827507730        0.08717072797956
C           -1.18385771816342        0.79340051753348       -0.05689145560627
F            0.72921018409454        1.99178191171166        0.58010980620116
C            2.47789667950857       -0.17875757073003       -0.05752568565005
C            3.15591199822794       -1.24180800803079        0.53525058139055
C            4.52981137446647       -1.20151972125294        0.68198717967456
C            5.24595469914497       -0.10373111231461        0.23341459228974
C            4.58011458089903        0.95537987072454       -0.36041407931477
C            3.20499221880585        0.92128592939291       -0.50427863254686
C           -3.90902789836838       -0.09289160986924        0.62693430061297
O           -4.13900258470346        1.02676902772214        1.02668659374050
O           -4.14689426017178       -1.17673644960624        1.34483348189194
H           -4.81192463012582        0.41572483856799       -1.98644300076087
H           -3.57885434711476        1.56941770998901       -1.48057993152654
H           -3.20024306373267        0.36087992855127       -2.71693949376412
H           -1.43382671533997       -2.37118156928851       -1.19023909441426
H            0.99940587018333       -2.24597540153251       -0.92973343281803
H           -1.77225974820229        1.65622010680626        0.21473302258868
H            2.59759146435084       -2.09101758398864        0.89950124672557
H            5.04372234257602       -2.02799489604679        1.14908970892105
H            6.31883302002580       -0.07292404940043        0.34713444230990
H            5.13272123799788        1.81270160601379       -0.71418952954163
H            2.69357414050627        1.74719866741263       -0.97605277746444
H           -4.51533155561400       -0.97930371382021        2.22841445228522
