33
 energy: -56.017413790755 gnorm: 0.033577684389 xtb: 6.7.1 (edcfbbe)
C           -4.53593047761155       -1.20786452329535       -0.25627845816797
C           -3.72191567382872       -2.34138198965193       -0.24072813813156
C           -2.34239485811816       -2.21163493356961       -0.15099692100687
C           -1.75698870884379       -0.94534709607152       -0.07459000832881
C           -2.57806737657842        0.19449538085448       -0.08939918580687
C           -3.96571696400916        0.05466807605764       -0.18174224177941
C           -1.98166968430246        1.54005588379392       -0.01070374346024
O           -2.69090840419879        2.55077346614429       -0.04451245138640
C           -0.50637833318554        1.64285525440251        0.11041848054305
C            0.04098534216214        2.91203165703630        0.21104989664131
C            1.42554470988762        3.06235946850353        0.33436438642772
C            2.25826373300896        1.96763069372624        0.35201762777292
C            1.73843271710824        0.65084941021294        0.24070418340769
C            0.31603558437973        0.48358925172181        0.12276922888759
C           -0.28039979982060       -0.83451378608008        0.02348115219813
O            0.40003392471850       -1.88484692723183        0.02269829268946
N            2.57280165592748       -0.40574039445208        0.25228933529414
C            4.02235206227520       -0.32433810096382        0.36506936058297
C            4.64115140428219       -1.70210398009735        0.22494586117758
O            4.52220661645828       -2.23769127122281       -1.10347254116759
H           -5.61342453689688       -1.31318200272788       -0.32613331286721
H           -4.16731053950130       -3.32913823728586       -0.29854288061853
H           -1.70828525331766       -3.09055479900658       -0.13879459083414
H           -4.58771076148899        0.94270809607818       -0.19276107770080
H           -0.60908368299378        3.77823332598797        0.19752597986976
H            1.85291031666017        4.05625841284108        0.42003120332882
H            3.32682808392862        2.11026800336532        0.45492842255379
H            2.12438840869208       -1.31526855970901        0.18451647549192
H            4.31388685558319        0.08925150983145        1.34120477828025
H            4.43241102915279        0.33425463144276       -0.41147924014356
H            4.20600819695605       -2.39484825636873        0.95802460764872
H            5.71190063650675       -1.61811623137604        0.42857339474549
H            3.61702708729184       -2.55089099621306       -1.22383525245190
33
 energy: -56.019183707878 gnorm: 0.014137906539 xtb: 6.7.1 (edcfbbe)
C           -4.51925498427735       -1.20493766666884       -0.25501830219754
C           -3.70980719707517       -2.33346102590766       -0.23987497465402
C           -2.33463672500635       -2.20246589652632       -0.15044737784953
C           -1.74606831491626       -0.94130705113182       -0.07317715965932
C           -2.56447658309224        0.19580515571649       -0.08855874299319
C           -3.94853375325736        0.05297748278030       -0.18046731656667
C           -1.97615709829684        1.54049768625865       -0.01051508534203
O           -2.68142378619692        2.54867609151149       -0.04298786305754
C           -0.50710266720833        1.63396041255403        0.11066640024685
C            0.03920927867585        2.90127106338950        0.21088265823308
C            1.41859467942405        3.05963083076309        0.33357748117831
C            2.24642627733805        1.96866464319756        0.35089283389926
C            1.73172857499328        0.65312199833699        0.24175680487162
C            0.31547939786336        0.48031202471129        0.12421708130136
C           -0.27354869464698       -0.83740773817443        0.02421375717492
O            0.40410113757801       -1.88333431765464        0.01961876922180
N            2.56304593272700       -0.39820219391749        0.25499014040758
C            4.00593011012738       -0.32492480481190        0.36237939217409
C            4.63304390706928       -1.70768049443950        0.22846268036272
O            4.52579380348186       -2.23931426449471       -1.08728936097069
H           -5.59226299504088       -1.30880872114936       -0.32508637047569
H           -4.15385999134459       -3.31668594946694       -0.29790926412159
H           -1.69838328850365       -3.07564640612482       -0.13827623022443
H           -4.56296792172699        0.94211149201832       -0.19150057642515
H           -0.61612861517718        3.75920942904325        0.19582035625329
H            1.83928627136034        4.05144288777734        0.41773598092322
H            3.30986307321723        2.11056902214482        0.45283092547243
H            2.11639218948511       -1.30950075933958        0.19832504737084
H            4.29177378033590        0.09131428530008        1.33649874577524
H            4.40735069901460        0.32179424875104       -0.42614183972678
H            4.19206861218598       -2.40058184133149        0.95354323081514
H            5.70535847802897       -1.63328154178460        0.42332219040159
H            3.61614972314491       -2.53099764465328       -1.23184138812966
33
 energy: -56.019619531843 gnorm: 0.005256937618 xtb: 6.7.1 (edcfbbe)
C           -4.50747871170489       -1.20452628799700       -0.25473930375720
C           -3.69932163850534       -2.33129283188193       -0.23952950528339
C           -2.32605268385459       -2.19832272161577       -0.14977550990874
C           -1.73606218437906       -0.93928190437415       -0.07224856403445
C           -2.55371699725690        0.19653463876996       -0.08800354257816
C           -3.93605655629469        0.05140499261644       -0.18015631520786
C           -1.97279961019226        1.54216063437303       -0.00918431103548
O           -2.67707793576013        2.54879976707187       -0.04136686532479
C           -0.50743469936318        1.62844510039124        0.11135658805586
C            0.03819056301780        2.89571709158882        0.21047676556742
C            1.41530866452095        3.06128077646983        0.33241748687791
C            2.24098932774008        1.97097608813240        0.34983415786186
C            1.72872706037978        0.65489971129597        0.24391044108117
C            0.31605672765392        0.47797345445702        0.12623823459466
C           -0.26597841999469       -0.84148582099292        0.02419419553921
O            0.41005853677904       -1.88565372161057        0.01715070609861
N            2.55710910736621       -0.39404015867287        0.25838801785608
C            3.99590526571180       -0.32540271153888        0.36041284790333
C            4.61866563990426       -1.71647850633358        0.23041323153088
O            4.52347593270276       -2.24590576633934       -1.07605583713410
H           -5.57842471087994       -1.30652563916817       -0.32464038128621
H           -4.14128233541989       -3.31294047240082       -0.29788221116572
H           -1.68485162216298       -3.06642399544378       -0.13748615194164
H           -4.54333800390458        0.94383154579085       -0.19072507999484
H           -0.62484596127918        3.74619516708431        0.19402484025351
H            1.82974941139565        4.05314124963498        0.41538582531686
H            3.30274068890802        2.11099761568953        0.45015134982797
H            2.11064158687903       -1.30708552836298        0.21454242163259
H            4.28516497994643        0.09490314610383        1.33010665043690
H            4.39503958939560        0.30775809114296       -0.43904104652593
H            4.16839954526305       -2.40132930990646        0.95646010050193
H            5.68978583412469       -1.64477172321881        0.42940556606415
H            3.60569691954726       -2.50073153407810       -1.25339217813290
33
 energy: -56.019733510170 gnorm: 0.005660846008 xtb: 6.7.1 (edcfbbe)
C           -4.50311812125311       -1.20661985069528       -0.25514958102859
C           -3.69401343328178       -2.33319996879072       -0.23993384800079
C           -2.32102407937970       -2.19853151404295       -0.14988775950055
C           -1.73146641939820       -0.93910535939852       -0.07192310821132
C           -2.54981846365877        0.19610267734413       -0.08771037523776
C           -3.93203264586263        0.04937965825679       -0.18017587653512
C           -1.97189910525286        1.54288191072235       -0.00852602506669
O           -2.67744431112978        2.54865803514567       -0.03986500249300
C           -0.50730907137316        1.62822762685330        0.11258987360109
C            0.03832268236247        2.89600182092168        0.21075985709572
C            1.41529570308833        3.06471676151787        0.33147662963148
C            2.24115001571717        1.97422780663822        0.34896598864907
C            1.72890287903576        0.65753812908385        0.24553035583953
C            0.31684994263629        0.47863164787190        0.12825841976690
C           -0.26208064454543       -0.84235202646982        0.02545401424851
O            0.41433280140744       -1.88620975309613        0.01657096073233
N            2.55582949204899       -0.39176759269363        0.26049051365353
C            3.99406249641185       -0.32656909133510        0.35840123712088
C            4.60902537323328       -1.72380194779463        0.23203940943325
O            4.51882041699446       -2.25209154303832       -1.07118938943347
H           -5.57397964920074       -1.30812162539152       -0.32539303289934
H           -4.13440561451342       -3.31544232132733       -0.29841656155015
H           -1.67618941829094       -3.06420848650223       -0.13712457507912
H           -4.53646169498089        0.94386264608704       -0.19073446564165
H           -0.62922558042041        3.74314526578652        0.19324945189305
H            1.82695046849809        4.05757867178526        0.41292691535996
H            3.30345940255135        2.11291763334591        0.44770046607163
H            2.10813309735906       -1.30515523547461        0.22503754435043
H            4.28952030055254        0.09683370207462        1.32443641706265
H            4.39405004386338        0.29915816719194       -0.44634729020948
H            4.14864334757342       -2.40209040072208        0.95919874205212
H            5.67896873548247       -1.65721074869655        0.43957439031423
H            3.59513436400949       -2.47456425848074       -1.26964167229986
33
 energy: -56.019828280000 gnorm: 0.006768078285 xtb: 6.7.1 (edcfbbe)
C           -4.49879513450562       -1.21103156292182       -0.25656104749644
C           -3.68758392999361       -2.33724131014667       -0.24101056609164
C           -2.31481341169325       -2.20017242624875       -0.14984418102207
C           -1.72694070610785       -0.93929450992464       -0.07120028349427
C           -2.54688065463739        0.19494355123157       -0.08716820389494
C           -3.92929716702833        0.04580490208081       -0.18087062884802
C           -1.97145379835691        1.54316914661642       -0.00610143894643
O           -2.67942055566121        2.54775946490044       -0.03697097302598
C           -0.50683550325329        1.63033398309307        0.11474941797959
C            0.03891170191498        2.89885251682447        0.21102518683937
C            1.41618017619671        3.07008207789503        0.32959633079982
C            2.24318362472282        1.97966368605832        0.34743894796268
C            1.73042257622530        0.66238799396217        0.24786287084927
C            0.31825891058138        0.48135369319965        0.13124772324720
C           -0.25798540241361       -0.84117890330277        0.02726455726496
O            0.41973289216437       -1.88479689667723        0.01799182185833
N            2.55603097247056       -0.38821070343270        0.26337097340144
C            3.99465702517057       -0.32855318700754        0.35581495752772
C            4.59603244314890       -1.73362662729911        0.23420845880659
O            4.51031095580527       -2.26104738169222       -1.06691770965287
H           -5.56997534542042       -1.31313076812086       -0.32743962134502
H           -4.12588522651389       -3.32087944837248       -0.30006819547228
H           -1.66593413106723       -3.06347706238434       -0.13684784220440
H           -4.53236267195684        0.94171094125561       -0.19123489072689
H           -0.63277373254175        3.74331745956920        0.19275362473031
H            1.82546205763983        4.06443517083685        0.40879202785816
H            3.30668899619037        2.11702488019842        0.44360716639427
H            2.10588548681066       -1.30124587643986        0.23772755234811
H            4.29955855733492        0.09897922199298        1.31704267805584
H            4.39646964830193        0.28878292931735       -0.45462604580566
H            4.12044503269955       -2.40416898591708        0.96115597360794
H            5.66444086783508       -1.67838359165500        0.45449771673949
H            3.58124875622201       -2.43934194081245       -1.28864373455471
33
 energy: -56.019885990409 gnorm: 0.004648495029 xtb: 6.7.1 (edcfbbe)
C           -4.49601788599737       -1.21481027932236       -0.25810256519832
C           -3.68303320661004       -2.34035469146083       -0.24229497419785
C           -2.31049138989744       -2.20156508006179       -0.14999508523805
C           -1.72466416263473       -0.93933878165419       -0.07032626638249
C           -2.54599825728803        0.19402017359510       -0.08643539728615
C           -3.92855952349217        0.04298686253582       -0.18134432821622
C           -1.97141834197323        1.54302648077692       -0.00430015064752
O           -2.68118638330113        2.54676971076811       -0.03384978125450
C           -0.50642503250408        1.63298026315056        0.11666058576764
C            0.03914095647689        2.90195264325054        0.21143327360929
C            1.41676838121438        3.07375060327192        0.32777394588367
C            2.24504636993703        1.98385238707649        0.34579722489461
C            1.73203198178134        0.66643596843786        0.24902146820246
C            0.31943631820253        0.48429691057895        0.13353781345742
C           -0.25593740884460       -0.83878270960653        0.03004820271709
O            0.42300965866695       -1.88216108618026        0.02141060401072
N            2.55711457227934       -0.38517605470809        0.26518290435654
C            3.99641687321965       -0.33037137406005        0.35433151803854
C            4.58700418779944       -1.73992229213869        0.23577982175981
O            4.50280064533148       -2.26669385136851       -1.06570912239398
H           -5.56735576720851       -1.31844955305331       -0.33005429317429
H           -4.11997548635781       -3.32499358453997       -0.30191779663980
H           -1.65989712868310       -3.06388117860252       -0.13659490548255
H           -4.53275252569240        0.93841768519355       -0.19204142810687
H           -0.63340224172885        3.74604736506630        0.19305373603094
H            1.82545655249146        4.06892404947315        0.40503841726769
H            3.30922797359806        2.12092617178768        0.44007238739968
H            2.10488343065882       -1.29737522824341        0.24460181017894
H            4.30733686080379        0.09957770742846        1.31267126847477
H            4.39964945571403        0.28235135363233       -0.45902584123286
H            4.10065538118790       -2.40648388510508        0.96049650989454
H            5.65437164877321       -1.69547482894672        0.46397205788728
H            3.57374680436122       -2.41766144029453       -1.29824899069067
33
 energy: -56.019932407994 gnorm: 0.003009798099 xtb: 6.7.1 (edcfbbe)
C           -4.49218426463358       -1.21897144624445       -0.26025088759745
C           -3.67745881711511       -2.34320787026032       -0.24384318815877
C           -2.30541744581025       -2.20252763951060       -0.14944025200667
C           -1.72231990093626       -0.93903302748681       -0.06840216670702
C           -2.54515544064797        0.19315044975084       -0.08496932755573
C           -3.92750949165913        0.03993398643200       -0.18202559012662
C           -1.97139966881058        1.54263244085165       -0.00064817192162
O           -2.68253477154799        2.54550384278145       -0.02889633108827
C           -0.50595922700254        1.63574894680378        0.11857995047625
C            0.03891755476619        2.90509087197841        0.21120839959066
C            1.41678989634686        3.07699228664290        0.32476932657747
C            2.24653032849001        1.98822630091578        0.34290840070663
C            1.73389817009958        0.67080519943669        0.24936638705111
C            0.32097321521256        0.48765867920079        0.13563517990215
C           -0.25391547762978       -0.83549233233480        0.03367949143315
O            0.42603222981633       -1.87850931581848        0.02807898318751
N            2.55863104005580       -0.38139479242476        0.26641878758490
C            3.99855791899855       -0.33306471396323        0.35345530357940
C            4.57707213916316       -1.74681094960465        0.23884412718540
O            4.49626151150926       -2.27295266027937       -1.06438698983275
H           -5.56328364759905       -1.32516129264137       -0.33374951679392
H           -4.11303431796305       -3.32849887541931       -0.30470961584366
H           -1.65408634877704       -3.06418227754912       -0.13588370169586
H           -4.53458721814229        0.93338640065491       -0.19299272027358
H           -0.63274434041806        3.74986165977486        0.19351795313643
H            1.82545481094518        4.07257053997687        0.39991856211637
H            3.31086878879648        2.12588678983289        0.43489227700651
H            2.10400766752211       -1.29236004190072        0.24914956290517
H            4.31327192370507        0.09866003609578        1.30976349071511
H            4.40393012182964        0.27546141740771       -0.46204328911039
H            4.07752883107813       -2.40988623782418        0.95812838747375
H            5.64312186271767       -1.71674608422493        0.47483752603253
H            3.56672567792412       -2.38994985437332       -1.31026772425868
33
 energy: -56.019952943537 gnorm: 0.001060549786 xtb: 6.7.1 (edcfbbe)
C           -4.48928246780429       -1.22130530301208       -0.26195661630516
C           -3.67362429350876       -2.34450610566022       -0.24531324345124
C           -2.30192214093865       -2.20258147267864       -0.14893770034683
C           -1.72083628592228       -0.93854997273500       -0.06623153871020
C           -2.54455883033066        0.19288162587132       -0.08307380071604
C           -3.92647852180506        0.03833777376527       -0.18184735826705
C           -1.97137875259891        1.54250460130264        0.00196631443680
O           -2.68297617144560        2.54495638308928       -0.02371182738243
C           -0.50573065269706        1.63704067626484        0.11977909910132
C            0.03841095625234        2.90656251063997        0.21072855213684
C            1.41649369810732        3.07846729144480        0.32168837729956
C            2.24706225374715        1.99052207899430        0.33976166987174
C            1.73495938068449        0.67304820391559        0.24864840171968
C            0.32199341828499        0.48950773207427        0.13681388332439
C           -0.25274524980578       -0.83357567606923        0.03771044143956
O            0.42744130463021       -1.87643789343443        0.03476732841068
N            2.55937021359850       -0.37920053661308        0.26646336077558
C            3.99946652027268       -0.33532983467384        0.35427213603709
C            4.57076576681141       -1.75090466058908        0.24146447605730
O            4.49287432243178       -2.27496940370454       -1.06430137575003
H           -5.55993937421488       -1.32939225436656       -0.33726554125808
H           -4.10837463024013       -3.32992316040452       -0.30748446627800
H           -1.65073472376521       -3.06407778064873       -0.13496051114764
H           -4.53622108473216        0.92978019370453       -0.19336574961721
H           -0.63163934357606        3.75240965960667        0.19364050725560
H            1.82552609890883        4.07399544965114        0.39504466260724
H            3.31122159658953        2.12915170383927        0.42991313211558
H            2.10320748005579       -1.28938515271598        0.24939307626739
H            4.31421689510886        0.09631498769367        1.31052046893413
H            4.40722391290115        0.27140864526722       -0.46130061442966
H            4.06280977394561       -2.41306385369942        0.95497232306707
H            5.63564149148257       -1.73003484403881        0.48143156511980
H            3.56474074985630       -2.37083117540374       -1.31858680862826
33
 energy: -56.019957422114 gnorm: 0.002046748008 xtb: 6.7.1 (edcfbbe)
C           -4.48666566446490       -1.22287442618595       -0.26371188774770
C           -3.67049402749933       -2.34530183379194       -0.24667547377344
C           -2.29906762721131       -2.20230579710399       -0.14777592884773
C           -1.71932322523883       -0.93814604065570       -0.06346402069487
C           -2.54363560773914        0.19278357071217       -0.08067845490153
C           -3.92498151395396        0.03722342527123       -0.18163789700311
C           -1.97139685209885        1.54251457028928        0.00621910051454
O           -2.68312108031546        2.54468192310457       -0.01711628893985
C           -0.50555877952559        1.63732243069560        0.12049885542922
C            0.03813831023142        2.90697464586168        0.20927800241944
C            1.41639964911416        3.07944367210396        0.31775926441565
C            2.24733296953569        1.99199791923813        0.33585551748716
C            1.73563774683034        0.67430281806010        0.24742951792179
C            0.32280420322609        0.49039776488229        0.13747711351400
C           -0.25149656746328       -0.83284337034804        0.04123725044524
O            0.42842196032899       -1.87573571171632        0.04173137891124
N            2.55948644435304       -0.37783379615200        0.26564692471003
C            3.99940726115100       -0.33757348420919        0.35634721030039
C            4.56528424969749       -1.75496795585655        0.24434396171805
O            4.49277581945874       -2.27570500759513       -1.06386907732664
H           -5.55686245764988       -1.33203077082189       -0.34084029023565
H           -4.10441680865456       -3.33071523218943       -0.31073180642518
H           -1.64772713694062       -3.06348827118598       -0.13360848838472
H           -4.53642924707768        0.92729921860801       -0.19308134030521
H           -0.63104736530884        3.75332580097861        0.19295672161723
H            1.82543270741629        4.07491479682372        0.38915585105351
H            3.31137144356600        2.13146019542258        0.42376405588826
H            2.10204088980646       -1.28767106298987        0.24852165937857
H            4.31218999090295        0.09300631731826        1.31364691227575
H            4.41074584003706        0.26808415251209       -0.45814790611103
H            4.04864402184421       -2.41668022233586        0.95145314829275
H            5.62878362799165       -1.74155207415867        0.48940372775602
H            3.56431013593466       -2.34748772790887       -1.33074468966264
33
 energy: -56.019961947267 gnorm: 0.001285701487 xtb: 6.7.1 (edcfbbe)
C           -4.48706116640838       -1.22227855966363       -0.26414364668813
C           -3.67116865018441       -2.34480076312870       -0.24718728071410
C           -2.29968940378984       -2.20197341321843       -0.14741470556758
C           -1.71977079014270       -0.93810275053319       -0.06244647530127
C           -2.54390388126220        0.19301949295075       -0.07960694973762
C           -3.92507650397020        0.03773002260488       -0.18115834339459
C           -1.97158633237237        1.54261188795937        0.00763710563105
O           -2.68302316709055        2.54494625298367       -0.01433325218987
C           -0.50564403596317        1.63682749443945        0.12037024355799
C            0.03818784234457        2.90640728745364        0.20842805728254
C            1.41656383535644        3.07883652398581        0.31619668683764
C            2.24721714982715        1.99122170032479        0.33444756998729
C            1.73540795890671        0.67346112207299        0.24660217322462
C            0.32260618051488        0.48986960322533        0.13720395792470
C           -0.25190136254896       -0.83336753903540        0.04222462113779
O            0.42760171960067       -1.87645653325166        0.04374068492090
N            2.55911471594349       -0.37857877083414        0.26468625288123
C            3.99878797011099       -0.33784033862042        0.35840787114894
C            4.56620585502355       -1.75426492162191        0.24429150369721
O            4.49474580335462       -2.27238792049696       -1.06531936335058
H           -5.55717114246758       -1.33113862155822       -0.34194982305888
H           -4.10514216204643       -3.33006547283140       -0.31206164489969
H           -1.64866534529445       -3.06337752534379       -0.13323128561242
H           -4.53665714523387        0.92767859037800       -0.19243710488458
H           -0.63059018975931        3.75304618312849        0.19225371801014
H            1.82585958536544        4.07416315203943        0.38691227186847
H            3.31123220687164        2.13091548665642        0.42178604369514
H            2.10177261893806       -1.28856458288667        0.24606435052515
H            4.30889523002246        0.09084756764181        1.31743986774439
H            4.41159117598593        0.26966207850673       -0.45388071610932
H            4.05021648051858       -2.41796077364849        0.94935084230273
H            5.62940876997008       -1.73967432433762        0.48929298742133
H            3.56861949016319       -2.34759119866403       -1.33152359460108
33
 energy: -56.019966267186 gnorm: 0.000684067907 xtb: 6.7.1 (edcfbbe)
C           -4.48830753947339       -1.22148973206489       -0.26384813984054
C           -3.67274664619667       -2.34441282333289       -0.24730219510220
C           -2.30115806919203       -2.20202985103363       -0.14764965152826
C           -1.72050542942176       -0.93839511544996       -0.06231658282146
C           -2.54433603229579        0.19305378844529       -0.07905443385486
C           -3.92565013205231        0.03822383721169       -0.18024033585581
C           -1.97165496951597        1.54261242605769        0.00737038791401
O           -2.68320343637559        2.54502697541139       -0.01219176635544
C           -0.50569912289350        1.63636527420918        0.12014532549696
C            0.03862694125489        2.90585829309069        0.20793856149539
C            1.41708305110957        3.07828798656340        0.31514450966603
C            2.24737722231062        1.99029563929319        0.33359079269674
C            1.73515949484974        0.67255059610320        0.24570428697274
C            0.32221445608091        0.48915258588120        0.13675184353559
C           -0.25253987149463       -0.83419363449269        0.04253567255438
O            0.42683195310248       -1.87740471614693        0.04318341568041
N            2.55881319258292       -0.37968185811850        0.26341515463727
C            3.99826984484039       -0.33770073356763        0.36011371012707
C            4.56789487410849       -1.75357762469923        0.24378606912835
O            4.49853685980081       -2.26945325228592       -1.06627263434770
H           -5.55857746970346       -1.32944643973462       -0.34194862692937
H           -4.10687033626486       -3.32970628563364       -0.31220580031199
H           -1.65004698270017       -3.06350798106749       -0.13319039987090
H           -4.53623392280482        0.92897199604241       -0.19157077533848
H           -0.63077016516292        3.75212427915050        0.19139207730071
H            1.82631899837151        4.07371928640267        0.38531087761710
H            3.31155895863126        2.12958202590491        0.42103891350389
H            2.10174099622588       -1.28990948262552        0.24520450829558
H            4.30631321497931        0.08910022142363        1.32073570576852
H            4.41240672093515        0.27194664294717       -0.44990643701042
H            4.05247639128152       -2.41899153928349        0.94804505421363
H            5.63095442185875       -1.73695239322341        0.49045812362878
H            3.57270584350770       -2.34719795470088       -1.33352458737616
33
 energy: -56.019971087186 gnorm: 0.000574659571 xtb: 6.7.1 (edcfbbe)
C           -4.48989197416639       -1.22050567176515       -0.26395315608835
C           -3.67476799455597       -2.34388999025024       -0.24763712216954
C           -2.30313216772932       -2.20214509258739       -0.14730253974381
C           -1.72163431825520       -0.93878576271902       -0.06146980524957
C           -2.54506342593820        0.19305433489980       -0.07771997606086
C           -3.92650470948694        0.03883437956033       -0.17949671996118
C           -1.97201963117027        1.54243323271755        0.01079678411497
O           -2.68362463557656        2.54493506086455       -0.00613190892178
C           -0.50571152096855        1.63586521314430        0.11954507797277
C            0.03935820418843        2.90527017794616        0.20567949022450
C            1.41790266599911        3.07745692155496        0.31188950257388
C            2.24771126104228        1.98900445727078        0.33108182786226
C            1.73489797317889        0.67132947528053        0.24410075719746
C            0.32174261570523        0.48827388811956        0.13571805867220
C           -0.25349380675437       -0.83508336946944        0.04239806985382
O            0.42557557355671       -1.87854027758520        0.04380380634533
N            2.55847789261694       -0.38123094250890        0.26100614954468
C            3.99754972751540       -0.33823136560385        0.36385000975527
C            4.56959628326114       -1.75327568547549        0.24353173387485
O            4.50553703868325       -2.26407168538750       -1.06819727742962
H           -5.56034159478249       -1.32741540101998       -0.34238934783962
H           -4.10904051816899       -3.32917138986598       -0.31349086058254
H           -1.65200945254249       -3.06375562422128       -0.13327185945915
H           -4.53607471676705        0.93041438528564       -0.18982127546530
H           -0.63064865181438        3.75118626028885        0.18939663827091
H            1.82723435389170        4.07299240248203        0.38086428811592
H            3.31210934645873        2.12781206694005        0.41803388838845
H            2.10150624249402       -1.29161532053206        0.24454105126970
H            4.30146232225179        0.08457395338778        1.32769876627834
H            4.41480074263004        0.27539674495657       -0.44163598918839
H            4.05300386562603       -2.42201988780013        0.94433197449008
H            5.63188957173014       -1.73535422434578        0.49465054009968
H            3.58058674813134       -2.34092082688517       -1.33975795305581
33
 energy: -56.019975485354 gnorm: 0.000567223659 xtb: 6.7.1 (edcfbbe)
C           -4.49092519561285       -1.21967032893483       -0.26416728134150
C           -3.67615866927068       -2.34327844922234       -0.24857896270026
C           -2.30455906450973       -2.20211152272640       -0.14732923185510
C           -1.72268259512783       -0.93901572792835       -0.06007757368427
C           -2.54577727448812        0.19305757581034       -0.07542498942724
C           -3.92725249559182        0.03937314595240       -0.17770805305113
C           -1.97228873840730        1.54216677682337        0.01399242016295
O           -2.68401025714678        2.54470226101281        0.00290942469944
C           -0.50572038793317        1.63534828646707        0.11929157374050
C            0.03980555361604        2.90470601774104        0.20319327159343
C            1.41851948905021        3.07648867199943        0.30692944440671
C            2.24797505136310        1.98779543039032        0.32696013951625
C            1.73478447917498        0.67022492653117        0.24170215468191
C            0.32144278133323        0.48752106757249        0.13480506337667
C           -0.25449775179683       -0.83570149341857        0.04376313335280
O            0.42420230373531       -1.87936382791599        0.04602057620772
N            2.55829815598786       -0.38255230120396        0.25808158900219
C            3.99686794241659       -0.33971277349185        0.36886523491316
C            4.57025676454882       -1.75373643989236        0.24408808013505
O            4.51396536466936       -2.25751090931141       -1.07067677807969
H           -5.56134437769355       -1.32610014471205       -0.34362114131800
H           -4.11066034158258       -3.32837225890862       -0.31559854738043
H           -1.65381892634184       -3.06398714053867       -0.13359772069118
H           -4.53653632185023        0.93114306410702       -0.18756686556632
H           -0.62998239716715        3.75077886307709        0.18698157312444
H            1.82833219441103        4.07198605074597        0.37375866395469
H            3.31240971166693        2.12648814601753        0.41306494299936
H            2.10106916225519       -1.29287092148112        0.24476722058852
H            4.29538956974590        0.07814194038792        1.33668914986408
H            4.41823315081240        0.27836208302013       -0.43110385345325
H            4.05000541932277       -2.42664921951953        0.93836387252593
H            5.63107580671844       -1.73680965123771        0.50144272483459
H            3.59056520397629       -2.32802076053544       -1.34957663144247
33
 energy: -56.019978163610 gnorm: 0.000306706848 xtb: 6.7.1 (edcfbbe)
C           -4.49188679207965       -1.21872469105953       -0.26400293800500
C           -3.67746473490185       -2.34257990887244       -0.24912204187443
C           -2.30583889800006       -2.20203345513146       -0.14761361273996
C           -1.72365249713466       -0.93916143194149       -0.05939984172476
C           -2.54639920778235        0.19310956236534       -0.07396822576031
C           -3.92793010192773        0.04006943531096       -0.17655254186256
C           -1.97254392972111        1.54187452521100        0.01719029208464
O           -2.68405352064423        2.54451800055214        0.00955074023863
C           -0.50572423954068        1.63473792942479        0.11879111248086
C            0.04005229034197        2.90410170376951        0.20065319612813
C            1.41886680415607        3.07546564115650        0.30282044253897
C            2.24801950330743        1.98656789935748        0.32382430044278
C            1.73458380513060        0.66906394927742        0.24017388952088
C            0.32118294722373        0.48671972875847        0.13407092726495
C           -0.25541864987953       -0.83632090034709        0.04456348141401
O            0.42292800045708       -1.88014776705676        0.04744036622744
N            2.55816621330595       -0.38376535492146        0.25638097316579
C            3.99628118426926       -0.34100980237378        0.37317277450426
C            4.57103642123729       -1.75385210460528        0.24446653161709
O            4.52187434670144       -2.25101023873370       -1.07317283623660
H           -5.56226544366200       -1.32500899323231       -0.34375419962827
H           -4.11246083545917       -3.32735956100270       -0.31704786047449
H           -1.65559058808086       -3.06422853847049       -0.13442177673252
H           -4.53708546505615        0.93187850686974       -0.18556210891409
H           -0.62929412090625        3.75046653224065        0.18465737305541
H            1.82927785747296        4.07081629465174        0.36792801074029
H            3.31245734205200        2.12526376766671        0.40919863637337
H            2.10085439908731       -1.29401010951321        0.24706294169446
H            4.29071187443691        0.07286523357925        1.34393854142041
H            4.42029518323187        0.28071508853278       -0.42237614487665
H            4.04752348812411       -2.43072975497981        0.93236675872974
H            5.63045431679637       -1.73797000956734        0.50730264431421
H            3.60002635772793       -2.31750074023872       -1.35791718143713
33
 energy: -56.019979270122 gnorm: 0.000257663241 xtb: 6.7.1 (edcfbbe)
C           -4.49276262593456       -1.21790458838529       -0.26348163646907
C           -3.67865196610577       -2.34197536150803       -0.24918891483559
C           -2.30698860625750       -2.20195995612676       -0.14772587136074
C           -1.72446209558856       -0.93927425826220       -0.05925873203876
C           -2.54688807071237        0.19317531750125       -0.07337397175019
C           -3.92849688884239        0.04067736033665       -0.17566987785742
C           -1.97263825088746        1.54171266537375        0.01789058729258
O           -2.68391181899043        2.54450973230017        0.01211506621973
C           -0.50573415232766        1.63422728264101        0.11828650063586
C            0.04020817301077        2.90355179699066        0.19907841641269
C            1.41906577304910        3.07459574194229        0.30049086620413
C            2.24793187854465        1.98553329314390        0.32238319658404
C            1.73431850131572        0.66807237902704        0.23981360243710
C            0.32093515084480        0.48604982492861        0.13363916977651
C           -0.25611751973613       -0.83680970041126        0.04403110836535
O            0.42188399218282       -1.88078557209521        0.04817921452929
N            2.55800180767814       -0.38475100960275        0.25621766447384
C            3.99587842800235       -0.34170380813394        0.37605972279951
C            4.57192925750826       -1.75356791963033        0.24438154818810
O            4.52803470503323       -2.24591783338367       -1.07535919254478
H           -5.56315289572030       -1.32412747526196       -0.34278428980069
H           -4.11417329702374       -3.32647331783443       -0.31738593193245
H           -1.65714843715129       -3.06442354101762       -0.13535536833327
H           -4.53749526350439        0.93255795903435       -0.18426341942563
H           -0.62873398212673        3.75018113879656        0.18284444879974
H            1.82994101645618        4.06978828584566        0.36476476033262
H            3.31231523866993        2.12423655779697        0.40769477044473
H            2.10086114139572       -1.29496400962493        0.24986310562637
H            4.28816231462216        0.06969936452830        1.34851089562898
H            4.42088284002327        0.28238372300417       -0.41699434087582
H            4.04639064228390       -2.43343489633339        0.92761573378104
H            5.63032083189099       -1.73815917144508        0.51105261722716
H            3.60727748868130       -2.31189956745755       -1.36342882484539
33
 energy: -56.019979924131 gnorm: 0.000240998762 xtb: 6.7.1 (edcfbbe)
C           -4.49324646966104       -1.21751391052659       -0.26284523767877
C           -3.67927289021064       -2.34168103382845       -0.24907889549882
C           -2.30754972161273       -2.20189197756790       -0.14819938732159
C           -1.72486352389523       -0.93930976593855       -0.05949732859938
C           -2.54713292146160        0.19323694525449       -0.07343128864458
C           -3.92878717010527        0.04098601431548       -0.17531137346308
C           -1.97269940405726        1.54167379996664        0.01797066183533
O           -2.68375051513561        2.54459233926361        0.01190401123451
C           -0.50573521732612        1.63399192547820        0.11780418547642
C            0.04030167446371        2.90328181819751        0.19808572348485
C            1.41916329130224        3.07416254261179        0.29956299360603
C            2.24786717551531        1.98500508875062        0.32198679906485
C            1.73416013576182        0.66757226789424        0.23980735157078
C            0.32078706807133        0.48572378239906        0.13364658853874
C           -0.25654424188480       -0.83711372464265        0.04493722158524
O            0.42131598115803       -1.88112434831941        0.04889039087483
N            2.55782924002346       -0.38527675387690        0.25689626913459
C            3.99565618744072       -0.34209591741829        0.37757008095705
C            4.57227658955836       -1.75349589035131        0.24420523081375
O            4.53178958320814       -2.24266406822885       -1.07692526360710
H           -5.56364969444088       -1.32374157175402       -0.34184753507608
H           -4.11508039557272       -3.32603548069414       -0.31729658987569
H           -1.65793754601464       -3.06450751223171       -0.13588421010706
H           -4.53774804912968        0.93287760941416       -0.18363868822807
H           -0.62840178227676        3.75007668789624        0.18169058866553
H            1.83029996029818        4.06927425374607        0.36328269054985
H            3.31221519231946        2.12371983286234        0.40742781850515
H            2.10083857685582       -1.29547925150474        0.25206745885176
H            4.28737556434924        0.06817519035302        1.35064769205273
H            4.42075534662756        0.28306171083042       -0.41453153523329
H            4.04507718882702       -2.43512204268360        0.92427147295550
H            5.62997779338608       -1.73868872734429        0.51346784738288
H            3.61169630390253       -2.30884939564561       -1.36699312011728
33
 energy: -56.019980522059 gnorm: 0.000218377052 xtb: 6.7.1 (edcfbbe)
C           -4.49347640614912       -1.21740010517516       -0.26235364746010
C           -3.67953519663394       -2.34160682721524       -0.24878231851211
C           -2.30777317559089       -2.20184908469319       -0.14814981405354
C           -1.72501600592066       -0.93929953951634       -0.05957182778961
C           -2.54722979410335        0.19330020787534       -0.07367715759344
C           -3.92890932452396        0.04109587857790       -0.17519073685461
C           -1.97268091804001        1.54174301033140        0.01693115890264
O           -2.68359977706672        2.54474656289196        0.00971762260785
C           -0.50574581044555        1.63394129014989        0.11742541400656
C            0.04036286340984        2.90320742677058        0.19758602343975
C            1.41922208499032        3.07403871924781        0.29944972868752
C            2.24782993949677        1.98480318257256        0.32240868793071
C            1.73403434958126        0.66736828150339        0.24049840049726
C            0.32068862431620        0.48561606571778        0.13388798213451
C           -0.25669285400097       -0.83722532488626        0.04515865575848
O            0.42103507048082       -1.88130526674872        0.04988608199212
N            2.55762045376860       -0.38552820502836        0.25823773468410
C            3.99551693876035       -0.34232081712921        0.37827245636734
C            4.57225866502311       -1.75359456089787        0.24381816471093
O            4.53398857076947       -2.24056869169376       -1.07821125748965
H           -5.56392160005942       -1.32360287316443       -0.34088410676208
H           -4.11540854842260       -3.32594878630023       -0.31686324805399
H           -1.65818793464461       -3.06449975604566       -0.13593632308268
H           -4.53784814679132        0.93300840581505       -0.18354566722659
H           -0.62825612327218        3.75007180866623        0.18075509040182
H            1.83040623146019        4.06912799267245        0.36314048183977
H            3.31217223983775        2.12348852948593        0.40816038384049
H            2.10073703019843       -1.29574934153161        0.25352273563698
H            4.28763904087758        0.06751541619302        1.35139327317896
H            4.42023360019289        0.28324815473292       -0.41368043357787
H            4.04373055617976       -2.43621377255212        0.92177869849905
H            5.62947677187072       -1.73937535796869        0.51496134818547
H            3.61431189473525       -2.30741218598045       -1.36950096115647
33
 energy: -56.019981151673 gnorm: 0.000123697527 xtb: 6.7.1 (edcfbbe)
C           -4.49358195019913       -1.21744062472946       -0.26178808234087
C           -3.67964357793871       -2.34164144849254       -0.24809298234976
C           -2.30786815760422       -2.20180521809314       -0.14762351973438
C           -1.72506333164658       -0.93924930463285       -0.05950379329155
C           -2.54725051945748        0.19338531567411       -0.07419735931310
C           -3.92894267659622        0.04109266804186       -0.17533459891445
C           -1.97260322419990        1.54190724978280        0.01489213340089
O           -2.68338731316329        2.54501613430629        0.00511161951516
C           -0.50575923880368        1.63401913013456        0.11689792563544
C            0.04043732332012        2.90325159476938        0.19717718384221
C            1.41923433120537        3.07406263058164        0.30007898906439
C            2.24776046033344        1.98478155046865        0.32371200511530
C            1.73390598764623        0.66735793456471        0.24167192686258
C            0.32057987158083        0.48564130520924        0.13435991275452
C           -0.25676963156435       -0.83721290192218        0.04562606016309
O            0.42084415757127       -1.88137556766204        0.05138806835455
N            2.55732426491796       -0.38561159987291        0.26029923547995
C            3.99536015343480       -0.34250191828845        0.37876296914313
C            4.57196361125193       -1.75382194804130        0.24295023063437
O            4.53591045259234       -2.23868527485863       -1.07986486593196
H           -5.56407964120740       -1.32354483218479       -0.33986148944818
H           -4.11541584907234       -3.32605824811545       -0.31588501972503
H           -1.65820585107149       -3.06441708050513       -0.13526744874777
H           -4.53783748741695        0.93305056424511       -0.18400479548088
H           -0.62818996133582        3.75011215791021        0.17950641357336
H            1.83033095076712        4.06918375315432        0.36391130734130
H            3.31206797473091        2.12337944477238        0.41021289678266
H            2.10048414346057       -1.29588318452658        0.25434011532183
H            4.28851740402552        0.06703133881448        1.35172654487345
H            4.41938062894706        0.28329021851916       -0.41343087790627
H            4.04213974335557       -2.43726649471939        0.91899131798702
H            5.62867798267760       -1.74025373382553        0.51599946325257
H            3.61666227974293       -2.30697317380163       -1.37211886222399
33
 energy: -56.019981250503 gnorm: 0.000173981655 xtb: 6.7.1 (edcfbbe)
C           -4.49368749424913       -1.21748114428375       -0.26122251722165
C           -3.67975195924349       -2.34167606976985       -0.24740364618741
C           -2.30796313961755       -2.20176135149309       -0.14709722541523
C           -1.72511065737249       -0.93919906974937       -0.05943575879349
C           -2.54727124481162        0.19347042347288       -0.07471756103276
C           -3.92897602866848        0.04108945750582       -0.17547846097428
C           -1.97252553035979        1.54207148923419        0.01285310789914
O           -2.68317484925987        2.54528570572063        0.00050561642247
C           -0.50577266716181        1.63409697011924        0.11637043726432
C            0.04051178323040        2.90329576276818        0.19676834424467
C            1.41924657742042        3.07408654191548        0.30070824944126
C            2.24769098117012        1.98475991836474        0.32501532229989
C            1.73377762571119        0.66734758762603        0.24284545322791
C            0.32047111884545        0.48566654470069        0.13483184337453
C           -0.25684640912773       -0.83720047895810        0.04609346456770
O            0.42065324466172       -1.88144586857536        0.05289005471697
N            2.55702807606733       -0.38569499471745        0.26236073627580
C            3.99520336810924       -0.34268301944769        0.37925348191893
C            4.57166855748075       -1.75404933518473        0.24208229655781
O            4.53783233441521       -2.23680185802349       -1.08151847437427
H           -5.56423768235537       -1.32348679120516       -0.33883887213429
H           -4.11542314972207       -3.32616770993068       -0.31490679139608
H           -1.65822376749838       -3.06433440496459       -0.13459857441287
H           -4.53782682804258        0.93309272267517       -0.18446392373518
H           -0.62812379939947        3.75015250715419        0.17825773674490
H            1.83025567007406        4.06923951363619        0.36468213284284
H            3.31196370962407        2.12327036005884        0.41226540972482
H            2.10023125672271       -1.29601702752156        0.25515749500669
H            4.28939576717346        0.06654726143594        1.35205981656794
H            4.41852765770124        0.28333228230539       -0.41318132223467
H            4.04054893053138       -2.43831921688665        0.91620393747500
H            5.62787919348449       -1.74113210968238        0.51703757831967
H            3.61901266475060       -2.30653416162280       -1.37473676329152
