
         ______________________________________________________________
        |                                                              |
        |                                                              |
        |                   CENSO - Commandline ENSO                   |
        |                           v 2.1.2                            |
        |    energetic sorting of CREST Conformer Rotamer Ensembles    |
        |                    University of Bonn, MCTC                  |
        |                           Oct 2024                           |
        |                 based on ENSO version 2.0.1                  |
        |             L. M. Seidler, F. Bohle and S. Grimme            |
        |                                                              |
        |______________________________________________________________|

        Please cite:
        (TBA)
        S. Grimme, F. Bohle, A. Hansen, P. Pracht, S. Spicher, and M. Stahn
        J. Phys. Chem. A 2021, 125, 19, 4039-4054.
        DOI: https://doi.org/10.1021/acs.jpca.1c00971

        This program is distributed in the hope that it will be useful,
        but WITHOUT ANY WARRANTY; without even the implied warranty of
        MERCHANTABILITY or FITNESS FOR A PARTICULAR PURPOSE.

Reading configuration file from /home/mwang1/.censo2rc.
CALL: /software/projects/pawsey0265/mwang1/censo_screwed/bin/censo -i crest_conformers.xyz --maxcores 8 -O 1
Read 8 conformers.
Number of atoms:              31
Charge:                       0
Unpaired electrons:           0


----------------------------------------------------------------------------------------------------
                                          GENERAL SETTINGS                                          
----------------------------------------------------------------------------------------------------
    
imagthr:                      -100.0
sthr:                         0.0
scale:                        1.0
temperature:                  298.15
solvent:                      h2o
sm_rrho:                      alpb
multitemp:                    False
evaluate_rrho:                False
consider_sym:                 False
bhess:                        False
rmsdbias:                     False
balance:                      False
gas-phase:                    False
copy_mo:                      True
retry_failed:                 True
trange:                       [273.15, 373.15, 5]



----------------------------------------------------------------------------------------------------
                                            PRESCREENING                                            
----------------------------------------------------------------------------------------------------
    
threshold:                    4.0
func:                         pbe-d4
basis:                        def2-sv(p)
prog:                         orca
gfnv:                         gfn2
run:                          True
template:                     False


Running xtb_gsolv calculation for CONF2.
Running xtb_gsolv calculation for CONF1.
Running xtb_gsolv calculation for CONF3.
Running xtb_gsolv calculation for CONF4.
Running xtb_gsolv calculation for CONF5.
Running xtb_gsolv calculation for CONF7.
Running xtb_gsolv calculation for CONF8.
Running xtb_gsolv calculation for CONF6.
Running sp calculation for CONF1.
Running sp calculation for CONF2.
Running sp calculation for CONF3.
Running sp calculation for CONF4.
Running sp calculation for CONF5.
Running sp calculation for CONF6.
Running sp calculation for CONF7.
Running sp calculation for CONF8.



-------------------------------- PRESCREENING SINGLE-POINT RESULTS ---------------------------------

CONF#        E (xTB)          ΔE (xTB)          E (DFT)          ΔE (DFT)        ΔGsolv (xTB)          Gtot             ΔGtot          Boltzmann weight   
               [Eh]          [kcal/mol]          [Eh]           [kcal/mol]        [kcal/mol]           [Eh]           [kcal/mol]        % at 298.15 K     
CONF1       -51.619197          0.17          -828.019276          0.01           -9.037580         -828.033678          0.00               47.04         
CONF2       -51.619466          0.00          -828.019284          0.00           -8.569671         -828.032941          0.46               21.54         
CONF3       -51.617885          0.99          -828.016254          1.90           -9.498092         -828.031390          1.44                4.17         
CONF4       -51.618275          0.75          -828.016506          1.74           -9.178116         -828.031132          1.60                3.17         
CONF5       -51.618849          0.39          -828.018460          0.52           -8.744840         -828.032396          0.80               12.10         
CONF6       -51.618615          0.53          -828.018142          0.72           -8.838973         -828.032227          0.91               10.12         
CONF7       -51.616655          1.76          -828.015334          2.48           -9.574329         -828.030592          1.94                1.79         
CONF8       -51.608645          6.79          -828.011512          4.88           -10.053611        -828.027533          3.86                0.07         

Boltzmann averaged free energy/enthalpy of ensemble on input geometries (not DFT optimized):
temperature /K:   avE(T) /a.u.   avG(T) /a.u.
    298.15        -828.0187743    -828.0329816     <<==part0==
----------------------------------------------------------------------------------------------------

Number of conformers:         8
Highest ranked conformer:     CONF1


Ran prescreening in 42.78 seconds!

----------------------------------------------------------------------------------------------------
                                             SCREENING                                              
----------------------------------------------------------------------------------------------------
    
threshold:                    3.5
func:                         r2scan-3c
basis:                        def2-tzvp
prog:                         orca
sm:                           smd
gfnv:                         gfn2
run:                          True
implicit:                     False
template:                     False


Running gsolv calculation for CONF1.
Running gsolv calculation for CONF2.
Running gsolv calculation for CONF5.
Running gsolv calculation for CONF6.
Running gsolv calculation for CONF3.
Running gsolv calculation for CONF4.
Running gsolv calculation for CONF8.
Running gsolv calculation for CONF7.

----------------------------- SCREENING SINGLE-POINT (+ mRRHO) RESULTS -----------------------------

CONF#        G (xTB)          ΔG (xTB)          E (DFT)          ΔGsolv         GmRRHO          Gtot             ΔGtot          Boltzmann weight   
               [Eh]          [kcal/mol]          [Eh]             [Eh]           [Eh]           [Eh]           [kcal/mol]        % at 298.15 K     
CONF1       -51.633599          ---           -829.578341       -0.012749        ---         -829.591090          0.00               26.09         
CONF2       -51.633123          ---           -829.578310       -0.012678        ---         -829.590987          0.06               23.41         
CONF3       -51.633021          ---           -829.575413       -0.013986        ---         -829.589398          1.06                4.35         
CONF4       -51.632901          ---           -829.575761       -0.013887        ---         -829.589648          0.90                5.67         
CONF5       -51.632785          ---           -829.577325       -0.013179        ---         -829.590504          0.37               14.03         
CONF6       -51.632701          ---           -829.577056       -0.013305        ---         -829.590360          0.46               12.05         
CONF7       -51.631913          ---           -829.574065       -0.015994        ---         -829.590059          0.65                8.76         
CONF8       -51.624666          ---           -829.571575       -0.018069        ---         -829.589644          0.91                5.64         

Boltzmann averaged free energy/enthalpy of ensemble on input geometries (not DFT optimized):
temperature /K:   avE(T) /a.u.   avG(T) /a.u.
    298.15        -829.5770065    -829.5905686     <<==part1==
----------------------------------------------------------------------------------------------------


----------------------------------- SCREENING RANKING COMPARISON -----------------------------------

CONF#       ΔGtot prescreening       ΔGtot screening   
                [kcal/mol]             [kcal/mol]      
CONF1              0.00                   0.00         
CONF2              0.46                   0.06         
CONF3              1.44                   1.06         
CONF4              1.60                   0.90         
CONF5              0.80                   0.37         
CONF6              0.91                   0.46         
CONF7              1.94                   0.65         
CONF8              3.86                   0.91         
----------------------------------------------------------------------------------------------------



Number of conformers:         8
Highest ranked conformer:     CONF1


Ran screening in 197.27 seconds!

----------------------------------------------------------------------------------------------------
                                            OPTIMIZATION                                            
----------------------------------------------------------------------------------------------------
    
optcycles:                    8
maxcyc:                       200
threshold:                    1.5
hlow:                         0.01
gradthr:                      0.01
func:                         r2scan-3c
basis:                        def2-tzvp
prog:                         orca
sm:                           smd
gfnv:                         gfn2
optlevel:                     normal
run:                          True
macrocycles:                  True
crestcheck:                   True
template:                     False
constrain:                    False
xtb_opt:                      True


Optimization using macrocycles, 8 microcycles per step.
Running xtb_opt calculation for CONF1.
Running xtb_opt calculation for CONF2.
Running xtb_opt calculation for CONF5.
Running xtb_opt calculation for CONF6.
Running xtb_opt calculation for CONF4.
Running xtb_opt calculation for CONF8.
Running xtb_opt calculation for CONF7.
Running xtb_opt calculation for CONF3.
Running xtb_rrho calculation for CONF1.
Running xtb_rrho calculation for CONF2.
Running xtb_rrho calculation for CONF5.
Running xtb_rrho calculation for CONF6.
Running xtb_rrho calculation for CONF7.
Running xtb_rrho calculation for CONF4.
Running xtb_rrho calculation for CONF8.
Running xtb_rrho calculation for CONF3.
CONF7 converged after 8 steps.

----------------------------------- OPTIMIZATION CYCLE 8 UPDATE ------------------------------------

CONF#          Gtot             ΔGtot          grad_norm       converged   
               [Eh]           [kcal/mol]        [Eh/a0]                    
CONF1       -829.403814          0.00          0.003627          False     
CONF2       -829.403716          0.06          0.003197          False     
CONF3       -829.401561          1.41          0.002195          False     
CONF4       -829.401704          1.32          0.001917          False     
CONF5       -829.403413          0.25          0.002241          False     
CONF6       -829.403263          0.35          0.001895          False     
CONF7       -829.402371          0.91          0.000725          True      
CONF8       -829.402974          0.53          0.006557          False     
----------------------------------------------------------------------------------------------------
Running xtb_opt calculation for CONF1.
Running xtb_opt calculation for CONF2.
Running xtb_opt calculation for CONF5.
Running xtb_opt calculation for CONF6.
Running xtb_opt calculation for CONF4.
Running xtb_opt calculation for CONF8.
Running xtb_opt calculation for CONF3.
CONF1 converged after 24 steps.
CONF4 converged after 21 steps.
CONF3 converged after 22 steps.

----------------------------------- OPTIMIZATION CYCLE 16 UPDATE -----------------------------------

CONF#          Gtot             ΔGtot          grad_norm       converged   
               [Eh]           [kcal/mol]        [Eh/a0]                    
CONF1       -829.403952          0.00          0.000976          True      
CONF2       -829.403932          0.01          0.002081          False     
CONF3       -829.401615          1.47          0.000751          True      
CONF4       -829.401734          1.39          0.000426          True      
CONF5       -829.403806          0.09          0.008179          False     
CONF6       -829.403663          0.18          0.008875          False     
CONF7       -829.402371          0.99          0.000725          True      
CONF8       -829.403256          0.44          0.001952          False     
----------------------------------------------------------------------------------------------------
Running xtb_opt calculation for CONF2.
Running xtb_opt calculation for CONF5.
Running xtb_opt calculation for CONF6.
Running xtb_opt calculation for CONF8.
CONF2 converged after 35 steps.
CONF8 converged after 36 steps.

----------------------------------- OPTIMIZATION CYCLE 24 UPDATE -----------------------------------

CONF#          Gtot             ΔGtot          grad_norm       converged   
               [Eh]           [kcal/mol]        [Eh/a0]                    
CONF1       -829.403952          0.04          0.000976          True      
CONF2       -829.403948          0.04          0.000655          True      
CONF3       -829.401615          1.50          0.000751          True      
CONF4       -829.401734          1.43          0.000426          True      
CONF5       -829.404011          0.00          0.003048          False     
CONF6       -829.403919          0.06          0.004937          False     
CONF7       -829.402371          1.03          0.000725          True      
CONF8       -829.403279          0.46          0.000921          True      
----------------------------------------------------------------------------------------------------
Running xtb_opt calculation for CONF5.
Running xtb_opt calculation for CONF6.

----------------------------------- OPTIMIZATION CYCLE 32 UPDATE -----------------------------------

CONF#          Gtot             ΔGtot          grad_norm       converged   
               [Eh]           [kcal/mol]        [Eh/a0]                    
CONF1       -829.403952          0.11          0.000976          True      
CONF2       -829.403948          0.11          0.000655          True      
CONF3       -829.401615          1.58          0.000751          True      
CONF4       -829.401734          1.50          0.000426          True      
CONF5       -829.404118          0.01          0.001187          False     
CONF6       -829.404129          0.00          0.002650          False     
CONF7       -829.402371          1.10          0.000725          True      
CONF8       -829.403279          0.53          0.000921          True      
----------------------------------------------------------------------------------------------------
Running xtb_opt calculation for CONF5.
Running xtb_opt calculation for CONF6.
CONF5 converged after 65 steps.
CONF6 converged after 69 steps.
No longer considering CONF4 (gradient too small and ΔG = 1.53).
No longer considering CONF3 (gradient too small and ΔG = 1.60).

----------------------------------- OPTIMIZATION CYCLE 40 UPDATE -----------------------------------

CONF#          Gtot             ΔGtot          grad_norm       converged   
               [Eh]           [kcal/mol]        [Eh/a0]                    
CONF1       -829.403952          0.13          0.000976          True      
CONF2       -829.403948          0.14          0.000655          True      
CONF5       -829.404121          0.03          0.000281          True      
CONF6       -829.404165          0.00          0.000910          True      
CONF7       -829.402371          1.13          0.000725          True      
CONF8       -829.403279          0.56          0.000921          True      
----------------------------------------------------------------------------------------------------
Running xtb_rrho calculation for CONF1.
Running xtb_rrho calculation for CONF2.
Running xtb_rrho calculation for CONF5.
Running xtb_rrho calculation for CONF6.
Running xtb_rrho calculation for CONF7.
Running xtb_rrho calculation for CONF8.

--------------------------------------- OPTIMIZATION RESULTS ---------------------------------------

CONF#       E (DFT) (+ ΔGsolv)       ΔE (DFT) (+ δΔGsolv)       GmRRHO          Gtot             ΔGtot          Boltzmann weight   
                   [Eh]                   [kcal/mol]             [Eh]           [Eh]           [kcal/mol]        % at 298.15 K     
CONF1          -829.594291                   0.00                ---         -829.404035          0.00               23.46         
CONF2          -829.594222                   0.04                ---         -829.403935          0.06               21.12         
CONF5          -829.594230                   0.04                ---         -829.403994          0.03               22.48         
CONF6          -829.594206                   0.05                ---         -829.403864          0.11               19.58         
CONF7          -829.592498                   1.13                ---         -829.402151          1.18                3.19         
CONF8          -829.593277                   0.64                ---         -829.403247          0.49               10.19         

Boltzmann averaged free energy/enthalpy of ensemble on optimized geometries:
temperature /K:   avE(T) /a.u.   avG(T) /a.u.
    298.15        -829.5940855    -829.4038310     <<==part2==
----------------------------------------------------------------------------------------------------


--------------------------------------- OPTIMIZATION RESULTS ---------------------------------------

CONF#       E (DFT) (+ ΔGsolv)       ΔE (DFT) (+ δΔGsolv)       GmRRHO          Gtot             ΔGtot          Boltzmann weight   
                   [Eh]                   [kcal/mol]             [Eh]           [Eh]           [kcal/mol]        % at 298.15 K     
CONF1          -829.594291                   0.00                ---         -829.404035          0.00               23.46         
CONF2          -829.594222                   0.04                ---         -829.403935          0.06               21.12         
CONF5          -829.594230                   0.04                ---         -829.403994          0.03               22.48         
CONF6          -829.594206                   0.05                ---         -829.403864          0.11               19.58         
CONF7          -829.592498                   1.13                ---         -829.402151          1.18                3.19         
CONF8          -829.593277                   0.64                ---         -829.403247          0.49               10.19         

Boltzmann averaged free energy/enthalpy of ensemble on optimized geometries:
temperature /K:   avE(T) /a.u.   avG(T) /a.u.
    298.15        -829.5940855    -829.4038310     <<==part2==
----------------------------------------------------------------------------------------------------


--------------------------------- OPTIMIZATION RANKING COMPARISON ----------------------------------

CONF#       ΔGtot prescreening       ΔGtot screening       ΔGtot optimization   
                [kcal/mol]             [kcal/mol]              [kcal/mol]       
CONF1              0.00                   0.00                    0.00          
CONF2              0.46                   0.06                    0.06          
CONF5              0.80                   0.37                    0.03          
CONF6              0.91                   0.46                    0.11          
CONF7              1.94                   0.65                    1.18          
CONF8              3.86                   0.91                    0.49          
----------------------------------------------------------------------------------------------------



Number of conformers:         6
Highest ranked conformer:     CONF1


Ran optimization in 4849.43 seconds!

Ran CENSO in 01:24:49

CENSO all done!
