----------------------------------------------- 
  Element       SASA      Sigma Z        Total  
     Z         Ang**2 cal/Ang**2/mol   kcal/mol 
----------------------------------------------- 
      H         82.617      48.690       4.023
      C         17.190     129.740       2.230
      N          2.451       0.000       0.000
      O         50.949       0.000       0.000

 Subtotal:     153.207                   6.253
 -----------------------------------------------

  Elements    COT*SASA   Sigma Z,Z'     Total   
    Z,Z'       Ang**2  cal/Ang**2/mol kcal/mol  
 ---------------------------------------------- 
  H   C         55.558     -60.770      -3.376
  H   O          0.000       0.000       0.000
  C   C         12.988     -72.950      -0.947
  O   C          0.000      68.690       0.000
  O   O          0.000       0.000       0.000
  C   N          1.796       0.000       0.000
  N   C          7.620     -48.220      -0.367
  N  C(3)        0.000      84.100       0.000
  O   N         30.196     121.980       3.683

 Subtotal:                              -1.008
 ---------------------------------------------- 

 NONAQUEOUS SOLVENT CONTRIBUTION (kcal/mol):
 (proportional to SASA, atomic number independent)
 ---------------------------------------------- 
 Subtotal:                               0.000
 ---------------------------------------------- 

 CDS TOTAL (kcal/mol):                   5.245
...............................................................................
