13
 energy: -323.588181290983 gnorm: 0.001605699799 xtb: 6.7.1 (edcfbbe)
C           -1.95931053787530        0.65477473660018       -0.58007453854688
C           -1.51167676415183       -0.58046277845852        0.19307884231155
C           -0.23755674200041       -0.35372977474577        0.99622745925888
N            0.88515853930330        0.03373697532924        0.06436308586999
O            1.35754040283287        1.16154294600272        0.15624364561064
O            1.24152783477137       -0.79324541549268       -0.76744254591328
H           -2.90100963686963        0.45638746434267       -1.09945657874685
H           -2.11264753524596        1.50616498733623        0.09145932965372
H           -1.22121385947386        0.94553169422065       -1.33613579244290
H           -1.36807900680661       -1.43198158838243       -0.47935487887805
H           -2.27489808260377       -0.87041699228365        0.92312929849090
H           -0.33414663548541        0.46381558464351        1.71102127824984
H            0.09379780749834       -1.26884466403925        1.49315652656674
13
 energy: -323.588184866151 gnorm: 0.001183852226 xtb: 6.7.1 (edcfbbe)
C           -1.95981585549323        0.65482111364980       -0.57992267491989
C           -1.51167392415663       -0.58045736201706        0.19186198445680
C           -0.23741183682146       -0.35349120372134        0.99544255495446
N            0.88690394635777        0.03312501010321        0.06672216202603
O            1.35667354237772        1.16247572824621        0.15469153571862
O            1.24421539136989       -0.79431375858482       -0.76461350034617
H           -2.90323783361550        0.45845819178709       -1.09678405057876
H           -2.11007022461257        1.50638039915159        0.09169912639445
H           -1.22398192463465        0.94464149997602       -1.33816837189982
H           -1.36804876103594       -1.43202456407680       -0.48062799763270
H           -2.27409081669035       -0.87129075100515        0.92249881623885
H           -0.33538133460114        0.46369529840295        1.71050844266337
H            0.09340538301633       -1.26874636291322        1.49290714191910
13
 energy: -323.588186538521 gnorm: 0.001741672292 xtb: 6.7.1 (edcfbbe)
C           -1.96118788880564        0.65513931899146       -0.57952178963270
C           -1.51167839953811       -0.58041822326381        0.18895043888180
C           -0.23725532984659       -0.35298586842398        0.99365720609884
N            0.88643561672658        0.03380004896666        0.06787615878413
O            1.35567558806214        1.16392566752591        0.15248412722845
O            1.25390332583871       -0.79864681300557       -0.75500457869933
H           -2.90920772294270        0.46328051754669       -1.08956662417409
H           -2.10349128485342        1.50726523083078        0.09257160053176
H           -1.23077361324084        0.94236367850422       -1.34344860158531
H           -1.36775030976179       -1.43168932101590       -0.48407267294752
H           -2.27199739959015       -0.87355671089003        0.92102111856606
H           -0.33805424490529        0.46332867756716        1.70946294465063
H            0.09286731857748       -1.26853276095227        1.49180596098485
13
 energy: -323.588191568620 gnorm: 0.001178712762 xtb: 6.7.1 (edcfbbe)
C           -1.96088500175977        0.65568245317468       -0.57947798658173
C           -1.51118015897922       -0.58037883900420        0.18887872567918
C           -0.23711980782457       -0.35348046695620        0.99411975479845
N            0.88673934482269        0.03307670847503        0.06834890851008
O            1.35166276345523        1.16493504677348        0.15025662682103
O            1.25550584584741       -0.79970190363072       -0.75340529396403
H           -2.91010456875689        0.46345043900226       -1.08748998292985
H           -2.10156374120428        1.50822679012824        0.09305066222360
H           -1.23082646604107        0.94203324261937       -1.34458640013578
H           -1.36653491645954       -1.43075055848130       -0.48497899522348
H           -2.27224803173308       -0.87391445273456        0.91988427848349
H           -0.33804795917728        0.46310596579337        1.70950885359428
H            0.09208833412495       -1.26901099490399        1.49210610995376
13
 energy: -323.588194352375 gnorm: 0.000884326863 xtb: 6.7.1 (edcfbbe)
C           -1.95951908513639        0.65663976080132       -0.57935314255509
C           -1.51040394662319       -0.58042936285367        0.18941509140939
C           -0.23723484055340       -0.35501794223352        0.99606748654227
N            0.88651584773338        0.03223035449359        0.06820251845885
O            1.34294888387771        1.16821467089068        0.14490198418397
O            1.25668553807367       -0.80134928662893       -0.75161319931440
H           -2.90963219793342        0.46416327636574       -1.08548575025040
H           -2.09844187334839        1.50985219444603        0.09311317685374
H           -1.22975459712123        0.94171322341667       -1.34550454915716
H           -1.36431132232163       -1.42935353467222       -0.48587587699922
H           -2.27322781876772       -0.87455988063517        0.91816351602138
H           -0.33715786230259        0.46218591249775        1.71094361253599
H            0.09101889021597       -1.27101607655742        1.49324029724384
13
 energy: -323.588194352375 gnorm: 0.000884326863 xtb: 6.7.1 (edcfbbe)
C           -1.95951908513639        0.65663976080132       -0.57935314255509
C           -1.51040394662319       -0.58042936285367        0.18941509140939
C           -0.23723484055340       -0.35501794223352        0.99606748654227
N            0.88651584773338        0.03223035449359        0.06820251845885
O            1.34294888387771        1.16821467089068        0.14490198418397
O            1.25668553807367       -0.80134928662893       -0.75161319931440
H           -2.90963219793342        0.46416327636574       -1.08548575025040
H           -2.09844187334839        1.50985219444603        0.09311317685374
H           -1.22975459712123        0.94171322341667       -1.34550454915716
H           -1.36431132232163       -1.42935353467222       -0.48587587699922
H           -2.27322781876772       -0.87455988063517        0.91816351602138
H           -0.33715786230259        0.46218591249775        1.71094361253599
H            0.09101889021597       -1.27101607655742        1.49324029724384
