----------------------------------------------- 
  Element       SASA      Sigma Z        Total  
     Z         Ang**2 cal/Ang**2/mol   kcal/mol 
----------------------------------------------- 
      H        140.721      48.690       6.852
      C         36.139     129.740       4.689
      O         32.645       0.000       0.000

 Subtotal:     209.505                  11.540
 -----------------------------------------------

  Elements    COT*SASA   Sigma Z,Z'     Total   
    Z,Z'       Ang**2  cal/Ang**2/mol kcal/mol  
 ---------------------------------------------- 
  H   C         94.838     -60.770      -5.763
  H   O          0.000       0.000       0.000
  C   C         21.731     -72.950      -1.585
  O   C         17.487      68.690       1.201
  O   O          0.000       0.000       0.000

 Subtotal:                              -6.147
 ---------------------------------------------- 

 NONAQUEOUS SOLVENT CONTRIBUTION (kcal/mol):
 (proportional to SASA, atomic number independent)
 ---------------------------------------------- 
 Subtotal:                               0.000
 ---------------------------------------------- 

 CDS TOTAL (kcal/mol):                   5.393
...............................................................................
