----------------------------------------------- 
  Element       SASA      Sigma Z        Total  
     Z         Ang**2 cal/Ang**2/mol   kcal/mol 
----------------------------------------------- 
      H        142.938      48.690       6.960
      C         36.193     129.740       4.696
      O         30.424       0.000       0.000

 Subtotal:     209.556                  11.655
 -----------------------------------------------

  Elements    COT*SASA   Sigma Z,Z'     Total   
    Z,Z'       Ang**2  cal/Ang**2/mol kcal/mol  
 ---------------------------------------------- 
  H   C         96.074     -60.770      -5.838
  H   O          0.000       0.000       0.000
  C   C         26.204     -72.950      -1.912
  O   C         15.140      68.690       1.040
  O   O          0.000       0.000       0.000

 Subtotal:                              -6.710
 ---------------------------------------------- 

 NONAQUEOUS SOLVENT CONTRIBUTION (kcal/mol):
 (proportional to SASA, atomic number independent)
 ---------------------------------------------- 
 Subtotal:                               0.000
 ---------------------------------------------- 

 CDS TOTAL (kcal/mol):                   4.945
...............................................................................
