31
 energy: -829.594206216876 gnorm: 0.002044350677 xtb: 6.7.1 (edcfbbe)
C           -3.81765942000749        0.97163105347666       -1.64824543280944
C           -3.33116738731912       -0.07467549789161       -0.64776497653566
H           -3.59167532389964       -1.07811138456834       -0.99966883156858
C           -1.82609681154952       -0.02709035406657       -0.44917487875895
C           -1.21233824302991        1.11801768212683        0.06646669648720
C            0.16379924253109        1.16346249569388        0.23667945787180
C            0.98657045835655        0.07601095806861       -0.09375650062711
C            0.33432919642793       -1.04612169037086       -0.60444192077598
C           -1.03465906798316       -1.12307655130343       -0.78643037730738
F            1.07302602118233       -2.12288942516724       -0.98297243610675
C            2.45131854239899        0.14347311823603        0.07995242733673
C            3.17184883402656       -0.92040891516078        0.64010643107748
C            4.54734607733644       -0.82199868508857        0.82216568728994
C            5.22646601092682        0.33485807372467        0.44547726822600
C            4.51892884384202        1.39800207170365       -0.11116684372431
C            3.14303743006653        1.30444884029423       -0.29214826679731
C           -3.99379131286311        0.09934932658512        0.70268527886056
O           -4.59811533890930        1.08798902439322        1.07438583611162
O           -3.82577110390297       -0.99267187660117        1.48376983736933
H           -3.58787287845064        1.98305095645525       -1.30472516230840
H           -3.32491359699888        0.81246708302438       -2.61097481261497
H           -4.89888417474012        0.89140023345619       -1.79155516229417
H           -1.81408521714115        1.97725340955086        0.34672424258915
H            0.62424274851016        2.05368978914917        0.65354093116337
H           -1.46956917518089       -2.02838310886854       -1.19770203393744
H            2.65052297513778       -1.81767677544449        0.95590981486141
H            5.08946515229777       -1.65148246016852        1.26555969184190
H            6.30026851080027        0.40765240660060        0.58598980079042
H            5.04014845846372        2.30164136676224       -0.41180378185934
H            2.59887257429476        2.13046933894055       -0.73984737127457
H           -4.23544055325628       -0.81847818036603        2.34938199252762
31
 energy: -829.594211581681 gnorm: 0.001381939800 xtb: 6.7.1 (edcfbbe)
C           -3.81820949383905        0.97153065608953       -1.64799042355427
C           -3.33135997693263       -0.07473968240759       -0.64809647304612
H           -3.59106248335360       -1.07825208553778       -1.00047818064207
C           -1.82608442379341       -0.02683741138525       -0.44895264124835
C           -1.21212781218285        1.11829519837208        0.06645143387590
C            0.16400785372837        1.16358255553099        0.23666176544871
C            0.98675324200270        0.07605033959284       -0.09367929101113
C            0.33452915023206       -1.04590050847966       -0.60454529525085
C           -1.03455214417777       -1.12263867323361       -0.78639556267324
F            1.07317741162854       -2.12243161130734       -0.98375614414674
C            2.45157541888044        0.14336740496785        0.08018976883113
C            3.17219749985587       -0.92059316267906        0.64012667887278
C            4.54758926695426       -0.82216141358267        0.82214566992373
C            5.22676313049584        0.33465403371138        0.44563389452005
C            4.51921605785134        1.39779162622165       -0.11077153633629
C            3.14338255914438        1.30428338150343       -0.29166699059483
C           -3.99743646001079        0.09713116096388        0.70128240337191
O           -4.60025287145513        1.08618174621270        1.07313234140377
O           -3.82435304207138       -0.99139328791697        1.48494943048776
H           -3.58678072917861        1.98324455351034       -1.30559922490262
H           -3.32754705764542        0.81091606134448       -2.61139776258505
H           -4.89971739870975        0.89261644076983       -1.78962323053648
H           -1.81378385740695        1.97779179348287        0.34623199723654
H            0.62440003021035        2.05392770531149        0.65324614466607
H           -1.46954194651887       -2.02770815902784       -1.19797574783890
H            2.65112143531721       -1.81799591368480        0.95585568877151
H            5.08986142182957       -1.65159645186865        1.26535766821145
H            6.30052275469872        0.40743914523300        0.58612688057607
H            5.04036936815337        2.30143933122228       -0.41129940833521
H            2.59939086937550        2.13047678255556       -0.73914419387494
H           -4.23389601394823       -0.81667004747584        2.35039897421408
31
 energy: -829.594217738780 gnorm: 0.000766534180 xtb: 6.7.1 (edcfbbe)
C           -3.81951386736088        0.97087412417660       -1.64767902829519
C           -3.33134282852397       -0.07473400791359       -0.64830703352941
H           -3.58976952090424       -1.07870728076718       -1.00070531572456
C           -1.82582142445435       -0.02597765891143       -0.44917846715804
C           -1.21158982669143        1.11921540294186        0.06588712753212
C            0.16452317382885        1.16406629870642        0.23631238740813
C            0.98712350798936        0.07629088369153       -0.09373693424245
C            0.33488487813381       -1.04535259224517       -0.60493575498353
C           -1.03431328237046       -1.12175320518421       -0.78663175190854
F            1.07334650545715       -2.12174920586623       -0.98471148781786
C            2.45203818228104        0.14328806900551        0.08051288218526
C            3.17268911680965       -0.92088863880640        0.64011475104580
C            4.54797122150452       -0.82253003060320        0.82210895436369
C            5.22730956295491        0.33425115648651        0.44596447986309
C            4.51982056208609        1.39749494270132       -0.11003155374292
C            3.14404567321735        1.30412957120093       -0.29087426775007
C           -3.99694459800750        0.09659009259735        0.70195803868184
O           -4.60523598335190        1.08316744788087        1.07080442117813
O           -3.82234312820033       -0.98964371616740        1.48661681295119
H           -3.58446637901018        1.98294204390857       -1.30784764789708
H           -3.33329633552517        0.80752392767010       -2.61277452462967
H           -4.90173934219931        0.89458612665448       -1.78512038890548
H           -1.81312849923735        1.97896389696632        0.34534308679232
H            0.62486933360171        2.05445949123350        0.65274307232563
H           -1.46951567763938       -2.02660877161708       -1.19834172816594
H            2.65190468359400       -1.81850149908515        0.95562411770212
H            5.09039880875513       -1.65198054631436        1.26501761172064
H            6.30102978873035        0.40691665137888        0.58642878477340
H            5.04092438943353        2.30117089604072       -0.41034125953281
H            2.60034880748577        2.13063114197429       -0.73801012978347
H           -4.23605565588019       -0.81633467782367        2.35021269537946
31
 energy: -829.594221522903 gnorm: 0.000602765552 xtb: 6.7.1 (edcfbbe)
C           -3.82081373492009        0.97019906371923       -1.64734548459492
C           -3.33123679906426       -0.07470261002686       -0.64823524738251
H           -3.58889381917765       -1.07886634098543       -1.00076956009644
C           -1.82557944089176       -0.02528646852791       -0.44989185559616
C           -1.21129211683574        1.11994296694401        0.06514574387583
C            0.16484497903139        1.16464162000445        0.23584040384114
C            0.98750190943139        0.07675655309522       -0.09391820063671
C            0.33525733383589       -1.04476104648432       -0.60537961136394
C           -1.03396723327155       -1.12102744850626       -0.78720380412498
F            1.07360476326625       -2.12123470352709       -0.98503104963878
C            2.45245147603258        0.14347141371885        0.08076626581637
C            3.17290746394684       -0.92115555012845        0.63990415366005
C            4.54823688625935       -0.82314584114662        0.82202480346224
C            5.22790527427292        0.33372092686010        0.44651422118209
C            4.52061233589393        1.39740257773762       -0.10895003461971
C            3.14476569563621        1.30435772984086       -0.28991076623771
C           -3.99786542465293        0.09610068570265        0.70191118020252
O           -4.61200253050781        1.08061855803009        1.06798994998652
O           -3.81845036121317       -0.98758103868138        1.48819855949472
H           -3.58090503382511        1.98219342414943       -1.31099780111247
H           -3.34010219032446        0.80337378321896       -2.61471465965043
H           -4.90405231076999        0.89717581909077       -1.77901036507969
H           -1.81270399130905        1.97982391749191        0.34446513104020
H            0.62516164437202        2.05502108551007        0.65241096753496
H           -1.46921156557121       -2.02589986957207       -1.19891390902053
H            2.65209423288594       -1.81896169715782        0.95491634576494
H            5.09057149946315       -1.65291467496398        1.26453047736115
H            6.30167335197564        0.40602405770241        0.58700088389404
H            5.04183220902831        2.30118685946997       -0.40883462474017
H            2.60134906756114        2.13125154963461       -0.73671232642290
H           -4.23554123626206       -0.81592686905815        2.35062758625087
31
 energy: -829.594221522903 gnorm: 0.000602765552 xtb: 6.7.1 (edcfbbe)
C           -3.82081373492009        0.97019906371923       -1.64734548459492
C           -3.33123679906426       -0.07470261002686       -0.64823524738251
H           -3.58889381917765       -1.07886634098543       -1.00076956009644
C           -1.82557944089176       -0.02528646852791       -0.44989185559616
C           -1.21129211683574        1.11994296694401        0.06514574387583
C            0.16484497903139        1.16464162000445        0.23584040384114
C            0.98750190943139        0.07675655309522       -0.09391820063671
C            0.33525733383589       -1.04476104648432       -0.60537961136394
C           -1.03396723327155       -1.12102744850626       -0.78720380412498
F            1.07360476326625       -2.12123470352709       -0.98503104963878
C            2.45245147603258        0.14347141371885        0.08076626581637
C            3.17290746394684       -0.92115555012845        0.63990415366005
C            4.54823688625935       -0.82314584114662        0.82202480346224
C            5.22790527427292        0.33372092686010        0.44651422118209
C            4.52061233589393        1.39740257773762       -0.10895003461971
C            3.14476569563621        1.30435772984086       -0.28991076623771
C           -3.99786542465293        0.09610068570265        0.70191118020252
O           -4.61200253050781        1.08061855803009        1.06798994998652
O           -3.81845036121317       -0.98758103868138        1.48819855949472
H           -3.58090503382511        1.98219342414943       -1.31099780111247
H           -3.34010219032446        0.80337378321896       -2.61471465965043
H           -4.90405231076999        0.89717581909077       -1.77901036507969
H           -1.81270399130905        1.97982391749191        0.34446513104020
H            0.62516164437202        2.05502108551007        0.65241096753496
H           -1.46921156557121       -2.02589986957207       -1.19891390902053
H            2.65209423288594       -1.81896169715782        0.95491634576494
H            5.09057149946315       -1.65291467496398        1.26453047736115
H            6.30167335197564        0.40602405770241        0.58700088389404
H            5.04183220902831        2.30118685946997       -0.40883462474017
H            2.60134906756114        2.13125154963461       -0.73671232642290
H           -4.23554123626206       -0.81592686905815        2.35062758625087
