----------------------------------------------- 
  Element       SASA      Sigma Z        Total  
     Z         Ang**2 cal/Ang**2/mol   kcal/mol 
----------------------------------------------- 
      H        144.307      48.690       7.026
      C        123.339     129.740      16.002
      N          4.286       0.000       0.000
      O         51.697       0.000       0.000

 Subtotal:     323.629                  23.028
 -----------------------------------------------

  Elements    COT*SASA   Sigma Z,Z'     Total   
    Z,Z'       Ang**2  cal/Ang**2/mol kcal/mol  
 ---------------------------------------------- 
  H   C         84.076     -60.770      -5.109
  H   O          9.762       0.000       0.000
  C   C        171.764     -72.950     -12.530
  O   C         21.742      68.690       1.493
  O   O          0.000       0.000       0.000
  C   N          4.579       0.000       0.000
  N   C         23.158     -48.220      -1.117
  N  C(3)        0.000      84.100       0.000
  O   N          0.000     121.980       0.000

 Subtotal:                             -17.263
 ---------------------------------------------- 

 NONAQUEOUS SOLVENT CONTRIBUTION (kcal/mol):
 (proportional to SASA, atomic number independent)
 ---------------------------------------------- 
 Subtotal:                               0.000
 ---------------------------------------------- 

 CDS TOTAL (kcal/mol):                   5.766
...............................................................................
