----------------------------------------------- 
  Element       SASA      Sigma Z        Total  
     Z         Ang**2 cal/Ang**2/mol   kcal/mol 
----------------------------------------------- 
      H        125.975      48.690       6.134
      C         20.542     129.740       2.665
      N         11.946       0.000       0.000

 Subtotal:     158.463                   8.799
 -----------------------------------------------

  Elements    COT*SASA   Sigma Z,Z'     Total   
    Z,Z'       Ang**2  cal/Ang**2/mol kcal/mol  
 ---------------------------------------------- 
  H   C         68.832     -60.770      -4.183
  C   C         17.092     -72.950      -1.247
  C   N          1.760       0.000       0.000
  N   C         38.547     -48.220      -1.859
  N  C(3)        0.000      84.100       0.000

 Subtotal:                              -7.289
 ---------------------------------------------- 

 NONAQUEOUS SOLVENT CONTRIBUTION (kcal/mol):
 (proportional to SASA, atomic number independent)
 ---------------------------------------------- 
 Subtotal:                               0.000
 ---------------------------------------------- 

 CDS TOTAL (kcal/mol):                   1.510
...............................................................................
