----------------------------------------------- 
  Element       SASA      Sigma Z        Total  
     Z         Ang**2 cal/Ang**2/mol   kcal/mol 
----------------------------------------------- 
      H        153.092      48.690       7.454
      C        101.086     129.740      13.115
      O         54.427       0.000       0.000

 Subtotal:     308.606                  20.569
 -----------------------------------------------

  Elements    COT*SASA   Sigma Z,Z'     Total   
    Z,Z'       Ang**2  cal/Ang**2/mol kcal/mol  
 ---------------------------------------------- 
  H   C         96.347     -60.770      -5.855
  H   O          7.165       0.000       0.000
  C   C        121.872     -72.950      -8.891
  O   C         21.786      68.690       1.496
  O   O          0.000       0.000       0.000

 Subtotal:                             -13.249
 ---------------------------------------------- 

 NONAQUEOUS SOLVENT CONTRIBUTION (kcal/mol):
 (proportional to SASA, atomic number independent)
 ---------------------------------------------- 
 Subtotal:                               0.000
 ---------------------------------------------- 

 CDS TOTAL (kcal/mol):                   7.320
...............................................................................
