----------------------------------------------- 
  Element       SASA      Sigma Z        Total  
     Z         Ang**2 cal/Ang**2/mol   kcal/mol 
----------------------------------------------- 
      H        126.692      48.690       6.169
      C         20.975     129.740       2.721
      N         11.143       0.000       0.000

 Subtotal:     158.810                   8.890
 -----------------------------------------------

  Elements    COT*SASA   Sigma Z,Z'     Total   
    Z,Z'       Ang**2  cal/Ang**2/mol kcal/mol  
 ---------------------------------------------- 
  H   C         68.657     -60.770      -4.172
  C   C         17.494     -72.950      -1.276
  C   N          1.821       0.000       0.000
  N   C         35.848     -48.220      -1.729
  N  C(3)        0.000      84.100       0.000

 Subtotal:                              -7.177
 ---------------------------------------------- 

 NONAQUEOUS SOLVENT CONTRIBUTION (kcal/mol):
 (proportional to SASA, atomic number independent)
 ---------------------------------------------- 
 Subtotal:                               0.000
 ---------------------------------------------- 

 CDS TOTAL (kcal/mol):                   1.713
...............................................................................
