----------------------------------------------- 
  Element       SASA      Sigma Z        Total  
     Z         Ang**2 cal/Ang**2/mol   kcal/mol 
----------------------------------------------- 
      H        130.520      48.690       6.355
      C         19.746     129.740       2.562
      N         11.158       0.000       0.000

 Subtotal:     161.425                   8.917
 -----------------------------------------------

  Elements    COT*SASA   Sigma Z,Z'     Total   
    Z,Z'       Ang**2  cal/Ang**2/mol kcal/mol  
 ---------------------------------------------- 
  H   C         69.703     -60.770      -4.236
  C   C         16.502     -72.950      -1.204
  C   N          1.552       0.000       0.000
  N   C         35.932     -48.220      -1.733
  N  C(3)        0.000      84.100       0.000

 Subtotal:                              -7.172
 ---------------------------------------------- 

 NONAQUEOUS SOLVENT CONTRIBUTION (kcal/mol):
 (proportional to SASA, atomic number independent)
 ---------------------------------------------- 
 Subtotal:                               0.000
 ---------------------------------------------- 

 CDS TOTAL (kcal/mol):                   1.745
...............................................................................
