----------------------------------------------- 
  Element       SASA      Sigma Z        Total  
     Z         Ang**2 cal/Ang**2/mol   kcal/mol 
----------------------------------------------- 
      H        142.499      48.690       6.938
      C         35.357     129.740       4.587
      O         31.177       0.000       0.000

 Subtotal:     209.032                  11.525
 -----------------------------------------------

  Elements    COT*SASA   Sigma Z,Z'     Total   
    Z,Z'       Ang**2  cal/Ang**2/mol kcal/mol  
 ---------------------------------------------- 
  H   C         96.064     -60.770      -5.838
  H   O          0.000       0.000       0.000
  C   C         26.962     -72.950      -1.967
  O   C         17.227      68.690       1.183
  O   O          0.000       0.000       0.000

 Subtotal:                              -6.621
 ---------------------------------------------- 

 NONAQUEOUS SOLVENT CONTRIBUTION (kcal/mol):
 (proportional to SASA, atomic number independent)
 ---------------------------------------------- 
 Subtotal:                               0.000
 ---------------------------------------------- 

 CDS TOTAL (kcal/mol):                   4.904
...............................................................................
