13
 energy: -20.959934415490 gnorm: 0.041293596567 xtb: 6.7.1 (edcfbbe)
C           -1.96357335493291        0.97830305055920       -0.37741785051872
C           -1.56728499415838       -0.26869918258340        0.40694236876717
C           -0.33912454064510       -0.95903630930242       -0.14382214343170
N            0.92044764266618       -0.12652183224843       -0.01441103964020
O            0.99008573436323        0.70220458793616        0.88352561514377
O            1.82720457424878       -0.35240592876785       -0.80944227328277
H           -2.14193834196657        0.73614475125067       -1.43029406658055
H           -2.88135346167764        1.41133511558070        0.03039544907802
H           -1.18582288180684        1.74732504130626       -0.33198641549093
H           -2.37013949092241       -1.01310204055790        0.35543718537199
H           -1.42055347497256       -0.03820351328199        1.46643792656542
H           -0.10215061939476       -1.87888942168101        0.40246061844655
H           -0.41833599769085       -1.19387283550230       -1.20716904543610
13
 energy: -20.961785030930 gnorm: 0.019245595802 xtb: 6.7.1 (edcfbbe)
C           -1.95445567989088        0.96959147880788       -0.37777474777958
C           -1.56359872837271       -0.27390572450480        0.40806562003211
C           -0.32946964213666       -0.95368590032936       -0.15156441921450
N            0.90173158706624       -0.12766327416880       -0.01129410917448
O            0.96015492437043        0.69448504051931        0.87938368025734
O            1.80392844637117       -0.34213758492385       -0.80013756851483
H           -2.13241799000733        0.72660437936268       -1.42456055608740
H           -2.86515357914215        1.40070197023421        0.03236672599038
H           -1.17371202273168        1.72779299765239       -0.32555634996106
H           -2.37845690664304       -1.00142543864672        0.36526339925188
H           -1.40133566105288       -0.01556734290485        1.45680090105402
H           -0.10574240582023       -1.87470991493468        0.39384012228316
H           -0.41401154890009       -1.18549920345571       -1.21417636914512
13
 energy: -20.962206809628 gnorm: 0.008198543131 xtb: 6.7.1 (edcfbbe)
C           -1.95090886002245        0.96600224694241       -0.38062571067867
C           -1.56000821655863       -0.27644641643711        0.41112231002797
C           -0.31957905725604       -0.94857322734721       -0.15659645395876
N            0.88449254309915       -0.12574570499243       -0.01116360861490
O            0.93986709672490        0.68345531460897        0.88524628698576
O            1.79006840439274       -0.33681707539534       -0.79150471030754
H           -2.12639526993246        0.72100972745755       -1.42449766731647
H           -2.85904983096273        1.39723912063402        0.02793256965971
H           -1.16925949002358        1.71983217912958       -0.32613491296472
H           -2.37652652380351       -0.99809262649383        0.38211664248883
H           -1.37955744269079       -0.00226408476735        1.45168203080342
H           -0.10977650052717       -1.87701055918998        0.38182591166738
H           -0.41590605932925       -1.17800741144157       -1.21874635880007
13
 energy: -20.962223346012 gnorm: 0.005881959967 xtb: 6.7.1 (edcfbbe)
C           -1.95112145844433        0.96551774168795       -0.38202671466530
C           -1.55896961929833       -0.27545035375834        0.41328672963658
C           -0.31747386981301       -0.94808051872946       -0.15720353497556
N            0.88701382278479       -0.13528247915413       -0.00213885755418
O            0.93622516583067        0.68351582714099        0.88730746846999
O            1.78791506497422       -0.32860379085421       -0.79501944169594
H           -2.12526089781450        0.71710481745753       -1.42562382063508
H           -2.86017112935648        1.39713295484542        0.02486736946467
H           -1.16939767398847        1.71972635344948       -0.32854591054596
H           -2.37508506475036       -0.99660716580721        0.38954972962923
H           -1.37398059130752        0.00176777955161        1.45185915362598
H           -0.11539887152830       -1.88269249995803        0.37482291662833
H           -0.41683408417821       -1.17346718316390       -1.22047875839083
13
 energy: -20.962271343450 gnorm: 0.001401575680 xtb: 6.7.1 (edcfbbe)
C           -1.95336875532735        0.96512479073580       -0.38282622176817
C           -1.55892701862496       -0.27390153233668        0.41452084273564
C           -0.31775711526864       -0.94657900177093       -0.15834230430782
N            0.88641878021754       -0.13221761016593       -0.00512109792003
O            0.94169839336832        0.67760028218719        0.89386355142319
O            1.79250056200313       -0.33115308046810       -0.79240834543398
H           -2.12734995845973        0.71395973235507       -1.42630343734245
H           -2.86329608517244        1.39658303027661        0.02348788533580
H           -1.17216932645067        1.72063285324928       -0.33126670471717
H           -2.37376841312429       -0.99653025883486        0.39397242740809
H           -1.37210742702778        0.00467673294391        1.45235447646007
H           -0.11583068924548       -1.88320116779356        0.37078952065324
H           -0.41858215377744       -1.17041328767009       -1.22206426353447
13
 energy: -20.962279897161 gnorm: 0.001041629830 xtb: 6.7.1 (edcfbbe)
C           -1.95617584321547        0.96427566882239       -0.38419487460652
C           -1.55786357040993       -0.27152069278150        0.41598005205929
C           -0.31790565105643       -0.94487438462411       -0.15952807343534
N            0.88741450047506       -0.13412134616300       -0.00354057223253
O            0.94739506145428        0.67048788980503        0.90083472924658
O            1.79480742842109       -0.33212341642256       -0.79045201060280
H           -2.13024790032729        0.70989547157204       -1.42700406920729
H           -2.86716311481017        1.39473159008851        0.02109548571870
H           -1.17691784384586        1.72216922065186       -0.33558765271982
H           -2.37132308044936       -0.99585265889636        0.40051627507161
H           -1.36730617750185        0.00984131826983        1.45229970831484
H           -0.11792713804860       -1.88479330657778        0.36468207368728
H           -0.41932587757529       -1.16353387103665       -1.22444474230206
13
 energy: -20.962284291592 gnorm: 0.000834659558 xtb: 6.7.1 (edcfbbe)
C           -1.95786810171504        0.96337013218950       -0.38519735777038
C           -1.55689598839965       -0.27008693659419        0.41666577346093
C           -0.31823863382450       -0.94381531844338       -0.16048922987943
N            0.88872051301875       -0.13624225332940       -0.00126826478576
O            0.95069347906759        0.66586972956088        0.90509443466815
O            1.79545214550671       -0.33226782978733       -0.78922362449960
H           -2.13232680255552        0.70699368027931       -1.42738870994221
H           -2.86932544243160        1.39290632378232        0.01990085481419
H           -1.17994593384367        1.72275975142161       -0.33865951638118
H           -2.37010881529605       -0.99495475839293        0.40531240615437
H           -1.36352247310877        0.01384654106665        1.45174454032823
H           -0.11988923538840       -1.88570972925720        0.36047141271676
H           -0.41928391791968       -1.15808784978813       -1.22630638989212
13
 energy: -20.962287126587 gnorm: 0.000447411974 xtb: 6.7.1 (edcfbbe)
C           -1.95945592128611        0.96253008977275       -0.38626649077862
C           -1.55580150154408       -0.26892712567897        0.41725063254398
C           -0.31846702681999       -0.94302444987398       -0.16167214255815
N            0.88993541598013       -0.13762209876266        0.00082682474819
O            0.95275503251756        0.66116032674193        0.90982108656110
O            1.79612177375300       -0.33202658901071       -0.78789729999374
H           -2.13509799636294        0.70402849179999       -1.42770555777817
H           -2.87080247166627        1.39180902833408        0.01929681500565
H           -1.18225453881241        1.72280196194652       -0.34235527430849
H           -2.36908138007128       -0.99377597660718        0.41028998199767
H           -1.35949071220719        0.01764450156604        1.45105962085683
H           -0.12166578786300       -1.88676910009826        0.35626163583610
H           -0.41923409250724       -1.15324757742184       -1.22825350314039
13
 energy: -20.962288538962 gnorm: 0.000137295342 xtb: 6.7.1 (edcfbbe)
C           -1.96054839005978        0.96201678768299       -0.38709155788578
C           -1.55527552512086       -0.26821538405932        0.41765458938033
C           -0.31852175626669       -0.94231437462509       -0.16239505145221
N            0.89092101003325       -0.13836395667987        0.00228280344888
O            0.95416220883760        0.65762780708082        0.91356138174740
O            1.79664034762571       -0.33163506348906       -0.78715850538642
H           -2.13802719061678        0.70174690220851       -1.42777936010285
H           -2.87125706674390        1.39168314213510        0.01945297903214
H           -1.18337132873258        1.72247173039867       -0.34582985899274
H           -2.36839172550635       -0.99313384027141        0.41340920457479
H           -1.35701682781970        0.02001468921480        1.45059569931784
H           -0.12272811968180       -1.88739108640438        0.35341956457743
H           -0.41912484283794       -1.14992587048407       -1.22946555926687
13
 energy: -20.962289283019 gnorm: 0.000157533719 xtb: 6.7.1 (edcfbbe)
C           -1.96130339844937        0.96173371803270       -0.38761104865450
C           -1.55483967618152       -0.26773350259607        0.41777399037790
C           -0.31841405493037       -0.94198056901354       -0.16286776078608
N            0.89141251295042       -0.13871534201374        0.00325622456079
O            0.95491840614451        0.65525777052461        0.91622908239266
O            1.79686851185560       -0.33104023434202       -0.78665927685477
H           -2.14091115924596        0.70025214965123       -1.42762389048670
H           -2.87102570385273        1.39232121547206        0.02019552347899
H           -1.18365434932126        1.72180431507199       -0.34878695421914
H           -2.36780767449294       -0.99274392278328        0.41485039590125
H           -1.35567882641506        0.02139434358459        1.45027701999737
H           -0.12319967391443       -1.88777497856664        0.35183889340443
H           -0.41890412103671       -1.14819348031420       -1.23021587012025
13
 energy: -20.962289901621 gnorm: 0.000197310219 xtb: 6.7.1 (edcfbbe)
C           -1.96178394877870        0.96144577477599       -0.38811783690017
C           -1.55475094502497       -0.26750294892003        0.41780963514268
C           -0.31830659266903       -0.94153313222463       -0.16314465402002
N            0.89186335908343       -0.13891399485418        0.00409055453474
O            0.95582242073124        0.65313264799653        0.91869822769510
O            1.79704895375187       -0.33007809678051       -0.78643437840855
H           -2.14413190012707        0.69888182691250       -1.42738648565443
H           -2.87015546736922        1.39330597966871        0.02135861422119
H           -1.18338137392413        1.72090467828375       -0.35206875134411
H           -2.36756225431392       -0.99269595527938        0.41578297542511
H           -1.35497475121908        0.02222051031213        1.45001835537480
H           -0.12363576258408       -1.88788427301735        0.35075362123661
H           -0.41859094444615       -1.14670153416582       -1.23070354831101
13
 energy: -20.962290521688 gnorm: 0.000135527304 xtb: 6.7.1 (edcfbbe)
C           -1.96239449519986        0.96113482380065       -0.38871841881251
C           -1.55447361922701       -0.26714480494716        0.41775747154596
C           -0.31812919395721       -0.94123553927546       -0.16344848321642
N            0.89216849747968       -0.13919824402730        0.00518343435479
O            0.95677575261034        0.65041054209689        0.92189631525881
O            1.79693608027144       -0.32834465398191       -0.78633382892719
H           -2.14841021759949        0.69721296770281       -1.42699825987778
H           -2.86885497589649        1.39496125987000        0.02296407369237
H           -1.18277665459466        1.71951964056818       -0.35633929250525
H           -2.36710029091927       -0.99252683572699        0.41659460862405
H           -1.35418110906435        0.02317935090786        1.44970667492723
H           -0.12401714260546       -1.88814450321269        0.34965561913890
H           -0.41808183818746       -1.14524252106717       -1.23126358521101
13
 energy: -20.962290945677 gnorm: 0.000062796952 xtb: 6.7.1 (edcfbbe)
C           -1.96294020801477        0.96070806240171       -0.38944199757417
C           -1.55427922505692       -0.26680994898380        0.41775065020979
C           -0.31800028876239       -0.94081456519704       -0.16375108442559
N            0.89248459140461       -0.13946810147150        0.00634050730290
O            0.95817161186250        0.64707858993963        0.92565797613033
O            1.79659685527312       -0.32605885654925       -0.78652597872104
H           -2.15280579106778        0.69533796005060       -1.42664312624426
H           -2.86738414289651        1.39656557318696        0.02450358803606
H           -1.18214039590206        1.71803246857599       -0.36097382255916
H           -2.36677034961613       -0.99237917691891        0.41765083362447
H           -1.35333569166771        0.02428629775867        1.44938194836006
H           -0.12453719252341       -1.88829040327177        0.34853897924169
H           -0.41759897992237       -1.14360641681360       -1.23183214438914
13
 energy: -20.962291150061 gnorm: 0.000100123964 xtb: 6.7.1 (edcfbbe)
C           -1.96343509659289        0.96038788030595       -0.39008629387277
C           -1.55406642689625       -0.26643883643871        0.41777775000793
C           -0.31791394760921       -0.94055151031186       -0.16391953858273
N            0.89277343269560       -0.13980199038449        0.00730856403729
O            0.95952589329316        0.64384125234154        0.92906980602902
O            1.79606799233732       -0.32375328762349       -0.78713332857644
H           -2.15600424197409        0.69375848342119       -1.42646342576562
H           -2.86648492462532        1.39771820278349        0.02536688718429
H           -1.18182289801084        1.71698940393796       -0.36456119874022
H           -2.36644867738839       -0.99213085910937        0.41871173614853
H           -1.35251349851021        0.02535143297340        1.44909420157506
H           -0.12499853651754       -1.88850251982233        0.34771121044983
H           -0.41721827709115       -1.14228616936559       -1.23222004090222
13
 energy: -20.962291315318 gnorm: 0.000123243525 xtb: 6.7.1 (edcfbbe)
C           -1.96380153267732        0.96004581171050       -0.39075347750022
C           -1.55384774232471       -0.26604937542613        0.41789640498080
C           -0.31788521605421       -0.94031384466421       -0.16408167713160
N            0.89297113153277       -0.14007546839821        0.00814286962119
O            0.96102425942081        0.64034388737489        0.93257142455818
O            1.79519555667893       -0.32119893926667       -0.78813588585917
H           -2.15829555360477        0.69230457173827       -1.42647010232619
H           -2.86588358806868        1.39839007307322        0.02569695019621
H           -1.18171867047229        1.71622241323932       -0.36750253445658
H           -2.36616203020841       -0.99181340256389        0.41990572770949
H           -1.35162329555144        0.02654240740765        1.44887282436728
H           -0.12549626589029       -1.88861704634825        0.34706841933602
H           -0.41701625967022       -1.14119960516878       -1.23255461450346
13
 energy: -20.962291598128 gnorm: 0.000151194366 xtb: 6.7.1 (edcfbbe)
C           -1.96427434321215        0.95963721363807       -0.39168197532187
C           -1.55357462632239       -0.26546649326118        0.41806470873865
C           -0.31787092101864       -0.94011623537834       -0.16411773554137
N            0.89327039391009       -0.14049352166043        0.00914604862234
O            0.96347521341674        0.63490414413083        0.93766739145219
O            1.79351985457605       -0.31701439436791       -0.79038309840678
H           -2.16042692803885        0.69042781632257       -1.42668919407710
H           -2.86556571699088        1.39895979703663        0.02544598369873
H           -1.18184341957833        1.71551985874843       -0.37082226779414
H           -2.36586210318638       -0.99124571907340        0.42163293925257
H           -1.35042607185513        0.02827012713573        1.44853036995576
H           -0.12616865416719       -1.88876403629801        0.34663059628338
H           -0.41679188442276       -1.14003707426528       -1.23276743787041
13
 energy: -20.962292223554 gnorm: 0.000429601424 xtb: 6.7.1 (edcfbbe)
C           -1.96512563285753        0.95864459853424       -0.39414249028176
C           -1.55290698793880       -0.26400189264947        0.41852195945193
C           -0.31790713735287       -0.93986328324517       -0.16405520643833
N            0.89375445437494       -0.14139589774593        0.01144343072955
O            0.96986410791925        0.62031807180418        0.95101202105062
O            1.78827367738587       -0.30509365340533       -0.79728109117181
H           -2.16461353009335        0.68605290233289       -1.42762603449605
H           -2.86489917005598        1.39994057421629        0.02418291263220
H           -1.18211692175804        1.71409053953308       -0.37842877674832
H           -2.36519257838570       -0.98971396474269        0.42589511092008
H           -1.34747262316457        0.03260444508284        1.44772459595306
H           -0.12785912351857       -1.88894459504880        0.34642308623160
H           -0.41633774144445       -1.13805636195843       -1.23301318884083
13
 energy: -20.962293024674 gnorm: 0.000448948563 xtb: 6.7.1 (edcfbbe)
C           -1.96540764439386        0.95815060018426       -0.39565439764506
C           -1.55261440145381       -0.26310836854472        0.41878713879753
C           -0.31792814939328       -0.93995119852868       -0.16364373130904
N            0.89389612279008       -0.14182995785602        0.01242791000856
O            0.97447263310105        0.61015635798599        0.95946043087970
O            1.78383744504879       -0.29616832760779       -0.80311538604072
H           -2.16525484056395        0.68376827534809       -1.42855115331032
H           -2.86509880324897        1.39999742923308        0.02224415572346
H           -1.18250364497756        1.71371061921364       -0.38171911526191
H           -2.36500001924269       -0.98861674212228        0.42828942632733
H           -1.34596137287310        0.03519943359311        1.44723042913129
H           -0.12882990026105       -1.88884195609506        0.34751496406724
H           -0.41614663142146       -1.13788468209593       -1.23261434237612
13
 energy: -20.962290733977 gnorm: 0.003312055039 xtb: 6.7.1 (edcfbbe)
C           -1.96513873173116        0.95616908755270       -0.40203860502095
C           -1.55170914332438       -0.25962359372776        0.42021033728027
C           -0.31839605064407       -0.94114075665726       -0.16123289130277
N            0.89349776917461       -0.14297113317421        0.01570699087785
O            0.99404854665424        0.56650892694758        0.99482242204611
O            1.76220796006702       -0.25470154000612       -0.83079484980926
H           -2.16365005714236        0.67495661644352       -1.43336482387386
H           -2.86590481446315        1.39939830864559        0.01216974860326
H           -1.18303664731853        1.71271329985212       -0.39278105875783
H           -2.36477735697249       -0.98404225149635        0.43743491362537
H           -1.34083891516563        0.04527667700190        1.44586261658112
H           -0.13257371996834       -1.88811327731406        0.35457658153019
H           -0.41626804605554       -1.13984888135994       -1.22991505278756
13
 energy: -20.962296823807 gnorm: 0.000626972573 xtb: 6.7.1 (edcfbbe)
C           -1.96424011289880        0.95737089321846       -0.39935176103768
C           -1.55240082436623       -0.26110926014034        0.41968961884637
C           -0.31835443745454       -0.94151826335005       -0.16116968408698
N            0.89299323316576       -0.14206419218203        0.01290640998468
O            0.98761118138761        0.58167835019055        0.98021313931048
O            1.76741344905314       -0.26737118755102       -0.82394104549919
H           -2.15751830415046        0.68016920408816       -1.43267030122937
H           -2.86758654152417        1.39744088605200        0.01252945959258
H           -1.18350531681486        1.71505019744895       -0.38313546992211
H           -2.36550644145657       -0.98551679063686        0.43293674061375
H           -1.34386996225114        0.04071563670333        1.44664461690301
H           -0.13078662239333       -1.88775132693089        0.35541511021585
H           -0.41678850718624       -1.14251266420256       -1.22941050469945
13
 energy: -20.962299048891 gnorm: 0.000579383270 xtb: 6.7.1 (edcfbbe)
C           -1.96315882329974        0.95714971041361       -0.40037938844862
C           -1.55262210603932       -0.26096083734384        0.41982724464522
C           -0.31853767195774       -0.94241801609044       -0.16008994052621
N            0.89209419232686       -0.14159393059740        0.01277119214699
O            0.99118332795426        0.57370506736447        0.98589111090914
O            1.76124317224801       -0.25719639389498       -0.83073629532868
H           -2.15494432705875        0.67948117060439       -1.43394987287607
H           -2.86712760664535        1.39743588039852        0.01004014321384
H           -1.18232213872762        1.71490222616273       -0.38350806478778
H           -2.36614384548547       -0.98493042989029        0.43323987712574
H           -1.34418776464995        0.04143682610390        1.44666065780497
H           -0.13085533215120       -1.88730171492654        0.35884791670527
H           -0.41716028340380       -1.14512807559644       -1.22795825159186
13
 energy: -20.962300429096 gnorm: 0.000593115032 xtb: 6.7.1 (edcfbbe)
C           -1.96144853455670        0.95686104162224       -0.40032703447109
C           -1.55310255516453       -0.26181459418757        0.42004464214283
C           -0.31885845359875       -0.94323900998864       -0.15947840937655
N            0.89101501109076       -0.14131773495989        0.01291546690711
O            0.98961961394078        0.57560286681026        0.98503948497952
O            1.75866667819269       -0.25368470777730       -0.83230831120212
H           -2.15426664830954        0.67973377386961       -1.43390737990782
H           -2.86424441100622        1.39906130256774        0.01051145689339
H           -1.17907907938983        1.71313379861971       -0.38376359923899
H           -2.36701547013031       -0.98556688449880        0.43194668274862
H           -1.34578637149618        0.03996238868639        1.44742712026729
H           -0.13044645674012       -1.88772943195152        0.35985258357327
H           -0.41759252972185       -1.14642132610452       -1.22729637432351
13
 energy: -20.962301996444 gnorm: 0.000639225837 xtb: 6.7.1 (edcfbbe)
C           -1.95902390614314        0.95647813280792       -0.40017735848699
C           -1.55414799739502       -0.26332242598298        0.42007598139782
C           -0.31924647068905       -0.94432788671458       -0.15845275459975
N            0.88820973776490       -0.13851258396680        0.01147810298244
O            0.98825955218915        0.57690161411965        0.98480301484682
O            1.75520141592816       -0.24873967440896       -0.83436439334293
H           -2.15425950532117        0.68004152465197       -1.43355206035713
H           -2.85936730642144        1.40255564154235        0.01177592245809
H           -1.17358826059136        1.70975940265680       -0.38481421788359
H           -2.36858873031250       -0.98677482711222        0.42928411648284
H           -1.34893598205115        0.03729100040331        1.44838105632386
H           -0.12872308307505       -1.88764087049498        0.36219631467408
H           -0.41832867077215       -1.14912756479377       -1.22597739550361
13
 energy: -20.962303110087 gnorm: 0.000351064474 xtb: 6.7.1 (edcfbbe)
C           -1.95889694106910        0.95689661586785       -0.39990422576045
C           -1.55450253945607       -0.26373939900066        0.41937316466711
C           -0.31889503238450       -0.94481262064630       -0.15779852193414
N            0.88821391041513       -0.13842453325812        0.01123721915398
O            0.98819842460198        0.57674586983713        0.98470377855611
O            1.75439471032052       -0.24685797717143       -0.83595146604147
H           -2.15493226447339        0.68059707454763       -1.43308449357869
H           -2.85849780936515        1.40414464569318        0.01250180222118
H           -1.17249838385130        1.70911388103697       -0.38502460832851
H           -2.36916603718328       -0.98675176409353        0.42743767944819
H           -1.35022715162202        0.03595596285040        1.44794829506462
H           -0.12803139198596       -1.88726023107469        0.36425252037965
H           -0.41769870083668       -1.15102604188072       -1.22503481485565
13
 energy: -20.962304009781 gnorm: 0.000327344361 xtb: 6.7.1 (edcfbbe)
C           -1.95821088296795        0.95724847072062       -0.39995182105408
C           -1.55484434179815       -0.26406367105251        0.41894319390038
C           -0.31870430431201       -0.94517810535158       -0.15723994947013
N            0.88795210691399       -0.13803151603935        0.01081898350578
O            0.98840650163885        0.57554371986066        0.98532616560692
O            1.75263761766433       -0.24376429434411       -0.83850156064639
H           -2.15534976934767        0.68141630979781       -1.43301918244023
H           -2.85705586580813        1.40514632937607        0.01333004107276
H           -1.17116947119096        1.70871834967097       -0.38540894470310
H           -2.36951872585602       -0.98689989435410        0.42513063906948
H           -1.35185012506710        0.03448347796944        1.44801205054184
H           -0.12768505066230       -1.88622332038281        0.36725326264564
H           -0.41714689609669       -1.15381437316341       -1.22403654903694
13
 energy: -20.962304889461 gnorm: 0.000357992613 xtb: 6.7.1 (edcfbbe)
C           -1.95728300853230        0.95758523644940       -0.40010412686693
C           -1.55521336259852       -0.26443430609368        0.41840410003403
C           -0.31851158160688       -0.94595333124921       -0.15639325119870
N            0.88730477610916       -0.13732216909476        0.01030092310053
O            0.98933605184343        0.57308777827624        0.98693497575473
O            1.74931269594113       -0.23869565303425       -0.84226141045724
H           -2.15507615735549        0.68222399666316       -1.43315432950416
H           -2.85548983896667        1.40635680900319        0.01366951410888
H           -1.16940582615512        1.70816134202409       -0.38563906518537
H           -2.37006107518096       -0.98711378596506        0.42267233357272
H           -1.35359281941346        0.03334064197388        1.44795682445902
H           -0.12709483288251       -1.88539899558701        0.37090906224769
H           -0.41676422809161       -1.15725608065827       -1.22263922107326
13
 energy: -20.962306948681 gnorm: 0.000681061477 xtb: 6.7.1 (edcfbbe)
C           -1.95488221051054        0.95789388159770       -0.40100356399140
C           -1.55617031511022       -0.26511033132725        0.41771190054196
C           -0.31836238878771       -0.94767315761458       -0.15419616002063
N            0.88570910000583       -0.13572115877592        0.00919471694136
O            0.99320565932274        0.56452525692889        0.99264734284865
O            1.73991109087983       -0.22428315070194       -0.85269026294850
H           -2.15270921848450        0.68337364563693       -1.43425324858791
H           -2.85239571446559        1.40824765798801        0.01257393729034
H           -1.16559395787824        1.70697893598701       -0.38596249637510
H           -2.37159945613242       -0.98718880575386        0.41872369375979
H           -1.35709039093696        0.03152777055910        1.44806556379602
H           -0.12623648682152       -1.88362845374140        0.37912242458773
H           -0.41632491797051       -1.16436060807498       -1.21927751885039
13
 energy: -20.962309811999 gnorm: 0.002081606012 xtb: 6.7.1 (edcfbbe)
C           -1.95048600994021        0.95815774362604       -0.40326043909517
C           -1.55744155058035       -0.26569554909769        0.41688734676441
C           -0.31838175497610       -0.95124345822406       -0.15010722084210
N            0.88239906264459       -0.13323316925046        0.00763146021471
O            1.00221993555794        0.54416870329398        1.00623194929654
O            1.71993374305818       -0.19364203613015       -0.87370050530882
H           -2.14634862546736        0.68411565796599       -1.43698730651749
H           -2.84789572236629        1.41082778537114        0.00809683575099
H           -1.15930525151092        1.70526358528718       -0.38655368252557
H           -2.37400510092734       -0.98650338188421        0.41380130228582
H           -1.36192797619811        0.03013190970412        1.44816109139353
H           -0.12525071504582       -1.88101283832181        0.39370576754336
H           -0.41604924113802       -1.17675346963237       -1.21325026996825
13
 energy: -20.962313571479 gnorm: 0.001666123206 xtb: 6.7.1 (edcfbbe)
C           -1.95007147436825        0.95795345495041       -0.40394387432687
C           -1.55742345499152       -0.26541460083687        0.41703115618302
C           -0.31850027066684       -0.95167272959040       -0.14961053586852
N            0.88202339769824       -0.13323092115306        0.00768332542136
O            1.00489635081364        0.53903476884752        1.00928049204154
O            1.71613393617264       -0.18805415886445       -0.87682809938661
H           -2.14438674022963        0.68358078346257       -1.43788461781752
H           -2.84829214883042        1.41018912037450        0.00610626144483
H           -1.15932742105785        1.70552944140407       -0.38644034292645
H           -2.37419662114881       -0.98599372163282        0.41475545785306
H           -1.36146723398671        0.03109979939022        1.44803472679837
H           -0.12568190858983       -1.88088333201627        0.39508016599939
H           -0.41624561770445       -1.17755642162771       -1.21260778642366
13
 energy: -20.962176023238 gnorm: 0.017218136463 xtb: 6.7.1 (edcfbbe)
C           -1.93850425079130        0.95443888163675       -0.41662318954938
C           -1.55858379737738       -0.26229078401417        0.41936424768188
C           -0.32066463501993       -0.96228390743249       -0.13764516027279
N            0.87207282279989       -0.13054284793968        0.00766947568376
O            1.05238504366615        0.44198679606791        1.06954430293411
O            1.63878931274761       -0.06958128606581       -0.94484786228064
H           -2.11053441386953        0.67384739942146       -1.45323942651306
H           -2.84660570350868        1.40649557703907       -0.02787671839364
H           -1.14998325879859        1.70473162915246       -0.38890005279350
H           -2.38032670170048       -0.97736330838876        0.42495153169840
H           -1.35986066690270        0.04378050292677        1.44739551255761
H           -0.13053120576585       -1.87845084934020        0.42816756648626
H           -0.42019175236899       -1.20018632035560       -1.19730389824705
13
 energy: -20.962343733511 gnorm: 0.001419735564 xtb: 6.7.1 (edcfbbe)
C           -1.94559962461363        0.95420958556036       -0.41203133300434
C           -1.55637383659357       -0.26176267983497        0.42072739918191
C           -0.32074659857812       -0.95672723264637       -0.14486332338210
N            0.87703428227882       -0.13434445989133        0.01000463141017
O            1.03333833162765        0.48155764736604        1.04356965160891
O            1.67498973510022       -0.12443613934140       -0.90720939373766
H           -2.12225235361230        0.67314675836056       -1.44764984022133
H           -2.85287216395364        1.40363912739300       -0.01869269594679
H           -1.15919856245440        1.70676508372583       -0.38774389918236
H           -2.37618752817217       -0.97899831231133        0.43202343141035
H           -1.35248710247260        0.04486118922536        1.44770438378095
H           -0.13138223556832       -1.88367068943283        0.40287460325030
H           -0.42080154987774       -1.17965839546521       -1.20805728617606
13
 energy: -20.962349954069 gnorm: 0.000947114699 xtb: 6.7.1 (edcfbbe)
C           -1.94420813548142        0.95444198841712       -0.41261784358663
C           -1.55669159682925       -0.26207105477227        0.42022269574047
C           -0.32050753956736       -0.95782811096304       -0.14371260556132
N            0.87600983151890       -0.13370328097780        0.01005787553142
O            1.03481183068918        0.47577091479934        1.04655098256910
O            1.66958165034383       -0.11419395562668       -0.91150999667670
H           -2.12407445105174        0.67281733811802       -1.44721754097882
H           -2.84911776699072        1.40657429701597       -0.01764512701330
H           -1.15591307968513        1.70488931878334       -0.39114935863251
H           -2.37676274380270       -0.97874319448079        0.42934007735324
H           -1.35444023984154        0.04345895025656        1.44763804214239
H           -0.13074836343459       -1.88327309468835        0.40724738397638
H           -0.42047860275726       -1.18355863317371       -1.20654825587177
13
 energy: -20.962365724012 gnorm: 0.004535315811 xtb: 6.7.1 (edcfbbe)
C           -1.94075483966679        0.95339884287317       -0.41804270650744
C           -1.55658721214468       -0.26058381747100        0.42010754812617
C           -0.32017800937271       -0.96107087457517       -0.13983300275198
N            0.87294963387942       -0.13315254703850        0.01271919418529
O            1.05274852549149        0.43461833453436        1.07000391257954
O            1.64069301543287       -0.06356122826975       -0.93065017210345
H           -2.12745335378456        0.66539502549654       -1.44924521742422
H           -2.84068133926408        1.41327358336298       -0.02152835532896
H           -1.14797595435159        1.69913754725038       -0.40645055116217
H           -2.37791411399264       -0.97515973085951        0.42949281321266
H           -1.35480896509671        0.04667793062195        1.44676316709752
H           -0.13164950002579       -1.88256036329334        0.41921344415545
H           -0.42092709399403       -1.19183121992440       -1.20189374508644
13
 energy: -20.962375527719 gnorm: 0.003522134911 xtb: 6.7.1 (edcfbbe)
C           -1.94116844147264        0.95279240849395       -0.41949131003468
C           -1.55614798628548       -0.25976449318664        0.42032825376624
C           -0.32007914313296       -0.96100972275276       -0.13975517265248
N            0.87312028042482       -0.13366848801084        0.01406316502619
O            1.05744601956121        0.42543364057200        1.07502830335768
O            1.63635580075856       -0.05565590313517       -0.93142198394769
H           -2.13006479346973        0.66283686780506       -1.44979030285913
H           -2.84009178457088        1.41398425131322       -0.02217177250028
H           -1.14791041146136        1.69809355466048       -0.41105658426418
H           -2.37746542222364       -0.97436377452832        0.43189275402186
H           -1.35302967286244        0.04911936353583        1.44628553097094
H           -0.13262647597649       -1.88287552877768        0.41877835209803
H           -0.42087717617876       -1.19034069328141       -1.20203290399054
13
 energy: -20.962394363602 gnorm: 0.005325760321 xtb: 6.7.1 (edcfbbe)
C           -1.94136808082972        0.94958493386340       -0.42784147676770
C           -1.55428415441305       -0.25603203711403        0.42087663356509
C           -0.31949088102069       -0.96255779194407       -0.13784853072728
N            0.87251132915503       -0.13516909538139        0.02075087198268
O            1.08397659962178        0.37110665491715        1.10522399938633
O            1.60612576236544       -0.00241264081414       -0.94220460478239
H           -2.14285569487222        0.64986962239984       -1.45340721179374
H           -2.83390480507710        1.41978544852549       -0.02571127904644
H           -1.14379890566316        1.69081228334965       -0.43627673341038
H           -2.37617951801694       -0.97015466711244        0.44226424689450
H           -1.34563629921493        0.06106221889794        1.44362394058428
H           -0.13764373163692       -1.88400582118669        0.42181413347838
H           -0.41999082728733       -1.18730762569299       -1.20060766037138
13
 energy: -20.962400986964 gnorm: 0.003476028683 xtb: 6.7.1 (edcfbbe)
C           -1.94357024705661        0.94842507978776       -0.42916190819034
C           -1.55335998424969       -0.25531600667208        0.42046563824386
C           -0.31892999217000       -0.96166284136407       -0.13925817561600
N            0.87419903516755       -0.13582157463491        0.02340860353369
O            1.08663692147003        0.36719644493137        1.10650677830483
O            1.60721650594045       -0.00329873484689       -0.93429549981613
H           -2.15323453709327        0.64728940231748       -1.45329494983210
H           -2.83258043927668        1.42181241136029       -0.02132936012903
H           -1.14400401638917        1.68780448373061       -0.44448277287602
H           -2.37475942131311       -0.97061285035032        0.44598534108529
H           -1.34225529047803        0.06479350575649        1.44225077198415
H           -0.13986747110685       -1.88492904640297        0.41651846417702
H           -0.41803027033442       -1.18109879090505       -1.20265660187727
13
 energy: -20.962415650402 gnorm: 0.001631321480 xtb: 6.7.1 (edcfbbe)
C           -1.94162834624530        0.94771081775488       -0.43142096378466
C           -1.55317599851781       -0.25491054659193        0.42049188654115
C           -0.31894033637352       -0.96380476359658       -0.13758465640123
N            0.87245783415181       -0.13552280586061        0.02471755411782
O            1.09324632294084        0.35051666716353        1.11501992189919
O            1.59413142707012        0.01906865151519       -0.94124154187471
H           -2.15407414200615        0.64437951083143       -1.45411794713211
H           -2.82840021560401        1.42479467146341       -0.02334213999327
H           -1.14019489937854        1.68489950488963       -0.45076030267967
H           -2.37532996376928       -0.96909571527336        0.44706484976190
H           -1.34181482737837        0.06631831071789        1.44181930159316
H           -0.14072406191310       -1.88566527814104        0.42094402585909
H           -0.41809199986652       -1.18410754216472       -1.20093365891471
13
 energy: -20.962419359322 gnorm: 0.003556598820 xtb: 6.7.1 (edcfbbe)
C           -1.93984756140438        0.94673519684432       -0.43446750398942
C           -1.55274777152142       -0.25413015921511        0.42024202293833
C           -0.31874586370630       -0.96608013666405       -0.13591542853146
N            0.87091210086303       -0.13519979692304        0.02691308214280
O            1.10293082933807        0.32829821972461        1.12522329696243
O            1.57757137076583        0.04683996392402       -0.94708456109083
H           -2.15801290218914        0.64024864014697       -1.45466798077219
H           -2.82268617409580        1.42911480093443       -0.02468822184779
H           -1.13581870088247        1.68058684619933       -0.46079123984787
H           -2.37557208214984       -0.96717005050499        0.44857464718813
H           -1.34078898891687        0.06859086393390        1.44088417792095
H           -0.14196823046139       -1.88635357231264        0.42576890378184
H           -0.41776523252912       -1.18689933338001       -1.19933486586299
13
 energy: -20.962425268876 gnorm: 0.002206646248 xtb: 6.7.1 (edcfbbe)
C           -1.93906815348785        0.94706540710859       -0.43424794181719
C           -1.55291378179177       -0.25434602173221        0.42001387014184
C           -0.31874939793126       -0.96667438148177       -0.13547309921859
N            0.87048290296230       -0.13480729078829        0.02652515437869
O            1.10307438081493        0.32784103943329        1.12395171216321
O            1.57533109923876        0.04954122507917       -0.94763519945280
H           -2.15697882961670        0.64087914735437       -1.45412354470581
H           -2.82156302835776        1.42967987743075       -0.02500847114014
H           -1.13510145247843        1.68042951674984       -0.46031255279543
H           -2.37585341026605       -0.96695420070991        0.44689402206315
H           -1.34191970635978        0.06717672017475        1.44102138282552
H           -0.14132308295479       -1.88614028521018        0.42781128070734
H           -0.41795674666141       -1.18910927070068       -1.19876028415784
13
 energy: -20.962431952807 gnorm: 0.001012899526 xtb: 6.7.1 (edcfbbe)
C           -1.93817619371672        0.94692069749389       -0.43562963589586
C           -1.55306495372909       -0.25398541836532        0.41981995063369
C           -0.31866394701962       -0.96730146025607       -0.13439217356661
N            0.86985911293138       -0.13425409012312        0.02686703205489
O            1.10985447950699        0.31622951139168        1.12748395253479
O            1.56587707336003        0.06303968666492       -0.94989818912873
H           -2.15758503904398        0.63914366335561       -1.45456241870247
H           -2.81944314758065        1.43128179492525       -0.02621260210809
H           -1.13320440407987        1.67892216492327       -0.46386367370507
H           -2.37623568344714       -0.96623565819820        0.44621630642232
H           -1.34250064257002        0.06754418059785        1.44084972051674
H           -0.14098942457334       -1.88530657771901        0.43128754669253
H           -0.41826643692777       -1.19141701198301       -1.19730948675616
13
 energy: -20.962439929637 gnorm: 0.003277011255 xtb: 6.7.1 (edcfbbe)
C           -1.93413581386133        0.94551260751160       -0.44171118894617
C           -1.55281168201005       -0.25246809358730        0.41979428236234
C           -0.31842957562614       -0.97131366389986       -0.12971409870400
N            0.86658496997139       -0.13319928174344        0.02908615588468
O            1.13557156252145        0.26925907505575        1.14301738190031
O            1.52721515806728        0.11958151568783       -0.96071632860192
H           -2.15729350750595        0.63215869277961       -1.45817579065652
H           -2.81221912089731        1.43622169326474       -0.03301336963164
H           -1.12584229695503        1.67356214036494       -0.47682780812924
H           -2.37746035285413       -0.96319094171968        0.44736907428417
H           -1.34254406291156        0.07197313004985        1.44018920253978
H           -0.14178266802579       -1.88481567368593        0.44289053118215
H           -0.41939181680262       -1.19869971737037       -1.19153171449199
13
 energy: -20.962448135535 gnorm: 0.000791515693 xtb: 6.7.1 (edcfbbe)
C           -1.93418297285225        0.94569224352931       -0.44120395194613
C           -1.55263378487410       -0.25245534734940        0.42015033794757
C           -0.31851132514426       -0.97133191820288       -0.12959839594928
N            0.86665747634677       -0.13368643007638        0.02830655024600
O            1.13527701737340        0.27248491213180        1.13995706218138
O            1.52830354352015        0.11541111065752       -0.96006217985037
H           -2.15253216395886        0.63353496700817       -1.45936905775419
H           -2.81542799728124        1.43324888839164       -0.03501092533687
H           -1.12774463477874        1.67621568726560       -0.47184348228670
H           -2.37732341248785       -0.96345719791358        0.44777139403453
H           -1.34254344191406        0.07247236365206        1.44060661535650
H           -0.14188775812344       -1.88507097680386        0.44218897615301
H           -0.41998975271532       -1.19847681958227       -1.19123661380350
13
 energy: -20.962456248669 gnorm: 0.000626038049 xtb: 6.7.1 (edcfbbe)
C           -1.93151815460357        0.94533374401635       -0.44356678532075
C           -1.55200135521302       -0.25144003549725        0.42043230922255
C           -0.31841131290124       -0.97431544308561       -0.12663596720187
N            0.86463861961704       -0.13409752461689        0.02793289197568
O            1.15010786360683        0.25063986798623        1.14299752119853
O            1.50634529151715        0.14223352172184       -0.96614496392250
H           -2.14139691710502        0.63286302920041       -1.46364345298829
H           -2.81768515609644        1.42957969852465       -0.04365002611446
H           -1.12760379065447        1.67905010658254       -0.46856523064988
H           -2.37759714751489       -0.96152524180300        0.44899082047085
H           -1.34268591913052        0.07559727038944        1.44048411327558
H           -0.14304960080070       -1.88525117387640        0.44947945117275
H           -0.42168162761093       -1.20408633683455       -1.18745435212622
13
 energy: -20.962456955613 gnorm: 0.000373583723 xtb: 6.7.1 (edcfbbe)
C           -1.93065536771080        0.94541097699793       -0.44333381305334
C           -1.55231852342594       -0.25179758317080        0.42024712842506
C           -0.31841896590698       -0.97483596983698       -0.12634408161875
N            0.86431737119844       -0.13417120874191        0.02759249203974
O            1.14979902901702        0.25186979093973        1.14227494141366
O            1.50412497210228        0.14357140444271       -0.96695898935812
H           -2.13960059182244        0.63340988467164       -1.46357693358160
H           -2.81705762960922        1.42956943942306       -0.04402901610356
H           -1.12672785431403        1.67922007121996       -0.46739595930373
H           -2.37809138868797       -0.96134787854065        0.44818310121877
H           -1.34317040547010        0.07439938288882        1.44037619558802
H           -0.14300444100903       -1.88525681232140        0.45075290029592
H           -0.42173541125102       -1.20546001526437       -1.18713163697013
13
 energy: -20.962457536855 gnorm: 0.000716602817 xtb: 6.7.1 (edcfbbe)
C           -1.92968332199001        0.94554245900464       -0.44309129010303
C           -1.55286876875900       -0.25220420885616        0.42003712365318
C           -0.31843534363317       -0.97540221170088       -0.12578328404586
N            0.86300057471110       -0.13283701631680        0.02675337106698
O            1.15076249765024        0.25188315182185        1.14140989191071
O            1.50133651164267        0.14508632069693       -0.96829559859114
H           -2.13692615833330        0.63428319825352       -1.46375232538193
H           -2.81663465222457        1.42944871417621       -0.04486488717802
H           -1.12582776512155        1.67958141784770       -0.46546883769867
H           -2.37876010508584       -0.96128496275243        0.44674376270721
H           -1.34421460502489        0.07290678941302        1.44040643707447
H           -0.14253590027129       -1.88481906639708        0.45293776288720
H           -0.42175217045018       -1.20760310248279       -1.18637579730914
13
 energy: -20.962458585273 gnorm: 0.000441972571 xtb: 6.7.1 (edcfbbe)
C           -1.92896956776835        0.94573486899193       -0.44300630920060
C           -1.55304712903775       -0.25245507962235        0.42002733995631
C           -0.31843197186091       -0.97603030769699       -0.12513377497767
N            0.86256386737840       -0.13271197597769        0.02610829318300
O            1.15135177025344        0.25166571805733        1.14063621293661
O            1.49885454499674        0.14722049037826       -0.96983223460483
H           -2.13465497879774        0.63521342863407       -1.46432000255535
H           -2.81657565612686        1.42937893106680       -0.04575002670788
H           -1.12513430164749        1.67984693206871       -0.46363674193219
H           -2.37917555721695       -0.96149046536274        0.44544300409741
H           -1.34526459325000        0.07226492760680        1.44084508180159
H           -0.14222250616928       -1.88462565983971        0.45461856421735
H           -0.42183312764304       -1.20943032559670       -1.18534307722179
13
 energy: -20.962460417072 gnorm: 0.000308883565 xtb: 6.7.1 (edcfbbe)
C           -1.92641715285847        0.94643306749406       -0.44280353784756
C           -1.55377406424527       -0.25336157060871        0.41969230164282
C           -0.31851632114023       -0.97780467161659       -0.12308205347571
N            0.86103048425256       -0.13195689395273        0.02418795365991
O            1.15433088500015        0.24967466711795        1.13849704695137
O            1.49043423565636        0.15471329734962       -0.97459991334264
H           -2.12710786141355        0.63784220158947       -1.46586564218593
H           -2.81633368305333        1.42860935307586       -0.04873703945909
H           -1.12301933638611        1.68115568561257       -0.45818650945919
H           -2.38053775150256       -0.96217338165930        0.44171639734790
H           -1.34878745557940        0.07026478555529        1.44159420481987
H           -0.14114233239298       -1.88357376860663        0.46039561176416
H           -0.42269885322696       -1.21524128864312       -1.18215249142396
13
 energy: -20.962461233617 gnorm: 0.000420131488 xtb: 6.7.1 (edcfbbe)
C           -1.92423869544162        0.94688214502571       -0.44278939676452
C           -1.55433575543141       -0.25397280032004        0.41942769311979
C           -0.31862558639927       -0.97944811336485       -0.12126776803061
N            0.85938611157392       -0.13106146900883        0.02255733601540
O            1.15768216396496        0.24702994094703        1.13676670141800
O            1.48195555569703        0.16205939013127       -0.97869450976841
H           -2.12012904173254        0.64008854087250       -1.46735891411880
H           -2.81614784734400        1.42785342617745       -0.05176124133578
H           -1.12123090998361        1.68206715748319       -0.45329468912843
H           -2.38169099636448       -0.96218071569313        0.43858240654635
H           -1.35171123548501        0.06841338858793        1.44221666342224
H           -0.14008984461157       -1.88267086006206        0.46573493906054
H           -0.42336312533218       -1.22047854806844       -1.17946289144381
13
 energy: -20.962461711319 gnorm: 0.000260247588 xtb: 6.7.1 (edcfbbe)
C           -1.92301907198325        0.94708039256891       -0.44292452975589
C           -1.55471599151097       -0.25428105301605        0.41925836721135
C           -0.31873868133990       -0.98021187073147       -0.12030622801493
N            0.85852934048448       -0.13057044131796        0.02189780573841
O            1.16026856056957        0.24439849414516        1.13622704382312
O            1.47685204670088        0.16681368803909       -0.98060735845854
H           -2.11647079512825        0.64077080818530       -1.46802500057897
H           -2.81601675556808        1.42732173829206       -0.05359756112511
H           -1.12043926580347        1.68275242428672       -0.45132847528825
H           -2.38233533912412       -0.96218805259076        0.43748340221744
H           -1.35295316561762        0.06778849990703        1.44226266751844
H           -0.13974397872608       -1.88219924331702        0.46840324568924
H           -0.42375610984297       -1.22289390174328       -1.17808704998436
13
 energy: -20.962462318087 gnorm: 0.000119052631 xtb: 6.7.1 (edcfbbe)
C           -1.92220484656641        0.94705256990364       -0.44346798262904
C           -1.55476909207385       -0.25414419634096        0.41919429933791
C           -0.31882952166124       -0.98087921689587       -0.11949721386600
N            0.85788647699797       -0.13032629872414        0.02174614738159
O            1.16396292799150        0.23957773309572        1.13659381350867
O            1.47118876413046        0.17289208695069       -0.98186880470799
H           -2.11363343555863        0.64064896106583       -1.46880728306362
H           -2.81612025423471        1.42669463269672       -0.05567936972549
H           -1.12008507603931        1.68319112417769       -0.45051093743225
H           -2.38261450481435       -0.96161993958038        0.43734571672360
H           -1.35340042918658        0.06800981739182        1.44214929121347
H           -0.13973497727264       -1.88197872900550        0.47053794190410
H           -0.42418523860201       -1.22453706202755       -1.17707928965300
13
 energy: -20.962463090155 gnorm: 0.000251180154 xtb: 6.7.1 (edcfbbe)
C           -1.92129113542948        0.94685926487542       -0.44458044324207
C           -1.55469901655918       -0.25370230596249        0.41926576849117
C           -0.31890622080676       -0.98172846969921       -0.11843693277656
N            0.85726085337978       -0.13031604888856        0.02196631166737
O            1.16988740106173        0.23086571201083        1.13795182608426
O            1.46294278881495        0.18287186643806       -0.98314563537198
H           -2.11075400006972        0.63970124116036       -1.46998875702325
H           -2.81620440433834        1.42599542325007       -0.05858029799361
H           -1.11978522057454        1.68367296138468       -0.45088064890697
H           -2.38283683688127       -0.96074625233020        0.43801251863602
H           -1.35330796151715        0.06914016658678        1.44194884623818
H           -0.14014171027906       -1.88195847258638        0.47297546012104
H           -0.42470374369074       -1.22607360353164       -1.17585168693164
13
 energy: -20.962463906716 gnorm: 0.000364043033 xtb: 6.7.1 (edcfbbe)
C           -1.92040856920137        0.94650108398315       -0.44642030660253
C           -1.55429231780861       -0.25276247124490        0.41933162004955
C           -0.31882564241758       -0.98297625654118       -0.11705671144060
N            0.85660299324199       -0.13066864615135        0.02266865193258
O            1.17867553188890        0.21701942353337        1.14043351662391
O            1.45105850907224        0.19821046481096       -0.98424825280202
H           -2.10825629018390        0.63784337743372       -1.47167941919830
H           -2.81615898912036        1.42557971557254       -0.06226349891618
H           -1.11936698208818        1.68381155700132       -0.45278862373763
H           -2.38278973126273       -0.95937248563065        0.43926503477101
H           -1.35263857003264        0.07146517773028        1.44157330408605
H           -0.14094491792234       -1.88211835273803        0.47608344505446
H           -0.42519423105521       -1.22795110505148       -1.17424243082833
13
 energy: -20.962464550725 gnorm: 0.000127692418 xtb: 6.7.1 (edcfbbe)
C           -1.92053568992393        0.94617016108817       -0.44746564315456
C           -1.55392348638117       -0.25213793912950        0.41940696402017
C           -0.31863864811938       -0.98321607733051       -0.11680228413391
N            0.85671623368868       -0.13113062775062        0.02348207715250
O            1.18226193327172        0.21049197072864        1.14200091334630
O            1.44707348730641        0.20460864817530       -0.98342262983141
H           -2.10972342085675        0.63642496663335       -1.47222171129036
H           -2.81567985214024        1.42605175093428       -0.06281757816220
H           -1.11924902623413        1.68320862927687       -0.45568102269392
H           -2.38242285849366       -0.95883411341185        0.44040210001053
H           -1.35168634577255        0.07303120147420        1.44134481568838
H           -0.14164081195719       -1.88235453997731        0.47645401612251
H           -0.42509072127759       -1.22773254800330       -1.17402368808207
13
 energy: -20.962465146309 gnorm: 0.000067711816 xtb: 6.7.1 (edcfbbe)
C           -1.92081830840542        0.94579920918636       -0.44862756258097
C           -1.55351556628158       -0.25148145688171        0.41933174311551
C           -0.31833138670295       -0.98339769737665       -0.11653767779977
N            0.85694388572232       -0.13160788487702        0.02460875125942
O            1.18631940594148        0.20310707383541        1.14411792003678
O            1.44296844485762        0.21184985168509       -0.98222198590801
H           -2.11279925408237        0.63451001375013       -1.47244291106916
H           -2.81458488784736        1.42731974250234       -0.06268819163369
H           -1.11874896029729        1.68194253681003       -0.46006955507092
H           -2.38198079745335       -0.95824875791394        0.44138555420663
H           -1.35086408562460        0.07472085941081        1.44091281565944
H           -0.14220916442326       -1.88262766902288        0.47672017129491
H           -0.42491853229304       -1.22730433840023       -1.17383274251823
13
 energy: -20.962465577135 gnorm: 0.000120435255 xtb: 6.7.1 (edcfbbe)
C           -1.92123382290667        0.94535659794356       -0.44965149649973
C           -1.55318668153827       -0.25098070132206        0.41929118806853
C           -0.31808610513664       -0.98322791086905       -0.11658058049973
N            0.85722977053413       -0.13190548700557        0.02583414376797
O            1.18898916617529        0.19761336083460        1.14618426160796
O            1.44078165504381        0.21689315067757       -0.98054055771386
H           -2.11736198555668        0.63258695656795       -1.47225753978961
H           -2.81284130613526        1.42907699676282       -0.06143532974817
H           -1.11798722147853        1.68014449482063       -0.46523848651869
H           -2.38146894251884       -0.95794730335228        0.44227506701965
H           -1.35013179796238        0.07599562943334        1.44056747114005
H           -0.14271193294493       -1.88281804405248        0.47630491697541
H           -0.42453000246481       -1.22620625773130       -1.17409672881786
13
 energy: -20.962465712401 gnorm: 0.000101556491 xtb: 6.7.1 (edcfbbe)
C           -1.92152100777532        0.94511021735874       -0.45033377411155
C           -1.55296602997058       -0.25067212992291        0.41912551804360
C           -0.31788315819509       -0.98325709258236       -0.11649939499766
N            0.85738343649574       -0.13204926743691        0.02670266510838
O            1.19112718072280        0.19344484667085        1.14771748411891
O            1.43874991476130        0.22090077092690       -0.97957125088771
H           -2.12033212814416        0.63122870712015       -1.47204555469443
H           -2.81166101000436        1.43042701893316       -0.06073147687307
H           -1.11741858835069        1.67887724701324       -0.46874999150653
H           -2.38121391646097       -0.95764050521292        0.44282851265973
H           -1.34964624278660        0.07689243805610        1.44014276371096
H           -0.14295753944255       -1.88302879098221        0.47623095071179
H           -0.42420011773930       -1.22565197723409       -1.17416012229046
13
 energy: -20.962465711193 gnorm: 0.000238851746 xtb: 6.7.1 (edcfbbe)
C           -1.92195324618007        0.94503992636669       -0.45021539664342
C           -1.55291741575375       -0.25071648531471        0.41907087133265
C           -0.31783566544041       -0.98288932562194       -0.11691720908459
N            0.85767845969369       -0.13204449219792        0.02702971738052
O            1.18974957656307        0.19504171638513        1.14793426543795
O            1.44109589655068        0.21865002565874       -0.97867009066887
H           -2.12260015674242        0.63092603842523       -1.47147469369931
H           -2.81112142840627        1.43113433158362       -0.05938287390653
H           -1.11733585017309        1.67819513963165       -0.47011885111187
H           -2.38103753583185       -0.95779858946118        0.44299519734629
H           -1.34939951591593        0.07684779118520        1.44002826055440
H           -0.14296570000557       -1.88314057160542        0.47513900704560
H           -0.42389662524789       -1.22466402232735       -1.17476187499085
13
 energy: -20.962465748494 gnorm: 0.000050986329 xtb: 6.7.1 (edcfbbe)
C           -1.92178908990152        0.94496020855088       -0.45043051084427
C           -1.55289941094997       -0.25063175308104        0.41915786174327
C           -0.31787887282438       -0.98296167976392       -0.11679855573336
N            0.85759309361366       -0.13204206192737        0.02708498537645
O            1.19057909920005        0.19373520981290        1.14818835386610
O            1.43993269930221        0.22012298567021       -0.97883492218817
H           -2.12225708613843        0.63076002041019       -1.47170051707860
H           -2.81105713378156        1.43098173479434       -0.05978082421409
H           -1.11727142971949        1.67822145972452       -0.47027752718846
H           -2.38103989004325       -0.95768421568274        0.44316547496222
H           -1.34935626789792        0.07702420513219        1.44009238744267
H           -0.14309053671306       -1.88310760611784        0.47541587604476
H           -0.42400438103611       -1.22479702481456       -1.17462575319656
