----------------------------------------------- 
  Element       SASA      Sigma Z        Total  
     Z         Ang**2 cal/Ang**2/mol   kcal/mol 
----------------------------------------------- 
      H        142.579      48.690       6.942
      C         35.253     129.740       4.574
      O         30.878       0.000       0.000

 Subtotal:     208.709                  11.516
 -----------------------------------------------

  Elements    COT*SASA   Sigma Z,Z'     Total   
    Z,Z'       Ang**2  cal/Ang**2/mol kcal/mol  
 ---------------------------------------------- 
  H   C         96.116     -60.770      -5.841
  H   O          0.000       0.000       0.000
  C   C         26.771     -72.950      -1.953
  O   C         17.363      68.690       1.193
  O   O          0.000       0.000       0.000

 Subtotal:                              -6.601
 ---------------------------------------------- 

 NONAQUEOUS SOLVENT CONTRIBUTION (kcal/mol):
 (proportional to SASA, atomic number independent)
 ---------------------------------------------- 
 Subtotal:                               0.000
 ---------------------------------------------- 

 CDS TOTAL (kcal/mol):                   4.915
...............................................................................
