----------------------------------------------- 
  Element       SASA      Sigma Z        Total  
     Z         Ang**2 cal/Ang**2/mol   kcal/mol 
----------------------------------------------- 
      H        161.725      48.690       7.874
      C         32.187     129.740       4.176
      N          5.064       0.000       0.000

 Subtotal:     198.977                  12.050
 -----------------------------------------------

  Elements    COT*SASA   Sigma Z,Z'     Total   
    Z,Z'       Ang**2  cal/Ang**2/mol kcal/mol  
 ---------------------------------------------- 
  H   C        102.510     -60.770      -6.230
  C   C         20.802     -72.950      -1.518
  C   N          0.796       0.000       0.000
  N   C         36.992     -48.220      -1.784
  N  C(3)        0.000      84.100       0.000

 Subtotal:                              -9.531
 ---------------------------------------------- 

 NONAQUEOUS SOLVENT CONTRIBUTION (kcal/mol):
 (proportional to SASA, atomic number independent)
 ---------------------------------------------- 
 Subtotal:                               0.000
 ---------------------------------------------- 

 CDS TOTAL (kcal/mol):                   2.520
...............................................................................
