17
 energy: -20.871584043889 gnorm: 0.025862901650 xtb: 6.7.1 (edcfbbe)
C            2.83602617077801       -0.07853870287870       -0.71577425483857
C            1.86209962342378       -0.69918987796023        0.28300490758034
C            0.97476706424878        0.32618154040239        0.99463081943312
C            0.10931139720948        1.18406361095174        0.06849863314376
C           -0.77175014306332        0.42192820378859       -0.89306687888131
Cl          -1.99552570204205       -0.64488756244889       -0.00494682886322
H            3.45196941041066        0.69055784262770       -0.23470398123366
H            2.31308674024268        0.39176613943509       -1.55516078418845
H            3.50921253447304       -0.83567533427322       -1.13110849307736
H            1.23750018011319       -1.44486117376012       -0.22606935443006
H            2.42714020687537       -1.25014114731944        1.04459231585379
H            1.60949250334685        1.00137318078145        1.58269803759243
H            0.32706586970553       -0.19343598474470        1.71082637337043
H            0.74854663084987        1.81564831866585       -0.56470144327568
H           -0.50506856202076        1.86846027872283        0.66411522492845
H           -1.37136252351984        1.09303696644715       -1.51008712628655
H           -0.21130450675710       -0.25928398971792       -1.53536726592593
17
 energy: -20.872593428011 gnorm: 0.013733424389 xtb: 6.7.1 (edcfbbe)
C            2.83671585934180       -0.07467715851713       -0.71183421288455
C            1.85995076472369       -0.69767859778363        0.27678386477578
C            0.97376142585315        0.32752993217398        0.98446649943103
C            0.11589903216050        1.18936349060708        0.05774666417345
C           -0.77281318649444        0.41981579119659       -0.89283421238295
Cl          -1.97458150834491       -0.62678036469819        0.00563817593233
H            3.44523840803809        0.68643066137135       -0.22328810908323
H            2.31433997550504        0.38841909447740       -1.54747233490328
H            3.50342775766167       -0.83618762427962       -1.11450378357700
H            1.23590616309979       -1.43522150065255       -0.23552545259076
H            2.42518212689435       -1.23945392482867        1.04075366757571
H            1.60698665898079        0.99692939091841        1.57417035924397
H            0.32053715376515       -0.20169384303497        1.68418493056559
H            0.76154041736968        1.81936482851282       -0.56249440714089
H           -0.49934580432245        1.85476113190257        0.66866709001356
H           -1.38291359909824        1.08489401778258       -1.50076515523763
H           -0.21862475085948       -0.26881301642846       -1.52631368300959
17
 energy: -20.872868020729 gnorm: 0.004979419836 xtb: 6.7.1 (edcfbbe)
C            2.84177715955875       -0.07295316254100       -0.71065204824484
C            1.85985805269140       -0.69818368268953        0.27225400618227
C            0.97017242041433        0.32552158693164        0.97840160090322
C            0.11779200153745        1.19337484196196        0.05030392128349
C           -0.78057388170826        0.41604124695046       -0.88957370721239
Cl          -1.95979170071670       -0.60912118736007        0.02487792245670
H            3.44249581635561        0.68450797727369       -0.21477458311160
H            2.32247707105598        0.38735599939429       -1.54538986819968
H            3.50854648730642       -0.83452219418670       -1.10560862865608
H            1.23850170544304       -1.43139130080817       -0.24348210116503
H            2.42171637273808       -1.23647087314969        1.03862393955109
H            1.60055000691526        0.99023900798705        1.57190438964536
H            0.31065527438290       -0.20793220437209        1.66629327600707
H            0.76586045134839        1.81876443849854       -0.56532424033467
H           -0.49636075456687        1.85161766257232        0.66684565431845
H           -1.38765076645043        1.08175784251045       -1.49743841505062
H           -0.22481882203116       -0.27160369025360       -1.51988121747120
17
 energy: -20.872917301861 gnorm: 0.002232317005 xtb: 6.7.1 (edcfbbe)
C            2.84608989972999       -0.07157815496254       -0.70897586063193
C            1.86031186629979       -0.69932901069359        0.27015548914507
C            0.96913675602576        0.32389365383182        0.97663151792227
C            0.11846684843408        1.19420357392741        0.04781129053632
C           -0.78745506913294        0.41371463013907       -0.88593805261380
Cl          -1.96172690747864       -0.60006654044765        0.03353555374528
H            3.44364765415801        0.68645697263101       -0.20964323414102
H            2.32947560071419        0.38860083327992       -1.54577009782424
H            3.51547236009367       -0.83241620921913       -1.10152264702476
H            1.24096740957052       -1.43192367654805       -0.24895122654936
H            2.41983184839339       -1.23875311643775        1.03732194090980
H            1.59771631400892        0.98665471990640        1.57399928395904
H            0.30680176013135       -0.21072698421632        1.66054391055518
H            0.76674927840362        1.81502774626041       -0.57109267531410
H           -0.49217837079541        1.85596919342757        0.66380324388737
H           -1.39047489754194        1.08110790731742       -1.49709543533174
H           -0.23162545674016       -0.27383322947643       -1.51743310032785
17
 energy: -20.872942445030 gnorm: 0.001350577519 xtb: 6.7.1 (edcfbbe)
C            2.85083814170507       -0.06991852937477       -0.70646683172777
C            1.86154469510249       -0.69998978869287        0.26850177445189
C            0.96790715679256        0.32138829505734        0.97523316462374
C            0.11906043551309        1.19325604441601        0.04579715627715
C           -0.79472665891622        0.41231405380067       -0.88251703795131
Cl          -1.96868040341212       -0.59022283946189        0.04210742444184
H            3.44513056792391        0.68986383016324       -0.20437364950276
H            2.33726137707021        0.39021170411393       -1.54612400662840
H            3.52416522734753       -0.82910543659173       -1.09718519549578
H            1.24422951138435       -1.43197468046473       -0.25488717225283
H            2.41856642745701       -1.24219671422856        1.03592227290123
H            1.59479488617060        0.98283071626020        1.57638945256346
H            0.30362092294510       -0.21419619630319        1.65675035411754
H            0.76781221424285        1.80791831199433       -0.57915450555372
H           -0.48623483055627        1.86221106717087        0.65989095368624
H           -1.39319252524976        1.08203076509241       -1.49733430848706
H           -0.24089025124623       -0.27741829423172       -1.51516994456193
17
 energy: -20.872960251797 gnorm: 0.001856723529 xtb: 6.7.1 (edcfbbe)
C            2.85583662417018       -0.06739802544949       -0.70289109665502
C            1.86334629753421       -0.70055859283111        0.26660659315540
C            0.96681935883656        0.31824667621631        0.97320163196695
C            0.12042677251070        1.19102950446340        0.04317863499388
C           -0.80183573978902        0.41181805759366       -0.87910628838671
Cl          -1.98057090006833       -0.57836298752632        0.05071580523220
H            3.44591166537232        0.69480881893239       -0.19833305765413
H            2.34560678199664        0.39172670259762       -1.54587242110443
H            3.53401036929538       -0.82418072251504       -1.09108988547426
H            1.24830318388421       -1.43156518661035       -0.26179211218713
H            2.41761359103352       -1.24601854437513        1.03415898625479
H            1.59147388267105        0.97894361193559        1.57819007400104
H            0.30102290738399       -0.21885216357435        1.65250908574486
H            0.77050919514415        1.79815220223944       -0.58868383848047
H           -0.47815162017001        1.86881411909655        0.65496851497380
H           -1.39595235895650        1.08377163578284       -1.49682879735238
H           -0.25316311657488       -0.28337279725644       -1.51155192812685
17
 energy: -20.872976838364 gnorm: 0.001382794145 xtb: 6.7.1 (edcfbbe)
C            2.85938840276732       -0.06513256189260       -0.70016147972596
C            1.86498831846380       -0.70085459586280        0.26494523928859
C            0.96590342465713        0.31559820962262        0.97117783611735
C            0.12174724196861        1.18891387719007        0.04060815596515
C           -0.80595551567802        0.41242596242423       -0.87748644978090
Cl          -1.99085202273351       -0.56772722332619        0.05797028237394
H            3.44502787986651        0.69917314999276       -0.19371064782532
H            2.35134582836788        0.39193660035079       -1.54552432267025
H            3.54159931600771       -0.81972754248847       -1.08537958421257
H            1.25175815475450       -1.43077354496956       -0.26705959531654
H            2.41728806668865       -1.24812563060332        1.03268516129273
H            1.58867945677928        0.97583170098602        1.57875694886051
H            0.29911003767318       -0.22315789262792        1.64838974531365
H            0.77360655902936        1.79045253817279       -0.59500388325851
H           -0.47179680279102        1.87234161575515        0.65113425203501
H           -1.39744044425414        1.08530678269061       -1.49645686907845
H           -0.26319100729307       -0.28947913669459       -1.50750488847690
17
 energy: -20.872994429067 gnorm: 0.000644256519 xtb: 6.7.1 (edcfbbe)
C            2.86393745230354       -0.06227823534803       -0.69727890090985
C            1.86684755400385       -0.70170766415139        0.26241344841242
C            0.96474562172033        0.31235813742983        0.96824893739914
C            0.12341454559226        1.18741393797381        0.03703695365172
C           -0.81067396531106        0.41314194293631       -0.87536555265858
Cl          -2.00314285104154       -0.55300378391222        0.06753124097433
H            3.44284701687483        0.70482857757709       -0.18793199401008
H            2.35866332459161        0.39124959457164       -1.54584294556569
H            3.55156873782521       -0.81414623398354       -1.07745951410532
H            1.25610380237326       -1.43029594590557       -0.27378440608747
H            2.41686273120436       -1.25019140892369        1.03071832025720
H            1.58521054065272        0.97143729593075        1.57917473524690
H            0.29613460182795       -0.22862684989102        1.64174075564386
H            0.77763369587668        1.78290382284108       -0.60149157705245
H           -0.46475298544460        1.87571004428054        0.64698914705089
H           -1.39887258296376        1.08613010762220       -1.49656847100048
H           -0.27532034581147       -0.29792103032821       -1.50075027634501
17
 energy: -20.873007852903 gnorm: 0.000576894030 xtb: 6.7.1 (edcfbbe)
C            2.86894565742428       -0.05962625029864       -0.69463871807145
C            1.86868266003136       -0.70254974231980        0.25964642000321
C            0.96357308729924        0.30902018528225        0.96544522655619
C            0.12432685062948        1.18581751357441        0.03372318372713
C           -0.81576434327967        0.41360796173005       -0.87361949013295
Cl          -2.01558372958777       -0.53616850189165        0.07882991212637
H            3.44074594835881        0.71041999217744       -0.18207537396027
H            2.36678891986896        0.39043234822711       -1.54665774754058
H            3.56235186893528       -0.80872261176208       -1.06939467221130
H            1.26055683646583       -1.42982816815632       -0.28090887029007
H            2.41638537649418       -1.25242748889653        1.02842370805533
H            1.58210541552169        0.96657460617697        1.57968890672354
H            0.29303699433465       -0.23395345688392        1.63516352965951
H            0.78023679486749        1.77604490197611       -0.60751111806468
H           -0.45883440956875        1.87836421511720        0.64339199796222
H           -1.39944145736176        1.08668285299926       -1.49863757840387
H           -0.28690557615913       -0.30668604833227       -1.49348941523678
17
 energy: -20.873017245066 gnorm: 0.000548229887 xtb: 6.7.1 (edcfbbe)
C            2.87327988238022       -0.05741218815623       -0.69229646772711
C            1.87016686813231       -0.70339550889483        0.25720419247916
C            0.96294668722510        0.30643059276831        0.96292225614267
C            0.12524494562267        1.18499781433007        0.03126409860629
C           -0.82031712101585        0.41352814768691       -0.87103495713645
Cl          -2.02745629947642       -0.52221776786577        0.08589551989200
H            3.43966147154534        0.71477679071268       -0.17710963823002
H            2.37414673830958        0.39032671548412       -1.54722777344160
H            3.57114219343471       -0.80436442365959       -1.06276156846390
H            1.26409006675025       -1.42943523250400       -0.28718391428732
H            2.41571814787331       -1.25489972447767        1.02629477774523
H            1.57998461928189        0.96297743640251        1.57955243948429
H            0.29113033642905       -0.23797369286860        1.63003854383710
H            0.78199638072439        1.77125221829148       -0.61262247534253
H           -0.45404337029086        1.88080806306657        0.64078964175377
H           -1.39957490109442        1.08632366094213       -1.50030455168451
H           -0.29690975155709       -0.31472059253850       -1.48604022272553
17
 energy: -20.873024341450 gnorm: 0.000422034543 xtb: 6.7.1 (edcfbbe)
C            2.87692677062506       -0.05569921253822       -0.69028045967900
C            1.87122654875524       -0.70384902508857        0.25508692748104
C            0.96250377689846        0.30444799493238        0.96107007462206
C            0.12531281534800        1.18364479835618        0.02952341208605
C           -0.82414642853030        0.41313875438193       -0.86955598966593
Cl          -2.03643669064905       -0.50961677619986        0.09291613882886
H            3.43968213686240        0.71754280933058       -0.17268423756559
H            2.38039099157937        0.39118981555229       -1.54718017361433
H            3.57777770494228       -0.80114721106189       -1.05802582235218
H            1.26671136431425       -1.42868403049239       -0.29268203921885
H            2.41480254790379       -1.25717338850001        1.02428031622935
H            1.57858137728218        0.96038351553797        1.57935556813365
H            0.29001380549356       -0.24105607325838        1.62661613942180
H            0.78224902223941        1.76702453719276       -0.61672748070286
H           -0.45091671183359        1.88213479449056        0.63890616727555
H           -1.39900248408090        1.08600998514048       -1.50289344283980
H           -0.30446965287599       -0.32128897905621       -1.48034519753826
17
 energy: -20.873029601677 gnorm: 0.000239959520 xtb: 6.7.1 (edcfbbe)
C            2.88004585786903       -0.05440988782219       -0.68849105805656
C            1.87205980705318       -0.70410240533417        0.25337753271090
C            0.96219003513526        0.30303844058583        0.95950627272639
C            0.12535443375791        1.18263675588122        0.02807074108129
C           -0.82739631156325        0.41246229243225       -0.86801929955862
Cl          -2.04428693895646       -0.50006053094747        0.09795347330994
H            3.44098950820257        0.71855564147251       -0.16838440916929
H            2.38569058656781        0.39343553582364       -1.54622421727098
H            3.58240598349728       -0.79893296027773       -1.05533252981647
H            1.26852604594671       -1.42757184626768       -0.29733831897393
H            2.41373063976579       -1.25944739581993        1.02251408818183
H            1.57779861177033        0.95867994850287        1.57863278767433
H            0.28952540937428       -0.24303229332973        1.62449439281366
H            0.78230073728972        1.76391932608106       -0.62016230525668
H           -0.44865026189586        1.88324372863136        0.63717788441425
H           -1.39845671358702        1.08536416994428       -1.50486217270161
H           -0.31062053595312       -0.32677621083651       -1.47553296120692
17
 energy: -20.873033738677 gnorm: 0.000188224469 xtb: 6.7.1 (edcfbbe)
C            2.88270735226355       -0.05337470210964       -0.68671850219900
C            1.87249355173412       -0.70436283185281        0.25186660687793
C            0.96222253978871        0.30229567130065        0.95816263901260
C            0.12519757103758        1.18183767350881        0.02692013075068
C           -0.83002923992448        0.41190513797179       -0.86689936689288
Cl          -2.04983275643054       -0.49302219338030        0.10182027319716
H            3.44357673959723        0.71799469573882       -0.16407329847542
H            2.39028686691479        0.39681779266815       -1.54439827813339
H            3.58503108088780       -0.79769623422607       -1.05404927334942
H            1.26962866833042       -1.42649332647123       -0.30143441597383
H            2.41237146686788       -1.26155697832038        1.02095329391889
H            1.57750908489240        0.95792481486892        1.57774151192778
H            0.28952700929209       -0.24414462293206        1.62288211529822
H            0.78193781604290        1.76142292109064       -0.62307427626894
H           -0.44703005624138        1.88416979169778        0.63579653676404
H           -1.39867871142262        1.08450052977225       -1.50625327652451
H           -0.31571208935628       -0.33121583060570       -1.47186251902837
17
 energy: -20.873037373836 gnorm: 0.000202148157 xtb: 6.7.1 (edcfbbe)
C            2.88527405582251       -0.05269793624761       -0.68513045620690
C            1.87280942175916       -0.70431277955356        0.25052801846756
C            0.96201323420813        0.30178875050812        0.95691387312785
C            0.12496638896356        1.18129615803542        0.02568360226728
C           -0.83230663213816        0.41119044732890       -0.86584973590433
Cl          -2.05417401269941       -0.48781986494379        0.10558159732170
H            3.44708469177612        0.71605174382803       -0.15958268599336
H            2.39461309825190        0.40105499545222       -1.54197217830873
H            3.58656969891254       -0.79728358223562       -1.05398988933639
H            1.27039966297525       -1.42495376484764       -0.30518425063362
H            2.41083224749466       -1.26336066265446        1.01958077298127
H            1.57720165317213        0.95748505166975        1.57651358178904
H            0.28943158349631       -0.24482788451223        1.62166124810972
H            0.78143968226021        1.75953588381150       -0.62581219451620
H           -0.44586530768812        1.88489308161410        0.63441903219877
H           -1.39926304965292        1.08355149488822       -1.50695541744883
H           -0.31981952263969       -0.33458882342176       -1.46902501701330
17
 energy: -20.873040796323 gnorm: 0.000197678106 xtb: 6.7.1 (edcfbbe)
C            2.88784975456170       -0.05215831638952       -0.68340393594045
C            1.87298199338855       -0.70432247489853        0.24925303240848
C            0.96202814775768        0.30167748938371        0.95557895901775
C            0.12457920023717        1.18090100219864        0.02441478534272
C           -0.83463738047303        0.41069741787182       -0.86497986179663
Cl          -2.05729175147440       -0.48426786640351        0.10914796039971
H            3.45153438262898        0.71311110472146       -0.15474933734572
H            2.39902202018540        0.40608408021148       -1.53892603268037
H            3.58725615701003       -0.79743365431690       -1.05452627344397
H            1.27086382604913       -1.42337692233356       -0.30880683227092
H            2.40904246044798       -1.26524020358832        1.01831918475935
H            1.57714909160929        0.95741877826169        1.57521808631566
H            0.28952216203736       -0.24501669172380        1.62032228046203
H            0.78080048201361        1.75784353806715       -0.62846610128198
H           -0.44486704440074        1.88572846757751        0.63302873012029
H           -1.40078431167438        1.08267526714067       -1.50721391901329
H           -0.32384229563015       -0.33731870706037       -1.46683082415111
17
 energy: -20.873044087743 gnorm: 0.000171861473 xtb: 6.7.1 (edcfbbe)
C            2.89064867987178       -0.05179170626251       -0.68155629491401
C            1.87297947618631       -0.70420441507659        0.24785998102992
C            0.96191320507741        0.30167485444917        0.95423942350257
C            0.12418908823042        1.18064541915207        0.02305025457685
C           -0.83686001710412        0.41016085007190       -0.86408750623353
Cl          -2.05961994130337       -0.48157174831776        0.11292652620320
H            3.45667387110296        0.70940033333837       -0.14950624025240
H            2.40383481556565        0.41154627302377       -1.53547584824716
H            3.58770000987787       -0.79798067346848       -1.05533145009952
H            1.27116138455715       -1.42157628722201       -0.31266799928534
H            2.40688091334833       -1.26705004481709        1.01700025180531
H            1.57696305650735        0.95761090293374        1.57371649580671
H            0.28950208199297       -0.24505237224247        1.61905759068238
H            0.77999647397015        1.75619593684401       -0.63146052028675
H           -0.44380108577843        1.88672942315521        0.63157390963840
H           -1.40316616882719        1.08171169865037       -1.50655242294471
H           -0.32778894900107       -0.33944613549205       -1.46540625008038
17
 energy: -20.873047055106 gnorm: 0.000151804870 xtb: 6.7.1 (edcfbbe)
C            2.89345761366165       -0.05149512749945       -0.67960485215881
C            1.87305191471400       -0.70413749801049        0.24657992355013
C            0.96187683664200        0.30178472058066        0.95270878631243
C            0.12376327958174        1.18042647589400        0.02154002377810
C           -0.83946073892378        0.40984232838322       -0.86313301537533
Cl          -2.06131934550229       -0.48001918285431        0.11683633172777
H            3.46177965877941        0.70553868375434       -0.14409466927227
H            2.40884717446905        0.41698829786926       -1.53196290539063
H            3.58812193359443       -0.79865645899084       -1.05590626197276
H            1.27138080171996       -1.41958002315389       -0.31650697700933
H            2.40461952309350       -1.26911446243289        1.01578890141265
H            1.57695472799016        0.95778359906089        1.57206292624718
H            0.28954393143370       -0.24491156619495        1.61760283876776
H            0.77928724042012        1.75443265701710       -0.63459259861913
H           -0.44267146852970        1.88786211412666        0.62991608866104
H           -1.40609047700124        1.08117596219916       -1.50558279979651
H           -0.33193571186853       -0.34091821102888       -1.46427183996074
17
 energy: -20.873049495411 gnorm: 0.000116840535 xtb: 6.7.1 (edcfbbe)
C            2.89615618621956       -0.05130802948054       -0.67775125145810
C            1.87290218975725       -0.70406083803534        0.24521653589551
C            0.96180518681544        0.30190384096302        0.95139757664189
C            0.12343321931875        1.18024011174401        0.02017726238589
C           -0.84169468968678        0.40949948288325       -0.86227289207812
Cl          -2.06263671419025       -0.47878484201683        0.12046963686109
H            3.46620023717036        0.70225200147430       -0.13917385361821
H            2.41366993385900        0.42148236051282       -1.52890750788642
H            3.58898589948477       -0.79920292692001       -1.05602498433178
H            1.27141355699197       -1.41778784933941       -0.32022606513156
H            2.40228050496536       -1.27098845949595        1.01447741155708
H            1.57690822671451        0.95803203193272        1.57058938581070
H            0.28955490450092       -0.24468532509569        1.61644953675625
H            0.77863317504282        1.75275612876333       -0.63756042236904
H           -0.44142631682277        1.88903798828117        0.62842960922289
H           -1.40922549025109        1.08065758901159       -1.50407555127404
H           -0.33575311561566       -0.34204095646281       -1.46383452608249
17
 energy: -20.873051403962 gnorm: 0.000103159817 xtb: 6.7.1 (edcfbbe)
C            2.89842534274660       -0.05115248608692       -0.67613466046635
C            1.87285831501282       -0.70407770132060        0.24409510841713
C            0.96174652390868        0.30193048941335        0.95016594184923
C            0.12316150499202        1.18012598905238        0.01898855034802
C           -0.84376905611094        0.40939564055731       -0.86146377439305
Cl          -2.06340598430604       -0.47798050899905        0.12374080928560
H            3.46943079625010        0.69980643969875       -0.13498338827164
H            2.41795885638697        0.42479188320339       -1.52666862430367
H            3.59011713443704       -0.79955946276331       -1.05544906494539
H            1.27146360685591       -1.41613344266170       -0.32352733211955
H            2.40024823387862       -1.27285014628440        1.01337376816910
H            1.57694231188165        0.95813143870021        1.56916953318485
H            0.28956735589026       -0.24457867874273        1.61536521613862
H            0.77808725126933        1.75122521109264       -0.64025796397798
H           -0.44031897120001        1.89014154456724        0.62708990656032
H           -1.41212200082821        1.08046736865069       -1.50263026127262
H           -0.33918432679064       -0.34268126935762       -1.46349386330107
17
 energy: -20.873052914501 gnorm: 0.000097118862 xtb: 6.7.1 (edcfbbe)
C            2.90036812100395       -0.05100223542847       -0.67475619628518
C            1.87273035911772       -0.70411368829561        0.24302189048992
C            0.96175060832696        0.30193777246356        0.94916567289502
C            0.12301951254807        1.17993635961589        0.01796731580348
C           -0.84557636890395        0.40927821014757       -0.86073962239383
Cl          -2.06435739286146       -0.47717419112384        0.12650032763291
H            3.47155994486746        0.69840049494150       -0.13166487155914
H            2.42159421657427        0.42690035692793       -1.52511048283767
H            3.59163619015754       -0.79963487102769       -1.05439592245359
H            1.27144724701927       -1.41481524369819       -0.32638887542394
H            2.39846808290207       -1.27440538266916        1.01228484882295
H            1.57703126754628        0.95813758295469        1.56810172553387
H            0.28958110964557       -0.24447145005297        1.61444615119358
H            0.77780447016394        1.74982736242166       -0.64244966565965
H           -0.43917978458107        1.89101890666473        0.62599317356540
H           -1.41449947681468        1.08041168218305       -1.50136328979108
H           -0.34217121243777       -0.34322935730503       -1.46323227863151
17
 energy: -20.873054162070 gnorm: 0.000091283584 xtb: 6.7.1 (edcfbbe)
C            2.90196299179030       -0.05083941516662       -0.67363499200301
C            1.87272429011456       -0.70422297126457        0.24214870547794
C            0.96167753922171        0.30177636851500        0.94827501083194
C            0.12289275020746        1.17983382040106        0.01716228799081
C           -0.84704983914991        0.40928350859633       -0.86012697072953
Cl          -2.06518090428124       -0.47606171781246        0.12893981658927
H            3.47279217389859        0.69770930152411       -0.12899634494545
H            2.42470077645953        0.42816313087123       -1.52422572893643
H            3.59337431637372       -0.79947848357355       -1.05298447297469
H            1.27155998466941       -1.41372301563736       -0.32886085737671
H            2.39706698978935       -1.27586460334009        1.01136915363080
H            1.57702952231830        0.95794138496565        1.56716376396015
H            0.28953829935469       -0.24458274294459        1.61362322529595
H            0.77756410169997        1.74859260951183       -0.64434115200706
H           -0.43818149776236        1.89190400678842        0.62507731859680
H           -1.41644432689059        1.08041591784043       -1.50031993941387
H           -0.34482027353934       -0.34384479055520       -1.46288892308537
17
 energy: -20.873055059858 gnorm: 0.000083631558 xtb: 6.7.1 (edcfbbe)
C            2.90303922493672       -0.05061881917022       -0.67294962203517
C            1.87285376029606       -0.70437071601962        0.24152662349958
C            0.96164375636267        0.30148386804488        0.94764862534744
C            0.12290852248069        1.17959860846957        0.01654797394810
C           -0.84817598846997        0.40929203796783       -0.85970972344973
Cl          -2.06663710605370       -0.47410728635724        0.13068646271127
H            3.47324811223777        0.69780658045467       -0.12747334775436
H            2.42668188771418        0.42863053224418       -1.52390000457676
H            3.59493362675578       -0.79906113588673       -1.05174502315329
H            1.27198099287618       -1.41347641027866       -0.33029700816082
H            2.39654827420894       -1.27649212865408        1.01082255471899
H            1.57695031814675        0.95754422760759        1.56670513836877
H            0.28937429672198       -0.24492825719038        1.61282685147278
H            0.77754555693394        1.74776097191946       -0.64551004413312
H           -0.43747745264637        1.89218415385864        0.62447411860280
H           -1.41727926687977        1.08045605270698       -1.50012912556234
H           -0.34693162134768       -0.34469997099722       -1.46214454894258
17
 energy: -20.873056016252 gnorm: 0.000077694764 xtb: 6.7.1 (edcfbbe)
C            2.90408521783076       -0.05029269784698       -0.67229640811827
C            1.87305343455224       -0.70448229996335        0.24092157766011
C            0.96155106058068        0.30107973400012        0.94707604305625
C            0.12295775935324        1.17934967795594        0.01600434210038
C           -0.84925736976277        0.40923684076699       -0.85919939048679
Cl          -2.06848877386463       -0.47164299632426        0.13247383186088
H            3.47333253791265        0.69828703559549       -0.12602092211195
H            2.42860065837593        0.42889040033357       -1.52377748255748
H            3.59671729049531       -0.79842476345489       -1.05032942919214
H            1.27250611482089       -1.41297355168069       -0.33198531652461
H            2.39597868564939       -1.27733835439629        1.01020482770400
H            1.57670739055712        0.95704460048979        1.56638104698847
H            0.28918193692693       -0.24550378478353        1.61201781881059
H            0.77763294718250        1.74660160832368       -0.64678412502400
H           -0.43650856955124        1.89273386421845        0.62385596049469
H           -1.41772348491610        1.08042151792845       -1.50016390226696
H           -0.34911994186872       -0.34598452244286       -1.46099857149161
17
 energy: -20.873057070511 gnorm: 0.000072023957 xtb: 6.7.1 (edcfbbe)
C            2.90521758909555       -0.04977036688822       -0.67151629974139
C            1.87326467417954       -0.70461613856671        0.24020523709524
C            0.96145047681719        0.30055149866905        0.94650289806253
C            0.12310634253028        1.17898753890389        0.01537677623667
C           -0.85046294817232        0.40918223542904       -0.85857802674130
Cl          -2.07087001090369       -0.46843897161632        0.13453501431895
H            3.47331660370141        0.69913319840110       -0.12448717197250
H            2.43057681312781        0.42913371646699       -1.52362807240883
H            3.59876724910142       -0.79749894726351       -1.04868376524883
H            1.27304908889264       -1.41239213860723       -0.33393247651659
H            2.39538011111952       -1.27833980903508        1.00938149975117
H            1.57634577813181        0.95634723240102        1.56625266698272
H            0.28893025454529       -0.24633286361410        1.61103755158776
H            0.77791678146968        1.74501371725681       -0.64831608080680
H           -0.43523647045476        1.89344139038719        0.62300218333011
H           -1.41798642556890        1.08031512709222       -1.50043841917650
H           -0.35155901333831       -0.34771411069651       -1.45933361385087
17
 energy: -20.873058132099 gnorm: 0.000069580965 xtb: 6.7.1 (edcfbbe)
C            2.90641309868431       -0.04920335274658       -0.67075769005949
C            1.87359078442274       -0.70476448868814        0.23948085477755
C            0.96124304923680        0.29988663548704        0.94583535164010
C            0.12328754269235        1.17862692672623        0.01466746236505
C           -0.85173711102972        0.40909376643247       -0.85789092622245
Cl          -2.07359711404649       -0.46465018598943        0.13688209191401
H            3.47321674241409        0.70000653623054       -0.12282720882523
H            2.43271108527053        0.42947975192478       -1.52352511707071
H            3.60102275976392       -0.79641735225312       -1.04699525213300
H            1.27382795860535       -1.41188427805872       -0.33592327603072
H            2.39491625025791       -1.27931310993255        1.00857114208604
H            1.57581198852377        0.95545045677398        1.56614437416650
H            0.28845064451638       -0.24731439499287        1.60984281072617
H            0.77831878157421        1.74333244783059       -0.64993374198087
H           -0.43383577420069        1.89423616333559        0.62204658520589
H           -1.41816782896091        1.08013674199130       -1.50078854124028
H           -0.35426596345037       -0.34969995535150       -1.45744901841702
17
 energy: -20.873059089332 gnorm: 0.000066045277 xtb: 6.7.1 (edcfbbe)
C            2.90758792016663       -0.04861398629144       -0.66997651788028
C            1.87392529133993       -0.70493011602661        0.23876857616825
C            0.96109233641867        0.29924246084412        0.94518179607971
C            0.12347118797008        1.17821864383314        0.01394253253968
C           -0.85303654263433        0.40906074064800       -0.85728937533863
Cl          -2.07629577942818       -0.46080490698154        0.13918545556396
H            3.47326350485128        0.70081965625123       -0.12116608031985
H            2.43474244653438        0.42993867922653       -1.52328900616921
H            3.60308272860327       -0.79538321162061       -1.04545428761701
H            1.27468884558697       -1.41154825691384       -0.33780335128623
H            2.39455601437185       -1.28011682371109        1.00784908189244
H            1.57527917942704        0.95456290648256        1.56613386338190
H            0.28802572289247       -0.24835863360015        1.60857648517920
H            0.77867081732088        1.74164581247041       -0.65155769925930
H           -0.43243170662378        1.89495890332888        0.62111077056805
H           -1.41836531659380        1.08001556769681       -1.50125369762394
H           -0.35704975592919       -0.35170512691677       -1.45557864497718
17
 energy: -20.873059891157 gnorm: 0.000064866005 xtb: 6.7.1 (edcfbbe)
C            2.90872036881707       -0.04812254185303       -0.66928730132993
C            1.87428828567756       -0.70504893859735        0.23815981323002
C            0.96088023450634        0.29863057071109        0.94453757331383
C            0.12362270687629        1.17788587803759        0.01325066738528
C           -0.85423784854317        0.40899825739682       -0.85668065007565
Cl          -2.07884523544945       -0.45735920047399        0.14123312468573
H            3.47356749248182        0.70132509388410       -0.11965232070665
H            2.43662461604579        0.43054590619895       -1.52294774244856
H            3.60487378134595       -0.79452147783689       -1.04427376741539
H            1.27552741278346       -1.41125738869596       -0.33939623130364
H            2.39430441665812       -1.28076723315286        1.00725633144302
H            1.57471793442143        0.95375297147751        1.56602967275487
H            0.28755225188437       -0.24928713226878        1.60741216969025
H            0.77896742783427        1.74021227332899       -0.65303768148412
H           -0.43124792689395        1.89557920833477        0.62022948741619
H           -1.41855727807810        1.07990052407961       -1.50157469142031
H           -0.35955174609363       -0.35346446185094       -1.45387855283338
17
 energy: -20.873060546447 gnorm: 0.000061546806 xtb: 6.7.1 (edcfbbe)
C            2.90968966870988       -0.04771034537408       -0.66867098073970
C            1.87458972468066       -0.70514789359303        0.23764359658060
C            0.96076894122104        0.29819001741598        0.94399437668304
C            0.12368460743488        1.17755948136414        0.01266854212643
C           -0.85528914061105        0.40894512990710       -0.85626185503494
Cl          -2.08087262952854       -0.45442622350667        0.14303884639406
H            3.47404112657961        0.70149737329611       -0.11820202663238
H            2.43829095431307        0.43133768225518       -1.52250766215491
H            3.60620040350436       -0.79388816615529       -1.04342180525857
H            1.27626564622914       -1.41100083505010       -0.34080300322384
H            2.39405157127572       -1.28132462894933        1.00677303564633
H            1.57429565275963        0.95315943339081        1.56596295275648
H            0.28722174273624       -0.25001570526626        1.60640437361268
H            0.77911577077298        1.73895620542675       -0.65430160525796
H           -0.43026675842385        1.89608070853584        0.61950892854856
H           -1.41883344066017        1.07976762919929       -1.50191357927374
H           -0.36174694671940       -0.35497755417682       -1.45253223387059
17
 energy: -20.873061093465 gnorm: 0.000056388171 xtb: 6.7.1 (edcfbbe)
C            2.91058185862646       -0.04738732522346       -0.66809195143775
C            1.87479369172513       -0.70520076915699        0.23716576339550
C            0.96064250735043        0.29784655020735        0.94350156399456
C            0.12374840398617        1.17734704921421        0.01212994747794
C           -0.85619193672906        0.40885962254803       -0.85582388450470
Cl          -2.08255116901524       -0.45218293333270        0.14453744893370
H            3.47473039198677        0.70140187424621       -0.11683214938401
H            2.43978214302680        0.43224540199405       -1.52192338068305
H            3.60717967350469       -0.79346213312889       -1.04288792546552
H            1.27679068042973       -1.41068952166314       -0.34205662451909
H            2.39372576492731       -1.28181924484406        1.00631997736621
H            1.57394803691217        0.95272425040488        1.56577772785505
H            0.28697841949884       -0.25057644177155        1.60561823205053
H            0.77920950133987        1.73798547770744       -0.65544924798690
H           -0.42946898728447        1.89653123013725        0.61885230392416
H           -1.41911710833633        1.07960365725447       -1.50209598741480
H           -0.36357497767509       -0.35622443587347       -1.45136191270025
17
 energy: -20.873061573379 gnorm: 0.000053636494 xtb: 6.7.1 (edcfbbe)
C            2.91140736914916       -0.04714896355500       -0.66755754104088
C            1.87495763695343       -0.70522992665939        0.23675148780228
C            0.96057221943189        0.29762940215985        0.94305514567223
C            0.12372093469719        1.17714971156036        0.01167044083356
C           -0.85700309182338        0.40875982527683       -0.85547788558805
Cl          -2.08386270632193       -0.45039391621555        0.14589034945227
H            3.47558337071180        0.70101823953555       -0.11549021674519
H            2.44119598576266        0.43329679784651       -1.52125766094881
H            3.60790508034253       -0.79320463834354       -1.04257552783224
H            1.27717295503127       -1.41029188076629       -0.34320705871850
H            2.39333142540546       -1.28235690822820        1.00590243195554
H            1.57373784448449        0.95244742949044        1.56552930593686
H            0.28681223597950       -0.25090748257508        1.60497695454691
H            0.77917993620156        1.73713989072515       -0.65644542033735
H           -0.42888185869765        1.89690420276261        0.61827395214571
H           -1.41950934984776        1.07941726549228       -1.50220353791960
H           -0.36511309318603       -0.35722673978691       -1.45045531831318
17
 energy: -20.873062022696 gnorm: 0.000052077088 xtb: 6.7.1 (edcfbbe)
C            2.91220131228291       -0.04696142931208       -0.66700686294920
C            1.87502362493079       -0.70524072580599        0.23631605015586
C            0.96052860462052        0.29751117230855        0.94263537736036
C            0.12368728099550        1.17701293719671        0.01122366591858
C           -0.85774338514347        0.40863320074080       -0.85514594330393
Cl          -2.08489784917813       -0.44902363181820        0.14713673528109
H            3.47657277159427        0.70041794425020       -0.11406772341861
H            2.44260850935263        0.43447580458126       -1.52048964115075
H            3.60843153653531       -0.79308936166389       -1.04237961259798
H            1.27741602991807       -1.40983172688185       -0.34439960223885
H            2.39280267917893       -1.28291351729697        1.00545608294962
H            1.57361215207264        0.95232473098633        1.56519603903365
H            0.28674970112346       -0.25110479923128        1.60447514791981
H            0.77908915602335        1.73644681509476       -0.65741461498824
H           -0.42835258577165        1.89726100026312        0.61775329231099
H           -1.42000223930631        1.07918317433668       -1.50219295283896
H           -0.36652040495464       -0.35809927902853       -1.44971553654187
17
 energy: -20.873062462357 gnorm: 0.000049938917 xtb: 6.7.1 (edcfbbe)
C            2.91304624159161       -0.04682974770099       -0.66642493679931
C            1.87507163868272       -0.70524105224922        0.23588463139787
C            0.96050648548424        0.29745172359715        0.94218558575575
C            0.12358757272611        1.17689450136514        0.01078357446957
C           -0.85851326470794        0.40851938328943       -0.85482550048040
Cl          -2.08574017977663       -0.44795129070384        0.14838555627788
H            3.47773615260850        0.69962946762291       -0.11256528140797
H            2.44410958646511        0.43575918617928       -1.51961438284915
H            3.60888703198292       -0.79308615330194       -1.04226693647341
H            1.27755561687459       -1.40926629838308       -0.34560133707848
H            2.39217996675732       -1.28354821163792        1.00500037389633
H            1.57358592474197        0.95227011962762        1.56474116280028
H            0.28674102462339       -0.25117012464923        1.60403195353135
H            0.77890067333059        1.73580597945998       -0.65837363866111
H           -0.42794688593511        1.89760263620023        0.61722537736043
H           -1.42064271250633        1.07896920426511       -1.50209182621885
H           -0.36785797866888       -0.35880701426100       -1.44909447461921
17
 energy: -20.873062897261 gnorm: 0.000047739516 xtb: 6.7.1 (edcfbbe)
C            2.91392037710900       -0.04673139034806       -0.66581047478219
C            1.87505540758468       -0.70522731609083        0.23540635889905
C            0.96050443024434        0.29746024019455        0.94173613971657
C            0.12348542406229        1.17679624733120        0.01032635325099
C           -0.85927558499766        0.40836661350850       -0.85449396421123
Cl          -2.08646666814006       -0.44707818825283        0.14964036613453
H            3.47900878447918        0.69867530376826       -0.11094329510136
H            2.44572125614812        0.43715187601496       -1.51867431686538
H            3.60930138900245       -0.79316263425675       -1.04215795375540
H            1.27763234543678       -1.40863824400067       -0.34691666671146
H            2.39142163214076       -1.28422852099606        1.00449660432255
H            1.57359726936868        0.95233158257222        1.56422546281280
H            0.28677760478627       -0.25113481297653        1.60364411245963
H            0.77867428311508        1.73521062858811       -0.65936854805626
H           -0.42753158708385        1.89794251185677        0.61671695175099
H           -1.42142572226242        1.07871889647069       -1.50183774405413
H           -0.36919374671944       -0.35945048466391       -1.44860948490814
17
 energy: -20.873063316307 gnorm: 0.000045478104 xtb: 6.7.1 (edcfbbe)
C            2.91483432037967       -0.04665556053014       -0.66515338230931
C            1.87504088372062       -0.70522523822707        0.23493272211668
C            0.96050619077303        0.29748022272807        0.94124252101181
C            0.12334896208530        1.17672073047220        0.00985347078806
C           -0.86009213982126        0.40826096343394       -0.85416879351165
Cl          -2.08704300368962       -0.44638360188422        0.15094551763165
H            3.48034394086937        0.69766808521941       -0.10925472794096
H            2.44740725087749        0.43855533652168       -1.51768315456301
H            3.60971395755733       -0.79328833816252       -1.04202657009955
H            1.27766188006312       -1.40796140926335       -0.34824222538598
H            2.39062850730573       -1.28496615985836        1.00398967088990
H            1.57366620121516        0.95238911724890        1.56362260191009
H            0.28685121146542       -0.25106785753420        1.60326267588299
H            0.77839413328011        1.73463525579029       -0.66039884616579
H           -0.42716208075422        1.89830652984759        0.61618052373633
H           -1.42233230977931        1.07851561605688       -1.50153835980185
H           -0.37056101127376       -0.35998138313950       -1.44818374328782
17
 energy: -20.873063701936 gnorm: 0.000043298263 xtb: 6.7.1 (edcfbbe)
C            2.91574405731093       -0.04659979523577       -0.66451899739476
C            1.87500051015128       -0.70520276582517        0.23444047361626
C            0.96051288336300        0.29752238674226        0.94078050625353
C            0.12322652950679        1.17663272376669        0.00939184859935
C           -0.86088074418090        0.40812589172939       -0.85383545150808
Cl          -2.08760709686954       -0.44575165894938        0.15221665114780
H            3.48163095897901        0.69667274790037       -0.10760109608165
H            2.44909721919691        0.43990172922793       -1.51673805115393
H            3.61016897625402       -0.79341807504907       -1.04186821216810
H            1.27768192380502       -1.40727844080923       -0.34958585541358
H            2.38979326263442       -1.28567809938575        1.00347334172862
H            1.57371985681709        0.95249050400543        1.56305413092336
H            0.28689955723956       -0.25095693738054        1.60289729914288
H            0.77813952826582        1.73404459548976       -0.66140612640311
H           -0.42676647050811        1.89865730626250        0.61566573295521
H           -1.42326656620471        1.07831306804823       -1.50114719255033
H           -0.37188749148642       -0.36047287181803       -1.44783910079188
17
 energy: -20.873064040317 gnorm: 0.000041782079 xtb: 6.7.1 (edcfbbe)
C            2.91657221528031       -0.04652597573086       -0.66390474486687
C            1.87498024047018       -0.70521906504710        0.23400153554869
C            0.96051635347046        0.29753726053150        0.94031756864572
C            0.12312106984363        1.17657312971489        0.00894346810630
C           -0.86163412458415        0.40803948523971       -0.85352589673722
Cl          -2.08809046962257       -0.44516139347311        0.15343352637781
H            3.48277029895539        0.69581607707520       -0.10606084735122
H            2.45066434567199        0.44110501484103       -1.51588433920058
H            3.61061143979913       -0.79350874438731       -1.04162920121390
H            1.27771217103206       -1.40667132711952       -0.35082053845160
H            2.38905266311814       -1.28637803705488        1.00300206277036
H            1.57377527863887        0.95253756333739        1.56250413148231
H            0.28696587692263       -0.25090693054380        1.60252745451056
H            0.77790491713059        1.73350053562455       -0.66238582383745
H           -0.42638262868770        1.89901914343525        0.61515846706742
H           -1.42416550550706        1.07815339371121       -1.50078625354097
H           -0.37316724765770       -0.36090782143453       -1.44751066840777
17
 energy: -20.873064330069 gnorm: 0.000041193035 xtb: 6.7.1 (edcfbbe)
C            2.91734430383726       -0.04646921021109       -0.66337845471146
C            1.87496607211565       -0.70519656877926        0.23358564274308
C            0.96049847160645        0.29752949719004        0.93993584448632
C            0.12303574425617        1.17648230423507        0.00854968643927
C           -0.86232299830832        0.40795834230646       -0.85324325376513
Cl          -2.08859264270200       -0.44454518376216        0.15454310682672
H            3.48372097107570        0.69512350322989       -0.10471878879840
H            2.45207724413889        0.44209273642860       -1.51516806221964
H            3.61111672267731       -0.79355899855338       -1.04139289831197
H            1.27776827887067       -1.40611186092735       -0.35194525478299
H            2.38839218391625       -1.28695151564564        1.00256307526330
H            1.57378446157523        0.95255325363734        1.56207087301599
H            0.28695856429194       -0.25087461579839        1.60218996095500
H            0.77773563438176        1.73293882072904       -0.66324929032520
H           -0.42599153511302        1.89933805976624        0.61470584413445
H           -1.42493925530947        1.07802598362029       -1.50048028166841
H           -0.37434532703628       -0.36133223874609       -1.44718784837935
17
 energy: -20.873064578850 gnorm: 0.000039495870 xtb: 6.7.1 (edcfbbe)
C            2.91798199303807       -0.04637080099952       -0.66290321774656
C            1.87497907936776       -0.70523425654482        0.23323613548135
C            0.96049840788286        0.29749366395915        0.93956142570603
C            0.12298554606177        1.17641599505247        0.00818997615650
C           -0.86292449405588        0.40788767473392       -0.85297152982953
Cl          -2.08912872772661       -0.44387286441419        0.15553016068437
H            3.48446113243089        0.69463246728165       -0.10356634148790
H            2.45328984564125        0.44291476723462       -1.51459370763759
H            3.61158490998261       -0.79353063823740       -1.04107924870275
H            1.27785748370082       -1.40569086346322       -0.35291890729158
H            2.38785912434429       -1.28749679145262        1.00219636978881
H            1.57377388865836        0.95252462417399        1.56169956153938
H            0.28696869151381       -0.25091508085969        1.60181747347314
H            0.77761871884058        1.73243509459686       -0.66403582466136
H           -0.42561446572923        1.89964827354650        0.61428423742868
H           -1.42557362705129        1.07791366647944       -1.50021993355815
H           -0.37541061262588       -0.36175262236753       -1.44684672844124
17
 energy: -20.873064799232 gnorm: 0.000037288708 xtb: 6.7.1 (edcfbbe)
C            2.91856347779391       -0.04627674502223       -0.66250317073146
C            1.87500927997828       -0.70523688497275        0.23292061525344
C            0.96045980317426        0.29741320683732        0.93926476870133
C            0.12295610406975        1.17632415359703        0.00786926152851
C           -0.86347500687170        0.40784908643057       -0.85274454705731
Cl          -2.08967276623199       -0.44310954484506        0.15644376043764
H            3.48503374515109        0.69429565394951       -0.10258774100917
H            2.45434770494575        0.44355237343653       -1.51413996517859
H            3.61210271944695       -0.79345441797453       -1.04076371897430
H            1.27798519772181       -1.40531608476927       -0.35377963813931
H            2.38743711646467       -1.28792571699468        1.00185668275908
H            1.57372145026643        0.95242738150364        1.56143227555684
H            0.28692093264754       -0.25102040025411        1.60149521018520
H            0.77754478928956        1.73193022661240       -0.66474173870303
H           -0.42523338992486        1.89991537118306        0.61390358441245
H           -1.42607946084661        1.07783104379079       -1.50007891847864
H           -0.37641480280063       -0.36219639378861       -1.44646681966107
17
 energy: -20.873065003555 gnorm: 0.000035971203 xtb: 6.7.1 (edcfbbe)
C            2.91908781843360       -0.04615874423974       -0.66214249944504
C            1.87506364687993       -0.70526467320833        0.23262686045648
C            0.96043334072980        0.29731124588067        0.93897219006142
C            0.12294294677565        1.17622939439752        0.00758055290388
C           -0.86398527748086        0.40780038573571       -0.85250782390055
Cl          -2.09032968926547       -0.44223917170251        0.15728488680795
H            3.48546803495540        0.69410893422117       -0.10173009961315
H            2.45529389185996        0.44407101539436       -1.51377554482422
H            3.61264035862384       -0.79331801071877       -1.04041690877622
H            1.27815277169587       -1.40502481228868       -0.35456772910900
H            2.38709562947482       -1.28831570458000        1.00155155862662
H            1.57363656854655        0.95230243741625        1.56122174974111
H            0.28684987209033       -0.25116164490697        1.60112129141492
H            0.77752621917187        1.73142267611561       -0.66537255397776
H           -0.42484661813624        1.90017666917380        0.61355190373308
H           -1.42645148961320        1.07774947752854       -1.49999525460472
H           -0.37737113046764       -0.36268716549901       -1.44602267859320
17
 energy: -20.873065202567 gnorm: 0.000034851190 xtb: 6.7.1 (edcfbbe)
C            2.91957460183100       -0.04601135697302       -0.66180776971341
C            1.87513855085688       -0.70529549005523        0.23235394094612
C            0.96038852273152        0.29716446606643        0.93870594445633
C            0.12295629778163        1.17611752358564        0.00729007874213
C           -0.86447470820563        0.40776451870606       -0.85228671717004
Cl          -2.09105775644291       -0.44119765868876        0.15812604569814
H            3.48580501526545        0.69402901879523       -0.10094594223805
H            2.45617615299041        0.44452335758138       -1.51348322970963
H            3.61321180876052       -0.79311730016452       -1.04002746423977
H            1.27836224797553       -1.40477402803172       -0.35530974985532
H            2.38681592565512       -1.28867426484671        1.00126585642057
H            1.57352299842340        0.95211152438324        1.56106863670852
H            0.28676591240297       -0.25138923208505        1.60075043153660
H            0.77752862525174        1.73090285795784       -0.66600983838709
H           -0.42443804880417        1.90041843346909        0.61319350799585
H           -1.42673946439583        1.07767233940785       -1.49999101417922
H           -0.37832978780345       -0.36324240038813       -1.44551281611013
17
 energy: -20.873065402000 gnorm: 0.000033503943 xtb: 6.7.1 (edcfbbe)
C            2.92006919119768       -0.04585009478772       -0.66147803439079
C            1.87523766643661       -0.70533390361987        0.23207272859999
C            0.96033900435620        0.29699319034011        0.93842748338099
C            0.12297160580032        1.17599848203996        0.00701069256826
C           -0.86497786849535        0.40772898993014       -0.85204857471910
Cl          -2.09190662989674       -0.44001649625227        0.15896940550246
H            3.48607933142335        0.69403673666632       -0.10018828555525
H            2.45703319950483        0.44491265533217       -1.51321712472356
H            3.61384579742845       -0.79287318329588       -1.03960743167312
H            1.27862104999171       -1.40455777617216       -0.35605576660863
H            2.38659653226229       -1.28901463832530        1.00096593011916
H            1.57337247243621        0.95188885652021        1.56094296580160
H            0.28664274944789       -0.25164695767215        1.60032439240857
H            0.77757013978085        1.73034524640399       -0.66662100971070
H           -0.42400108023060        1.90067807602260        0.61284316252226
H           -1.42695046799765        1.07758947502379       -1.50005386978802
H           -0.37933579917184       -0.36387634943432       -1.44490676283254
17
 energy: -20.873065602094 gnorm: 0.000032344789 xtb: 6.7.1 (edcfbbe)
C            2.92055829321128       -0.04565516750781       -0.66115490135591
C            1.87535122091100       -0.70537426444689        0.23179258099670
C            0.96028190307824        0.29678637470525        0.93815799338606
C            0.12301062682808        1.17585219163980        0.00671174772156
C           -0.86548754260050        0.40768808929143       -0.85180705497779
Cl          -2.09285019235648       -0.43866761605325        0.15985589587343
H            3.48631337082055        0.69410569361542       -0.09944207560365
H            2.45790120597961        0.44530485533731       -1.51298796598080
H            3.61451464707492       -0.79257409358392       -1.03915743459891
H            1.27890788088269       -1.40434975793191       -0.35680451840677
H            2.38637564351459       -1.28935090047336        1.00068413534203
H            1.57320290163060        0.95161568635781        1.56085343943659
H            0.28651306702092       -0.25197348747612        1.59988284175668
H            0.77762676279886        1.72974791996848       -0.66727154326316
H           -0.42352760605833        1.90092365204289        0.61246496294628
H           -1.42710971462418        1.07750321157273       -1.50016204366522
H           -0.38037557383764       -0.36458007833823       -1.44423615870552
17
 energy: -20.873065748208 gnorm: 0.000032187432 xtb: 6.7.1 (edcfbbe)
C            2.92101272399774       -0.04558684371861       -0.66085949019730
C            1.87542376611373       -0.70542428509851        0.23155280166207
C            0.96024827326886        0.29668063247588        0.93786942134392
C            0.12298242949570        1.17578951888759        0.00645825611807
C           -0.86593840823120        0.40769627047825       -0.85163973123753
Cl          -2.09334998040564       -0.43792106706728        0.16057793955579
H            3.48662567121210        0.69399023428929       -0.09875562611022
H            2.45871198041060        0.44562013526837       -1.51274113225631
H            3.61505835878792       -0.79246924951537       -1.03877227355824
H            1.27910990595119       -1.40422924893749       -0.35738048975947
H            2.38618855274646       -1.28960187173433        1.00046328487660
H            1.57313485251644        0.95147236350142        1.56063572138772
H            0.28643192990085       -0.25210125918826        1.59952602470240
H            0.77757312390042        1.72942064109830       -0.66776641305977
H           -0.42326529200034        1.90108449706430        0.61220578851547
H           -1.42750740238514        1.07750078174922       -1.50005078478086
H           -0.38123359100544       -0.36491894083315       -1.44394339630075
17
 energy: -20.873065892044 gnorm: 0.000030800001 xtb: 6.7.1 (edcfbbe)
C            2.92142626808161       -0.04547609466469       -0.66058799011620
C            1.87548918724725       -0.70543857081934        0.23132498706045
C            0.96021556467901        0.29656806386326        0.93765324993282
C            0.12299274934123        1.17569309320954        0.00622057987173
C           -0.86635953974971        0.40766847231230       -0.85144781917879
Cl          -2.09395523883470       -0.43710489979559        0.16125460485176
H            3.48689884706348        0.69392339231782       -0.09810835363169
H            2.45946250758565        0.44597079808118       -1.51251453079834
H            3.61554561473765       -0.79232032787376       -1.03844123214429
H            1.27930165993892       -1.40400731716286       -0.35801241291089
H            2.38594135282021       -1.28988718193070        1.00023976545850
H            1.57303334281517        0.95133533260042        1.56051378334537
H            0.28636224387002       -0.25228267895723        1.59921592409539
H            0.77757307751860        1.72898050075947       -0.66829313348766
H           -0.42290487299297        1.90128757050327        0.61192729609889
H           -1.42776070466272        1.07745120917632       -1.50002632001915
H           -0.38205516518451       -0.36535905289979       -1.44353849752629
17
 energy: -20.873066041756 gnorm: 0.000029560075 xtb: 6.7.1 (edcfbbe)
C            2.92184334204813       -0.04532018159643       -0.66028614417768
C            1.87555649551201       -0.70546284872278        0.23108573931521
C            0.96017696896251        0.29643222505957        0.93743157592227
C            0.12300510164627        1.17558870937956        0.00598609632216
C           -0.86677475557154        0.40761722643980       -0.85123221427092
Cl          -2.09465638780782       -0.43613119545338        0.16198078108797
H            3.48718995381448        0.69389908037175       -0.09744369670026
H            2.46018801628493        0.44637446556166       -1.51223763273906
H            3.61602214168193       -0.79211566960372       -1.03812232871502
H            1.27946770524193       -1.40374325263353       -0.35869087295941
H            2.38569481320828       -1.29024194429983        0.99995677480518
H            1.57290951533830        0.95116411332917        1.56041199379271
H            0.28628668734470       -0.25250404696226        1.59888459260081
H            0.77760421369705        1.72844656746548       -0.66885787819589
H           -0.42251322499677        1.90155341440904        0.61159231934712
H           -1.42792637889373        1.07735319962902       -1.50007470473649
H           -0.38286731323644       -0.36590755365352       -1.44300449979711
17
 energy: -20.873066193081 gnorm: 0.000029051153 xtb: 6.7.1 (edcfbbe)
C            2.92226866633221       -0.04515472000400       -0.65999430158395
C            1.87562200085493       -0.70547259198011        0.23082758270175
C            0.96013047979983        0.29628419783557        0.93722483690448
C            0.12304386485961        1.17546199623400        0.00572749264990
C           -0.86720400093646        0.40755678363916       -0.85101003705588
Cl          -2.09543634214533       -0.43503480367455        0.16274194033369
H            3.48746989427418        0.69385415055651       -0.09673532798996
H            2.46094183587493        0.44683319583031       -1.51195701640414
H            3.61652666804505       -0.79188165775399       -1.03782153463091
H            1.27965554358990       -1.40347688524380       -0.35939829966308
H            2.38544383151487       -1.29057907575613        0.99965403559689
H            1.57277967941601        0.95096878059674        1.56033734828313
H            0.28618208833106       -0.25273483748872        1.59855333744970
H            0.77767388523667        1.72789949175339       -0.66943319457105
H           -0.42209144578809        1.90179045761059        0.61123359782728
H           -1.42807079221834        1.07722013347202       -1.50017170429438
H           -0.38372896276681       -0.36653230690738       -1.44239885465188
17
 energy: -20.873066338485 gnorm: 0.000028671096 xtb: 6.7.1 (edcfbbe)
C            2.92268896699669       -0.04498475027082       -0.65969532715859
C            1.87570727946357       -0.70551301933070        0.23057954261011
C            0.96009106032761        0.29612961227468        0.93697593461530
C            0.12306046111585        1.17535533029383        0.00547491036349
C           -0.86763093165732        0.40749780175567       -0.85079416525824
Cl          -2.09622741957975       -0.43389780030324        0.16351497693526
H            3.48775814252083        0.69380954880345       -0.09601947240499
H            2.46169553815945        0.44729679251745       -1.51166908174223
H            3.61701215757742       -0.79164875050717       -1.03752100893141
H            1.27987537814391       -1.40326176354661       -0.36008203721788
H            2.38522462246565       -1.29091680346651        0.99938370302646
H            1.57265067470832        0.95076802585845        1.56022408561187
H            0.28609221893635       -0.25297950172140        1.59817682726233
H            0.77770418702159        1.72739090310925       -0.66999593414712
H           -0.42169868233612        1.90203389835654        0.61090257183102
H           -1.42819202975217        1.07709484753136       -1.50028503276573
H           -0.38460472983771       -0.36717206263461       -1.44179059172806
17
 energy: -20.873066472704 gnorm: 0.000027438039 xtb: 6.7.1 (edcfbbe)
C            2.92312761420894       -0.04484253480013       -0.65940916990036
C            1.87579101722194       -0.70552920720567        0.23033099686007
C            0.96004487245296        0.29598043299007        0.93674942526695
C            0.12306981236117        1.17523595057585        0.00522824796674
C           -0.86806204497755        0.40745535730313       -0.85059566843921
Cl          -2.09700408060721       -0.43280342695336        0.16424295902165
H            3.48808393392807        0.69374268412185       -0.09534510616666
H            2.46243078641187        0.44772763604590       -1.51137333533457
H            3.61750519959931       -0.79144911444017       -1.03725084398695
H            1.28009511023652       -1.40306240812583       -0.36072102798121
H            2.38503377504074       -1.29119041115992        0.99911753356413
H            1.57252780854061        0.95057599686797        1.56011711700292
H            0.28599391151148       -0.25320596001775        1.59783437386969
H            0.77771360036605        1.72691747062471       -0.67052915398497
H           -0.42134784261568        1.90222106757314        0.61059318369862
H           -1.42833656929300        1.07699433634397       -1.50039453794654
H           -0.38546001011204       -0.36776556102414       -1.44121509260869
17
 energy: -20.873066594068 gnorm: 0.000026155626 xtb: 6.7.1 (edcfbbe)
C            2.92352716350668       -0.04471162208225       -0.65914422641102
C            1.87588123868521       -0.70556110166570        0.23011237334800
C            0.96001343229704        0.29585253194014        0.93651372814948
C            0.12307276989850        1.17514007169960        0.00499292889428
C           -0.86846776822741        0.40741277709579       -0.85040786264160
Cl          -2.09771594660368       -0.43181065683304        0.16492055716004
H            3.48839428718208        0.69364157656228       -0.09468993123226
H            2.46314559472348        0.44816484987719       -1.51110526738847
H            3.61794413987096       -0.79127808121745       -1.03699061740082
H            1.28032055621996       -1.40288694797475       -0.36131878130123
H            2.38484985758363       -1.29146678630118        0.99889612952823
H            1.57241712256268        0.95041513845461        1.55999291306562
H            0.28591767818626       -0.25340688950821        1.59749177701797
H            0.77771260262165        1.72650528686893       -0.67102612724551
H           -0.42102803432500        1.90239934610011        0.61031291075029
H           -1.42850313703370        1.07689926231613       -1.50046444116290
H           -0.38627466287414       -0.36830644661257       -1.44070616222850
17
 energy: -20.873066703349 gnorm: 0.000025088783 xtb: 6.7.1 (edcfbbe)
C            2.92391976816128       -0.04460005379305       -0.65888225253682
C            1.87594519731092       -0.70557845908267        0.22989235550742
C            0.95997643654146        0.29573934285000        0.93629912679256
C            0.12306516563195        1.17504991430851        0.00477403707963
C           -0.86884918216470        0.40737576614522       -0.85024117190671
Cl          -2.09831739598108       -0.43094207050737        0.16557401645468
H            3.48872261705870        0.69352905222800       -0.09406520115851
H            2.46382719522766        0.44857092091328       -1.51082505902379
H            3.61834801445740       -0.79113967637468       -1.03676191329255
H            1.28049984470806       -1.40270704093392       -0.36188776792268
H            2.38465421440665       -1.29171227840961        0.99867298218849
H            1.57232019949478        0.95027448735405        1.55986569306702
H            0.28584785250225       -0.25358283971542        1.59719249048371
H            0.77769139078698        1.72611452459395       -0.67149966191274
H           -0.42073380726106        1.90257107645756        0.61005228925955
H           -1.42868259528485        1.07682096435174       -1.50051379022073
H           -0.38702802132220       -0.36878132166598       -1.44026627195692
17
 energy: -20.873066802891 gnorm: 0.000024369548 xtb: 6.7.1 (edcfbbe)
C            2.92428892038900       -0.04450451896239       -0.65863221108704
C            1.87600487298016       -0.70559590353917        0.22969291888125
C            0.95995262809153        0.29565083264205        0.93609311913408
C            0.12306182093237        1.17497336731404        0.00456167051668
C           -0.86921503019625        0.40734146416260       -0.85007028693318
Cl          -2.09886237614507       -0.43020797496392        0.16616539770365
H            3.48904897794020        0.69338312878538       -0.09345891092235
H            2.46448044883572        0.44897932688504       -1.51054812436612
H            3.61871372936524       -0.79102761681138       -1.03655074853667
H            1.28065465839144       -1.40251110810655       -0.36243106333872
H            2.38445065339252       -1.29197501964969        0.99846096870962
H            1.57224662001485        0.95016216838516        1.55973218694670
H            0.28579310215236       -0.25371560740390        1.59691731971541
H            0.77767735103990        1.72575394139571       -0.67195332882628
H           -0.42046495437023        1.90273799832522        0.60979010344453
H           -1.42890103082303        1.07674387780653       -1.50051340894153
H           -0.38772349771650       -0.36918604754511       -1.43987570119841
