----------------------------------------------- 
  Element       SASA      Sigma Z        Total  
     Z         Ang**2 cal/Ang**2/mol   kcal/mol 
----------------------------------------------- 
      H        142.624      48.690       6.944
      C         35.820     129.740       4.647
      O         31.753       0.000       0.000

 Subtotal:     210.196                  11.592
 -----------------------------------------------

  Elements    COT*SASA   Sigma Z,Z'     Total   
    Z,Z'       Ang**2  cal/Ang**2/mol kcal/mol  
 ---------------------------------------------- 
  H   C         95.894     -60.770      -5.827
  H   O          0.000       0.000       0.000
  C   C         26.524     -72.950      -1.935
  O   C         16.182      68.690       1.112
  O   O          0.000       0.000       0.000

 Subtotal:                              -6.651
 ---------------------------------------------- 

 NONAQUEOUS SOLVENT CONTRIBUTION (kcal/mol):
 (proportional to SASA, atomic number independent)
 ---------------------------------------------- 
 Subtotal:                               0.000
 ---------------------------------------------- 

 CDS TOTAL (kcal/mol):                   4.941
...............................................................................
