----------------------------------------------- 
  Element       SASA      Sigma Z        Total  
     Z         Ang**2 cal/Ang**2/mol   kcal/mol 
----------------------------------------------- 
      H        126.011      48.690       6.135
      C         20.378     129.740       2.644
      N         11.921       0.000       0.000

 Subtotal:     158.310                   8.779
 -----------------------------------------------

  Elements    COT*SASA   Sigma Z,Z'     Total   
    Z,Z'       Ang**2  cal/Ang**2/mol kcal/mol  
 ---------------------------------------------- 
  H   C         68.937     -60.770      -4.189
  C   C         16.948     -72.950      -1.236
  C   N          1.748       0.000       0.000
  N   C         38.468     -48.220      -1.855
  N  C(3)        0.000      84.100       0.000

 Subtotal:                              -7.281
 ---------------------------------------------- 

 NONAQUEOUS SOLVENT CONTRIBUTION (kcal/mol):
 (proportional to SASA, atomic number independent)
 ---------------------------------------------- 
 Subtotal:                               0.000
 ---------------------------------------------- 

 CDS TOTAL (kcal/mol):                   1.499
...............................................................................
