11
 energy: -18.587474902558 gnorm: 0.026066456955 xtb: 6.7.1 (edcfbbe)
C           -0.00029085400170        1.29035916154582        0.00081108664642
C           -0.93075245550724        0.49066451741659       -0.88089105644559
Cl          -2.03787661078540       -0.60079443079833        0.10764522547161
C            0.93034364421929        0.48950209167365        0.88127129427031
Cl           2.03773049508101       -0.60017025436863       -0.10894861441844
H            0.57975146743072        1.94363311772285       -0.66306370204981
H           -0.58048173243643        1.94246232724497        0.66570647410097
H           -1.59032789481930        1.14534089160292       -1.45090880725785
H           -0.39248170984899       -0.17201416293788       -1.56005360753953
H            0.39222126856789       -0.17435469378478        1.55939781877376
H            1.58976991383438        1.14343751283651        1.45230812131314
11
 energy: -18.588535693018 gnorm: 0.015609621096 xtb: 6.7.1 (edcfbbe)
C           -0.00029359170501        1.30614634934730        0.00082550998245
C           -0.92222722020767        0.48906771039083       -0.87666310725574
Cl          -2.01915233414855       -0.57444467707555        0.11903411897039
C            0.92182221167832        0.48791219059607        0.87704280436894
Cl           2.01899032534565       -0.57380579110780       -0.12030593343874
H            0.58869945888510        1.94806548301711       -0.66042608796490
H           -0.58943211716295        1.94690113014016        0.66307666884820
H           -1.58834628857212        1.12618953641270       -1.45430410598771
H           -0.37701403908455       -0.18997693761708       -1.53017476632440
H            0.37676163878286       -0.19227264626576        1.52949413904892
H            1.58779748792314        1.12428373031573        1.45567499261758
11
 energy: -18.588951732902 gnorm: 0.004400492710 xtb: 6.7.1 (edcfbbe)
C           -0.00029590591051        1.31594674727484        0.00083422333543
C           -0.92222022818877        0.48320800106473       -0.86901082771017
Cl          -2.01366326335015       -0.54708848273886        0.13446282128704
C            0.92181757826251        0.48206358169833        0.86938126407923
Cl           2.01349139200004       -0.54642615593890       -0.13569492963925
H            0.59305101834519        1.95023992939570       -0.65843966486773
H           -0.59378645473218        1.94907915620542        0.66109421119640
H           -1.57797361152068        1.11131543985051       -1.46585719340948
H           -0.36289129420715       -0.20370457549243       -1.50049781920355
H            0.36264487533596       -0.20595657256136        1.49979961546272
H            1.57743142569997        1.10938900939574        1.46720253233434
11
 energy: -18.589026638855 gnorm: 0.001432821207 xtb: 6.7.1 (edcfbbe)
C           -0.00029568445274        1.31544637227221        0.00083398988978
C           -0.92531849526375        0.47916903544469       -0.86627544156553
Cl          -2.02626873236712       -0.52899567341983        0.14047230858537
C            0.92491705931101        0.47802941991906        0.86664004136799
Cl           2.02609075040407       -0.52831972389768       -0.14167861791343
H            0.59114302625319        1.94974547253131       -0.65964763155411
H           -0.59187725058610        1.94858340676680        0.66230201726442
H           -1.56934045855934        1.10765939632417       -1.47639611397031
H           -0.36309360243362       -0.21336613960384       -1.48985900513537
H            0.36284928267745       -0.21560070847217        1.48914746465397
H            1.56879963675118        1.10571522028898        1.47773522124222
11
 energy: -18.589069282471 gnorm: 0.002195246439 xtb: 6.7.1 (edcfbbe)
C           -0.00029538636831        1.31248678400957        0.00083125248064
C           -0.92957845984866        0.47579985183906       -0.86354769357539
Cl          -2.04788568921518       -0.50841150107905        0.14414434968120
C            0.92917777463374        0.47466483437749        0.86390602032653
Cl           2.04770493371726       -0.50772632144255       -0.14531562975856
H            0.58725951284301        1.94870957368411       -0.66235305222920
H           -0.58799404993175        1.94754312158780        0.66500544817713
H           -1.55800696390726        1.10654377157727       -1.48942118121204
H           -0.36858416141848       -0.22695203516547       -1.47821715913468
H            0.36834281643589       -0.22916840077417        1.47748309197304
H            1.55746520479395        1.10457639953965        1.49075878613631
11
 energy: -18.589081894429 gnorm: 0.001555907774 xtb: 6.7.1 (edcfbbe)
C           -0.00029477058572        1.31143283175024        0.00083005959258
C           -0.92959402047988        0.47549830206083       -0.86332540635601
Cl          -2.05414808393221       -0.50175005499190        0.14516811795095
C            0.92919326891017        0.47436367954497        0.86368351211076
Cl           2.05396640099488       -0.50106119470158       -0.14632899523774
H            0.58694914355522        1.94798406254522       -0.66257869659867
H           -0.58768255175865        1.94681694547325        0.66522938414429
H           -1.55494424998701        1.10613608717352       -1.49201728492475
H           -0.37025745077305       -0.23165416986369       -1.47452508093329
H            0.37001600297314       -0.23386412383009        1.47378318158503
H            1.55440184281733        1.10416371299294        1.49335544153183
11
 energy: -18.589099499603 gnorm: 0.000629022204 xtb: 6.7.1 (edcfbbe)
C           -0.00029465638367        1.31094150962268        0.00082961392038
C           -0.92897559497117        0.47557268717060       -0.86242987539451
Cl          -2.06417910786507       -0.49027113404398        0.14772052142354
C            0.92857471907604        0.47443938124624        0.86278793197878
Cl           2.06399657466300       -0.48957631081045       -0.14886224001101
H            0.58737955284789        1.94761949159542       -0.66224144558725
H           -0.58811267552361        1.94645359591433        0.66489092928387
H           -1.54944469748901        1.10420882541150       -1.49693764439599
H           -0.37242516354153       -0.24067700505500       -1.46498933013707
H            0.37218495818001       -0.24287203227013        1.46423173316300
H            1.54890162274137        1.10222706937251        1.49827403862126
11
 energy: -18.589106826832 gnorm: 0.000581281816 xtb: 6.7.1 (edcfbbe)
C           -0.00029407832082        1.31094634584933        0.00082927252998
C           -0.92864359239321        0.47478459332825       -0.86188063659407
Cl          -2.07076643632459       -0.48101017144386        0.15122127734050
C            0.92824256943234        0.47365220420397        0.86223831764449
Cl           2.07058134170014       -0.48030673730504       -0.15234977959036
H            0.58756555561857        1.94751819360254       -0.66197593311882
H           -0.58829722254915        1.94635305003354        0.66462428285819
H           -1.54546522987435        1.10176188530592       -1.50134248338101
H           -0.37255132850327       -0.24661050543485       -1.45823540328794
H            0.37231176762516       -0.24879488872702        1.45746901631814
H            1.54492218532342        1.09977210874092        1.50267630214590
11
 energy: -18.589110744054 gnorm: 0.000287166396 xtb: 6.7.1 (edcfbbe)
C           -0.00029474172731        1.31123824703715        0.00082967626928
C           -0.92928762687973        0.47427688836287       -0.86094234811917
Cl          -2.07646771871766       -0.47480425538452        0.15225129953463
C            0.92888666807067        0.47314583050422        0.86129819030403
Cl           2.07628313274832       -0.47409923253401       -0.15336756147033
H            0.58745459659750        1.94770193452315       -0.66202668717109
H           -0.58818735769930        1.94653747267683        0.66467547823816
H           -1.54272172899288        1.10015056921416       -1.50475406590600
H           -0.37354830853787       -0.25102970427829       -1.45263318098110
H            0.37331001194474       -0.25320596768084        1.45185835948225
H            1.54217860492775        1.09815429571300        1.50608507268434
11
 energy: -18.589112686876 gnorm: 0.000162466569 xtb: 6.7.1 (edcfbbe)
C           -0.00029423520997        1.31076673746711        0.00082925513950
C           -0.92959585557421        0.47365117410723       -0.86071793621718
Cl          -2.08001813893964       -0.46985040551886        0.15376902333775
C            0.92919506920604        0.47252071587171        0.86107377042611
Cl           2.07983086634003       -0.46914111420655       -0.15487926586484
H            0.58717208733812        1.94727448147499       -0.66224132085717
H           -0.58790360920103        1.94611022115088        0.66488894167542
H           -1.54027647700285        1.09949874823640       -1.50721864308369
H           -0.37422981804085       -0.25404559094483       -1.44987390201424
H            0.37399238622326       -0.25621779866040        1.44909509095367
H            1.53973325659532        1.09749890917603        1.50854921936967
11
 energy: -18.589113422212 gnorm: 0.000111028322 xtb: 6.7.1 (edcfbbe)
C           -0.00029454338989        1.31040076064742        0.00082907218566
C           -0.92987540565527        0.47327237775821       -0.86041315246718
Cl          -2.08298316987980       -0.46697310301817        0.15396164651824
C            0.92947430869374        0.47214192824864        0.86076799337047
Cl           2.08279614247486       -0.46626304463782       -0.15506679563613
H            0.58706619245419        1.94699828746862       -0.66229046021111
H           -0.58779805094252        1.94583416708670        0.66493795666516
H           -1.53903181280496        1.09919224598610       -1.50828791286187
H           -0.37495958835285       -0.25577884547863       -1.44838989052253
H            0.37472270277216       -0.25794861028253        1.44760883315878
H            1.53848875636456        1.09718991437518        1.50961694266551
11
 energy: -18.589113755746 gnorm: 0.000107752140 xtb: 6.7.1 (edcfbbe)
C           -0.00029435052473        1.31017062201777        0.00082882160539
C           -0.93006716615194        0.47319173031470       -0.86030550054084
Cl          -2.08449373131656       -0.46493390061059        0.15435350995349
C            0.92966648009098        0.47206204804992        0.86066037535626
Cl           2.08430526877834       -0.46422300708765       -0.15545606524865
H            0.58701363563084        1.94681296881413       -0.66231012632651
H           -0.58774531083990        1.94564840412519        0.66495741882091
H           -1.53811795550269        1.09901624738630       -1.50942691104292
H           -0.37552197936495       -0.25726209007737       -1.44704798069591
H            0.37528550027555       -0.25942939941190        1.44626431494446
H            1.53757514065929        1.09701245463321        1.51075637603932
11
 energy: -18.589113902256 gnorm: 0.000050422578 xtb: 6.7.1 (edcfbbe)
C           -0.00029438249293        1.31013514097215        0.00082882575745
C           -0.93006905677429        0.47304516526973       -0.86015576793325
Cl          -2.08559232526331       -0.46364858149141        0.15464439740626
C            0.92966838104119        0.47191559483052        0.86051033357552
Cl           2.08540395717789       -0.46293711624016       -0.15574464371748
H            0.58700479496389        1.94678070691147       -0.66232610073551
H           -0.58773670518320        1.94561609599984        0.66497331117631
H           -1.53743527337627        1.09877706114542       -1.50995810944935
H           -0.37574652531068       -0.25811209730206       -1.44615802783944
H            0.37551010585985       -0.26027797527928        1.44537295372972
H            1.53689256109209        1.09677208333752        1.51128706089476
11
 energy: -18.589113966483 gnorm: 0.000018506109 xtb: 6.7.1 (edcfbbe)
C           -0.00029439775409        1.31007532479429        0.00082880228474
C           -0.93011513144866        0.47297400751578       -0.86010190199978
Cl          -2.08639866294688       -0.46272127763892        0.15482405740004
C            0.92971435523901        0.47184441994464        0.86045634727646
Cl           2.08621014726955       -0.46200925167392       -0.15592290666113
H            0.58699518986385        1.94672988021657       -0.66231110825309
H           -0.58772704511002        1.94556528921030        0.66495836378046
H           -1.53710925896232        1.09855325694281       -1.51036675270417
H           -0.37584381536145       -0.25866413396185       -1.44551876088484
H            0.37560752581214       -0.26082890359230        1.44473306154197
H            1.53656662513310        1.09654746639630        1.51169503108434
