----------------------------------------------- 
  Element       SASA      Sigma Z        Total  
     Z         Ang**2 cal/Ang**2/mol   kcal/mol 
----------------------------------------------- 
      H        133.821      48.690       6.516
      C         19.688     129.740       2.554
      N         10.437       0.000       0.000

 Subtotal:     163.946                   9.070
 -----------------------------------------------

  Elements    COT*SASA   Sigma Z,Z'     Total   
    Z,Z'       Ang**2  cal/Ang**2/mol kcal/mol  
 ---------------------------------------------- 
  H   C         71.917     -60.770      -4.370
  C   C         16.128     -72.950      -1.177
  C   N          1.661       0.000       0.000
  N   C         33.120     -48.220      -1.597
  N  C(3)        0.000      84.100       0.000

 Subtotal:                              -7.144
 ---------------------------------------------- 

 NONAQUEOUS SOLVENT CONTRIBUTION (kcal/mol):
 (proportional to SASA, atomic number independent)
 ---------------------------------------------- 
 Subtotal:                               0.000
 ---------------------------------------------- 

 CDS TOTAL (kcal/mol):                   1.926
...............................................................................
