13
 energy: -195.226806241272 gnorm: 0.026500940131 xtb: 6.7.1 (edcfbbe)
C            1.75205739427638        0.66998883759689        0.41366840128331
C            1.36968471330694       -0.38294662026969       -0.28428012802597
C           -0.05146065372280       -0.82103734426382       -0.49378327441881
C           -1.03174106045719       -0.13127579935817        0.40030232577738
C           -2.01734759369394        0.63783700638264       -0.02219893760984
H            2.79067684963662        0.93392814851385        0.51751972902933
H            1.04303030696219        1.31362381908210        0.90719661180200
H            2.10784770223404       -1.00284913984439       -0.77723774134441
H           -0.10441650014627       -1.89992238324191       -0.31467427363944
H           -0.31690108804043       -0.65064773128832       -1.54138755728303
H           -0.88779587309341       -0.30361537213454        1.45919116624661
H           -2.70622625999920        1.11032438849201        0.65717166609121
H           -2.17875093346546        0.82606396156605       -1.07113029087465
13
 energy: -195.227610826050 gnorm: 0.006264900331 xtb: 6.7.1 (edcfbbe)
C            1.76252229564878        0.67369334863217        0.41854761335602
C            1.37387231048347       -0.38425072749890       -0.28704710755836
C           -0.05165869191734       -0.82071420798703       -0.49245103001367
C           -1.03925939966737       -0.13646746344222        0.40007929444312
C           -2.03076421924078        0.63937779682758       -0.02458916451128
H            2.81057723158298        0.93589784419763        0.51313221191917
H            1.04826156268418        1.31931783427067        0.92060078317733
H            2.11829591129738       -1.00533275851508       -0.78138265209617
H           -0.10075497008334       -1.90441164086595       -0.32156704371543
H           -0.32166465557740       -0.66367744244199       -1.54448034244060
H           -0.89546888021411       -0.30019515639814        1.46684789921986
H           -2.71987541978085        1.11499514534770        0.66546038382610
H           -2.18542633024768        0.83123951014968       -1.08279304620419
13
 energy: -195.227677100362 gnorm: 0.001515126323 xtb: 6.7.1 (edcfbbe)
C            1.76876316779127        0.67477494565023        0.42007265992770
C            1.37482897725547       -0.38251343657289       -0.28829488568805
C           -0.05181183350118       -0.81895586065705       -0.49082552051313
C           -1.03940321101360       -0.13220328355540        0.39958922770746
C           -2.03449119867302        0.64249667213649       -0.02650084080453
H            2.82085710234910        0.93017474440447        0.51152594301753
H            1.05608793475167        1.32068662741918        0.92834090863256
H            2.12088277320486       -1.00169840971717       -0.78608316740103
H           -0.09935809894584       -1.90454167680010       -0.32123712198911
H           -0.32402698610473       -0.67009639379276       -1.54501488156370
H           -0.90405302362398       -0.29706476050048        1.46924712987278
H           -2.72910352489345        1.10932828618837        0.66709560668349
H           -2.19051562306636        0.82908508703932       -1.08755707430461
13
 energy: -195.227692590212 gnorm: 0.001783225880 xtb: 6.7.1 (edcfbbe)
C            1.77465340630995        0.67327898256362        0.42353394036921
C            1.37501499821842       -0.37931348730872       -0.28947794536017
C           -0.05170942086274       -0.81616103671019       -0.48890839793359
C           -1.04329989341384       -0.13228582542601        0.39829108062425
C           -2.04245779923413        0.63723457747883       -0.02952681208212
H            2.82884479340474        0.92349302859948        0.50816184308728
H            1.06635445652569        1.32000747012786        0.93715520782451
H            2.12092286540647       -0.99508607262810       -0.79250017920311
H           -0.09674702317663       -1.90219830607663       -0.31725353716330
H           -0.32526407036844       -0.67373372637676       -1.54420506989729
H           -0.91083948258707       -0.29061002719105        1.46974086069326
H           -2.73295299007959        1.10716184348518        0.66611632371616
H           -2.19386365204997        0.82768557822296       -1.09076933617687
13
 energy: -195.227707257888 gnorm: 0.001272210505 xtb: 6.7.1 (edcfbbe)
C            1.77850702711540        0.67134216735347        0.42585973399116
C            1.37450095351702       -0.37659741370243       -0.29078692005351
C           -0.05164835103218       -0.81395327853979       -0.48768162522910
C           -1.04333934211919       -0.12836585434310        0.39719264168087
C           -2.04367040540505        0.63823652363841       -0.03222303936091
H            2.83350046815678        0.91719548590457        0.50620421467987
H            1.07523878956353        1.31604986449343        0.94784587844346
H            2.11866686437691       -0.98910100245260       -0.79972317571426
H           -0.09581851718601       -1.89933205339071       -0.31168357229800
H           -0.32560071267182       -0.67522018834609       -1.54315072774347
H           -0.91336984993260       -0.28348316460413        1.46900827983901
H           -2.73836686172398        1.10135376086596        0.66289616041551
H           -2.19994412892512        0.82134871614800       -1.09339986988267
13
 energy: -195.227716686067 gnorm: 0.000758502210 xtb: 6.7.1 (edcfbbe)
C            1.78097691706254        0.66850355032748        0.42905312470309
C            1.37398312663545       -0.37417941369453       -0.29263697391147
C           -0.05161725202469       -0.81261013576980       -0.48672198234533
C           -1.04260983763552       -0.12410617610348        0.39659037108037
C           -2.04659697858634        0.63576081996618       -0.03520275851865
H            2.83608571952533        0.91294713521566        0.50600041510742
H            1.08197054227558        1.30961020355750        0.96035940212659
H            2.11549020822802       -0.98259743883346       -0.80976048790665
H           -0.09500700165223       -1.89688636678975       -0.30563329966734
H           -0.32599349893738       -0.67676056172720       -1.54193838024277
H           -0.91104148299926       -0.27505941050144        1.46832082215958
H           -2.74125221594658        1.10047122195665        0.65830438478386
H           -2.20573248134288        0.81438066247584       -1.09637687147802
13
 energy: -195.227725701238 gnorm: 0.000684443884 xtb: 6.7.1 (edcfbbe)
C            1.78584495796422        0.66273930351807        0.43611179405800
C            1.37412590112763       -0.37080028316779       -0.29613370698895
C           -0.05172645821374       -0.81000641814346       -0.48513964985815
C           -1.04294936448983       -0.11842409592637        0.39592662703283
C           -2.05136124976127        0.63326706375378       -0.03977654591585
H            2.84154827606763        0.90723299505884        0.50654848074847
H            1.09187959992113        1.29818209048510        0.98089418052785
H            2.11209752735051       -0.97187958998084       -0.82717245625338
H           -0.09406932080263       -1.89326485858340       -0.29793912539891
H           -0.32735908076654       -0.67997141432409       -1.54054712438021
H           -0.90583079657122       -0.25880022490828        1.46845691331392
H           -2.74688468678813        1.10079455006103        0.65130389011311
H           -2.21665983994188        0.80040587126274       -1.10217586166994
13
 energy: -195.227728761299 gnorm: 0.000545710382 xtb: 6.7.1 (edcfbbe)
C            1.78871513289606        0.65954368676537        0.43938045166497
C            1.37448695028151       -0.36824044000837       -0.29976547385360
C           -0.05198421131599       -0.80819667972324       -0.48446989419115
C           -1.04195734227623       -0.11324386467578        0.39570761644146
C           -2.05526449657263        0.63067489049360       -0.04255580973224
H            2.84475027736032        0.90351893869847        0.50995478443936
H            1.09653053216527        1.28755615456609        0.99540132962996
H            2.11037543220319       -0.96440044331891       -0.83914173746059
H           -0.09363422690556       -1.89112957288011       -0.29353786273303
H           -0.32962016015912       -0.68321577203613       -1.54017608953476
H           -0.90009892902103       -0.24549770178887        1.46887995517084
H           -2.75012033760793        1.10265270526330        0.64668389558187
H           -2.22352333031673        0.78945373373165       -1.10600405427344
13
 energy: -195.227728761299 gnorm: 0.000545710382 xtb: 6.7.1 (edcfbbe)
C            1.78871513289606        0.65954368676537        0.43938045166497
C            1.37448695028151       -0.36824044000837       -0.29976547385360
C           -0.05198421131599       -0.80819667972324       -0.48446989419115
C           -1.04195734227623       -0.11324386467578        0.39570761644146
C           -2.05526449657263        0.63067489049360       -0.04255580973224
H            2.84475027736032        0.90351893869847        0.50995478443936
H            1.09653053216527        1.28755615456609        0.99540132962996
H            2.11037543220319       -0.96440044331891       -0.83914173746059
H           -0.09363422690556       -1.89112957288011       -0.29353786273303
H           -0.32962016015912       -0.68321577203613       -1.54017608953476
H           -0.90009892902103       -0.24549770178887        1.46887995517084
H           -2.75012033760793        1.10265270526330        0.64668389558187
H           -2.22352333031673        0.78945373373165       -1.10600405427344
