----------------------------------------------- 
  Element       SASA      Sigma Z        Total  
     Z         Ang**2 cal/Ang**2/mol   kcal/mol 
----------------------------------------------- 
      H        161.096      48.690       7.844
      C         31.746     129.740       4.119
      N          5.080       0.000       0.000

 Subtotal:     197.922                  11.963
 -----------------------------------------------

  Elements    COT*SASA   Sigma Z,Z'     Total   
    Z,Z'       Ang**2  cal/Ang**2/mol kcal/mol  
 ---------------------------------------------- 
  H   C        101.832     -60.770      -6.188
  C   C         20.569     -72.950      -1.500
  C   N          0.793       0.000       0.000
  N   C         36.911     -48.220      -1.780
  N  C(3)        0.000      84.100       0.000

 Subtotal:                              -9.469
 ---------------------------------------------- 

 NONAQUEOUS SOLVENT CONTRIBUTION (kcal/mol):
 (proportional to SASA, atomic number independent)
 ---------------------------------------------- 
 Subtotal:                               0.000
 ---------------------------------------------- 

 CDS TOTAL (kcal/mol):                   2.494
...............................................................................
