----------------------------------------------- 
  Element       SASA      Sigma Z        Total  
     Z         Ang**2 cal/Ang**2/mol   kcal/mol 
----------------------------------------------- 
      H         81.341      48.690       3.960
      C         17.692     129.740       2.295
      N          2.321       0.000       0.000
      O         50.607       0.000       0.000

 Subtotal:     151.961                   6.256
 -----------------------------------------------

  Elements    COT*SASA   Sigma Z,Z'     Total   
    Z,Z'       Ang**2  cal/Ang**2/mol kcal/mol  
 ---------------------------------------------- 
  H   C         54.836     -60.770      -3.332
  H   O          0.000       0.000       0.000
  C   C         13.395     -72.950      -0.977
  O   C          0.000      68.690       0.000
  O   O          0.000       0.000       0.000
  C   N          1.908       0.000       0.000
  N   C          7.508     -48.220      -0.362
  N  C(3)        0.000      84.100       0.000
  O   N         30.323     121.980       3.699

 Subtotal:                              -0.973
 ---------------------------------------------- 

 NONAQUEOUS SOLVENT CONTRIBUTION (kcal/mol):
 (proportional to SASA, atomic number independent)
 ---------------------------------------------- 
 Subtotal:                               0.000
 ---------------------------------------------- 

 CDS TOTAL (kcal/mol):                   5.283
...............................................................................
