2025-04-11 12:26:59,779 -   censo.qm_processor   -   INFO   - worker732546:Running xtb_gsolv calculation in /srv/scratch/z5358697/.automated/6003/0_PRESCREENING/CONF1/xtb_gsolv.
2025-04-11 12:26:59,827 -   censo.qm_processor   -   INFO   - worker732550:Running xtb_gsolv calculation in /srv/scratch/z5358697/.automated/6003/0_PRESCREENING/CONF4/xtb_gsolv.
2025-04-11 12:26:59,831 -   censo.qm_processor   -   INFO   - worker732549:Running xtb_gsolv calculation in /srv/scratch/z5358697/.automated/6003/0_PRESCREENING/CONF5/xtb_gsolv.
2025-04-11 12:27:00,010 -   censo.qm_processor   -   INFO   - worker732545:Running xtb_gsolv calculation in /srv/scratch/z5358697/.automated/6003/0_PRESCREENING/CONF2/xtb_gsolv.
2025-04-11 12:27:00,143 -   censo.qm_processor   -   INFO   - worker732548:Running xtb_gsolv calculation in /srv/scratch/z5358697/.automated/6003/0_PRESCREENING/CONF3/xtb_gsolv.
2025-04-11 12:27:00,770 -     censo.parallel     -   INFO   - All jobs executed successfully.
2025-04-11 12:27:00,788 -   censo.qm_processor   -   INFO   - worker732593:Running sp calculation in /srv/scratch/z5358697/.automated/6003/0_PRESCREENING/CONF1/sp.
2025-04-11 12:27:00,788 -   censo.qm_processor   -   INFO   - worker732594:Running sp calculation in /srv/scratch/z5358697/.automated/6003/0_PRESCREENING/CONF2/sp.
2025-04-11 12:27:00,791 -   censo.qm_processor   -   INFO   - worker732599:Running sp calculation in /srv/scratch/z5358697/.automated/6003/0_PRESCREENING/CONF3/sp.
2025-04-11 12:27:00,799 -   censo.qm_processor   -   INFO   - worker732596:Running sp calculation in /srv/scratch/z5358697/.automated/6003/0_PRESCREENING/CONF4/sp.
2025-04-11 12:27:01,308 -   censo.qm_processor   -   INFO   - worker732601:Running sp calculation in /srv/scratch/z5358697/.automated/6003/0_PRESCREENING/CONF5/sp.
2025-04-11 12:27:07,753 -     censo.parallel     -   INFO   - All jobs executed successfully.
2025-04-11 12:27:07,833 -   censo.qm_processor   -   INFO   - worker732678:Running gsolv calculation in /srv/scratch/z5358697/.automated/6003/1_SCREENING/CONF3/gsolv.
2025-04-11 12:27:07,851 -   censo.qm_processor   -   INFO   - worker732673:Running gsolv calculation in /srv/scratch/z5358697/.automated/6003/1_SCREENING/CONF1/gsolv.
2025-04-11 12:27:07,855 -   censo.qm_processor   -   INFO   - worker732672:Running gsolv calculation in /srv/scratch/z5358697/.automated/6003/1_SCREENING/CONF2/gsolv.
2025-04-11 12:27:07,857 -   censo.qm_processor   -   INFO   - worker732675:Running gsolv calculation in /srv/scratch/z5358697/.automated/6003/1_SCREENING/CONF4/gsolv.
2025-04-11 12:27:46,082 -     censo.parallel     -   INFO   - All jobs executed successfully.
2025-04-11 12:27:46,241 -   censo.qm_processor   -   INFO   - worker732928:Running xtb_opt calculation in /srv/scratch/z5358697/.automated/6003/2_OPTIMIZATION/CONF1/xtb_opt.
2025-04-11 12:27:46,256 -   censo.qm_processor   -   INFO   - worker732931:Running xtb_opt calculation in /srv/scratch/z5358697/.automated/6003/2_OPTIMIZATION/CONF4/xtb_opt.
2025-04-11 12:27:46,374 -   censo.qm_processor   -   INFO   - worker732937:Running xtb_opt calculation in /srv/scratch/z5358697/.automated/6003/2_OPTIMIZATION/CONF3/xtb_opt.
2025-04-11 12:27:46,463 -   censo.qm_processor   -   INFO   - worker732929:Running xtb_opt calculation in /srv/scratch/z5358697/.automated/6003/2_OPTIMIZATION/CONF2/xtb_opt.
2025-04-11 12:30:09,039 -     censo.parallel     -   INFO   - All jobs executed successfully.
2025-04-11 12:30:09,058 -   censo.qm_processor   -   INFO   - worker733974:Running xtb_rrho calculation in /srv/scratch/z5358697/.automated/6003/2_OPTIMIZATION/CONF1/xtb_rrho.
2025-04-11 12:30:09,060 -   censo.qm_processor   -   INFO   - worker733975:Running xtb_rrho calculation in /srv/scratch/z5358697/.automated/6003/2_OPTIMIZATION/CONF2/xtb_rrho.
2025-04-11 12:30:09,067 -   censo.qm_processor   -   INFO   - worker733977:Running xtb_rrho calculation in /srv/scratch/z5358697/.automated/6003/2_OPTIMIZATION/CONF4/xtb_rrho.
2025-04-11 12:30:09,069 -   censo.qm_processor   -   INFO   - worker733979:Running xtb_rrho calculation in /srv/scratch/z5358697/.automated/6003/2_OPTIMIZATION/CONF3/xtb_rrho.
2025-04-11 12:30:09,731 -     censo.parallel     -   INFO   - All jobs executed successfully.
2025-04-11 12:30:09,731 -censo.ensembleopt.optimization-   INFO   - Threshold: 1.88 kcal/mol
2025-04-11 12:30:09,747 -   censo.qm_processor   -   INFO   - worker734016:Running xtb_opt calculation in /srv/scratch/z5358697/.automated/6003/2_OPTIMIZATION/CONF1/xtb_opt.
2025-04-11 12:30:38,905 -     censo.parallel     -   INFO   - All jobs executed successfully.
2025-04-11 12:30:38,906 -censo.ensembleopt.optimization-   INFO   - Threshold: 1.50 kcal/mol
2025-04-11 12:30:38,919 -   censo.qm_processor   -   INFO   - worker734153:Running xtb_rrho calculation in /srv/scratch/z5358697/.automated/6003/2_OPTIMIZATION/CONF1/xtb_rrho.
2025-04-11 12:30:38,921 -   censo.qm_processor   -   INFO   - worker734154:Running xtb_rrho calculation in /srv/scratch/z5358697/.automated/6003/2_OPTIMIZATION/CONF2/xtb_rrho.
2025-04-11 12:30:38,922 -   censo.qm_processor   -   INFO   - worker734156:Running xtb_rrho calculation in /srv/scratch/z5358697/.automated/6003/2_OPTIMIZATION/CONF4/xtb_rrho.
2025-04-11 12:30:39,585 -     censo.parallel     -   INFO   - All jobs executed successfully.
