14
 energy: -455.532259734151 gnorm: 0.001119118236 xtb: 6.7.1 (edcfbbe)
C           -3.19556514799394       -0.68948248993149       -0.59475833116234
C           -2.56698707683348       -0.13480004532320        0.68042693991968
C           -1.81291551689061        1.17950121916776        0.47486962245439
C           -0.73854829498509        1.16922055952400       -0.58722542505630
I            0.87949773721930       -0.27253403013718       -0.15293962836745
H           -2.43456608579864       -0.97816439074953       -1.32755865508867
H           -3.79432170110646       -1.57986213235250       -0.37741171109719
H           -3.85251502219055        0.05086181942138       -1.06623159209321
H           -1.88386351451294       -0.87840612225579        1.10856198483760
H           -3.34770328746496        0.03762220483923        1.42970906447516
H           -2.52535425616785        1.95343682362572        0.14786213628618
H           -1.39044040398177        1.52279690791600        1.42545567976533
H           -0.21121823264420        2.11873845008096       -0.65892839715092
H           -1.09559064529080        0.86326074985934       -1.56924931172733
14
 energy: -455.532260511790 gnorm: 0.000646701663 xtb: 6.7.1 (edcfbbe)
C           -3.19526421744625       -0.68951511451652       -0.59463616784627
C           -2.56727024873575       -0.13433076812578        0.68025284598661
C           -1.81340704692247        1.17956961089996        0.47476442017336
C           -0.73874630495255        1.16858631462468       -0.58552914735732
I            0.88204391499479       -0.27135300674902       -0.15808279624254
H           -2.43420428346872       -0.98081460408035       -1.32614944716213
H           -3.79654061814764       -1.57785765872061       -0.37743981898284
H           -3.84958374075524        0.05216216451841       -1.06718997503030
H           -1.88389470229053       -0.87825145683511        1.10838394978980
H           -3.34806726252936        0.03811385512410        1.42998872043641
H           -2.52677036710282        1.95292901036156        0.14775454260814
H           -1.39162534910181        1.52315852789166        1.42544373415641
H           -0.21251904213559        2.11884905425665       -0.65709726597932
H           -1.09424199079129        0.86094352572528       -1.56788107486768
14
 energy: -455.532260511790 gnorm: 0.000646701663 xtb: 6.7.1 (edcfbbe)
C           -3.19526421744625       -0.68951511451652       -0.59463616784627
C           -2.56727024873575       -0.13433076812578        0.68025284598661
C           -1.81340704692247        1.17956961089996        0.47476442017336
C           -0.73874630495255        1.16858631462468       -0.58552914735732
I            0.88204391499479       -0.27135300674902       -0.15808279624254
H           -2.43420428346872       -0.98081460408035       -1.32614944716213
H           -3.79654061814764       -1.57785765872061       -0.37743981898284
H           -3.84958374075524        0.05216216451841       -1.06718997503030
H           -1.88389470229053       -0.87825145683511        1.10838394978980
H           -3.34806726252936        0.03811385512410        1.42998872043641
H           -2.52677036710282        1.95292901036156        0.14775454260814
H           -1.39162534910181        1.52315852789166        1.42544373415641
H           -0.21251904213559        2.11884905425665       -0.65709726597932
H           -1.09424199079129        0.86094352572528       -1.56788107486768
