CONF#        E (DFT) (+ ΔGsolv)       ΔE (DFT) (+ δΔGsolv)       GmRRHO          Gtot             ΔGtot          Boltzmann weight   
                    [Eh]                   [kcal/mol]             [Eh]           [Eh]           [kcal/mol]        % at 298.15 K     
CONF1           -213.730442                   0.00                ---         -213.613323          0.00               15.89         
CONF2           -213.730244                   0.12                ---         -213.613092          0.15               12.43         
CONF3           -213.729441                   0.63                ---         -213.612274          0.66                5.23         
CONF4           -213.729939                   0.32                ---         -213.612763          0.35                8.78         
CONF5           -213.729942                   0.31                ---         -213.612739          0.37                8.55         
CONF6           -213.729530                   0.57                ---         -213.612762          0.35                8.77         
CONF7           -213.728379                   1.29                ---         -213.611445          1.18                2.17         
CONF8           -213.729291                   0.72                ---         -213.612468          0.54                6.42         
CONF9           -213.728808                   1.03                ---         -213.611979          0.84                3.82         
CONF10          -213.728358                   1.31                ---         -213.611477          1.16                2.25         
CONF15          -213.728939                   0.94                ---         -213.612390          0.59                5.91         
CONF16          -213.728939                   0.94                ---         -213.612356          0.61                5.70         
CONF17          -213.728955                   0.93                ---         -213.612362          0.60                5.74         
CONF20          -213.729513                   0.58                ---         -213.612715          0.38                8.34         

Boltzmann averaged free energy/enthalpy of ensemble on optimized geometries:
temperature /K:   avE(T) /a.u.   avG(T) /a.u.
    298.15        -213.7296327    -213.6126865     <<==part2==
----------------------------------------------------------------------------------------------------

