2025-04-11 12:29:36,804 -   censo.qm_processor   -   INFO   - worker2525531:Running xtb_gsolv calculation in /srv/scratch/z5358697/.automated/6005/0_PRESCREENING/CONF8/xtb_gsolv.
2025-04-11 12:29:36,812 -   censo.qm_processor   -   INFO   - worker2525512:Running xtb_gsolv calculation in /srv/scratch/z5358697/.automated/6005/0_PRESCREENING/CONF1/xtb_gsolv.
2025-04-11 12:29:36,834 -   censo.qm_processor   -   INFO   - worker2525513:Running xtb_gsolv calculation in /srv/scratch/z5358697/.automated/6005/0_PRESCREENING/CONF2/xtb_gsolv.
2025-04-11 12:29:36,857 -   censo.qm_processor   -   INFO   - worker2525521:Running xtb_gsolv calculation in /srv/scratch/z5358697/.automated/6005/0_PRESCREENING/CONF5/xtb_gsolv.
2025-04-11 12:29:36,865 -   censo.qm_processor   -   INFO   - worker2525518:Running xtb_gsolv calculation in /srv/scratch/z5358697/.automated/6005/0_PRESCREENING/CONF4/xtb_gsolv.
2025-04-11 12:29:36,879 -   censo.qm_processor   -   INFO   - worker2525515:Running xtb_gsolv calculation in /srv/scratch/z5358697/.automated/6005/0_PRESCREENING/CONF3/xtb_gsolv.
2025-04-11 12:29:36,892 -   censo.qm_processor   -   INFO   - worker2525527:Running xtb_gsolv calculation in /srv/scratch/z5358697/.automated/6005/0_PRESCREENING/CONF7/xtb_gsolv.
2025-04-11 12:29:36,909 -   censo.qm_processor   -   INFO   - worker2525524:Running xtb_gsolv calculation in /srv/scratch/z5358697/.automated/6005/0_PRESCREENING/CONF6/xtb_gsolv.
2025-04-11 12:29:36,915 -   censo.qm_processor   -   INFO   - worker2525553:Running xtb_gsolv calculation in /srv/scratch/z5358697/.automated/6005/0_PRESCREENING/CONF15/xtb_gsolv.
2025-04-11 12:29:36,960 -   censo.qm_processor   -   INFO   - worker2525547:Running xtb_gsolv calculation in /srv/scratch/z5358697/.automated/6005/0_PRESCREENING/CONF13/xtb_gsolv.
2025-04-11 12:29:36,968 -   censo.qm_processor   -   INFO   - worker2525556:Running xtb_gsolv calculation in /srv/scratch/z5358697/.automated/6005/0_PRESCREENING/CONF16/xtb_gsolv.
2025-04-11 12:29:36,983 -   censo.qm_processor   -   INFO   - worker2525534:Running xtb_gsolv calculation in /srv/scratch/z5358697/.automated/6005/0_PRESCREENING/CONF9/xtb_gsolv.
2025-04-11 12:29:37,140 -   censo.qm_processor   -   INFO   - worker2525537:Running xtb_gsolv calculation in /srv/scratch/z5358697/.automated/6005/0_PRESCREENING/CONF10/xtb_gsolv.
2025-04-11 12:29:37,148 -   censo.qm_processor   -   INFO   - worker2525541:Running xtb_gsolv calculation in /srv/scratch/z5358697/.automated/6005/0_PRESCREENING/CONF11/xtb_gsolv.
2025-04-11 12:29:37,166 -   censo.qm_processor   -   INFO   - worker2525544:Running xtb_gsolv calculation in /srv/scratch/z5358697/.automated/6005/0_PRESCREENING/CONF12/xtb_gsolv.
2025-04-11 12:29:37,172 -   censo.qm_processor   -   INFO   - worker2525550:Running xtb_gsolv calculation in /srv/scratch/z5358697/.automated/6005/0_PRESCREENING/CONF14/xtb_gsolv.
2025-04-11 12:29:38,398 -   censo.qm_processor   -   INFO   - worker2525512:Running xtb_gsolv calculation in /srv/scratch/z5358697/.automated/6005/0_PRESCREENING/CONF17/xtb_gsolv.
2025-04-11 12:29:38,404 -   censo.qm_processor   -   INFO   - worker2525515:Running xtb_gsolv calculation in /srv/scratch/z5358697/.automated/6005/0_PRESCREENING/CONF20/xtb_gsolv.
2025-04-11 12:29:38,627 -   censo.qm_processor   -   INFO   - worker2525541:Running xtb_gsolv calculation in /srv/scratch/z5358697/.automated/6005/0_PRESCREENING/CONF18/xtb_gsolv.
2025-04-11 12:29:38,646 -   censo.qm_processor   -   INFO   - worker2525544:Running xtb_gsolv calculation in /srv/scratch/z5358697/.automated/6005/0_PRESCREENING/CONF19/xtb_gsolv.
2025-04-11 12:29:38,677 -   censo.qm_processor   -   INFO   - worker2525531:Running xtb_gsolv calculation in /srv/scratch/z5358697/.automated/6005/0_PRESCREENING/CONF22/xtb_gsolv.
2025-04-11 12:29:39,377 -   censo.qm_processor   -   INFO   - worker2525521:Running xtb_gsolv calculation in /srv/scratch/z5358697/.automated/6005/0_PRESCREENING/CONF21/xtb_gsolv.
2025-04-11 12:29:39,544 -     censo.parallel     -   INFO   - All jobs executed successfully.
2025-04-11 12:29:39,571 -   censo.qm_processor   -   INFO   - worker2525775:Running sp calculation in /srv/scratch/z5358697/.automated/6005/0_PRESCREENING/CONF1/sp.
2025-04-11 12:29:39,571 -   censo.qm_processor   -   INFO   - worker2525776:Running sp calculation in /srv/scratch/z5358697/.automated/6005/0_PRESCREENING/CONF2/sp.
2025-04-11 12:29:39,574 -   censo.qm_processor   -   INFO   - worker2525778:Running sp calculation in /srv/scratch/z5358697/.automated/6005/0_PRESCREENING/CONF3/sp.
2025-04-11 12:29:39,577 -   censo.qm_processor   -   INFO   - worker2525781:Running sp calculation in /srv/scratch/z5358697/.automated/6005/0_PRESCREENING/CONF4/sp.
2025-04-11 12:29:39,586 -   censo.qm_processor   -   INFO   - worker2525784:Running sp calculation in /srv/scratch/z5358697/.automated/6005/0_PRESCREENING/CONF5/sp.
2025-04-11 12:29:39,600 -   censo.qm_processor   -   INFO   - worker2525787:Running sp calculation in /srv/scratch/z5358697/.automated/6005/0_PRESCREENING/CONF6/sp.
2025-04-11 12:29:39,608 -   censo.qm_processor   -   INFO   - worker2525790:Running sp calculation in /srv/scratch/z5358697/.automated/6005/0_PRESCREENING/CONF7/sp.
2025-04-11 12:29:39,621 -   censo.qm_processor   -   INFO   - worker2525793:Running sp calculation in /srv/scratch/z5358697/.automated/6005/0_PRESCREENING/CONF8/sp.
2025-04-11 12:29:39,632 -   censo.qm_processor   -   INFO   - worker2525800:Running sp calculation in /srv/scratch/z5358697/.automated/6005/0_PRESCREENING/CONF10/sp.
2025-04-11 12:29:39,639 -   censo.qm_processor   -   INFO   - worker2525797:Running sp calculation in /srv/scratch/z5358697/.automated/6005/0_PRESCREENING/CONF9/sp.
2025-04-11 12:29:39,649 -   censo.qm_processor   -   INFO   - worker2525803:Running sp calculation in /srv/scratch/z5358697/.automated/6005/0_PRESCREENING/CONF11/sp.
2025-04-11 12:29:39,651 -   censo.qm_processor   -   INFO   - worker2525806:Running sp calculation in /srv/scratch/z5358697/.automated/6005/0_PRESCREENING/CONF12/sp.
2025-04-11 12:29:39,654 -   censo.qm_processor   -   INFO   - worker2525809:Running sp calculation in /srv/scratch/z5358697/.automated/6005/0_PRESCREENING/CONF13/sp.
2025-04-11 12:29:39,663 -   censo.qm_processor   -   INFO   - worker2525812:Running sp calculation in /srv/scratch/z5358697/.automated/6005/0_PRESCREENING/CONF14/sp.
2025-04-11 12:29:39,672 -   censo.qm_processor   -   INFO   - worker2525815:Running sp calculation in /srv/scratch/z5358697/.automated/6005/0_PRESCREENING/CONF15/sp.
2025-04-11 12:29:39,681 -   censo.qm_processor   -   INFO   - worker2525818:Running sp calculation in /srv/scratch/z5358697/.automated/6005/0_PRESCREENING/CONF16/sp.
2025-04-11 12:29:47,059 -   censo.qm_processor   -   INFO   - worker2525787:Running sp calculation in /srv/scratch/z5358697/.automated/6005/0_PRESCREENING/CONF18/sp.
2025-04-11 12:29:47,061 -   censo.qm_processor   -   INFO   - worker2525793:Running sp calculation in /srv/scratch/z5358697/.automated/6005/0_PRESCREENING/CONF19/sp.
2025-04-11 12:29:47,063 -   censo.qm_processor   -   INFO   - worker2525790:Running sp calculation in /srv/scratch/z5358697/.automated/6005/0_PRESCREENING/CONF17/sp.
2025-04-11 12:29:47,231 -   censo.qm_processor   -   INFO   - worker2525776:Running sp calculation in /srv/scratch/z5358697/.automated/6005/0_PRESCREENING/CONF20/sp.
2025-04-11 12:29:47,240 -   censo.qm_processor   -   INFO   - worker2525812:Running sp calculation in /srv/scratch/z5358697/.automated/6005/0_PRESCREENING/CONF21/sp.
2025-04-11 12:29:47,273 -   censo.qm_processor   -   INFO   - worker2525815:Running sp calculation in /srv/scratch/z5358697/.automated/6005/0_PRESCREENING/CONF22/sp.
2025-04-11 12:29:53,971 -     censo.parallel     -   INFO   - All jobs executed successfully.
2025-04-11 12:29:54,107 -   censo.qm_processor   -   INFO   - worker2526052:Running gsolv calculation in /srv/scratch/z5358697/.automated/6005/1_SCREENING/CONF1/gsolv.
2025-04-11 12:29:54,109 -   censo.qm_processor   -   INFO   - worker2526053:Running gsolv calculation in /srv/scratch/z5358697/.automated/6005/1_SCREENING/CONF2/gsolv.
2025-04-11 12:29:54,138 -   censo.qm_processor   -   INFO   - worker2526061:Running gsolv calculation in /srv/scratch/z5358697/.automated/6005/1_SCREENING/CONF4/gsolv.
2025-04-11 12:29:54,139 -   censo.qm_processor   -   INFO   - worker2526055:Running gsolv calculation in /srv/scratch/z5358697/.automated/6005/1_SCREENING/CONF6/gsolv.
2025-04-11 12:29:54,157 -   censo.qm_processor   -   INFO   - worker2526058:Running gsolv calculation in /srv/scratch/z5358697/.automated/6005/1_SCREENING/CONF5/gsolv.
2025-04-11 12:29:54,172 -   censo.qm_processor   -   INFO   - worker2526064:Running gsolv calculation in /srv/scratch/z5358697/.automated/6005/1_SCREENING/CONF3/gsolv.
2025-04-11 12:29:54,200 -   censo.qm_processor   -   INFO   - worker2526067:Running gsolv calculation in /srv/scratch/z5358697/.automated/6005/1_SCREENING/CONF7/gsolv.
2025-04-11 12:29:54,229 -   censo.qm_processor   -   INFO   - worker2526079:Running gsolv calculation in /srv/scratch/z5358697/.automated/6005/1_SCREENING/CONF10/gsolv.
2025-04-11 12:29:54,239 -   censo.qm_processor   -   INFO   - worker2526076:Running gsolv calculation in /srv/scratch/z5358697/.automated/6005/1_SCREENING/CONF11/gsolv.
2025-04-11 12:29:54,245 -   censo.qm_processor   -   INFO   - worker2526085:Running gsolv calculation in /srv/scratch/z5358697/.automated/6005/1_SCREENING/CONF15/gsolv.
2025-04-11 12:29:54,262 -   censo.qm_processor   -   INFO   - worker2526083:Running gsolv calculation in /srv/scratch/z5358697/.automated/6005/1_SCREENING/CONF17/gsolv.
2025-04-11 12:29:54,263 -   censo.qm_processor   -   INFO   - worker2526088:Running gsolv calculation in /srv/scratch/z5358697/.automated/6005/1_SCREENING/CONF16/gsolv.
2025-04-11 12:29:54,274 -   censo.qm_processor   -   INFO   - worker2526073:Running gsolv calculation in /srv/scratch/z5358697/.automated/6005/1_SCREENING/CONF9/gsolv.
2025-04-11 12:29:54,279 -   censo.qm_processor   -   INFO   - worker2526092:Running gsolv calculation in /srv/scratch/z5358697/.automated/6005/1_SCREENING/CONF13/gsolv.
2025-04-11 12:29:54,285 -   censo.qm_processor   -   INFO   - worker2526070:Running gsolv calculation in /srv/scratch/z5358697/.automated/6005/1_SCREENING/CONF8/gsolv.
2025-04-11 12:29:54,326 -   censo.qm_processor   -   INFO   - worker2526095:Running gsolv calculation in /srv/scratch/z5358697/.automated/6005/1_SCREENING/CONF18/gsolv.
2025-04-11 12:30:31,865 -   censo.qm_processor   -   INFO   - worker2526055:Running gsolv calculation in /srv/scratch/z5358697/.automated/6005/1_SCREENING/CONF12/gsolv.
2025-04-11 12:30:31,946 -   censo.qm_processor   -   INFO   - worker2526052:Running gsolv calculation in /srv/scratch/z5358697/.automated/6005/1_SCREENING/CONF14/gsolv.
2025-04-11 12:30:32,967 -   censo.qm_processor   -   INFO   - worker2526070:Running gsolv calculation in /srv/scratch/z5358697/.automated/6005/1_SCREENING/CONF21/gsolv.
2025-04-11 12:30:33,271 -   censo.qm_processor   -   INFO   - worker2526079:Running gsolv calculation in /srv/scratch/z5358697/.automated/6005/1_SCREENING/CONF19/gsolv.
2025-04-11 12:30:33,503 -   censo.qm_processor   -   INFO   - worker2526067:Running gsolv calculation in /srv/scratch/z5358697/.automated/6005/1_SCREENING/CONF20/gsolv.
2025-04-11 12:31:07,823 -     censo.parallel     -   INFO   - All jobs executed successfully.
2025-04-11 12:31:07,907 -   censo.qm_processor   -   INFO   - worker2526593:Running xtb_opt calculation in /srv/scratch/z5358697/.automated/6005/2_OPTIMIZATION/CONF12/xtb_opt.
2025-04-11 12:31:07,914 -   censo.qm_processor   -   INFO   - worker2526565:Running xtb_opt calculation in /srv/scratch/z5358697/.automated/6005/2_OPTIMIZATION/CONF8/xtb_opt.
2025-04-11 12:31:07,930 -   censo.qm_processor   -   INFO   - worker2526550:Running xtb_opt calculation in /srv/scratch/z5358697/.automated/6005/2_OPTIMIZATION/CONF1/xtb_opt.
2025-04-11 12:31:07,937 -   censo.qm_processor   -   INFO   - worker2526551:Running xtb_opt calculation in /srv/scratch/z5358697/.automated/6005/2_OPTIMIZATION/CONF2/xtb_opt.
2025-04-11 12:31:07,941 -   censo.qm_processor   -   INFO   - worker2526553:Running xtb_opt calculation in /srv/scratch/z5358697/.automated/6005/2_OPTIMIZATION/CONF5/xtb_opt.
2025-04-11 12:31:08,008 -   censo.qm_processor   -   INFO   - worker2526562:Running xtb_opt calculation in /srv/scratch/z5358697/.automated/6005/2_OPTIMIZATION/CONF3/xtb_opt.
2025-04-11 12:31:08,020 -   censo.qm_processor   -   INFO   - worker2526556:Running xtb_opt calculation in /srv/scratch/z5358697/.automated/6005/2_OPTIMIZATION/CONF4/xtb_opt.
2025-04-11 12:31:08,024 -   censo.qm_processor   -   INFO   - worker2526559:Running xtb_opt calculation in /srv/scratch/z5358697/.automated/6005/2_OPTIMIZATION/CONF6/xtb_opt.
2025-04-11 12:31:08,030 -   censo.qm_processor   -   INFO   - worker2526572:Running xtb_opt calculation in /srv/scratch/z5358697/.automated/6005/2_OPTIMIZATION/CONF17/xtb_opt.
2025-04-11 12:31:08,065 -   censo.qm_processor   -   INFO   - worker2526578:Running xtb_opt calculation in /srv/scratch/z5358697/.automated/6005/2_OPTIMIZATION/CONF15/xtb_opt.
2025-04-11 12:31:08,105 -   censo.qm_processor   -   INFO   - worker2526568:Running xtb_opt calculation in /srv/scratch/z5358697/.automated/6005/2_OPTIMIZATION/CONF9/xtb_opt.
2025-04-11 12:31:08,114 -   censo.qm_processor   -   INFO   - worker2526590:Running xtb_opt calculation in /srv/scratch/z5358697/.automated/6005/2_OPTIMIZATION/CONF13/xtb_opt.
2025-04-11 12:31:08,125 -   censo.qm_processor   -   INFO   - worker2526575:Running xtb_opt calculation in /srv/scratch/z5358697/.automated/6005/2_OPTIMIZATION/CONF10/xtb_opt.
2025-04-11 12:31:08,126 -   censo.qm_processor   -   INFO   - worker2526581:Running xtb_opt calculation in /srv/scratch/z5358697/.automated/6005/2_OPTIMIZATION/CONF7/xtb_opt.
2025-04-11 12:31:08,283 -   censo.qm_processor   -   INFO   - worker2526584:Running xtb_opt calculation in /srv/scratch/z5358697/.automated/6005/2_OPTIMIZATION/CONF16/xtb_opt.
2025-04-11 12:31:08,654 -   censo.qm_processor   -   INFO   - worker2526587:Running xtb_opt calculation in /srv/scratch/z5358697/.automated/6005/2_OPTIMIZATION/CONF11/xtb_opt.
2025-04-11 12:32:57,071 -   censo.qm_processor   -   INFO   - worker2526551:Running xtb_opt calculation in /srv/scratch/z5358697/.automated/6005/2_OPTIMIZATION/CONF14/xtb_opt.
2025-04-11 12:32:59,427 -   censo.qm_processor   -   INFO   - worker2526550:Running xtb_opt calculation in /srv/scratch/z5358697/.automated/6005/2_OPTIMIZATION/CONF19/xtb_opt.
2025-04-11 12:33:30,629 -   censo.qm_processor   -   INFO   - worker2526562:Running xtb_opt calculation in /srv/scratch/z5358697/.automated/6005/2_OPTIMIZATION/CONF21/xtb_opt.
2025-04-11 12:33:44,279 -   censo.qm_processor   -   INFO   - worker2526590:Running xtb_opt calculation in /srv/scratch/z5358697/.automated/6005/2_OPTIMIZATION/CONF20/xtb_opt.
2025-04-11 12:33:50,107 -   censo.qm_processor   -   INFO   - worker2526559:Running xtb_opt calculation in /srv/scratch/z5358697/.automated/6005/2_OPTIMIZATION/CONF18/xtb_opt.
2025-04-11 12:36:37,393 -     censo.parallel     -   INFO   - All jobs executed successfully.
2025-04-11 12:36:37,422 -   censo.qm_processor   -   INFO   - worker2530331:Running xtb_rrho calculation in /srv/scratch/z5358697/.automated/6005/2_OPTIMIZATION/CONF17/xtb_rrho.
2025-04-11 12:36:37,432 -   censo.qm_processor   -   INFO   - worker2530337:Running xtb_rrho calculation in /srv/scratch/z5358697/.automated/6005/2_OPTIMIZATION/CONF15/xtb_rrho.
2025-04-11 12:36:37,434 -   censo.qm_processor   -   INFO   - worker2530351:Running xtb_rrho calculation in /srv/scratch/z5358697/.automated/6005/2_OPTIMIZATION/CONF12/xtb_rrho.
2025-04-11 12:36:37,440 -   censo.qm_processor   -   INFO   - worker2530316:Running xtb_rrho calculation in /srv/scratch/z5358697/.automated/6005/2_OPTIMIZATION/CONF4/xtb_rrho.
2025-04-11 12:36:37,442 -   censo.qm_processor   -   INFO   - worker2530349:Running xtb_rrho calculation in /srv/scratch/z5358697/.automated/6005/2_OPTIMIZATION/CONF13/xtb_rrho.
2025-04-11 12:36:37,445 -   censo.qm_processor   -   INFO   - worker2530310:Running xtb_rrho calculation in /srv/scratch/z5358697/.automated/6005/2_OPTIMIZATION/CONF1/xtb_rrho.
2025-04-11 12:36:37,447 -   censo.qm_processor   -   INFO   - worker2530322:Running xtb_rrho calculation in /srv/scratch/z5358697/.automated/6005/2_OPTIMIZATION/CONF3/xtb_rrho.
2025-04-11 12:36:37,447 -   censo.qm_processor   -   INFO   - worker2530328:Running xtb_rrho calculation in /srv/scratch/z5358697/.automated/6005/2_OPTIMIZATION/CONF9/xtb_rrho.
2025-04-11 12:36:37,450 -   censo.qm_processor   -   INFO   - worker2530343:Running xtb_rrho calculation in /srv/scratch/z5358697/.automated/6005/2_OPTIMIZATION/CONF16/xtb_rrho.
2025-04-11 12:36:37,452 -   censo.qm_processor   -   INFO   - worker2530325:Running xtb_rrho calculation in /srv/scratch/z5358697/.automated/6005/2_OPTIMIZATION/CONF8/xtb_rrho.
2025-04-11 12:36:37,456 -   censo.qm_processor   -   INFO   - worker2530319:Running xtb_rrho calculation in /srv/scratch/z5358697/.automated/6005/2_OPTIMIZATION/CONF6/xtb_rrho.
2025-04-11 12:36:37,456 -   censo.qm_processor   -   INFO   - worker2530313:Running xtb_rrho calculation in /srv/scratch/z5358697/.automated/6005/2_OPTIMIZATION/CONF5/xtb_rrho.
2025-04-11 12:36:37,459 -   censo.qm_processor   -   INFO   - worker2530311:Running xtb_rrho calculation in /srv/scratch/z5358697/.automated/6005/2_OPTIMIZATION/CONF2/xtb_rrho.
2025-04-11 12:36:37,521 -   censo.qm_processor   -   INFO   - worker2530347:Running xtb_rrho calculation in /srv/scratch/z5358697/.automated/6005/2_OPTIMIZATION/CONF11/xtb_rrho.
2025-04-11 12:36:37,573 -   censo.qm_processor   -   INFO   - worker2530334:Running xtb_rrho calculation in /srv/scratch/z5358697/.automated/6005/2_OPTIMIZATION/CONF10/xtb_rrho.
2025-04-11 12:36:38,049 -   censo.qm_processor   -   INFO   - worker2530340:Running xtb_rrho calculation in /srv/scratch/z5358697/.automated/6005/2_OPTIMIZATION/CONF7/xtb_rrho.
2025-04-11 12:36:38,254 -   censo.qm_processor   -   INFO   - worker2530351:Running xtb_rrho calculation in /srv/scratch/z5358697/.automated/6005/2_OPTIMIZATION/CONF19/xtb_rrho.
2025-04-11 12:36:38,267 -   censo.qm_processor   -   INFO   - worker2530311:Running xtb_rrho calculation in /srv/scratch/z5358697/.automated/6005/2_OPTIMIZATION/CONF21/xtb_rrho.
2025-04-11 12:36:38,269 -   censo.qm_processor   -   INFO   - worker2530322:Running xtb_rrho calculation in /srv/scratch/z5358697/.automated/6005/2_OPTIMIZATION/CONF20/xtb_rrho.
2025-04-11 12:36:38,272 -   censo.qm_processor   -   INFO   - worker2530349:Running xtb_rrho calculation in /srv/scratch/z5358697/.automated/6005/2_OPTIMIZATION/CONF18/xtb_rrho.
2025-04-11 12:36:38,396 -   censo.qm_processor   -   INFO   - worker2530310:Running xtb_rrho calculation in /srv/scratch/z5358697/.automated/6005/2_OPTIMIZATION/CONF14/xtb_rrho.
2025-04-11 12:36:41,001 -     censo.parallel     -   INFO   - All jobs executed successfully.
2025-04-11 12:36:41,002 -censo.ensembleopt.optimization-   INFO   - Threshold: 2.14 kcal/mol
2025-04-11 12:36:41,024 -   censo.qm_processor   -   INFO   - worker2530425:Running xtb_opt calculation in /srv/scratch/z5358697/.automated/6005/2_OPTIMIZATION/CONF5/xtb_opt.
2025-04-11 12:36:41,024 -   censo.qm_processor   -   INFO   - worker2530428:Running xtb_opt calculation in /srv/scratch/z5358697/.automated/6005/2_OPTIMIZATION/CONF9/xtb_opt.
2025-04-11 12:36:41,024 -   censo.qm_processor   -   INFO   - worker2530426:Running xtb_opt calculation in /srv/scratch/z5358697/.automated/6005/2_OPTIMIZATION/CONF4/xtb_opt.
2025-04-11 12:36:41,025 -   censo.qm_processor   -   INFO   - worker2530431:Running xtb_opt calculation in /srv/scratch/z5358697/.automated/6005/2_OPTIMIZATION/CONF17/xtb_opt.
2025-04-11 12:36:41,025 -   censo.qm_processor   -   INFO   - worker2530434:Running xtb_opt calculation in /srv/scratch/z5358697/.automated/6005/2_OPTIMIZATION/CONF15/xtb_opt.
2025-04-11 12:36:41,025 -   censo.qm_processor   -   INFO   - worker2530437:Running xtb_opt calculation in /srv/scratch/z5358697/.automated/6005/2_OPTIMIZATION/CONF16/xtb_opt.
2025-04-11 12:36:41,026 -   censo.qm_processor   -   INFO   - worker2530440:Running xtb_opt calculation in /srv/scratch/z5358697/.automated/6005/2_OPTIMIZATION/CONF11/xtb_opt.
2025-04-11 12:36:41,026 -   censo.qm_processor   -   INFO   - worker2530443:Running xtb_opt calculation in /srv/scratch/z5358697/.automated/6005/2_OPTIMIZATION/CONF19/xtb_opt.
2025-04-11 12:36:41,026 -   censo.qm_processor   -   INFO   - worker2530446:Running xtb_opt calculation in /srv/scratch/z5358697/.automated/6005/2_OPTIMIZATION/CONF20/xtb_opt.
2025-04-11 12:39:42,513 -     censo.parallel     -   INFO   - All jobs executed successfully.
2025-04-11 12:39:42,514 -censo.ensembleopt.optimization-   INFO   - Threshold: 1.57 kcal/mol
2025-04-11 12:39:42,537 -   censo.qm_processor   -   INFO   - worker2531739:Running xtb_opt calculation in /srv/scratch/z5358697/.automated/6005/2_OPTIMIZATION/CONF20/xtb_opt.
2025-04-11 12:42:15,885 -     censo.parallel     -   INFO   - All jobs executed successfully.
2025-04-11 12:42:15,886 -censo.ensembleopt.optimization-   INFO   - Threshold: 1.57 kcal/mol
2025-04-11 12:42:15,908 -   censo.qm_processor   -   INFO   - worker2532485:Running xtb_opt calculation in /srv/scratch/z5358697/.automated/6005/2_OPTIMIZATION/CONF20/xtb_opt.
2025-04-11 12:43:49,723 -     censo.parallel     -   INFO   - All jobs executed successfully.
2025-04-11 12:43:49,723 -censo.ensembleopt.optimization-   INFO   - Threshold: 1.50 kcal/mol
2025-04-11 12:43:49,751 -   censo.qm_processor   -   INFO   - worker2532793:Running xtb_rrho calculation in /srv/scratch/z5358697/.automated/6005/2_OPTIMIZATION/CONF20/xtb_rrho.
2025-04-11 12:43:49,762 -   censo.qm_processor   -   INFO   - worker2532760:Running xtb_rrho calculation in /srv/scratch/z5358697/.automated/6005/2_OPTIMIZATION/CONF5/xtb_rrho.
2025-04-11 12:43:49,763 -   censo.qm_processor   -   INFO   - worker2532784:Running xtb_rrho calculation in /srv/scratch/z5358697/.automated/6005/2_OPTIMIZATION/CONF15/xtb_rrho.
2025-04-11 12:43:49,763 -   censo.qm_processor   -   INFO   - worker2532763:Running xtb_rrho calculation in /srv/scratch/z5358697/.automated/6005/2_OPTIMIZATION/CONF4/xtb_rrho.
2025-04-11 12:43:49,767 -   censo.qm_processor   -   INFO   - worker2532791:Running xtb_rrho calculation in /srv/scratch/z5358697/.automated/6005/2_OPTIMIZATION/CONF16/xtb_rrho.
2025-04-11 12:43:49,770 -   censo.qm_processor   -   INFO   - worker2532781:Running xtb_rrho calculation in /srv/scratch/z5358697/.automated/6005/2_OPTIMIZATION/CONF10/xtb_rrho.
2025-04-11 12:43:49,772 -   censo.qm_processor   -   INFO   - worker2532758:Running xtb_rrho calculation in /srv/scratch/z5358697/.automated/6005/2_OPTIMIZATION/CONF2/xtb_rrho.
2025-04-11 12:43:49,772 -   censo.qm_processor   -   INFO   - worker2532788:Running xtb_rrho calculation in /srv/scratch/z5358697/.automated/6005/2_OPTIMIZATION/CONF7/xtb_rrho.
2025-04-11 12:43:49,782 -   censo.qm_processor   -   INFO   - worker2532757:Running xtb_rrho calculation in /srv/scratch/z5358697/.automated/6005/2_OPTIMIZATION/CONF1/xtb_rrho.
2025-04-11 12:43:49,798 -   censo.qm_processor   -   INFO   - worker2532769:Running xtb_rrho calculation in /srv/scratch/z5358697/.automated/6005/2_OPTIMIZATION/CONF3/xtb_rrho.
2025-04-11 12:43:49,836 -   censo.qm_processor   -   INFO   - worker2532766:Running xtb_rrho calculation in /srv/scratch/z5358697/.automated/6005/2_OPTIMIZATION/CONF6/xtb_rrho.
2025-04-11 12:43:49,895 -   censo.qm_processor   -   INFO   - worker2532775:Running xtb_rrho calculation in /srv/scratch/z5358697/.automated/6005/2_OPTIMIZATION/CONF9/xtb_rrho.
2025-04-11 12:43:50,004 -   censo.qm_processor   -   INFO   - worker2532778:Running xtb_rrho calculation in /srv/scratch/z5358697/.automated/6005/2_OPTIMIZATION/CONF17/xtb_rrho.
2025-04-11 12:43:50,091 -   censo.qm_processor   -   INFO   - worker2532772:Running xtb_rrho calculation in /srv/scratch/z5358697/.automated/6005/2_OPTIMIZATION/CONF8/xtb_rrho.
2025-04-11 12:43:51,414 -     censo.parallel     -   INFO   - All jobs executed successfully.
