21
 energy: -23.234013171321 gnorm: 0.020808818304 xtb: 6.7.1 (edcfbbe)
C            1.73637218402557        0.71331946668979       -1.13585498305867
C            1.43239190323524       -0.52317406660717       -0.30303984769381
C            2.62215956978828       -0.92330131598119        0.56126031764451
S           -0.01312308521031       -0.28530174904956        0.83859008536464
C           -1.41180301880803        0.00654282959087       -0.35442531135500
C           -2.62219037368885       -0.80952332797659        0.08664426471290
C           -1.75413161019823        1.48783461696558       -0.46645578355343
H            0.89997139211838        0.98788257308643       -1.78429987413134
H            1.97415785878609        1.56741900482196       -0.49295440842798
H            2.60276679824444        0.51354084592074       -1.77838899123469
H            1.16882172727483       -1.35637284217136       -0.96534945706843
H            2.41982841810351       -1.83141069128124        1.13681804668774
H            2.88729709660001       -0.12136530328981        1.25899673903706
H            3.49007498689515       -1.11117264848013       -0.07991946381994
H           -1.05456567857347       -0.36811766263365       -1.32072595857313
H           -3.45758405220310       -0.63247998768131       -0.60066820719216
H           -2.40312363932576       -1.88040726413239        0.09678991229431
H           -2.94900625710147       -0.51453354414032        1.09003977602328
H           -2.11912830035164        1.87148027318499        0.49230045770315
H           -2.54587483912880        1.63179748079026       -1.21178548169010
H           -0.88873260792507        2.08405544079908       -0.76536171916026
21
 energy: -23.234975475604 gnorm: 0.006300649051 xtb: 6.7.1 (edcfbbe)
C            1.73851857305531        0.71262470990354       -1.13408156124579
C            1.43173270379690       -0.52422352656739       -0.30904398802576
C            2.61783262372158       -0.92220443287025        0.55587181030274
S           -0.01356077124004       -0.25126906324311        0.81702333552040
C           -1.41604378296691        0.00735502361092       -0.36854583584637
C           -2.61550777678785       -0.80952614380283        0.08674533905049
C           -1.75448575134251        1.48624172952650       -0.46383433455334
H            0.90234360697509        0.98184518895611       -1.77681888732652
H            1.96921309400093        1.55761494214650       -0.48602822350477
H            2.60265223611481        0.51538363389637       -1.76945822375869
H            1.14950946778978       -1.35729109396475       -0.96106599392365
H            2.39407652499494       -1.81762334611812        1.13320717882381
H            2.86880765785321       -0.12050147826165        1.24982899298649
H            3.48451167873505       -1.11966281748024       -0.07557218050143
H           -1.05178492049663       -0.36902482219076       -1.32822421549262
H           -3.44951258794096       -0.64697377139420       -0.59684403424125
H           -2.37953513615283       -1.87178301787529        0.10571189935268
H           -2.92566010694114       -0.50846719064568        1.08730086445146
H           -2.11030796091395        1.85646338887436        0.49720825675231
H           -2.54066778261642        1.63282269072581       -1.20521088705105
H           -0.88755311708158        2.07491152519913       -0.75595919926049
21
 energy: -23.235160480088 gnorm: 0.002209620213 xtb: 6.7.1 (edcfbbe)
C            1.74019603478386        0.71295644803115       -1.13903032930701
C            1.42411311850003       -0.52171516882157       -0.31428037830474
C            2.60413339457949       -0.92552920200772        0.55490099276086
S           -0.01135228079969       -0.23396921899368        0.81697306799260
C           -1.40922048353983        0.01155624183137       -0.37276260521827
C           -2.60010422789045       -0.81253643289595        0.08870779750212
C           -1.75677129362779        1.48773240094404       -0.46593603581021
H            0.90707349754055        0.98303737197691       -1.78211209313314
H            1.96500142424623        1.55100081472412       -0.48390044765291
H            2.60653591300282        0.51830210771679       -1.76733490106193
H            1.13088107624007       -1.35412525349672       -0.96097669837372
H            2.36789079014303       -1.81379470588841        1.13482629720905
H            2.85142611650858       -0.12210239411209        1.24407920575879
H            3.46909205810220       -1.13091212687049       -0.07128568747201
H           -1.04423251649080       -0.36389104283102       -1.33117563519544
H           -3.43453038228330       -0.66397516043306       -0.59329596905270
H           -2.35130209075578       -1.87013430553566        0.11630537711718
H           -2.90419740493469       -0.50501760493340        1.08614294434424
H           -2.10749250162485        1.84585142112861        0.49863536138430
H           -2.54216128625742        1.63737438929089       -1.20355905738635
H           -0.89040048288548        2.07660354960085       -0.75271109359204
21
 energy: -23.235220997318 gnorm: 0.001960593254 xtb: 6.7.1 (edcfbbe)
C            1.74296665179305        0.71374045698962       -1.14227804688346
C            1.42110942230157       -0.51976877204114       -0.31681362990656
C            2.59725417136334       -0.93110746161284        0.55480261131143
S           -0.00908831680112       -0.21863016223748        0.81489690363622
C           -1.40714016988017        0.01666056899563       -0.37392559686477
C           -2.59090762378862       -0.81654659932361        0.09112749138843
C           -1.76136234485847        1.49185455559972       -0.46705819056399
H            0.91318986198180        0.98457958407244       -1.78952102490741
H            1.96446042704008        1.55079329767462       -0.48479487435160
H            2.61233051298698        0.51822020453716       -1.76544624717199
H            1.11979712728555       -1.35044626182246       -0.96172540087181
H            2.35085832397844       -1.81518697117285        1.13706297659352
H            2.84689365067977       -0.12647938048275        1.24158320983472
H            3.46192751691879       -1.14525212019961       -0.06792886587941
H           -1.03997238963781       -0.35724258774761       -1.33199519066279
H           -3.42714669711879       -0.68181615351422       -0.59109839340404
H           -2.32955572660894       -1.87126610369736        0.12591872197320
H           -2.89565750556239       -0.50499696786745        1.08685133469370
H           -2.11168948800518        1.84562727478710        0.49908053098786
H           -2.54737135831981        1.64049180461600       -1.20347930104695
H           -0.89631757319128        2.08348392287204       -0.75304890539561
21
 energy: -23.235290889846 gnorm: 0.001630186560 xtb: 6.7.1 (edcfbbe)
C            1.75033830127326        0.71530432652277       -1.14568568861024
C            1.41690278339376       -0.51570732807277       -0.31904089815530
C            2.58822246997057       -0.94149979979187        0.55344464745844
S           -0.00508191716095       -0.19436754408343        0.81406997955075
C           -1.40485762432703        0.02508067484147       -0.37282423968847
C           -2.57834868987912       -0.82191829739102        0.09626942099587
C           -1.77146057989708        1.49822046794529       -0.46841827019474
H            0.92694004546956        0.98587472873256       -1.80264550758725
H            1.96505198934680        1.55469324398489       -0.48764763451180
H            2.62637990334049        0.51782321921831       -1.75990483731421
H            1.10506172602665       -1.34244138890117       -0.96392875815029
H            2.32635557692091       -1.81979065317587        1.13878008268196
H            2.84883900159557       -0.13723041985285        1.23790210363267
H            3.45123820185047       -1.17204353718158       -0.06623852500192
H           -1.03557757584737       -0.34562765485709       -1.33177047822484
H           -3.41597322245461       -0.71173447902543       -0.58955521004918
H           -2.29658904008899       -1.87179931594890        0.14411809701756
H           -2.89133443948604       -0.50426262676343        1.08827993391720
H           -2.12275563266306        1.85164225100718        0.49816075925173
H           -2.55936036763422        1.64172106368539       -1.20437037243671
H           -0.90941243719278        2.09477519753245       -0.75678449207256
21
 energy: -23.235338182307 gnorm: 0.001380834068 xtb: 6.7.1 (edcfbbe)
C            1.75850095482297        0.71657721212165       -1.14619225657597
C            1.41616582898982       -0.51126516941907       -0.31840383058191
C            2.58466080027486       -0.94961388802095        0.55144960345257
S           -0.00189935859783       -0.17697872175003        0.81487767035849
C           -1.40534258389454        0.03129433547857       -0.36953505163243
C           -2.57188138729717       -0.82434240310814        0.10035280242350
C           -1.78164666354228        1.50162842469465       -0.46942540534416
H            0.93991946522317        0.98708148667058       -1.80966031561944
H            1.97085787001448        1.55852817336118       -0.49053673675047
H            2.63826927658719        0.51532667662681       -1.75418737700613
H            1.09687143514353       -1.33495201517297       -0.96373057761654
H            2.31419861340002       -1.82393242460813        1.13882403156217
H            2.85855349482056       -0.14796117575331        1.23424458020867
H            3.44303073823915       -1.19219081672609       -0.07047061170735
H           -1.03499543077697       -0.33746358465321       -1.32894580206081
H           -3.40682390919495       -0.72922035395503       -0.59082528262913
H           -2.27908859532948       -1.87049210976166        0.15783714819439
H           -2.89502044240125       -0.50287363409690        1.08819356913687
H           -2.13439646236572        1.85827931432033        0.49566514933456
H           -2.57165627663452        1.63688788415386       -1.20522681939240
H           -0.92369889492422        2.10239491802276       -0.76209437524580
21
 energy: -23.235381663640 gnorm: 0.000976843090 xtb: 6.7.1 (edcfbbe)
C            1.76878269691888        0.71808383403925       -1.14506341459013
C            1.41510420202588       -0.50613442185136       -0.31711269809416
C            2.58165989964348       -0.95800767999614        0.54780588306483
S            0.00141296345812       -0.15636035803307        0.81813030860700
C           -1.40551037601721        0.03703183534447       -0.36644632490081
C           -2.56600884256840       -0.82524244280190        0.10464446604052
C           -1.79363409082711        1.50350654101491       -0.47125276289499
H            0.95461220243129        0.99134045989725       -1.81257697121948
H            1.98266593186382        1.56077794363694       -0.49101110867650
H            2.65035158124048        0.51073315446951       -1.74829349165850
H            1.08636960644826       -1.32643487630718       -0.96235934595959
H            2.30279277555065       -1.82753266681329        1.13813784281739
H            2.87207448042276       -0.15980792029880        1.22785462984862
H            3.43258999311797       -1.21401408413932       -0.07938544637256
H           -1.03264642250124       -0.33122352213171       -1.32512437385338
H           -3.39651323694788       -0.74494206414328       -0.59379514615657
H           -2.26335900471183       -1.86755074820901        0.17431721563404
H           -2.90038006652688       -0.49825675100934        1.08705154038156
H           -2.14748267149545        1.86337501549228        0.49232370111386
H           -2.58674261664311        1.62779446889297       -1.20595789694049
H           -0.94156053232565        2.10957641137170       -0.76967649368200
21
 energy: -23.235413603069 gnorm: 0.000793549685 xtb: 6.7.1 (edcfbbe)
C            1.77898541155405        0.72022737073349       -1.14372477182959
C            1.41523653967062       -0.50071518663393       -0.31576822492947
C            2.57919708046253       -0.96741454746681        0.54437896470496
S            0.00455560140636       -0.13677360279974        0.81965652557394
C           -1.40647155709615        0.04324801685254       -0.36356839488803
C           -2.56028306696969       -0.82656045460660        0.10934089503023
C           -1.80587733130853        1.50574137250379       -0.47491192721123
H            0.96782830943467        1.00035218578154       -1.81182866600312
H            1.99921473156765        1.56105593953013       -0.48966627861262
H            2.65958548452911        0.50545723666252       -1.74544259990840
H            1.07520905113427       -1.31701615045091       -0.96012255009968
H            2.29191522576960       -1.83146370782358        1.13863819623817
H            2.88567308004985       -0.17197818550572        1.22027257495250
H            3.42224100154479       -1.23705234988087       -0.08786176527435
H           -1.03000184365441       -0.32548426137118       -1.32037302259760
H           -3.38672368737243       -0.76086295479988       -0.59533501503508
H           -2.24875634706063       -1.86518405967318        0.19155864390290
H           -2.90445261208818       -0.49285197061217        1.08589583475923
H           -2.15943788738425        1.86754463756523        0.48789670352993
H           -2.60290838861026        1.61910906066968       -1.20718224040462
H           -0.96015032302214        2.11733373975052       -0.77964276938939
21
 energy: -23.235436995375 gnorm: 0.000722349165 xtb: 6.7.1 (edcfbbe)
C            1.78795488379279        0.72220159887126       -1.14222286513373
C            1.41342782678068       -0.49644984750086       -0.31566960288283
C            2.57478845236101       -0.97465824543571        0.54136765628180
S            0.00706284642265       -0.11823623004889        0.82175473287103
C           -1.40565380770474        0.04745489404039       -0.36268154645319
C           -2.55419878555132       -0.82730352378403        0.11374161370469
C           -1.81540238263151        1.50663336178054       -0.47816054655335
H            0.97771500355390        1.01163814668061       -1.80735180186402
H            2.01799595714471        1.55959218609244       -0.48700842490943
H            2.66488764554217        0.49994664733822       -1.74648199288181
H            1.06458581812482       -1.30898242794774       -0.95979507339846
H            2.27941632306148       -1.83355592255441        1.13899718485512
H            2.89464821611576       -0.18165325292270        1.21367603328593
H            3.41135080728948       -1.25675330683822       -0.09398401496008
H           -1.02690449943713       -0.32197500102713       -1.31828726920423
H           -3.37820698636682       -0.77456011281764       -0.59475053626462
H           -2.23461931670565       -1.86247793940957        0.20595364684853
H           -2.90503709082894       -0.48825947138818        1.08586227549339
H           -2.16800260689900        1.87050274170463        0.48419824959734
H           -2.61593418868783        1.61095289649385       -1.20779428541274
H           -0.97529564281971        2.12265493709799       -0.78915332051069
21
 energy: -23.235458341918 gnorm: 0.000559089765 xtb: 6.7.1 (edcfbbe)
C            1.79664676467497        0.72436510725596       -1.14113817053154
C            1.41274779225735       -0.49202926738323       -0.31578629326407
C            2.57051959353382       -0.98166437867330        0.53940115182528
S            0.00922399826837       -0.10229282411504        0.82125534471611
C           -1.40584612107108        0.05169103886383       -0.36189789146999
C           -2.54864023709889       -0.82858531688277        0.11826751006223
C           -1.82438437927113        1.50785649255463       -0.48221122252280
H            0.98518652442849        1.02581436022226       -1.79954260308708
H            2.04075562293557        1.55668034807549       -0.48435468081509
H            2.66686316911908        0.49361801974458       -1.75200632357913
H            1.05592859014827       -1.30057383651022       -0.96023160646686
H            2.26632577007208       -1.83547370303891        1.13997687150959
H            2.90123055369855       -0.19091662539588        1.20874974803707
H            3.40182606340069       -1.27530320303581       -0.09741730374357
H           -1.02552780153190       -0.31833151109052       -1.31656323822403
H           -3.37165270945451       -0.78748071853654       -0.59199949167951
H           -2.22074095600884       -1.86043266417071        0.21850491221330
H           -2.90344754475137       -0.48539142307297        1.08727397711919
H           -2.17482747995868        1.87370678253919        0.48015852833956
H           -2.62855558956329        1.60429765906972       -1.20884333362379
H           -0.98905315127072        2.12715779200508       -0.79938577230623
21
 energy: -23.235479606442 gnorm: 0.000616419706 xtb: 6.7.1 (edcfbbe)
C            1.80650372845695        0.72698765501983       -1.14038312899421
C            1.41174661213606       -0.48691829173012       -0.31645811285165
C            2.56444913640418       -0.98927677413564        0.53828199417952
S            0.01160297177673       -0.08384461602026        0.81988867017132
C           -1.40594122428864        0.05604662862643       -0.36173230781839
C           -2.54171168520104       -0.83069989972721        0.12386667932980
C           -1.83390781866540        1.50916924812100       -0.48703373739186
H            0.99233923615246        1.04527848944680       -1.78790473697002
H            2.07162482263554        1.55209260577715       -0.48233608234459
H            2.66588414317229        0.48506690853349       -1.76250648531562
H            1.04699106160340       -1.29116395805449       -0.96182048879146
H            2.25052203866210       -1.83793583762352        1.14098532825013
H            2.90604856239887       -0.20139234713018        1.20551110212748
H            3.39098535014489       -1.29463565634778       -0.09889440179032
H           -1.02467280867719       -0.31472955585770       -1.31579347555389
H           -3.36494391874452       -0.80087632707088       -0.58633121191976
H           -2.20558343320658       -1.85905827877433        0.23041983657113
H           -2.89931177887994       -0.48433825471086        1.09070602388047
H           -2.18198283868280        1.87767242554164        0.47518327826230
H           -2.64218188381384        1.59716158415848       -1.21010772140218
H           -1.00388180082669        2.13210638038298       -0.81133090911959
21
 energy: -23.235493722400 gnorm: 0.000556715322 xtb: 6.7.1 (edcfbbe)
C            1.81624128619545        0.72866061205162       -1.14027021848490
C            1.41106752585345       -0.48212021327159       -0.31687927892143
C            2.55903039343551       -0.99546434577409        0.53758066517394
S            0.01383240095251       -0.06710861678377        0.81821716325746
C           -1.40624684581042        0.06016258172006       -0.36132560158507
C           -2.53563012695274       -0.83223708446384        0.12861865551612
C           -1.84340269281344        1.51023570563922       -0.49122222598301
H            0.99897940468317        1.06289634211312       -1.77587622227206
H            2.10207235948037        1.54640096334324       -0.48165809849904
H            2.66387631848873        0.47612304190896       -1.77445612304335
H            1.03956994312806       -1.28263072371315       -0.96304116703361
H            2.23553190990443       -1.84025833327303        1.14076221993920
H            2.90824893424329       -0.21073607702200        1.20450457477493
H            3.38247100055814       -1.30997854968431       -0.09910991897011
H           -1.02427981038773       -0.31096915915912       -1.31500515299188
H           -3.36035035402546       -0.81185173808473       -0.58052133067878
H           -2.19077441642084       -1.85762490078801        0.23904094085937
H           -2.89386809737392       -0.48464757318209        1.09479820829797
H           -2.18951311887024        1.88091210036876        0.47087615605743
H           -2.65468974369184        1.59111921389823       -1.21172765798387
H           -1.01758779801963        2.13582888258131       -0.82109547492072
21
 energy: -23.235501138894 gnorm: 0.000596612416 xtb: 6.7.1 (edcfbbe)
C            1.82244254347352        0.72919580382013       -1.14096067783399
C            1.41062323955674       -0.47921699809332       -0.31742033887693
C            2.55487302359127       -0.99912664349427        0.53805218355573
S            0.01532339436324       -0.05525424274669        0.81656231317340
C           -1.40638372183271        0.06308939183317       -0.36172663100369
C           -2.53073936751872       -0.83381214508238        0.13193765967348
C           -1.84957673468915        1.51119407665741       -0.49364182605229
H            1.00378395893723        1.07437932431261       -1.76875010144939
H            2.12287622812563        1.54178218814149       -0.48276265204493
H            2.66173652210702        0.46896994665159       -1.78291092615021
H            1.03489562981967       -1.27767449248583       -0.96366519320388
H            2.22674677126662       -1.84264904513907        1.14012614336896
H            2.90746215969554       -0.21687500887378        1.20607025722257
H            3.37723696264744       -1.31705313920654       -0.09793175352658
H           -1.02393243701127       -0.30775604385914       -1.31537065868149
H           -3.35706860298379       -0.81679524181551       -0.57483059377129
H           -2.18228767754812       -1.85765386541285        0.24178561286268
H           -2.88821399275128       -0.48724963883616        1.09875274240502
H           -2.19575461828417        1.88254946352788        0.46816624852694
H           -2.66247683114045        1.58699546906151       -1.21284312536152
H           -1.02698797726741        2.13967296946452       -0.82642857032402
21
 energy: -23.235506145621 gnorm: 0.000314584042 xtb: 6.7.1 (edcfbbe)
C            1.82677208389649        0.72877648371033       -1.14202808197706
C            1.41038518821907       -0.47737924620840       -0.31745714572595
C            2.55248710193160       -1.00104864546089        0.53850954657404
S            0.01654411246685       -0.04688171058390        0.81583879329664
C           -1.40650015839613        0.06544407938349       -0.36151207977844
C           -2.52757578132796       -0.83464628931499        0.13341838850169
C           -1.85445292422736        1.51194706582423       -0.49467689495877
H            1.00760087434599        1.08032789465119       -1.76520379535521
H            2.13612295375292        1.53836558025639       -0.48478765927948
H            2.66078760490960        0.46329434509006       -1.78834752961381
H            1.03166673672956       -1.27498885742955       -0.96305010949525
H            2.22157842627738       -1.84479237653560        1.13880467147989
H            2.90585426898372       -0.22055443074907        1.20830522044815
H            3.37507296792292       -1.31977962848539       -0.09695561106276
H           -1.02357304753432       -0.30493788908381       -1.31513535340242
H           -3.35575159364205       -0.81934652605487       -0.57160306571600
H           -2.17583818187710       -1.85778608776169        0.24174428204169
H           -2.88355470634744       -0.48966411075965        1.10147039313857
H           -2.20162528871063        1.88314341079560        0.46679349610234
H           -2.66759535580870        1.58463697308301       -1.21385795187867
H           -1.03382680900760        2.14258209405827       -0.82805940083060
21
 energy: -23.235510306562 gnorm: 0.000294758390 xtb: 6.7.1 (edcfbbe)
C            1.82975744657384        0.72741461109534       -1.14353423352163
C            1.41023273470059       -0.47641976837333       -0.31716469374782
C            2.55115762098901       -1.00158461906595        0.53931391534706
S            0.01724792422082       -0.04111711152438        0.81532050732902
C           -1.40651058149203        0.06756764943753       -0.36153992183851
C           -2.52501452871316       -0.83526676759649        0.13401059186056
C           -1.85844060522560        1.51277429054286       -0.49473768844620
H            1.01033405923066        1.08238375884655       -1.76427055563551
H            2.14470451874299        1.53568283382574       -0.48745655924838
H            2.66057588911722        0.45765982205745       -1.79217276197730
H            1.02949633143883       -1.27393709651897       -0.96160908557466
H            2.21954540206516       -1.84677704820000        1.13722507750012
H            2.90306628841344       -0.22246032945622        1.21147273099723
H            3.37502559008118       -1.31847790754167       -0.09553582919245
H           -1.02283682244428       -0.30167323884583       -1.31529648723062
H           -3.35503466339275       -0.81900638936708       -0.56880932548933
H           -2.17186736183054       -1.85827965251123        0.23856690121406
H           -2.87905525098506       -0.49350180200333        1.10390752933482
H           -2.20766731032985        1.88278862879500        0.46647255306393
H           -2.67099862856262        1.58332198078529       -1.21482528656515
H           -1.03913958004102        2.14562028404349       -0.82712726567065
21
 energy: -23.235514519657 gnorm: 0.000276949736 xtb: 6.7.1 (edcfbbe)
C            1.83229076720022        0.72512227408794       -1.14584168970628
C            1.41004459007743       -0.47595177124024       -0.31685200077886
C            2.54976716635670       -1.00181106964562        0.54081540455261
S            0.01840514322873       -0.03396086784729        0.81493969474151
C           -1.40639898369447        0.07027301927980       -0.36140184293286
C           -2.52197290323419       -0.83628962210801        0.13381953154339
C           -1.86271828451232        1.51410055974010       -0.49395006477242
H            1.01307336835164        1.08240655126818       -1.76552807406788
H            2.15174350403932        1.53318903611345       -0.49174748812202
H            2.66073238574757        0.45111631064452       -1.79559416001944
H            1.02715965545994       -1.27394151385091       -0.95942804952714
H            2.21864091701818       -1.84952158154914        1.13545856266559
H            2.89891879644973       -0.22399510721504        1.21605653822249
H            3.37570831836924       -1.31509411590936       -0.09328595676358
H           -1.02185191469165       -0.29715061926265       -1.31546289550703
H           -3.35440858211961       -0.81829121156375       -0.56638406388421
H           -2.16704480718348       -1.85940816909253        0.23327792487573
H           -2.87325355485822       -0.49871540455742        1.10624853762350
H           -2.21544426504412        1.88195996861995        0.46678624744445
H           -2.67392621235775        1.58252958798594       -1.21576549084374
H           -1.04488663204606        2.15014587452682       -0.82395055223523
21
 energy: -23.235517268193 gnorm: 0.000271800312 xtb: 6.7.1 (edcfbbe)
C            1.83423893193990        0.72264662771038       -1.14830028126336
C            1.40982922581791       -0.47560368261671       -0.31628925565367
C            2.54874946873900       -1.00160473445539        0.54235368064749
S            0.01909864522931       -0.02858678158468        0.81443617207640
C           -1.40605703283622        0.07291842718428       -0.36160256511167
C           -2.51880955372157       -0.83728136343693        0.13331858887850
C           -1.86669150705829        1.51554752398710       -0.49272021777608
H            1.01513080250407        1.08049894841252       -1.76783849862072
H            2.15602835839252        1.53142309723282       -0.49623856506744
H            2.66139838308529        0.44550341697248       -1.79839792059357
H            1.02524567771796       -1.27433424622051       -0.95684691155719
H            2.21765321386732       -1.85127618877964        1.13446766246551
H            2.89514517850292       -0.22459053537004        1.22002581835629
H            3.37670516763807       -1.31218472181473       -0.09076688772696
H           -1.02055147235052       -0.29232125908881       -1.31610484576112
H           -3.35318501631579       -0.81772542244132       -0.56453470133229
H           -2.16229063654221       -1.86029806635862        0.22761173182004
H           -2.86801867317960       -0.50409590873812        1.10803804805939
H           -2.22267026299319        1.88089762499190        0.46777903979883
H           -2.67641770846597        1.58274939471018       -1.21629590323479
H           -1.04995271741406        2.15442997812860       -0.81988407589498
21
 energy: -23.235518901254 gnorm: 0.000178438652 xtb: 6.7.1 (edcfbbe)
C            1.83513912765773        0.72082181003498       -1.15009727125759
C            1.40966354013031       -0.47562243416271       -0.31606102212008
C            2.54800547096042       -1.00136488691594        0.54350210294864
S            0.01983844336157       -0.02451283472407        0.81413691223761
C           -1.40580157746357        0.07488016430791       -0.36152978204353
C           -2.51663365634080       -0.83812549167903        0.13245007708965
C           -1.86920576329899        1.51670804509108       -0.49145698366551
H            1.01617613953811        1.07841022435992       -1.77017491084187
H            2.15784499500014        1.53047983272204       -0.49936405657110
H            2.66201816441905        0.44163868687887       -1.79982378365155
H            1.02411410299996       -1.27496180703089       -0.95525919285511
H            2.21704672128999       -1.85169765748631        1.13463202271883
H            2.89306644210137       -0.22464077848640        1.22215805779675
H            3.37693719044829       -1.31075269318596       -0.08883047755449
H           -1.01968784434915       -0.28846774075085       -1.31649363301018
H           -3.35202655902873       -0.81827989197940       -0.56419360158249
H           -2.15830701611884       -1.86080760186869        0.22395280051030
H           -2.86499347355182       -0.50778695440992        1.10840245107337
H           -2.22731299934894        1.87999572157762        0.46904992618534
H           -2.67806789127237        1.58314389843620       -1.21614962849385
H           -1.05323508457686        2.15765451769630       -0.81663989440452
21
 energy: -23.235520476862 gnorm: 0.000180627433 xtb: 6.7.1 (edcfbbe)
C            1.83556828850876        0.71934730959751       -1.15162170010351
C            1.40947560296215       -0.47565284279173       -0.31578778417981
C            2.54746167814628       -1.00111660154573        0.54446719768604
S            0.02024141780085       -0.02167674797724        0.81386941639672
C           -1.40553715678727        0.07646536299577       -0.36165953526105
C           -2.51471687533737       -0.83903726406629        0.13141832430316
C           -1.87105734405036        1.51776856155853       -0.48994688834813
H            1.01697292124371        1.07592862395060       -1.77286658316109
H            2.15776445446208        1.53020522832092       -0.50209983304874
H            2.66289909095674        0.43922937849223       -1.80034235637303
H            1.02321520075060       -1.27562048980813       -0.95379217032043
H            2.21600233928689       -1.85099532402410        1.13604924378864
H            2.89250340435353       -0.22396883948875        1.22270477994253
H            3.37653436814572       -1.31119988193363       -0.08740066537938
H           -1.01883384479495       -0.28514980909370       -1.31704599175959
H           -3.35025988316472       -0.81984083760724       -0.56504569057221
H           -2.15456551732667       -1.86119586051880        0.22164855552914
H           -2.86340022620669       -0.51041953822165        1.10785168118669
H           -2.23058940241455        1.87930349150331        0.47067904007117
H           -2.67935150444932        1.58397568099873       -1.21527650001262
H           -1.05574853952854        2.16036252808412       -0.81359242787588
21
 energy: -23.235522807437 gnorm: 0.000178688309 xtb: 6.7.1 (edcfbbe)
C            1.83593598880187        0.71754220778634       -1.15344015149364
C            1.40924152342820       -0.47574138214525       -0.31543066745357
C            2.54690444361311       -1.00071015742486        0.54557536191986
S            0.02081771248142       -0.01837882336176        0.81372018639009
C           -1.40510939999082        0.07850998511899       -0.36169406805524
C           -2.51233708591390       -0.84025510938102        0.12967624401720
C           -1.87342006648115        1.51913675538037       -0.48771867658249
H            1.01780815824561        1.07247760279595       -1.77639825268068
H            2.15710571828515        1.53009055978214       -0.50535916414958
H            2.66413907165553        0.43627208304280       -1.80066195535739
H            1.02217619913470       -1.27654111356923       -0.95192207391389
H            2.21449689585415       -1.84868679946191        1.13930570842229
H            2.89330730989104       -0.22244459692182        1.22183464498546
H            3.37525469726190       -1.31351723681463       -0.08584894249198
H           -1.01761329824892       -0.28060894207225       -1.31769691157390
H           -3.34729203626404       -0.82291382075156       -0.56745873815422
H           -2.14948560927837       -1.86142720322176        0.21942249233037
H           -2.86278956602398       -0.51335141557819        1.10605321819881
H           -2.23405460772693        1.87831059164495        0.47338357774600
H           -2.68148321446315        1.58523710858554       -1.21334788788822
H           -1.05902436170455        2.16371183499190       -0.80978383170662
21
 energy: -23.235526180827 gnorm: 0.000234684035 xtb: 6.7.1 (edcfbbe)
C            1.83654209759445        0.71461723337617       -1.15626464556446
C            1.40885576245571       -0.47580362135065       -0.31466068683454
C            2.54620171263606       -0.99989280795179        0.54729179025320
S            0.02144556245037       -0.01321219593245        0.81358173060644
C           -1.40459508677942        0.08171320903447       -0.36183948108367
C           -2.50877053107024       -0.84233209152005        0.12650634942041
C           -1.87709748502909        1.52129822911456       -0.48381640234579
H            1.01912236638019        1.06733779710036       -1.78153678395026
H            2.15656565371262        1.52952717534975       -0.51048864121731
H            2.66577782641283        0.43147794439410       -1.80139819773536
H            1.02057571605338       -1.27791486943025       -0.94874739299696
H            2.21194746860020       -1.84390457516567        1.14566424110682
H            2.89592516923479       -0.21936731241039        1.21923495667555
H            3.37267301984879       -1.31841611146434       -0.08370538084974
H           -1.01559086629618       -0.27332591876207       -1.31875846856292
H           -3.34228101884668       -0.82831472962145       -0.57236235058664
H           -2.14133739611961       -1.86188374861219        0.21631796112418
H           -2.86274887958004       -0.51778794444903        1.10240105507520
H           -2.23904767509638        1.87679810463291        0.47818826369223
H           -2.68518393234490        1.58704777324241       -1.20945057222197
H           -1.06440101165996        2.16905058885033       -0.80394723149576
21
 energy: -23.235526971019 gnorm: 0.000119285789 xtb: 6.7.1 (edcfbbe)
C            1.83682601503717        0.71425099689817       -1.15660076190105
C            1.40889848211471       -0.47570057471130       -0.31448797333552
C            2.54626568416564       -0.99958648050916        0.54754711077591
S            0.02159384196288       -0.01268676823826        0.81385944978051
C           -1.40443608589875        0.08216793969303       -0.36174336252768
C           -2.50833772571119       -0.84252401017739        0.12589971297957
C           -1.87795938745957        1.52142542759104       -0.48332158706239
H            1.01943329986157        1.06748101734531       -1.78130236065034
H            2.15804778563564        1.52882983732014       -0.51133406451419
H            2.66524944980190        0.43016617280451       -1.80216026522168
H            1.02023358129486       -1.27807279432313       -0.94801870030501
H            2.21179376625297       -1.84265124537869        1.14697920940418
H            2.89684481943079       -0.21867486641631        1.21843487058245
H            3.37208785792793       -1.31932742092781       -0.08349416772304
H           -1.01517965368874       -0.27232224866905       -1.31870474239621
H           -3.34155011357051       -0.82865027438561       -0.57337390824017
H           -2.14058189034673       -1.86194619379808        0.21549514745083
H           -2.86288485909050       -0.51852455458831        1.10173038282411
H           -2.23964832053860        1.87648767941397        0.47889863266424
H           -2.68635565205692        1.58693792076044       -1.20858013940825
H           -1.06576242256765        2.16963256872121       -0.80351237066761
21
 energy: -23.235528649192 gnorm: 0.000337492758 xtb: 6.7.1 (edcfbbe)
C            1.83752093619958        0.71312612450279       -1.15747577045275
C            1.40890719731393       -0.47540970341294       -0.31378310426563
C            2.54644348171874       -0.99882802597598        0.54831695630430
S            0.02172950021820       -0.01023099199479        0.81420079948104
C           -1.40430737699354        0.08335392154508       -0.36173469573468
C           -2.50718764807394       -0.84344855664500        0.12413803880216
C           -1.87999884064288        1.52198370624784       -0.48178052077932
H            1.01969675151929        1.06808661500747       -1.78032937573832
H            2.16245036539096        1.52693790042957       -0.51340079832559
H            2.66358625618020        0.42633518491608       -1.80472170932880
H            1.01939426002300       -1.27841300923052       -0.94599053479632
H            2.21114442973183       -1.83911255728896        1.15107415932100
H            2.89969532513803       -0.21646662242095        1.21598075387004
H            3.37046979363051       -1.32240053935912       -0.08297959551055
H           -1.01400897643461       -0.26946273877602       -1.31881958251625
H           -3.33957522068054       -0.83013860521494       -0.57619102745380
H           -2.13825604567089       -1.86246547164900        0.21327416726673
H           -2.86340596267088       -0.52077237758116        1.09975948243178
H           -2.24110075070614        1.87580759852062        0.48109320568734
H           -2.68937643378021        1.58659536187159       -1.20594463484333
H           -1.06924256885374        2.17163491493307       -0.80247610091038
21
 energy: -23.235530594066 gnorm: 0.000303517673 xtb: 6.7.1 (edcfbbe)
C            1.83834959527614        0.71120527629439       -1.15897212851041
C            1.40869883284138       -0.47515653842411       -0.31272444626473
C            2.54623095217442       -0.99787013953975        0.54977589438677
S            0.02211190496049       -0.00630011123937        0.81472865622745
C           -1.40379457599150        0.08536819611365       -0.36176091669882
C           -2.50487033986903       -0.84496842540561        0.12141943839085
C           -1.88317905846057        1.52297297401773       -0.47945851649737
H            1.01944711226408        1.06884249566988       -1.77895358566230
H            2.16871767175998        1.52433998787509       -0.51669747660242
H            2.66094067902099        0.42089782894431       -1.80918515903520
H            1.01805833956334       -1.27905941346067       -0.94306783347060
H            2.20960355351122       -1.83404001202401        1.15757538179709
H            2.90359166246431       -0.21321216508288        1.21262742407400
H            3.36779367168676       -1.32732677465305       -0.08178347037399
H           -1.01208991929917       -0.26465560134850       -1.31929970708166
H           -3.33619772561373       -0.83301460683468       -0.58023513957924
H           -2.13343770695675       -1.86314339213377        0.20982751647366
H           -2.86355958433935       -0.52441770234759        1.09684431361021
H           -2.24334535573576        1.87487569619860        0.48449111900228
H           -2.69405388537818        1.58657085691507       -1.20208973369366
H           -1.07443735132218        2.17480369888998       -0.80085151798323
21
 energy: -23.235532075559 gnorm: 0.000184150051 xtb: 6.7.1 (edcfbbe)
C            1.83889746240676        0.70922949939378       -1.16055344686710
C            1.40846321177338       -0.47496376554995       -0.31172876428217
C            2.54578792645493       -0.99716533740953        0.55129379070797
S            0.02239675979414       -0.00195043953423        0.81453059516702
C           -1.40349284902704        0.08756839174718       -0.36205745264294
C           -2.50218425631153       -0.84671299994467        0.11895797725702
C           -1.88608043605750        1.52431195854745       -0.47718938159932
H            1.01896441969511        1.06885625512286       -1.77816473092808
H            2.17371925541201        1.52213312636303       -0.52016436486439
H            2.65848210307567        0.41598904091687       -1.81327967217461
H            1.01679339873140       -1.27970897290321       -0.94032921909263
H            2.20771320116844       -1.82970029040474        1.16329723857671
H            2.90643210025362       -0.21064100842743        1.21017091278069
H            3.36553017838926       -1.33180398351199       -0.07999689861282
H           -1.01042963111177       -0.25960124077120       -1.32009453261398
H           -3.33276490133316       -0.83651358735460       -0.58358023356716
H           -2.12772368608818       -1.86386573573596        0.20663830784040
H           -2.86291281080314       -0.52831417255310        1.09434365757348
H           -2.24571975269571        1.87424394807105        0.48768704140319
H           -2.69809704157189        1.58698169552564       -1.19861064003230
H           -1.07919617959787        2.17833974683749       -0.79896007152030
21
 energy: -23.235533229095 gnorm: 0.000106793062 xtb: 6.7.1 (edcfbbe)
C            1.83927622320823        0.70758385993504       -1.16206945443094
C            1.40804251048490       -0.47482676255677       -0.31115868993796
C            2.54498599302124       -0.99668561818093        0.55254026233454
S            0.02284546135135        0.00164541934618        0.81452126961215
C           -1.40292404527206        0.08941242606227       -0.36225027265951
C           -2.49965497229540       -0.84796641185218        0.11722850105973
C           -1.88833206996864        1.52537472379972       -0.47541290081290
H            1.01871591987593        1.06802283848047       -1.77856567061726
H            2.17646988525006        1.52073120798191       -0.52308380376992
H            2.65722163879255        0.41240469674517       -1.81603947212816
H            1.01566004370518       -1.28026694037366       -0.93844329113809
H            2.20582037814657       -1.82712328407123        1.16683046749685
H            2.90733971888365       -0.20909299850641        1.20924239475123
H            3.36385701419469       -1.33434685572135       -0.07832368493135
H           -1.00908206763688       -0.25543151021979       -1.32084620568902
H           -3.32990235843082       -0.83938001923708       -0.58569390397716
H           -2.12247941598645       -1.86419780696945        0.20419736092121
H           -2.86167806758410       -0.53139309248359        1.09274401978139
H           -2.24801552124439        1.87362848640423        0.49007329585256
H           -2.70087268746067        1.58746234029400       -1.19632350462973
H           -1.08271510847802        2.18115742954816       -0.79695660457899
21
 energy: -23.235534499992 gnorm: 0.000132605531 xtb: 6.7.1 (edcfbbe)
C            1.83965404872663        0.70595128609505       -1.16370558812124
C            1.40778121221383       -0.47477608334950       -0.31074314025584
C            2.54424931493073       -0.99641160311227        0.55371867180473
S            0.02336725149384        0.00514488966824        0.81411721686124
C           -1.40256602927341        0.09136560293612       -0.36237727613471
C           -2.49714263860759       -0.84913823083737        0.11587907432870
C           -1.89058803830320        1.52658206711493       -0.47379583710449
H            1.01892089852056        1.06629550531869       -1.78015967987653
H            2.17789608472382        1.51982568972630       -0.52612360014710
H            2.65687858376011        0.40921082525105       -1.81786245592702
H            1.01452961335596       -1.28084838003502       -0.93667503210019
H            2.20423354919996       -1.82575539006755        1.16902857806210
H            2.90708222949711       -0.20824943012420        1.20947601663304
H            3.36298083577905       -1.33558533949035       -0.07651226964575
H           -1.00802617118639       -0.25131996953605       -1.32146392946075
H           -3.32727033498262       -0.84207713116024       -0.58715736043074
H           -2.11730708185463       -1.86447469493477        0.20200454137676
H           -2.86007698061595       -0.53437691900687        1.09164550843541
H           -2.25088473499785        1.87304933822231        0.49210706560808
H           -2.70316254121149        1.58822314154349       -1.19471772166302
H           -1.08597059861157        2.18407695420273       -0.79447266973401
21
 energy: -23.235536240259 gnorm: 0.000189753377 xtb: 6.7.1 (edcfbbe)
C            1.84046566604689        0.70354111075405       -1.16612684600253
C            1.40725813625052       -0.47464460448546       -0.31028200659060
C            2.54314505215853       -0.99590043444965        0.55518956520997
S            0.02410916516716        0.01024227927130        0.81380620302621
C           -1.40199702206531        0.09398620027976       -0.36253184711049
C           -2.49374518321128       -0.85056772219065        0.11420221662693
C           -1.89376317203291        1.52813228339089       -0.47142615973828
H            1.01998090377289        1.06312582704544       -1.78341571735685
H            2.17928763442651        1.51871815675251       -0.53049606301754
H            2.65743490559246        0.40459807169082       -1.81959497623008
H            1.01280782979614       -1.28163844084165       -0.93429123511339
H            2.20238083980252       -1.82457438581726        1.17099083844076
H            2.90583986386132       -0.20732768374161        1.21054110924347
H            3.36215993098796       -1.33594608688727       -0.07419135195325
H           -1.00657777786179       -0.24578307648937       -1.32230795723699
H           -3.32381131487103       -0.84529681853694       -0.58889608121617
H           -2.11054554051108       -1.86476947436628        0.19895536409791
H           -2.85776229231695       -0.53840233399926        1.09040568797368
H           -2.25558533601576        1.87196597797233        0.49485581797077
H           -2.70597669262662        1.58905803139334       -1.19279256589719
H           -1.09052712379327        2.18819525167967       -0.79038388261765
21
 energy: -23.235538255243 gnorm: 0.000231862916 xtb: 6.7.1 (edcfbbe)
C            1.84188350010525        0.70016137834785       -1.16953903289471
C            1.40698069648529       -0.47449744329155       -0.30965085032262
C            2.54202206643133       -0.99520638733645        0.55724493399540
S            0.02531400612884        0.01710155684583        0.81324523989421
C           -1.40148101425412        0.09768129360206       -0.36247133146891
C           -2.48944162145116       -0.85241361380603        0.11188379789040
C           -1.89858300550479        1.53022482799623       -0.46819341807381
H            1.02198352186398        1.05873188513452       -1.78828925503451
H            2.18156875407416        1.51711304538665       -0.53660694040601
H            2.65867300960951        0.39786668181320       -1.82172912770640
H            1.01058627878822       -1.28273091346665       -0.93080656736371
H            2.20055259742163       -1.82323534635435        1.17358267555541
H            2.90428902132291       -0.20600338434123        1.21212895527301
H            3.36148978237842       -1.33597478899840       -0.07117470396674
H           -1.00483876364388       -0.23810262526150       -1.32311642754050
H           -3.31942780219594       -0.84912159403901       -0.59132511457211
H           -2.10198715312274       -1.86520730398330        0.19447489679063
H           -2.85485962081879       -0.54388679527118        1.08872247317801
H           -2.26263360870022        1.87017140032137        0.49863757104709
H           -2.71025210086436        1.59012651656231       -1.19027965578550
H           -1.09726007149662        2.19391373856435       -0.78452800597992
21
 energy: -23.235540063063 gnorm: 0.000181626041 xtb: 6.7.1 (edcfbbe)
C            1.84381243395157        0.69606231952717       -1.17336741986417
C            1.40649802866512       -0.47432586764513       -0.30884089404491
C            2.54083212444445       -0.99407229457362        0.55955017047040
S            0.02636492271855        0.02504985622160        0.81270267916922
C           -1.40096223342108        0.10183097065576       -0.36269479968174
C           -2.48453589425894       -0.85451844822865        0.10907271320441
C           -1.90430761628204        1.53251074438995       -0.46422655755502
H            1.02465298793363        1.05391919725968       -1.79344795265032
H            2.18519332129944        1.51483958907481       -0.54375841623504
H            2.65994416020030        0.38956839624933       -1.82441920102772
H            1.00794423355680       -1.28405523455737       -0.92664827522850
H            2.19868457860573       -1.82098486048040        1.17696902403361
H            2.90300206288200       -0.20402029294056        1.21346350526626
H            3.36061291325850       -1.33613479584169       -0.06776467357402
H           -1.00276178502644       -0.22932026229611       -1.32428919048154
H           -3.31437862810599       -0.85306144738464       -0.59431102672217
H           -2.09257933519963       -1.86580245280935        0.18892509655122
H           -2.85158357973807       -0.55035885423203        1.08667389321274
H           -2.27087919309776        1.86790617458758        0.50325079588673
H           -2.71546625744778        1.59108756427889       -1.18695792496331
H           -1.10550877238147        2.20059212716951       -0.77767143325741
21
 energy: -23.235541538849 gnorm: 0.000125190251 xtb: 6.7.1 (edcfbbe)
C            1.84577517150454        0.69202309821419       -1.17721127443977
C            1.40631726089956       -0.47404596308512       -0.30798503772530
C            2.53980785186784       -0.99285912653481        0.56202205760947
S            0.02766098431867        0.03303056501870        0.81215806017006
C           -1.40045682880060        0.10593181835593       -0.36273406835510
C           -2.47987168398850       -0.85661473686056        0.10589816905750
C           -1.91015409037532        1.53461685380418       -0.46020198973471
H            1.02709244124228        1.04987496527743       -1.79787901389249
H            2.18992656725857        1.51206828689368       -0.55084865269833
H            2.66055317756516        0.38084166151770       -1.82773603679944
H            1.00558624438080       -1.28529036325756       -0.92234644023352
H            2.19683451378890       -1.81796741387014        1.18141550730661
H            2.90253956332448       -0.20148587071063        1.21403180001911
H            3.35940324163604       -1.33711594031999       -0.06433198738704
H           -1.00081696117128       -0.22041569916143       -1.32532327021787
H           -3.30963833941155       -0.85674519874003       -0.59764152925562
H           -2.08353707367906       -1.86641950154951        0.18280886040831
H           -2.84840111450118       -0.55698248580247        1.08432627617621
H           -2.27878773447020        1.86535933755786        0.50808656106207
H           -2.72116376662824        1.59178801922857       -1.18320064454336
H           -1.11409095220398        2.20711982244871       -0.77109723401809
21
 energy: -23.235542853348 gnorm: 0.000102272465 xtb: 6.7.1 (edcfbbe)
C            1.84769699035256        0.68811750871823       -1.18068008500530
C            1.40602081683268       -0.47381674322922       -0.30705693136636
C            2.53887965456607       -0.99149100289042        0.56443471873868
S            0.02856796439135        0.04028253048134        0.81157675811489
C           -1.40003243236826        0.10986229445339       -0.36305109174024
C           -2.47524895464668       -0.85869443844504        0.10274174015797
C           -1.91585854316621        1.53661150253762       -0.45635731288771
H            1.02918001033346        1.04666170445714       -1.80110708492232
H            2.19551189474875        1.50903906096549       -0.55753771828749
H            2.66039848981839        0.37223411606948       -1.83154135736949
H            1.00329032345974       -1.28651354394425       -0.91814603908773
H            2.19483036887907       -1.81409153640187        1.18654537325106
H            2.90292204527707       -0.19856023444374        1.21383379213202
H            3.35785379094404       -1.33895361129972       -0.06097715785171
H           -0.99889002282692       -0.21185237130836       -1.32653432397284
H           -3.30491107490331       -0.86006489763266       -0.60092939712527
H           -2.07486490753481       -1.86713803834738        0.17653849613384
H           -2.84520141240491       -0.56358219273636        1.08200614050575
H           -2.28590628714959        1.86294398870451        0.51288288271183
H           -2.72708802308441        1.59244332298539       -1.17921057606478
H           -1.12257221896117        2.21327470973115       -0.76522071355608
21
 energy: -23.235544083744 gnorm: 0.000108067699 xtb: 6.7.1 (edcfbbe)
C            1.84936699436174        0.68459043056741       -1.18384333030636
C            1.40574450399872       -0.47349133973959       -0.30613838711970
C            2.53791490150210       -0.99022227093351        0.56679276585746
S            0.02950438155607        0.04732398580499        0.81101386705962
C           -1.39955199996155        0.11341212245525       -0.36338128068331
C           -2.47094229318511       -0.86069950062859        0.09954225599618
C           -1.92104622853220        1.53833003589359       -0.45272934990048
H            1.03077569256407        1.04445724392592       -1.80336337664614
H            2.20144358004642        1.50589266776834       -0.56368174588843
H            2.65947890731454        0.36413307459404       -1.83565408864518
H            1.00126480090039       -1.28753584484840       -0.91424015954350
H            2.19258690191042       -1.80973303644410        1.19224376663364
H            2.90389440889043       -0.19556365590821        1.21295461209110
H            3.35587480518032       -1.34168930996688       -0.05768843761376
H           -0.99708708156452       -0.20390563994597       -1.32773992458561
H           -3.30066988261720       -0.86320428130258       -0.60409029944481
H           -2.06670221565457       -1.86780947812827        0.17030648708760
H           -2.84195557834365       -0.56996181634154        1.07969284308880
H           -2.29197331475230        1.86072668586901        0.51747482014323
H           -2.73279644229036        1.59281483419245       -1.17507338603478
H           -1.13054636876686        2.21884722154135       -0.76018753903684
21
 energy: -23.235545272925 gnorm: 0.000100312110 xtb: 6.7.1 (edcfbbe)
C            1.85106304561533        0.68105059295200       -1.18694969697016
C            1.40537341430600       -0.47309433601977       -0.30513281075905
C            2.53681798306383       -0.98895573041931        0.56922715532674
S            0.03036846513918        0.05439362701389        0.81041010732939
C           -1.39904499329169        0.11714517760812       -0.36376745189891
C           -2.46628426895728       -0.86284115194579        0.09631506327654
C           -1.92638065025687        1.54013262448127       -0.44921252893101
H            1.03213306473656        1.04255353559982       -1.80509112876007
H            2.20786440373583        1.50254802829029       -0.56977144785132
H            2.65816276097184        0.35588175160524       -1.84017151913667
H            0.99908660819303       -1.28843993400940       -0.91026083092862
H            2.18979769643885       -1.80484171131087        1.19846725538232
H            2.90529786802144       -0.19243548512281        1.21167511809279
H            3.35341952762490       -1.34524179840201       -0.05430585777802
H           -0.99521741397360       -0.19561261197947       -1.32902503354187
H           -3.29611466116161       -0.86652457123767       -0.60719722713904
H           -2.05797186293853       -1.86855284858147        0.16379132687131
H           -2.83833875425725       -0.57670019448598        1.07742814654053
H           -2.29780461089356        1.85857715113893        0.52210910916405
H           -2.73891131305144        1.59319803176875       -1.17079080016080
H           -1.13873783650804        2.22447198148096       -0.75553683561940
21
 energy: -23.235546091287 gnorm: 0.000077413417 xtb: 6.7.1 (edcfbbe)
C            1.85223903177019        0.67855871623916       -1.18915946777792
C            1.40503399922082       -0.47276537943303       -0.30441557451363
C            2.53584148679172       -0.98821142277933        0.57101910404027
S            0.03107616616454        0.05994662153338        0.80986109735388
C           -1.39859514362203        0.11988266389759       -0.36412370912281
C           -2.46268197904054       -0.86440478885007        0.09398441104633
C           -1.93030058429322        1.54141641730265       -0.44666703058819
H            1.03311727664234        1.04138799325034       -1.80630855135174
H            2.21253837291506        1.50016540445313       -0.57416824244843
H            2.65708603790414        0.35001217008065       -1.84342245658621
H            0.99733986976319       -1.28898105271063       -0.90741958199792
H            2.18742305395478       -1.80125205170011        1.20314195043291
H            2.90641430093376       -0.19040614861085        1.21064016436062
H            3.35132975054693       -1.34831275969498       -0.05175607620420
H           -0.99381168715433       -0.18959428905563       -1.33003003782628
H           -3.29269435290694       -0.86913638990576       -0.60930808428374
H           -2.05118474899044       -1.86897210106282        0.15907790857548
H           -2.83533209348311       -0.58165470656194        1.07584078361664
H           -2.30199507934525        1.85718388811450        0.52542144969888
H           -2.74344062327196        1.59333127643587       -1.16762700274755
H           -1.14482458194275        2.22851806748259       -0.75237094116765
21
 energy: -23.235546601862 gnorm: 0.000049422917 xtb: 6.7.1 (edcfbbe)
C            1.85307683926623        0.67709688161414       -1.19045937806402
C            1.40475498302771       -0.47244256188039       -0.30397047681241
C            2.53510632893465       -0.98789890518565        0.57202770597383
S            0.03151808008728        0.06351991718460        0.80954136692445
C           -1.39833246364491        0.12163778826668       -0.36427472535208
C           -2.46033736228673       -0.86539543961329        0.09271711571608
C           -1.93271916930816        1.54222668574406       -0.44529253118209
H            1.03386666830947        1.04068917010406       -1.80707140100026
H            2.21531180262366        1.49875267622412       -0.57669553606527
H            2.65665762800662        0.34655611669532       -1.84525582175983
H            0.99613464509593       -1.28908249570428       -0.90575566366045
H            2.18564217898535       -1.79916139909482        1.20583346805994
H            2.90709351219249       -0.18942726286276        1.20997255197417
H            3.34983433532310       -1.35046187709733       -0.05029753790001
H           -0.99300559739884       -0.18582513406570       -1.33058725363889
H           -3.29049265047863       -0.87093096813663       -0.61039541023637
H           -2.04678586208593       -1.86920363088242        0.15642288344272
H           -2.83332421461075       -0.58467509711011        1.07501626531553
H           -2.30452863393377        1.85638318696449        0.52726594917849
H           -2.74628284417756        1.59331909026439       -1.16583132892367
H           -1.14860973137029        2.23103538699625       -0.75070012948109
21
 energy: -23.235546888084 gnorm: 0.000043474154 xtb: 6.7.1 (edcfbbe)
C            1.85354360077761        0.67658347657725       -1.19094744299401
C            1.40462038091605       -0.47224284034067       -0.30384147487205
C            2.53465696654128       -0.98796847737559        0.57240651567776
S            0.03178014417752        0.06532626601542        0.80929905210908
C           -1.39819705486917        0.12243587150778       -0.36437435727498
C           -2.45918963115115       -0.86578619281371        0.09234594485242
C           -1.93388320233098        1.54256502599274       -0.44480934209831
H            1.03440732072001        1.04051183057818       -1.80748608857763
H            2.21651010413022        1.49826429178929       -0.57763957175957
H            2.65669516681954        0.34520080513440       -1.84582774033508
H            0.99544246918195       -1.28894539381900       -0.90516300136893
H            2.18457944136349       -1.79844440503294        1.20687227553432
H            2.90740925848663       -0.18933234449346        1.20969207448443
H            3.34898464253689       -1.35170340896501       -0.04974605970587
H           -0.99265151291619       -0.18424419272425       -1.33084164549164
H           -3.28943745883389       -0.87187132584127       -0.61064639529005
H           -2.04461154370972       -1.86919968759137        0.15556043966958
H           -2.83230476974457       -0.58585989069574        1.07482117428764
H           -2.30572815726162        1.85616006211891        0.52791691468786
H           -2.74764001619339        1.59317050696173       -1.16516214686074
H           -1.15040767608360        2.23209215144203       -0.75021901216550
21
 energy: -23.235547101527 gnorm: 0.000044500408 xtb: 6.7.1 (edcfbbe)
C            1.85395628561328        0.67644558081086       -1.19112441364998
C            1.40451930106896       -0.47203543169955       -0.30381972889046
C            2.53430687095187       -0.98820305368395        0.57248954570605
S            0.03194902029200        0.06647798423166        0.80915727223874
C           -1.39814763856871        0.12286059000538       -0.36438861229319
C           -2.45855074822222       -0.86597514699986        0.09235662760085
C           -1.93454396786992        1.54272533229322       -0.44472368728051
H            1.03497819499456        1.04055364560206       -1.80777971454319
H            2.21713894876056        1.49812647976781       -0.57793631729196
H            2.65704546193769        0.34468965027129       -1.84588906815515
H            0.99494789855646       -1.28864204632365       -0.90500322600507
H            2.18376818009795       -1.79830249116081        1.20718095527030
H            2.90758051875254       -0.18963347406001        1.20954946144436
H            3.34837723926790       -1.35259741027275       -0.04961042261405
H           -0.99251942602342       -0.18352584755962       -1.33091423596268
H           -3.28885779295671       -0.87253206700949       -0.61055827572723
H           -2.04338016949818       -1.86914564919483        0.15551647037241
H           -2.83172932590300       -0.58628909146814        1.07487213247147
H           -2.30640729648570        1.85614828909536        0.52804941134179
H           -2.74841842429532        1.59294066177189       -1.16496917865935
H           -1.15143465791368        2.23262562400782       -0.75024488286441
21
 energy: -23.235547315601 gnorm: 0.000042528450 xtb: 6.7.1 (edcfbbe)
C            1.85444612917987        0.67646819848384       -1.19117518380328
C            1.40445671008335       -0.47179388012595       -0.30386527031818
C            2.53396354669252       -0.98855819669334        0.57244734564465
S            0.03211311791971        0.06750498043702        0.80899559120241
C           -1.39814172588925        0.12317970259873       -0.36438583717575
C           -2.45806448618613       -0.86607050727145        0.09257926029337
C           -1.93512112897836        1.54281584326755       -0.44481081701580
H            1.03569987886337        1.04072364435257       -1.80806229513349
H            2.21766509673688        1.49812153277309       -0.57795710664471
H            2.65763204154008        0.34445384757691       -1.84570105784452
H            0.99447590878088       -1.28819381039755       -0.90504522105295
H            2.18295641450563       -1.79842438963433        1.20718412904724
H            2.90772558735468       -0.19017518997278        1.20945947912736
H            3.34779927839377       -1.35347157800387       -0.04966032980024
H           -0.99248394228338       -0.18308835300671       -1.33094027663764
H           -3.28839456019680       -0.87315683951312       -0.61029851510521
H           -2.04240782855227       -1.86903249579168        0.15589075997907
H           -2.83133822834556       -0.58639784104903        1.07506857323710
H           -2.30698313781248        1.85621430989337        0.52797337504219
H           -2.74910537257633        1.59261534991917       -1.16496132535705
H           -1.15231482667326        2.23297780058226       -0.75052516517583
21
 energy: -23.235547559386 gnorm: 0.000040194398 xtb: 6.7.1 (edcfbbe)
C            1.85510371228270        0.67659769662277       -1.19116617859743
C            1.40439720137542       -0.47148475509866       -0.30397597439744
C            2.53354344427685       -0.98905627382470        0.57232144637064
S            0.03230306298052        0.06864689268596        0.80879963016897
C           -1.39816716714830        0.12348788839507       -0.36436361810226
C           -2.45758240391410       -0.86614007363043        0.09295579275997
C           -1.93576344567464        1.54288079688869       -0.44500696546660
H            1.03669922248595        1.04106034221543       -1.80838741600861
H            2.21830903060464        1.49818125709311       -0.57783602846967
H            2.65846896603078        0.34434515853714       -1.84535295099384
H            0.99392807595924       -1.28758313860984       -0.90523088955679
H            2.18198334366519       -1.79873609103510        1.20699286382991
H            2.90785488103262       -0.19098140548375        1.20939603222602
H            3.34713331766275       -1.35448262672690       -0.04980813917219
H           -0.99252626776900       -0.18278466312814       -1.33092237795741
H           -3.28793416336813       -0.87389272511931       -0.60989034241526
H           -2.04142356847587       -1.86887257266688        0.15662852769158
H           -2.83095314714847       -0.58629058486207        1.07535400982636
H           -2.30760865692054        1.85635444423713        0.52775948917211
H           -2.74988524928800        1.59215835566097       -1.16503777562581
H           -1.15330171609266        2.23330420627422       -0.75101902277350
21
 energy: -23.235547822628 gnorm: 0.000032491381 xtb: 6.7.1 (edcfbbe)
C            1.85594270585973        0.67678879727014       -1.19113421577640
C            1.40436112229026       -0.47109913073660       -0.30413352657329
C            2.53305981909519       -0.98966082250366        0.57214599636724
S            0.03252173808610        0.06994130349109        0.80854973990497
C           -1.39821878319051        0.12382325100219       -0.36434626126205
C           -2.45707476308087       -0.86618115758042        0.09347141948978
C           -1.93653062999669        1.54292672642756       -0.44528775954347
H            1.03795168666700        1.04157130974811       -1.80870409960256
H            2.21920076073348        1.49822199734285       -0.57763690742209
H            2.65948547390997        0.34420826517870       -1.84494695321316
H            0.99332233882282       -1.28681318772058       -0.90551329373241
H            2.18083387647447       -1.79916751410814        1.20667277434941
H            2.90795784627926       -0.19197594796532        1.20936053283751
H            3.34639179678984       -1.35563233273171       -0.05000524855881
H           -0.99261148613449       -0.18248037669517       -1.33091052314420
H           -3.28744108235275       -0.87472650447012       -0.60935022475221
H           -2.04036330767136       -1.86865959534206        0.15759078973193
H           -2.83057910027788       -0.58609405616714        1.07575810528936
H           -2.30832432901981        1.85650874283616        0.52746413706683
H           -2.75083546438705        1.59157749503064       -1.16515503827718
H           -1.15447174633978        2.23363486611821       -0.75167933067045
21
 energy: -23.235548056959 gnorm: 0.000029844605 xtb: 6.7.1 (edcfbbe)
C            1.85682238840535        0.67701744818972       -1.19106712661789
C            1.40433475342458       -0.47070639873447       -0.30431768113440
C            2.53256399354092       -0.99028621505406        0.57196126857062
S            0.03274105649149        0.07124251178817        0.80826441300019
C           -1.39829639472064        0.12412215052865       -0.36433407795154
C           -2.45660836939646       -0.86621512462822        0.09402297895522
C           -1.93727664859574        1.54294746930039       -0.44561033694167
H            1.03922755819847        1.04223854220013       -1.80890011159336
H            2.22025919042672        1.49822349362288       -0.57736982243279
H            2.66045564070742        0.34409579599222       -1.84459535359601
H            0.99272698923806       -1.28600133288223       -0.90587067490667
H            2.17966873460920       -1.79965961058819        1.20628538965022
H            2.90803769853949       -0.19302727074501        1.20936997962832
H            3.34565746379461       -1.35675679852458       -0.05020595485743
H           -0.99275241402250       -0.18226893359410       -1.33089578175263
H           -3.28701245790386       -0.87554940164577       -0.60874380948204
H           -2.03937756446185       -1.86844555456860        0.15864300331136
H           -2.83019596262978       -0.58581403843396        1.07618609927157
H           -2.30898041402791        1.85668899875844        0.52712361511306
H           -2.75178743520611        1.59094861092782       -1.16528694648037
H           -1.15562933385452        2.23391778651548       -0.75244895724504
21
 energy: -23.235548275598 gnorm: 0.000028371508 xtb: 6.7.1 (edcfbbe)
C            1.85775576743690        0.67726218006869       -1.19099654853456
C            1.40431141890481       -0.47028471949694       -0.30450116372738
C            2.53203152715624       -0.99094674824157        0.57178190443871
S            0.03295747405754        0.07257173234020        0.80796007822842
C           -1.39836939854816        0.12443333696260       -0.36434545610953
C           -2.45610713677830       -0.86624493350290        0.09461499210134
C           -1.93807014573855        1.54296541609463       -0.44597270609829
H            1.04052377634303        1.04306615548390       -1.80896736365545
H            2.22153826135320        1.49816440187536       -0.57709307156784
H            2.66135879841012        0.34393873492388       -1.84436329741259
H            0.99213195276462       -1.28514927486171       -0.90623863891105
H            2.17842511546876       -1.80018811546574        1.20588268200236
H            2.90806435050133       -0.19412686907705        1.20940841745003
H            3.34490190009718       -1.35791999275180       -0.05038644257671
H           -0.99289281885844       -0.18205379395452       -1.33090914024713
H           -3.28657006573792       -0.87639178434647       -0.60806872074486
H           -2.03833321994989       -1.86822140659869        0.15971097821984
H           -2.82975980705497       -0.58554338898001        1.07667364770572
H           -2.30963808127531        1.85689213685022        0.52675407008206
H           -2.75282553898817        1.59028868993430       -1.16541880197103
H           -1.15685565700709        2.23420037116835       -0.75331530616332
21
 energy: -23.235548276766 gnorm: 0.000027128691 xtb: 6.7.1 (edcfbbe)
C            1.85776179317647        0.67726260233284       -1.19099727376301
C            1.40430914124241       -0.47028367363470       -0.30450099636709
C            2.53202896865012       -0.99094701848171        0.57178273578122
S            0.03295865043198        0.07257782694157        0.80795650868900
C           -1.39836950674199        0.12443579285675       -0.36434349191338
C           -2.45610474507655       -0.86624698336575        0.09461472508367
C           -1.93807368920804        1.54296581251928       -0.44597366633427
H            1.04052841669890        1.04306970663869       -1.80896570146333
H            2.22154574191508        1.49816008779608       -0.57709649115098
H            2.66135617636096        0.34393566277814       -1.84436480817429
H            0.99213119535470       -1.28514806709214       -0.90623987059456
H            2.17842047472846       -1.80018840225615        1.20588274577307
H            2.90806422972829       -0.19412881285767        1.20941009450918
H            3.34489961287902       -1.35792356753488       -0.05038511177317
H           -0.99289254213601       -0.18205090142511       -1.33090950988349
H           -3.28656847529860       -0.87639512466247       -0.60806652038463
H           -2.03832741432844       -1.86822091036457        0.15971113350996
H           -2.82975562084852       -0.58554500969381        1.07667470785175
H           -2.30964219863817        1.85689240100269        0.52675493151468
H           -2.75283010861716        1.59028681105865       -1.16541738784074
H           -1.15686162771599        2.23420389586898       -0.75331664056080
