----------------------------------------------- 
  Element       SASA      Sigma Z        Total  
     Z         Ang**2 cal/Ang**2/mol   kcal/mol 
----------------------------------------------- 
      H        126.974      48.690       6.182
      C         20.737     129.740       2.690
      N         10.359       0.000       0.000

 Subtotal:     158.070                   8.873
 -----------------------------------------------

  Elements    COT*SASA   Sigma Z,Z'     Total   
    Z,Z'       Ang**2  cal/Ang**2/mol kcal/mol  
 ---------------------------------------------- 
  H   C         69.741     -60.770      -4.238
  C   C         17.543     -72.950      -1.280
  C   N          1.706       0.000       0.000
  N   C         33.306     -48.220      -1.606
  N  C(3)        0.000      84.100       0.000

 Subtotal:                              -7.124
 ---------------------------------------------- 

 NONAQUEOUS SOLVENT CONTRIBUTION (kcal/mol):
 (proportional to SASA, atomic number independent)
 ---------------------------------------------- 
 Subtotal:                               0.000
 ---------------------------------------------- 

 CDS TOTAL (kcal/mol):                   1.749
...............................................................................
