16
 energy: -213.728775318635 gnorm: 0.006780804956 xtb: 6.7.1 (edcfbbe)
C            1.89451380978897       -0.70854196697525       -0.04853067024155
C            1.10089700172184        0.43550505620365        0.58971491094510
C           -0.00536183316008        0.99236765007614       -0.31218257951606
C           -1.09012569768120       -0.01189351331168       -0.68963079301919
N           -1.76778830242492       -0.55771910859360        0.51028724012094
H            2.68407752355460       -1.05876241100464        0.62306701960372
H            1.25280380630115       -1.56880202898125       -0.27856976381429
H            2.36716307291648       -0.38253419611288       -0.98541426281595
H            0.67197874833406        0.10006581925539        1.54538905588525
H            1.78785321924955        1.25596042574439        0.84006833909057
H           -0.47612747444856        1.85047562922350        0.18350691258650
H            0.44671344867111        1.36559187077801       -1.24011088050153
H           -0.65653886461871       -0.80197636320448       -1.32890837800436
H           -1.84176769352372        0.50455873947024       -1.29891503042407
H           -1.09125956801516       -1.11339716105827        1.03373645675948
H           -2.47214499672903       -1.21875567720476        0.19724370892867
16
 energy: -213.728855434187 gnorm: 0.002185850807 xtb: 6.7.1 (edcfbbe)
C            1.89224536024162       -0.70847019465358       -0.04743128876820
C            1.10239159251374        0.43541194937058        0.58870729418648
C           -0.00582065741621        0.99370498148847       -0.31033182369914
C           -1.08825828348316       -0.01186461035067       -0.68891125312457
N           -1.76832882371247       -0.55642342948054        0.50660393887361
H            2.68698613371759       -1.05606891429814        0.62025992910229
H            1.25105257115988       -1.56836196879434       -0.27125136172967
H            2.35814246944347       -0.38636152099495       -0.98644664965289
H            0.67691317958424        0.10107258002222        1.54406973130908
H            1.79059584942000        1.25277866734859        0.83800877715980
H           -0.47632916275317        1.85117181337783        0.18760082608904
H            0.44467893866056        1.37079353761783       -1.23808501776578
H           -0.65370574332613       -0.80172222293300       -1.32350189366001
H           -1.84039820174091        0.49868832757128       -1.30099281744299
H           -1.09482735056994       -1.11185268396884        1.02841545880524
H           -2.47045151627440       -1.22035349793303        0.19403743356401
16
 energy: -213.728882145424 gnorm: 0.001182464511 xtb: 6.7.1 (edcfbbe)
C            1.88861040336424       -0.70889619106053       -0.04769632499116
C            1.10368373585196        0.43567890149431        0.58903923099623
C           -0.00633407434551        0.99466313481141       -0.30785887075236
C           -1.08590139350074       -0.01218453171529       -0.68906770764766
N           -1.76840364479972       -0.55554388260642        0.50338114413120
H            2.68986863199222       -1.05166401696249        0.61530019490468
H            1.24801568984143       -1.57086915211455       -0.26132480439774
H            2.34653397472729       -0.39227862146812       -0.99152481071165
H            0.68028193831588        0.10365656863813        1.54515770188601
H            1.79305285742381        1.25180719720100        0.83564185134532
H           -0.47768301154141        1.85011783475080        0.19327869516250
H            0.44271516731299        1.37672087557147       -1.23467491348015
H           -0.64697851331318       -0.80114455107530       -1.31979812308043
H           -1.83607326734391        0.49498007272672       -1.30584678916714
H           -1.09784219691728       -1.11132813937993        1.02616557424954
H           -2.46865970963586       -1.22157264052015        0.19057925179855
16
 energy: -213.728909190467 gnorm: 0.002707567437 xtb: 6.7.1 (edcfbbe)
C            1.88207510857887       -0.71127313043401       -0.04759650926772
C            1.10601989036681        0.43710276396814        0.58941000987860
C           -0.00768775415420        0.99824366341415       -0.30250844026486
C           -1.08044792314541       -0.01255612342916       -0.68987469240950
N           -1.76958156864039       -0.55527525054244        0.49679969017061
H            2.69811583497034       -1.04306293374460        0.60390110594438
H            1.24138941169494       -1.57873577938862       -0.23744175208331
H            2.32074045393299       -0.40580110411566       -1.00426164086414
H            0.68651532099230        0.10961654014381        1.54839904939133
H            1.79874651507212        1.25176815435700        0.82962532076219
H           -0.48272658251352        1.84796077683362        0.20548287294240
H            0.43914332607300        1.39003261038025       -1.22665310553208
H           -0.63170870437208       -0.80004371767142       -1.31485209394176
H           -1.82656536728130        0.48950986996810       -1.31560453676011
H           -1.10319258377350       -1.11082078567394        1.02436797215716
H           -2.46594830757494       -1.22452265492642        0.18155806539834
16
 energy: -213.728925105733 gnorm: 0.002083844535 xtb: 6.7.1 (edcfbbe)
C            1.87870375867570       -0.71301120086165       -0.04730878035345
C            1.10741720811733        0.43882961844712        0.59047072807024
C           -0.00801432544269        0.99994773892592       -0.29952421502103
C           -1.07764596205323       -0.01241837528018       -0.69124982137939
N           -1.77056033573666       -0.55635264590407        0.49305762484212
H            2.70324447600483       -1.03769603370978        0.59687097764410
H            1.23772139288157       -1.58387060687528       -0.22235045196551
H            2.30509475441671       -0.41432738423421       -1.01222948568970
H            0.69016282374879        0.11389851635443        1.55177270968856
H            1.80282378216661        1.25291640532784        0.82648069933742
H           -0.48583215781521        1.84581829400425        0.21212414241735
H            0.43776255133047        1.39664823098777       -1.22190488783842
H           -0.62418217063934       -0.79921763921071       -1.31455511870683
H           -1.82215788868813        0.48812115574271       -1.32026085948747
H           -1.10500582171403       -1.11049190672063        1.02432752118127
H           -2.46464475852471       -1.22665130766346        0.17503052558960
16
 energy: -213.728936285180 gnorm: 0.001071722934 xtb: 6.7.1 (edcfbbe)
C            1.87483910052013       -0.71595447321071       -0.04618992112445
C            1.10865261176899        0.44093176747812        0.59140795332127
C           -0.00844674209699        1.00263949638598       -0.29602222553327
C           -1.07417309910559       -0.01178521553893       -0.69315988278159
N           -1.77141759120267       -0.55889774857598        0.48852183551428
H            2.71009695036476       -1.03105353596519        0.58835468336766
H            1.23357393817549       -1.59071452282510       -0.20213724161743
H            2.28498338408242       -0.42576299094860       -1.02127004004576
H            0.69452595059300        0.11956970904481        1.55591149017583
H            1.80759074929046        1.25428887304585        0.82179524791888
H           -0.49005647965867        1.84379087396741        0.21948678303499
H            0.43647700226405        1.40478703721170       -1.21607911725055
H           -0.61643283302535       -0.79742337134989       -1.31595373545255
H           -1.81738070511971        0.48828712357289       -1.32423007376151
H           -1.10580550854615       -1.11008235262066        1.02419048099725
H           -2.46213911048699       -1.23047796694818        0.16612505070054
16
 energy: -213.728939309152 gnorm: 0.000562032489 xtb: 6.7.1 (edcfbbe)
C            1.87292390151967       -0.71745648336370       -0.04503945162890
C            1.10901999655057        0.44202202940485        0.59211669940127
C           -0.00830493679139        1.00324534782498       -0.29496806785293
C           -1.07354826749844       -0.01075021589795       -0.69447889297577
N           -1.77083129604620       -0.56106854679223        0.48664198337852
H            2.71239735844399       -1.02780878696661        0.58541427517987
H            1.23203765872095       -1.59354479588280       -0.19246773246466
H            2.27609518507622       -0.43146512692450       -1.02378926754936
H            0.69623192384543        0.12267083902659        1.55794042821223
H            1.80964498128834        1.25476924763558        0.81989807492589
H           -0.49108561633220        1.84300538739026        0.22139454548022
H            0.43654435436405        1.40700876736817       -1.21417745338980
H           -0.61580506766114       -0.79524434153597       -1.31874898082844
H           -1.81732111996221        0.49044025092751       -1.32396071487426
H           -1.10374471755447       -1.10998425061132        1.02287476446691
H           -2.45936662961409       -1.23369683571757        0.16210106606179
16
 energy: -213.728939309152 gnorm: 0.000562032489 xtb: 6.7.1 (edcfbbe)
C            1.87292390151967       -0.71745648336370       -0.04503945162890
C            1.10901999655057        0.44202202940485        0.59211669940127
C           -0.00830493679139        1.00324534782498       -0.29496806785293
C           -1.07354826749844       -0.01075021589795       -0.69447889297577
N           -1.77083129604620       -0.56106854679223        0.48664198337852
H            2.71239735844399       -1.02780878696661        0.58541427517987
H            1.23203765872095       -1.59354479588280       -0.19246773246466
H            2.27609518507622       -0.43146512692450       -1.02378926754936
H            0.69623192384543        0.12267083902659        1.55794042821223
H            1.80964498128834        1.25476924763558        0.81989807492589
H           -0.49108561633220        1.84300538739026        0.22139454548022
H            0.43654435436405        1.40700876736817       -1.21417745338980
H           -0.61580506766114       -0.79524434153597       -1.31874898082844
H           -1.81732111996221        0.49044025092751       -1.32396071487426
H           -1.10374471755447       -1.10998425061132        1.02287476446691
H           -2.45936662961409       -1.23369683571757        0.16210106606179
