----------------------------------------------- 
  Element       SASA      Sigma Z        Total  
     Z         Ang**2 cal/Ang**2/mol   kcal/mol 
----------------------------------------------- 
      H        141.872      48.690       6.908
      C         35.010     129.740       4.542
      O         30.673       0.000       0.000

 Subtotal:     207.555                  11.450
 -----------------------------------------------

  Elements    COT*SASA   Sigma Z,Z'     Total   
    Z,Z'       Ang**2  cal/Ang**2/mol kcal/mol  
 ---------------------------------------------- 
  H   C         95.383     -60.770      -5.796
  H   O          0.000       0.000       0.000
  C   C         26.510     -72.950      -1.934
  O   C         15.371      68.690       1.056
  O   O          0.000       0.000       0.000

 Subtotal:                              -6.674
 ---------------------------------------------- 

 NONAQUEOUS SOLVENT CONTRIBUTION (kcal/mol):
 (proportional to SASA, atomic number independent)
 ---------------------------------------------- 
 Subtotal:                               0.000
 ---------------------------------------------- 

 CDS TOTAL (kcal/mol):                   4.775
...............................................................................
