----------------------------------------------- 
  Element       SASA      Sigma Z        Total  
     Z         Ang**2 cal/Ang**2/mol   kcal/mol 
----------------------------------------------- 
      H        142.901      48.690       6.958
      C         36.193     129.740       4.696
      O         30.424       0.000       0.000

 Subtotal:     209.517                  11.653
 -----------------------------------------------

  Elements    COT*SASA   Sigma Z,Z'     Total   
    Z,Z'       Ang**2  cal/Ang**2/mol kcal/mol  
 ---------------------------------------------- 
  H   C         96.054     -60.770      -5.837
  H   O          0.000       0.000       0.000
  C   C         26.212     -72.950      -1.912
  O   C         15.132      68.690       1.039
  O   O          0.000       0.000       0.000

 Subtotal:                              -6.710
 ---------------------------------------------- 

 NONAQUEOUS SOLVENT CONTRIBUTION (kcal/mol):
 (proportional to SASA, atomic number independent)
 ---------------------------------------------- 
 Subtotal:                               0.000
 ---------------------------------------------- 

 CDS TOTAL (kcal/mol):                   4.944
...............................................................................
