----------------------------------------------- 
  Element       SASA      Sigma Z        Total  
     Z         Ang**2 cal/Ang**2/mol   kcal/mol 
----------------------------------------------- 
      H        125.209      48.690       6.096
      C         20.007     129.740       2.596
      N         11.913       0.000       0.000

 Subtotal:     157.129                   8.692
 -----------------------------------------------

  Elements    COT*SASA   Sigma Z,Z'     Total   
    Z,Z'       Ang**2  cal/Ang**2/mol kcal/mol  
 ---------------------------------------------- 
  H   C         69.569     -60.770      -4.228
  C   C         16.889     -72.950      -1.232
  C   N          1.814       0.000       0.000
  N   C         38.299     -48.220      -1.847
  N  C(3)        0.000      84.100       0.000

 Subtotal:                              -7.307
 ---------------------------------------------- 

 NONAQUEOUS SOLVENT CONTRIBUTION (kcal/mol):
 (proportional to SASA, atomic number independent)
 ---------------------------------------------- 
 Subtotal:                               0.000
 ---------------------------------------------- 

 CDS TOTAL (kcal/mol):                   1.386
...............................................................................
