----------------------------------------------- 
  Element       SASA      Sigma Z        Total  
     Z         Ang**2 cal/Ang**2/mol   kcal/mol 
----------------------------------------------- 
      H        138.634      48.690       6.750
      C         35.936     129.740       4.662
      O         32.431       0.000       0.000

 Subtotal:     207.002                  11.412
 -----------------------------------------------

  Elements    COT*SASA   Sigma Z,Z'     Total   
    Z,Z'       Ang**2  cal/Ang**2/mol kcal/mol  
 ---------------------------------------------- 
  H   C         93.440     -60.770      -5.678
  H   O          0.000       0.000       0.000
  C   C         21.799     -72.950      -1.590
  O   C         17.565      68.690       1.207
  O   O          0.000       0.000       0.000

 Subtotal:                              -6.062
 ---------------------------------------------- 

 NONAQUEOUS SOLVENT CONTRIBUTION (kcal/mol):
 (proportional to SASA, atomic number independent)
 ---------------------------------------------- 
 Subtotal:                               0.000
 ---------------------------------------------- 

 CDS TOTAL (kcal/mol):                   5.350
...............................................................................
