----------------------------------------------- 
  Element       SASA      Sigma Z        Total  
     Z         Ang**2 cal/Ang**2/mol   kcal/mol 
----------------------------------------------- 
      H        141.160      48.690       6.873
      C         37.226     129.740       4.830
      O         30.138       0.000       0.000

 Subtotal:     208.523                  11.703
 -----------------------------------------------

  Elements    COT*SASA   Sigma Z,Z'     Total   
    Z,Z'       Ang**2  cal/Ang**2/mol kcal/mol  
 ---------------------------------------------- 
  H   C         95.167     -60.770      -5.783
  H   O          0.000       0.000       0.000
  C   C         27.241     -72.950      -1.987
  O   C         16.230      68.690       1.115
  O   O          0.000       0.000       0.000

 Subtotal:                              -6.656
 ---------------------------------------------- 

 NONAQUEOUS SOLVENT CONTRIBUTION (kcal/mol):
 (proportional to SASA, atomic number independent)
 ---------------------------------------------- 
 Subtotal:                               0.000
 ---------------------------------------------- 

 CDS TOTAL (kcal/mol):                   5.047
...............................................................................
