----------------------------------------------- 
  Element       SASA      Sigma Z        Total  
     Z         Ang**2 cal/Ang**2/mol   kcal/mol 
----------------------------------------------- 
      H        142.615      48.690       6.944
      C         36.399     129.740       4.722
      O         30.072       0.000       0.000

 Subtotal:     209.086                  11.666
 -----------------------------------------------

  Elements    COT*SASA   Sigma Z,Z'     Total   
    Z,Z'       Ang**2  cal/Ang**2/mol kcal/mol  
 ---------------------------------------------- 
  H   C         95.861     -60.770      -5.825
  H   O          0.000       0.000       0.000
  C   C         26.434     -72.950      -1.928
  O   C         15.937      68.690       1.095
  O   O          0.000       0.000       0.000

 Subtotal:                              -6.659
 ---------------------------------------------- 

 NONAQUEOUS SOLVENT CONTRIBUTION (kcal/mol):
 (proportional to SASA, atomic number independent)
 ---------------------------------------------- 
 Subtotal:                               0.000
 ---------------------------------------------- 

 CDS TOTAL (kcal/mol):                   5.007
...............................................................................
