20
 energy: -27.120942423591 gnorm: 0.035236213635 xtb: 6.7.1 (edcfbbe)
C           -2.69884764372855       -1.25096509673710       -0.31457009177810
C           -2.59824937858443        0.21061102436515        0.11244937271766
C           -1.27023125148852        0.52244363815118        0.80079967582109
C           -0.09201264129643        0.40894260014357       -0.12721650968810
O           -0.11191460811752        0.68314996966523       -1.31703155807675
O            1.01890444672388       -0.00138250328948        0.51216425314509
C            2.24093810189309       -0.08128274885162       -0.29102865424119
C            3.34440381692307       -0.54398125687905        0.62474495485097
H           -2.60007385158392       -1.91655019410034        0.55003110500503
H           -3.66206318124527       -1.45781802694672       -0.79097571189065
H           -1.91072849794461       -1.51191163197364       -1.03000170783255
H           -3.40726218347144        0.44981509990188        0.81086484106480
H           -2.72223580646964        0.86909895763922       -0.75412218126062
H           -1.11167838172715       -0.12543852399061        1.66814080312806
H           -1.26194825843364        1.55761606707219        1.16983983825969
H            2.06614719029416       -0.78418224808342       -1.11105793752041
H            2.44277359656449        0.90923885655428       -0.70951277694728
H            4.27465056686156       -0.61760549078471        0.05337599763968
H            3.49988851941343        0.16478698324561        1.44324052620335
H            3.12118466132317       -1.52888634296628        1.04454958069416
20
 energy: -27.122149077720 gnorm: 0.013378505242 xtb: 6.7.1 (edcfbbe)
C           -2.69407545447097       -1.24817925767273       -0.30910141473234
C           -2.59649295171649        0.21015211485590        0.11520560084779
C           -1.26589762866003        0.51742204095968        0.80057773453717
C           -0.09124936777332        0.40967183031667       -0.13335356087044
O           -0.10945524154907        0.68020855243770       -1.31655154905296
O            1.01211184287798        0.00335586382863        0.49907402600303
C            2.23218325494048       -0.08276393175158       -0.28367324970569
C            3.34788447674582       -0.54519410806374        0.62503986345238
H           -2.59567135336296       -1.90807909952110        0.55257262421219
H           -3.65365673210310       -1.44420994579193       -0.78446830116775
H           -1.90675915186586       -1.49325734121729       -1.02240016396247
H           -3.40804918114726        0.44239621390240        0.80877904748739
H           -2.70512395134229        0.85552877502659       -0.76018064448578
H           -1.09810845388028       -0.13738468525188        1.65760344918152
H           -1.26836160079955        1.54993409318671        1.16608251139791
H            2.05467470633697       -0.78215095531865       -1.10523473637132
H            2.42950509948425        0.90642943051597       -0.70577655062487
H            4.27267485588530       -0.61783177773704        0.05552869564543
H            3.49052670789784        0.16080936125633        1.44013147577851
H            3.11498534040830       -1.52115804182534        1.04482896172425
20
 energy: -27.122374472755 gnorm: 0.004213011945 xtb: 6.7.1 (edcfbbe)
C           -2.68919022371124       -1.24922913447358       -0.30658669124400
C           -2.59101956397663        0.21033187684205        0.11670708210303
C           -1.26049036344152        0.51597935420089        0.80449693687581
C           -0.08992924434375        0.41126069483044       -0.13728820713826
O           -0.10933506673294        0.68193151997693       -1.31902182616996
O            1.00814709457531        0.00624563841852        0.49073300506119
C            2.22225641467158       -0.08260647017825       -0.28276211914168
C            3.34084651911378       -0.54521967014552        0.62806390131018
H           -2.59078907500484       -1.90599004618588        0.55386044603741
H           -3.64720277402449       -1.44122489610699       -0.78110566417229
H           -1.90216114978541       -1.48838487090848       -1.01823501901707
H           -3.40319187267179        0.44525677383579        0.80541390219214
H           -2.68725959475791        0.84974565501197       -0.76273489912683
H           -1.08594575546977       -0.14728893956053        1.65162730126426
H           -1.26768764560378        1.54534225256483        1.17198913958000
H            2.04926715197097       -0.78236755287704       -1.10593025302177
H            2.42421369006608        0.90469060586829       -0.70916758329673
H            4.26061881845298       -0.61648190220280        0.05715070293118
H            3.47743057119083        0.16153388289315        1.44043807543243
H            3.10306728538831       -1.51782563966849        1.04703558883490
20
 energy: -27.122408746642 gnorm: 0.001704265344 xtb: 6.7.1 (edcfbbe)
C           -2.68618386190582       -1.25027850024672       -0.30499375453285
C           -2.58894973101011        0.21088761192090        0.11673546246226
C           -1.25890330813971        0.51574397007197        0.80655252264073
C           -0.08949566377779        0.41555959423362       -0.13848086456684
O           -0.11189010624849        0.68762031197379       -1.32066998364001
O            1.00763717539519        0.00826243197008        0.48684723738756
C            2.21870568531237       -0.08273271366221       -0.28471890867141
C            3.33598223152222       -0.54549646093632        0.62951491927674
H           -2.58738349811492       -1.90592813110351        0.55630102756136
H           -3.64415279195157       -1.44274645115362       -0.77943455862572
H           -1.89866931858216       -1.48911071590682       -1.01629093915789
H           -3.40266887877969        0.44845312328408        0.80213876371219
H           -2.68019541192343        0.84863883752522       -0.76414990144673
H           -1.08099769428272       -0.15280633576280        1.64848289820356
H           -1.26735099540038        1.54268530703104        1.17925043599200
H            2.04912170795884       -0.78380659693202       -1.10826016471049
H            2.42564509068736        0.90298285616935       -0.71396634397561
H            4.25606852911987       -0.61759933540749        0.05986444736539
H            3.46998649101951        0.16275475933880        1.44115712038134
H            3.09533956500719       -1.51738443027202        1.04880440363837
20
 energy: -27.122424662637 gnorm: 0.002027119023 xtb: 6.7.1 (edcfbbe)
C           -2.68263785056636       -1.25145000294971       -0.30211194416137
C           -2.58642458467220        0.21182100261568        0.11552971473374
C           -1.25781134295786        0.51537215014796        0.80867183387274
C           -0.09000414963248        0.42217994385062       -0.14030021617144
O           -0.11667178953170        0.70242081041002       -1.32153117763011
O            1.00783347268931        0.01111131435243        0.48070603974469
C            2.21626283951188       -0.08285255850252       -0.28922241442649
C            3.32961198447030       -0.54600291365123        0.63104814950678
H           -2.58284961316037       -1.90469205559581        0.56166794443891
H           -3.64056563422890       -1.44732957394166       -0.77639349833520
H           -1.89413050049227       -1.49213862506487       -1.01254549671276
H           -3.40309209193198        0.45351698941223        0.79594626164349
H           -2.67216891988881        0.84727100548782       -0.76759033695561
H           -1.07651673889808       -0.16175862763915        1.64305387850263
H           -1.26690556075120        1.53813302657049        1.19263307490834
H            2.05021312475487       -0.78653672722245       -1.11209436075174
H            2.42974607841607        0.90038440869707       -0.72256325120174
H            4.25279851475254       -0.62108525341359        0.06620138834264
H            3.46031996980573        0.16429247861683        1.44216035376018
H            3.08463800821729       -1.51695766004486        1.05141787618627
20
 energy: -27.122429009816 gnorm: 0.001188444682 xtb: 6.7.1 (edcfbbe)
C           -2.68254284209233       -1.25161665227256       -0.30148185197795
C           -2.58633552003255        0.21166236195278        0.11485366936673
C           -1.25811779362780        0.51516569861439        0.80831636767916
C           -0.08987270830463        0.42480135540485       -0.14014175955947
O           -0.11653499053795        0.70655378649523       -1.32074099072602
O            1.00793600102969        0.01146627528310        0.48010946228801
C            2.21699662121176       -0.08313004838454       -0.28998322118496
C            3.32949593810034       -0.54631949811810        0.63083698754813
H           -2.58288031437605       -1.90405159645836        0.56294340343243
H           -3.64033892775758       -1.44829966790473       -0.77567902789989
H           -1.89396958666472       -1.49327621707713       -1.01154909031016
H           -3.40341662201800        0.45383960452007        0.79474770722645
H           -2.67199958067047        0.84665964904170       -0.76868584499594
H           -1.07703568741461       -0.16285220993836        1.64210201974994
H           -1.26779601963679        1.53729602093179        1.19410647923066
H            2.05018051068221       -0.78700479732838       -1.11237607543449
H            2.43030589679864        0.89998316124232       -0.72323131210413
H            4.25346323392009       -0.62215724915836        0.06720943189208
H            3.46011256648964        0.16400220350333        1.44191517469583
H            3.08399504080685       -1.51702304821374        1.05141229037755
20
 energy: -27.122433057060 gnorm: 0.001146272119 xtb: 6.7.1 (edcfbbe)
C           -2.68227153374510       -1.25243027458980       -0.29901381957615
C           -2.58555462948525        0.21134443597425        0.11233186510888
C           -1.25863489136980        0.51438724593095        0.80746816015743
C           -0.08992827609649        0.43039619599037       -0.14029500138575
O           -0.11471757647203        0.72253345913703       -1.31772525318861
O            1.00740852967121        0.01095279718009        0.47798296692236
C            2.21866076819083       -0.08367246448952       -0.29203873950982
C            3.32881506990117       -0.54715734028803        0.63026679734741
H           -2.58367232957842       -1.90171715919924        0.56779493291382
H           -3.63951068193448       -1.45105045027940       -0.77323137349002
H           -1.89327788691245       -1.49749751221058       -1.00736088251688
H           -3.40389255474796        0.45605214611996        0.79007153500538
H           -2.66961554622545        0.84408189659881       -0.77320572053054
H           -1.07807452459469       -0.16729956288715        1.63851032560145
H           -1.27000112123598        1.53441016152623        1.19907764479381
H            2.05012508420791       -0.78806671977557       -1.11316763785937
H            2.43085413625682        0.89929663247062       -0.72487527306904
H            4.25457048405565       -0.62496738942063        0.06973088338177
H            3.45885328574693        0.16318790210215        1.44120949677715
H            3.08150941027335       -1.51708486775524        1.05115291241068
20
 energy: -27.122435317727 gnorm: 0.000556599380 xtb: 6.7.1 (edcfbbe)
C           -2.68202295959280       -1.25314457398108       -0.29848056076624
C           -2.58508397610807        0.21118688671931        0.11190708686109
C           -1.25839183235514        0.51456455846109        0.80782371984448
C           -0.08940538095146        0.43223401724101       -0.13994373149092
O           -0.11371058792534        0.72619749447931       -1.31710104753475
O            1.00682026706070        0.00985974254845        0.47763460866293
C            2.21785691912124       -0.08402556100510       -0.29214252565503
C            3.32821152211425       -0.54746806879581        0.63027373987887
H           -2.58430834709028       -1.90171691740815        0.56892367677308
H           -3.63904764082342       -1.45147877141433       -0.77324675934970
H           -1.89251414073237       -1.49880304533601       -1.00602062866492
H           -3.40387628707023        0.45697276712864        0.78857974131666
H           -2.66764324806295        0.84312533675133       -0.77426267456660
H           -1.07713194887232       -0.16786429491305        1.63803079875234
H           -1.27071454127349        1.53432110889057        1.19974555714800
H            2.05015010821255       -0.78808794579315       -1.11382978563161
H            2.43007222841997        0.89921201996512       -0.72463236492815
H            4.25354906871259       -0.62498321176623        0.06921419737537
H            3.45806557944275        0.16300720984971        1.44115473776202
H            3.08077041367956       -1.51740961948635        1.05105603350703
20
 energy: -27.122438723316 gnorm: 0.000594261545 xtb: 6.7.1 (edcfbbe)
C           -2.68154095481979       -1.25485561439966       -0.29676997341300
C           -2.58413321062585        0.21090368529336        0.11017552266319
C           -1.25841009297349        0.51517115393773        0.80842441247601
C           -0.08870006282917        0.43537351753501       -0.13890282934199
O           -0.11049281229152        0.73866237029132       -1.31414272900913
O            1.00495380407279        0.00496342872501        0.47681050480144
C            2.21634154104241       -0.08506185025119       -0.29228091955404
C            3.32745389647448       -0.54834064206164        0.62974741824893
H           -2.58707459965401       -1.90126631288429        0.57260792046650
H           -3.63765308459202       -1.45277682212579       -0.77361640950364
H           -1.89030219843580       -1.50312305904314       -1.00149937050007
H           -3.40425069906901        0.45958518842124        0.78398102321376
H           -2.66312750150382        0.84049826901441       -0.77787266477776
H           -1.07626277143476       -0.16846230961741        1.63720506504937
H           -1.27301112746345        1.53446319310033        1.20098073623963
H            2.05089210851298       -0.78790207454242       -1.11558357997299
H            2.42723944848160        0.89938572742805       -0.72302231767203
H            4.25205520436017       -0.62491777751822        0.06752805917699
H            3.45723608959746        0.16200400576374        1.44081403076793
H            3.08043223905656       -1.51860494493117        1.05009991993483
20
 energy: -27.122438689579 gnorm: 0.001723407074 xtb: 6.7.1 (edcfbbe)
C           -2.68105895004678       -1.25656665481824       -0.29505938605976
C           -2.58318244514363        0.21062048386742        0.10844395846528
C           -1.25842835359185        0.51577774941437        0.80902510510754
C           -0.08799474470689        0.43851301782902       -0.13786192719306
O           -0.10727503665770        0.75112724610333       -1.31118441048350
O            1.00308734108488        0.00006711490157        0.47598640093995
C            2.21482616296357       -0.08609813949728       -0.29241931345304
C            3.32669627083472       -0.54921321532748        0.62922109661898
H           -2.58984085221774       -1.90081570836043        0.57629216415993
H           -3.63625852836063       -1.45407487283725       -0.77398605965757
H           -1.88809025613924       -1.50744307275026       -0.99697811233522
H           -3.40462511106778        0.46219760971384        0.77938230511086
H           -2.65861175494469        0.83787120127749       -0.78148265498892
H           -1.07539359399720       -0.16906032432177        1.63637933134641
H           -1.27530771365342        1.53460527731009        1.20221591533126
H            2.05163410881341       -0.78771620329168       -1.11733737431436
H            2.42440666854324        0.89955943489097       -0.72141227041591
H            4.25056134000775       -0.62485234327021        0.06584192097862
H            3.45640659975217        0.16100080167778        1.44047332377384
H            3.08009406443356       -1.51980027037599        1.04914380636264
20
 energy: -27.122441575225 gnorm: 0.000780272525 xtb: 6.7.1 (edcfbbe)
C           -2.68059634985579       -1.25671809680933       -0.29455701343205
C           -2.58301285048290        0.21036227887861        0.10778261839535
C           -1.25897728448447        0.51616168730875        0.80893736117827
C           -0.08795462833237        0.44070938621265       -0.13720565439297
O           -0.10705014324578        0.75542671773083       -1.30958056706557
O            1.00281106897834       -0.00107951795218        0.47541010204836
C            2.21500028629343       -0.08681818524724       -0.29286347381529
C            3.32671532164655       -0.54967536265965        0.62873460626712
H           -2.59034420243461       -1.90016765342454        0.57746465707181
H           -3.63516116311901       -1.45505333526555       -0.77437945244095
H           -1.88688126843412       -1.50849335810448       -0.99528820740683
H           -3.40507376053709        0.46202976195957        0.77803090982766
H           -2.65842351403933        0.83711127220810       -0.78255580482645
H           -1.07650113181193       -0.16856346394767        1.63665798628351
H           -1.27667578567020        1.53495576212323        1.20255733613633
H            2.05186917889641       -0.78824747832747       -1.11783669485105
H            2.42389394014394        0.89908620024580       -0.72134480170557
H            4.25106127105160       -0.62533981820737        0.06595983226801
H            3.45648474569019        0.16034875793939        1.44011037584719
H            3.08046148565288       -1.52033642252615        1.04864970390707
20
 energy: -27.122444481044 gnorm: 0.000260049235 xtb: 6.7.1 (edcfbbe)
C           -2.67881459300807       -1.25757760999892       -0.29309085374558
C           -2.58254163514209        0.20997700061837        0.10610923810862
C           -1.26012511017360        0.51742978674031        0.80915082291712
C           -0.08806117033068        0.44405923436619       -0.13563096799684
O           -0.10513147418893        0.76813677199705       -1.30517090082795
O            1.00108532284833       -0.00624039674766        0.47419961215244
C            2.21415924185429       -0.08878791282633       -0.29346001950539
C            3.32640912195499       -0.55081389031467        0.62753264805375
H           -2.59214539694615       -1.89901950977181        0.58075211105498
H           -3.63150633352926       -1.45713973032003       -0.77608577321889
H           -1.88257792016555       -1.51162749322399       -0.99013601802217
H           -3.40614544590505        0.46250146901222        0.77424513011881
H           -2.65677257533568        0.83514613020314       -0.78551817225022
H           -1.07853670514628       -0.16665093133651        1.63772777313306
H           -1.27985086091117        1.53643327279036        1.20249374918589
H            2.05252169100310       -0.78946991333681       -1.11925222523551
H            2.42099906241794        0.89810764725152       -0.72047439760998
H            4.25106116165051       -0.62546120077976        0.06490679750206
H            3.45606040094795        0.15868371415875        1.43934565940554
H            3.08155843401113       -1.52198730634613        1.04703960607420
20
 energy: -27.122446494600 gnorm: 0.000431077052 xtb: 6.7.1 (edcfbbe)
C           -2.67593212627490       -1.25918215125050       -0.29119116117124
C           -2.58161989758419        0.20938420876325        0.10419646739010
C           -1.26118685060887        0.51961943799323        0.80980641926068
C           -0.08798983477350        0.44925092642240       -0.13372153107742
O           -0.10223202977789        0.78588313992711       -1.29984418334704
O            0.99841002653790       -0.01281661898088        0.47253363839470
C            2.21223611994301       -0.09165565820970       -0.29440941381171
C            3.32519679196148       -0.55246180292189        0.62624699624335
H           -2.59373766697822       -1.89797158208752        0.58505680694279
H           -3.62613710621649       -1.46036628243535       -0.77848571261083
H           -1.87607013397076       -1.51551583607065       -0.98331842282985
H           -3.40727466809304        0.46307857936823        0.76940057622593
H           -2.65392098518212        0.83235471877286       -0.78917948318107
H           -1.07975540835742       -0.16417801119967        1.63867864414060
H           -1.28391154485453        1.53875983568353        1.20284734047877
H            2.05264529713083       -0.79167003075539       -1.12114023802878
H            2.41687429171882        0.89627932471184       -0.72008180423319
H            4.24999409231010       -0.62553646683718        0.06354169451710
H            3.45414897883039        0.15668539308764        1.43848053038852
H            3.08190787014514       -1.52424199184608        1.04526665560256
20
 energy: -27.122448785982 gnorm: 0.000453225194 xtb: 6.7.1 (edcfbbe)
C           -2.67053200540853       -1.26110020813121       -0.28915700603167
C           -2.58062623634932        0.20871985612095        0.10252594544289
C           -1.26253610042299        0.52330281507054        0.81084156733773
C           -0.08819820894405        0.45568825541718       -0.13138317590033
O           -0.09876811834838        0.80754159674376       -1.29308334819286
O            0.99449871531469       -0.02071088575010        0.47022410480696
C            2.20894689490170       -0.09599478295430       -0.29585406463116
C            3.32285934963218       -0.55467787751549        0.62476499832191
H           -2.59354738767912       -1.89725395868420        0.58944970411036
H           -3.61726608033869       -1.46473479941919       -0.78216543926137
H           -1.86583389058847       -1.51879140355033       -0.97518289069224
H           -3.40866062612909        0.46243246364447        0.76473211953261
H           -2.65157294954964        0.82949220704887       -0.79250219215622
H           -1.08067978221796       -0.15945143157789        1.64044776357126
H           -1.28934828276624        1.54290955176141        1.20244966447087
H            2.05174715440013       -0.79607399580330       -1.12299909596700
H            2.41127509812841        0.89264757090676       -0.72107664508636
H            4.24785244222059       -0.62528202019896        0.06203776421177
H            3.45020369435804        0.15430990343811        1.43740302822186
H            3.08183153569250       -1.52727372443180        1.04321101718496
20
 energy: -27.122451285133 gnorm: 0.000395338555 xtb: 6.7.1 (edcfbbe)
C           -2.66497246195100       -1.26239663667903       -0.28827191477588
C           -2.57986360137304        0.20807677951625        0.10223657584098
C           -1.26338808199532        0.52711888325021        0.81185401824093
C           -0.08860810335792        0.46116600627009       -0.12995928888551
O           -0.09685181578944        0.82250120756235       -1.28876739281508
O            0.99131680768322       -0.02509259506399        0.46829560454581
C            2.20589249462926       -0.09999647626824       -0.29740551847173
C            3.32017800577572       -0.55643810277556        0.62397461501498
H           -2.59029450021055       -1.89732639846644        0.59136194511841
H           -3.60910948374245       -1.46872056504636       -0.78513992432968
H           -1.85670248123499       -1.51896773963673       -0.97047223767899
H           -3.40943422501676        0.45995508090827        0.76317054118257
H           -2.65138844373776        0.82797437634794       -0.79333664740358
H           -1.08055170290251       -0.15451217025416        1.64212301341663
H           -1.29344697150016        1.54719549535951        1.20191546377202
H            2.04964792563777       -0.80138500553766       -1.12363643271102
H            2.40730752110539        0.88826096376356       -0.72398190680721
H            4.24559699614948       -0.62521387606558        0.06175317739153
H            3.44555485537052        0.15294571952406        1.43659135725664
H            3.08076248236629       -1.52944581457321        1.04237877139215
20
 energy: -27.122454608294 gnorm: 0.000377313391 xtb: 6.7.1 (edcfbbe)
C           -2.65850642896181       -1.26311103129888       -0.28830135497804
C           -2.57961443262628        0.20758669947549        0.10324967783829
C           -1.26400842896844        0.53128647318756        0.81267652790776
C           -0.08924826722942        0.46605864725899       -0.12932852776154
O           -0.09604290054065        0.83263707080001       -1.28640741621696
O            0.98839732021771       -0.02723954613647        0.46656989775915
C            2.20287588759489       -0.10419957582230       -0.29909980633392
C            3.31709852548520       -0.55792342634124        0.62379486006046
H           -2.58328411539174       -1.89833990008324        0.59101102472348
H           -3.60089888122511       -1.47237759820892       -0.78709458224347
H           -1.84804059567875       -1.51623171285321       -0.96908435473581
H           -3.40991278155321        0.45560359739957        0.76470094239632
H           -2.65379871002393        0.82790212955069       -0.79181274564617
H           -1.07941671315312       -0.14874467456725        1.64381524541557
H           -1.29703595172660        1.55196543496853        1.20060853887196
H            2.04654429141532       -0.80815436103646       -1.12314782727669
H            2.40429621834086        0.88276215369837       -0.72867795695884
H            4.24322045226224       -0.62499506094872        0.06260864150433
H            3.43987787367806        0.15234343646382        1.43606550287829
H            3.07914285399051       -1.53112962337110        1.04253753208977
20
 energy: -27.122458621052 gnorm: 0.000299113338 xtb: 6.7.1 (edcfbbe)
C           -2.64928623849285       -1.26419849102933       -0.28845937354082
C           -2.57907826668250        0.20662591185268        0.10469639606846
C           -1.26486973474018        0.53766260850107        0.81376870337912
C           -0.09013674851348        0.47398283405589       -0.12853275798524
O           -0.09474040091356        0.84929704205072       -1.28312185911353
O            0.98396471135520       -0.03100061372137        0.46388456056427
C            2.19854029194186       -0.11083207388335       -0.30162439539335
C            3.31263700373912       -0.56008596968503        0.62366096941886
H           -2.57147274897909       -1.89972030568329        0.59042796860820
H           -3.58978991678810       -1.47836817443153       -0.78876023506326
H           -1.83631735562073       -1.51188076415490       -0.96828874759779
H           -3.41041498456766        0.44881339584186        0.76701971956174
H           -2.65759965927472        0.82745675313651       -0.78965829449791
H           -1.07760804858950       -0.14017671553626        1.64602613805794
H           -1.30239137838020        1.55913066420905        1.19890568935181
H            2.04221177514991       -0.81869057872189       -1.12232275721938
H            2.39958073609799        0.87425186367050       -0.73563158587091
H            4.23993137084073       -0.62491134837901        0.06422458925258
H            3.43160274215721        0.15174938562515        1.43515038057402
H            3.07688206616630       -1.53340629158221        1.04331871073916
20
 energy: -27.122462224745 gnorm: 0.000241350327 xtb: 6.7.1 (edcfbbe)
C           -2.63864244715796       -1.26492267022479       -0.28926351827651
C           -2.57882048070248        0.20570244714303        0.10658929707125
C           -1.26614734921351        0.54496010568427        0.81492735379311
C           -0.09147749171623        0.48100761419832       -0.12739485749916
O           -0.09383951629022        0.86414590363057       -1.27936659650513
O            0.97914930518034       -0.03499460719049        0.46153863514394
C            2.19361610343795       -0.11800459871317       -0.30383658715395
C            3.30804232247804       -0.56234531351446        0.62346750448099
H           -2.55577593536220       -1.90165399917941        0.58830855017051
H           -3.57782060673650       -1.48484122877634       -0.78956601811441
H           -1.82423902200593       -1.50555117054205       -0.96998582746184
H           -3.41098604996749        0.44060879689514        0.77055766499239
H           -2.66302435842775        0.82770295692719       -0.78646557429629
H           -1.07639005941246       -0.12917685210945        1.64958589412761
H           -1.30834266722442        1.56788884580391        1.19557793830549
H            2.03742748812679       -0.83021867439537       -1.12078156659663
H            2.39401053590816        0.86499203474242       -0.74287166883850
H            4.23618902873849       -0.62524484333219        0.06524684729935
H            3.42383240359627        0.15130883021675        1.43379849717667
H            3.07488401265687       -1.53566444512864        1.04461785147507
20
 energy: -27.122466106414 gnorm: 0.000859082083 xtb: 6.7.1 (edcfbbe)
C           -2.62477416648602       -1.26629082404400       -0.28960678765519
C           -2.57810256824530        0.20434732433127        0.10808153375983
C           -1.26796114450685        0.55402507488708        0.81649327782361
C           -0.09285677855999        0.49173322422569       -0.12548754433357
O           -0.09125831384390        0.88912679065131       -1.27301711685385
O            0.97236213768968       -0.04191537772949        0.45795852104950
C            2.18691300657520       -0.12773330133853       -0.30688054201590
C            3.30185103583677       -0.56542449834387        0.62305933155291
H           -2.53445994126830       -1.90350827179182        0.58692742712813
H           -3.56270877660573       -1.49416855142854       -0.78866663078723
H           -1.80929889366206       -1.49855575425732       -0.97204097112675
H           -3.41193555893150        0.43111459957053        0.77283490605274
H           -2.66811407292512        0.82683940091350       -0.78408553311667
H           -1.07536466581665       -0.11604309467791        1.65373631461327
H           -1.31694803942802        1.57839514390073        1.19223760531073
H            2.03163635133455       -0.84520217538085       -1.11939346350080
H            2.38606974301708        0.85286234926573       -0.75182291181721
H            4.23077974970048       -0.62702259294352        0.06603290064662
H            3.41438691060489        0.15125616438364        1.43120857294815
H            3.07142920142653       -1.53813649805840        1.04711492961563
20
 energy: -27.122470482489 gnorm: 0.000760512980 xtb: 6.7.1 (edcfbbe)
C           -2.60873816938666       -1.26762968543702       -0.29084969170425
C           -2.57709331600731        0.20253972677021        0.10991549380612
C           -1.27017218768499        0.56486145050655        0.81849491031228
C           -0.09462513057074        0.50311404760216       -0.12284236300806
O           -0.08859984476836        0.91446968501180       -1.26538764436308
O            0.96463110466513       -0.04852754216301        0.45453009423755
C            2.17902413017396       -0.13835370725400       -0.30984711942278
C            3.29475935045086       -0.56897272068451        0.62253161676593
H           -2.50635908360330       -1.90565468721884        0.58390772792588
H           -3.54639308709203       -1.50564025420738       -0.78589706677688
H           -1.79368394472625       -1.48877169791817       -0.97766797195868
H           -3.41268914662675        0.41922544721835        0.77586009020313
H           -2.67443033326819        0.82591188589411       -0.78087630065537
H           -1.07473519008041       -0.09994877161207        1.65923391829079
H           -1.32655696405915        1.59112600993299        1.18787553751979
H            2.02426669558337       -0.86189919696596       -1.11706182323853
H            2.37713781586687        0.83926764915379       -0.76180486383729
H            4.22392864258847       -0.63128268454688        0.06602506013041
H            3.40557864810292        0.15193716086618        1.42713115723596
H            3.06639522634827       -1.54007298281310        1.05141305783106
20
 energy: -27.122474956846 gnorm: 0.001240672969 xtb: 6.7.1 (edcfbbe)
C           -2.59032432855364       -1.26944776017999       -0.29155130647633
C           -2.57575066016893        0.20051210009515        0.11096004599019
C           -1.27296378869271        0.57630996504937        0.82061909850646
C           -0.09620798895369        0.51714730673403       -0.11933664801708
O           -0.08424587435601        0.94710679109319       -1.25525876350622
O            0.95555848063805       -0.05665435796362        0.45035075527035
C            2.17004521917859       -0.15009818957195       -0.31326551441955
C            3.28653476564171       -0.57318462357530        0.62174249159169
H           -2.47353217298144       -1.90735342550634        0.58155502436376
H           -3.52817953210046       -1.51910668302637       -0.78046725092348
H           -1.77725184653749       -1.47932416211496       -0.98427747285005
H           -3.41367012169876        0.40710531377621        0.77715364989914
H           -2.67988958983701        0.82398481302145       -0.77896790566500
H           -1.07464935129439       -0.08336643951842        1.66467935888345
H           -1.33855927678009        1.60412197005339        1.18391168194781
H            2.01602403306530       -0.87981923329544       -1.11500761494585
H            2.36679575250421        0.82451683322350       -0.77220172669554
H            4.21540465414395       -0.63915440696506        0.06513541607905
H            3.39762693015494        0.15364455617281        1.42101542669829
H            3.05887991253360       -1.54124123536646        1.05789507356287
20
 energy: -27.122476929317 gnorm: 0.000446233326 xtb: 6.7.1 (edcfbbe)
C           -2.59055329928300       -1.26960501739999       -0.29134186539914
C           -2.57558343307626        0.20031592937110        0.11037721708578
C           -1.27318304513054        0.57615602834732        0.82043915961789
C           -0.09605285782395        0.51728812594629       -0.11891214598740
O           -0.08324202847621        0.94868791664107       -1.25348897954213
O            0.95524509456638       -0.05693904090136        0.44996517212934
C            2.17010013704913       -0.14974916782737       -0.31328644481009
C            3.28651584321174       -0.57334143775349        0.62148798399615
H           -2.47339834301784       -1.90660462471371        0.58209172266780
H           -3.52841181012901       -1.51980319211201       -0.77973753758880
H           -1.77778072044603       -1.47982111391739       -0.98412524085265
H           -3.41364783555102        0.40712404721939        0.77619054640127
H           -2.67943392882261        0.82335122150276       -0.77982885948849
H           -1.07534376307802       -0.08373528778503        1.66443308001927
H           -1.33874821431625        1.60377959817638        1.18403113275907
H            2.01615441504380       -0.87892510068910       -1.11545108642479
H            2.36693546775644        0.82515512277296       -0.77146247324606
H            4.21510631426078       -0.64139502936952        0.06454882098518
H            3.39925855975382        0.15422807240596        1.41986518066024
H            3.05770866341438       -1.54046791777908        1.05888843631154
20
 energy: -27.122478108973 gnorm: 0.000447605974 xtb: 6.7.1 (edcfbbe)
C           -2.59041123313678       -1.27003648751038       -0.29102375370452
C           -2.57541526539354        0.20012927339877        0.10973818721162
C           -1.27341720939204        0.57596817976234        0.82045791134327
C           -0.09575657042140        0.51822702392469       -0.11841930270363
O           -0.08244896263762        0.95114481074412       -1.25243323830244
O            0.95499895140813       -0.05726952071191        0.44975504988989
C            2.17011899307672       -0.14939528870723       -0.31333059831379
C            3.28633019133958       -0.57367383136790        0.62130506847754
H           -2.47301680090371       -1.90638304629427        0.58281236888625
H           -3.52843997116948       -1.52055426223786       -0.77889437733534
H           -1.77793556453017       -1.48084469523887       -0.98397273058630
H           -3.41382113222719        0.40752261073835        0.77494807055664
H           -2.67863086148500        0.82279380713628       -0.78080892598788
H           -1.07596052200878       -0.08417170064294        1.66438972604777
H           -1.33939052113008        1.60343265277309        1.18434872286736
H            2.01628634543128       -0.87789801178535       -1.11610102543851
H            2.36694704759177        0.82593058378562       -0.77059367417883
H            4.21433415435120       -0.64449718257485        0.06367920021734
H            3.40134680210129        0.15492386473816        1.41844302621935
H            3.05592734504153       -1.53964964779469        1.06038411412818
20
 energy: -27.122480331529 gnorm: 0.000470634500 xtb: 6.7.1 (edcfbbe)
C           -2.58997763850919       -1.27180000826157       -0.28988379958115
C           -2.57459790610258        0.19930831141189        0.10750077053275
C           -1.27415076143173        0.57583200416290        0.82076286957147
C           -0.09526956488544        0.52094463666782       -0.11696435116894
O           -0.08007371382855        0.96135562279866       -1.24839409467789
O            0.95397599859874       -0.05886458980702        0.44899807919164
C            2.17010625696074       -0.14789038203940       -0.31335981391409
C            3.28569943962078       -0.57490161970884        0.62062310970708
H           -2.47178438346027       -1.90592224980603        0.58549167995120
H           -3.52853974691576       -1.52355750759296       -0.77619915201892
H           -1.77813231046222       -1.48447796447663       -0.98303057171604
H           -3.41457731310203        0.40892003121599        0.77009491072532
H           -2.67512942060700        0.82022710372065       -0.78461768918650
H           -1.07726423522325       -0.08551622475788        1.66388516188711
H           -1.34177648588774        1.60275611529218        1.18599770274850
H            2.01699096018453       -0.87402934523623       -1.11836477021285
H            2.36666592546088        0.82894689035853       -0.76747166322126
H            4.21136024631620       -0.65687057492163        0.06041578504422
H            3.40946101427483        0.15758038614257        1.41295649983808
H            3.04865885490478       -1.53634150302784        1.06624315579423
20
 energy: -27.122480726565 gnorm: 0.000285290038 xtb: 6.7.1 (edcfbbe)
C           -2.58928493170946       -1.27225472728852       -0.28963295098411
C           -2.57444099653808        0.19901107864913        0.10724902893481
C           -1.27427876035934        0.57617363931573        0.82086511887982
C           -0.09503380836399        0.52290514022818       -0.11637687257892
O           -0.08008423879106        0.96354565393454       -1.24767876482696
O            0.95383427456661       -0.05862526445961        0.44895542335216
C            2.16979710894479       -0.14785588108888       -0.31349409690983
C            3.28532920700520       -0.57535166123386        0.62043412679622
H           -2.47137998219036       -1.90623700280541        0.58594704107034
H           -3.52766779661775       -1.52417860187207       -0.77620596081433
H           -1.77711616691390       -1.48499494144439       -0.98239122729648
H           -3.41488615345141        0.40876043068232        0.76920501485481
H           -2.67444741625985        0.81951444826163       -0.78521938468653
H           -1.07682552627466       -0.08521374696500        1.66378645626847
H           -1.34309665140887        1.60293875988053        1.18624507424359
H            2.01663295016586       -0.87378143023266       -1.11872026044092
H            2.36654380871039        0.82905715191014       -0.76734678310897
H            4.21046132650001       -0.65962303404699        0.05990146829015
H            3.41074206822704        0.15772881452222        1.41184281838839
H            3.04684690066456       -1.53581969381186        1.06731854986228
20
 energy: -27.122480978746 gnorm: 0.000120451296 xtb: 6.7.1 (edcfbbe)
C           -2.58863717009621       -1.27236848095763       -0.28954160358762
C           -2.57429484515492        0.19894128710237        0.10726587320125
C           -1.27429310104588        0.57647869759251        0.82102377260881
C           -0.09526421227974        0.52327646405862       -0.11645361277078
O           -0.08014951264778        0.96453028939609       -1.24749069771853
O            0.95363250110114       -0.05852841886896        0.44883205091871
C            2.16947346164033       -0.14793498241396       -0.31360768001286
C            3.28498013078752       -0.57552386560923        0.62037558391718
H           -2.47121041865172       -1.90640364216381        0.58607142899290
H           -3.52669752324391       -1.52437217029199       -0.77666558247431
H           -1.77604989076363       -1.48504387117872       -0.98182464154323
H           -3.41482640128028        0.40857177899219        0.76910722866711
H           -2.67427801935794        0.81934963673558       -0.78527082018488
H           -1.07661399147048       -0.08485584502737        1.66393947765854
H           -1.34362861000840        1.60320459634860        1.18639106335390
H            2.01629583895565       -0.87405055668350       -1.11867987229762
H            2.36639374355176        0.82883039592175       -0.76770922803813
H            4.20997777905114       -0.66032638474622        0.05982876739899
H            3.41067683025924        0.15768600218588        1.41156110252894
H            3.04615862655986       -1.53576179825706        1.06753120867555
20
 energy: -27.122481298059 gnorm: 0.000193271043 xtb: 6.7.1 (edcfbbe)
C           -2.58737289097058       -1.27262382417683       -0.28946581780631
C           -2.57403412949157        0.19867686417495        0.10740088319892
C           -1.27436593732457        0.57734825873702        0.82130688443596
C           -0.09558003280750        0.52434755608191       -0.11640645214182
O           -0.08010989193492        0.96661139315115       -1.24701006002032
O            0.95320638149947       -0.05828660063299        0.44861013925780
C            2.16878675691355       -0.14833733029578       -0.31386618559089
C            3.28427048933671       -0.57592812702379        0.62022933639179
H           -2.47092484499161       -1.90659684095014        0.58631976261292
H           -3.52462239504169       -1.52501933080629       -0.77798777923958
H           -1.77366395558801       -1.48492310073509       -0.98054790028576
H           -3.41481917845037        0.40773074040292        0.76906662626560
H           -2.67425372714322        0.81896714849972       -0.78518524574341
H           -1.07623710123148       -0.08385455527566        1.66420193160669
H           -1.34448011614103        1.60404211162446        1.18659560513942
H            2.01538782297805       -0.87490136424293       -1.11851929065459
H            2.36611928383552        0.82806408593144       -0.76860238498591
H            4.20917609600193       -0.66142431103577        0.05964198222225
H            3.41022785260347        0.15764867709768        1.41104465957498
H            3.04493473385356       -1.53584231839084        1.06785712505622
20
 energy: -27.122481574225 gnorm: 0.000278512793 xtb: 6.7.1 (edcfbbe)
C           -2.58584825682578       -1.27281805040914       -0.28930835305254
C           -2.57391745137056        0.19852716329949        0.10745381137207
C           -1.27458690545806        0.57818893119344        0.82150474840776
C           -0.09581613017195        0.52548454633212       -0.11619869937323
O           -0.07991650857997        0.96891974843462       -1.24631592943806
O            0.95264830694880       -0.05830039066337        0.44834418876553
C            2.16806442270376       -0.14892970780915       -0.31417720791073
C            3.28353859392121       -0.57638106900924        0.62003268432107
H           -2.47039614007516       -1.90672444337114        0.58665349834825
H           -3.52223636526534       -1.52568077403927       -0.77922922393422
H           -1.77102748910982       -1.48475971939205       -0.97920229908226
H           -3.41494670172953        0.40687434061273        0.76903739338044
H           -2.67454498845745        0.81873135074521       -0.78515564168068
H           -1.07609558906334       -0.08279179605472        1.66448393274535
H           -1.34544227130626        1.60489924798577        1.18656611677244
H            2.01442478803011       -0.87587837888220       -1.11845414350336
H            2.36565576198295        0.82717672279061       -0.76945290865073
H            4.20841202821763       -0.66237753961238        0.05945360865346
H            3.40971312915888        0.15754869214854        1.41049993429242
H            3.04396298235559       -1.53600974216474        1.06814830886100
20
 energy: -27.122481947561 gnorm: 0.000235401262 xtb: 6.7.1 (edcfbbe)
C           -2.58408204286912       -1.27307196030581       -0.28917874555982
C           -2.57373586602802        0.19830601256106        0.10748102439211
C           -1.27490411504571        0.57927424620960        0.82174452223069
C           -0.09595438517302        0.52695027234162       -0.11576296899510
O           -0.07951455028570        0.97193449438732       -1.24527556754736
O            0.95184975016709       -0.05865300118327        0.44799884387494
C            2.16721372024840       -0.14979786109753       -0.31456352456825
C            3.28269343809574       -0.57692526214079        0.61976434731000
H           -2.46959115597734       -1.90677334401243        0.58704044302693
H           -3.51948919714335       -1.52665944060432       -0.78059940967829
H           -1.76799891514638       -1.48453606307338       -0.97773225467284
H           -3.41507276625469        0.40580090366179        0.76895397571220
H           -2.67491681613617        0.81839862935214       -0.78514113567258
H           -1.07620142223427       -0.08134284555084        1.66495982488223
H           -1.34657817526698        1.60607352160025        1.18635910096940
H            2.01335356690664       -0.87714867227360       -1.11843127349500
H            2.36490316622942        0.82604833413830       -0.77035962542482
H            4.20752817800326       -0.66334479113072        0.05916414526757
H            3.40908657089764        0.15743098553424        1.40981571174315
H            3.04305623291827       -1.53626502627845        1.06844638549881
20
 energy: -27.122482545781 gnorm: 0.000113103791 xtb: 6.7.1 (edcfbbe)
C           -2.58117915345983       -1.27353816229744       -0.28890988693655
C           -2.57344746313897        0.19794762189148        0.10738994447431
C           -1.27548793085950        0.58104094550294        0.82214619445983
C           -0.09607483019706        0.52939304905986       -0.11486977563378
O           -0.07866254270205        0.97748892665643       -1.24318217238816
O            0.95037092718387       -0.05980586529731        0.44736228808051
C            2.16582974440575       -0.15133740041053       -0.31518021934507
C            3.28138527514033       -0.57781360815434        0.61929499408362
H           -2.46782193060191       -1.90685070964173        0.58773188826274
H           -3.51520849007678       -1.52836678597573       -0.78230287975039
H           -1.76335692125218       -1.48423563835024       -0.97564851867752
H           -3.41541913540513        0.40418126538288        0.76848450206500
H           -2.67529186366213        0.81775628179440       -0.78535995937052
H           -1.07652713417014       -0.07887685483540        1.66584405290163
H           -1.34861184643301        1.60803063993913        1.18588659116028
H            2.01185400069620       -0.87920853274632       -1.11853340523203
H            2.36335534156020        0.82425872930895       -0.77156606973702
H            4.20606330300893       -0.66509870260797        0.05850843884770
H            3.40828578620695        0.15735222786822        1.40854104710707
H            3.04159007966217       -1.53661829495213        1.06904676492229
20
 energy: -27.122483392032 gnorm: 0.000152865518 xtb: 6.7.1 (edcfbbe)
C           -2.57649864171249       -1.27437161368616       -0.28849527694651
C           -2.57281409310752        0.19730989453033        0.10713938590374
C           -1.27639937718725        0.58398728223786        0.82288795887468
C           -0.09626395914339        0.53347333858814       -0.11336174738273
O           -0.07717984051590        0.98704362652342       -1.23953344062293
O            0.94783647863023       -0.06200209288948        0.44624698701137
C            2.16349571480603       -0.15390655962359       -0.31619867318605
C            3.27921500619259       -0.57925796828389        0.61854939898044
H           -2.46423311183485       -1.90698393385790        0.58877714640285
H           -3.50863343969554       -1.53138562812145       -0.78434850866040
H           -1.75633849654509       -1.48377442116821       -0.97285184654529
H           -3.41585985591228        0.40168451321371        0.76746063701917
H           -2.67552283856746        0.81656132867026       -0.78590224172690
H           -1.07705828777795       -0.07475133776886        1.66740969677690
H           -1.35205652121454        1.61130789375067        1.18511296444140
H            2.00957123209713       -0.88263093297849       -1.11876059519777
H            2.36059071137428        0.82135451253674       -0.77345932042992
H            4.20360813171128       -0.66789603872145        0.05748283290493
H            3.40693084373062        0.15714524397962        1.40651343680376
H            3.03925556057780       -1.53720797479612        1.07001502487322
20
 energy: -27.122484486797 gnorm: 0.000313462728 xtb: 6.7.1 (edcfbbe)
C           -2.56964625260966       -1.27558139052327       -0.28784493485607
C           -2.57187264174142        0.19639663901387        0.10671714380746
C           -1.27768923116363        0.58826262550024        0.82392788598254
C           -0.09656015809208        0.53941364489004       -0.11123563349963
O           -0.07485896958316        1.00130126770565       -1.23407573713764
O            0.94409458207216       -0.06537093739407        0.44451457843101
C            2.16005644082274       -0.15770067964873       -0.31765242470159
C            3.27602246543459       -0.58135176286125        0.61753226550694
H           -2.45793903813921       -1.90716525367666        0.59023389024042
H           -3.49949926686992       -1.53591440011994       -0.78625876220897
H           -1.74679795093815       -1.48295352789296       -0.96961108723820
H           -3.41653983836622        0.39817614121965        0.76579144881885
H           -2.67562570622285        0.81475691525706       -0.78683054487351
H           -1.07774266497826       -0.06878495498952        1.66959646376268
H           -1.35721094135646        1.61601045300292        1.18401369681076
H            2.00639803699036       -0.88772111707497       -1.11905275198802
H            2.35654425629178        0.81705251769886       -0.77621813292918
H            4.20006394861540       -0.67170396852707        0.05611893998402
H            3.40460788885258        0.15676611949330        1.40376587435084
H            3.03584025688709       -1.53818919893801        1.07125164103122
20
 energy: -27.122485940676 gnorm: 0.000469212029 xtb: 6.7.1 (edcfbbe)
C           -2.55986911022701       -1.27728936916105       -0.28695722746913
C           -2.57037239139621        0.19508903209544        0.10606711757323
C           -1.27941788320407        0.59442289829516        0.82540733637835
C           -0.09703668341278        0.54795322684324       -0.10832574291101
O           -0.07147590591257        1.02165183715889       -1.22628797582167
O            0.93872095978973       -0.07007238842005        0.44189050382408
C            2.15504267345994       -0.16314879269302       -0.31977969737806
C            3.27129024390221       -0.58433924997408        0.61622302902087
H           -2.44754224278692       -1.90740427344075        0.59209180699045
H           -3.48704707086949       -1.54266683594294       -0.78772521109061
H           -1.73407063437269       -1.48147878791371       -0.96612907158956
H           -3.41725637723639        0.39321382370506        0.76341206158834
H           -2.67565414453381        0.81216646916638       -0.78820774291411
H           -1.07849245540648       -0.06027784839553        1.67263026991682
H           -1.36453654314475        1.62271937664425        1.18251912691710
H            2.00185323390716       -0.89515690523824       -1.11943355929553
H            2.35080128113896        0.81078438773602       -0.78037592225801
H            4.19502039861770       -0.67653641791910        0.05460543331630
H            3.40058849301722        0.15591399282318        1.40032595530121
H            3.03109937457594       -1.53984504323405        1.07273332919484
20
 energy: -27.122487829239 gnorm: 0.000871311961 xtb: 6.7.1 (edcfbbe)
C           -2.54405190618456       -1.27989489733659       -0.28557472264752
C           -2.56794470829283        0.19300631098386        0.10513581139974
C           -1.28208721915813        0.60433246178142        0.82761008115723
C           -0.09782736004488        0.56157721838911       -0.10388942453776
O           -0.06584746502913        1.05398409645711       -1.21385317811179
O            0.93005087710830       -0.07737736392558        0.43744767916249
C            2.14692794680959       -0.17194683278414       -0.32321377890545
C            3.26349423852907       -0.58912074397193        0.61429733488353
H           -2.42885949179612       -1.90766783358463        0.59478747088128
H           -3.46769718888280       -1.55370898480533       -0.78840506673046
H           -1.71470196626318       -1.47852105614839       -0.96210792739983
H           -3.41827235511448        0.38518464580695        0.75983542736740
H           -2.67576391494973        0.80804035138571       -0.79026954153824
H           -1.07952412945035       -0.04664974643231        1.67724583370091
H           -1.37626803955850        1.63339469838576        1.18006378011106
H            1.99460038186797       -0.90734699224211       -1.11989934034568
H            2.34183086739251        0.80049407089573       -0.78730181176307
H            4.18704360816522       -0.68342410845977        0.05273938839366
H            3.39301655172193        0.15422208527266        1.39544389036615
H            3.02352648903573       -1.54287824753245        1.07459191385025
20
 energy: -27.122489622742 gnorm: 0.000939031740 xtb: 6.7.1 (edcfbbe)
C           -2.52955040795455       -1.28205292832161       -0.28445579949382
C           -2.56555015025838        0.19113911098882        0.10436231146506
C           -1.28436735788595        0.61340461406295        0.82951376952128
C           -0.09859170337446        0.57367518102266       -0.10007137658608
O           -0.06075250579688        1.08186745334750       -1.20276198697145
O            0.92216286090036       -0.08331739381336        0.43328168840466
C            2.13945612826825       -0.17981215778615       -0.32636013121559
C            3.25609435127239       -0.59346857176613        0.61278186242448
H           -2.40931312091505       -1.90783419884876        0.59669316421022
H           -3.45091997896329       -1.56396152627547       -0.78701299389723
H           -1.69850965824519       -1.47491295609693       -0.96057073881002
H           -3.41872116082431        0.37767922539857        0.75698289498407
H           -2.67604776959572        0.80443182207045       -0.79194202705295
H           -1.08024491424117       -0.03409525335553        1.68138691240298
H           -1.38670700520584        1.64309735405381        1.17762185036779
H            1.98779515255599       -0.91850094742313       -1.12012527551106
H            2.33394494265834        0.79105709450458       -0.79390340165537
H            4.17987097921693       -0.68850154648396        0.05175628609158
H            3.38481497921906        0.15202265408753        1.39200142730721
H            3.01678155507510       -1.54621789723079        1.07550538330811
20
 energy: -27.122491779396 gnorm: 0.000263845187 xtb: 6.7.1 (edcfbbe)
C           -2.51932465694280       -1.28321353366405       -0.28389393893857
C           -2.56375029741605        0.18982696927892        0.10405005300277
C           -1.28574660078213        0.61968719117570        0.83051164039757
C           -0.09913914000662        0.58159551498952       -0.09787378218512
O           -0.05700560806970        1.09928914397401       -1.19543050608026
O            0.91670026389652       -0.08632767316373        0.43014298794972
C            2.13420622963097       -0.18499643232273       -0.32852876969523
C            3.25049932847243       -0.59652898997387        0.61209600690739
H           -2.39144978758274       -1.90758920013440        0.59721827296388
H           -3.44072626494951       -1.57155509350773       -0.78254080703751
H           -1.68972374157360       -1.47106701999280       -0.96307839565821
H           -3.41849774097617        0.37216271803524        0.75567596570774
H           -2.67656547391970        0.80199919368471       -0.79272451220721
H           -1.08051716641989       -0.02529383978712        1.68396302054175
H           -1.39359285063769        1.64964546076300        1.17556438385338
H            1.98283102461907       -0.92611224061901       -1.12006656945903
H            2.32917306520549        0.78449457245622       -0.79869285100514
H            4.17500097825600       -0.69072615515327        0.05214689708447
H            3.37735731643878        0.14966172688892        1.39093131014623
H            3.01191633866293       -1.54925318079252        1.07521341300524
20
 energy: -27.122492422444 gnorm: 0.001029671626 xtb: 6.7.1 (edcfbbe)
C           -2.50086889684956       -1.28584318895079       -0.28247485782677
C           -2.56085452101658        0.18729363763503        0.10323440729686
C           -1.28849678290161        0.63097096842344        0.83217350586897
C           -0.09984612894839        0.59717586202216       -0.09373685959538
O           -0.04942444752919        1.13578791118269       -1.18149815936898
O            0.90661088830449       -0.09332253878677        0.42402131695392
C            2.12487511839766       -0.19480634752660       -0.33272549759162
C            3.24047978747398       -0.60230126966804        0.61063680491264
H           -2.36253324812159       -1.90698878395887        0.59935559010216
H           -3.42082421573855       -1.58582671824443       -0.77722281984785
H           -1.67149199057377       -1.46572272473069       -0.96422867898376
H           -3.41871763958255        0.36199744061368        0.75291737725283
H           -2.67801405443379        0.79727226072536       -0.79451140617545
H           -1.08121331401743       -0.00988019026039        1.68821825058183
H           -1.40632120580805        1.66139195592093        1.17224129428785
H            1.97418232453762       -0.93963354938159       -1.12087721074148
H            2.32039632768106        0.77265556558979       -0.80682472453280
H            4.16565480703330       -0.69814552829575        0.05200353663318
H            3.36625466728660        0.14699333812454        1.38680347029861
H            3.00179774071192       -1.55336896829871        1.07717847976909
20
 energy: -27.122493048376 gnorm: 0.000112222297 xtb: 6.7.1 (edcfbbe)
C           -2.50627435940201       -1.28496465873002       -0.28300642889085
C           -2.56176657702281        0.18797334356455        0.10366864860667
C           -1.28755815608630        0.62763273845128        0.83129369547725
C           -0.09954091888012        0.59257269692207       -0.09540437552240
O           -0.05146272712316        1.12449532647610       -1.18602286335978
O            0.90960035319553       -0.09078770304319        0.42543461631537
C            2.12776410094621       -0.19171009352616       -0.33157136924724
C            3.24309018657220       -0.60073916917525        0.61139190117653
H           -2.36878216344852       -1.90689806658030        0.59826195361082
H           -3.42740185069641       -1.58212410988554       -0.77702531596435
H           -1.67819463132134       -1.46666661855943       -0.96579959153739
H           -3.41821287757505        0.36446818402978        0.75465293108860
H           -2.67857267287654        0.79882851289133       -0.79350794696484
H           -1.08066555500071       -0.01446891399014        1.68651237336680
H           -1.40217816579000        1.65785345207866        1.17293063902660
H            1.97679344730094       -0.93529735717658       -1.12080907632145
H            2.32366640243021        0.77630857625486       -0.80438542142941
H            4.16833403444394       -0.69613404692212        0.05283722566322
H            3.36888400580670        0.14762204247419        1.38842455408009
H            3.00412334043282       -1.55226500341909        1.07680767011962
20
 energy: -27.122493044912 gnorm: 0.000278021744 xtb: 6.7.1 (edcfbbe)
C           -2.50343245577082       -1.28527173855686       -0.28292713464719
C           -2.56122053683408        0.18760171050868        0.10368421850971
C           -1.28782446837337        0.62939517394941        0.83153363001692
C           -0.09976377666887        0.59458778673985       -0.09506247934184
O           -0.05053587207287        1.12926797095880       -1.18423037804058
O            0.90808800579380       -0.09163950349198        0.42442196537363
C            2.12634872088610       -0.19307893660728       -0.33221379913625
C            3.24142144081693       -0.60157623187820        0.61135335151344
H           -2.36361519974078       -1.90683007372615        0.59819190771588
H           -3.42460314868183       -1.58425446529273       -0.77574759435996
H           -1.67591660031591       -1.46556247926213       -0.96683030933801
H           -3.41780412310844        0.36279558380970        0.75478701492306
H           -2.67905675360397        0.79831869813156       -0.79346437160981
H           -1.08044710838811       -0.01208466479348        1.68709738790955
H           -1.40389570655771        1.65967734687757        1.17240535421419
H            1.97545888828389       -0.93744031768071       -1.12071978043799
H            2.32245849739703        0.77448149903337       -0.80592792469940
H            4.16685049657531       -0.69685438016006        0.05315933880242
H            3.36660493548552        0.14717059435447        1.38810221777222
H            3.00252998078378       -1.55300444077883        1.07707120415383
20
 energy: -27.122493252700 gnorm: 0.000157448179 xtb: 6.7.1 (edcfbbe)
C           -2.50258889112123       -1.28540112550004       -0.28288751648714
C           -2.56130178234646        0.18743106171335        0.10383279502775
C           -1.28800235104416        0.62993946090826        0.83145777788039
C           -0.09973073292662        0.59545632073569       -0.09493367555188
O           -0.05024777904088        1.13074118521444       -1.18380322681249
O            0.90763851738630       -0.09192359257661        0.42403980986593
C            2.12606069147718       -0.19354259094163       -0.33243979285430
C            3.24103550108526       -0.60185673475558        0.61128524349779
H           -2.36252426923853       -1.90696107834369        0.59823308658838
H           -3.42355973181922       -1.58480296951895       -0.77582664733276
H           -1.67486407738473       -1.46512705989683       -0.96664950844655
H           -3.41802715719524        0.36199061212948        0.75502013349335
H           -2.67968970922422        0.79811905628553       -0.79324448107805
H           -1.08048681889045       -0.01118284200463        1.68727256584074
H           -1.40446631591604        1.66034999078279        1.17193770536451
H            1.97535028716031       -0.93791705550386       -1.12100134201982
H            2.32217726722525        0.77407121448688       -0.80599728202800
H            4.16653227925812       -0.69773997041525        0.05325829084845
H            3.36652651460338        0.14704944993961        1.38782711587009
H            3.00181377385758       -1.55299420060398        1.07730276762745
20
 energy: -27.122493403164 gnorm: 0.000080117032 xtb: 6.7.1 (edcfbbe)
C           -2.50160868982725       -1.28551669418776       -0.28291597899595
C           -2.56136850529541        0.18718458723884        0.10411548079204
C           -1.28813736622901        0.63050999909503        0.83133138693187
C           -0.09971131908620        0.59622923312893       -0.09492006467631
O           -0.04993619921690        1.13229756439850       -1.18344637030219
O            0.90709960336393       -0.09232903056386        0.42350484887800
C            2.12579116472090       -0.19389257027759       -0.33271667863410
C            3.24047047838485       -0.60221414415045        0.61131349100259
H           -2.36125257391788       -1.90716167166337        0.59811596228095
H           -3.42231466920861       -1.58540651888213       -0.77603844852335
H           -1.67365282163397       -1.46450091907315       -0.96654673348545
H           -3.41800392160124        0.36088445529441        0.75569870600757
H           -2.68068999839569        0.79791932129121       -0.79279280459487
H           -1.08040546163352       -0.01008165509250        1.68748445483148
H           -1.40495187772427        1.66107904386732        1.17122234888984
H            1.97532932684105       -0.93821703287382       -1.12136089310577
H            2.32188384136680        0.77380233460664       -0.80608682968645
H            4.16590914356920       -0.69931782101329        0.05334335223770
H            3.36667014346564        0.14722059721653        1.38725343222345
H            3.00052491796319       -1.55278994622449        1.07812515722277
20
 energy: -27.122493491208 gnorm: 0.000090230692 xtb: 6.7.1 (edcfbbe)
C           -2.50062768765291       -1.28562148150600       -0.28302314304585
C           -2.56135438337431        0.18694254922194        0.10443342964476
C           -1.28821668768978        0.63113979486425        0.83129477507550
C           -0.09978467333526        0.59679050430095       -0.09497613335737
O           -0.04978664834067        1.13346271742315       -1.18321650320736
O            0.90659285215875       -0.09261154665202        0.42303593549650
C            2.12547900301406       -0.19420029198146       -0.33295080763443
C            3.23990988751695       -0.60250491231641        0.61137009965878
H           -2.35987469887112       -1.90743948125922        0.59782194580956
H           -3.42112681330984       -1.58599012628907       -0.77626111889821
H           -1.67254256890941       -1.46386913845351       -0.96670566988651
H           -3.41780203428790        0.35979846395269        0.75649319360236
H           -2.68160608460524        0.79784584649237       -0.79223476470126
H           -1.08022726988875       -0.00897145196389        1.68774372819416
H           -1.40538559682734        1.66185628822689        1.17061943575821
H            1.97514603129796       -0.93855506348136       -1.12158048281418
H            2.32165573631014        0.77348920586481       -0.80628858815135
H            4.16523417928585       -0.70088288633482        0.05343845626965
H            3.36679277276504        0.14748765295003        1.38665274519667
H            2.99916990064937       -1.55246751092435        1.07901728628423
