16
 energy: -17.083603571471 gnorm: 0.021967479315 xtb: 6.7.1 (edcfbbe)
C            2.42807917094877       -0.29976282057861       -0.14144246014432
C            1.01306610832760        0.20857249071485       -0.40622376127649
C            0.04759405942839       -0.15009488498002        0.72422470137950
C           -1.36166643861500        0.39316397654576        0.52849974090104
N           -2.02269432184082       -0.20946830819753       -0.64738303885229
H            2.43940972716276       -1.39174708156369       -0.04745304051220
H            3.11121489374453       -0.02722350428366       -0.95260236466172
H            2.82830329855004        0.11836520791477        0.78933529882456
H            1.02822051870151        1.29984158079660       -0.53155108167253
H            0.65544635397878       -0.21069511003696       -1.35499147348337
H            0.00572630185433       -1.24205604154756        0.83874550707734
H            0.44249806633195        0.25206945457239        1.66676415867989
H           -1.31159627360032        1.49355378868657        0.46853447176147
H           -1.96350279728579        0.15391616077591        1.41231039363457
H           -1.53048325566671        0.09726732659153       -1.48149814943318
H           -2.95096000096799        0.19419139506399       -0.73021264247386
16
 energy: -17.084362510179 gnorm: 0.009038605184 xtb: 6.7.1 (edcfbbe)
C            2.42310573007410       -0.29863694672476       -0.13589395185097
C            1.01528373706843        0.21233610939839       -0.40789058524128
C            0.05456867422947       -0.15460126557687        0.72126801138160
C           -1.35322711257121        0.40048257604893        0.52534925135201
N           -2.01816156889030       -0.19992486019032       -0.63603456242672
H            2.42469656869688       -1.38459557742107       -0.04427481276283
H            3.09488322644324       -0.02343301026817       -0.94782533942032
H            2.81509576846802        0.12181834579084        0.79021185840489
H            1.03877527593694        1.30129731559915       -0.52428599182660
H            0.65905858783303       -0.21620929472895       -1.34863718623612
H            0.00009042153420       -1.24285487261493        0.81501716295500
H            0.44658561990822        0.24188600664703        1.66315205967807
H           -1.30264312115938        1.50045364212920        0.45541302768609
H           -1.95833441716854        0.15163013152061        1.40265892928550
H           -1.52645531070866        0.08435902535835       -1.47897970162139
H           -2.95466666864243        0.18588630550692       -0.71419190960851
16
 energy: -17.084524090155 gnorm: 0.003057900002 xtb: 6.7.1 (edcfbbe)
C            2.42497791913685       -0.29740965521791       -0.13349348659703
C            1.01769999506024        0.21501929239456       -0.40886832329357
C            0.05464439572680       -0.15695205007089        0.71659392614868
C           -1.35258571337934        0.40725059604754        0.52363166807147
N           -2.01862852528615       -0.19496958610553       -0.62787121250147
H            2.42137533622631       -1.38020296400502       -0.04143169036963
H            3.09528868596363       -0.02232779075987       -0.94328598860626
H            2.81038615676587        0.12378451114316        0.79148892717712
H            1.04254075666075        1.30226466916611       -0.51925395270034
H            0.66323527651056       -0.21400782714584       -1.34723802374264
H           -0.01144187694590       -1.24298400484501        0.79223464842725
H            0.44588063806450        0.22807333729776        1.66085931974054
H           -1.29138608236970        1.50686925188014        0.45115693597120
H           -1.95519520149785        0.16109545343918        1.40250009946363
H           -1.52811369830913        0.06794406623593       -1.47804327210455
H           -2.96002265127543        0.17644633102003       -0.70392331533598
16
 energy: -17.084569447566 gnorm: 0.001966138135 xtb: 6.7.1 (edcfbbe)
C            2.42668225282309       -0.29600445350318       -0.13104497379971
C            1.01891341017933        0.21711703680142       -0.40963432122629
C            0.05378638016722       -0.16064731635647        0.71291397510693
C           -1.35183863658007        0.41176040075575        0.52120941606123
N           -2.02245576560681       -0.19419855227205       -0.62253398720705
H            2.42193625977228       -1.37865100292222       -0.03904474788656
H            3.09848154192013       -0.02081140881329       -0.93942764766838
H            2.80935191082369        0.12550829716008        0.79481030482561
H            1.04345441595577        1.30436603458082       -0.51595616965701
H            0.66750868193635       -0.20883998321959       -1.35016484488078
H           -0.01932707955060       -1.24650803307973        0.77756977341477
H            0.44567355992803        0.21417883804413        1.66049952147953
H           -1.28282504685729        1.51134683386575        0.44541456912271
H           -1.95127191910713        0.17444747057397        1.40454194897008
H           -1.53425118136984        0.05556324864226       -1.47696849492014
H           -2.96516337338213        0.17126622021671       -0.69712806198654
16
 energy: -17.084608933948 gnorm: 0.002687748050 xtb: 6.7.1 (edcfbbe)
C            2.43071174435652       -0.29280824070821       -0.12697465959257
C            1.02213155034256        0.22004079985157       -0.40926063155693
C            0.05068483661050       -0.16831237404180        0.70501393906959
C           -1.35065254125948        0.41893322028362        0.51705010830734
N           -2.03298708575612       -0.19624777936748       -0.61209638386100
H            2.42618489881469       -1.37628552829825       -0.03562086739561
H            3.10652745500900       -0.01682457109272       -0.93277363865591
H            2.81002663651365        0.12837926543089        0.80132488145152
H            1.04506498850204        1.30838761939678       -0.50671677588832
H            0.67730468206841       -0.19701159712187       -1.35679110489173
H           -0.03355792072266       -1.25463464616132        0.75125754091670
H            0.44438150747177        0.18618307318673        1.65987314536554
H           -1.26718856944217        1.51783844491667        0.42840980887641
H           -1.94514953127386        0.20409796624526        1.41032331894751
H           -1.54925384068353        0.03238665642346       -1.47334200462310
H           -2.97557339949931        0.16577132153100       -0.68462041672101
16
 energy: -17.084622226047 gnorm: 0.001887639570 xtb: 6.7.1 (edcfbbe)
C            2.43106403234611       -0.29216919104130       -0.12581334418612
C            1.02318904871707        0.22085603342329       -0.40859185646133
C            0.05021112705762       -0.17011241262807        0.70305301624600
C           -1.34936735944318        0.41981940119193        0.51588617985969
N           -2.03670782487681       -0.19852513775432       -0.60935571298944
H            2.42739025035114       -1.37592182224583       -0.03559962110110
H            3.10756070593879       -0.01525648518842       -0.93085398332825
H            2.81038928533200        0.12790647336418        0.80315312135470
H            1.04597504332528        1.30972285510366       -0.50313392121102
H            0.67969698083376       -0.19305881386780       -1.35828303535660
H           -0.03552698061714       -1.25652002440279        0.74616372390052
H            0.44389879847517        0.18011575504008        1.65956035491747
H           -1.26390125114041        1.51792668605944        0.42128581518045
H           -1.94293064997336        0.21097564553170        1.41115212999134
H           -1.55424256805585        0.02658264577102       -1.47223585262363
H           -2.97804322721821        0.16755202211756       -0.68133075444426
16
 energy: -17.084639832342 gnorm: 0.001602324501 xtb: 6.7.1 (edcfbbe)
C            2.43240292335133       -0.29035749305862       -0.12302603434957
C            1.02691497695013        0.22434846073560       -0.40573530474431
C            0.04853501144947       -0.17535096185202        0.69718522703053
C           -1.34574370538996        0.42279108325462        0.51297598304528
N           -2.04858607186162       -0.20730139308619       -0.59942920170076
H            2.42952319481046       -1.37468112445866       -0.03793858143481
H            3.11095900131928       -0.00976154378445       -0.92516133166611
H            2.81090018510014        0.12471279151595        0.80864770891795
H            1.05035762964185        1.31458418048148       -0.48959770748314
H            0.68670849164957       -0.17876165283411       -1.36180089214433
H           -0.04196301498143       -1.26199288338560        0.72878945811325
H            0.44163829909933        0.16142049251585        1.65894158668656
H           -1.25360510068829        1.51766631833483        0.39708295165546
H           -1.93644034915775        0.23300195164547        1.41417854281426
H           -1.56864752945502        0.00341289009726       -1.46828558675510
H           -2.98429853078550        0.17616251435290       -0.67177055823675
16
 energy: -17.084643299898 gnorm: 0.000541403436 xtb: 6.7.1 (edcfbbe)
C            2.43254899121367       -0.29090870699877       -0.12287463077098
C            1.02722704202270        0.22568927471886       -0.40612038491407
C            0.04893516722231       -0.17484144982260        0.69694310789405
C           -1.34601916916739        0.42331436878963        0.51269706137275
N           -2.04928398437541       -0.20761000548148       -0.59823370777920
H            2.42816989958629       -1.37514582440271       -0.03949772836617
H            3.11166266822301       -0.00951255654277       -0.92400806422466
H            2.81008029561409        0.12261715215276        0.80967648848125
H            1.05162521463429        1.31568155887479       -0.48878542448307
H            0.68678207399049       -0.17672292827365       -1.36204148839047
H           -0.04197169038665       -1.26126314443977        0.72696788924411
H            0.44189936795799        0.16129742154898        1.65874955908220
H           -1.25385656714301        1.51786924123503        0.39681553770605
H           -1.93576771569893        0.23355017101653        1.41418898333504
H           -1.56892630073235       -0.00042270566452       -1.46760825226221
H           -2.98444988190911        0.17630176376403       -0.67181268617622
16
 energy: -17.084645979551 gnorm: 0.000480092633 xtb: 6.7.1 (edcfbbe)
C            2.43285013271076       -0.29170926988292       -0.12298192919303
C            1.02807466798692        0.22797050494386       -0.40607253178078
C            0.04887816842630       -0.17426852118892        0.69594619345994
C           -1.34663503127534        0.42426153225397        0.51245719840737
N           -2.05137376979359       -0.20930858003392       -0.59551800869555
H            2.42624450735603       -1.37614144485799       -0.04397276126646
H            3.11360726205798       -0.00790918532749       -0.92179100855591
H            2.80875862882341        0.11771918516735        0.81194306805167
H            1.05450501663708        1.31789039800268       -0.48571387653596
H            0.68774171846307       -0.17165902714518       -1.36299053228513
H           -0.04237220007659       -1.26048470374022        0.72369797926432
H            0.44136824097734        0.16043076454427        1.65818654341841
H           -1.25376162898784        1.51836537711648        0.39417248767704
H           -1.93458893789307        0.23646467367318        1.41549517217417
H           -1.56975928342065       -0.00959326115651       -1.46584195420958
H           -2.98488208093983        0.17786518810569       -0.67195978018211
16
 energy: -17.084647739364 gnorm: 0.000601739858 xtb: 6.7.1 (edcfbbe)
C            2.43257358913101       -0.29259805336660       -0.12310987414441
C            1.02868929996014        0.23018509549282       -0.40564597011999
C            0.04901946311879       -0.17359627617767        0.69538593989525
C           -1.34663546987147        0.42490135089460        0.51193083121871
N           -2.05346534525200       -0.21129161926886       -0.59312490950903
H            2.42474829407282       -1.37738427808145       -0.04911348126944
H            3.11465942316505       -0.00583191064764       -0.91970051627705
H            2.80773247673504        0.11212497152578        0.81417380110074
H            1.05676208978168        1.32024021965019       -0.48234954616969
H            0.68816511990308       -0.16629073873429       -1.36382847369505
H           -0.04231053509937       -1.25986639316964        0.72156625987809
H            0.44114857000351        0.15987711057874        1.65822078774015
H           -1.25369201874151        1.51868860358365        0.39099329043920
H           -1.93338301665656        0.23952202381320        1.41625855504088
H           -1.57023562293515       -0.01869084122603       -1.46408351567051
H           -2.98512090626306        0.17990436560752       -0.67251691870942
16
 energy: -17.084649194195 gnorm: 0.000318324190 xtb: 6.7.1 (edcfbbe)
C            2.43218730000802       -0.29340374949688       -0.12382190576458
C            1.02908474860655        0.23178081504090       -0.40479883668636
C            0.04881285316905       -0.17280337244797        0.69526327600830
C           -1.34684269626249        0.42531579875815        0.51183998585030
N           -2.05447434907195       -0.21297573602033       -0.59142188358291
H            2.42343308531029       -1.37854736159414       -0.05489390790355
H            3.11526465330457       -0.00355573921211       -0.91849132105376
H            2.80701289029221        0.10651280234094        0.81568496454850
H            1.05865345248680        1.32200593935514       -0.47921238599487
H            0.68802856823820       -0.16192026899956       -1.36400897419354
H           -0.04201940528812       -1.25917510016061        0.72135097971250
H            0.44053360679077        0.16043828867885        1.65836518735731
H           -1.25411471219826        1.51897755678090        0.38858691317489
H           -1.93319131906684        0.24183707692265        1.41689599251825
H           -1.56922837604269       -0.02610818726302       -1.46239502805139
H           -2.98448488922412        0.18151486779141       -0.67388679619068
16
 energy: -17.084650039212 gnorm: 0.000104988496 xtb: 6.7.1 (edcfbbe)
C            2.43153553198820       -0.29413426136956       -0.12457862353822
C            1.02903758122540        0.23297520901850       -0.40392002339529
C            0.04875629196262       -0.17202528625878        0.69588664889383
C           -1.34676384345187        0.42558545598458        0.51177004766862
N           -2.05445200043675       -0.21424600739217       -0.59074263429912
H            2.42230048664585       -1.37955732832884       -0.05954104187281
H            3.11490037162307       -0.00189608550619       -0.91815223080870
H            2.80671010543732        0.10212945666794        0.81635448435657
H            1.05963679342089        1.32338550590183       -0.47666171139280
H            0.68722486545387       -0.15869455198760       -1.36380986077248
H           -0.04171440413570       -1.25855464295243        0.72213910652921
H            0.44013928075290        0.16125856459418        1.65923502335659
H           -1.25413850778041        1.51920491000455        0.38700257532073
H           -1.93325231387923        0.24337059249261        1.41709172557359
H           -1.56767790353057       -0.03077594748580       -1.46157097081207
H           -2.98358692424358        0.18186804709150       -0.67544625505924
16
 energy: -17.084650445464 gnorm: 0.000160287521 xtb: 6.7.1 (edcfbbe)
C            2.43127027864013       -0.29468423636222       -0.12520464270069
C            1.02903614049445        0.23366120706080       -0.40319615775039
C            0.04871421958163       -0.17143694618244        0.69650201997275
C           -1.34685389202297        0.42569967084203        0.51176597468359
N           -2.05396759833124       -0.21496613153567       -0.59066621493895
H            2.42151194909099       -1.38022898020570       -0.06226561680677
H            3.11457845307276       -0.00130298999124       -0.91841733888076
H            2.80695606298076        0.09953830221883        0.81637898302175
H            1.06027978211057        1.32412540658950       -0.47509113026192
H            0.68642660497338       -0.15691341291212       -1.36325560497706
H           -0.04132353503579       -1.25799878971642        0.72313779339670
H            0.43988134375668        0.16222757552447        1.65980003500068
H           -1.25461679959675        1.51925590207393        0.38631057484449
H           -1.93381749369663        0.24392541945513        1.41684453154222
H           -1.56648161604883       -0.03230214552118       -1.46118806810007
H           -2.98293848891716        0.18129377913663       -0.67639887829718
16
 energy: -17.084650722270 gnorm: 0.000127768631 xtb: 6.7.1 (edcfbbe)
C            2.43107822436277       -0.29507940973109       -0.12559249487474
C            1.02903834875029        0.23418610880367       -0.40270755664451
C            0.04871937571916       -0.17104202293608        0.69697471001547
C           -1.34689506313357        0.42581067104779        0.51172120624660
N           -2.05346641154119       -0.21547134440695       -0.59074787341561
H            2.42078799792989       -1.38066269493461       -0.06370343627282
H            3.11422895082035       -0.00126300443721       -0.91877234490011
H            2.80726311385563        0.09807313122563        0.81622497947594
H            1.06087830365094        1.32467865276849       -0.47388404517822
H            0.68594150714181       -0.15559503399881       -1.36292006809465
H           -0.04116674010517       -1.25761213678312        0.72365911468054
H            0.43960066022551        0.16277452610192        1.66033460785387
H           -1.25474223489384        1.51930636452812        0.38578717473999
H           -1.93411941067101        0.24430742719297        1.41668840130794
H           -1.56586233680867       -0.03276185233045       -1.46125391600069
H           -2.98262887425090        0.18024424836406       -0.67675219919060
16
 energy: -17.084650976507 gnorm: 0.000084265060 xtb: 6.7.1 (edcfbbe)
C            2.43098247653005       -0.29553933549465       -0.12585562598498
C            1.02916624833754        0.23477033433105       -0.40228820917063
C            0.04879721257192       -0.17059304339918        0.69730505538021
C           -1.34696152845236        0.42587183530060        0.51156744218363
N           -2.05301677646229       -0.21595895835536       -0.59093601075353
H            2.42001720190333       -1.38113829616981       -0.06452509495210
H            3.11403431485412       -0.00172763051451       -0.91911862519015
H            2.80769685011277        0.09691419102400        0.81603217288824
H            1.06158650028339        1.32527033203534       -0.47278093626678
H            0.68560885391041       -0.15425764476113       -1.36262073551854
H           -0.04087478276091       -1.25715856354457        0.72397701207784
H            0.43940209073733        0.16337915478337        1.66070449290553
H           -1.25505167036388        1.51931568964423        0.38534162253424
H           -1.93433630916213        0.24442966359082        1.41642038723594
H           -1.56576238922998       -0.03242043935439       -1.46146091375400
H           -2.98263288175730        0.17873634135852       -0.67670577386649
16
 energy: -17.084651222061 gnorm: 0.000050506123 xtb: 6.7.1 (edcfbbe)
C            2.43091988299276       -0.29601649911669       -0.12600945139162
C            1.02942520118585        0.23548294971428       -0.40193192698317
C            0.04890541626662       -0.17015195960737        0.69743910735216
C           -1.34701832166553        0.42596127524747        0.51134066808939
N           -2.05271789363770       -0.21650603140034       -0.59100747913480
H            2.41904190334148       -1.38162545571093       -0.06515675772413
H            3.11401000536586       -0.00242529769037       -0.91931572744783
H            2.80815729142898        0.09572399964519        0.81596720363941
H            1.06262363317182        1.32599858899448       -0.47153374695204
H            0.68549959290038       -0.15254754276629       -1.36252423632581
H           -0.04055768885896       -1.25672359789784        0.72397643557081
H            0.43917823483685        0.16385658611755        1.66094606407116
H           -1.25539769305177        1.51936003939399        0.38471726216095
H           -1.93442603296643        0.24467184106027        1.41618371625924
H           -1.56608964157169       -0.03213205813850       -1.46177381925985
H           -2.98289847868651        0.17696679262942       -0.67626105217549
16
 energy: -17.084651412885 gnorm: 0.000048514179 xtb: 6.7.1 (edcfbbe)
C            2.43085815305055       -0.29653012725347       -0.12612065121661
C            1.02974760542262        0.23624104753445       -0.40163159000931
C            0.04901310301288       -0.16965534703339        0.69743704545379
C           -1.34708207886970        0.42602404156369        0.51107940955341
N           -2.05258784657148       -0.21707947224516       -0.59100897831779
H            2.41811811038891       -1.38215696257945       -0.06576073159514
H            3.11413577545756       -0.00310045728524       -0.91932453420534
H            2.80844047442522        0.09448130316559        0.81601362630485
H            1.06367301418128        1.32677759668208       -0.47034006480076
H            0.68556650151662       -0.15079340944272       -1.36251869437398
H           -0.04023126400388       -1.25624318358782        0.72379808663985
H            0.43897612295494        0.16433262797035        1.66107219411209
H           -1.25572262989572        1.51939638412542        0.38406877261978
H           -1.93436534093494        0.24487809745384        1.41602557642074
H           -1.56663078934707       -0.03202331762735       -1.46199227342704
H           -2.98325349973578        0.17534480903349       -0.67574093341011
16
 energy: -17.084651542496 gnorm: 0.000057388733 xtb: 6.7.1 (edcfbbe)
C            2.43081033388225       -0.29687120167575       -0.12615312079832
C            1.03000280565888        0.23683293280879       -0.40144226446632
C            0.04908872336866       -0.16934648666538        0.69734995509293
C           -1.34709829708712        0.42613102128871        0.51087119365909
N           -2.05263712498596       -0.21754296431598       -0.59084902832551
H            2.41739172757382       -1.38252940070310       -0.06642636565778
H            3.11431942400090       -0.00342510567003       -0.91915328831068
H            2.80859426861763        0.09334679316924        0.81624180383169
H            1.06452765571776        1.32739510004343       -0.46938422027255
H            0.68563307114968       -0.14931781501147       -1.36261948865977
H           -0.03998290471286       -1.25595647199960        0.72354572853797
H            0.43885543338997        0.16456222241039        1.66109025724078
H           -1.25596512122071        1.51947901480093        0.38343768700566
H           -1.93424755401716        0.24523899808321        1.41595296580127
H           -1.56708882766217       -0.03246039084880       -1.46207824553848
H           -2.98354820262157        0.17435738475973       -0.67532730939155
16
 energy: -17.084651639566 gnorm: 0.000043681121 xtb: 6.7.1 (edcfbbe)
C            2.43076477686930       -0.29713468153755       -0.12621695791419
C            1.03019815766175        0.23729130529160       -0.40129311336780
C            0.04912697212676       -0.16909448080871        0.69727714836400
C           -1.34712201660901        0.42620213555600        0.51074184192486
N           -2.05276675079924       -0.21791093949168       -0.59063744079489
H            2.41692781985471       -1.38282798818798       -0.06715187996882
H            3.11450310796738       -0.00346045863536       -0.91893625474305
H            2.80856349256892        0.09235613615165        0.81646998531718
H            1.06513572171184        1.32787518667227       -0.46867602065209
H            0.68574659550539       -0.14821754109143       -1.36269789190499
H           -0.03986591229372       -1.25572082043252        0.72332527641901
H            0.43875171018140        0.16470859172115        1.66111757544565
H           -1.25608797726252        1.51951987982507        0.38291573284600
H           -1.93415104197339        0.24559292588732        1.41596340238071
H           -1.56735495254699       -0.03317981824406       -1.46200916505592
H           -2.98371429191059        0.17389419779853       -0.67513597854723
