----------------------------------------------- 
  Element       SASA      Sigma Z        Total  
     Z         Ang**2 cal/Ang**2/mol   kcal/mol 
----------------------------------------------- 
      H        144.806      48.690       7.051
      C         35.480     129.740       4.603
      O         32.553       0.000       0.000

 Subtotal:     212.839                  11.654
 -----------------------------------------------

  Elements    COT*SASA   Sigma Z,Z'     Total   
    Z,Z'       Ang**2  cal/Ang**2/mol kcal/mol  
 ---------------------------------------------- 
  H   C         97.344     -60.770      -5.916
  H   O          0.000       0.000       0.000
  C   C         26.347     -72.950      -1.922
  O   C         16.892      68.690       1.160
  O   O          0.000       0.000       0.000

 Subtotal:                              -6.677
 ---------------------------------------------- 

 NONAQUEOUS SOLVENT CONTRIBUTION (kcal/mol):
 (proportional to SASA, atomic number independent)
 ---------------------------------------------- 
 Subtotal:                               0.000
 ---------------------------------------------- 

 CDS TOTAL (kcal/mol):                   4.976
...............................................................................
