----------------------------------------------- 
  Element       SASA      Sigma Z        Total  
     Z         Ang**2 cal/Ang**2/mol   kcal/mol 
----------------------------------------------- 
      H        140.510      48.690       6.841
      C         35.998     129.740       4.670
      O         33.543       0.000       0.000

 Subtotal:     210.051                  11.512
 -----------------------------------------------

  Elements    COT*SASA   Sigma Z,Z'     Total   
    Z,Z'       Ang**2  cal/Ang**2/mol kcal/mol  
 ---------------------------------------------- 
  H   C         94.708     -60.770      -5.755
  H   O          0.000       0.000       0.000
  C   C         21.702     -72.950      -1.583
  O   C         18.171      68.690       1.248
  O   O          0.000       0.000       0.000

 Subtotal:                              -6.090
 ---------------------------------------------- 

 NONAQUEOUS SOLVENT CONTRIBUTION (kcal/mol):
 (proportional to SASA, atomic number independent)
 ---------------------------------------------- 
 Subtotal:                               0.000
 ---------------------------------------------- 

 CDS TOTAL (kcal/mol):                   5.421
...............................................................................
