----------------------------------------------- 
  Element       SASA      Sigma Z        Total  
     Z         Ang**2 cal/Ang**2/mol   kcal/mol 
----------------------------------------------- 
      H        140.356      48.690       6.834
      C        122.827     129.740      15.936
      N          4.625       0.000       0.000
      O         52.769       0.000       0.000

 Subtotal:     320.577                  22.770
 -----------------------------------------------

  Elements    COT*SASA   Sigma Z,Z'     Total   
    Z,Z'       Ang**2  cal/Ang**2/mol kcal/mol  
 ---------------------------------------------- 
  H   C         83.187     -60.770      -5.055
  H   O          8.736       0.000       0.000
  C   C        171.038     -72.950     -12.477
  O   C         22.172      68.690       1.523
  O   O          0.000       0.000       0.000
  C   N          4.484       0.000       0.000
  N   C         25.112     -48.220      -1.211
  N  C(3)        0.000      84.100       0.000
  O   N          0.000     121.980       0.000

 Subtotal:                             -17.220
 ---------------------------------------------- 

 NONAQUEOUS SOLVENT CONTRIBUTION (kcal/mol):
 (proportional to SASA, atomic number independent)
 ---------------------------------------------- 
 Subtotal:                               0.000
 ---------------------------------------------- 

 CDS TOTAL (kcal/mol):                   5.549
...............................................................................
