----------------------------------------------- 
  Element       SASA      Sigma Z        Total  
     Z         Ang**2 cal/Ang**2/mol   kcal/mol 
----------------------------------------------- 
      H        141.418      48.690       6.886
      C         36.549     129.740       4.742
      O         31.227       0.000       0.000

 Subtotal:     209.194                  11.627
 -----------------------------------------------

  Elements    COT*SASA   Sigma Z,Z'     Total   
    Z,Z'       Ang**2  cal/Ang**2/mol kcal/mol  
 ---------------------------------------------- 
  H   C         95.355     -60.770      -5.795
  H   O          0.000       0.000       0.000
  C   C         26.982     -72.950      -1.968
  O   C         17.099      68.690       1.175
  O   O          0.000       0.000       0.000

 Subtotal:                              -6.589
 ---------------------------------------------- 

 NONAQUEOUS SOLVENT CONTRIBUTION (kcal/mol):
 (proportional to SASA, atomic number independent)
 ---------------------------------------------- 
 Subtotal:                               0.000
 ---------------------------------------------- 

 CDS TOTAL (kcal/mol):                   5.039
...............................................................................
