20
 energy: -386.243415059958 gnorm: 0.001644315432 xtb: 6.7.1 (edcfbbe)
C           -2.42484311401056       -1.14272753037787       -0.52273578402522
C           -2.10499900512172       -0.45207965117824        0.79872174038802
C           -1.40794100292111        0.90598451355237        0.60243208560889
C           -0.15797179271846        0.77492723725773       -0.21983249928820
O           -0.01189495905268        1.21263384108658       -1.35082453668817
O            0.79836737320381        0.08403679577566        0.42705734527899
C            2.04774442599433       -0.13565887905129       -0.29981035027590
C            2.98268014745509       -0.86967946684155        0.62666120581118
H           -3.02710244195838       -0.49567939383298       -1.16866501174137
H           -1.51056699460036       -1.40241034113171       -1.06815935647142
H           -2.98327914644168       -2.06803579228916       -0.35455855944489
H           -1.47452818616196       -1.09841225697693        1.41810083578094
H           -3.02735617650836       -0.27172450693793        1.36022285826366
H           -1.14524525994458        1.33300437449284        1.57608416568339
H           -2.07152095798316        1.60037698943988        0.08146470977430
H            1.82344986114110       -0.71661688840245       -1.19923789614733
H            2.44840961734240        0.83735001110160       -0.59714257217634
H            3.18578759632853       -0.28294417474715        1.52662199977880
H            2.57005210182117       -1.83895285033361        0.91893656196330
H            3.93061666556049       -1.04201867148317        0.10895976139226
20
 energy: -386.243423077727 gnorm: 0.000734519987 xtb: 6.7.1 (edcfbbe)
C           -2.42486401590814       -1.14349686396333       -0.52238927985515
C           -2.10343106285145       -0.45256248857254        0.79892013364423
C           -1.40842934508984        0.90615378200921        0.60141839181176
C           -0.15825457390546        0.77508234169309       -0.22075532091885
O           -0.01163245278940        1.21461897624009       -1.35141151112938
O            0.79886591907567        0.08690406942802        0.42748987117262
C            2.04897913628169       -0.13382030555367       -0.29981907750300
C            2.98136675110657       -0.87095643333144        0.62695775691430
H           -3.03055438978402       -0.49701480225838       -1.16722976897719
H           -1.51100841747275       -1.40177605186740       -1.07058465234688
H           -2.98159575029430       -2.07010708161358       -0.35296580910420
H           -1.47078087963642       -1.09801499268629        1.41745405214898
H           -3.02494931778999       -0.27278712777897        1.36266496416419
H           -1.14602757389472        1.33441240654314        1.57466134232062
H           -2.07282343988246        1.59929554096098        0.07971627930454
H            1.82351804109329       -0.71347985081682       -1.20041749294077
H            2.45166858055190        0.83930934588823       -0.59608623244845
H            3.18524655168285       -0.28452615198832        1.52754071646046
H            2.56492215910661       -1.83939677514806        0.91890464223297
H            3.92964208116454       -1.04646522737416        0.11022848481737
20
 energy: -386.243431303934 gnorm: 0.001613882645 xtb: 6.7.1 (edcfbbe)
C           -2.42487431027651       -1.14564504568229       -0.52087728064999
C           -2.09944729375302       -0.45358882043290        0.79914763656369
C           -1.40927522861499        0.90690662852528        0.59841413056228
C           -0.15669386073758        0.78068772992867       -0.22122399219150
O           -0.01080937454783        1.21836394992062       -1.35308565366898
O            0.80026230966483        0.09420626829161        0.42812879998692
C            2.05121558300217       -0.13018097110815       -0.29966348006611
C            2.97782352675454       -0.87439997820650        0.62739587411524
H           -3.03743209788695       -0.50120192238932       -1.16255296822861
H           -1.51248799102689       -1.39958020819472       -1.07464613193756
H           -2.97687726311571       -2.07509365072454       -0.34919021389252
H           -1.46215959149863       -1.09723955891935        1.41520244247863
H           -3.01935075886374       -0.27683177362655        1.36708064395106
H           -1.14914996657547        1.33866711118966        1.57076177528768
H           -2.07610916903423        1.59611368674748        0.07454684199769
H            1.82308110570086       -0.70579348918072       -1.20261759906341
H            2.45841836904496        0.84269930013643       -0.59227295669014
H            3.18408755679664       -0.28981055261048        1.52911615661024
H            2.55351208075337       -1.84035307783435        0.91818541648748
H            3.92612218103613       -1.05655592249110        0.11245017217662
20
 energy: -386.243441168771 gnorm: 0.001542753945 xtb: 6.7.1 (edcfbbe)
C           -2.42466685616578       -1.14816129544603       -0.51869672691564
C           -2.09419697182142       -0.45447458950410        0.79907150309846
C           -1.41024232579644        0.90845017299102        0.59443075345710
C           -0.15649350107789        0.78359998465957       -0.22400017068573
O           -0.00940130530968        1.22283220861689       -1.35512009362254
O            0.80124587412689        0.10180506015962        0.42802957200219
C            2.05346529500038       -0.12505200969157       -0.29844904309922
C            2.97294988988841       -0.87861687177913        0.62796571411819
H           -3.04539036350475       -0.50724811845176       -1.15561514101648
H           -1.51482659550489       -1.39604357695837       -1.07893863744277
H           -2.96977432304080       -2.08095793631690       -0.34383463476522
H           -1.45128824236734       -1.09593814442877        1.41152048014525
H           -3.01160789009706       -0.28145616173177        1.37202185881776
H           -1.15255981494649        1.34438217497677        1.56564493312746
H           -2.07949608273243        1.59340450854393        0.06804617121332
H            1.82354864294824       -0.69510053226518       -1.20414845172159
H            2.46562581858963        0.84722012002842       -0.58538805565799
H            3.18260924903831       -0.29791397896564        1.53118568872826
H            2.53990600953085       -1.84131089272646        0.91612317431215
H            3.92044650499632       -1.06805383885911        0.11445353126799
20
 energy: -386.243449841631 gnorm: 0.001270971023 xtb: 6.7.1 (edcfbbe)
C           -2.42318511466024       -1.15073589320412       -0.51616403131693
C           -2.08856025889087       -0.45522124060351        0.79939691765995
C           -1.41161491767968        0.91030951095472        0.58929217693711
C           -0.15603905386100        0.78819773739549       -0.22689147596952
O           -0.00744966309999        1.22676751359143       -1.35791663252501
O            0.80150905397288        0.10918194257214        0.42783995304722
C            2.05455573985744       -0.11927419728788       -0.29595381786529
C            2.96664484098806       -0.88404714243403        0.62824801554299
H           -3.05390296743043       -0.51497048302283       -1.14757703363913
H           -1.51613604651019       -1.39135428405347       -1.08340199430413
H           -2.95923318975078       -2.08769947533823       -0.33674817650809
H           -1.43868444279485       -1.09283276007405        1.40824693094488
H           -3.00294843301685       -0.28599515709137        1.37785961313995
H           -1.15720643426041        1.35179044966763        1.55890076628530
H           -2.08373865928509        1.58974907395858        0.05943465184350
H            1.82491223044434       -0.68223583231779       -1.20571556759110
H            2.47275190046293        0.85246039783495       -0.57485653052907
H            3.18053546138866       -0.30926188822186        1.53395937750271
H            2.52501576841555       -1.84385816492037        0.91159808029084
H            3.91262337491923       -1.07960805016081        0.11475488406319
20
 energy: -386.243455493059 gnorm: 0.000589610554 xtb: 6.7.1 (edcfbbe)
C           -2.42138466585183       -1.15415355936963       -0.51296133027091
C           -2.08365425171912       -0.45476096586967        0.79955110993077
C           -1.41289443606375        0.91315422011928        0.58455610295071
C           -0.15584956977774        0.79278149822022       -0.22958132561607
O           -0.00502849549077        1.23075348322171       -1.36022089850254
O            0.80092364960190        0.11404512660348        0.42746343533145
C            2.05448092656605       -0.11418735839252       -0.29301232818000
C            2.96083931165314       -0.88961610944513        0.62796635321882
H           -3.06092319906816       -0.52368229392584       -1.14021317474618
H           -1.51588712435471       -1.38719839634429       -1.08536851624493
H           -2.94844542911171       -2.09546999287371       -0.33028043716833
H           -1.42849082501305       -1.08874477702742        1.40631653993845
H           -2.99619508266221       -0.28883526888558        1.38154071007038
H           -1.16103370295407        1.36001886312772        1.55240320125536
H           -2.08748569739000        1.58739680659841        0.05121722100725
H            1.82659030456815       -0.66961046818619       -1.20774030186187
H            2.47777591791501        0.85767579168935       -0.56335909727423
H            3.17786651600596       -0.32192259498745        1.53729258759539
H            2.51298848146716       -1.84819289024760        0.90503094893743
H            3.90565247583793       -1.08809318541972        0.11370911118380
20
 energy: -386.243458420176 gnorm: 0.000452505933 xtb: 6.7.1 (edcfbbe)
C           -2.41894565019983       -1.15599972809306       -0.51062876784706
C           -2.08187144012688       -0.45390436713236        0.80063056246370
C           -1.41406991064729        0.91470983348209        0.58138418562119
C           -0.15606020430901        0.79522425315294       -0.23112177963035
O           -0.00309873246888        1.23430763771390       -1.36101896966189
O            0.79981599363162        0.11519491794132        0.42658228253568
C            2.05399273442738       -0.11138057027210       -0.29142646599492
C            2.95745583460520       -0.89340754284306        0.62706319356699
H           -3.06376480375266       -0.53000760646342       -1.13686350801584
H           -1.51399951197347       -1.38494530886782       -1.08548761792547
H           -2.94027855677001       -2.09990831359617       -0.32532798932911
H           -1.42457127103995       -1.08511398259970        1.40784139921861
H           -2.99409592260024       -0.28881587998645        1.38329369822599
H           -1.16375283750300        1.36479267642432        1.54806004102955
H           -2.08973905228229        1.58614158970511        0.04589959968182
H            1.82841256260068       -0.66160070271770       -1.20991201570969
H            2.48012753826471        0.86094925702217       -0.55584516887038
H            3.17466371277245       -0.33111020408914        1.53964267111697
H            2.50720138392624       -1.85240490059532        0.89867385908078
H            3.90242025881289       -1.09136575947660        0.11287328194018
20
 energy: -386.243458420176 gnorm: 0.000452505933 xtb: 6.7.1 (edcfbbe)
C           -2.41894565019983       -1.15599972809306       -0.51062876784706
C           -2.08187144012688       -0.45390436713236        0.80063056246370
C           -1.41406991064729        0.91470983348209        0.58138418562119
C           -0.15606020430901        0.79522425315294       -0.23112177963035
O           -0.00309873246888        1.23430763771390       -1.36101896966189
O            0.79981599363162        0.11519491794132        0.42658228253568
C            2.05399273442738       -0.11138057027210       -0.29142646599492
C            2.95745583460520       -0.89340754284306        0.62706319356699
H           -3.06376480375266       -0.53000760646342       -1.13686350801584
H           -1.51399951197347       -1.38494530886782       -1.08548761792547
H           -2.94027855677001       -2.09990831359617       -0.32532798932911
H           -1.42457127103995       -1.08511398259970        1.40784139921861
H           -2.99409592260024       -0.28881587998645        1.38329369822599
H           -1.16375283750300        1.36479267642432        1.54806004102955
H           -2.08973905228229        1.58614158970511        0.04589959968182
H            1.82841256260068       -0.66160070271770       -1.20991201570969
H            2.48012753826471        0.86094925702217       -0.55584516887038
H            3.17466371277245       -0.33111020408914        1.53964267111697
H            2.50720138392624       -1.85240490059532        0.89867385908078
H            3.90242025881289       -1.09136575947660        0.11287328194018
