----------------------------------------------- 
  Element       SASA      Sigma Z        Total  
     Z         Ang**2 cal/Ang**2/mol   kcal/mol 
----------------------------------------------- 
      H        142.361      48.690       6.932
      C         35.607     129.740       4.620
      O         31.165       0.000       0.000

 Subtotal:     209.133                  11.551
 -----------------------------------------------

  Elements    COT*SASA   Sigma Z,Z'     Total   
    Z,Z'       Ang**2  cal/Ang**2/mol kcal/mol  
 ---------------------------------------------- 
  H   C         95.970     -60.770      -5.832
  H   O          0.000       0.000       0.000
  C   C         27.096     -72.950      -1.977
  O   C         17.144      68.690       1.178
  O   O          0.000       0.000       0.000

 Subtotal:                              -6.631
 ---------------------------------------------- 

 NONAQUEOUS SOLVENT CONTRIBUTION (kcal/mol):
 (proportional to SASA, atomic number independent)
 ---------------------------------------------- 
 Subtotal:                               0.000
 ---------------------------------------------- 

 CDS TOTAL (kcal/mol):                   4.920
...............................................................................
