----------------------------------------------- 
  Element       SASA      Sigma Z        Total  
     Z         Ang**2 cal/Ang**2/mol   kcal/mol 
----------------------------------------------- 
      H        143.470      48.690       6.986
      C         36.820     129.740       4.777
      O         30.760       0.000       0.000

 Subtotal:     211.051                  11.763
 -----------------------------------------------

  Elements    COT*SASA   Sigma Z,Z'     Total   
    Z,Z'       Ang**2  cal/Ang**2/mol kcal/mol  
 ---------------------------------------------- 
  H   C         96.712     -60.770      -5.877
  H   O          0.000       0.000       0.000
  C   C         26.829     -72.950      -1.957
  O   C         16.812      68.690       1.155
  O   O          0.000       0.000       0.000

 Subtotal:                              -6.680
 ---------------------------------------------- 

 NONAQUEOUS SOLVENT CONTRIBUTION (kcal/mol):
 (proportional to SASA, atomic number independent)
 ---------------------------------------------- 
 Subtotal:                               0.000
 ---------------------------------------------- 

 CDS TOTAL (kcal/mol):                   5.083
...............................................................................
