----------------------------------------------- 
  Element       SASA      Sigma Z        Total  
     Z         Ang**2 cal/Ang**2/mol   kcal/mol 
----------------------------------------------- 
      H        142.099      48.690       6.919
      C         35.867     129.740       4.653
      O         30.664       0.000       0.000

 Subtotal:     208.630                  11.572
 -----------------------------------------------

  Elements    COT*SASA   Sigma Z,Z'     Total   
    Z,Z'       Ang**2  cal/Ang**2/mol kcal/mol  
 ---------------------------------------------- 
  H   C         95.797     -60.770      -5.822
  H   O          0.000       0.000       0.000
  C   C         27.172     -72.950      -1.982
  O   C         17.233      68.690       1.184
  O   O          0.000       0.000       0.000

 Subtotal:                              -6.620
 ---------------------------------------------- 

 NONAQUEOUS SOLVENT CONTRIBUTION (kcal/mol):
 (proportional to SASA, atomic number independent)
 ---------------------------------------------- 
 Subtotal:                               0.000
 ---------------------------------------------- 

 CDS TOTAL (kcal/mol):                   4.952
...............................................................................
