----------------------------------------------- 
  Element       SASA      Sigma Z        Total  
     Z         Ang**2 cal/Ang**2/mol   kcal/mol 
----------------------------------------------- 
      H        143.180      48.690       6.971
      C         36.852     129.740       4.781
      O         31.078       0.000       0.000

 Subtotal:     211.110                  11.753
 -----------------------------------------------

  Elements    COT*SASA   Sigma Z,Z'     Total   
    Z,Z'       Ang**2  cal/Ang**2/mol kcal/mol  
 ---------------------------------------------- 
  H   C         96.522     -60.770      -5.866
  H   O          0.000       0.000       0.000
  C   C         27.178     -72.950      -1.983
  O   C         17.064      68.690       1.172
  O   O          0.000       0.000       0.000

 Subtotal:                              -6.676
 ---------------------------------------------- 

 NONAQUEOUS SOLVENT CONTRIBUTION (kcal/mol):
 (proportional to SASA, atomic number independent)
 ---------------------------------------------- 
 Subtotal:                               0.000
 ---------------------------------------------- 

 CDS TOTAL (kcal/mol):                   5.076
...............................................................................
