----------------------------------------------- 
  Element       SASA      Sigma Z        Total  
     Z         Ang**2 cal/Ang**2/mol   kcal/mol 
----------------------------------------------- 
      H        144.803      48.690       7.050
      C         35.495     129.740       4.605
      O         32.535       0.000       0.000

 Subtotal:     212.833                  11.656
 -----------------------------------------------

  Elements    COT*SASA   Sigma Z,Z'     Total   
    Z,Z'       Ang**2  cal/Ang**2/mol kcal/mol  
 ---------------------------------------------- 
  H   C         97.346     -60.770      -5.916
  H   O          0.000       0.000       0.000
  C   C         26.354     -72.950      -1.923
  O   C         16.904      68.690       1.161
  O   O          0.000       0.000       0.000

 Subtotal:                              -6.677
 ---------------------------------------------- 

 NONAQUEOUS SOLVENT CONTRIBUTION (kcal/mol):
 (proportional to SASA, atomic number independent)
 ---------------------------------------------- 
 Subtotal:                               0.000
 ---------------------------------------------- 

 CDS TOTAL (kcal/mol):                   4.978
...............................................................................
