----------------------------------------------- 
  Element       SASA      Sigma Z        Total  
     Z         Ang**2 cal/Ang**2/mol   kcal/mol 
----------------------------------------------- 
      H        137.889      48.690       6.714
      C         36.195     129.740       4.696
      O         31.834       0.000       0.000

 Subtotal:     205.918                  11.410
 -----------------------------------------------

  Elements    COT*SASA   Sigma Z,Z'     Total   
    Z,Z'       Ang**2  cal/Ang**2/mol kcal/mol  
 ---------------------------------------------- 
  H   C         92.928     -60.770      -5.647
  H   O          0.000       0.000       0.000
  C   C         21.853     -72.950      -1.594
  O   C         17.731      68.690       1.218
  O   O          0.000       0.000       0.000

 Subtotal:                              -6.023
 ---------------------------------------------- 

 NONAQUEOUS SOLVENT CONTRIBUTION (kcal/mol):
 (proportional to SASA, atomic number independent)
 ---------------------------------------------- 
 Subtotal:                               0.000
 ---------------------------------------------- 

 CDS TOTAL (kcal/mol):                   5.386
...............................................................................
