----------------------------------------------- 
  Element       SASA      Sigma Z        Total  
     Z         Ang**2 cal/Ang**2/mol   kcal/mol 
----------------------------------------------- 
      H        140.132      48.690       6.823
      C         36.520     129.740       4.738
      O         29.844       0.000       0.000

 Subtotal:     206.496                  11.561
 -----------------------------------------------

  Elements    COT*SASA   Sigma Z,Z'     Total   
    Z,Z'       Ang**2  cal/Ang**2/mol kcal/mol  
 ---------------------------------------------- 
  H   C         94.475     -60.770      -5.741
  H   O          0.000       0.000       0.000
  C   C         27.548     -72.950      -2.010
  O   C         16.080      68.690       1.105
  O   O          0.000       0.000       0.000

 Subtotal:                              -6.646
 ---------------------------------------------- 

 NONAQUEOUS SOLVENT CONTRIBUTION (kcal/mol):
 (proportional to SASA, atomic number independent)
 ---------------------------------------------- 
 Subtotal:                               0.000
 ---------------------------------------------- 

 CDS TOTAL (kcal/mol):                   4.915
...............................................................................
