----------------------------------------------- 
  Element       SASA      Sigma Z        Total  
     Z         Ang**2 cal/Ang**2/mol   kcal/mol 
----------------------------------------------- 
      H        164.404      48.690       8.005
      C         33.671     129.740       4.368
      N          6.048       0.000       0.000

 Subtotal:     204.123                  12.373
 -----------------------------------------------

  Elements    COT*SASA   Sigma Z,Z'     Total   
    Z,Z'       Ang**2  cal/Ang**2/mol kcal/mol  
 ---------------------------------------------- 
  H   C        104.678     -60.770      -6.361
  C   C         21.746     -72.950      -1.586
  C   N          0.720       0.000       0.000
  N   C         43.548     -48.220      -2.100
  N  C(3)        0.000      84.100       0.000

 Subtotal:                             -10.048
 ---------------------------------------------- 

 NONAQUEOUS SOLVENT CONTRIBUTION (kcal/mol):
 (proportional to SASA, atomic number independent)
 ---------------------------------------------- 
 Subtotal:                               0.000
 ---------------------------------------------- 

 CDS TOTAL (kcal/mol):                   2.326
...............................................................................
