20
 energy: -27.123122093016 gnorm: 0.037675026856 xtb: 6.7.1 (edcfbbe)
C           -2.52176728858909       -0.64760966961996        1.09891178244465
C           -2.16193621206976       -0.78813756481717       -0.37737844276833
C           -1.39601776913855        0.42906128052621       -0.92891030901752
C           -0.14028381698491        0.69223274660521       -0.14801193533834
O           -0.00001681443943        1.59134614882331        0.67059878879632
O            0.82709324816929       -0.20195702028756       -0.42971536396507
C            2.08820464865954       -0.03309386952915        0.29110848203159
C            3.06514692246204       -1.04466082018422       -0.26003884026143
H           -3.10481302579266        0.26391615494570        1.27778719270389
H           -3.11866839307988       -1.50218435551978        1.43219890002782
H           -1.62461013522994       -0.60188958685938        1.72862841889641
H           -3.07382110892833       -0.89473428900127       -0.97349726765685
H           -1.56627432854806       -1.69334732392941       -0.53657086871435
H           -2.01710705313685        1.32543522108028       -0.86104318787196
H           -1.13391430341425        0.25353282306972       -1.97663821219168
H            2.43668761506018        0.99297959963866        0.13683873751142
H            1.89703641414528       -0.18712658396795        1.35841287721949
H            2.69394000619871       -2.06640152593978       -0.12880526093304
H            3.25880734367091       -0.86762995352887       -1.32324051774198
H            4.00963375836057       -0.95066920106616        0.28320793138267
20
 energy: -27.124414883409 gnorm: 0.013309998315 xtb: 6.7.1 (edcfbbe)
C           -2.52072216066929       -0.64546310970829        1.09238212471851
C           -2.15768465886281       -0.78993114246505       -0.37854010054907
C           -1.39654572437485        0.43074032661422       -0.92044259417888
C           -0.14017840198435        0.68622720571806       -0.13631407437214
O            0.00707221126802        1.58567737194135        0.66669261061078
O            0.82371231681637       -0.19232704027765       -0.42079218613840
C            2.08149731431008       -0.03742076320223        0.28459198682968
C            3.06820174612224       -1.04628852678877       -0.25987154359251
H           -3.10077948901470        0.26132370867237        1.26098690487116
H           -3.11105033964901       -1.49874214388761        1.42286344707802
H           -1.62591072695532       -0.58892614880971        1.71301419185087
H           -3.06988520869093       -0.90345987996244       -0.96840332281499
H           -1.54814566689939       -1.68501247235822       -0.52306663136412
H           -2.02135607965367        1.32272714770520       -0.85158757765937
H           -1.12789980429547        0.24927507964263       -1.96225579729220
H            2.42426118152965        0.99062103931930        0.13719440162721
H            1.88913921511985       -0.18919104918580        1.35055008342139
H            2.68697037273790       -2.05713458637616       -0.13254853121648
H            3.24672924404759       -0.86985378746084       -1.31835104871708
H            4.00989436647290       -0.95377901869194        0.27774056144133
20
 energy: -27.124635398102 gnorm: 0.005267428321 xtb: 6.7.1 (edcfbbe)
C           -2.51879884333717       -0.64411956092590        1.09026682078521
C           -2.14790808826371       -0.79427380529945       -0.37881804072713
C           -1.39446684736896        0.43114449723202       -0.91779283204428
C           -0.13459588423966        0.69053870133807       -0.13706457670843
O            0.01131345811740        1.58557452117746        0.66850958138709
O            0.82208047138069       -0.18567069335473       -0.41686679555596
C            2.07308466373460       -0.03888316026400        0.28417903386887
C            3.06007944593192       -1.04895263228020       -0.26330755867543
H           -3.10292064159212        0.25883872343392        1.24805806084200
H           -3.10344676739796       -1.49789888201468        1.42137241489924
H           -1.62703029228225       -0.57628980359561        1.70976150096708
H           -3.05653589731643       -0.91817533171798       -0.96947626545101
H           -1.52680204084100       -1.68120327086095       -0.51392317397894
H           -2.02295287893191        1.31871074726869       -0.84302898098222
H           -1.12326559695575        0.25275670085356       -1.95786267480534
H            2.42004025413400        0.98934545033193        0.14269635363152
H            1.88421895421907       -0.19118587467012        1.35116414220848
H            2.67425676500870       -2.05522184911551       -0.13600521600665
H            3.23176094738665       -0.87077070686628       -1.32002712250849
H            3.99920852598867       -0.95520156023183        0.27200823340808
20
 energy: -27.124705095840 gnorm: 0.002619994696 xtb: 6.7.1 (edcfbbe)
C           -2.51813780649366       -0.64282307027109        1.08911585715440
C           -2.13811754294636       -0.79773916847853       -0.37842947926096
C           -1.39359999027770        0.43271877114373       -0.91744005102433
C           -0.13460684951424        0.69184873315805       -0.13266460947612
O            0.01133136643478        1.59135542820028        0.66968624060518
O            0.82021272523621       -0.18192526991855       -0.41295312603894
C            2.06838441636127       -0.03896457290767        0.28494757695898
C            3.05257130269284       -1.05124964791463       -0.26707689323065
H           -3.11042113712449        0.25643590368258        1.23714923629869
H           -3.09702633985885       -1.49943094481784        1.42190932727365
H           -1.62960008733819       -0.56338896984878        1.71177933716788
H           -3.04175060881930       -0.93307504286334       -0.97357716966727
H           -1.50729588049702       -1.67880812883042       -0.50532429274025
H           -2.02520598617596        1.31739027890601       -0.83989021908781
H           -1.11958810961455        0.25781940477813       -1.95716064481464
H            2.42068212080656        0.98896136296084        0.14843133940510
H            1.88398413462193       -0.19377473026173        1.35307438456302
H            2.66372439262802       -2.05604891304902       -0.13879550485823
H            3.21912043262063       -0.87157805048675       -1.32423065896682
H            3.99265915463287       -0.95866116274288        0.26529225429282
20
 energy: -27.124748245066 gnorm: 0.002590096479 xtb: 6.7.1 (edcfbbe)
C           -2.51771496920576       -0.64210978552380        1.08777894226204
C           -2.12913639302633       -0.80067243669179       -0.37787760371600
C           -1.39364551036162        0.43514743959080       -0.91699511848848
C           -0.13412673231137        0.69797937221592       -0.13293602824327
O            0.00965742482379        1.59932362528994        0.66949547206068
O            0.81865603317336       -0.17832772528164       -0.40978134370833
C            2.06567428919944       -0.03968436887756        0.28734690791719
C            3.04625122933528       -1.05382634550466       -0.26971710926715
H           -3.11922066889879        0.25302121849095        1.22805912846148
H           -3.09053024301452       -1.50239730929755        1.42282152302644
H           -1.63238928240706       -0.55126267747432        1.71451780660130
H           -3.02831096624681       -0.94823201393201       -0.97727162433226
H           -1.48930644228309       -1.67633577344323       -0.49790520515963
H           -2.02975353159234        1.31623666575692       -0.83663512628091
H           -1.11953496082055        0.26482833893116       -1.95758758284158
H            2.42307013160740        0.98742618262367        0.15416551591232
H            1.88444127195545       -0.19692688284083        1.35622139584212
H            2.65585850231711       -2.05841392465811       -0.14027546732669
H            3.20810210210619       -0.87328119466338       -1.32802734457373
H            3.98927842302501       -0.96343019427210        0.25844576640817
20
 energy: -27.124776438459 gnorm: 0.002417450516 xtb: 6.7.1 (edcfbbe)
C           -2.51800284844047       -0.64199976517559        1.08646272164542
C           -2.12269236753898       -0.80214339928456       -0.37711847303569
C           -1.39402178805786        0.43750512250391       -0.91637014779421
C           -0.13460034042824        0.70279805183067       -0.13289926776216
O            0.00916373728034        1.60738031856060        0.66638612188029
O            0.81718957492777       -0.17654923670080       -0.40677836071787
C            2.06500767421978       -0.04047779716469        0.28974707728388
C            3.04223130635897       -1.05576649995511       -0.27127256955230
H           -3.12731874054436        0.24896695583277        1.22200903349006
H           -3.08535220783667       -1.50571787308931        1.42317135984904
H           -1.63560530860438       -0.54204192508468        1.71657078332711
H           -3.01819927197551       -0.95889775782412       -0.97996618607026
H           -1.47607060850026       -1.67350133683049       -0.49236520772916
H           -2.03376520804817        1.31583485966630       -0.83400677842028
H           -1.12112197519240        0.27066735141866       -1.95811466459126
H            2.42487900656770        0.98597762312173        0.15807249960524
H            1.88513453999497       -0.19989497437518        1.35865434390189
H            2.65197515093711       -2.06063300034022       -0.14017409579936
H            3.20010965639795       -0.87550772696569       -1.33066188479224
H            3.98837972585749       -0.96693677970580        0.25249659983554
20
 energy: -27.124803790151 gnorm: 0.001745661614 xtb: 6.7.1 (edcfbbe)
C           -2.51870583265426       -0.64235176718872        1.08486941183033
C           -2.11598024141787       -0.80350573288157       -0.37612381665926
C           -1.39454929880816        0.44044106943471       -0.91482282216082
C           -0.13453079349715        0.70876174281785       -0.13376523669432
O            0.01129597901334        1.61737320718196        0.66022004511958
O            0.81507538949770       -0.17552110561704       -0.40315385830341
C            2.06458760777097       -0.04192162439915        0.29239131432858
C            3.03841780901954       -1.05793739763609       -0.27252192097945
H           -3.13736789261432        0.24302309061697        1.21542753433272
H           -3.07907689915472       -1.51039268977638        1.42276385417942
H           -1.63990998727356       -0.53168566121671        1.71845866142736
H           -3.00740488872577       -0.96966677472505       -0.98257412344531
H           -1.46172283882000       -1.66979082204640       -0.48631724682637
H           -2.03808976920424        1.31582024439419       -0.82965449269623
H           -1.12395893789183        0.27732990501077       -1.95793495440647
H            2.42572137197205        0.98396306009163        0.16156626132825
H            1.88551304752248       -0.20348126315310        1.36098441927176
H            2.64890638236296       -2.06293913996888       -0.13887625003699
H            3.19119735527001       -0.87865856849816       -1.33298998879040
H            3.98790214500762       -0.96979756200244        0.24589611373470
20
 energy: -27.124840672924 gnorm: 0.001626125163 xtb: 6.7.1 (edcfbbe)
C           -2.52107198733646       -0.64377431566953        1.08206531163631
C           -2.10342294987829       -0.80582753701155       -0.37403849465947
C           -1.39534297861127        0.44638301290346       -0.91084346330360
C           -0.13329403827996        0.71945389914763       -0.13552780795021
O            0.02029558332456        1.63782881282250        0.64485704693212
O            0.81020420224846       -0.17554395834458       -0.39532969428578
C            2.06342138359193       -0.04523051704023        0.29682332814972
C            3.03165975102252       -1.06215108105070       -0.27478179288869
H           -3.15945001962737        0.22921204822102        1.20217823583794
H           -3.06601364143666       -1.52119519005207        1.42149140193672
H           -1.64974513489665       -0.51041763606942        1.72192513756993
H           -2.98673219000534       -0.98875494944071       -0.98748382192817
H           -1.43440228294764       -1.66200606721296       -0.47460680363548
H           -2.04524797005730        1.31654046350995       -0.81928345949850
H           -1.12922432780100        0.29027654189061       -1.95631830640393
H            2.42515196244933        0.98008088110357        0.16675027705461
H            1.88620557605591       -0.21005402334132        1.36487357972714
H            2.64382114555837       -2.06697620335598       -0.13536839513356
H            3.17387764100142       -0.88534929308164       -1.33709105444294
H            3.98662998300021       -0.97343267748969        0.23355167983950
20
 energy: -27.124860032165 gnorm: 0.001212130876 xtb: 6.7.1 (edcfbbe)
C           -2.52412177628315       -0.64545664885261        1.08019173586832
C           -2.09392961779061       -0.80752579155960       -0.37240722921341
C           -1.39562141731503        0.45099731427426       -0.90691048945013
C           -0.13076072686657        0.72696203348633       -0.13721439870837
O            0.03104567400890        1.65430033401699        0.63074355977981
O            0.80603568293497       -0.17716073346271       -0.38796997193502
C            2.06184518754647       -0.04784919259709        0.29950406136428
C            3.02662350569139       -1.06554888173918       -0.27673321269926
H           -3.17991999234759        0.21573943347763        1.19083601410095
H           -3.05445564743531       -1.53114641768658        1.42084359576606
H           -1.65961812835093       -0.49172528126901        1.72461591216665
H           -2.97048854086320       -1.00239904936218       -0.99145817558316
H           -1.41414375551546       -1.65585957899879       -0.46535355684379
H           -2.04944791336783        1.31749135656994       -0.80963559369173
H           -1.13240617843287        0.30047884980318       -1.95385794666990
H            2.42348027156551        0.97742942952090        0.16905221447254
H            1.88808236587179       -0.21372571305247        1.36789664263114
H            2.63950860822736       -2.06986593407767       -0.13291424887116
H            3.16089611172761       -0.89051649473160       -1.34017297714840
H            3.98471599436932       -0.97555682332139        0.22478696921823
20
 energy: -27.124869687374 gnorm: 0.000658291177 xtb: 6.7.1 (edcfbbe)
C           -2.52758978019151       -0.64693763732727        1.07896799001393
C           -2.08889841192969       -0.80816834041375       -0.37131890196647
C           -1.39570276192444        0.45388215718819       -0.90349891948433
C           -0.12839155204818        0.73090789997274       -0.13801956655452
O            0.04017583107376        1.66591058397256        0.61924186875622
O            0.80308910727548       -0.18011746099675       -0.38105700254125
C            2.06137931643471       -0.04946299319004        0.30085256064416
C            3.02419940137528       -1.06777827492981       -0.27797212660504
H           -3.19745453877673        0.20385593757157        1.18285642774703
H           -3.04515534080603       -1.53951515115677        1.42081840835908
H           -1.66838608440575       -0.47691217886054        1.72588700102105
H           -2.96087345557673       -1.00953062443804       -0.99424556332559
H           -1.40305607963461       -1.65181485740397       -0.45941505985796
H           -2.05099793447792        1.31863236540446       -0.80221649465994
H           -1.13459341860395        0.30719380635745       -1.95150794705342
H            2.42215815985707        0.97589538149530        0.16799258357526
H            1.89206011907712       -0.21426170025619        1.37016698534061
H            2.63715270811878       -2.07170632472981       -0.13181358994995
H            3.15438306086995       -0.89371647446813       -1.34194216232704
H            3.98382136166814       -0.97729390335286        0.22006641342178
20
 energy: -27.124874677075 gnorm: 0.000327485418 xtb: 6.7.1 (edcfbbe)
C           -2.53050831280286       -0.64788021325938        1.07838026319865
C           -2.08804614743113       -0.80822724968844       -0.37095782996105
C           -1.39569356031716        0.45498037638867       -0.90116038576238
C           -0.12657348969286        0.73200782420370       -0.13845436103710
O            0.04589635041100        1.67149288124660        0.61216467930293
O            0.80165181751700       -0.18336304384589       -0.37605391942246
C            2.06198067161786       -0.05017822495020        0.30115162080704
C            3.02419824361350       -1.06876948085046       -0.27836021060078
H           -3.20941634380236        0.19572099887480        1.17896957770687
H           -3.03912191552227       -1.54490183447049        1.42154435180150
H           -1.67421563081289       -0.46735052158257        1.72587612248246
H           -2.95826076730451       -1.01084011157792       -0.99574212518733
H           -1.40062714914355       -1.65060903059495       -0.45749842553971
H           -2.05065018070459        1.31971262638967       -0.79752198429044
H           -1.13600062383514        0.31045254279567       -1.94986230459760
H            2.42128371336943        0.97533184121524        0.16483356948301
H            1.89667917184373       -0.21273888763132        1.37145978479317
H            2.63674535908628       -2.07247335447000       -0.13206755013588
H            3.15411769369894       -0.89473381277065       -1.34230271671357
H            3.98388080758636       -0.97857111498374        0.21944474822630
20
 energy: -27.124876854973 gnorm: 0.000265858131 xtb: 6.7.1 (edcfbbe)
C           -2.53257150770886       -0.64843573569193        1.07816590779627
C           -2.08926350040348       -0.80789651063878       -0.37098209435692
C           -1.39563995153666        0.45507459656836       -0.89976855396994
C           -0.12565691045474        0.73127865088343       -0.13805395686254
O            0.04928157260956        1.67419960382751        0.60785519198926
O            0.80096536736211       -0.18649096349156       -0.37253186090118
C            2.06295948110100       -0.05045421430093        0.30107057808998
C            3.02529575739701       -1.06898828826554       -0.27833901670201
H           -3.21716936277502        0.19059288687080        1.17750439698123
H           -3.03505079447413       -1.54838014852931        1.42265268919317
H           -1.67736571965277       -0.46127290583089        1.72509256983196
H           -2.95937656562048       -1.00927846567145       -0.99648107043931
H           -1.40246506922597       -1.65082712935932       -0.45784559303828
H           -2.04955061474252        1.32051196951757       -0.79492228745208
H           -1.13681800479527        0.31163519774816       -1.94889087084441
H            2.42059319648507        0.97524755818869        0.16155199637669
H            1.90070509523703       -0.21086292801246        1.37215197359895
H            2.63717532770224       -2.07260390932762       -0.13318266465878
H            3.15683513007219       -0.89434325925594       -1.34202197692994
H            3.98443678079846       -0.97964379479046        0.22081754685153
20
 energy: -27.124877265297 gnorm: 0.000305065115 xtb: 6.7.1 (edcfbbe)
C           -2.53248282679864       -0.64838831906168        1.07831949030772
C           -2.09064192048712       -0.80774530286269       -0.37128732653734
C           -1.39570223045461        0.45461561925737       -0.89986427970299
C           -0.12548905470344        0.73058059728508       -0.13838418852035
O            0.04900094811765        1.67304596703692        0.60790899196859
O            0.80115499911330       -0.18729463794531       -0.37235066691878
C            2.06326191591135       -0.05038724193642        0.30088853451990
C            3.02615077772440       -1.06868821942556       -0.27800974791507
H           -3.21700730790806        0.19043880009573        1.17858715705907
H           -3.03441355846913       -1.54826079293028        1.42343595035734
H           -1.67671662578529       -0.46115078968225        1.72432241514377
H           -2.96176706397644       -1.00714172735947       -0.99615115056040
H           -1.40550304665756       -1.65197159911146       -0.45945656097292
H           -2.04902659177500        1.32056717574984       -0.79497350176769
H           -1.13697332164605        0.31120565129272       -1.94901630707035
H            2.42030618951314        0.97542326554154        0.16061573530300
H            1.90147046210608       -0.21018789519459        1.37210378896605
H            2.63752848939913       -2.07233365126107       -0.13434035849601
H            3.15963662735123       -0.89317264109644       -1.34133360947709
H            3.98453284679983       -0.98009204795366        0.22282853886719
20
 energy: -27.124877436831 gnorm: 0.000055369191 xtb: 6.7.1 (edcfbbe)
C           -2.53208285177007       -0.64837199078308        1.07840036389119
C           -2.09099209716576       -0.80765421111212       -0.37142817139349
C           -1.39578556966414        0.45453488270908       -0.90001373547461
C           -0.12562534820893        0.73038352626224       -0.13839443080308
O            0.04898276636763        1.67325744090548        0.60754858026038
O            0.80102977493781       -0.18759653268799       -0.37226038091111
C            2.06315358604219       -0.05053090849936        0.30103098764661
C            3.02625611879504       -1.06858319465442       -0.27791700676526
H           -3.21689361314550        0.19037948117287        1.17897407892074
H           -3.03359704256698       -1.54847332879322        1.42379204633715
H           -1.67590388707004       -0.46079817616480        1.72397674318675
H           -2.96251753916473       -1.00663014760642       -0.99599482240601
H           -1.40618530641424       -1.65218095728933       -0.46009710453856
H           -2.04899855812602        1.32057556159287       -0.79510169475098
H           -1.13712915876592        0.31111867908183       -1.94919432403121
H            2.42000146576354        0.97534574880448        0.16087038826923
H            1.90133892484391       -0.21051062983516        1.37221198240320
H            2.63739306125469       -2.07225947916713       -0.13511013095160
H            3.16052410611373       -0.89246839342347       -1.34105925706431
H            3.98435087531856       -0.98047516007401        0.22360879272861
20
 energy: -27.124877558393 gnorm: 0.000142889367 xtb: 6.7.1 (edcfbbe)
C           -2.53131065576695       -0.64838159486729        1.07853272831063
C           -2.09105642549885       -0.80756452678880       -0.37156144353805
C           -1.39589744463901        0.45451547391577       -0.90042571962849
C           -0.12585558604940        0.73037953346804       -0.13861199348507
O            0.04864718365899        1.67335530966201        0.60732717292881
O            0.80087860453448       -0.18753596920604       -0.37247649886418
C            2.06278964098627       -0.05067203809989        0.30126298734272
C            3.02608358666482       -1.06847528410010       -0.27781710405384
H           -3.21558385156995        0.19073326609178        1.17969826251778
H           -3.03306573415696       -1.54825562170311        1.42415020053782
H           -1.67466791876611       -0.46133698186501        1.72362403672719
H           -2.96296571151012       -1.00632380000713       -0.99567537123107
H           -1.40649788033346       -1.65225322690731       -0.46069057118791
H           -2.04914293608214        1.32052813069754       -0.79559695441176
H           -1.13722627185287        0.31099276989037       -1.94959152416474
H            2.41968416315120        0.97526878381747        0.16170296051007
H            1.90062966458077       -0.21116825425878        1.37232918079324
H            2.63693770978058       -2.07218543083980       -0.13594127221918
H            3.16104758366431       -0.89165506157516       -1.34077085860083
H            3.98389198657917       -0.98090326688622        0.22437468627050
20
 energy: -27.124877674503 gnorm: 0.000119178384 xtb: 6.7.1 (edcfbbe)
C           -2.53038959581840       -0.64837231207675        1.07869173171096
C           -2.09104932515520       -0.80751203066923       -0.37170104226049
C           -1.39605805216143        0.45456181086379       -0.90080279262252
C           -0.12605194118806        0.73053220334956       -0.13896536430902
O            0.04837915897575        1.67352611233221        0.60694946259044
O            0.80063635278077       -0.18746503511537       -0.37261365381210
C            2.06234382416896       -0.05086902208006        0.30155039742165
C            3.02582544938066       -1.06839308625118       -0.27771719017338
H           -3.21423070277946        0.19107871217560        1.18038745454596
H           -3.03239795763335       -1.54808274413182        1.42436592959220
H           -1.67329486985274       -0.46187813925123        1.72337678207442
H           -2.96332384565556       -1.00613523167729       -0.99533309334007
H           -1.40661357706433       -1.65224749580493       -0.46127771796123
H           -2.04935773968038        1.32053654763219       -0.79610794261584
H           -1.13738194227915        0.31086910866943       -1.94993380452145
H            2.41925801549595        0.97515060035159        0.16264246087788
H            1.89983025066023       -0.21193201984368        1.37248901134042
H            2.63637469571758       -2.07213415318808       -0.13684140127235
H            3.16148587245309       -0.89079190705331       -1.34045886982311
H            3.98333563700984       -0.98137970779311        0.22514254711125
20
 energy: -27.124877781282 gnorm: 0.000079816978 xtb: 6.7.1 (edcfbbe)
C           -2.52937106615696       -0.64846496261793        1.07891401198394
C           -2.09103993900023       -0.80739147361264       -0.37181932470932
C           -1.39621586281199        0.45464190900263       -0.90127757947710
C           -0.12623081323781        0.73079893612242       -0.13948760665392
O            0.04826080181630        1.67401032674614        0.60611159376134
O            0.80028854826306       -0.18747198070327       -0.37263798043349
C            2.06177973841400       -0.05116574104874        0.30196835884494
C            3.02550388155559       -1.06828039894777       -0.27759577564996
H           -3.21251436582534        0.19139391726798        1.18136516033338
H           -3.03171335777972       -1.54795867324862        1.42464251306073
H           -1.67172278752820       -0.46275454461662        1.72304326719902
H           -2.96377153677897       -1.00583037337627       -0.99483315649386
H           -1.40672877310091       -1.65215099894899       -0.46196051748501
H           -2.04955294927388        1.32061270828420       -0.79679535380167
H           -1.13754061260189        0.31067878186345       -1.95036647464661
H            2.41862806684156        0.97497322105806        0.16380982869768
H            1.89890311631671       -0.21290690168839        1.37274362550270
H            2.63571929261665       -2.07206209098765       -0.13803070334313
H            3.16201247869050       -0.88964209874694       -1.34004031741930
H            3.98262584695630       -0.98196735136272        0.22608933528327
20
 energy: -27.124877870296 gnorm: 0.000054325966 xtb: 6.7.1 (edcfbbe)
C           -2.52793050654072       -0.64860197086561        1.07914275574443
C           -2.09082033629210       -0.80731730839937       -0.37200554262298
C           -1.39651264113315        0.45488265983567       -0.90176025333834
C           -0.12640249231474        0.73137229970930       -0.14029497521122
O            0.04852931662373        1.67538192481903        0.60415835060120
O            0.79957601282926       -0.18776857821661       -0.37216374932858
C            2.06095515795647       -0.05170633971112        0.30271620627273
C            3.02495293229207       -1.06820733778230       -0.27747561477550
H           -3.21104322048450        0.19123822699464        1.18233892760944
H           -3.03001232217914       -1.54815750947412        1.42505047429511
H           -1.66976362211801       -0.46307476878710        1.72267935728593
H           -2.96403266197947       -1.00570835922894       -0.99435700719513
H           -1.40651406677944       -1.65199870252137       -0.46280969431401
H           -2.05000020480130        1.32075192859501       -0.79728513124578
H           -1.13803347328692        0.31084782637357       -1.95089595672086
H            2.41763108211840        0.97462189332149        0.16550433534646
H            1.89789595369134       -0.21443351472445        1.37331936869221
H            2.63467603610366       -2.07206549828385       -0.13978326752199
H            3.16256159240983       -0.88802656614193       -1.33953220402877
H            3.98160717125949       -0.98296809507361        0.22729652500930
