20
 energy: -27.121999947679 gnorm: 0.034783418971 xtb: 6.7.1 (edcfbbe)
C           -2.59922657651993       -1.04967392471043       -0.44589204870375
C           -2.23193205773838       -0.25259817956303        0.80310353317905
C           -1.30609391768970        0.93257330442314        0.48953729184008
C           -0.03673463851332        0.50936852592631       -0.19670403156772
O            0.31004296869430        0.87382502541547       -1.30982826911732
O            0.67975910140598       -0.34145480552606        0.56144210945501
C            1.95687853135678       -0.80449232609551        0.02181409266417
C            3.04186036418972        0.22340925301830        0.25083722572114
H           -1.71238790675949       -1.50974358110479       -0.90223971949629
H           -3.30198876954667       -1.85401550812370       -0.20393857115253
H           -3.06904539821463       -0.40595420700338       -1.20059293569494
H           -1.75489418094956       -0.90560788490535        1.54219783988945
H           -3.13781151845637        0.14846750808366        1.27090845044877
H           -1.03378545803032        1.45037731198807        1.41703420496970
H           -1.80777055955200        1.64584628406646       -0.16902513010876
H            2.15699840997129       -1.72535488222612        0.57294734975216
H            1.82831139741531       -1.04181212600256       -1.03744346400115
H            3.14791787580574        0.44375321667162        1.31753442323634
H            3.99416357961412       -0.17505037829732       -0.11422202860192
H            2.83103316299088        1.15283951400661       -0.28531207079214
20
 energy: -27.123217447423 gnorm: 0.013977081119 xtb: 6.7.1 (edcfbbe)
C           -2.59781504972696       -1.04478935147805       -0.44345455939766
C           -2.22692963676730       -0.25406512760198        0.80291924011862
C           -1.30656293633091        0.92990875514348        0.48191888718808
C           -0.03668094380057        0.49881136713252       -0.20020681774606
O            0.31240396644064        0.86459679979910       -1.30352685074295
O            0.67974633851885       -0.33839530660561        0.55429808486330
C            1.94948136588062       -0.80114241763741        0.02973525130796
C            3.04507412914462        0.22115903736886        0.25215853640337
H           -1.71239905245659       -1.49216476876720       -0.89727326318591
H           -3.29378607536587       -1.84498757856852       -0.19590327338837
H           -3.06562677594432       -0.39913216722610       -1.18666335803053
H           -1.73424602103433       -0.91030522073304        1.52410803835380
H           -3.13391330947048        0.13880297815236        1.26845488158079
H           -1.03342861757736        1.43747423415596        1.41017406262286
H           -1.81164853010939        1.63956804915597       -0.17588180263445
H            2.14404906187047       -1.72229238560509        0.58123014241466
H            1.82110229458374       -1.01958786851858       -1.03395749216106
H            3.14172313350250        0.44615658363481        1.31284544157060
H            3.99054533196277       -0.17638018218668       -0.11240926000920
H            2.82420573615363        1.14146671042658       -0.28640763720848
20
 energy: -27.123452318792 gnorm: 0.005009504450 xtb: 6.7.1 (edcfbbe)
C           -2.59625840889856       -1.04343108653327       -0.44419518663520
C           -2.21896685837855       -0.25749663203327        0.80423785406232
C           -1.30663287447278        0.93079843215070        0.47848884854691
C           -0.03246614444584        0.50126022409017       -0.20005080881119
O            0.31164837282452        0.85862463610575       -1.30630831806275
O            0.68091289747216       -0.32854653530040        0.55301885867031
C            1.93926908039613       -0.79973965040823        0.03464140732103
C            3.04395680235375        0.21921037240524        0.25567225984432
H           -1.71293916797858       -1.48212675820101       -0.90318269287422
H           -3.28654455244184       -1.84381186170602       -0.19389356560675
H           -3.06857360478039       -0.39467887795100       -1.17729222293481
H           -1.71176959860946       -0.91388565693763        1.51269367071846
H           -3.12351118194017        0.12717837560257        1.27696125326157
H           -1.03420758241808        1.43847963669029        1.40440255380579
H           -1.81483635080135        1.63290550034813       -0.18316691782058
H            2.12965999605216       -1.72138662364941        0.58514905512201
H            1.81549454946802       -1.00841346223511       -1.03239178339211
H            3.13684063794503        0.44926268423212        1.31318993016529
H            3.98338473728983       -0.18358034572514       -0.10772115952347
H            2.82083366083774        1.13407976909691       -0.28809478393755
20
 energy: -27.123510643085 gnorm: 0.002055783639 xtb: 6.7.1 (edcfbbe)
C           -2.59643098319200       -1.04227876332436       -0.44524441719816
C           -2.21224776976493       -0.26048893258706        0.80524079502012
C           -1.30776245421760        0.93328029981204        0.47660181896477
C           -0.03425046654181        0.50081170165237       -0.20332652292811
O            0.30818195194760        0.85648245210039       -1.31189071225165
O            0.68041222760376       -0.32123398251286        0.55332957995905
C            1.93353992746909       -0.79806789705573        0.03795309001444
C            3.04409420197404        0.21788925208026        0.25841917001529
H           -1.71463886374335       -1.47511826905346       -0.91279198008604
H           -3.28200866326658       -1.84605051066138       -0.19341856068103
H           -3.07630263975793       -0.39045825464581       -1.17080428522386
H           -1.69489271006325       -0.91785031886342        1.50516511528281
H           -3.11389895313470        0.11745494027212        1.28803634982444
H           -1.03509381031560        1.44360653834311        1.40071983031916
H           -1.81867104675822        1.63093015807586       -0.18711472421858
H            2.12196813580415       -1.72015193467777        0.58777916505491
H            1.81392877760901       -1.00595051566176       -1.02997404026109
H            3.13448467737193        0.45128019277656        1.31526139779658
H            3.98173819577688       -0.19023571118790       -0.10222024877273
H            2.82314467467325        1.13085169516018       -0.28956256871097
20
 energy: -27.123547675497 gnorm: 0.002631904727 xtb: 6.7.1 (edcfbbe)
C           -2.59755019363202       -1.04059506222311       -0.44580175936685
C           -2.20513677269621       -0.26402486462725        0.80638323671882
C           -1.30972728557584        0.93586968751635        0.47386256965245
C           -0.03503254653331        0.50488543695678       -0.20602169439859
O            0.30245312906514        0.85387633343502       -1.31948290788952
O            0.68050806731084       -0.31204883778416        0.55415953634732
C            1.92926772212131       -0.79629003978191        0.04042652593397
C            3.04510446751404        0.21571074181866        0.26155707207400
H           -1.71765762475071       -1.46636442782177       -0.92505205678835
H           -3.27697765800614       -1.84985545527616       -0.19280559604949
H           -3.08779930512562       -0.38602489208585       -1.16297104941645
H           -1.67650828764238       -0.92234537810937        1.49718106391311
H           -3.10380421546230        0.10529179908362        1.30179078456451
H           -1.03843002513219        1.45137829736506        1.39566435686238
H           -1.82534636318522        1.62790908690118       -0.19188921729676
H            2.11484428825435       -1.71936232656665        0.58966897263400
H            1.81265806431792       -1.00499699831580       -1.02780860605541
H            3.13273238841500        0.45212867891583        1.31829078773189
H            3.98214777682043       -0.19846696633937       -0.09466655907064
H            2.82954878339665        1.12802732698028       -0.29032720818098
20
 energy: -27.123566214673 gnorm: 0.002242017529 xtb: 6.7.1 (edcfbbe)
C           -2.59955093648408       -1.03932972360872       -0.44557144345307
C           -2.20184341745634       -0.26588973313403        0.80668330274088
C           -1.31092917326217        0.93666732092080        0.47214690404386
C           -0.03664499857931        0.50593948399528       -0.20859660049803
O            0.29902070431727        0.85229682046601       -1.32351777003507
O            0.68080342389125       -0.30767468378274        0.55422390994241
C            1.92896032737277       -0.79466250007920        0.04086575637671
C            3.04662150114498        0.21459509109499        0.26351319915980
H           -1.72120220447195       -1.46084251939162       -0.93215511451746
H           -3.27499682106814       -1.85217474722417       -0.19212425985071
H           -3.09622185922050       -0.38391469149640       -1.15793340816171
H           -1.66755972429474       -0.92482159196161        1.49254488149407
H           -3.09825093765830        0.09930573632964        1.30943456814490
H           -1.04045616856740        1.45521492990765        1.39277373571174
H           -1.82936498319533        1.62609452519934       -0.19416698794508
H            2.11233651941474       -1.71849697160540        0.58997543653206
H            1.81252987517780       -1.00422666019531       -1.02721157024178
H            3.13231968774671        0.45190632117635        1.32046831101368
H            3.98404507631238       -0.20256445706784       -0.08932605080641
H            2.83567851835408        1.12728019049836       -0.28986854773136
20
 energy: -27.123583921180 gnorm: 0.001148328439 xtb: 6.7.1 (edcfbbe)
C           -2.60283988093465       -1.03802390161996       -0.44486944422416
C           -2.19943187914578       -0.26775147550974        0.80685801565770
C           -1.31201192051654        0.93651198096826        0.46998313446868
C           -0.03770675959925        0.50715068962164       -0.21110937181784
O            0.29634930838366        0.85016103244720       -1.32714415976870
O            0.68163007209995       -0.30392565490715        0.55382226001011
C            1.93015355507979       -0.79260980003391        0.04044971063180
C            3.04892533464817        0.21355105577128        0.26582242677427
H           -1.72638926984802       -1.45500809354948       -0.93883941767984
H           -3.27394860056416       -1.85426164489604       -0.19043099411219
H           -3.10625150762638       -0.38216090126315       -1.15204175645827
H           -1.66018172619756       -0.92743206705717        1.48794785522953
H           -3.09331578871875        0.09442408870861        1.31615546842557
H           -1.04240008165087        1.45769009005454        1.38950434840506
H           -1.83309567473630        1.62364203013614       -0.19674815163579
H            2.11075110031807       -1.71760123253081        0.58898234638059
H            1.81300408547625       -1.00154864417383       -1.02764885815076
H            3.13207964315567        0.45092451616996        1.32309007578492
H            3.98689232647327       -0.20602093957147       -0.08334848870093
H            2.84308207337718        1.12699101127645       -0.28827674730030
20
 energy: -27.123606208847 gnorm: 0.001386374367 xtb: 6.7.1 (edcfbbe)
C           -2.61049083298148       -1.03611888216692       -0.44354921316985
C           -2.19587070123004       -0.27099294033206        0.80695877044254
C           -1.31330723796443        0.93545267342334        0.46580795735228
C           -0.03897906931837        0.50794503327377       -0.21573789382152
O            0.29337825104163        0.84592256641806       -1.33306570057990
O            0.68373017906342       -0.29822618891617        0.55249593230468
C            1.93304772167614       -0.78863977157939        0.03926116471709
C            3.05370355050476        0.21226089200304        0.27071808793968
H           -1.73786964759138       -1.44449167948237       -0.95116952342748
H           -3.27326923202288       -1.85801906398183       -0.18577963900651
H           -3.12687091206711       -0.37943779661197       -1.14037527716944
H           -1.64836401614173       -0.93238681011501        1.47963150597770
H           -3.08493662651033        0.08753993884757        1.32691727023410
H           -1.04428584267816        1.45992656675851        1.38356419831308
H           -1.83821578055485        1.61908042392809       -0.20166246949962
H            2.10866363416756       -1.71606616691666        0.58565240529566
H            1.81511711406592       -0.99386237667331       -1.02944483298367
H            3.13174751209033        0.44910911982784        1.32848670493964
H            3.99219438746468       -0.21124461668624       -0.07235898368811
H            2.85617195846005        1.12695121902310       -0.28419221225085
20
 energy: -27.123621995573 gnorm: 0.001286386198 xtb: 6.7.1 (edcfbbe)
C           -2.61827899349776       -1.03493011520550       -0.44254610861196
C           -2.19301737177826       -0.27361985506393        0.80687655154923
C           -1.31370355891791        0.93432762319884        0.46209911568076
C           -0.03896656425033        0.50812860322329       -0.21943660115153
O            0.29189437466207        0.84230576875216       -1.33832305790730
O            0.68608564798315       -0.29380312367309        0.55093202913892
C            1.93524950691599       -0.78545702986467        0.03820565126876
C            3.05798736092029        0.21169382325562        0.27562757407564
H           -1.74948579529145       -1.43537547211720       -0.96274687457474
H           -3.27309078191381       -1.86178265884108       -0.18066169028143
H           -3.14699166276788       -0.37767924939831       -1.12945867279846
H           -1.63921648435498       -0.93676273166295        1.47256794279858
H           -3.07782806932930        0.08270533322726        1.33540580283057
H           -1.04450223147078        1.46071748675621        1.37853921661737
H           -1.84109336691352        1.61532999269476       -0.20604313184680
H            2.10738964361676       -1.71522009515757        0.58155723890663
H            1.81854677038065       -0.98586643959278       -1.03151685093215
H            3.13156211534566        0.44770385767001        1.33381508190417
H            3.99648962559592       -0.21499846619389       -0.06304231229453
H            2.86626424453922        1.12728488803420       -0.27969265245218
20
 energy: -27.123637072487 gnorm: 0.000699140192 xtb: 6.7.1 (edcfbbe)
C           -2.62900985060841       -1.03344386690574       -0.44118549184662
C           -2.18997809989837       -0.27652241111475        0.80648289314713
C           -1.31364697164336        0.93251741998272        0.45732683418342
C           -0.03875992012311        0.50703909424993       -0.22453636674164
O            0.29029440276927        0.83839499014700       -1.34498233439879
O            0.68939408494441       -0.28936940805944        0.54810773427016
C            1.93836536023392       -0.78169468525123        0.03662430223379
C            3.06348546644529        0.21151872540013        0.28226217173836
H           -1.76552697999750       -1.42324302004537       -0.97811265103542
H           -3.27265831268847       -1.86719581347632       -0.17342409088049
H           -3.17462879228029       -0.37617294955017       -1.11483366988809
H           -1.62929726122727       -0.94212963893445        1.46393961729071
H           -3.06920544115516        0.07803674832732        1.34539702651498
H           -1.04378115361686        1.46079857103827        1.37242756497381
H           -1.84336876468693        1.61105038265973       -0.21132932055344
H            2.10703859501725       -1.71445551344750        0.57568477560140
H            1.82470472056170       -0.97602520011096       -1.03447172102974
H            3.13169308380550        0.44547252208163        1.34121033082231
H            4.00209755464105       -0.21842050987531       -0.05168089210589
H            2.87808268898108        1.12854670292588       -0.27274846037636
20
 energy: -27.123645193418 gnorm: 0.000550720896 xtb: 6.7.1 (edcfbbe)
C           -2.64087270213927       -1.03161335522827       -0.43937027765218
C           -2.18677334926526       -0.27952871146217        0.80603657793870
C           -1.31326178198813        0.93034432654836        0.45207124411624
C           -0.03779342073343        0.50632543778702       -0.22992791321718
O            0.28830839585081        0.83408884081652       -1.35260602864741
O            0.69301427506461       -0.28535446258368        0.54451990505576
C            1.94203916408777       -0.77802405702561        0.03465273508772
C            3.06901174175787        0.21141038652139        0.28958438716605
H           -1.78347495188733       -1.40925791790460       -0.99453617934638
H           -3.27177014633259       -1.87333776375275       -0.16601774313732
H           -3.20489765647672       -0.37484702882926       -1.09826944851580
H           -1.61932583889473       -0.94789431425371        1.45499062345288
H           -3.05991477604018        0.07339228840444        1.35593898167511
H           -1.04276181639407        1.46114956780919        1.36556599991195
H           -1.84538170668025        1.60626438361457       -0.21731562640264
H            2.10741989413614       -1.71399699554393        0.56916309043869
H            1.83225709107394       -0.96623302661717       -1.03791370977476
H            3.13187038666741        0.44199405369068        1.34958392462427
H            4.00802890862156       -0.22076107650375       -0.04022690630779
H            2.88957269904559        1.13058156455410       -0.26376538454622
20
 energy: -27.123647012979 gnorm: 0.000325620987 xtb: 6.7.1 (edcfbbe)
C           -2.64557996275359       -1.03055158966653       -0.43851904612351
C           -2.18560512106780       -0.28052791953047        0.80583385889240
C           -1.31284426397252        0.92924133391877        0.44988512817616
C           -0.03781223208583        0.50462658427371       -0.23275046148776
O            0.28778196234051        0.83223650325521       -1.35555626885395
O            0.69423663477172       -0.28489349329121        0.54258431903495
C            1.94384381040358       -0.77682748074934        0.03379521031032
C            3.07071733384319        0.21171564727104        0.29262399006405
H           -1.79109871517782       -1.40315287715316       -1.00096760645805
H           -3.27116115498792       -1.87544788371457       -0.16338011784982
H           -3.21683336210379       -0.37408302910910       -1.09094253097456
H           -1.61574335252547       -0.95012228536033        1.45137336690051
H           -3.05598131151423        0.07214309276677        1.36015806262037
H           -1.04175418177534        1.46097951739056        1.36267318726763
H           -1.84564529461710        1.60439011671596       -0.21970453836787
H            2.10827706446899       -1.71384949880231        0.56672775458004
H            1.83586950576955       -0.96310047392172       -1.03925547011834
H            3.13195215026868        0.44005492401240        1.35319629948893
H            4.01004753613820       -0.22023517882074       -0.03653480672674
H            2.89262736405074        1.13210613055647       -0.25908207845503
20
 energy: -27.123646765335 gnorm: 0.000636315688 xtb: 6.7.1 (edcfbbe)
C           -2.65030880884410       -1.02948403998125       -0.43766346680782
C           -2.18443029610891       -0.28153186106869        0.80563084887108
C           -1.31242405284072        0.92813315806365        0.44768801024628
C           -0.03782771851457        0.50292354464294       -0.23558428185160
O            0.28725326952371        0.83037212889142       -1.35852183977817
O            0.69546483776600       -0.28443136334685        0.54063989799690
C            1.94565704520210       -0.77562722159091        0.03293313093221
C            3.07242887347757        0.21202211264976        0.29567840321644
H           -1.79875656547123       -1.39701577777245       -1.00743014895845
H           -3.27054742825153       -1.87756887257635       -0.16072968545026
H           -3.22882660842843       -0.37331435819106       -1.08357996235732
H           -1.61214262319402       -0.95236015860836        1.44773995804263
H           -3.05202894833968        0.07088695359099        1.36439711867066
H           -1.04074182050452        1.46081068648538        1.35976512529764
H           -1.84591036513961        1.60250533299039       -0.22210678496329
H            2.10913848787971       -1.71370380313426        0.56428015221434
H            1.83949843257922       -0.95995377817203       -1.04060447504790
H            3.13203313591792        0.43810354159303        1.35682677116529
H            4.01207446850309       -0.21970308295447       -0.03282745739995
H            2.89569109426175        1.13363899853048       -0.25437306211894
20
 energy: -27.123647965214 gnorm: 0.000186290220 xtb: 6.7.1 (edcfbbe)
C           -2.64890813261290       -1.02952783758086       -0.43783593373155
C           -2.18466575900153       -0.28115338970037        0.80577090491160
C           -1.31222170331029        0.92831393527232        0.44819409805345
C           -0.03721491737187        0.50359773939180       -0.23454813828890
O            0.28768471669578        0.83022538457704       -1.35784849121393
O            0.69495201519388       -0.28550090734502        0.54102896377397
C            1.94533175654656       -0.77652973633545        0.03308973499175
C            3.07129333725448        0.21209314394934        0.29487019261733
H           -1.79639383266178       -1.39800741315695       -1.00564091244301
H           -3.27043320170571       -1.87698345975675       -0.16151550206848
H           -3.22560713418037       -0.37321092418787       -1.08530703061308
H           -1.61329991785637       -0.95154224110748        1.44907282821191
H           -3.05312048285056        0.07144827788247        1.36299225389776
H           -1.04063251134254        1.46100353454253        1.36028551796697
H           -1.84548945967662        1.60281842882993       -0.22170574392758
H            2.10943831796746       -1.71424409611562        0.56497139288982
H            1.83874367055785       -0.96146994853385       -1.04032406576930
H            3.13181280716554        0.43786474909219        1.35603139593262
H            4.01116138847417       -0.21826035564950       -0.03486643182800
H            2.89286345218856        1.13376725597348       -0.25455678144359
20
 energy: -27.123648495609 gnorm: 0.000121693480 xtb: 6.7.1 (edcfbbe)
C           -2.64784995726610       -1.02935713136388       -0.43798432915986
C           -2.18486238828392       -0.28065107565964        0.80594607195186
C           -1.31176303594257        0.92838602241606        0.44857678357112
C           -0.03692381014585        0.50312515500584       -0.23404871822049
O            0.28851311913458        0.82992530960813       -1.35708895623552
O            0.69439154664852       -0.28725332277212        0.54116805100456
C            1.94523259532716       -0.77757293198666        0.03323384862991
C            3.06996494614972        0.21247965605142        0.29428164082779
H           -1.79462386198864       -1.39862996657009       -1.00439236559298
H           -3.27037546617884       -1.87631108113107       -0.16220980975431
H           -3.22317815073894       -0.37296606469520       -1.08673403388536
H           -1.61422790844518       -0.95088682786871        1.45012148929803
H           -3.05391527617055        0.07237945786900        1.36206131852061
H           -1.03994110378090        1.46095664927502        1.36066063993107
H           -1.84462404501830        1.60319329060593       -0.22136585852922
H            2.11014118461694       -1.71481199497001        0.56574353275902
H            1.83838548713115       -0.96322514750349       -1.04005374272617
H            3.13160799033614        0.43746259558707        1.35555347788606
H            4.01014968255669       -0.21589088773410       -0.03718966718668
H            2.88919286153263        1.13435043587789       -0.25412112116969
20
 energy: -27.123648874583 gnorm: 0.000153594060 xtb: 6.7.1 (edcfbbe)
C           -2.64828233597870       -1.02885762805175       -0.43785841063686
C           -2.18472284478097       -0.28038910484649        0.80596548631423
C           -1.31104967411404        0.92809272260467        0.44829339617044
C           -0.03646984632147        0.50207071799038       -0.23430741570804
O            0.28950062003296        0.82919601633220       -1.35709117684273
O            0.69411220217355       -0.28927743615746        0.54067783903867
C            1.94565984391836       -0.77844560114270        0.03318522256386
C            3.06898826464528        0.21307028083278        0.29456820733994
H           -1.79524842626783       -1.39752427498742       -1.00484528347386
H           -3.27026918896343       -1.87617435050123       -0.16207751135062
H           -3.22420437451646       -0.37244518733081       -1.08599350356022
H           -1.61441437853293       -0.95089178712160        1.45007404667793
H           -3.05348032745553        0.07313222499636        1.36218695727619
H           -1.03880445687201        1.46082230594079        1.36016313585429
H           -1.84360149756081        1.60301309497213       -0.22178276629692
H            2.11139040173630       -1.71543870242536        0.56584705344145
H            1.83934849665261       -0.96434945580507       -1.04010457557245
H            3.13158706375299        0.43623998609523        1.35617062857832
H            4.00961506568987       -0.21276423821555       -0.03901029515843
H            2.88563980223601        1.13562255686229       -0.25190278273545
20
 energy: -27.123648985186 gnorm: 0.000098562050 xtb: 6.7.1 (edcfbbe)
C           -2.64873329896625       -1.02860435388782       -0.43780094219146
C           -2.18471950486078       -0.28029510541437        0.80596757404468
C           -1.31068535949361        0.92782584721040        0.44803180509908
C           -0.03620615118903        0.50142753578924       -0.23451789040920
O            0.29024724111904        0.82915375329715       -1.35698187362418
O            0.69406480074794       -0.29034272980835        0.54034839019691
C            1.94594583355059       -0.77885428800072        0.03318031693002
C            3.06859094031873        0.21344028309932        0.29478975121584
H           -1.79594168957912       -1.39712613776138       -1.00531518767229
H           -3.27048563873588       -1.87600681434239       -0.16178096843114
H           -3.22510940588240       -0.37217304402689       -1.08556035075313
H           -1.61443229581521       -0.95100426610437        1.44992380922004
H           -3.05319985048146        0.07358258372433        1.36243898974319
H           -1.03827308183963        1.46060440077208        1.35983070918268
H           -1.84302845627655        1.60284591730570       -0.22210309620252
H            2.11213356527750       -1.71572046804431        0.56590588476250
H            1.84004802815481       -0.96486018913374       -1.04012864727796
H            3.13177191889724        0.43565966962939        1.35655792935168
H            4.00935465492886       -0.21117697485955       -0.03993051553373
H            2.88395215959895        1.13632652059769       -0.25069743573127
20
 energy: -27.123648960742 gnorm: 0.000133010608 xtb: 6.7.1 (edcfbbe)
C           -2.64907188203636       -1.02837650731398       -0.43776283780368
C           -2.18472489971182       -0.28020737114799        0.80598344854892
C           -1.31038458408972        0.92760305039904        0.44781646411228
C           -0.03601365024644        0.50085219024978       -0.23471180935179
O            0.29083884510423        0.82906358747428       -1.35691006355226
O            0.69402076164432       -0.29123203820743        0.54007758965413
C            1.94618001825712       -0.77920050231923        0.03317753465564
C            3.06824469543148        0.21375084462449        0.29497546103199
H           -1.79647076511315       -1.39675284957103       -1.00573957802233
H           -3.27060763846928       -1.87586669538158       -0.16153822348092
H           -3.22586253864013       -0.37193404900528       -1.08519981432766
H           -1.61443675701240       -0.95108475291642        1.44981036730297
H           -3.05297665849025        0.07396765448913        1.36267016352567
H           -1.03781803286310        1.46040759286436        1.35955915715665
H           -1.84255431516760        1.60271563446525       -0.22235637731947
H            2.11274914547945       -1.71595734854808        0.56596116052334
H            1.84061491723645       -0.96529688405896       -1.04014467581436
H            3.13190984280917        0.43518806663531        1.35687939800966
H            4.00912399890431       -0.20984886450238       -0.04069026061956
H            2.88253390644747        1.13691138181210       -0.24969885230947
20
 energy: -27.123649024130 gnorm: 0.000051303380 xtb: 6.7.1 (edcfbbe)
C           -2.64924186513468       -1.02857069801039       -0.43773298597882
C           -2.18468473241993       -0.28031684150590        0.80588094355213
C           -1.31050018914161        0.92768027470297        0.44787963121005
C           -0.03599709791451        0.50121589569576       -0.23458362253811
O            0.29077213179092        0.82945737950791       -1.35682474657124
O            0.69408565714431       -0.29083135823756        0.54015636177803
C            1.94612529531422       -0.77896834698311        0.03318838090903
C            3.06854743138644        0.21362823495003        0.29491304253418
H           -1.79666957630256       -1.39717796108604       -1.00545831795048
H           -3.27099621376537       -1.87591484841549       -0.16158204438618
H           -3.22569086037119       -0.37208317931439       -1.08532243311066
H           -1.61446585468632       -0.95117806721949        1.44973044121272
H           -3.05296998267453        0.07374766405198        1.36252287214215
H           -1.03805282687495        1.46052197477566        1.35964588990583
H           -1.84272911139210        1.60271681509874       -0.22232740163222
H            2.11254089522474       -1.71578676865888        0.56591034052752
H            1.84053486198533       -0.96500028991502       -1.04014495704440
H            3.13199996618460        0.43539078684180        1.35676203830624
H            4.00934382164017       -0.21050133159493       -0.04033988045722
H            2.88334265948078        1.13667280535775       -0.25011530048878
