----------------------------------------------- 
  Element       SASA      Sigma Z        Total  
     Z         Ang**2 cal/Ang**2/mol   kcal/mol 
----------------------------------------------- 
      H        142.459      48.690       6.936
      C         35.450     129.740       4.599
      O         31.210       0.000       0.000

 Subtotal:     209.119                  11.536
 -----------------------------------------------

  Elements    COT*SASA   Sigma Z,Z'     Total   
    Z,Z'       Ang**2  cal/Ang**2/mol kcal/mol  
 ---------------------------------------------- 
  H   C         96.036     -60.770      -5.836
  H   O          0.000       0.000       0.000
  C   C         27.008     -72.950      -1.970
  O   C         17.189      68.690       1.181
  O   O          0.000       0.000       0.000

 Subtotal:                              -6.626
 ---------------------------------------------- 

 NONAQUEOUS SOLVENT CONTRIBUTION (kcal/mol):
 (proportional to SASA, atomic number independent)
 ---------------------------------------------- 
 Subtotal:                               0.000
 ---------------------------------------------- 

 CDS TOTAL (kcal/mol):                   4.910
...............................................................................
