16
 energy: -213.728804110013 gnorm: 0.001312074293 xtb: 6.7.1 (edcfbbe)
C            2.10994306205623       -0.28760369261260        0.61368346240934
C            1.38268432025219        0.43897960650766       -0.51679896094786
C           -0.04285048968005       -0.06560282048925       -0.75599472428333
C           -0.96523822155540        0.12480444025174        0.44054975899822
N           -2.34979568523932       -0.26062485486699        0.09644955638147
H            2.11837821665048       -1.36994155164680        0.44069169258810
H            3.14915489996387        0.04761593086971        0.69025420843236
H            1.63431931226847       -0.10762467591305        1.58294967084448
H            1.35337906866351        1.51495983466406       -0.30115121762120
H            1.95474632143139        0.32351422147439       -1.44499741136253
H           -0.47131460638940        0.47075935716406       -1.61381415073877
H           -0.01703040559165       -1.12943847630539       -1.02701008004177
H           -0.88767829097669        1.17009509227082        0.78607462587490
H           -0.63740141062549       -0.50842959098748        1.27234443387157
H           -2.67680764215239        0.37042393159355       -0.63044132874887
H           -2.94300250844240       -0.07208772145863        0.89906253424121
16
 energy: -213.728808002501 gnorm: 0.000354263912 xtb: 6.7.1 (edcfbbe)
C            2.10931032382409       -0.28717339665359        0.61379200441243
C            1.38224783534469        0.43941134368232       -0.51661043495582
C           -0.04291265516271       -0.06585792995025       -0.75623454914776
C           -0.96531028001488        0.12446574676119        0.44007636799211
N           -2.34917191782380       -0.26057346655351        0.09623990856752
H            2.11569070814830       -1.36992972472131        0.44178093317994
H            3.14972429075782        0.04548491114051        0.68984070329289
H            1.63537598789415       -0.10629315703290        1.58387909476735
H            1.35293083047310        1.51568598754785       -0.30118889149476
H            1.95485134184986        0.32505302453160       -1.44480589583473
H           -0.47172372445931        0.46908380863184       -1.61511102718482
H           -0.01589073144033       -1.13003335961805       -1.02742038339236
H           -0.88703320013178        1.16947506715767        0.78534947033752
H           -0.63634314030754       -0.50776531323013        1.27207973735759
H           -2.67677422041754        0.37301872100995       -0.62841365665573
H           -2.94348549450601       -0.07425325352332        0.89859875027329
16
 energy: -213.728808002501 gnorm: 0.000354263912 xtb: 6.7.1 (edcfbbe)
C            2.10931032382409       -0.28717339665359        0.61379200441243
C            1.38224783534469        0.43941134368232       -0.51661043495582
C           -0.04291265516271       -0.06585792995025       -0.75623454914776
C           -0.96531028001488        0.12446574676119        0.44007636799211
N           -2.34917191782380       -0.26057346655351        0.09623990856752
H            2.11569070814830       -1.36992972472131        0.44178093317994
H            3.14972429075782        0.04548491114051        0.68984070329289
H            1.63537598789415       -0.10629315703290        1.58387909476735
H            1.35293083047310        1.51568598754785       -0.30118889149476
H            1.95485134184986        0.32505302453160       -1.44480589583473
H           -0.47172372445931        0.46908380863184       -1.61511102718482
H           -0.01589073144033       -1.13003335961805       -1.02742038339236
H           -0.88703320013178        1.16947506715767        0.78534947033752
H           -0.63634314030754       -0.50776531323013        1.27207973735759
H           -2.67677422041754        0.37301872100995       -0.62841365665573
H           -2.94348549450601       -0.07425325352332        0.89859875027329
