----------------------------------------------- 
  Element       SASA      Sigma Z        Total  
     Z         Ang**2 cal/Ang**2/mol   kcal/mol 
----------------------------------------------- 
      H        139.011      48.690       6.768
      C         38.206     129.740       4.957
      O         27.478       0.000       0.000

 Subtotal:     204.695                  11.725
 -----------------------------------------------

  Elements    COT*SASA   Sigma Z,Z'     Total   
    Z,Z'       Ang**2  cal/Ang**2/mol kcal/mol  
 ---------------------------------------------- 
  H   C         93.715     -60.770      -5.695
  H   O          0.000       0.000       0.000
  C   C         28.569     -72.950      -2.084
  O   C         15.730      68.690       1.081
  O   O          0.000       0.000       0.000

 Subtotal:                              -6.699
 ---------------------------------------------- 

 NONAQUEOUS SOLVENT CONTRIBUTION (kcal/mol):
 (proportional to SASA, atomic number independent)
 ---------------------------------------------- 
 Subtotal:                               0.000
 ---------------------------------------------- 

 CDS TOTAL (kcal/mol):                   5.027
...............................................................................
