----------------------------------------------- 
  Element       SASA      Sigma Z        Total  
     Z         Ang**2 cal/Ang**2/mol   kcal/mol 
----------------------------------------------- 
      H        154.494      48.690       7.522
      C        103.123     129.740      13.379
      O         49.637       0.000       0.000

 Subtotal:     307.254                  20.901
 -----------------------------------------------

  Elements    COT*SASA   Sigma Z,Z'     Total   
    Z,Z'       Ang**2  cal/Ang**2/mol kcal/mol  
 ---------------------------------------------- 
  H   C         95.263     -60.770      -5.789
  H   O          9.561       0.000       0.000
  C   C        125.228     -72.950      -9.135
  O   C         23.341      68.690       1.603
  O   O          0.000       0.000       0.000

 Subtotal:                             -13.321
 ---------------------------------------------- 

 NONAQUEOUS SOLVENT CONTRIBUTION (kcal/mol):
 (proportional to SASA, atomic number independent)
 ---------------------------------------------- 
 Subtotal:                               0.000
 ---------------------------------------------- 

 CDS TOTAL (kcal/mol):                   7.580
...............................................................................
