----------------------------------------------- 
  Element       SASA      Sigma Z        Total  
     Z         Ang**2 cal/Ang**2/mol   kcal/mol 
----------------------------------------------- 
      H        139.551      48.690       6.795
      C         33.999     129.740       4.411
      O         30.478       0.000       0.000

 Subtotal:     204.028                  11.206
 -----------------------------------------------

  Elements    COT*SASA   Sigma Z,Z'     Total   
    Z,Z'       Ang**2  cal/Ang**2/mol kcal/mol  
 ---------------------------------------------- 
  H   C         93.825     -60.770      -5.702
  H   O          0.000       0.000       0.000
  C   C         25.754     -72.950      -1.879
  O   C         15.923      68.690       1.094
  O   O          0.000       0.000       0.000

 Subtotal:                              -6.487
 ---------------------------------------------- 

 NONAQUEOUS SOLVENT CONTRIBUTION (kcal/mol):
 (proportional to SASA, atomic number independent)
 ---------------------------------------------- 
 Subtotal:                               0.000
 ---------------------------------------------- 

 CDS TOTAL (kcal/mol):                   4.719
...............................................................................
