----------------------------------------------- 
  Element       SASA      Sigma Z        Total  
     Z         Ang**2 cal/Ang**2/mol   kcal/mol 
----------------------------------------------- 
      H        145.100      48.690       7.065
      C         35.827     129.740       4.648
      O         31.204       0.000       0.000

 Subtotal:     212.131                  11.713
 -----------------------------------------------

  Elements    COT*SASA   Sigma Z,Z'     Total   
    Z,Z'       Ang**2  cal/Ang**2/mol kcal/mol  
 ---------------------------------------------- 
  H   C         97.518     -60.770      -5.926
  H   O          0.000       0.000       0.000
  C   C         25.981     -72.950      -1.895
  O   C         15.909      68.690       1.093
  O   O          0.000       0.000       0.000

 Subtotal:                              -6.729
 ---------------------------------------------- 

 NONAQUEOUS SOLVENT CONTRIBUTION (kcal/mol):
 (proportional to SASA, atomic number independent)
 ---------------------------------------------- 
 Subtotal:                               0.000
 ---------------------------------------------- 

 CDS TOTAL (kcal/mol):                   4.984
...............................................................................
