----------------------------------------------- 
  Element       SASA      Sigma Z        Total  
     Z         Ang**2 cal/Ang**2/mol   kcal/mol 
----------------------------------------------- 
      H        142.318      48.690       6.929
      C         36.297     129.740       4.709
      O         31.158       0.000       0.000

 Subtotal:     209.772                  11.639
 -----------------------------------------------

  Elements    COT*SASA   Sigma Z,Z'     Total   
    Z,Z'       Ang**2  cal/Ang**2/mol kcal/mol  
 ---------------------------------------------- 
  H   C         95.679     -60.770      -5.814
  H   O          0.000       0.000       0.000
  C   C         26.850     -72.950      -1.959
  O   C         15.679      68.690       1.077
  O   O          0.000       0.000       0.000

 Subtotal:                              -6.696
 ---------------------------------------------- 

 NONAQUEOUS SOLVENT CONTRIBUTION (kcal/mol):
 (proportional to SASA, atomic number independent)
 ---------------------------------------------- 
 Subtotal:                               0.000
 ---------------------------------------------- 

 CDS TOTAL (kcal/mol):                   4.942
...............................................................................
