13
 energy: -323.585918927561 gnorm: 0.043747898252 xtb: 6.7.1 (edcfbbe)
C           -2.02445865849709       -0.81297538816025       -0.43917511449461
C           -1.52150314097422        0.24817905810997        0.53364513393647
C           -0.28450315232607        0.96199531892629        0.00489960290217
N            0.89938308959854        0.10489841264648       -0.01467066130650
O            1.79650012019608        0.41887718348562       -0.77483928904335
O            0.95277722852220       -0.85177748397745        0.72658824592197
H           -2.92728697869716       -1.27662624506571       -0.05279645562340
H           -2.25133033859762       -0.37277629166519       -1.40717740932356
H           -1.27897299696675       -1.59341420040608       -0.57695514955566
H           -1.28659032657012       -0.21669475539602        1.49182134886107
H           -2.29878896331865        0.99406095644049        0.69552033630820
H           -0.42245574928720        1.33581222219193       -1.01168498964830
H           -0.02873378821273        1.81044629790226        0.64694750248668
13
 energy: -323.587735581247 gnorm: 0.019127135310 xtb: 6.7.1 (edcfbbe)
C           -2.03272642232889       -0.82090212150656       -0.43909216469028
C           -1.52755471949915        0.24453036301293        0.53099496853921
C           -0.29342300321974        0.96472761301789        0.01505236345642
N            0.91615189274573        0.10466425981573       -0.01818613991729
O            1.81460751769218        0.43233292530504       -0.78651352906772
O            0.98127053744906       -0.86196924414026        0.72618482377082
H           -2.94242416621515       -1.28714196932762       -0.05535707092832
H           -2.25914389032836       -0.38042227366205       -1.41366325001641
H           -1.28890913465130       -1.60918850466168       -0.58345216650512
H           -1.30568142034067       -0.19735578067753        1.50576723613907
H           -2.29354509700754        1.00888972064006        0.68584296177397
H           -0.42425164517292        1.34133415647085       -1.00181959276838
H           -0.02033402535569        1.81050524490556        0.65636443398776
13
 energy: -323.588178020300 gnorm: 0.008752324947 xtb: 6.7.1 (edcfbbe)
C           -2.03627196484024       -0.82539672966764       -0.43668774672155
C           -1.52989908995313        0.24200984519585        0.52926842079695
C           -0.30138466778448        0.96770389657899        0.02053992895882
N            0.92917794459397        0.10330540325757       -0.02382233504026
O            1.82705826596049        0.44246789566584       -0.79286409303415
O            1.00058325475806       -0.87016910435779        0.71733768998902
H           -2.94984115028633       -1.29062544554785       -0.05378560046889
H           -2.26322081949748       -0.38773084535238       -1.41522783136789
H           -1.29556212981937       -1.61917866278615       -0.58336308460067
H           -1.32582101218937       -0.18311354195785        1.51753485124618
H           -2.29251329882075        1.01612467467360        0.67087954882152
H           -0.42266813455638        1.34950382138412       -0.99601407176174
H           -0.01560106053540        1.80510255700902        0.66832704809958
13
 energy: -323.588240690244 gnorm: 0.004371782988 xtb: 6.7.1 (edcfbbe)
C           -2.03549375236847       -0.82716051565497       -0.43502391120456
C           -1.53040594674861        0.24321675875172        0.52713211311285
C           -0.30370794564826        0.97055197748338        0.02238760550841
N            0.93288630886792        0.10160992454786       -0.02668622896412
O            1.82971549078459        0.44355511592014       -0.79402193068426
O            1.00234422342316       -0.87494843495484        0.70955532780852
H           -2.94882502710814       -1.29122445238033       -0.05041496315025
H           -2.26373138454354       -0.39216001719225       -1.41429672776073
H           -1.29554310796305       -1.62159560081217       -0.58060129222164
H           -1.33210565109093       -0.17657508829207        1.51847769824283
H           -2.29496806732868        1.01706649040007        0.66245017769817
H           -0.42202192152327        1.35608056302168       -0.99292180526942
H           -0.01410746783460        1.80158683787065        0.67608666641530
13
 energy: -323.588261542094 gnorm: 0.001172356300 xtb: 6.7.1 (edcfbbe)
C           -2.03326386579607       -0.82837547804649       -0.43378515500351
C           -1.53086735108754        0.24532910108284        0.52567426417497
C           -0.30498868801509        0.97353987242190        0.02347042041978
N            0.93271232367427        0.09866477212386       -0.03056678680486
O            1.82973349361882        0.44318979900863       -0.79424832343096
O            0.99913599007771       -0.87951849531240        0.70195897632212
H           -2.94554772798542       -1.29165503575523       -0.04703351530243
H           -2.26264734237404       -0.39689780777410       -1.41383109384862
H           -1.29292419566923       -1.62224446961189       -0.57663626297140
H           -1.33562439051797       -0.17119619399194        1.51841597510424
H           -2.29795388791197        1.01749789522132        0.65581474099883
H           -0.42128597320381        1.36337976904417       -0.99017463396202
H           -0.01244312312096        1.79828971739357        0.68306418900257
13
 energy: -323.588262098801 gnorm: 0.002406170180 xtb: 6.7.1 (edcfbbe)
C           -2.03057628030022       -0.82943323367105       -0.43287124946263
C           -1.53164663230332        0.24765613111384        0.52489993408028
C           -0.30493647932089        0.97597877832194        0.02497861892780
N            0.93207639578303        0.09851034114026       -0.03095215004048
O            1.82647796335346        0.44062026232754       -0.79721351301294
O            0.99302387251088       -0.88489233336584        0.69387305185651
H           -2.94209443593761       -1.29286477791931       -0.04529663698617
H           -2.25976645159192       -0.40120117397662       -1.41404674154803
H           -1.28872209116425       -1.62208643194835       -0.57204710453354
H           -1.33782175234672       -0.16683053377431        1.51851179934344
H           -2.30067618144268        1.01834117218007        0.65102417226724
H           -0.42026196377007        1.36954793479740       -0.98720636707535
H           -0.01104126207464        1.79665726197149        0.68846905521218
13
 energy: -323.588267412456 gnorm: 0.001527176132 xtb: 6.7.1 (edcfbbe)
C           -2.03004947566611       -0.82964117884779       -0.43263378088444
C           -1.53199632126058        0.24817845481382        0.52497711745930
C           -0.30470001056003        0.97605813787485        0.02519151748704
N            0.93043603089579        0.09718048596174       -0.03298846802366
O            1.82607286698440        0.44111746687848       -0.79716468481743
O            0.99200682169245       -0.88537363785834        0.69292479126188
H           -2.94163978294728       -1.29326536886487       -0.04537606623855
H           -2.25860942670641       -0.40210140453863       -1.41427673658050
H           -1.28765986680574       -1.62203791887418       -0.57064633983041
H           -1.33841826736240       -0.16606757985397        1.51880224219672
H           -2.30099378670211        1.01895974638304        0.65035613942749
H           -0.42030347300564        1.37101582468866       -0.98640396436082
H           -0.01011072352950        1.79598035240973        0.68936112878691
13
 energy: -323.588269290605 gnorm: 0.000426288095 xtb: 6.7.1 (edcfbbe)
C           -2.02953412625151       -0.82990292943684       -0.43229156838613
C           -1.53240468148337        0.24836057422983        0.52546441285620
C           -0.30422826241825        0.97562572545219        0.02577560795545
N            0.92876977683235        0.09675457294045       -0.03468858724861
O            1.82523015988038        0.44167563078610       -0.79854194870643
O            0.99164201569430       -0.88581552313959        0.69179451706460
H           -2.94192677275798       -1.29360713247405       -0.04648207255328
H           -2.25626699150771       -0.40295017556238       -1.41481224452972
H           -1.28683114576883       -1.62252596818916       -0.56872214124440
H           -1.34007007739698       -0.16530526783731        1.52004023822519
H           -2.30076867010251        1.02004864674482        0.64959088379962
H           -0.42058014099365        1.37225841739258       -0.98512043335528
H           -0.00899664296599        1.79538676857481        0.69011624611328
13
 energy: -323.588269290605 gnorm: 0.000426288095 xtb: 6.7.1 (edcfbbe)
C           -2.02953412625151       -0.82990292943684       -0.43229156838613
C           -1.53240468148337        0.24836057422983        0.52546441285620
C           -0.30422826241825        0.97562572545219        0.02577560795545
N            0.92876977683235        0.09675457294045       -0.03468858724861
O            1.82523015988038        0.44167563078610       -0.79854194870643
O            0.99164201569430       -0.88581552313959        0.69179451706460
H           -2.94192677275798       -1.29360713247405       -0.04648207255328
H           -2.25626699150771       -0.40295017556238       -1.41481224452972
H           -1.28683114576883       -1.62252596818916       -0.56872214124440
H           -1.34007007739698       -0.16530526783731        1.52004023822519
H           -2.30076867010251        1.02004864674482        0.64959088379962
H           -0.42058014099365        1.37225841739258       -0.98512043335528
H           -0.00899664296599        1.79538676857481        0.69011624611328
