----------------------------------------------- 
  Element       SASA      Sigma Z        Total  
     Z         Ang**2 cal/Ang**2/mol   kcal/mol 
----------------------------------------------- 
      H        112.842      48.690       5.494
      C         31.758     129.740       4.120
      O         31.189       0.000       0.000

 Subtotal:     175.788                   9.614
 -----------------------------------------------

  Elements    COT*SASA   Sigma Z,Z'     Total   
    Z,Z'       Ang**2  cal/Ang**2/mol kcal/mol  
 ---------------------------------------------- 
  H   C         75.984     -60.770      -4.618
  H   O          0.000       0.000       0.000
  C   C          0.000     -72.950      -0.000
  O   C          2.647      68.690       0.182
  O   O          0.000       0.000       0.000

 Subtotal:                              -4.436
 ---------------------------------------------- 

 NONAQUEOUS SOLVENT CONTRIBUTION (kcal/mol):
 (proportional to SASA, atomic number independent)
 ---------------------------------------------- 
 Subtotal:                               0.000
 ---------------------------------------------- 

 CDS TOTAL (kcal/mol):                   5.179
...............................................................................
