----------------------------------------------- 
  Element       SASA      Sigma Z        Total  
     Z         Ang**2 cal/Ang**2/mol   kcal/mol 
----------------------------------------------- 
      H        144.414      48.690       7.032
      C         34.206     129.740       4.438
      O         31.352       0.000       0.000

 Subtotal:     209.972                  11.469
 -----------------------------------------------

  Elements    COT*SASA   Sigma Z,Z'     Total   
    Z,Z'       Ang**2  cal/Ang**2/mol kcal/mol  
 ---------------------------------------------- 
  H   C         97.076     -60.770      -5.899
  H   O          0.000       0.000       0.000
  C   C         25.951     -72.950      -1.893
  O   C         16.655      68.690       1.144
  O   O          0.000       0.000       0.000

 Subtotal:                              -6.648
 ---------------------------------------------- 

 NONAQUEOUS SOLVENT CONTRIBUTION (kcal/mol):
 (proportional to SASA, atomic number independent)
 ---------------------------------------------- 
 Subtotal:                               0.000
 ---------------------------------------------- 

 CDS TOTAL (kcal/mol):                   4.821
...............................................................................
