14
 energy: -16.970379331273 gnorm: 0.020533167108 xtb: 6.7.1 (edcfbbe)
C           -3.24096904173954       -0.60790805562311        0.56880812702294
C           -2.54642616794180       -0.24910677749297       -0.74171643480804
C           -1.79836367955535        1.08311017863439       -0.69717554458327
C           -0.76730897453100        1.22835476920152        0.39550479974957
I            0.87339353334945       -0.24419564350951        0.23110344814810
H           -2.52045039152163       -0.78467771004777        1.37438169266698
H           -3.91442265677558        0.19516161510295        0.89000105580532
H           -3.83556632915076       -1.51998953682059        0.45678804742512
H           -3.28810416452822       -0.19347916054985       -1.54687314246636
H           -1.84589187566396       -1.04685815993489       -1.01859321142192
H           -1.33857317437294        1.28888761172088       -1.66978810591675
H           -2.52308431307726        1.89239567588886       -0.51311810945578
H           -1.16123702171220        1.05814520927336        1.39643543935980
H           -0.24631655941559        2.18321874553753        0.35432175900973
14
 energy: -16.971107535592 gnorm: 0.006517286630 xtb: 6.7.1 (edcfbbe)
C           -3.23844629795172       -0.60249784765991        0.56850905017648
C           -2.53580077071749       -0.24864583507670       -0.73483596324848
C           -1.79934391315249        1.08885519572762       -0.68731522241521
C           -0.75692685112902        1.21405719741091        0.39720888480371
I            0.85014759733588       -0.24887846494422        0.20759056076514
H           -2.52222346960507       -0.78448678273958        1.36881891126949
H           -3.90877760016177        0.19948155718956        0.87878065756097
H           -3.82746529081030       -1.50947265762486        0.44293667735412
H           -3.27618990343068       -0.19490061892920       -1.53725112343529
H           -1.83289971336101       -1.04542108947494       -0.99701800696701
H           -1.33783448106306        1.27570806497681       -1.66059905352507
H           -2.52600139925551        1.89231523942527       -0.50940661728988
H           -1.17585029348344        1.06450338870125        1.38791680189105
H           -0.26570842985070        2.18244141439877        0.35474426359542
14
 energy: -16.971123683889 gnorm: 0.003490970158 xtb: 6.7.1 (edcfbbe)
C           -3.24059700836526       -0.60099919002183        0.56923732205689
C           -2.53682458625623       -0.24738319383141       -0.73428519566763
C           -1.80553169175855        1.09356123257754       -0.68894567048360
C           -0.75370813809607        1.20936533054232        0.39204619064489
I            0.85603487828468       -0.23888428071350        0.21796720552537
H           -2.52564360086564       -0.78454833853261        1.36759937107867
H           -3.90829971880904        0.20120458531489        0.87604120085709
H           -3.82845262679559       -1.50580100931263        0.43975639340440
H           -3.27494791456874       -0.19930511721016       -1.53741021757869
H           -1.82875781021357       -1.04008028867760       -0.98861778022819
H           -1.34734720984897        1.27732589022167       -1.66370700775757
H           -2.53252723887412        1.89174558288943       -0.50702385561962
H           -1.16577677356977        1.05002862130841        1.38301952772311
H           -0.26094137689949        2.17682893682627        0.35440233658033
14
 energy: -16.971174282843 gnorm: 0.001441921905 xtb: 6.7.1 (edcfbbe)
C           -3.24310654553844       -0.60030066759408        0.56928041277180
C           -2.53394509549999       -0.24895721719901       -0.73318038550573
C           -1.80356602396769        1.09319439509822       -0.68832040473446
C           -0.75360814413029        1.21195932323136        0.39679809656382
I            0.85597093715485       -0.24349905624898        0.20034410001891
H           -2.53103451113770       -0.78482660999490        1.36920596517253
H           -3.90916600288850        0.20361208918416        0.87251391464369
H           -3.83203036251546       -1.50346304614343        0.43757756038200
H           -3.26814555101424       -0.20493044266232       -1.53960519569667
H           -1.82260878089538       -1.04004815704424       -0.98071704046798
H           -1.34503373252198        1.27658298111176       -1.66280545789660
H           -2.53167872787518        1.88855872859384       -0.50726602517664
H           -1.17114473781908        1.05355764917644        1.38606364053134
H           -0.26422353798730        2.18161879187195        0.36019063992945
14
 energy: -16.971186733649 gnorm: 0.000865359587 xtb: 6.7.1 (edcfbbe)
C           -3.24700756747255       -0.59928546113270        0.56835282496309
C           -2.53109344549569       -0.25189198197633       -0.73240944513975
C           -1.80272997615395        1.09171471273063       -0.68744776452809
C           -0.75332579901988        1.21361584693730        0.39714270463121
I            0.85849638393777       -0.23667750817841        0.19128633321368
H           -2.53771502134616       -0.78554541278127        1.37141575133829
H           -3.91174525586911        0.20769152722879        0.86964190165690
H           -3.83942490792473       -1.50099291101398        0.43576836002655
H           -3.26188494135903       -0.21078043450769       -1.54239012558264
H           -1.81819004895306       -1.04336692441836       -0.97547394420321
H           -1.34459362086782        1.27884825121924       -1.66134126222429
H           -2.53094356015250        1.88711750574555       -0.50369545359519
H           -1.16787018396984        1.04864535657919        1.38667471709137
H           -0.26529287198982        2.18396619494883        0.36255522288752
14
 energy: -16.971201101216 gnorm: 0.001537921593 xtb: 6.7.1 (edcfbbe)
C           -3.25392354191152       -0.59691797807296        0.56663454024499
C           -2.52768634568608       -0.25513726971000       -0.73077442128868
C           -1.80392231906131        1.09094017177565       -0.68580281278820
C           -0.75043034927739        1.21167294291510        0.39489604111755
I            0.87630270936550       -0.22571775569197        0.18230100895776
H           -2.55012187973705       -0.78701498959157        1.37458103647438
H           -3.91530124540577        0.21524713691733        0.86390976243993
H           -3.85232196286848       -1.49511318871409        0.43173041021646
H           -3.25196817961959       -0.22033557530285       -1.54714805311199
H           -1.81086185951162       -1.04627106091001       -0.96415515482503
H           -1.34888081359970        1.28343925148510       -1.66001883604183
H           -2.53313084622372        1.88476581371178       -0.49610123034768
H           -1.16122458920562        1.03752241423214        1.38462785543683
H           -0.26984959389403        2.18597884833715        0.36539967405093
14
 energy: -16.971220343109 gnorm: 0.000993076886 xtb: 6.7.1 (edcfbbe)
C           -3.26378049427267       -0.59296446816710        0.56360616834270
C           -2.52225071789108       -0.25907435651879       -0.72727812448261
C           -1.80320621008020        1.08876407956729       -0.68245011989977
C           -0.74642228570960        1.20946362788572        0.39584208145190
I            0.89321329038755       -0.20587177627452        0.15984661846175
H           -2.57026315590423       -0.78750315601426        1.37884525097659
H           -3.92025694485336        0.22570936856511        0.85168417890031
H           -3.86891182224819       -1.48537064267362        0.42446545750882
H           -3.23551096002732       -0.23418959982455       -1.55372282733559
H           -1.79890795736616       -1.04909488206071       -0.94304549603566
H           -1.35354892199584        1.28518312493171       -1.65840974617959
H           -2.53604963630726        1.87757886710200       -0.48817794797040
H           -1.15194266008119        1.02188964608582        1.38538433498396
H           -0.27548234028680        2.18853892877667        0.37348999181303
14
 energy: -16.971223210194 gnorm: 0.000869356813 xtb: 6.7.1 (edcfbbe)
C           -3.26769193314239       -0.59101589298723        0.56192626661941
C           -2.51918529872967       -0.26100218415101       -0.72480074687166
C           -1.80208705180639        1.08758973671636       -0.68041031750641
C           -0.74388580088104        1.21036643151172        0.39565863787904
I            0.89746230527932       -0.20099082084356        0.14944567341536
H           -2.57949528928077       -0.78434661058750        1.38117934028970
H           -3.92454725466514        0.22865968104346        0.84469560838234
H           -3.87289906736120       -1.48253539846022        0.42163221673530
H           -3.22804664773556       -0.23874198678770       -1.55461515960012
H           -1.79496377886785       -1.05138281111437       -0.93501819383110
H           -1.35458154610215        1.28474170214717       -1.65731747588203
H           -2.53683895904007        1.87469329317941       -0.48620514901213
H           -1.14426108700279        1.01269183762889        1.38517628128948
H           -0.28229940730065        2.19433178408534        0.37873283862823
14
 energy: -16.971230925309 gnorm: 0.001192690046 xtb: 6.7.1 (edcfbbe)
C           -3.27317055681648       -0.58879700648938        0.55989135422702
C           -2.51722707206172       -0.26319132629627       -0.72218233324824
C           -1.80070147947201        1.08549465610098       -0.67773672131715
C           -0.74355032985049        1.20813859437556        0.39801007151470
I            0.91004844267146       -0.18692575790808        0.13392796378785
H           -2.59068457113875       -0.77813792887208        1.38433398619882
H           -3.93267811345959        0.23085564930547        0.83596969854777
H           -3.87631220554917       -1.48120656589478        0.41913038253827
H           -3.22128172360619       -0.24207188529556       -1.55558546536412
H           -1.79323306428625       -1.05478790880402       -0.92769735602873
H           -1.35246398643395        1.28203596455056       -1.65458391114356
H           -2.53572660771928        1.87325012522924       -0.48584607859974
H           -1.14168850046114        1.00552749235111        1.38718122179763
H           -0.28465104845278        2.19287465902802        0.38526700762490
14
 energy: -16.971237178280 gnorm: 0.000575227182 xtb: 6.7.1 (edcfbbe)
C           -3.27679470438784       -0.58781756990970        0.55962098587256
C           -2.51694314397019       -0.26380533331430       -0.72151176019604
C           -1.80013836766295        1.08517727388659       -0.67736242363638
C           -0.74175688291528        1.20700901857965        0.39775321917999
I            0.91714998752481       -0.18013389307459        0.12756923416601
H           -2.59709072579326       -0.77289289238607        1.38797748165217
H           -3.93957522299296        0.23154881932174        0.82996915175258
H           -3.87755043182701       -1.48236992036315        0.41899369142304
H           -3.21829949229289       -0.24494671397175       -1.55790477763342
H           -1.79072542154744       -1.05503020183859       -0.92238941043925
H           -1.35230243194797        1.28256270970073       -1.65418965274576
H           -2.53514471808765        1.87234765999411       -0.48397642922674
H           -1.13802479332200        0.99796067971830        1.38661916370428
H           -0.28612446741372        2.19344912503780        0.38891134666236
14
 energy: -16.971242273465 gnorm: 0.000532898009 xtb: 6.7.1 (edcfbbe)
C           -3.28333490729644       -0.58521544927339        0.55819933942988
C           -2.51480894310453       -0.26538490324714       -0.71971760234855
C           -1.79916894470346        1.08466581979823       -0.67590496845123
C           -0.73856365890995        1.20505441980859        0.39794449504943
I            0.92812443736042       -0.16947253320029        0.11424476678006
H           -2.60892574414068       -0.76041019764261        1.39330141064310
H           -3.95335863981845        0.23212969605493        0.81742768538177
H           -3.87750986438494       -1.48465800340213        0.41870870811183
H           -3.21153047867787       -0.25047557807290       -1.56023661429650
H           -1.78629589513727       -1.05664054659811       -0.91274190462357
H           -1.35281388972659        1.28297025223756       -1.65310261769727
H           -2.53410944287271        1.87098837698671       -0.48015961638383
H           -1.13117636921602        0.98470847700582        1.38596570347992
H           -0.28984847600786        2.19479893092549        0.39615103546037
14
 energy: -16.971245263597 gnorm: 0.000508772357 xtb: 6.7.1 (edcfbbe)
C           -3.28811775991127       -0.58332289594194        0.55669612782411
C           -2.51348287870984       -0.26631408215807       -0.71817202473662
C           -1.79825122086685        1.08385761510658       -0.67414450475659
C           -0.73599072357148        1.20360392649043        0.39820951963763
I            0.93580554767170       -0.16229712445916        0.10351446376297
H           -2.61845891337590       -0.74738281814771        1.39802488779482
H           -3.96614372505547        0.23075815329464        0.80540060425686
H           -3.87457037961139       -1.48831105172644        0.41933638304099
H           -3.20619387596162       -0.25398220924448       -1.56201216405989
H           -1.78394843713856       -1.05782421627136       -0.90552015286509
H           -1.35322384811508        1.28357993160792       -1.65159841081681
H           -2.53318706043858        1.86980147287998       -0.47655159187212
H           -1.12544664040062        0.97553753434357        1.38553450401139
H           -0.29211090115138        2.19535452560682        0.40136217931378
14
 energy: -16.971247465905 gnorm: 0.000370802032 xtb: 6.7.1 (edcfbbe)
C           -3.29158212966076       -0.58187502577794        0.55530036471837
C           -2.51199025989855       -0.26697022098206       -0.71689839312729
C           -1.79809909265333        1.08376452999474       -0.67245700995103
C           -0.73408604486344        1.20247475270114        0.39837822949074
I            0.93958001031090       -0.15947268098532        0.09602960738122
H           -2.62549228801900       -0.73538609716898        1.40114309817306
H           -3.97723984803280        0.22818714708765        0.79526285471183
H           -3.86996905771508       -1.49232410234789        0.42046937442825
H           -3.20173132884881       -0.25649753057446       -1.56303902858177
H           -1.78142713471397       -1.05841731546329       -0.90029416761517
H           -1.35481236782814        1.28511776412093       -1.65037876140136
H           -2.53325574566418        1.86899777096689       -0.47272213490064
H           -1.12099298492613        0.97055186627281        1.38563121711722
H           -0.29222254412304        2.19490790353653        0.40365457009199
14
 energy: -16.971248664291 gnorm: 0.000201403972 xtb: 6.7.1 (edcfbbe)
C           -3.29364098103040       -0.58143155165883        0.55418073200234
C           -2.51111870784406       -0.26734291913222       -0.71604716174980
C           -1.79820199532731        1.08373849093300       -0.67076463885487
C           -0.73254247951853        1.20209448299424        0.39828321283772
I            0.94104870805811       -0.15938361459691        0.09176774368392
H           -2.63023913746233       -0.72753034009521        1.40328271241163
H           -3.98462460256296        0.22573021476060        0.78790667926351
H           -3.86643599455090       -1.49550308987548        0.42099118457216
H           -3.19864705880110       -0.25833594371881       -1.56393332737002
H           -1.77984064348634       -1.05859133616574       -0.89696038223983
H           -1.35668990421439        1.28697797535379       -1.64912769540815
H           -2.53373949029073        1.86816267064020       -0.46891061895483
H           -1.11782585049752        0.96983124986282        1.38605006546093
H           -0.29082267910787        2.19464247207931        0.40336131488069
14
 energy: -16.971249072083 gnorm: 0.000126264130 xtb: 6.7.1 (edcfbbe)
C           -3.29456783673250       -0.58158870917002        0.55368280531305
C           -2.51060298530287       -0.26743068735691       -0.71558729070451
C           -1.79854545635614        1.08405229984893       -0.66995939559937
C           -0.73175067416251        1.20212398318077        0.39791266814475
I            0.94061150127713       -0.16071315891146        0.09094335099545
H           -2.63232170566192       -0.72453720755232        1.40408066784490
H           -3.98801395037056        0.22404206355736        0.78495051228048
H           -3.86466366912764       -1.49735054637035        0.42095449635180
H           -3.19707786249290       -0.25899246177308       -1.56429348420171
H           -1.77859962006442       -1.05825022107968       -0.89550276564367
H           -1.35834220077879        1.28851226917367       -1.64867475595703
H           -2.53444215904047        1.86770935719435       -0.46647055273379
H           -1.11601425423291        0.97122311276651        1.38647454915365
H           -0.28898994358983        2.19425866787298        0.40156901529140
14
 energy: -16.971249140576 gnorm: 0.000045031165 xtb: 6.7.1 (edcfbbe)
C           -3.29485184089091       -0.58172498134561        0.55352690908709
C           -2.51050802239154       -0.26751393903383       -0.71552566001456
C           -1.79869822214981        1.08414150562184       -0.66960177789361
C           -0.73141544622037        1.20230239891369        0.39778596236362
I            0.94050455470648       -0.16123705653075        0.09079679230130
H           -2.63291778221312       -0.72434051681169        1.40427634506546
H           -3.98872416482115        0.22373289447146        0.78432666966323
H           -3.86457936114493       -1.49769392660043        0.42057761217187
H           -3.19664914857280       -0.25940232938898       -1.56454728518015
H           -1.77818364838337       -1.05818295835167       -0.89495154757391
H           -1.35894106317568        1.28896647027797       -1.64842286152749
H           -2.53467868487413        1.86753834485094       -0.46556298630970
H           -1.11543170409794        0.97211951165159        1.38667925237386
H           -0.28824628240705        2.19435334365622        0.40072239600839
