----------------------------------------------- 
  Element       SASA      Sigma Z        Total  
     Z         Ang**2 cal/Ang**2/mol   kcal/mol 
----------------------------------------------- 
      H        139.030      48.690       6.769
      C         33.987     129.740       4.409
      O         30.659       0.000       0.000

 Subtotal:     203.676                  11.179
 -----------------------------------------------

  Elements    COT*SASA   Sigma Z,Z'     Total   
    Z,Z'       Ang**2  cal/Ang**2/mol kcal/mol  
 ---------------------------------------------- 
  H   C         93.483     -60.770      -5.681
  H   O          0.000       0.000       0.000
  C   C         25.798     -72.950      -1.882
  O   C         15.916      68.690       1.093
  O   O          0.000       0.000       0.000

 Subtotal:                              -6.470
 ---------------------------------------------- 

 NONAQUEOUS SOLVENT CONTRIBUTION (kcal/mol):
 (proportional to SASA, atomic number independent)
 ---------------------------------------------- 
 Subtotal:                               0.000
 ---------------------------------------------- 

 CDS TOTAL (kcal/mol):                   4.709
...............................................................................
