----------------------------------------------- 
  Element       SASA      Sigma Z        Total  
     Z         Ang**2 cal/Ang**2/mol   kcal/mol 
----------------------------------------------- 
      H        145.080      48.690       7.064
      C         35.829     129.740       4.648
      O         31.215       0.000       0.000

 Subtotal:     212.124                  11.712
 -----------------------------------------------

  Elements    COT*SASA   Sigma Z,Z'     Total   
    Z,Z'       Ang**2  cal/Ang**2/mol kcal/mol  
 ---------------------------------------------- 
  H   C         97.507     -60.770      -5.926
  H   O          0.000       0.000       0.000
  C   C         25.982     -72.950      -1.895
  O   C         15.904      68.690       1.092
  O   O          0.000       0.000       0.000

 Subtotal:                              -6.728
 ---------------------------------------------- 

 NONAQUEOUS SOLVENT CONTRIBUTION (kcal/mol):
 (proportional to SASA, atomic number independent)
 ---------------------------------------------- 
 Subtotal:                               0.000
 ---------------------------------------------- 

 CDS TOTAL (kcal/mol):                   4.984
...............................................................................
