20
 energy: -386.242611321910 gnorm: 0.035755390381 xtb: 6.7.1 (edcfbbe)
C           -3.68176484293149       -0.67553461129935        0.29698747143160
C           -2.47578317069709        0.14680428966505       -0.13826962446127
C           -1.16692453561710       -0.52911150573446        0.26045109241541
C            0.04044992911792        0.25139199291140       -0.18609699098246
O            0.01864134880826        1.26450149096033       -0.85362930647827
O            1.16578364221659       -0.31028694603750        0.24046233790656
C            2.40655225406641        0.32223135354279       -0.11818767485237
C            3.53899070436822       -0.47671767601125        0.49679016322014
H           -3.68623092003347       -0.80319091345592        1.37653626960998
H           -4.60213835343933       -0.17746299147864        0.00536619130238
H           -3.66023282702195       -1.65843142503489       -0.16690746477396
H           -2.51690644301531        1.13917576810480        0.31438628603931
H           -2.48784759590243        0.28639128792691       -1.22072739524094
H           -1.09772820918643       -1.52454149887556       -0.18348039628131
H           -1.10454411518945       -0.65323275298946        1.34300328309512
H            2.47569628029705        0.35234645855613       -1.21058615593644
H            2.38792762555815        1.35338348309972        0.24979104661069
H            3.43582603392251       -0.49661812942006        1.57757008119906
H            3.51889812155932       -1.49653965676316        0.12440580945513
H            4.48619400148795       -0.01713835570759        0.23481541300405
20
 energy: -386.243626335245 gnorm: 0.013060604921 xtb: 6.7.1 (edcfbbe)
C           -3.68748745180520       -0.67572243251205        0.29793259296037
C           -2.48144859712276        0.14829980709808       -0.14021238677587
C           -1.16995914313187       -0.52136764806116        0.25509543572315
C            0.04298838724599        0.25125705021939       -0.18578722819084
O            0.02527705949704        1.27064760923200       -0.85620394361305
O            1.17343939732441       -0.31872820542400        0.24623603695656
C            2.41643117688194        0.32806340086040       -0.12165047002272
C            3.53583833637593       -0.47760171030253        0.49698755669433
H           -3.69499238447589       -0.80849153735810        1.38324635112370
H           -4.61934377468107       -0.18383921433177        0.00964505601260
H           -3.66939086482083       -1.66659686526215       -0.16414147544115
H           -2.52426144844806        1.14479319772078        0.31096753863173
H           -2.49805738581332        0.28901619827214       -1.22543131191870
H           -1.09742728841352       -1.52333308794521       -0.18376236952561
H           -1.10654521460186       -0.65398732011412        1.34059259674082
H            2.48903046033174        0.35460826860078       -1.21406520966414
H            2.40152586656147        1.35756006629056        0.25110339512307
H            3.44277103131533       -0.49687597667796        1.58508663191309
H            3.52684922660830       -1.50346668040857        0.12222034160409
H            4.48962213728945       -0.01681517638579        0.23482175075464
20
 energy: -386.243819882400 gnorm: 0.004918354897 xtb: 6.7.1 (edcfbbe)
C           -3.69016316717038       -0.67628119005160        0.29921028446145
C           -2.48769951474622        0.15121377665374       -0.14378619078061
C           -1.17525219930791       -0.51487135417215        0.25000276715622
C            0.04065113232876        0.25295239408653       -0.18544274499721
O            0.02895548056021        1.27444886820352       -0.85586965369635
O            1.17352852329250       -0.32486362994666        0.25045329445631
C            2.42410317182746        0.32686997488601       -0.12027741982071
C            3.54156765593388       -0.47649173409791        0.49604889697323
H           -3.69830776605178       -0.81096230993901        1.38702007422483
H           -4.62857884886113       -0.18963757769551        0.01386994761652
H           -3.67404997084898       -1.67124029625581       -0.16063481192715
H           -2.53367900163117        1.15005774430651        0.30537590638308
H           -2.50989721677436        0.29161361760490       -1.23031399682509
H           -1.09937161910627       -1.52054768287413       -0.18511018579969
H           -1.11146472959506       -0.65407409461664        1.33670968932388
H            2.49417482147319        0.35179339647487       -1.21244864973897
H            2.40715617266022        1.35484692525325        0.25508176719348
H            3.45447008072439       -0.49593289112688        1.58694435514706
H            3.53892152151636       -1.50457507600496        0.12062294897502
H            4.49979541440759       -0.01689913707501        0.23522499848339
20
 energy: -386.243842845027 gnorm: 0.002264330503 xtb: 6.7.1 (edcfbbe)
C           -3.69083536654665       -0.67645230764214        0.29999765835403
C           -2.48989741963838        0.15168014135718       -0.14543895581047
C           -1.17673973704594       -0.51270509389294        0.24793223217712
C            0.04001356375342        0.25383373943143       -0.18549516174350
O            0.03130917732346        1.27582109150602       -0.85387547457948
O            1.17305290652022       -0.32712375863780        0.25191110180877
C            2.42675755823676        0.32615729455170       -0.11923844045745
C            3.54407852079631       -0.47679552810618        0.49611385114305
H           -3.69720735895566       -0.80998339530724        1.38781261358080
H           -4.63033323552220       -0.19169140350715        0.01571861924970
H           -3.67423287179546       -1.67180995666347       -0.15861405972351
H           -2.53735853973721        1.15108210063077        0.30222184312992
H           -2.51456820227585        0.29085725766030       -1.23205492329279
H           -1.10053863359584       -1.51852318581758       -0.18683252198181
H           -1.11422042367541       -0.65359983397648        1.33451683387726
H            2.49364381187983        0.35065741103664       -1.21134622106923
H            2.40677428172376        1.35342279115659        0.25711481014040
H            3.45958828068790       -0.49665379075514        1.58696297071319
H            3.54387919031586       -1.50458783442757        0.12060529188865
H            4.50169466347151       -0.01616610463473        0.23466936883581
20
 energy: -386.243849105242 gnorm: 0.000544353860 xtb: 6.7.1 (edcfbbe)
C           -3.69062645948405       -0.67649179911534        0.30072101314428
C           -2.49086874479045        0.15197002775566       -0.14724130100249
C           -1.17768939447270       -0.51213349629795        0.24678519660987
C            0.03936991882585        0.25469574107955       -0.18453681815938
O            0.03270137796250        1.27690524595404       -0.85139599327659
O            1.17201745184780       -0.32868399779820        0.25305618909971
C            2.42752667536670        0.32536198265918       -0.11815287401845
C            3.54559203218988       -0.47711435483209        0.49600506916097
H           -3.69507261620290       -0.80812604554242        1.38835884629051
H           -4.63027109084665       -0.19275634868945        0.01692845081087
H           -3.67346206579346       -1.67199961028250       -0.15651789475954
H           -2.53887786476168        1.15178802524074        0.29896072652165
H           -2.51671896726786        0.28933822232148       -1.23390146037858
H           -1.10129963324165       -1.51737835775127       -0.18859282659574
H           -1.11671658879797       -0.65343754422183        1.33312934859878
H            2.49248463260881        0.35009273418465       -1.21019298731509
H            2.40591358510679        1.35208256109947        0.25910451233476
H            3.46247834329948       -0.49739014189564        1.58649863608185
H            3.54640452118910       -1.50423985706900        0.12001207493752
H            4.50197523012155       -0.01506350508266        0.23365363707594
20
 energy: -386.243850361100 gnorm: 0.000436212585 xtb: 6.7.1 (edcfbbe)
C           -3.69057555614553       -0.67612791203455        0.30134541277999
C           -2.49100762830963        0.15171036096522       -0.14858021712567
C           -1.17787992607502       -0.51242994009872        0.24615892804439
C            0.03941268770381        0.25462634826945       -0.18436797426996
O            0.03334376480222        1.27805216330877       -0.84895292890114
O            1.17157113312914       -0.32955899102544        0.25331170539342
C            2.42724954077252        0.32522458742758       -0.11724589954395
C            3.54598913777869       -0.47733907739888        0.49584796114706
H           -3.69355455702447       -0.80580085653440        1.38903435837116
H           -4.63033564535553       -0.19301840318002        0.01758616072635
H           -3.67310460499279       -1.67212301166577       -0.15435793698098
H           -2.53860618502635        1.15209729970013        0.29611439562097
H           -2.51709183836959        0.28708737711025       -1.23540297305380
H           -1.10144905667019       -1.51710936165054       -0.19002996888099
H           -1.11802817093074       -0.65369764465033        1.33241137750713
H            2.49179859519304        0.35071565438179       -1.20924006268720
H            2.40515303821911        1.35154232763022        0.26091876661360
H            3.46340534832237       -0.49829881849500        1.58618858746866
H            3.54704324796326       -1.50396412425220        0.11897828973315
H            4.50152721146703       -0.01416870716298        0.23296364772604
20
 energy: -386.243850361100 gnorm: 0.000436212585 xtb: 6.7.1 (edcfbbe)
C           -3.69057555614553       -0.67612791203455        0.30134541277999
C           -2.49100762830963        0.15171036096522       -0.14858021712567
C           -1.17787992607502       -0.51242994009872        0.24615892804439
C            0.03941268770381        0.25462634826945       -0.18436797426996
O            0.03334376480222        1.27805216330877       -0.84895292890114
O            1.17157113312914       -0.32955899102544        0.25331170539342
C            2.42724954077252        0.32522458742758       -0.11724589954395
C            3.54598913777869       -0.47733907739888        0.49584796114706
H           -3.69355455702447       -0.80580085653440        1.38903435837116
H           -4.63033564535553       -0.19301840318002        0.01758616072635
H           -3.67310460499279       -1.67212301166577       -0.15435793698098
H           -2.53860618502635        1.15209729970013        0.29611439562097
H           -2.51709183836959        0.28708737711025       -1.23540297305380
H           -1.10144905667019       -1.51710936165054       -0.19002996888099
H           -1.11802817093074       -0.65369764465033        1.33241137750713
H            2.49179859519304        0.35071565438179       -1.20924006268720
H            2.40515303821911        1.35154232763022        0.26091876661360
H            3.46340534832237       -0.49829881849500        1.58618858746866
H            3.54704324796326       -1.50396412425220        0.11897828973315
H            4.50152721146703       -0.01416870716298        0.23296364772604
