20
 energy: -27.120920016760 gnorm: 0.033945013158 xtb: 6.7.1 (edcfbbe)
C           -3.42445602682363       -0.94416559178822        0.38486537199757
C           -1.93815103858217       -0.92947914623090        0.03951138776520
C           -1.36117354307311        0.47755464899347        0.16802623176054
C            0.09099594891686        0.66260753862761       -0.17528723866002
O            0.61141749122014        1.75927273434818       -0.32300339339587
O            0.76079242217058       -0.49585695595565       -0.28742647551498
C            2.19832135919631       -0.41668109731912       -0.55452960263518
C            2.96923549828971       -0.20197945100259        0.72744520846185
H           -3.99062911999770       -0.28655275882302       -0.28389770680875
H           -3.83964970911101       -1.95261614208289        0.29570088648921
H           -3.59149782127741       -0.60086106224892        1.41193820766273
H           -1.78956943501732       -1.29311384174718       -0.98354175636830
H           -1.39773911331675       -1.61323303596984        0.70221381056758
H           -1.47019683364679        0.83923538447846        1.20024812023541
H           -1.91823695957078        1.18641970613772       -0.45552634833556
H            2.43372986551517       -1.38193492514426       -1.00663646665706
H            2.37859640067392        0.37654542414275       -1.28409676629927
H            2.75789412786390       -1.00063676514170        1.44445692176355
H            4.04102972341467       -0.21479893839601        0.50545811089518
H            2.72427738484996        0.76088302861926        1.18368813774568
20
 energy: -27.122051442360 gnorm: 0.013950308428 xtb: 6.7.1 (edcfbbe)
C           -3.41088949632641       -0.94327414972338        0.38296166965008
C           -1.92661714916860       -0.92540225492432        0.03832279452530
C           -1.36499327748831        0.48624400999509        0.16971654209943
C            0.08985314213717        0.65756797039298       -0.17172480520144
O            0.61124061318523        1.74478839430985       -0.32664519796759
O            0.75410245539152       -0.49239179011692       -0.28212336473030
C            2.18016814148334       -0.42442038893335       -0.54856253253664
C            2.96826375166146       -0.20617777208132        0.72659353362479
H           -3.97154150085383       -0.29054419880989       -0.28544625747086
H           -3.81333876239552       -1.95033261262711        0.29100568422528
H           -3.57445021089633       -0.60323743895570        1.40508960438722
H           -1.78052194460492       -1.28373107278110       -0.98342558756504
H           -1.38470388266113       -1.60121592496599        0.70301716483365
H           -1.47696436244530        0.84072987412523        1.20069625637677
H           -1.92376118702885        1.18689115840741       -0.45786259733558
H            2.41107551433844       -1.38933085155920       -1.00221914514779
H            2.35617729829640        0.38134404855323       -1.26609735601510
H            2.75187543562972       -0.99578032316762        1.44379461226017
H            4.03310720927116       -0.21646325253361        0.50098582943977
H            2.71690883416931        0.75534532889282        1.17152979321740
20
 energy: -27.122323831781 gnorm: 0.004229820847 xtb: 6.7.1 (edcfbbe)
C           -3.40107540917122       -0.94924281781069        0.38131797244373
C           -1.91628723918551       -0.91943805842841        0.03803048527450
C           -1.36558174110367        0.49677321991190        0.17135178765957
C            0.09155064775227        0.66069981863574       -0.16923509820713
O            0.61696213940789        1.74400246717057       -0.33059508725509
O            0.74786104798557       -0.48621178268825       -0.27051672283736
C            2.16181664213313       -0.43107345904301       -0.54542226883081
C            2.96241016150485       -0.21124380350314        0.72706701395438
H           -3.95910521504402       -0.29937659561391       -0.28724969374319
H           -3.79310760169928       -1.95740361764524        0.28670411005177
H           -3.56306268069924       -0.61116396167720        1.40106080907274
H           -1.76745475960642       -1.27308349209258       -0.98290998763028
H           -1.36928782505568       -1.58797548340173        0.70305013313347
H           -1.48167434788228        0.84716582474558        1.20086182832652
H           -1.92378289425286        1.19063842944735       -0.46113392753928
H            2.38690147742341       -1.39682427430864       -0.99810423973869
H            2.34082680706426        0.37942821513962       -1.25809474807076
H            2.74402365203503       -0.99366730944761        1.44795892781561
H            4.02145705599888       -0.22439620003979        0.49294885833050
H            2.71160070408945        0.75300163414654        1.16251648845933
20
 energy: -27.122379348666 gnorm: 0.001994042375 xtb: 6.7.1 (edcfbbe)
C           -3.39553678643597       -0.95459512755546        0.38023994764914
C           -1.91008591886436       -0.91495090086928        0.03810000857690
C           -1.36725911596449        0.50503292173652        0.17223475539171
C            0.09083774025683        0.66736789685275       -0.16717335671168
O            0.61798343271100        1.75016598837976       -0.33485261877581
O            0.74266674727553       -0.48085571546374       -0.26230545985448
C            2.15207271299930       -0.43483679277030       -0.54342465282947
C            2.95969432897706       -0.21524736345603        0.72697668203239
H           -3.95655748157038       -0.30732044396061       -0.28848890325901
H           -3.77999854024267       -1.96555038136059        0.28363031996381
H           -3.55991292069117       -0.61895998779567        1.40048237047749
H           -1.75779452526839       -1.26672250093096       -0.98295163295187
H           -1.35891632010965       -1.57986380259345        0.70325461159938
H           -1.48630306032557        0.85542486362207        1.20096114647028
H           -1.92500164038191        1.19599054156993       -0.46321100149124
H            2.37293867526874       -1.40201141966209       -0.99467144503812
H            2.33662414253454        0.37361782204833       -1.25735608050021
H            2.73922845588966       -0.99424053136551        1.45096828343665
H            4.01739568991990       -0.23369294520774        0.48837351145463
H            2.71291500571656        0.75185663227915        1.15882015502904
20
 energy: -27.122415198734 gnorm: 0.002625133708 xtb: 6.7.1 (edcfbbe)
C           -3.38953534384762       -0.96296426291106        0.37899399277562
C           -1.90378268107200       -0.90805319397339        0.03919876591937
C           -1.37016776087837        0.51618162684591        0.17237976740854
C            0.08814456429219        0.67946320318093       -0.16769054182161
O            0.61629546312974        1.76194063065024       -0.34249015126320
O            0.73662913372964       -0.47155143568254       -0.25288783751788
C            2.14284386225837       -0.43761969731796       -0.54041444945251
C            2.95817538863941       -0.22178323030526        0.72709588298950
H           -3.95707000815189       -0.32037920968364       -0.29012407201273
H           -3.76349793014700       -1.97845880925345        0.28029296161758
H           -3.55954425087588       -0.63052289929743        1.40024389544317
H           -1.74611450313937       -1.25909112112226       -0.98178242355388
H           -1.34705965151582       -1.56808648935561        0.70518074895469
H           -1.49307813980341        0.86819871490593        1.20018998713671
H           -1.92882558493046        1.20374981227781       -0.46589517745898
H            2.35623635547632       -1.40737398639229       -0.99024705620177
H            2.33509094813009        0.36595966045004       -1.25817858308540
H            2.73449595722962       -0.99787208202229        1.45404703230649
H            4.01525110988875       -0.24976965200205        0.48380812646729
H            2.72050369328226        0.74864117450543        1.15788577201850
20
 energy: -27.122425207892 gnorm: 0.001720227655 xtb: 6.7.1 (edcfbbe)
C           -3.38772659786565       -0.96549099570520        0.37877807567386
C           -1.90247178902353       -0.90577160282439        0.03953606032722
C           -1.37166836723257        0.51947915250428        0.17172292106307
C            0.08681441809505        0.68354157942556       -0.16750080372190
O            0.61451012791339        1.76526972643272       -0.34564051611991
O            0.73523391821559       -0.46809303855661       -0.25067719780236
C            2.14158167867534       -0.43746334589943       -0.53926602660104
C            2.95848137321079       -0.22425686418428        0.72712804658878
H           -3.95781524370046       -0.32500959859786       -0.29017708567360
H           -3.75790236425863       -1.98232191889271        0.27966498649677
H           -3.55964244763892       -0.63428952913091        1.40012204141698
H           -1.74335940344327       -1.25714812794055       -0.98116695721585
H           -1.34425762287792       -1.56395959217055        0.70612403350472
H           -1.49549820085552        0.87253105575580        1.19915685973763
H           -1.93118834951331        1.20590549025218       -0.46725695968422
H            2.35138689703833       -1.40827367921166       -0.98896209437593
H            2.33493284073818        0.36494013062869       -1.25801035974830
H            2.73295936203635       -0.99956990439180        1.45438057080860
H            4.01533466023402       -0.25633754866264        0.48309332132911
H            2.72528573194731        0.74692736466641        1.15855772466589
20
 energy: -27.122434305608 gnorm: 0.001199725705 xtb: 6.7.1 (edcfbbe)
C           -3.38341037277090       -0.97177612845629        0.37875488489706
C           -1.89944260334656       -0.90028958290257        0.04034466268952
C           -1.37564223949198        0.52740479391426        0.16978241476920
C            0.08249913172870        0.69328465836729       -0.17072652781748
O            0.61027870541911        1.77286079862940       -0.35397519364301
O            0.73152566886831       -0.45957274415170       -0.24605981045263
C            2.13888213634862       -0.43594702083142       -0.53586854435238
C            2.95958426240776       -0.23087992190792        0.72772516068114
H           -3.95950682090274       -0.33640248618825       -0.28959876494371
H           -3.74401943528038       -1.99177242174211        0.27848984434311
H           -3.55925418949918       -0.64366228125840        1.40023643006109
H           -1.73737541637552       -1.25221723449357       -0.97971918465236
H           -1.33703425375170       -1.55372047679441        0.70801874002218
H           -1.50050870400173        0.88262770733175        1.19652576797269
H           -1.93776631155012        1.21091012871649       -0.47034030278490
H            2.33962424143955       -1.40867680857252       -0.98630406771411
H            2.33411154544278        0.36490673311248       -1.25565654700431
H            2.72783637719832       -1.00406989903691        1.45523609566205
H            4.01570394738701       -0.27474633289057        0.48190084207280
H            2.73890495242525        0.74234727265199        1.16084074086355
20
 energy: -27.122436249839 gnorm: 0.000543327518 xtb: 6.7.1 (edcfbbe)
C           -3.38331049567494       -0.97202206991939        0.37893669557061
C           -1.89909568477473       -0.90044400885919        0.04042451008581
C           -1.37577895231493        0.52759413118702        0.16949290246386
C            0.08286796040818        0.69320923267954       -0.16908154594630
O            0.61041587439601        1.77274316690790       -0.35563909969671
O            0.73151416070216       -0.45948138181046       -0.24478186674717
C            2.13851497625262       -0.43536269455576       -0.53608077402569
C            2.95939976924251       -0.23157036378377        0.72788283035597
H           -3.95900448640508       -0.33671482642004       -0.28970136667813
H           -3.74379631236296       -1.99200776136931        0.27891129834658
H           -3.55873459866512       -0.64350827159197        1.40029097466736
H           -1.73690056538300       -1.25257606393946       -0.97949157493701
H           -1.33653862723853       -1.55336740164345        0.70837641321012
H           -1.50120470615453        0.88323006911952        1.19589954423939
H           -1.93755151395684        1.21031745555519       -0.47164874017508
H            2.33950342731041       -1.40716988944811       -0.98794921884276
H            2.33322438734012        0.36703671560612       -1.25426667362374
H            2.72630322135316       -1.00429689419901        1.45539548940307
H            4.01525435037630       -0.27694486272121        0.48183836980490
H            2.73990843724379        0.74194447270286        1.16079847319444
20
 energy: -27.122437731133 gnorm: 0.000289575887 xtb: 6.7.1 (edcfbbe)
C           -3.38329851777274       -0.97197640224141        0.37939967163420
C           -1.89891042951606       -0.90092145987438        0.04046891494371
C           -1.37582394124151        0.52736086928484        0.16914000765971
C            0.08262210353307        0.69279083008826       -0.17023933274388
O            0.61016926639969        1.77252580400548       -0.35664509620810
O            0.73169139254581       -0.45944159568063       -0.24458925573918
C            2.13851536626282       -0.43429383988427       -0.53621877034971
C            2.95936707208979       -0.23227524130309        0.72835414776394
H           -3.95862739774866       -0.33661414613572       -0.28946939217198
H           -3.74408310668699       -1.99184764445126        0.27974472979634
H           -3.55818959259926       -0.64297227753564        1.40066470556695
H           -1.73708385245557       -1.25320278562186       -0.97941977769788
H           -1.33626150671626       -1.55366445630466        0.70846220962736
H           -1.50115244747825        0.88304802042048        1.19547495824877
H           -1.93755475893679        1.20969040370412       -0.47226397423770
H            2.34025152564957       -1.40485142402081       -0.99007166897295
H            2.33273446856063        0.36993645632476       -1.25244802437435
H            2.72428951977689       -1.00466252360299        1.45556368989423
H            4.01511746969742       -0.27960483145160        0.48260368480662
H            2.74121798833098        0.74158499777737        1.16109521322341
20
 energy: -27.122439174680 gnorm: 0.000376986063 xtb: 6.7.1 (edcfbbe)
C           -3.38311743843688       -0.97262014986665        0.38016044403972
C           -1.89878617998790       -0.90113968892964        0.04073753583952
C           -1.37636315119693        0.52754468260136        0.16805130079631
C            0.08183746091096        0.69362154436402       -0.17186763639293
O            0.60850089860607        1.77364242438475       -0.35947127695881
O            0.73203439843254       -0.45804423130474       -0.24411203358246
C            2.13891375402549       -0.43194867383733       -0.53614098671857
C            2.95986802394931       -0.23426867424725        0.72912002737101
H           -3.95889902380780       -0.33786712135108       -0.28897344193036
H           -3.74352958843518       -1.99274202382774        0.28130011180588
H           -3.55778773773870       -0.64297652936249        1.40129151792922
H           -1.73713280642578       -1.25415960134805       -0.97892745238939
H           -1.33561078279402       -1.55306797500703        0.70908317282007
H           -1.50184855940634        0.88396690276039        1.19410862184593
H           -1.93852623991895        1.20899165533674       -0.47386189742918
H            2.34066396596896       -1.40088434805355       -0.99343963085290
H            2.33276977474962        0.37483254803079       -1.24953865820293
H            2.72065269619558       -1.00616853869741        1.45554209492431
H            4.01563246642695       -0.28639038212695        0.48416431200901
H            2.74571869057758        0.74028693397886        1.16238051574608
20
 energy: -27.122440100862 gnorm: 0.000206756615 xtb: 6.7.1 (edcfbbe)
C           -3.38272578738063       -0.97325706498578        0.38107362097771
C           -1.89864250624278       -0.90144063392555        0.04101869636904
C           -1.37704761472014        0.52767325571360        0.16672237557682
C            0.08094771506697        0.69486089107041       -0.17352637440313
O            0.60612431381730        1.77527995185661       -0.36258343159175
O            0.73258108396058       -0.45613091456302       -0.24412644883669
C            2.13947750776702       -0.42916265039910       -0.53611968170789
C            2.96027405829851       -0.23668748624203        0.72998076426343
H           -3.95918479291661       -0.33944309153760       -0.28838522970700
H           -3.74281079021041       -1.99361688815002        0.28332273308898
H           -3.55733167461914       -0.64276169972754        1.40196082237321
H           -1.73716967527037       -1.25552490685763       -0.97832868514040
H           -1.33493409995003       -1.55241202666933        0.70987835453262
H           -1.50266311828064        0.88508651717286        1.19245754460831
H           -1.93987681261673        1.20816686914650       -0.47569801978556
H            2.34116639856104       -1.39644296304076       -0.99711827427944
H            2.33345830143810        0.38019192657772       -1.24657256848415
H            2.71691467091965       -1.00846294424853        1.45513963647262
H            4.01601836165365       -0.29350214093221        0.48599601536828
H            2.75041508241926        0.73819475323839        1.16451479097450
20
 energy: -27.122440434207 gnorm: 0.000075113713 xtb: 6.7.1 (edcfbbe)
C           -3.38247705352830       -0.97362283531824        0.38153954915962
C           -1.89852997483532       -0.90148433905704        0.04124382799372
C           -1.37733682660463        0.52779809554826        0.16602273211649
C            0.08058004414771        0.69569016582588       -0.17436750014707
O            0.60501421495882        1.77630036201358       -0.36407766914246
O            0.73281851966102       -0.45502398660677       -0.24457848108631
C            2.13973142634062       -0.42784024983053       -0.53615933312022
C            2.96026787180699       -0.23798336325485        0.73042848049635
H           -3.95929601237479       -0.34038746264561       -0.28815791377936
H           -3.74233852924797       -1.99415334879906        0.28453694979860
H           -3.55698579391010       -0.64253242711649        1.40224351370951
H           -1.73710999015594       -1.25612889739003       -0.97791386749923
H           -1.33448852792758       -1.55191191937321        0.71036354622799
H           -1.50296128534438        0.88569509784808        1.19160092032211
H           -1.94062685554457        1.20775064892432       -0.47660737050359
H            2.34135815810614       -1.39438587161371       -0.99884131575534
H            2.33416309038882        0.38266102717914       -1.24520232677322
H            2.71548777528575       -1.01033661085184        1.45446173643629
H            4.01602403367530       -0.29608058096030        0.48684433873051
H            2.75169633679700        0.73658524897541        1.16622682348512
20
 energy: -27.122440761924 gnorm: 0.000126700260 xtb: 6.7.1 (edcfbbe)
C           -3.38213346679022       -0.97376846749114        0.38195719303102
C           -1.89828736251022       -0.90154409294971        0.04140247710320
C           -1.37754280910908        0.52793717912324        0.16548065503174
C            0.08031991387684        0.69632201282644       -0.17502289595405
O            0.60428245239285        1.77707245827613       -0.36497350124237
O            0.73292544393645       -0.45423555064225       -0.24522804840698
C            2.13987910243147       -0.42691862775087       -0.53633195214468
C            2.95997820635928       -0.23905016991170        0.73080090539812
H           -3.95923875680254       -0.34115650698688       -0.28807993501345
H           -3.74178306182656       -1.99443937503294        0.28567451853610
H           -3.55668490731671       -0.64206032584023        1.40246362705818
H           -1.73687977692778       -1.25670528059704       -0.97758937116645
H           -1.33405397604614       -1.55152371993429        0.71080432553955
H           -1.50310376461311        0.88628287773790        1.19092778483745
H           -1.94120152208295        1.20745134963789       -0.47732287779349
H            2.34152393692441       -1.39292850124437       -1.00019701771727
H            2.33481487824372        0.38439116990427       -1.24432959487540
H            2.71499924473678       -1.01252743318371        1.45355762612723
H            4.01579060619518       -0.29679593417553        0.48745477869334
H            2.75138624062291        0.73480569173178        1.16815794362773
20
 energy: -27.122441306871 gnorm: 0.000217428266 xtb: 6.7.1 (edcfbbe)
C           -3.38167762938348       -0.97403189007143        0.38255467127690
C           -1.89791316102710       -0.90150749183203        0.04179750006200
C           -1.37770090870900        0.52822888808140        0.16463495769101
C            0.08009149579867        0.69716988727729       -0.17599677124178
O            0.60362239748252        1.77808546504585       -0.36605335469613
O            0.73301241943477       -0.45323003631131       -0.24638827958779
C            2.14005652358794       -0.42570042359175       -0.53668526410927
C            2.95938320238544       -0.24066766042608        0.73134956011206
H           -3.95912489022441       -0.34243360662400       -0.28812854128978
H           -3.74097853245596       -1.99494922844920        0.28757445140870
H           -3.55619089601656       -0.64115066861363        1.40267509882790
H           -1.73649274353849       -1.25747339436082       -0.97690322624977
H           -1.33336932047841       -1.55073594263879        0.71166669360096
H           -1.50325077078188        0.88730762485638        1.18983569100476
H           -1.94183243664936        1.20699342743177       -0.47855866524393
H            2.34181288329354       -1.39084537366278       -1.00236338958931
H            2.33570467009268        0.38694470033535       -1.24296783120606
H            2.71490007073519       -1.01651912185094        1.45172776545892
H            4.01536540157978       -0.29654017291270        0.48831390506628
H            2.74957284656873        0.73166377181441        1.17152166937383
20
 energy: -27.122442091367 gnorm: 0.000234616671 xtb: 6.7.1 (edcfbbe)
C           -3.38085142818490       -0.97432349106622        0.38364728174584
C           -1.89718570683553       -0.90151331855437        0.04246869456788
C           -1.37799015630684        0.52876632329277        0.16314794270205
C            0.07970989495719        0.69832355542827       -0.17756655201146
O            0.60276946038296        1.77949832053007       -0.36748400182407
O            0.73306700961093       -0.45182782932478       -0.24823186319992
C            2.14031547846033       -0.42367429276692       -0.53736493068907
C            2.95828603647053       -0.24344647532515        0.73226136431099
H           -3.95887479575206       -0.34460174574561       -0.28831677265389
H           -3.73939345945188       -1.99571600634138        0.29089821412412
H           -3.55548791816600       -0.63939539410180        1.40309769253954
H           -1.73564729053175       -1.25895290311304       -0.97570440259718
H           -1.33215754726885       -1.54935367395636        0.71328357510138
H           -1.50371491355125        0.88933472679003        1.18781906174348
H           -1.94264575359530        1.20618917325453       -0.48100872212281
H            2.34240237254318       -1.38716200226850       -1.00634386873073
H            2.33685240031971        0.39149060834987       -1.24051092423482
H            2.71499854189123       -1.02356492021097        1.44846565531202
H            4.01460023405680       -0.29562683278186        0.48974674302030
H            2.74593816264611        0.72616493140841        1.17730245356585
20
 energy: -27.122442794926 gnorm: 0.000170908715 xtb: 6.7.1 (edcfbbe)
C           -3.37980198516754       -0.97493877074851        0.38516107142413
C           -1.89623930766154       -0.90143763329984        0.04353031005732
C           -1.37840188960757        0.52961434145482        0.16092615856276
C            0.07921189741471        0.69985893035151       -0.17969357569835
O            0.60178799743018        1.78138628486765       -0.36915886966135
O            0.73315163635152       -0.44991236535438       -0.25051285897823
C            2.14068375373547       -0.42075639974130       -0.53826881493724
C            2.95692566886626       -0.24740045931082        0.73348782733053
H           -3.95858753217341       -0.34776590868249       -0.28851131124682
H           -3.73730834670694       -1.99695775088549        0.29550825283159
H           -3.55451709596355       -0.63717350949348        1.40365538389003
H           -1.73456533798414       -1.26101784043186       -0.97385062478804
H           -1.33048218776390       -1.54722665317769        0.71570251955889
H           -1.50474113086855        0.89249398266944        1.18470332260496
H           -1.94355060452180        1.20497661595895       -0.48494746196493
H            2.34321943561372       -1.38174168976635       -1.01214548925001
H            2.33811886178772        0.39816907912521       -1.23678677774249
H            2.71485001360124       -1.03305113168414        1.44407824230096
H            4.01363945561796       -0.29512850700632        0.49176158483699
H            2.74159731969475        0.71861813865206        1.18496775153880
20
 energy: -27.122443176101 gnorm: 0.000098240580 xtb: 6.7.1 (edcfbbe)
C           -3.37890019347926       -0.97549517896051        0.38645053066479
C           -1.89543478652444       -0.90136648366654        0.04439872053895
C           -1.37891181387709        0.53039788215680        0.15895129834442
C            0.07873385991982        0.70115736752375       -0.18114113539732
O            0.60099907155800        1.78298897144053       -0.36998512541778
O            0.73312466317786       -0.44828520052451       -0.25214422573434
C            2.14091234962361       -0.41831909822514       -0.53888611303588
C            2.95599137208679       -0.25068140849756        0.73438393878280
H           -3.95841734424411       -0.35043627520944       -0.28857077647912
H           -3.73530711896692       -1.99810408503909        0.29915420899798
H           -3.55379023195253       -0.63562433900803        1.40422437481292
H           -1.73352242167135       -1.26278380038658       -0.97228952610818
H           -1.32896958133764       -1.54525618693094        0.71780182361205
H           -1.50621710636162        0.89548170225238        1.18182079115710
H           -1.94421923719220        1.20383596267076       -0.48878511868809
H            2.34370338614100       -1.37718306692210       -1.01687415969642
H            2.33898163642655        0.40373827656836       -1.23350860013294
H            2.71424411086084       -1.04033087001103        1.44061162928519
H            4.01298730804560       -0.29582945169359        0.49332528966392
H            2.73900269946168        0.71270403595946        1.19066881549944
20
 energy: -27.122443481408 gnorm: 0.000069213042 xtb: 6.7.1 (edcfbbe)
C           -3.37826194421569       -0.97606157519049        0.38731877755522
C           -1.89487391150167       -0.90126325348722        0.04502741132568
C           -1.37934602405292        0.53103483685820        0.15746852543129
C            0.07843468385742        0.70213138246910       -0.18181130618577
O            0.60061832868830        1.78418518795112       -0.36973864832726
O            0.73307964807708       -0.44710361922773       -0.25307485169221
C            2.14101803882780       -0.41665392950290       -0.53928584920063
C            2.95543111876628       -0.25289623566048        0.73490298284113
H           -3.95828496931438       -0.35230787092386       -0.28844700269503
H           -3.73393294238339       -1.99902473884689        0.30141609052775
H           -3.55326208276468       -0.63497364561796        1.40465463791751
H           -1.73279520326881       -1.26402650946076       -0.97114141519111
H           -1.32790689736976       -1.54377464851159        0.71930651594947
H           -1.50777556896167        0.89792521562418        1.17953696120820
H           -1.94451753330579        1.20295144283869       -0.49195601762849
H            2.34382702661504       -1.37411464167979       -1.01999357215838
H            2.33940420731392        0.40741689009918       -1.23137482102058
H            2.71334295604090       -1.04460096155592        1.43865596021856
H            4.01253125464337       -0.29735441994994        0.49424448237217
H            2.73826043600324        0.70911984727202        1.19389777942201
20
 energy: -27.122443982688 gnorm: 0.000128655319 xtb: 6.7.1 (edcfbbe)
C           -3.37734849282645       -0.97692729879721        0.38847925429165
C           -1.89405105761300       -0.90111072846288        0.04594356055354
C           -1.38010912177915        0.53198307475057        0.15531162415903
C            0.07801573006488        0.70357816993787       -0.18220605657421
O            0.60027938278629        1.78597748653067       -0.36809141883721
O            0.73284690350660       -0.44542784586835       -0.25437147733561
C            2.14101228957937       -0.41449052448662       -0.53978154071819
C            2.95482113304434       -0.25579250433763        0.73540495479741
H           -3.95812412448203       -0.35485747481423       -0.28819433938171
H           -3.73186129774055       -2.00042764450597        0.30420035025924
H           -3.55260202187674       -0.63447404631713        1.40531327887952
H           -1.73157395080417       -1.26582594144058       -0.96945707503249
H           -1.32629976749669       -1.54151723593829        0.72156981140781
H           -1.51069189930998        0.90174021570080        1.17606079682503
H           -1.94480125563936        1.20150636473595       -0.49701271870497
H            2.34370940960676       -1.37018014966726       -1.02399711742138
H            2.33996844405527        0.41215021080795       -1.22858971882204
H            2.71139079576363       -1.04957195263803        1.43631531704563
H            4.01203995414050       -0.30063381093384        0.49528646604993
H            2.73836956871509        0.70491038924113        1.19742268922855
20
 energy: -27.122444593034 gnorm: 0.000172886924 xtb: 6.7.1 (edcfbbe)
C           -3.37610414583427       -0.97811273380075        0.38992295873216
C           -1.89290702000825       -0.90093452021253        0.04726683509881
C           -1.38106767591418        0.53320120344358        0.15248107131702
C            0.07763133302967        0.70554810278751       -0.18224136084602
O            0.60017314325144        1.78846218237225       -0.36443784556518
O            0.73253974346219       -0.44323298879495       -0.25648617593941
C            2.14097244323834       -0.41179122002567       -0.54066797100984
C            2.95381735157892       -0.25938483031744        0.73590296399913
H           -3.95771583906763       -0.35815068643650       -0.28796123667487
H           -3.72922914741389       -2.00225788310996        0.30764343547103
H           -3.55182647380872       -0.63391850478464        1.40609083460574
H           -1.72976539643461       -1.26839632130278       -0.96703163619180
H           -1.32429348172070       -1.53852910662016        0.72482396769175
H           -1.51487854443345        0.90697671670918        1.17134050862608
H           -1.94496739466220        1.19941028663224       -0.50395485268395
H            2.34350194867152       -1.36541172434228       -1.02902295378659
H            2.34084341441926        0.41785123529018       -1.22559034005197
H            2.70834320535184       -1.05536551236263        1.43360963549707
H            4.01115487220776       -0.30531824439607        0.49653916267514
H            2.73876828578156        0.69996330276834        1.20137963970518
20
 energy: -27.122445209016 gnorm: 0.000166725641 xtb: 6.7.1 (edcfbbe)
C           -3.37465454855450       -0.97930997584017        0.39140102919494
C           -1.89147434778652       -0.90082464823361        0.04898641779238
C           -1.38205469923058        0.53447237714199        0.14942353981517
C            0.07734711812867        0.70772203590463       -0.18184712465193
O            0.60042177864500        1.79126490591527       -0.35886970250466
O            0.73205153761128       -0.44092029261835       -0.25967681302033
C            2.14084973520593       -0.40899711391534       -0.54192047306544
C            2.95239310290883       -0.26315960433291        0.73622748484082
H           -3.95706027480606       -0.36181011456401       -0.28806436183847
H           -3.72627210995704       -2.00416943118391        0.31147668332996
H           -3.55114719341043       -0.63299660520203        1.40672405722892
H           -1.72731546507746       -1.27154830256567       -0.96395947001295
H           -1.32205328372681       -1.53514787685935        0.72896138364407
H           -1.51966682609483        0.91295300682748        1.16603122848134
H           -1.94495564764860        1.19682432824340       -0.51182417165314
H            2.34339622962716       -1.36044697438247       -1.03450234377501
H            2.34214037686646        0.42369475445466       -1.22271905589282
H            2.70458636588465       -1.06153905675040        1.43036973939536
H            4.00994516559544       -0.31009429658919        0.49799734936613
H            2.73851360751401        0.69464163804689        1.20539124399516
20
 energy: -27.122445368857 gnorm: 0.000094700667 xtb: 6.7.1 (edcfbbe)
C           -3.37463764638051       -0.97924807285630        0.39119353304718
C           -1.89134890586646       -0.90089095571436        0.04931050361383
C           -1.38199587136615        0.53439671856241        0.14957843397616
C            0.07746206139575        0.70783791320972       -0.18141888587624
O            0.60044680834786        1.79139868899750       -0.35835715784362
O            0.73209042142926       -0.44085258190638       -0.26003704581128
C            2.14084631360696       -0.40901071461708       -0.54218853428724
C            2.95218854070027       -0.26310582234151        0.73609263239661
H           -3.95675155696016       -0.36205183056652       -0.28877542909068
H           -3.72624070546167       -2.00413447362165        0.31156838253839
H           -3.55157268565700       -0.63249719460269        1.40628834565109
H           -1.72675768277027       -1.27192622779559       -0.96344011754698
H           -1.32223673244072       -1.53501723723267        0.72970329023035
H           -1.51965825184297        0.91301592616391        1.16609824003501
H           -1.94497853870516        1.19656629922394       -0.51174848654753
H            2.34341653390054       -1.36059355933962       -1.03458692752936
H            2.34234441232159        0.42353049259466       -1.22314280930190
H            2.70432666220411       -1.06146517903242        1.43024837159764
H            4.00975109563802       -0.31005309805938        0.49795737722313
H            2.73829634960132        0.69470966243096        1.20526292419494
20
 energy: -27.122445759272 gnorm: 0.000232721487 xtb: 6.7.1 (edcfbbe)
C           -3.37458493463446       -0.97903171362561        0.39040666930949
C           -1.89083242928850       -0.90113994368378        0.05059782550548
C           -1.38174996175154        0.53418833207455        0.15025706984463
C            0.07764524300284        0.70807803719188       -0.18095641384414
O            0.60079848525592        1.79176960883738       -0.35604785050252
O            0.73199487175103       -0.44077755078903       -0.26181324675340
C            2.14075353778778       -0.40911514633525       -0.54304924169897
C            2.95145643366434       -0.26286675238232        0.73562163740017
H           -3.95567108469892       -0.36295494278478       -0.29142751348720
H           -3.72608966679623       -2.00403857071925        0.31189236837613
H           -3.55311652862941       -0.63066117571581        1.40466727444668
H           -1.72475344286502       -1.27322864694723       -0.96150227411597
H           -1.32277758228863       -1.53462896403403        0.73244055339135
H           -1.51933842327600        0.91321998825913        1.16659355835412
H           -1.94506155439770        1.19587506827113       -0.51120087473280
H            2.34354716497400       -1.36106941938551       -1.03480867428405
H            2.34301052468380        0.42290955437292       -1.22447919069904
H            2.70331854237291       -1.06114064832183        1.42979397030571
H            4.00912042493212       -0.30978523979278        0.49798268717946
H            2.73732100189626        0.69500687900712        1.20463830667439
20
 energy: -27.122446133876 gnorm: 0.000286282094 xtb: 6.7.1 (edcfbbe)
C           -3.37460819093974       -0.97884893561744        0.38930736154633
C           -1.89015040694844       -0.90140410904298        0.05237155849659
C           -1.38138320734250        0.53411128373185        0.15108285292202
C            0.07802789935606        0.70807202842688       -0.17996673681982
O            0.60176504668443        1.79183736735093       -0.35282341333486
O            0.73169896298610       -0.44102857707528       -0.26364666781855
C            2.14051645983933       -0.40941744285737       -0.54412021683592
C            2.95059634592273       -0.26253340264366        0.73488753262120
H           -3.95442383523885       -0.36428870869828       -0.29500892861261
H           -3.72582437717141       -2.00407370041896        0.31228635562809
H           -3.55520862730515       -0.62832303707990        1.40247114707400
H           -1.72206553885467       -1.27489348552235       -0.95889047856473
H           -1.32341699207157       -1.53399307944638        0.73619286103773
H           -1.51918755900827        0.91397117324943        1.16710131450420
H           -1.94476705160755        1.19517763365508       -0.51098707279226
H            2.34359934811090       -1.36158175962275       -1.03533209459926
H            2.34327449194280        0.42226887334667       -1.22581313988759
H            2.70221846968773       -1.06062873560513        1.42918082072545
H            4.00841474767767       -0.30925599612301        0.49788645913329
H            2.73591463597500        0.69544136348957        1.20342712624619
20
 energy: -27.122446524531 gnorm: 0.000189214519 xtb: 6.7.1 (edcfbbe)
C           -3.37472793315913       -0.97864890758285        0.38802728556640
C           -1.88945851211574       -0.90162257957093        0.05450510821606
C           -1.38094923942517        0.53408762726126        0.15197665539703
C            0.07854853789881        0.70773605557199       -0.17863563169331
O            0.60325101667653        1.79156206761185       -0.34841634650190
O            0.73133478924731       -0.44159602674765       -0.26540047541944
C            2.14027276355231       -0.40985042866725       -0.54537820324252
C            2.94972215360160       -0.26211516282102        0.73394806452290
H           -3.95300310658970       -0.36603238411174       -0.29934201247874
H           -3.72541290444299       -2.00417803590100        0.31275884806069
H           -3.55793949327425       -0.62553814699588        1.39983202307164
H           -1.71886170940990       -1.27684299851892       -0.95570110694606
H           -1.32429448562885       -1.53297344383466        0.74078744838823
H           -1.51947838132815        0.91526740981132        1.16742200619883
H           -1.94405350660079        1.19427782204790       -0.51125196208243
H            2.34363426352144       -1.36214118338653       -1.03611199276820
H            2.34307016091384        0.42164756176423       -1.22726903239177
H            2.70128469562034       -1.05993638683036        1.42853750960790
H            4.00767667956872       -0.30853326386407        0.49753592890744
H            2.73437483306838        0.69603915826123        1.20178252625674
20
 energy: -27.122446826872 gnorm: 0.000080449180 xtb: 6.7.1 (edcfbbe)
C           -3.37495907462898       -0.97850854938325        0.38692399332194
C           -1.88900453976430       -0.90179652594763        0.05637912459340
C           -1.38079177352033        0.53414575247075        0.15245545985251
C            0.07896165766888        0.70734560965848       -0.17706063081208
O            0.60454662458990        1.79121331673367       -0.34417051729382
O            0.73096835426425       -0.44213913373295       -0.26631748826375
C            2.14005496351475       -0.41019425871198       -0.54621534197851
C            2.94946687448531       -0.26181400634834        0.73303317773539
H           -3.95201899978651       -0.36761769693511       -0.30300514733052
H           -3.72511704316066       -2.00432798633148        0.31321545545709
H           -3.56035549294750       -0.62321020509217        1.39755128349271
H           -1.71633077778616       -1.27863840160092       -0.95286123573667
H           -1.32511476211057       -1.53196400369490        0.74482002925940
H           -1.52052690527316        0.91691510447963        1.16713761666462
H           -1.94318659254788        1.19335080963515       -0.51241026162120
H            2.34352591084808       -1.36249552713354       -1.03675837652668
H            2.34256412625958        0.42128052038257       -1.22817838021134
H            2.70110260217528       -1.05939912131955        1.42790713712130
H            4.00748005210226       -0.30803123090615        0.49681676976715
H            2.73372541731238        0.69649428727464        1.20034397317855
20
 energy: -27.122447105391 gnorm: 0.000124578888 xtb: 6.7.1 (edcfbbe)
C           -3.37527321103884       -0.97843839359298        0.38616438722062
C           -1.88882241258909       -0.90194662309679        0.05779409455205
C           -1.38085930859067        0.53417911978934        0.15250228568214
C            0.07926349144495        0.70708101204560       -0.17552532198118
O            0.60551942658413        1.79103755507397       -0.34018066175478
O            0.73077842529870       -0.44246081746452       -0.26656573342333
C            2.13994222968177       -0.41034165954387       -0.54670401801622
C            2.94966278143488       -0.26166977583279        0.73228803453973
H           -3.95136793533836       -0.36893538878170       -0.30578335370757
H           -3.72504923969688       -2.00447950697482        0.31370260711025
H           -3.56240070784981       -0.62139389995649        1.39585377526667
H           -1.71450194900084       -1.28028605690398       -0.95060200686716
H           -1.32590016308905       -1.53097730254560        0.74806318614546
H           -1.52219490215906        0.91867656719562        1.16630362209130
H           -1.94233598808425        1.19224814272768       -0.51429897574928
H            2.34329463263944       -1.36263506925459       -1.03724533127584
H            2.34200777225498        0.42116058502009       -1.22874333868478
H            2.70159935752528       -1.05909639632887        1.42745259117692
H            4.00759787398042       -0.30787106352098        0.49573682855235
H            2.73403044828693        0.69675772544262        1.19939396979216
20
 energy: -27.122447420623 gnorm: 0.000177296683 xtb: 6.7.1 (edcfbbe)
C           -3.37567864003168       -0.97834344757012        0.38535510390462
C           -1.88866990898656       -0.90221152233894        0.05944275338146
C           -1.38122936085859        0.53420492384435        0.15217013337726
C            0.07947953348223        0.70694195345573       -0.17344033295196
O            0.60638082593892        1.79104306105666       -0.33512291390652
O            0.73057409533173       -0.44262540968184       -0.26647199522652
C            2.13976537054430       -0.41035420696940       -0.54701633212919
C            2.95034135160157       -0.26165632486793        0.73138887165946
H           -3.95072731249873       -0.37035656307479       -0.30879141061563
H           -3.72509331777527       -2.00460748226376        0.31431731757999
H           -3.56465359907237       -0.61936295355443        1.39400522245769
H           -1.71259015081113       -1.28247376846717       -0.94791152802174
H           -1.32678213834797       -1.52979549111401        0.75187737444799
H           -1.52499950165557        0.92114228383850        1.16467390705520
H           -1.94137808098899        1.19057607093137       -0.51745785934644
H            2.34285522876222       -1.36260896464354       -1.03773410805731
H            2.34137776686133        0.42122810236436       -1.22908406954782
H            2.70271686733632       -1.05897760065942        1.42682338161065
H            4.00810740423062       -0.30801359984472        0.49404483070147
H            2.73519418863222        0.69685969305602        1.19853829429683
20
 energy: -27.122447603729 gnorm: 0.000128572594 xtb: 6.7.1 (edcfbbe)
C           -3.37591573243388       -0.97835941071897        0.38487137091061
C           -1.88852083236376       -0.90241494981403        0.06065044170615
C           -1.38154630407459        0.53423273136443        0.15176115741793
C            0.07959180110582        0.70709817149881       -0.17198398063190
O            0.60688712139301        1.79134041772695       -0.33135825596016
O            0.73047997880134       -0.44249359739872       -0.26650780458306
C            2.13960277989012       -0.41019246016765       -0.54724598580218
C            2.95080547953983       -0.26182711434738        0.73080223878098
H           -3.95014480196507       -0.37140616908526       -0.31085463739401
H           -3.72516598104255       -2.00475311694734        0.31483649611199
H           -3.56622193247379       -0.61796297439615        1.39277385679759
H           -1.71110885927050       -1.28426461779648       -0.94587123247720
H           -1.32737578622782       -1.52879237437591        0.75477340636761
H           -1.52724866494795        0.92311127784072        1.16322384968319
H           -1.94078458464740        1.18912376364800       -0.52008614320316
H            2.34244770844382       -1.36239539503805       -1.03820957600342
H            2.34109231571424        0.42147523535118       -1.22926583995889
H            2.70349474467981       -1.05920033915346        1.42629220764037
H            4.00840896528322       -0.30838354592148        0.49276107260589
H            2.73621320629070        0.69667322122773        1.19824399866116
20
 energy: -27.122447659819 gnorm: 0.000106874986 xtb: 6.7.1 (edcfbbe)
C           -3.37615282483609       -0.97837537386782        0.38438763791660
C           -1.88837175574096       -0.90261837728912        0.06185813003083
C           -1.38186324729059        0.53426053888450        0.15135218145861
C            0.07970406872940        0.70725438954189       -0.17052762831185
O            0.60739341684710        1.79163777439723       -0.32759359801380
O            0.73038586227096       -0.44236178511560       -0.26654361393960
C            2.13944018923594       -0.41003071336589       -0.54747563947517
C            2.95126960747810       -0.26199790382683        0.73021560590251
H           -3.94956229143140       -0.37245577509573       -0.31291786417239
H           -3.72523864430982       -2.00489875163092        0.31535567464399
H           -3.56779026587522       -0.61656299523788        1.39154249113749
H           -1.70962756772988       -1.28605546712578       -0.94383093693267
H           -1.32796943410766       -1.52778925763782        0.75766943828723
H           -1.52949782824033        0.92508027184294        1.16177379231119
H           -1.94019108830581        1.18767145636462       -0.52271442705988
H            2.34204018812542       -1.36218182543256       -1.03868504394953
H            2.34080686456716        0.42172236833799       -1.22944761036995
H            2.70427262202329       -1.05942307764751        1.42576103367009
H            4.00871052633581       -0.30875349199823        0.49147731451031
H            2.73723222394918        0.69648674939944        1.19794970302548
