----------------------------------------------- 
  Element       SASA      Sigma Z        Total  
     Z         Ang**2 cal/Ang**2/mol   kcal/mol 
----------------------------------------------- 
      H        139.359      48.690       6.785
      C         37.346     129.740       4.845
      O         31.777       0.000       0.000

 Subtotal:     208.482                  11.631
 -----------------------------------------------

  Elements    COT*SASA   Sigma Z,Z'     Total   
    Z,Z'       Ang**2  cal/Ang**2/mol kcal/mol  
 ---------------------------------------------- 
  H   C         93.918     -60.770      -5.707
  H   O          0.000       0.000       0.000
  C   C         21.732     -72.950      -1.585
  O   C         17.671      68.690       1.214
  O   O          0.000       0.000       0.000

 Subtotal:                              -6.079
 ---------------------------------------------- 

 NONAQUEOUS SOLVENT CONTRIBUTION (kcal/mol):
 (proportional to SASA, atomic number independent)
 ---------------------------------------------- 
 Subtotal:                               0.000
 ---------------------------------------------- 

 CDS TOTAL (kcal/mol):                   5.552
...............................................................................
