----------------------------------------------- 
  Element       SASA      Sigma Z        Total  
     Z         Ang**2 cal/Ang**2/mol   kcal/mol 
----------------------------------------------- 
      H        129.529      48.690       6.307
      C         19.431     129.740       2.521
      N         12.682       0.000       0.000

 Subtotal:     161.641                   8.828
 -----------------------------------------------

  Elements    COT*SASA   Sigma Z,Z'     Total   
    Z,Z'       Ang**2  cal/Ang**2/mol kcal/mol  
 ---------------------------------------------- 
  H   C         69.855     -60.770      -4.245
  C   C         16.230     -72.950      -1.184
  C   N          1.510       0.000       0.000
  N   C         40.314     -48.220      -1.944
  N  C(3)        0.000      84.100       0.000

 Subtotal:                              -7.373
 ---------------------------------------------- 

 NONAQUEOUS SOLVENT CONTRIBUTION (kcal/mol):
 (proportional to SASA, atomic number independent)
 ---------------------------------------------- 
 Subtotal:                               0.000
 ---------------------------------------------- 

 CDS TOTAL (kcal/mol):                   1.455
...............................................................................
