20
 energy: -386.243964986668 gnorm: 0.002037309770 xtb: 6.7.1 (edcfbbe)
C           -2.65448622081237       -1.34217456966295       -0.14332847644062
C           -2.60098256168263        0.16725368850432        0.07738573306334
C           -1.28269078398930        0.61318520954101        0.70936738575244
C           -0.10127686784999        0.39884947866776       -0.19724833998415
O           -0.12114489548274        0.52599241967554       -1.41156818801917
O            1.01067786402472        0.07159688745447        0.48791313415566
C            2.22944090481404       -0.10781000289682       -0.30172705803502
C            3.33949117624244       -0.45640096299871        0.65857035448595
H           -2.52528820994659       -1.87904771951269        0.80262180471415
H           -3.61430480208012       -1.64337777945489       -0.57370487737828
H           -1.86404552099239       -1.67149391095889       -0.82734571213554
H           -3.41619149692948        0.47550377704878        0.73956155361196
H           -2.74529137481850        0.69278750952087       -0.87198940180817
H           -1.10582528343511        0.10160980730638        1.65939430069967
H           -1.30465957769521        1.69015692562013        0.92255819649891
H            2.05261477524805       -0.90655857785047       -1.02834074541893
H            2.43238450881799        0.82328577907446       -0.83982328926022
H            3.11426966921445       -1.37780461044921        1.20325549035875
H            4.26146616053617       -0.61046419311461        0.09017990953816
H            3.50866440871618        0.35044132682026        1.37738749889076
20
 energy: -386.243971662779 gnorm: 0.001086056475 xtb: 6.7.1 (edcfbbe)
C           -2.65489387154057       -1.34183186335540       -0.14317861145328
C           -2.60023864784330        0.16740350592348        0.07751439562809
C           -1.28193881876024        0.61284325341831        0.70971423894406
C           -0.10171571695728        0.39502566709579       -0.19714408261825
O           -0.12180761887867        0.52409735797112       -1.41102312060107
O            1.01106457133187        0.06980570141317        0.48714758470335
C            2.23045387461413       -0.10732857886089       -0.30267996946612
C            3.33903839298687       -0.45590822790593        0.65801061159174
H           -2.52809060804490       -1.87910351305978        0.80299688910390
H           -3.61414781902153       -1.64255181704736       -0.57542495244868
H           -1.86387269012989       -1.67250931567240       -0.82576749219668
H           -3.41557848295343        0.47607696374562        0.73993688668972
H           -2.74479276425473        0.69401359182721       -0.87181317437636
H           -1.10607015546078        0.10252779811899        1.66093829164353
H           -1.30333191846969        1.69037565463681        0.92205826585066
H            2.05406111239166       -0.90564653020929       -1.02971676162234
H            2.43173837351817        0.82423083277394       -0.84012244994942
H            3.11389033054769       -1.37794050314545        1.20163743336128
H            4.26279126797622       -0.60836976844360        0.09212939857923
H            3.50626266987609        0.35032067402578        1.37790567265721
20
 energy: -386.243975945871 gnorm: 0.001247801129 xtb: 6.7.1 (edcfbbe)
C           -2.65614435407307       -1.34136699786141       -0.14265620743136
C           -2.59925314980699        0.16728173769823        0.07840097981392
C           -1.28042919610678        0.61180604968352        0.70998238965571
C           -0.10100358912193        0.39238788556381       -0.19668226928055
O           -0.12307322575696        0.51886659557899       -1.41064953082537
O            1.01204788728792        0.06647473550046        0.48565226613114
C            2.23251435493898       -0.10715775692901       -0.30481765872280
C            3.33834446196683       -0.45512512764220        0.65697862766995
H           -2.53571862741498       -1.87926633081897        0.80419854933429
H           -3.61384649702905       -1.64041018982590       -0.57996352261679
H           -1.86286608901346       -1.67488286498696       -0.82119215795329
H           -3.41471616006324        0.47675640891326        0.74120865785600
H           -2.74414552227330        0.69579121967548       -0.87064791570106
H           -1.10592110938923        0.10470667817763        1.66371055011938
H           -1.30104548181866        1.69036177343983        0.91972180355821
H            2.05728223821273       -0.90390208083380       -1.03364536947895
H            2.43084475409525        0.82594613662071       -0.84006164895081
H            3.11364427855611       -1.37913157375254        1.19736699727880
H            4.26595725859872       -0.60300352600872        0.09619638350082
H            3.50034841815346        0.34939885870962        1.38001741570727
20
 energy: -386.243978424165 gnorm: 0.000482812006 xtb: 6.7.1 (edcfbbe)
C           -2.65698300643981       -1.34125262266704       -0.14232075053213
C           -2.59970062851820        0.16740986937446        0.07871394580530
C           -1.28035084079087        0.61152395314923        0.70951934103528
C           -0.10100588575057        0.39146631765962       -0.19731886650085
O           -0.12291779164781        0.51794785059423       -1.41154278132725
O            1.01171207659941        0.06576033252089        0.48556392805607
C            2.23256171745453       -0.10715486359819       -0.30467535357316
C            3.33892032631730       -0.45482812375183        0.65728012477958
H           -2.53833386410685       -1.87892971763682        0.80477317611561
H           -3.61421640018084       -1.63938761691569       -0.58105567607932
H           -1.86252529446609       -1.67490025773487       -0.81950351206066
H           -3.41439047783459        0.47718166701047        0.74180790619563
H           -2.74450244201755        0.69527613741493       -0.87017434426630
H           -1.10533894356695        0.10447937908713        1.66288792713767
H           -1.30019007287452        1.68990213083830        0.91886500899301
H            2.05810453260992       -0.90365152393557       -1.03411600127479
H            2.43081762992921        0.82651198146715       -0.83939277025944
H            3.11524524420332       -1.37997524489877        1.19622807223997
H            4.26653510121905       -0.60080633812479        0.09600040942791
H            3.49937929616438        0.34895860873889        1.38157829625292
20
 energy: -386.243978424165 gnorm: 0.000482812006 xtb: 6.7.1 (edcfbbe)
C           -2.65698300643981       -1.34125262266704       -0.14232075053213
C           -2.59970062851820        0.16740986937446        0.07871394580530
C           -1.28035084079087        0.61152395314923        0.70951934103528
C           -0.10100588575057        0.39146631765962       -0.19731886650085
O           -0.12291779164781        0.51794785059423       -1.41154278132725
O            1.01171207659941        0.06576033252089        0.48556392805607
C            2.23256171745453       -0.10715486359819       -0.30467535357316
C            3.33892032631730       -0.45482812375183        0.65728012477958
H           -2.53833386410685       -1.87892971763682        0.80477317611561
H           -3.61421640018084       -1.63938761691569       -0.58105567607932
H           -1.86252529446609       -1.67490025773487       -0.81950351206066
H           -3.41439047783459        0.47718166701047        0.74180790619563
H           -2.74450244201755        0.69527613741493       -0.87017434426630
H           -1.10533894356695        0.10447937908713        1.66288792713767
H           -1.30019007287452        1.68990213083830        0.91886500899301
H            2.05810453260992       -0.90365152393557       -1.03411600127479
H            2.43081762992921        0.82651198146715       -0.83939277025944
H            3.11524524420332       -1.37997524489877        1.19622807223997
H            4.26653510121905       -0.60080633812479        0.09600040942791
H            3.49937929616438        0.34895860873889        1.38157829625292
