----------------------------------------------- 
  Element       SASA      Sigma Z        Total  
     Z         Ang**2 cal/Ang**2/mol   kcal/mol 
----------------------------------------------- 
      H        131.212      48.690       6.389
      C         19.452     129.740       2.524
      N         11.688       0.000       0.000

 Subtotal:     162.352                   8.912
 -----------------------------------------------

  Elements    COT*SASA   Sigma Z,Z'     Total   
    Z,Z'       Ang**2  cal/Ang**2/mol kcal/mol  
 ---------------------------------------------- 
  H   C         71.694     -60.770      -4.357
  C   C         15.813     -72.950      -1.154
  C   N          1.679       0.000       0.000
  N   C         37.125     -48.220      -1.790
  N  C(3)        0.000      84.100       0.000

 Subtotal:                              -7.301
 ---------------------------------------------- 

 NONAQUEOUS SOLVENT CONTRIBUTION (kcal/mol):
 (proportional to SASA, atomic number independent)
 ---------------------------------------------- 
 Subtotal:                               0.000
 ---------------------------------------------- 

 CDS TOTAL (kcal/mol):                   1.612
...............................................................................
