20
 energy: -27.121375545642 gnorm: 0.034024890399 xtb: 6.7.1 (edcfbbe)
C           -2.74109807616994       -1.17183561930007       -0.09797757207738
C           -2.53044300003307        0.33789766695715       -0.03223157674442
C           -1.23068277672968        0.70992625855484        0.68515502240675
C           -0.01289525023358        0.24255356988958       -0.06412681327536
O            0.12952889567260        0.33209452895209       -1.27330484610433
O            0.92133809051551       -0.27475002110765        0.75765340224672
C            2.19083157461854       -0.68243478065207        0.15225501163339
C            3.11319298798281        0.50360818915096       -0.01020911158796
H           -3.67636188419228       -1.41775804372053       -0.61027229779064
H           -1.92536742658546       -1.66357465309749       -0.64085907185448
H           -2.78309677262121       -1.60453677847480        0.90761126554564
H           -3.36093282828020        0.80787733806161        0.50490778531973
H           -2.52215947782852        0.76409136713176       -1.04124892653153
H           -1.21295803225584        0.30946880313780        1.70222759429456
H           -1.13813176478304        1.80161930512659        0.76018258105776
H            2.59557849834965       -1.41027316256016        0.85793989919977
H            1.98453142453852       -1.17983226751359       -0.79867434805351
H            4.07249072773722        0.15810118499096       -0.40846732091968
H            2.69897874612418        1.23985673911473       -0.70440277859100
H            3.29647377218689        0.98682398080002        0.95392668409028
20
 energy: -27.122604546945 gnorm: 0.013845373633 xtb: 6.7.1 (edcfbbe)
C           -2.73643484196340       -1.16838459622404       -0.09321818014144
C           -2.52820538012560        0.33780119162735       -0.03022991349242
C           -1.22678983072254        0.70370561410734        0.68574138634069
C           -0.01080949079832        0.24167529189880       -0.07065082491384
O            0.13108752121921        0.32752513166041       -1.27251539339976
O            0.91746929088910       -0.26985239748104        0.74378278259692
C            2.18153673426439       -0.67795581370165        0.15797039647793
C            3.11594989462149        0.50219492058400       -0.00945693559627
H           -3.66802563550224       -1.40404688433808       -0.60503041192851
H           -1.92099843794608       -1.64600107597007       -0.63743268635636
H           -2.77645572016400       -1.59519873859742        0.90859270284843
H           -3.36177167127339        0.79961382094561        0.50384708214293
H           -2.50573413878936        0.74914283061207       -1.04258434552366
H           -1.19894516149315        0.29034152511760        1.69502705823689
H           -1.14546790256934        1.79299106875442        0.75971510287222
H            2.57908543524256       -1.40656114432526        0.86612887144860
H            1.97244122614828       -1.15949052285566       -0.80081535786460
H            4.06874591587087        0.15587574466161       -0.40573372301818
H            2.69442541789982        1.22831007886305       -0.70285084068592
H            3.28771420320484        0.98723756010270        0.94979781222062
20
 energy: -27.122866170214 gnorm: 0.004291809843 xtb: 6.7.1 (edcfbbe)
C           -2.73231094819977       -1.16975150984284       -0.09020979557913
C           -2.52391286117067        0.33753320734031       -0.02965838368576
C           -1.22368605715183        0.70318417423769        0.68873020803772
C           -0.00993415734158        0.24592149211874       -0.07720771683405
O            0.12904370318325        0.32885333615616       -1.27805883450914
O            0.91466254039990       -0.25964559842952        0.73330971638179
C            2.16995542135885       -0.67573773445335        0.16037871421165
C            3.11502430828769        0.50162912885196       -0.00736579481754
H           -3.66278398782225       -1.40202806270542       -0.60000908607583
H           -1.91749948505711       -1.64176109573104       -0.63472718261582
H           -2.76989142849354       -1.59242669764777        0.91025640626212
H           -3.35788593325856        0.80017946233361        0.49879567184635
H           -2.48945404960712        0.74103406324789       -1.04327206447409
H           -1.18724165534498        0.27551975045284        1.69043015340186
H           -1.14889875706206        1.79034188220925        0.76820543393201
H            2.56189183301494       -1.40513206287272        0.86953727204911
H            1.96565047481298       -1.14911101400270       -0.80448536470097
H            4.06327058683939        0.14939344695976       -0.39907899171878
H            2.69270470804633        1.22133635982908       -0.70444994525804
H            3.28011317257924        0.98959107738981        0.94896416641084
20
 energy: -27.122902677479 gnorm: 0.001658461436 xtb: 6.7.1 (edcfbbe)
C           -2.73047082999238       -1.17070655884420       -0.08838472667503
C           -2.52319277935287        0.33789276506225       -0.03068090716830
C           -1.22422366564346        0.70382692243713        0.69017398594005
C           -0.01049602294080        0.25007696348297       -0.07949662994648
O            0.12549955188206        0.33253596784715       -1.28161842880500
O            0.91401049097392       -0.25404838826573        0.73006493437503
C            2.16550174489908       -0.67481737536454        0.16008600736951
C            3.11586898777662        0.50073495126981       -0.00661359871951
H           -3.66149609758130       -1.40419312459417       -0.59679018447291
H           -1.91563138046444       -1.64256318921129       -0.63331738180431
H           -2.76633412267965       -1.59162533391436        0.91307370132196
H           -3.35862626891041        0.80226153897640        0.49338847993329
H           -2.48413927802102        0.73864720799102       -1.04506337887685
H           -1.18466858041485        0.26895039137985        1.68839131836777
H           -1.15158511586270        1.79021035611124        0.77655410767254
H            2.55556239463744       -1.40580488064798        0.86831360067197
H            1.96504722794654       -1.14686727168843       -0.80656031765549
H            4.06421032421493        0.14487744090515       -0.39439669837843
H            2.69616706792118        1.21945845901460       -0.70663923191598
H            3.27781377962522        0.99007676349489        0.94959993103046
20
 energy: -27.122921064409 gnorm: 0.002179626224 xtb: 6.7.1 (edcfbbe)
C           -2.72924924607565       -1.17172492503192       -0.08523568785726
C           -2.52299967115508        0.33808220930382       -0.03355727815121
C           -1.22687402675500        0.70452367514708        0.69198873925866
C           -0.01246554576514        0.25665458905174       -0.08174272841605
O            0.11925446461216        0.34108062952586       -1.28524882629503
O            0.91391684161289       -0.24603451424975        0.72633182700882
C            2.16114559753920       -0.67256648222807        0.15764532991348
C            3.11947624441763        0.49893600079768       -0.00564026033079
H           -3.66148862058715       -1.40965244098611       -0.59062409992523
H           -1.91448408739287       -1.64532260845483       -0.63010906952668
H           -2.76191296788065       -1.58901515547732        0.91863777043426
H           -3.36150851831755        0.80579425072903        0.48277150317278
H           -2.47787306492430        0.73449494392600       -1.04952892210262
H           -1.18535193604563        0.25916520094446        1.68544409948830
H           -1.15674031398284        1.78997424554020        0.79129339378932
H            2.54827185973847       -1.40753865852999        0.86354963113748
H            1.96389006425172       -1.14312102915637       -0.81067669138781
H            4.06931869323916        0.13720943869065       -0.38564189457799
H            2.70763158855091        1.21814828127570       -0.71060988398421
H            3.27686007293282        0.98983595462390        0.95103763061608
20
 energy: -27.122926947171 gnorm: 0.001391341259 xtb: 6.7.1 (edcfbbe)
C           -2.72991208591031       -1.17182463359437       -0.08446026854070
C           -2.52327232071042        0.33765943318651       -0.03440908170455
C           -1.22782720496105        0.70401354387668        0.69207943955647
C           -0.01269214859057        0.25807165744529       -0.08141805081234
O            0.11885366537218        0.34307888219215       -1.28463603338786
O            0.91432148293825       -0.24494698878947        0.72624348804782
C            2.16158427921970       -0.67162726004402        0.15635648295712
C            3.12111187000819        0.49850195124672       -0.00541204189829
H           -3.66229045986893       -1.41044434670876       -0.58921165712465
H           -1.91544725592407       -1.64641367428609       -0.62891417527353
H           -2.76239913594435       -1.58799975128166        0.91986229018292
H           -3.36223826714669        0.80621828253546        0.48053040582815
H           -2.47722157851447        0.73311536527497       -1.05076655357431
H           -1.18718480879801        0.25783166314318        1.68524028741983
H           -1.15821111458372        1.78935112111290        0.79294740452879
H            2.54787665637633       -1.40801723891107        0.86145046862966
H            1.96277961635458       -1.14095047897085       -0.81221603944400
H            4.07125076775494        0.13566882230122       -0.38369711074661
H            2.71191267707232        1.21851178073081       -0.71098911556750
H            3.27782279386919        0.98912547498213        0.95150444318785
20
 energy: -27.122934890856 gnorm: 0.001539550823 xtb: 6.7.1 (edcfbbe)
C           -2.73389645231572       -1.17285785957380       -0.08043321665648
C           -2.52398173195749        0.33543278893988       -0.03825678925951
C           -1.23155924973454        0.70150657462628        0.69300430119450
C           -0.01427106996595        0.26287997911602       -0.08049411463246
O            0.11757925019549        0.35250859725452       -1.28243064465674
O            0.91607107834724       -0.23914380303466        0.72533486593300
C            2.16290561496558       -0.66660731242909        0.15027301242657
C            3.12906986738667        0.49694655920343       -0.00384953341161
H           -3.66685901779730       -1.41317300268867       -0.58286989476972
H           -1.92084397832089       -1.65229416524146       -0.62244100510126
H           -2.76647709631735       -1.58328813761600        0.92603633698698
H           -3.36470091220394        0.80882716495721        0.46961705092737
H           -2.47205088365003        0.72543427682930       -1.05660031279454
H           -1.19389177385955        0.25046581721537        1.68427142336277
H           -1.16449194656861        1.78633616772575        0.80056334004991
H            2.54480047732835       -1.41020935611515        0.85077104788803
H            1.95731937391945       -1.12845848497235       -0.82044015526424
H            4.08032566339494        0.12800999465158       -0.37348498964733
H            2.73220794795266        1.22025372093407       -0.71275188808783
H            3.28156226721409        0.98635408565952        0.95426574777687
20
 energy: -27.122937456251 gnorm: 0.000556020561 xtb: 6.7.1 (edcfbbe)
C           -2.73430785911015       -1.17338600576284       -0.08008785002703
C           -2.52384901026052        0.33525311538030       -0.03781861028731
C           -1.23091474575428        0.70171775284167        0.69287382858170
C           -0.01352795120895        0.26369435628498       -0.08100145197119
O            0.11764511148051        0.35184588061481       -1.28348835760420
O            0.91618703829586       -0.23871110346630        0.72464693430850
C            2.16242348321139       -0.66693093015204        0.15000812192433
C            3.12895823037296        0.49712412368230       -0.00303050101987
H           -3.66713009805403       -1.41263242601014       -0.58333774188899
H           -1.92108577275950       -1.65303396925728       -0.62164689544580
H           -2.76792423017839       -1.58380204449336        0.92635757583872
H           -3.36427785405018        0.80888588334717        0.47006310015559
H           -2.47159738706624        0.72497302222031       -1.05611809982671
H           -1.19190142342819        0.25090899428353        1.68409437006317
H           -1.16444335872790        1.78661637818728        0.79942548457158
H            2.54402626068722       -1.41112690594629        0.84968266273003
H            1.95782017203720       -1.12738867432609       -0.82155094456206
H            4.08006483417623        0.12827815360839       -0.37281534035702
H            2.73169157334362        1.22055167953722       -0.71156387842558
H            3.28096041500646        0.98608632486815        0.95539217550647
20
 energy: -27.122938968191 gnorm: 0.000471109734 xtb: 6.7.1 (edcfbbe)
C           -2.73558730117732       -1.17382567046104       -0.07912186639983
C           -2.52374871015435        0.33503179867129       -0.03753557168608
C           -1.23017459178187        0.70170888349075        0.69240709437044
C           -0.01364452730764        0.26233855011691       -0.08205454296958
O            0.11769877487814        0.35145003594194       -1.28477755909951
O            0.91631623775403       -0.23915208303814        0.72337133243165
C            2.16243599626197       -0.66686283111691        0.14877529776830
C            3.12951171900158        0.49765078547469       -0.00146510660133
H           -3.66805409526914       -1.41180903857800       -0.58373171212498
H           -1.92214588103834       -1.65459832679848       -0.61937834486192
H           -2.77125965432090       -1.58375143730962        0.92748500497840
H           -3.36352686175367        0.80952109869642        0.47039420632023
H           -2.47126729750012        0.72396733623943       -1.05601835680655
H           -1.18995424983601        0.25158364303246        1.68376683488657
H           -1.16380299697416        1.78674674893093        0.79763834552984
H            2.54352337616921       -1.41257743878754        0.84677767260161
H            1.95880024494229       -1.12481261925193       -0.82409351017102
H            4.08081646223860        0.12922525535290       -0.37102943798537
H            2.73243134793490        1.22196378244932       -0.70923329761475
H            3.28044943594590        0.98512513238637        0.95790809969820
20
 energy: -27.122940411751 gnorm: 0.000526908605 xtb: 6.7.1 (edcfbbe)
C           -2.73724486100880       -1.17421808412886       -0.07760467364975
C           -2.52386468699585        0.33448940307713       -0.03772591341999
C           -1.23004269585267        0.70134249529824        0.69182584922013
C           -0.01346436987306        0.26278813300422       -0.08300456941130
O            0.11722671546278        0.35194465119658       -1.28584155014893
O            0.91682471194393       -0.23893957021034        0.72180150873047
C            2.16281275537652       -0.66638516834292        0.14656878443489
C            3.13099524721706        0.49782103116566        0.00038475415579
H           -3.66923390755243       -1.41167387599205       -0.58339465070391
H           -1.92353763423617       -1.65666990796120       -0.61597805338949
H           -2.77505724176307       -1.58278957658752        0.92948434972153
H           -3.36336503032635        0.81026947274461        0.46946118757551
H           -2.47082685528860        0.72209778767272       -1.05667596219922
H           -1.18932060456565        0.25147668170871        1.68327872090225
H           -1.16412035428483        1.78646174459932        0.79671111001162
H            2.54287525346143       -1.41462248496411        0.84243347058521
H            1.95918577656097       -1.12100657524835       -0.82783899487366
H            4.08276480794660        0.12940473678501       -0.36805577744411
H            2.73574159738293        1.22381461705725       -0.70674413361380
H            3.28046880440838        0.98331809456765        0.96099912578109
20
 energy: -27.122942181968 gnorm: 0.000263018929 xtb: 6.7.1 (edcfbbe)
C           -2.73910302349617       -1.17426608257026       -0.07565627654101
C           -2.52405400679654        0.33410548903470       -0.03800139399314
C           -1.22981049727401        0.70071169672935        0.69079538206984
C           -0.01351288105086        0.26236780330399       -0.08458942025049
O            0.11641952657529        0.35187844298266       -1.28738421056746
O            0.91728378895003       -0.23962173432361        0.71956035298491
C            2.16348217816793       -0.66590169757078        0.14374738826108
C            3.13243475529343        0.49817763381607        0.00280320299490
H           -3.67023394167933       -1.41155211760177       -0.58309684161245
H           -1.92483166161625       -1.65876192776734       -0.61132483292004
H           -2.77972679482801       -1.58103135759512        0.93203983249325
H           -3.36304180385952        0.81146642115630        0.46863458359416
H           -2.47086475365135        0.72030819345754       -1.05751504235545
H           -1.18885696674667        0.25122125088387        1.68246878612009
H           -1.16366957910692        1.78587366127285        0.79538867427529
H            2.54255611754965       -1.41694438281547        0.83722713487798
H            1.96020666019832       -1.11689766017223       -0.83239550210129
H            4.08482125764719        0.13050584590814       -0.36481000942326
H            2.73905791982105        1.22652672877564       -0.70292919136114
H            3.28026113391586        0.98075739853724        0.96512196571856
20
 energy: -27.122943890748 gnorm: 0.000102537409 xtb: 6.7.1 (edcfbbe)
C           -2.74108348338631       -1.17413492709893       -0.07328243435842
C           -2.52425747189777        0.33391995768481       -0.03837640208663
C           -1.22939270367313        0.70002024511299        0.68938222300872
C           -0.01372904192405        0.26139257823590       -0.08687426497681
O            0.11535912740185        0.35128714670980       -1.28964516119721
O            0.91758727544421       -0.24083905917825        0.71663620414404
C            2.16418115694022       -0.66549389921806        0.14046798371787
C            3.13370297773009        0.49874102408483        0.00579878206299
H           -3.67117993295495       -1.41162208765731       -0.58252737641831
H           -1.92600092254636       -1.66080863770866       -0.60574944221411
H           -2.78472324162754       -1.57857132844777        0.93522635544638
H           -3.36258015024612        0.81313743415498        0.46769987531105
H           -2.47102356766867        0.71845178504892       -1.05857296110296
H           -1.18808748750712        0.25056355818472        1.68109263577374
H           -1.16248081727500        1.78515484072353        0.79404204911145
H            2.54217511089477       -1.41963957459636        0.83129233681715
H            1.96174476583907       -1.11246026359613       -0.83772627586146
H            4.08674398142565        0.13229260713187       -0.36138343085804
H            2.74203011010293        1.23013059282696       -0.69774925319603
H            3.27983174294136        0.97740161304393        0.97033313914097
20
 energy: -27.122945176658 gnorm: 0.000128831478 xtb: 6.7.1 (edcfbbe)
C           -2.74285827263097       -1.17399261058405       -0.07089469294718
C           -2.52444308863813        0.33387415035739       -0.03884420835645
C           -1.22891954813443        0.69936691669651        0.68792145023099
C           -0.01393967337538        0.26036993926130       -0.08923374065926
O            0.11442735806618        0.35043789384595       -1.29204208603998
O            0.91776051513089       -0.24206804552375        0.71374136242984
C            2.16476046469799       -0.66517132013012        0.13731983450391
C            3.13477771950010        0.49930870765500        0.00887770409328
H           -3.67217874257931       -1.41164749100049       -0.58144000736583
H           -1.92724164664407       -1.66274339361914       -0.60063313441404
H           -2.78895211501061       -1.57614195242003        0.93841160123283
H           -3.36206188416484        0.81496739536720        0.46663478333142
H           -2.47108324867584        0.71665931409609       -1.05971047318172
H           -1.18710891829753        0.24977396238760        1.67954862301030
H           -1.16125509767835        1.78444078631373        0.79269375433532
H            2.54168713815081       -1.42226875417590        0.82552063710220
H            1.96329090513242       -1.10815334709089       -0.84289927258722
H            4.08825982041848        0.13428032675733       -0.35852804710186
H            2.74426863422952        1.23382845227621       -0.69202408216677
H            3.27962710851623        0.97380267497181        0.97566457681463
20
 energy: -27.122946027529 gnorm: 0.000117397771 xtb: 6.7.1 (edcfbbe)
C           -2.74441618008460       -1.17394418280662       -0.06902543943228
C           -2.52450380735042        0.33375355858205       -0.03925761388741
C           -1.22846446409474        0.69896189585874        0.68670058542392
C           -0.01405543794346        0.25958563677712       -0.09112991477486
O            0.11381405114154        0.34971027772847       -1.29399046777270
O            0.91790445472505       -0.24295916262584        0.71147089473968
C            2.16522036485750       -0.66492440721427        0.13491271058394
C            3.13560574176099        0.49977694642721        0.01141926456971
H           -3.67347063481095       -1.41171180333049       -0.58000604326973
H           -1.92868542508833       -1.66425445830510       -0.59711685904241
H           -2.79175056932929       -1.57422762160218        0.94095302311578
H           -3.36158341403009        0.81637614275568        0.46563531512834
H           -2.47093960874794        0.71498993414780       -1.06068957569557
H           -1.18619917716657        0.24925856243895        1.67823696598157
H           -1.16024555560698        1.78399288198908        0.79151497184936
H            2.54122108793548       -1.42444305318831        0.82094560013554
H            1.96453931340202       -1.10457112536283       -0.84695794856362
H            4.08925882163435        0.13594920529388       -0.35673100805784
H            2.74568920975815        1.23707147726605       -0.68691018017262
H            3.27987865705144        0.97053290061238        0.98011030140563
20
 energy: -27.122946643909 gnorm: 0.000077503716 xtb: 6.7.1 (edcfbbe)
C           -2.74548634559961       -1.17395183998828       -0.06754447619071
C           -2.52461281554834        0.33367852658111       -0.03972531668762
C           -1.22821862194993        0.69860250094297        0.68573888564982
C           -0.01413925270598        0.25906573138969       -0.09251510516367
O            0.11340590236504        0.34923860035720       -1.29542403583033
O            0.91801540863020       -0.24351070380093        0.70982665425939
C            2.16553319327969       -0.66467853429298        0.13311324544012
C            3.13634895817748        0.50007512418616        0.01345131667426
H           -3.67474018751937       -1.41162316858763       -0.57817530359012
H           -1.93016741675884       -1.66556338440659       -0.59505986376068
H           -2.79312929105847       -1.57294475744002        0.94292694312464
H           -3.36128326087253        0.81756056061531        0.46462734532978
H           -2.47076932265864        0.71366366685111       -1.06160883384622
H           -1.18559575819470        0.24891329140640        1.67725734282266
H           -1.15976172838845        1.78361541449083        0.79048009051942
H            2.54078134583788       -1.42607064006949        0.81745002732678
H            1.96539682363253       -1.10172141466623       -0.85001967297587
H            4.08992740443909        0.13717123973513       -0.35579966810868
H            2.74665991830969        1.23968098809987       -0.68255426912099
H            3.28065247459640        0.96772240403813        0.98363927639244
20
 energy: -27.122947154398 gnorm: 0.000059486405 xtb: 6.7.1 (edcfbbe)
C           -2.74646809947892       -1.17407465768563       -0.06645843330886
C           -2.52463537830080        0.33344034030325       -0.04011147769110
C           -1.22803467520388        0.69850876704579        0.68493732815257
C           -0.01416914954488        0.25886131639050       -0.09355648726142
O            0.11313089255608        0.34903470375233       -1.29650670969850
O            0.91811949115484       -0.24372866629136        0.70860180390958
C            2.16574316693523       -0.66442162587402        0.13176219252454
C            3.13704994151009        0.50023404627584        0.01512523283794
H           -3.67626915062452       -1.41174428946204       -0.57612130026100
H           -1.93179056932337       -1.66657111162575       -0.59412050264175
H           -2.79348747646880       -1.57205190162789        0.94443754472318
H           -3.36104445597770        0.81826868854704        0.46373016115280
H           -2.47059215022957        0.71235399124245       -1.06236483007384
H           -1.18516050927159        0.24894604502168        1.67649006259991
H           -1.15947551240326        1.78353596733121        0.78949242203731
H            2.54029327575037       -1.42741364558727        0.81468555161791
H            1.96596490446677       -1.09927612396813       -0.85240158984458
H            4.09035872128220        0.13797595722742       -0.35545493667675
H            2.74745523429440        1.24197254953408       -0.67866500351734
H            3.28182892689047        0.96507325489226        0.98658355368383
20
 energy: -27.122947569143 gnorm: 0.000041852189 xtb: 6.7.1 (edcfbbe)
C           -2.74706019400110       -1.17424310374905       -0.06554763842851
C           -2.52477591241712        0.33323184332126       -0.04047565156671
C           -1.22802001271010        0.69848439871275        0.68422583105770
C           -0.01423025030211        0.25883810476325       -0.09438213213867
O            0.11290243735052        0.34907494829526       -1.29735528327962
O            0.91817842450589       -0.24371822640374        0.70763909165480
C            2.16583919098190       -0.66415657050440        0.13069832133660
C            3.13774921639609        0.50025216261569        0.01654427750104
H           -3.67760859170994       -1.41185446210837       -0.57386736044097
H           -1.93325546683045       -1.66741516203169       -0.59393781411706
H           -2.79297976780856       -1.57156838718892        0.94566358774655
H           -3.36101230567251        0.81875229731974        0.46298950225859
H           -2.47060540523468        0.71128164418296       -1.06304521164924
H           -1.18491098948156        0.24921355653138        1.67590111904719
H           -1.15956412295171        1.78354968941166        0.78845084923547
H            2.53971133876737       -1.42854339846086        0.81243498792091
H            1.96628349058734       -1.09715981940000       -0.85432028332133
H            4.09068136649740        0.13837637166179       -0.35540601276087
H            2.74824008929742        1.24394595054699       -0.67521681203300
H            3.28325489274906        0.96258176792606        0.98909121424158
20
 energy: -27.122947871122 gnorm: 0.000042815714 xtb: 6.7.1 (edcfbbe)
C           -2.74733566644417       -1.17447076126491       -0.06492699557132
C           -2.52491490687819        0.33299797134551       -0.04068541953812
C           -1.22807296394149        0.69869376721277        0.68366186968738
C           -0.01434206092315        0.25902426538247       -0.09501697854542
O            0.11265452130675        0.34927554291069       -1.29801328975065
O            0.91812544058909       -0.24353721626579        0.70691079366296
C            2.16576141492660       -0.66392319183363        0.12988184345022
C            3.13836501296491        0.50011051653621        0.01767791605652
H           -3.67855832306440       -1.41219722461982       -0.57196639666961
H           -1.93423874789601       -1.66791513197111       -0.59414847471284
H           -2.79200394263921       -1.57142392403292        0.94648728182355
H           -3.36104833837849        0.81882637158025        0.46263538899318
H           -2.47089800817790        0.71050650158236       -1.06345159261680
H           -1.18472367480791        0.24979699592744        1.67549908408481
H           -1.15979109436767        1.78381651759083        0.78744886114233
H            2.53901797424456       -1.42940070515171        0.81072468132387
H            1.96633457112180       -1.09551031843358       -0.85578584066770
H            4.09092992424989        0.13839834750891       -0.35536981690630
H            2.74902086927856        1.24533320523592       -0.67251219199727
H            3.28453542684960        0.96052207620188        0.99103385901564
20
 energy: -27.122948080954 gnorm: 0.000042244742 xtb: 6.7.1 (edcfbbe)
C           -2.74720621981847       -1.17467588216108       -0.06460402165826
C           -2.52510153455573        0.33284122175194       -0.04070487530469
C           -1.22817642950734        0.69901815855590        0.68327036337055
C           -0.01447835059212        0.25928912829569       -0.09543067156400
O            0.11247191739752        0.34957542792984       -1.29843334369168
O            0.91801010123056       -0.24326818388109        0.70646401242704
C            2.16559435612573       -0.66380614333412        0.12944844416046
C            3.13871556826076        0.49989161284343        0.01833967272463
H           -3.67889357381769       -1.41261259361236       -0.57069265021054
H           -1.93454419119875       -1.66801829662654       -0.59459356725164
H           -2.79079592302833       -1.57154305152125        0.94689521205239
H           -3.36123718251139        0.81859588281992        0.46269490075104
H           -2.47137579929670        0.71012877103947       -1.06357068603846
H           -1.18459576836123        0.25050354206984        1.67526866316393
H           -1.16011432413117        1.78419629840112        0.78662446374811
H            2.53835339289888       -1.43000944094910        0.80975590590389
H            1.96620549971080       -1.09449382604497       -0.85661230579564
H            4.09101818174502        0.13809106499417       -0.35530403556804
H            2.74964028737705        1.24612446133769       -0.67092402024427
H            3.28532742008576        0.95909545353328        0.99219312128965
20
 energy: -27.122948292267 gnorm: 0.000042996934 xtb: 6.7.1 (edcfbbe)
C           -2.74680084568552       -1.17491128587022       -0.06440371433102
C           -2.52529849652731        0.33269806628577       -0.04063814421931
C           -1.22832553428320        0.69950438727826        0.68294996461193
C           -0.01467965758725        0.25968714776619       -0.09578037029351
O            0.11223922881492        0.34996886896341       -1.29878879785839
O            0.91777584558554       -0.24293885675421        0.70609560890252
C            2.16527612974583       -0.66372141051579        0.12907899635395
C            3.13901115228997        0.49955124988894        0.01889505294715
H           -3.67885740288243       -1.41320895466456       -0.56964320052034
H           -1.93442402893916       -1.66787981327151       -0.59517605430225
H           -2.78928207035115       -1.57186864708784        0.94710859423165
H           -3.36146554673258        0.81811181422462        0.46303392688578
H           -2.47209172193554        0.70997924661571       -1.06353215010681
H           -1.18446411433119        0.25143405715264        1.67513973826146
H           -1.16052321714772        1.78474739690409        0.78578334966237
H            2.53754831173872       -1.43049478111134        0.80900234705021
H            1.96588481154301       -1.09373876137807       -0.85727054827216
H            4.09110509720713        0.13756636255733       -0.35511212894951
H            2.75026917501093        1.24651320956238       -0.66975242587367
H            3.28592031248017        0.95792430889599        0.99309453808440
20
 energy: -27.122948565669 gnorm: 0.000042237191 xtb: 6.7.1 (edcfbbe)
C           -2.74602355226550       -1.17521052362809       -0.06422936636798
C           -2.52558812464008        0.33255553518840       -0.04043488419824
C           -1.22853084422745        0.70023502047887        0.68257039572649
C           -0.01495933711833        0.26027776436927       -0.09619997911057
O            0.11195694324527        0.35059181599819       -1.29920602660712
O            0.91740838820107       -0.24253641082412        0.70565485492129
C            2.16479403300882       -0.66370952788219        0.12867750616721
C            3.13923644389291        0.49905618322113        0.01947212907597
H           -3.67839750748049       -1.41409910360391       -0.56860186531107
H           -1.93380822659178       -1.66753546065854       -0.59585205727209
H           -2.78724455038200       -1.57234787186646        0.94726456025850
H           -3.36184382519049        0.81735397031769        0.46369528584543
H           -2.47315655676829        0.70994748538001       -1.06332829483424
H           -1.18428765233039        0.25275386015767        1.67500860239154
H           -1.16109083728578        1.78556368118668        0.78471930454791
H            2.53645260890418       -1.43114835495686        0.80819640729888
H            1.96537397614660       -1.09297413443019       -0.85799731626196
H            4.09115443873271        0.13675383351321       -0.35466996968677
H            2.75106883524594        1.24677349271830       -0.66868214798582
H            3.28630277491621        0.95662235076271        0.99402744366710
20
 energy: -27.122948567994 gnorm: 0.000038320325 xtb: 6.7.1 (edcfbbe)
C           -2.74601922442485       -1.17521207845098       -0.06422581884253
C           -2.52558539463472        0.33255254360070       -0.04043370603986
C           -1.22853293050924        0.70023560796876        0.68256843362364
C           -0.01495924435536        0.26029302170319       -0.09620691361275
O            0.11195615113005        0.35059506769444       -1.29920419107219
O            0.91740531117449       -0.24254334297376        0.70565423795334
C            2.16479306705012       -0.66370689362783        0.12867258026708
C            3.13923809070048        0.49905295113837        0.01947408861293
H           -3.67839086512474       -1.41410500937978       -0.56860151321584
H           -1.93380193962160       -1.66753289165967       -0.59584676056034
H           -2.78724226113310       -1.57234802918568        0.94726772159144
H           -3.36184654383162        0.81735025542496        0.46369929947996
H           -2.47316246298569        0.70995030368075       -1.06333290793535
H           -1.18428698257351        0.25275915308186        1.67500909062366
H           -1.16109314647033        1.78556599428556        0.78471421124833
H            2.53644867186218       -1.43115348666900        0.80819056156683
H            1.96536920084663       -1.09297134464671       -0.85800447711143
H            4.09115430226790        0.13675076030522       -0.35466184935841
H            2.75107410303411        1.24677338519690       -0.66867882589662
H            3.28629952561198        0.95661763795445        0.99403132094256
