----------------------------------------------- 
  Element       SASA      Sigma Z        Total  
     Z         Ang**2 cal/Ang**2/mol   kcal/mol 
----------------------------------------------- 
      H        144.112      48.690       7.017
      C         34.554     129.740       4.483
      O         31.653       0.000       0.000

 Subtotal:     210.319                  11.500
 -----------------------------------------------

  Elements    COT*SASA   Sigma Z,Z'     Total   
    Z,Z'       Ang**2  cal/Ang**2/mol kcal/mol  
 ---------------------------------------------- 
  H   C         96.874     -60.770      -5.887
  H   O          0.000       0.000       0.000
  C   C         26.256     -72.950      -1.915
  O   C         16.313      68.690       1.121
  O   O          0.000       0.000       0.000

 Subtotal:                              -6.682
 ---------------------------------------------- 

 NONAQUEOUS SOLVENT CONTRIBUTION (kcal/mol):
 (proportional to SASA, atomic number independent)
 ---------------------------------------------- 
 Subtotal:                               0.000
 ---------------------------------------------- 

 CDS TOTAL (kcal/mol):                   4.818
...............................................................................
