----------------------------------------------- 
  Element       SASA      Sigma Z        Total  
     Z         Ang**2 cal/Ang**2/mol   kcal/mol 
----------------------------------------------- 
      H        154.937      48.690       7.544
      C        102.812     129.740      13.339
      O         50.221       0.000       0.000

 Subtotal:     307.970                  20.883
 -----------------------------------------------

  Elements    COT*SASA   Sigma Z,Z'     Total   
    Z,Z'       Ang**2  cal/Ang**2/mol kcal/mol  
 ---------------------------------------------- 
  H   C         95.529     -60.770      -5.805
  H   O          9.596       0.000       0.000
  C   C        124.641     -72.950      -9.093
  O   C         22.485      68.690       1.544
  O   O          0.000       0.000       0.000

 Subtotal:                             -13.353
 ---------------------------------------------- 

 NONAQUEOUS SOLVENT CONTRIBUTION (kcal/mol):
 (proportional to SASA, atomic number independent)
 ---------------------------------------------- 
 Subtotal:                               0.000
 ---------------------------------------------- 

 CDS TOTAL (kcal/mol):                   7.529
...............................................................................
