----------------------------------------------- 
  Element       SASA      Sigma Z        Total  
     Z         Ang**2 cal/Ang**2/mol   kcal/mol 
----------------------------------------------- 
      H        136.645      48.690       6.653
      C         37.603     129.740       4.879
      O         31.872       0.000       0.000

 Subtotal:     206.121                  11.532
 -----------------------------------------------

  Elements    COT*SASA   Sigma Z,Z'     Total   
    Z,Z'       Ang**2  cal/Ang**2/mol kcal/mol  
 ---------------------------------------------- 
  H   C         92.090     -60.770      -5.596
  H   O          0.000       0.000       0.000
  C   C         22.040     -72.950      -1.608
  O   C         17.082      68.690       1.173
  O   O          0.000       0.000       0.000

 Subtotal:                              -6.031
 ---------------------------------------------- 

 NONAQUEOUS SOLVENT CONTRIBUTION (kcal/mol):
 (proportional to SASA, atomic number independent)
 ---------------------------------------------- 
 Subtotal:                               0.000
 ---------------------------------------------- 

 CDS TOTAL (kcal/mol):                   5.501
...............................................................................
