20
 energy: -27.121393940477 gnorm: 0.034067014418 xtb: 6.7.1 (edcfbbe)
C           -2.67135239548969        0.10490214595814        1.20502178639753
C           -2.52817470390622        0.00227155966821       -0.31022699480270
C           -1.23650815019539       -0.71249906999756       -0.72207239607630
C           -0.01660772084265        0.05930807875250       -0.29997838216971
O            0.14743681415189        1.25102500024215       -0.50993436343623
O            0.88432118128958       -0.71372629854710        0.33631757987138
C            2.14437093118569       -0.08049294132189        0.73128354442310
C            3.11519335541739       -0.05428412057347       -0.42678639113666
H           -3.60160745402538        0.61149657751872        1.47993867262623
H           -2.67898278195897       -0.88914597248986        1.66547053496147
H           -1.84196055535885        0.67152436884290        1.64485461166975
H           -2.54769957265616        1.00018509519651       -0.76157440450212
H           -3.37251610500672       -0.55441089782896       -0.72995925839762
H           -1.18475112515161       -0.79607513930916       -1.81503240948257
H           -1.19839546558980       -1.72272286240795       -0.30680787441668
H            1.93083098118639        0.92018138543501        1.11508780662395
H            2.50915466738757       -0.70841850963232        1.54622354924258
H            2.73603005196432        0.55684262214550       -1.25031282744020
H            4.06363369865522        0.37501860134768       -0.08884736613107
H            3.30803993482443       -1.06661667214303       -0.79367889323855
20
 energy: -27.122617612844 gnorm: 0.013788184779 xtb: 6.7.1 (edcfbbe)
C           -2.66760321285104        0.10017206878276        1.20162246067628
C           -2.52634173225365        0.00061255238635       -0.31021877862409
C           -1.23283767722295       -0.71209180740875       -0.71510694131618
C           -0.01517605802694        0.06681878622786       -0.29761770264617
O            0.14967035769495        1.25090269620798       -0.50605189656638
O            0.88049224451459       -0.69977314244517        0.33084192700958
C            2.13565939210641       -0.08688811844769        0.72676303131986
C            3.11828182695936       -0.05503625759291       -0.42538644948121
H           -3.59501807222316        0.60542573288768        1.46616868522324
H           -2.67326413732104       -0.89041940523047        1.65547010993304
H           -1.83948232506643        0.66740173113111        1.62825706145704
H           -2.53216278457971        1.00196687327560       -0.74823781907806
H           -3.37297970336551       -0.55355900144679       -0.72157451315444
H           -1.19168332646984       -0.79601078164174       -1.80531119263591
H           -1.18378094510529       -1.71390543874406       -0.28650206824461
H            1.92094401873213        0.91983688542059        1.09451790022134
H            2.49351715740766       -0.71723160807527        1.54217610937028
H            2.73237980123436        0.55697161681936       -1.23915274231299
H            4.06037544679329        0.37172739651837       -0.08624473524453
H            3.29946531492384       -1.06255782776881       -0.79542592132051
20
 energy: -27.122879342917 gnorm: 0.004315535822 xtb: 6.7.1 (edcfbbe)
C           -2.66446053773598        0.09729130358976        1.20331430945016
C           -2.52237641888276        0.00016030831053       -0.30967508716924
C           -1.22984830529197       -0.71418891587671       -0.71371316329849
C           -0.01348175122096        0.07372837631240       -0.30331968254651
O            0.14824451507735        1.25725015701133       -0.50817811308981
O            0.87818543020107       -0.68955352393851        0.31947782962863
C            2.12451819712248       -0.08953197527134        0.72431602937947
C            3.11769241206401       -0.05740245111742       -0.42457952979440
H           -3.59125273541155        0.59995472108485        1.46417529735878
H           -2.66772420302407       -0.89225773648313        1.65238678348834
H           -1.83760250541594        0.66468195671554        1.62501188806561
H           -2.51716235102248        1.00285717093309       -0.74091840023457
H           -3.36925586138003       -0.54915285375929       -0.72164011669336
H           -1.19524662957067       -0.80474282870336       -1.80152216549760
H           -1.17114709411761       -1.70790441701316       -0.27057754849801
H            1.91591015021246        0.92233976222363        1.08406403231687
H            2.47660706934287       -0.72126125044112        1.54006909881936
H            2.73183645312320        0.55978052161419       -1.23234486723201
H            4.05523466313036        0.36450615110768       -0.07864507173169
H            3.29178508868125       -1.06219152544293       -0.79871499813592
20
 energy: -27.122917813777 gnorm: 0.001684724167 xtb: 6.7.1 (edcfbbe)
C           -2.66318046021871        0.09545172130676        1.20431488241506
C           -2.52162700458205        0.00121058404096       -0.31001666008070
C           -1.23021960646208       -0.71539028357420       -0.71390313672634
C           -0.01443356003047        0.07667212223895       -0.30665720361962
O            0.14486768959982        1.26127839955037       -0.51242031415723
O            0.87751375225241       -0.68610973575995        0.31378437098593
C            2.12026376542090       -0.08934862557210        0.72292333156442
C            3.11870110458818       -0.05830518308319       -0.42381227611071
H           -3.59071198596555        0.59644354923767        1.46600471269372
H           -2.66480515609934       -0.89515124958643        1.65147530923280
H           -1.83672546375043        0.66345515979177        1.62633975787973
H           -2.51218347622647        1.00481052003951       -0.73877266820963
H           -3.36969090465653       -0.54427685709174       -0.72394030386511
H           -1.19742499556083       -0.81350692287050       -1.80077476874449
H           -1.16785874235376       -1.70522417351664       -0.26317710176302
H            1.91634632405726        0.92412244713073        1.08179757827987
H            2.47024578255099       -0.72048524320672        1.53976491068134
H            2.73600614849400        0.56266978658983       -1.23048168143611
H            4.05646931513682        0.35910464223461       -0.07350092167437
H            3.28890305968686       -1.06305770704366       -0.79996129275992
20
 energy: -27.122936914048 gnorm: 0.002290036666 xtb: 6.7.1 (edcfbbe)
C           -2.66280846263765        0.09228398555618        1.20550581338544
C           -2.52153710463713        0.00389130291299       -0.31006806930121
C           -1.23253905319143       -0.71683487180259       -0.71397496457197
C           -0.01578127324910        0.07930813297050       -0.31441208249280
O            0.13833277804247        1.26559022390485       -0.52070457154711
O            0.87785252433649       -0.68213444785155        0.30510699611915
C            2.11639289100198       -0.08691347297175        0.72022296805833
C            3.12242654704566       -0.05950387557827       -0.42197633306212
H           -3.59174128658375        0.59001545457599        1.47093712363108
H           -2.66140730897365       -0.90074862254268        1.64907681902400
H           -1.83693524114361        0.66073166401448        1.62986382001104
H           -2.50643077499476        1.00925546197121       -0.73492863467928
H           -3.37254306916389       -0.53452601837124       -0.72760640074062
H           -1.20242752259850       -0.82833740364472       -1.79964407072590
H           -1.16731441462294       -1.70153536504678       -0.25266457284584
H            1.91674374025745        0.92809055749701        1.07799700709176
H            2.46289126020408       -0.71599264746267        1.54034069696288
H            2.74865988386937        0.56758166575074       -1.22882774059232
H            4.06206762370070        0.34893889453695       -0.06454379524600
H            3.28655384921923       -1.06479766756263       -0.80071348389291
20
 energy: -27.122943333298 gnorm: 0.001463336051 xtb: 6.7.1 (edcfbbe)
C           -2.66374007594208        0.09149881018882        1.20546103133286
C           -2.52179623183914        0.00476452966647       -0.30982804665445
C           -1.23338438931556       -0.71694582357123       -0.71331888931268
C           -0.01660855126471        0.07922777174192       -0.31440621563806
O            0.13772829227281        1.26491458845377       -0.52229618762119
O            0.87824442182821       -0.68197514084365        0.30442755759012
C            2.11707607310022       -0.08562889925259        0.71899955789307
C            3.12410082196872       -0.05973416043809       -0.42171488903831
H           -3.59285131048096        0.58854500911679        1.47152387433310
H           -2.66215517347744       -0.90198601338007        1.64799912354244
H           -1.83822350838295        0.65961167493129        1.63096825368044
H           -2.50569612134763        1.01056533140815       -0.73377983568393
H           -3.37314730027964       -0.53237766134149       -0.72845391678438
H           -1.20330691505063       -0.83003648439461       -1.79883279579855
H           -1.16910634090746       -1.70131685749835       -0.25113930758353
H            1.91609388415084        0.92946924000171        1.07560721044941
H            2.46279048977181       -0.71375633554404        1.54034813745033
H            2.75316141541679        0.56815153464236       -1.22913108029108
H            4.06423506829187        0.34661722277058       -0.06308719912848
H            3.28704103736796       -1.06524538580169       -0.80035985815153
20
 energy: -27.122951838891 gnorm: 0.001869752812 xtb: 6.7.1 (edcfbbe)
C           -2.66876429287953        0.08752499010643        1.20623543427607
C           -2.52279709411125        0.00847166997264       -0.30793202174321
C           -1.23680694976609       -0.71762028239648       -0.71000732353647
C           -0.01787170291578        0.07808409660123       -0.31871660497008
O            0.13531381594189        1.26247670158210       -0.52869599072777
O            0.88089165604186       -0.68117580736324        0.29904529061156
C            2.11963984792123       -0.07929439166787        0.71338040880979
C            3.13211832075350       -0.06144347719487       -0.42026134994483
H           -3.59869647672988        0.58195134812307        1.47355420578206
H           -2.66729910607337       -0.90810755860610        1.64341620839595
H           -1.84487229525132        0.65371140572677        1.63705837579484
H           -2.50072626424821        1.01635661212584       -0.72704730616206
H           -3.37585867272855       -0.52205678617947       -0.73190404979108
H           -1.20862832978280       -0.83678163492694       -1.79483329709675
H           -1.17571916200582       -1.70036634311297       -0.24365773721550
H            1.91225536039640        0.93730834693261        1.06173244901646
H            2.46093034297448       -0.70178756872385        1.54144043848195
H            2.77461712892327        0.57038520330066       -1.23028340220967
H            4.07410782036520        0.33476713783743       -0.05509839105365
H            3.28862163905581       -1.06804071128097       -0.79843881213200
20
 energy: -27.122955279710 gnorm: 0.000626503352 xtb: 6.7.1 (edcfbbe)
C           -2.66944688583224        0.08707936638415        1.20677620013748
C           -2.52246329116737        0.00823057546535       -0.30785108306350
C           -1.23613055442372       -0.71769499389336       -0.71004736699055
C           -0.01796089265788        0.07895693044992       -0.31780750285186
O            0.13539221948181        1.26367171191972       -0.52840763154105
O            0.88088316347359       -0.68037846190977        0.29861840071384
C            2.11899968732936       -0.07896096258447        0.71317818883117
C            3.13224553806548       -0.06233851947718       -0.42060852266711
H           -3.59941434959116        0.58212397922719        1.47284851588926
H           -2.66896029217345       -0.90867172323631        1.64369660998472
H           -1.84552786797007        0.65283114596695        1.63804242356327
H           -2.49964291983934        1.01619349166583       -0.72641906665021
H           -3.37512239298379       -0.52212383281088       -0.73244955260785
H           -1.20804940212856       -0.83651735328401       -1.79492485042783
H           -1.17368467531781       -1.70005451695236       -0.24316509900869
H            1.91282754372701        0.93846899309183        1.05985825957802
H            2.45998662525307       -0.70030478566751        1.54185867026184
H            2.77461866412000        0.56951250209765       -1.23057621784130
H            4.07413489824888        0.33354115698676       -0.05513232888876
H            3.28777077026721       -1.06920175258346       -0.79850152183527
20
 energy: -27.122954840601 gnorm: 0.000992503701 xtb: 6.7.1 (edcfbbe)
C           -2.67006654618104        0.08667943377526        1.20728073971858
C           -2.52214036474398        0.00801023412019       -0.30778431405673
C           -1.23549734769568       -0.71778372165386       -0.71009001057992
C           -0.01808127024674        0.07977880385145       -0.31689386165373
O            0.13547898607649        1.26477966882930       -0.52815637473526
O            0.88085428547657       -0.67965035156491        0.29822438791886
C            2.11838213592620       -0.07868296486090        0.71298386939313
C            3.13234867628798       -0.06315041430982       -0.42093988674248
H           -3.60007617106049        0.58228295995169        1.47219136541180
H           -2.67046242793327       -0.90918135871543        1.64396085534845
H           -1.84612784946130        0.65204642806286        1.63894243591644
H           -2.49860696796381        1.01604198000710       -0.72584816232726
H           -3.37442174700086       -0.52218022366795       -0.73296727699085
H           -1.20748620122621       -0.83630749711021       -1.79501450484514
H           -1.17178028943376       -1.69976794818702       -0.24267494924916
H            1.91335200964008        0.93950771207051        1.05814525780912
H            2.45909545422850       -0.69898388251844        1.54221047702658
H            2.77458838043453        0.56874933853109       -1.23082756838504
H            4.07413477413662        0.33242188083797       -0.05514958913342
H            3.28696806662121       -1.07024712659288       -0.79860636525836
20
 energy: -27.122957143901 gnorm: 0.000363700073 xtb: 6.7.1 (edcfbbe)
C           -2.67100913737272        0.08609611893566        1.20738761669341
C           -2.52243561845759        0.00797993757824       -0.30749075984811
C           -1.23552651807613       -0.71732811613846       -0.70976340425510
C           -0.01730146505623        0.07958959867824       -0.31803389210512
O            0.13512599961816        1.26494920724770       -0.52758522217247
O            0.88154011615365       -0.67926090259433        0.29824255545853
C            2.11915310151181       -0.07742091168345        0.71289667178592
C            3.13308369469512       -0.06399423653704       -0.42089192541454
H           -3.60080697941301        0.58233676313996        1.47193837335924
H           -2.67261899421547       -0.90990018265026        1.64379934498197
H           -1.84696575712523        0.65065122028501        1.64000689301672
H           -2.49904633035962        1.01614655499619       -0.72524893882614
H           -3.37463278359646       -0.52211374164381       -0.73310545350152
H           -1.20787304825830       -0.83516538116410       -1.79474576463398
H           -1.17200409411267       -1.69976428712566       -0.24342146234535
H            1.91363708318478        0.94121870274311        1.05628331872800
H            2.45953425664294       -0.69641823561720        1.54333566468039
H            2.77619095329393        0.56721182722086       -1.23171323241902
H            4.07523647826511        0.33116035780042       -0.05552894483227
H            3.28717462855896       -1.07161134261507       -0.79737491376497
20
 energy: -27.122958633877 gnorm: 0.000226814662 xtb: 6.7.1 (edcfbbe)
C           -2.67299698425020        0.08474692401054        1.20743512308411
C           -2.52266118464946        0.00827386639860       -0.30714960961896
C           -1.23554082089793       -0.71678447829830       -0.70895900528025
C           -0.01743638166902        0.08036868281535       -0.31763322501341
O            0.13422379383526        1.26565490028833       -0.52735159003539
O            0.88233382485879       -0.67790397058687        0.29833836821851
C            2.12020704359189       -0.07510928575966        0.71196959526787
C            3.13472698860319       -0.06562025473850       -0.42106666514505
H           -3.60249406278845        0.58180434138850        1.47158358630743
H           -2.67644439562337       -0.91173613392476        1.64273464006047
H           -1.84883339465504        0.64772547285430        1.64190251116053
H           -2.49883435154013        1.01691617222473       -0.72385680413987
H           -3.37459174122272       -0.52123342193301       -0.73417782802906
H           -1.20773595094075       -0.83471671301174       -1.79396178668549
H           -1.17225598814267       -1.69937648521928       -0.24284963127128
H            1.91436249948429        0.94446067334310        1.05227064340585
H            2.45977597448058       -0.69183637952471        1.54457294490308
H            2.77996901801936        0.56494858327186       -1.23335544898198
H            4.07764317057065        0.32801233997371       -0.05581916954488
H            3.28703852881676       -1.07423188271619       -0.79564012407661
20
 energy: -27.122960342673 gnorm: 0.000259232320 xtb: 6.7.1 (edcfbbe)
C           -2.67518176630822        0.08296937399066        1.20750185752726
C           -2.52288624118738        0.00831293555751       -0.30690572425272
C           -1.23512255080945       -0.71586032399538       -0.70812008725381
C           -0.01755701935489        0.08206957504224       -0.31669106034783
O            0.13297740558128        1.26749628946399       -0.52626841736274
O            0.88306306500566       -0.67559516279187        0.29873224588603
C            2.12109750662244       -0.07229005840272        0.71112376965550
C            3.13620931793628       -0.06809646705978       -0.42142070615994
H           -3.60397535860633        0.58173291163246        1.47092634581733
H           -2.68154238506673       -0.91408129595799        1.64145960618907
H           -1.85045394699038        0.64352244698026        1.64402390779001
H           -2.49885577989195        1.01744988979545       -0.72243551378898
H           -3.37417877757320       -0.52093070561358       -0.73557192167342
H           -1.20684739611640       -0.83357205754320       -1.79317080672099
H           -1.17143530931008       -1.69858252807678       -0.24225935250513
H            1.91586411009266        0.94868270421121        1.04746792250099
H            2.45973721168824       -0.68615307355515        1.54625162998842
H            2.78321378423881        0.56084137712642       -1.23571674784661
H            4.07982379511595        0.32454279007664       -0.05693744368418
H            3.28650592081472       -1.07809567002438       -0.79300297917267
20
 energy: -27.122962307840 gnorm: 0.000150081538 xtb: 6.7.1 (edcfbbe)
C           -2.67779810126898        0.08059049696022        1.20751256384414
C           -2.52320682492951        0.00832309867774       -0.30679259088793
C           -1.23443286831627       -0.71445547326537       -0.70717395861164
C           -0.01787413606975        0.08483929970623       -0.31521114549534
O            0.13130217877731        1.27051261582299       -0.52454247063910
O            0.88371536997872       -0.67222877961168        0.29939826777665
C            2.12204894328145       -0.06872721144559        0.71013851558216
C            3.13778719617351       -0.07151815580095       -0.42193997692296
H           -3.60556417311901        0.58156935199442        1.47039373681655
H           -2.68775104289069       -0.91726992161258        1.63955292910217
H           -1.85211439989799        0.63791150940943        1.64636635379527
H           -2.49912031929110        1.01808008959777       -0.72083804055482
H           -3.37358846620553       -0.52074195252002       -0.73748644194070
H           -1.20518454059345       -0.83224223662645       -1.79221578570187
H           -1.16987904770805       -1.69707466677906       -0.24118695126375
H            1.91815308768166        0.95413762020478        1.04155104712063
H            2.45945156657542       -0.67905868513335        1.54835634505050
H            2.78649864693655        0.55460030676480       -1.23916059636470
H            4.08209232595230        0.32060393077693       -0.05871971400694
H            3.28592019081444       -1.08348828626429       -0.78901556211272
20
 energy: -27.122963841878 gnorm: 0.000098644394 xtb: 6.7.1 (edcfbbe)
C           -2.68047693406148        0.07794050946018        1.20747606192734
C           -2.52362338266288        0.00849529683331       -0.30679015537407
C           -1.23371676505787       -0.71278621465586       -0.70611899289697
C           -0.01822759439815        0.08798324843560       -0.31366093991036
O            0.12963447196578        1.27393645798829       -0.52255827622976
O            0.88429932604716       -0.66853959212677        0.30013430550183
C            2.12304907727894       -0.06493442767006        0.70909310344573
C            3.13941581289737       -0.07536548888445       -0.42246928880720
H           -3.60740324416697        0.58069893999747        1.46987586886610
H           -2.69368786605989       -0.92083236871019        1.63730910888048
H           -1.85407758443967        0.63222195296536        1.64882332434994
H           -2.49946895012928        1.01895889004496       -0.71911752917084
H           -3.37297730802179       -0.52035930070433       -0.73974008516280
H           -1.20343279426626       -0.83084758880571       -1.79110434126654
H           -1.16814489336559       -1.69514968218887       -0.23974612315886
H            1.92064370422010        0.95995070367299        1.03520649180464
H            2.45904414306083       -0.67150096138723        1.55058453027240
H            2.78952716443942        0.54698612749907       -1.24314959240218
H            4.08420074704178        0.31702740261543       -0.06090381064429
H            3.28587845555947       -1.08952095352323       -0.78415713543901
20
 energy: -27.122964758747 gnorm: 0.000098831867 xtb: 6.7.1 (edcfbbe)
C           -2.68290070370557        0.07577734699537        1.20748479443386
C           -2.52389022643935        0.00875089474903       -0.30668186695482
C           -1.23311731219928       -0.71131194713061       -0.70532877475620
C           -0.01842771423272        0.09053725146840       -0.31257157589742
O            0.12840434146167        1.27671921309431       -0.52095821001409
O            0.88482989526681       -0.66558459978390        0.30062897754159
C            2.12396549559485       -0.06188679929521        0.70818807237900
C            3.14080611256071       -0.07860605268655       -0.42287205418893
H           -3.60952380886764        0.57924983253987        1.46958752865174
H           -2.69793981733277       -0.92376554076979        1.63542165277363
H           -1.85633236543796        0.62815090767918        1.65084969833352
H           -2.49962460236456        1.01983969557475       -0.71745456950892
H           -3.37244290784734       -0.51979122620719       -0.74155146560760
H           -1.20202214621236       -0.82965414623574       -1.79025829306912
H           -1.16679483486648       -1.69345451230023       -0.23864813190237
H            1.92274082962030        0.96462794074200        1.02984762752574
H            2.45874130324567       -0.66529696753799        1.55241983152855
H            2.79172699426602        0.53999609474075       -1.24674334291074
H            4.08579152229194        0.31472590945001       -0.06285030885070
H            3.28646553107911       -1.09466034423048       -0.77952306492116
20
 energy: -27.122965378683 gnorm: 0.000080858248 xtb: 6.7.1 (edcfbbe)
C           -2.68477660197083        0.07398452934211        1.20748333659076
C           -2.52418351550188        0.00917152137837       -0.30662581356124
C           -1.23276017483237       -0.71008039054917       -0.70455632593291
C           -0.01858155383753        0.09248779918808       -0.31169298646236
O            0.12751770595966        1.27881476949632       -0.51976646194776
O            0.88530511217572       -0.66334176338170        0.30098206748811
C            2.12475609114496       -0.05948467164321        0.70739277974898
C            3.14204810245072       -0.08128901394735       -0.42315638074907
H           -3.61165723551856        0.57716675345906        1.46917386842695
H           -2.70052512649238       -0.92617342953066        1.63394775996939
H           -1.85869687027733        0.62561339431380        1.65268617907122
H           -2.49965030685890        1.02082133475439       -0.71602780764118
H           -3.37211019714657       -0.51897255415270       -0.74321315062117
H           -1.20117849278325       -0.82857956809859       -1.78944802738005
H           -1.16593021719459       -1.69211906547830       -0.23773761444560
H            1.92434129005816        0.96829857681460        1.02544505328528
H            2.45851879604776       -0.66032714030283        1.55384728067713
H            2.79337130915979        0.53380017296863       -1.24982461459612
H            4.08697851485082        0.31345308712302       -0.06453272112498
H            3.28766895644764       -1.09888139089793       -0.77538989620981
20
 energy: -27.122965847424 gnorm: 0.000062291619 xtb: 6.7.1 (edcfbbe)
C           -2.68658375648447        0.07259147572331        1.20760322804002
C           -2.52429662754394        0.00960589387564       -0.30637772935499
C           -1.23247197186037       -0.70903619455883       -0.70409148383733
C           -0.01862568853443        0.09396515498927       -0.31118880161743
O            0.12686053917070        1.28042429195502       -0.51892229654080
O            0.88574764121632       -0.66163540215940        0.30107241168172
C            2.12541291041515       -0.05759133550850        0.70665269441647
C            3.14320649362749       -0.08356471616952       -0.42332567274414
H           -3.61415834371288        0.57465644275416        1.46904610147070
H           -2.70185116441502       -0.92810332711367        1.63280527511604
H           -1.86136513092735        0.62433898483008        1.65421079262814
H           -2.49946873631751        1.02174293174974       -0.71452751047228
H           -3.37177664509182       -0.51803730853261       -0.74440571161045
H           -1.20055275900442       -0.82755919156898       -1.78898037291087
H           -1.16534361541415       -1.69104157790268       -0.23726324407868
H            1.92558226679775        0.97125941287435        1.02156557909152
H            2.45827563100810       -0.65619857445171        1.55505103087953
H            2.79469319821871        0.52812078385962       -1.25258992061365
H            4.08787234850592        0.31291630917258       -0.06589108195859
H            3.28929899622726       -1.10249110296191       -0.77145676299936
20
 energy: -27.122966128055 gnorm: 0.000040156944 xtb: 6.7.1 (edcfbbe)
C           -2.68769893626076        0.07151318234575        1.20772157404164
C           -2.52449222206260        0.01005552932051       -0.30621735575162
C           -1.23240820272219       -0.70823201798645       -0.70372708013162
C           -0.01870289420903        0.09499057010315       -0.31086056342945
O            0.12638353371512        1.28151932192188       -0.51849026167857
O            0.88607227159120       -0.66045671851881        0.30099777998549
C            2.12584010918883       -0.05622899469845        0.70604143899370
C            3.14417533198623       -0.08530243851901       -0.42336308917709
H           -3.61619445641104        0.57199777529643        1.46889565376422
H           -2.70187803031987       -0.92954995322269        1.63211555059351
H           -1.86362594366454        0.62409460878576        1.65543227641605
H           -2.49934657506270        1.02259173410409       -0.71337476374867
H           -3.37169100240910       -0.51714194624647       -0.74534210630701
H           -1.20041480054195       -0.82663808396021       -1.78862827934042
H           -1.16509738782345       -1.69030135878357       -0.23705088470161
H            1.92636784251551        0.97341371812856        1.01855460686843
H            2.45796452985979       -0.65311299138572        1.55594762090173
H            2.79575242710343        0.52359336002202       -1.25472719112401
H            4.08848107747185        0.31280590250750       -0.06673839512114
H            3.29096891393631       -1.10524824835835       -0.76820000646798
20
 energy: -27.122966197409 gnorm: 0.000092524593 xtb: 6.7.1 (edcfbbe)
C           -2.68881411603706        0.07043488896819        1.20783992004326
C           -2.52468781658126        0.01050516476539       -0.30605698214825
C           -1.23234443358400       -0.70742784141407       -0.70336267642592
C           -0.01878009988362        0.09601598521703       -0.31053232524147
O            0.12590652825954        1.28261435188875       -0.51805822681634
O            0.88639690196607       -0.65927803487821        0.30092314828926
C            2.12626730796251       -0.05486665388841        0.70543018357093
C            3.14514417034496       -0.08704016086850       -0.42340050561004
H           -3.61823056910920        0.56933910783870        1.46874520605775
H           -2.70190489622471       -0.93099657933170        1.63142582607098
H           -1.86588675640174        0.62385023274143        1.65665376020397
H           -2.49922441380789        1.02344053645845       -0.71222201702506
H           -3.37160535972638       -0.51624658396032       -0.74627850100357
H           -1.20027684207948       -0.82571697635143       -1.78827618576997
H           -1.16485116023276       -1.68956113966446       -0.23683852532455
H            1.92715341823328        0.97556802338278        1.01554363464535
H            2.45765342871149       -0.65002740831973        1.55684421092394
H            2.79681165598815        0.51906593618442       -1.25686446163437
H            4.08908980643779        0.31269549584242       -0.06758570828370
H            3.29263883164536       -1.10800539375480       -0.76494324993661
