----------------------------------------------- 
  Element       SASA      Sigma Z        Total  
     Z         Ang**2 cal/Ang**2/mol   kcal/mol 
----------------------------------------------- 
      H        141.697      48.690       6.899
      C         35.551     129.740       4.612
      O         30.037       0.000       0.000

 Subtotal:     207.284                  11.512
 -----------------------------------------------

  Elements    COT*SASA   Sigma Z,Z'     Total   
    Z,Z'       Ang**2  cal/Ang**2/mol kcal/mol  
 ---------------------------------------------- 
  H   C         95.261     -60.770      -5.789
  H   O          0.000       0.000       0.000
  C   C         26.745     -72.950      -1.951
  O   C         15.016      68.690       1.031
  O   O          0.000       0.000       0.000

 Subtotal:                              -6.709
 ---------------------------------------------- 

 NONAQUEOUS SOLVENT CONTRIBUTION (kcal/mol):
 (proportional to SASA, atomic number independent)
 ---------------------------------------------- 
 Subtotal:                               0.000
 ---------------------------------------------- 

 CDS TOTAL (kcal/mol):                   4.803
...............................................................................
