20
 energy: -386.241719073312 gnorm: 0.035107042225 xtb: 6.7.1 (edcfbbe)
C           -2.28570656161286       -1.47080240695175       -0.20523879799095
C           -2.47479618809665        0.03673342961628       -0.08671098983842
C           -1.34905254059780        0.68293156780262        0.72339108062055
C           -0.03372835871495        0.62206490767565       -0.01093445290485
O            0.11362645015035        0.83868575947164       -1.19542139072972
O            0.96569639722793        0.32480116624393        0.81204496865984
C            2.29619257341750        0.23807326020550        0.27490796172182
C            2.58639959674610       -1.16345036841556       -0.24000583680635
H           -1.35542221420062       -1.69542794115129       -0.72347827492059
H           -2.25238654469809       -1.93116800465575        0.77931861254534
H           -3.10435768487562       -1.91253755504750       -0.76689727233983
H           -3.42750854281882        0.24996338571077        0.39852650277660
H           -2.48727753610218        0.48278021491393       -1.08291209067987
H           -1.22763921394400        0.19975676478852        1.69232122984991
H           -1.57351019459726        1.73956353827085        0.88403652859174
H            2.39657313346198        0.97312524543122       -0.52953708653465
H            2.94831616550648        0.49713353082029        1.10954769969167
H            2.42443549387433       -1.89265891403869        0.54903075384329
H            1.93182060845604       -1.39566141211845       -1.07721316877734
H            3.61727043660291       -1.21832996233987       -0.57407129385439
20
 energy: -386.242947171651 gnorm: 0.013561354058 xtb: 6.7.1 (edcfbbe)
C           -2.28809505158999       -1.47460391087396       -0.21024412657507
C           -2.47764053162622        0.03519395148760       -0.08692603458783
C           -1.35427862600827        0.68784480097535        0.72162592878024
C           -0.03552059089203        0.62325366095068       -0.00444137920910
O            0.10990084253612        0.83127115665462       -1.19812488106036
O            0.97274016250369        0.32502873663313        0.82427407363898
C            2.30942125866719        0.24154071917782        0.27167383857653
C            2.58140965493042       -1.16059519828114       -0.24110786536117
H           -1.35277435605961       -1.71004632218194       -0.72769292931358
H           -2.25457511402663       -1.94189269121937        0.77782959133746
H           -3.10686872367054       -1.92765132123189       -0.77400940193640
H           -3.43041239850997        0.25566728520831        0.40198882562985
H           -2.50743645814653        0.49047362542368       -1.08170463000066
H           -1.24714422469868        0.21450054286847        1.70025680616389
H           -1.56879169505490        1.75075356912405        0.88179879253575
H            2.42126996039574        0.98707146639227       -0.52005294102176
H            2.96571383994034        0.49556215809825        1.10530668835172
H            2.42721112303466       -1.89704872655566        0.55082744379777
H            1.92662347304708       -1.40042955929143       -1.08228340339021
H            3.61819246631968       -1.22031843041924       -0.57828891165261
20
 energy: -386.243230672999 gnorm: 0.005220995091 xtb: 6.7.1 (edcfbbe)
C           -2.28994286741824       -1.47451269259750       -0.21305528868791
C           -2.48199229295667        0.03480846498773       -0.08805496365251
C           -1.35792848497915        0.68991554457402        0.71752150044514
C           -0.03539574307645        0.61757300780884        0.00205210999661
O            0.11358778987099        0.81847168112504       -1.19439687903596
O            0.97775849460783        0.32953458683356        0.83949094664719
C            2.31903627952917        0.24076810848131        0.27196295459005
C            2.58226072259842       -1.15697262061609       -0.24437212077528
H           -1.35223263814637       -1.71453429790211       -0.72981257859326
H           -2.25682386712598       -1.94765252405820        0.77540087980091
H           -3.10761235894116       -1.93311385717837       -0.77887008550579
H           -3.43358788967034        0.25395975270546        0.40772686504982
H           -2.52822954849529        0.49498807502885       -1.08175611056835
H           -1.26300184535309        0.23020247192864        1.70591743769238
H           -1.56653737421830        1.75734379991112        0.87058949534247
H            2.43078112746718        0.99447511101882       -0.51136022077570
H            2.97965628302076        0.49084879895094        1.10439850518836
H            2.43537560371208       -1.89622967818950        0.54950363079936
H            1.92379518847594       -1.40091706521328       -1.08381314533064
H            3.61997865614310       -1.22338226760019       -0.58836646109048
20
 energy: -386.243290151281 gnorm: 0.003043081545 xtb: 6.7.1 (edcfbbe)
C           -2.29040310455175       -1.47455273545195       -0.21485491760963
C           -2.48289630167774        0.03369646341278       -0.08729031315597
C           -1.35802616562967        0.69110841006905        0.71512060214761
C           -0.03405159986264        0.61313986450445        0.00439944742954
O            0.11743214707532        0.80379691374082       -1.19281027977993
O            0.97988808825847        0.33321241772498        0.84710776797507
C            2.32338669017755        0.24062975859528        0.27397309476722
C            2.58101146802570       -1.15473699100007       -0.24631180279042
H           -1.35235744189677       -1.71375659896830       -0.73115467705412
H           -2.25809035824093       -1.94927487302248        0.77282712542586
H           -3.10733922810095       -1.93282909578380       -0.78192412184511
H           -3.43265901285911        0.24984540798677        0.41385572214413
H           -2.53667644072632        0.49492397303722       -1.08007231106775
H           -1.26860290851426        0.24050027812021        1.70828097579129
H           -1.56444876771711        1.76049924686663        0.85936844265159
H            2.43243044518454        0.99896904806638       -0.50510635410520
H            2.98477958991041        0.48629243380568        1.10729884824310
H            2.43856966409768       -1.89592138114970        0.54648171734201
H            1.91975056285368       -1.39786003251326       -1.08345643761548
H            3.61724791942394       -1.22210895229543       -0.59502464102238
20
 energy: -386.243328455317 gnorm: 0.002177667316 xtb: 6.7.1 (edcfbbe)
C           -2.28957583825241       -1.47450305895812       -0.21635471478383
C           -2.48359866768620        0.03270595178800       -0.08574388378280
C           -1.35734899601225        0.69269706122895        0.71253973044638
C           -0.03259900920521        0.60490485084913        0.00542759416839
O            0.12186732927179        0.78120735349454       -1.19275764847795
O            0.98083829291262        0.33751744516735        0.85440570538457
C            2.32645179121982        0.24087639974047        0.27828715537654
C            2.57871026390252       -1.15175917095480       -0.24880398893694
H           -1.35179791865349       -1.71151456022254       -0.73270236663799
H           -2.25822769128871       -1.95116716233201        0.76972732210748
H           -3.10592526061506       -1.93051722812665       -0.78498074568933
H           -3.43052634409681        0.24501880426330        0.42209448338716
H           -2.54437634985270        0.49477838421954       -1.07723205998864
H           -1.27209236947727        0.25286925670321        1.71038215304847
H           -1.56121693670557        1.76411651047887        0.84424435131211
H            2.43412931271392        1.00376091043501       -0.49639146624457
H            2.98772515695415        0.47989589494459        1.11347492201788
H            2.44088977075711       -1.89559384513440        0.54154221072119
H            1.91320999249865       -1.39119430570465       -1.08280500086410
H            3.61240874608436       -1.21852710847559       -0.60364354729586
20
 energy: -386.243343227598 gnorm: 0.002031220834 xtb: 6.7.1 (edcfbbe)
C           -2.28838014010734       -1.47476103416818       -0.21682485091083
C           -2.48387899206011        0.03217782615401       -0.08433110928538
C           -1.35655599259284        0.69420901863536        0.71086761885451
C           -0.03149711966532        0.60082584951345        0.00505966859140
O            0.12415079326385        0.76529225953220       -1.19429718986462
O            0.98075104674606        0.34068384544252        0.85721022680315
C            2.32698204772444        0.24118515086562        0.28207638918619
C            2.57648695687169       -1.15004982906092       -0.25049406286555
H           -1.35083034641518       -1.70980993923052       -0.73371878035629
H           -2.25691423809906       -1.95263376391443        0.76827827018004
H           -3.10448590725195       -1.92964402440576       -0.78618930543252
H           -3.42918371859698        0.24212549863152        0.42702472633631
H           -2.54801395117314        0.49458567542451       -1.07511457255969
H           -1.27214123962086        0.26049024604750        1.71101796395090
H           -1.55883819125647        1.76657017085963        0.83491005046558
H            2.43668566230540        1.00673846189316       -0.48964908173093
H            2.98736310788628        0.47490927923998        1.11925186611239
H            2.44090615095978       -1.89618105845932        0.53766629374217
H            1.90782186985985       -1.38555211926101       -1.08267979237765
H            3.60851742511751       -1.21558983713545       -0.60935206065222
20
 energy: -386.243351599078 gnorm: 0.001294240993 xtb: 6.7.1 (edcfbbe)
C           -2.28697037039536       -1.47494704162874       -0.21680090023373
C           -2.48409080442912        0.03204584232691       -0.08323139964381
C           -1.35584015816069        0.69574328186297        0.70937115762230
C           -0.03085394322739        0.59606287705194        0.00400141551023
O            0.12544401315830        0.75177629022130       -1.19637125463271
O            0.98034991299507        0.34334831425422        0.85821339829582
C            2.32650439808201        0.24176050002358        0.28591251046783
C            2.57413194475130       -1.14847025993163       -0.25196788233893
H           -1.34969398265897       -1.70840030982700       -0.73473141959538
H           -2.25447526136103       -1.95371579681108        0.76772932690774
H           -3.10307651314369       -1.92973578906164       -0.78618711419456
H           -3.42824997088232        0.24049086895205        0.43049819857489
H           -2.55077060181545        0.49442266037852       -1.07374588510764
H           -1.27139861168642        0.26654501678106        1.71119065879642
H           -1.55630362688220        1.76884824981969        0.82794368998686
H            2.44064699284816        1.00953615848130       -0.48304159858030
H            2.98587665489798        0.47021125361646        1.12518758781475
H            2.44011023827912       -1.89717350624772        0.53390423533306
H            1.90271687032367       -1.38014684345427       -1.08288479451029
H            3.60488803274507       -1.21263072189111       -0.61427557613975
20
 energy: -386.243354164634 gnorm: 0.000618725734 xtb: 6.7.1 (edcfbbe)
C           -2.28601005105468       -1.47518570709605       -0.21618430091555
C           -2.48414488640609        0.03196727310854       -0.08327772066915
C           -1.35570063440963        0.69629949882637        0.70834811341693
C           -0.03039713314129        0.59641575771363        0.00340129066967
O            0.12555894238612        0.74860174442505       -1.19768586537490
O            0.98028500525989        0.34534370160145        0.85754917599396
C            2.32557710103500        0.24181731236739        0.28775257109523
C            2.57253220794990       -1.14803438972036       -0.25276757718757
H           -1.34899380036644       -1.70826023358718       -0.73521314857844
H           -2.25172634815547       -1.95361206755691        0.76868962793898
H           -3.10243489424322       -1.93133050420471       -0.78439955696891
H           -3.42835471595066        0.24036295284172        0.43048018655366
H           -2.55153352523622        0.49389259106286       -1.07409747139320
H           -1.27087569821501        0.26784755596089        1.71058558795578
H           -1.55562291899401        1.76947883389235        0.82658733061735
H            2.44430522477991        1.01073181516055       -0.47953205927765
H            2.98455342001169        0.46710164300164        1.12823825660658
H            2.43864622351574       -1.89815107220280        0.53197843637381
H            1.90022192506181       -1.37797272659711       -1.08356580277216
H            3.60305970957232       -1.21174304558032       -0.61617132036199
20
 energy: -386.243354164634 gnorm: 0.000618725734 xtb: 6.7.1 (edcfbbe)
C           -2.28601005105468       -1.47518570709605       -0.21618430091555
C           -2.48414488640609        0.03196727310854       -0.08327772066915
C           -1.35570063440963        0.69629949882637        0.70834811341693
C           -0.03039713314129        0.59641575771363        0.00340129066967
O            0.12555894238612        0.74860174442505       -1.19768586537490
O            0.98028500525989        0.34534370160145        0.85754917599396
C            2.32557710103500        0.24181731236739        0.28775257109523
C            2.57253220794990       -1.14803438972036       -0.25276757718757
H           -1.34899380036644       -1.70826023358718       -0.73521314857844
H           -2.25172634815547       -1.95361206755691        0.76868962793898
H           -3.10243489424322       -1.93133050420471       -0.78439955696891
H           -3.42835471595066        0.24036295284172        0.43048018655366
H           -2.55153352523622        0.49389259106286       -1.07409747139320
H           -1.27087569821501        0.26784755596089        1.71058558795578
H           -1.55562291899401        1.76947883389235        0.82658733061735
H            2.44430522477991        1.01073181516055       -0.47953205927765
H            2.98455342001169        0.46710164300164        1.12823825660658
H            2.43864622351574       -1.89815107220280        0.53197843637381
H            1.90022192506181       -1.37797272659711       -1.08356580277216
H            3.60305970957232       -1.21174304558032       -0.61617132036199
